7258.95, 10153
7316.21, 10149
7388.77, 10011
7451.63, 10008
7512.94, 10007
7562.29, 9871
7624.98, 9870
7669.82, 9869
7712.19, 9868
7771.61, 9867
7828.59, 9866
7873.37, 9733
7914.19, 9731
7976.35, 9730
8030.16, 9729
8079.99, 9728
8148.04, 9727
8219.94, 9726
8277.67, 9597
8329.79, 9594
8392.71, 9593
8466.19, 9592
8553.22, 9591
8624.32, 9590
8689.3, 9589
8749.28, 9588
8839.49, 9587
8885.52, 9463
8948.07, 9459
8995.45, 9457
9045.34, 9456
9094.61, 9455
9152.02, 9454
9217.47, 9453
9281.57, 9452
9339.67, 9451
9400.17, 9450
9476.71, 9449
9520.1, 9331
9556.97, 9326
9592.28, 9323
9642.02, 9322
9702.27, 9320
9773.3, 9319
9839.43, 9318
9909.55, 9317
9991.18, 9316
10068.99, 9315
10145.98, 9314
10223.45, 9313
10306.3, 9312
10366.06, 9201
10413.86, 9195
10462.47, 9191
10507.17, 9190
10547.5, 9189
10580.95, 9187
10639.93, 9186
10705.79, 9185
10761.25, 9184
10836.72, 9183
10901.3, 9182
10962.17, 9181
11046.65, 9180
11127.03, 9179
11192.04, 9178
11267.12, 9177
11357.07, 9176
11409.71, 9073
11449.49, 9066
11495.6, 9061
11556.1, 9060
11597.06, 9058
11640.73, 9056
11703.63, 9055
11775.86, 9054
11836.25, 9053
11902.73, 9052
11969.28, 9051
12023.77, 9050
12080.06, 9049
12151.33, 9048
12215.13, 9047
12300.58, 9046
12405.4, 9045
12480.57, 9044
12560.29, 9043
12650.55, 9042
12694.15, 8947
12731.83, 8939
12785.14, 8933
12828.33, 8932
12874.15, 8929
12905.45, 8927
12954.45, 8926
13027.19, 8924
13050.76, 8923
13099.67, 8922
13170.3, 8921
13240.34, 8920
13306.44, 8919
13363.77, 8918
13424.46, 8917
13488.15, 8916
13568.07, 8915
13646.64, 8914
13718.32, 8913
13809.29, 8912
13905.14, 8911
14001.34, 8910
14081.6, 8909
14172.98, 8908
14269.46, 8907
14327.08, 8823
14368.17, 8814
14418.51, 8807
14485.24, 8806
14535.34, 8802
14579.03, 8800
14634.29, 8799
14689.29, 8796
14733.54, 8795
14792.82, 8794
14860.09, 8793
14938.9, 8792
14995.58, 8791
15045.03, 8790
15097.41, 8789
15167.5, 8788
15225.65, 8787
15281.03, 8786
15337.91, 8785
15414.0, 8784
15473.79, 8783
15530.43, 8782
15623.89, 8781
15706.28, 8780
15787.27, 8779
15907.09, 8778
15990.56, 8777
16085.98, 8776
16177.62, 8775
16279.8, 8774
16331.58, 8701
16365.15, 8691
16418.4, 8683
16468.07, 8682
16517.65, 8677
16553.24, 8675
16613.42, 8674
16661.53, 8673
16698.55, 8670
16743.74, 8669
16807.91, 8668
16861.3, 8667
16916.99, 8666
16960.3, 8665
17011.53, 8664
17057.95, 8663
17108.27, 8662
17165.45, 8661
17220.54, 8660
17275.52, 8659
17335.58, 8658
17391.55, 8657
17478.44, 8656
17541.2, 8655
17595.47, 8654
17678.99, 8653
17760.51, 8652
17843.53, 8651
17920.63, 8650
17991.36, 8649
18076.27, 8648
18185.72, 8647
18264.3, 8646
18365.59, 8645
18489.79, 8644
18591.09, 8643
18694.93, 8642
18742.26, 8581
18798.35, 8570
18843.46, 8561
18921.07, 8560
18964.71, 8554
19002.35, 8552
19054.62, 8551
19097.4, 8549
19131.82, 8546
19178.68, 8545
19221.43, 8544
19290.48, 8543
19354.15, 8542
19403.17, 8540
19453.76, 8539
19512.48, 8538
19708.17, 8537
19827.77, 8536
19871.6, 8534
19937.66, 8533
19965.19, 8532
20026.39, 8531
20099.22, 8530
20189.34, 8529
20254.41, 8528
20323.78, 8527
20408.27, 8526
20496.2, 8525
20563.72, 8524
20630.85, 8523
20710.96, 8522
20793.57, 8521
20935.08, 8520
21031.78, 8519
21124.07, 8518
21235.78, 8517
21336.65, 8516
21490.24, 8515
21615.25, 8514
21727.9, 8513
21865.43, 8512
21918.7, 8463
21965.45, 8451
22017.44, 8441
22089.33, 8440
22113.62, 8433
22157.76, 8431
22215.06, 8430
22277.4, 8427
22335.83, 8424
22409.65, 8423
22464.15, 8422
22537.91, 8421
22606.66, 8420
22663.84, 8419
22714.84, 8417
22764.68, 8416
22812.6, 8415
22860.76, 8414
22932.82, 8413
23010.07, 8412
23049.03, 8410
23102.04, 8409
23164.72, 8408
23229.28, 8407
23312.79, 8406
23390.41, 8405
23451.4, 8404
23521.09, 8403
23592.62, 8402
23682.03, 8401
23748.28, 8400
23829.66, 8399
23918.88, 8398
24001.4, 8397
24093.58, 8396
24182.32, 8395
24298.97, 8394
24393.94, 8393
24468.84, 8392
24583.56, 8391
24672.15, 8390
24784.35, 8389
24921.15, 8388
25049.6, 8387
25161.0, 8386
25288.73, 8385
25398.34, 8384
25523.12, 8383
25649.52, 8382
25705.85, 8347
25741.5, 8334
25788.33, 8323
25835.84, 8322
25891.59, 8314
25926.9, 8312
26033.16, 8311
26107.4, 8307
26165.16, 8304
26225.18, 8303
26311.52, 8302
26374.24, 8301
26470.38, 8300
26547.73, 8298
26606.33, 8296
26689.39, 8295
26749.26, 8294
26803.17, 8293
26896.87, 8292
26955.57, 8291
27014.24, 8290
27079.85, 8288
27141.98, 8287
27206.13, 8286
27284.93, 8285
27360.71, 8284
27469.48, 8283
27568.26, 8282
27643.01, 8281
27746.15, 8280
27815.18, 8279
27890.45, 8278
27983.83, 8277
28070.11, 8276
28144.8, 8275
28216.05, 8274
28316.52, 8273
28429.87, 8272
28523.11, 8271
28603.95, 8270
28686.24, 8269
28757.22, 8268
28877.0, 8267
28991.24, 8266
29107.19, 8265
29175.12, 8264
29277.23, 8263
29403.97, 8262
29480.05, 8261
29611.07, 8260
29756.47, 8259
29886.51, 8258
30025.21, 8257
30193.28, 8256
30317.37, 8255
30440.22, 8254
30628.74, 8253
30702.75, 8233
30753.92, 8219
30797.65, 8207
30853.94, 8206
30916.15, 8205
30995.33, 8197
31037.79, 8195
31136.38, 8194
31259.78, 8189
31327.15, 8186
31378.69, 8185
31419.94, 8184
31488.09, 8183
31613.83, 8182
31665.7, 8179
31702.49, 8177
31746.88, 8176
31822.32, 8175
31896.28, 8174
31989.27, 8173
32034.9, 8171
32082.7, 8170
32130.2, 8168
32195.86, 8167
32252.45, 8166
32317.85, 8165
32403.7, 8164
32466.01, 8163
32548.47, 8162
32613.66, 8161
32673.27, 8160
32737.76, 8159
32810.7, 8158
32886.86, 8157
32980.09, 8156
33074.38, 8155
33148.42, 8154
33210.8, 8153
33287.75, 8152
33366.54, 8151
33451.36, 8150
33541.35, 8149
33632.4, 8148
33691.52, 8147
33760.26, 8146
33842.41, 8145
33910.68, 8144
34001.17, 8143
34089.05, 8142
34160.92, 8141
34239.28, 8140
34316.76, 8139
34409.46, 8138
34504.85, 8137
34580.95, 8136
34668.4, 8135
34763.9, 8134
34920.59, 8133
35039.95, 8132
35163.28, 8131
35256.64, 8130
35369.19, 8129
35549.14, 8128
35690.55, 8127
35858.44, 8126
36005.83, 8125
36063.5, 8121
36104.55, 8106
36156.81, 8093
36211.89, 8092
36254.0, 8091
36289.46, 8082
36323.09, 8080
36397.38, 8079
36452.86, 8073
36499.29, 8070
36554.64, 8069
36618.35, 8068
36669.3, 8067
36726.27, 8066
36770.22, 8062
36819.84, 8060
36848.79, 8059
36908.43, 8058
36969.0, 8057
37057.29, 8056
37102.36, 8053
37161.58, 8052
37213.32, 8050
37277.68, 8049
37326.17, 8048
37398.04, 8047
37463.34, 8046
37564.68, 8045
37632.37, 8044
37708.24, 8043
37763.33, 8042
37838.73, 8041
37932.32, 8040
37989.2, 8039
38051.61, 8038
38177.56, 8037
38279.42, 8036
38387.46, 8035
38459.68, 8034
38565.44, 8033
38782.68, 8032
38854.99, 8031
38963.67, 8030
39108.33, 8029
39209.43, 8028
39304.61, 8027
39359.59, 8026
39444.27, 8025
39526.4, 8024
39657.14, 8023
39781.64, 8022
39902.41, 8021
40009.4, 8020
40092.7, 8019
40192.72, 8018
40313.21, 8017
40436.29, 8016
40579.79, 8015
40694.78, 8014
40810.96, 8013
40933.52, 8012
41082.35, 8011
41203.54, 8010
41353.24, 8009
41460.74, 8008
41632.71, 8007
41787.28, 8006
41896.49, 8005
42063.49, 8004
42232.45, 8003
42430.65, 8002
42618.77, 8001
42815.23, 8000
43010.14, 7999
43205.24, 7998
43372.3, 7997
43482.68, 7995
43523.89, 7981
43580.46, 7980
43641.5, 7979
43708.04, 7969
43748.54, 7967
43819.75, 7966
43890.73, 7959
43946.11, 7956
44018.13, 7955
44094.33, 7954
44183.32, 7953
44258.73, 7952
44314.7, 7951
44347.53, 7947
44411.62, 7945
44468.12, 7944
44520.53, 7943
44666.92, 7942
44754.9, 7941
44826.81, 7940
44877.7, 7937
44920.57, 7936
44980.75, 7934
45069.16, 7933
45137.43, 7932
45219.96, 7931
45320.14, 7930
45436.74, 7929
45525.86, 7928
45651.38, 7927
45722.56, 7926
45776.38, 7925
45876.73, 7924
45924.79, 7923
45980.94, 7922
46115.68, 7921
46216.65, 7920
46290.33, 7919
46345.81, 7918
46416.87, 7917
46470.29, 7916
46525.38, 7915
46595.73, 7914
46675.1, 7913
46787.2, 7912
46891.36, 7911
46991.48, 7910
47049.38, 7909
47111.89, 7908
47175.13, 7907
47253.78, 7906
47328.96, 7905
47417.34, 7904
47508.32, 7903
47598.22, 7902
47673.91, 7901
47808.89, 7900
47949.68, 7899
48090.9, 7898
48205.03, 7897
48419.31, 7896
48536.07, 7895
48634.22, 7894
48799.47, 7893
48908.35, 7892
49036.62, 7891
49230.39, 7890
49557.68, 7889
49699.51, 7888
49924.61, 7887
50069.3, 7886
50228.18, 7885
50372.8, 7884
50505.15, 7883
50704.54, 7882
51770.69, 7881
51776.35, 7880
51780.01, 7879
51785.71, 7878
52072.74, 7877
52293.65, 7876
52491.03, 7875
52707.3, 7874
52881.54, 7873
53165.39, 7872
53386.81, 7871
53527.1, 7870
53646.94, 7869
54079.02, 7858
54146.33, 7856
54213.98, 7855
54324.02, 7847
54396.69, 7844
54446.86, 7843
54521.17, 7842
54606.57, 7841
54690.78, 7840
54773.83, 7838
54822.13, 7834
54879.62, 7832
54927.37, 7831
54984.38, 7830
55060.77, 7829
55176.2, 7828
55239.63, 7826
55290.66, 7823
55353.96, 7822
55473.38, 7820
55547.29, 7819
55629.16, 7818
55718.8, 7817
55859.67, 7816
55977.83, 7815
56104.28, 7814
56171.35, 7812
56240.12, 7811
56301.83, 7810
56381.96, 7809
56477.56, 7808
56567.39, 7807
56660.58, 7806
56760.88, 7805
56861.77, 7804
56933.97, 7803
56994.66, 7802
57122.81, 7801
57235.8, 7800
57306.13, 7799
57398.05, 7798
57542.93, 7797
57633.4, 7796
57782.88, 7795
57938.93, 7794
58007.85, 7793
58094.94, 7792
58187.71, 7791
58260.13, 7790
58366.69, 7789
58484.31, 7788
58585.51, 7787
58779.69, 7786
58861.86, 7785
58950.16, 7784
59034.63, 7783
59115.77, 7782
59250.9, 7781
59347.53, 7780
59480.2, 7779
59644.47, 7778
59765.43, 7777
59906.39, 7776
59995.41, 7775
60102.99, 7774
60261.48, 7773
60396.93, 7772
60560.41, 7771
60710.82, 7770
60814.97, 7769
60928.1, 7768
61047.8, 7767
