8017.85, 9591
8067.26, 9587
8097.42, 9453
8171.7, 9450
8243.6, 9449
8341.95, 9317
8344.2, 9316
8434.29, 9315
8475.96, 9314
8588.3, 9313
8641.96, 9312
8726.25, 9183
8817.91, 9181
8879.76, 9180
8914.59, 9179
8941.3, 9178
9041.67, 9177
9103.99, 9176
9167.9, 9051
9252.67, 9048
9254.71, 9047
9322.21, 9046
9424.33, 9045
9475.94, 9044
9547.93, 9043
9638.62, 9042
9681.84, 9041
9829.37, 8921
9829.44, 8917
9848.97, 8915
9878.87, 8914
9953.33, 8913
10009.41, 8912
10124.72, 8911
10158.43, 8910
10223.08, 8909
10299.67, 8908
10349.47, 8907
10440.42, 8793
10440.47, 8788
10502.14, 8785
10643.9, 8784
10645.59, 8782
10756.38, 8781
10756.4, 8780
10880.37, 8779
10979.74, 8778
11048.14, 8777
11115.83, 8776
11202.18, 8775
11282.52, 8774
11368.41, 8667
11416.28, 8661
11485.54, 8657
11528.79, 8656
11573.23, 8655
11647.05, 8653
11707.47, 8652
11776.28, 8651
11843.91, 8650
11895.47, 8649
11981.73, 8648
12033.6, 8647
12110.78, 8646
12214.33, 8645
12299.64, 8644
12367.2, 8643
12466.98, 8642
12531.26, 8543
12563.56, 8536
12603.45, 8531
12678.51, 8530
12733.92, 8528
12781.43, 8526
12856.85, 8525
12902.59, 8524
12956.04, 8523
13014.57, 8522
13123.2, 8521
13215.98, 8520
13267.31, 8519
13318.72, 8518
13410.49, 8517
13513.06, 8516
13603.17, 8515
13659.47, 8514
13727.44, 8513
13802.06, 8512
13874.02, 8511
13928.13, 8421
13968.97, 8413
14033.4, 8407
14102.88, 8406
14129.47, 8403
14166.92, 8401
14230.19, 8400
14282.72, 8398
14317.78, 8397
14357.69, 8396
14461.89, 8395
14526.57, 8394
14547.81, 8393
14608.51, 8392
14672.63, 8391
14763.48, 8390
14815.45, 8389
14886.8, 8388
14937.14, 8387
15060.39, 8386
15136.51, 8385
15240.53, 8384
15343.34, 8383
15430.3, 8382
15539.56, 8381
15615.93, 8301
15658.01, 8292
15692.62, 8285
15749.68, 8284
15814.6, 8280
15854.96, 8278
15920.76, 8277
15979.05, 8274
16024.89, 8273
16078.76, 8272
16176.13, 8271
16206.59, 8270
16287.18, 8269
16343.06, 8268
16434.09, 8267
16462.64, 8266
16543.96, 8265
16618.24, 8264
16721.68, 8263
16797.1, 8262
16892.2, 8261
16947.66, 8260
17044.77, 8259
17102.79, 8258
17178.68, 8257
17283.36, 8256
17383.94, 8255
17489.8, 8254
17606.45, 8253
17645.88, 8183
17678.99, 8173
17746.82, 8165
17810.48, 8164
17847.91, 8159
17879.04, 8157
17936.91, 8156
17986.07, 8155
18015.84, 8152
18053.63, 8151
18125.37, 8150
18199.3, 8149
18265.63, 8148
18337.91, 8147
18412.99, 8146
18466.31, 8145
18532.1, 8144
18622.8, 8143
18666.45, 8142
18733.25, 8141
18779.75, 8140
18853.16, 8139
18968.27, 8138
19051.21, 8137
19131.92, 8136
19225.11, 8135
19295.39, 8134
19390.01, 8133
19491.36, 8132
19546.46, 8131
19674.86, 8130
19785.68, 8129
19894.57, 8128
19992.46, 8127
20141.66, 8126
20198.2, 8125
20349.81, 8124
20391.0, 8067
20440.92, 8056
20493.58, 8047
20558.45, 8046
20595.23, 8040
20646.13, 8038
20710.76, 8037
20743.83, 8035
20779.78, 8032
20829.98, 8031
20892.55, 8030
21012.91, 8029
21056.51, 8028
21120.12, 8026
21192.98, 8025
21241.45, 8024
21310.12, 8023
21392.13, 8022
21452.68, 8020
21506.43, 8019
21574.55, 8018
21658.67, 8017
21787.43, 8016
21859.27, 8015
21923.17, 8014
21976.49, 8013
22061.34, 8012
22158.31, 8011
22226.01, 8010
22275.64, 8009
22409.77, 8008
22485.79, 8007
22549.76, 8006
22626.14, 8005
22700.16, 8004
22798.81, 8003
22886.81, 8002
22970.72, 8001
23077.12, 8000
23166.34, 7999
23248.57, 7998
23309.09, 7953
23357.51, 7941
23378.63, 7931
23464.89, 7930
23498.74, 7923
23531.74, 7921
23604.96, 7920
23662.41, 7917
23697.53, 7914
23737.27, 7913
23794.39, 7912
23864.0, 7911
23929.25, 7910
23979.13, 7909
24019.29, 7907
24082.39, 7906
24136.53, 7905
24191.69, 7904
24265.39, 7903
24305.0, 7902
24344.95, 7900
24411.9, 7899
24478.14, 7898
24536.75, 7897
24618.57, 7896
24683.62, 7895
24740.38, 7894
24814.96, 7893
24889.68, 7892
24952.24, 7891
25041.0, 7890
25110.71, 7889
25178.33, 7888
25233.02, 7887
25308.88, 7886
25396.45, 7885
25468.25, 7884
25545.26, 7883
25645.32, 7882
25730.75, 7881
25806.74, 7880
25940.32, 7879
26023.34, 7878
26127.21, 7877
26241.89, 7876
26361.12, 7875
26466.6, 7874
26567.87, 7873
26681.47, 7872
26798.11, 7871
26845.51, 7841
26882.76, 7828
26932.62, 7817
26984.23, 7816
27039.91, 7808
27081.4, 7806
27136.2, 7805
27181.22, 7801
27218.32, 7798
27266.11, 7797
27331.22, 7796
27382.97, 7795
27443.13, 7794
27479.68, 7792
27518.54, 7790
27546.91, 7789
27630.63, 7788
27686.76, 7787
27761.12, 7786
27810.27, 7785
27867.66, 7784
27952.91, 7782
28007.8, 7781
28045.99, 7780
28096.4, 7779
28225.9, 7778
28288.23, 7777
28326.21, 7776
28418.49, 7775
28476.31, 7774
28527.49, 7773
28607.11, 7772
28680.93, 7771
28781.98, 7770
28841.41, 7769
28912.58, 7768
28996.54, 7767
29102.72, 7766
29157.81, 7765
29238.47, 7764
29315.21, 7763
29395.69, 7762
29497.72, 7761
29591.17, 7760
29656.27, 7759
29794.12, 7758
29848.75, 7757
29965.03, 7756
30035.52, 7755
30132.26, 7754
30224.19, 7753
30342.54, 7752
30436.87, 7751
30576.68, 7750
30683.72, 7749
30815.35, 7748
30930.67, 7747
31046.33, 7746
31150.93, 7731
31156.07, 7717
31201.57, 7705
31245.82, 7704
31299.35, 7695
31397.47, 7693
31439.82, 7692
31500.28, 7687
31528.61, 7684
31583.66, 7683
31611.9, 7682
31701.74, 7681
31801.58, 7680
31809.62, 7677
31841.58, 7675
31901.76, 7674
31950.24, 7673
32060.03, 7672
32073.68, 7671
32134.06, 7669
32169.03, 7668
32242.9, 7666
32285.57, 7665
32345.1, 7664
32380.95, 7663
32453.48, 7662
32528.83, 7661
32573.84, 7660
32620.15, 7659
32666.43, 7658
32712.81, 7657
32775.73, 7656
32866.71, 7655
32926.62, 7654
32993.92, 7653
33073.67, 7652
33107.66, 7651
33169.6, 7650
33241.5, 7649
33310.32, 7648
33382.63, 7647
33464.42, 7646
33528.76, 7645
33597.32, 7644
33680.34, 7643
33784.43, 7642
33841.32, 7641
33931.1, 7640
34047.34, 7639
34112.77, 7638
34214.11, 7637
34298.93, 7636
34413.62, 7635
34489.25, 7634
34576.03, 7633
34678.63, 7632
34764.76, 7631
34855.06, 7630
34945.2, 7629
35030.91, 7628
35132.02, 7627
35231.24, 7626
35334.47, 7625
35440.36, 7624
35553.41, 7623
35614.48, 7608
35666.47, 7595
35722.7, 7594
35756.42, 7584
35786.86, 7582
35842.91, 7581
35876.99, 7575
35918.85, 7572
35978.74, 7571
36019.22, 7570
36077.23, 7569
36144.11, 7568
36181.75, 7564
36219.94, 7562
36270.78, 7561
36341.15, 7560
36372.08, 7559
36432.35, 7558
36478.65, 7555
36523.63, 7554
36578.17, 7552
36631.71, 7551
36685.16, 7550
36740.61, 7549
36808.43, 7548
36860.06, 7546
36927.31, 7545
36966.61, 7544
37008.02, 7543
37082.98, 7542
37137.19, 7541
37202.03, 7540
37273.96, 7539
37357.17, 7538
37450.09, 7537
37515.26, 7536
37569.15, 7535
37627.42, 7534
37705.94, 7533
37769.96, 7532
37851.64, 7531
37923.65, 7530
37982.2, 7529
38037.03, 7528
38121.98, 7527
38205.27, 7526
38280.54, 7525
38353.01, 7524
38456.39, 7523
38552.47, 7522
38627.48, 7521
38715.32, 7520
38786.11, 7519
38883.87, 7518
38977.26, 7517
39064.37, 7516
39148.97, 7515
39238.11, 7514
39328.78, 7513
39413.91, 7512
39505.32, 7511
39593.72, 7510
39694.6, 7509
39783.2, 7508
39885.73, 7507
39990.08, 7506
40107.0, 7505
40224.55, 7504
40345.46, 7503
40479.57, 7502
40604.01, 7501
40720.55, 7500
40858.16, 7499
40913.61, 7487
40958.2, 7486
41005.7, 7475
41038.61, 7473
41099.2, 7472
41155.97, 7465
41201.76, 7462
41234.17, 7461
41284.43, 7460
41334.61, 7459
41399.15, 7458
41448.75, 7457
41486.82, 7453
41529.07, 7451
41582.2, 7450
41618.15, 7449
41672.25, 7448
41737.69, 7447
41800.49, 7446
41843.44, 7443
41885.48, 7442
41931.5, 7440
41983.89, 7439
42038.83, 7438
42107.89, 7437
42193.93, 7436
42286.43, 7435
42295.59, 7433
42349.34, 7432
42404.41, 7431
42439.58, 7430
42505.36, 7429
42571.59, 7428
42641.23, 7427
42731.41, 7426
42802.79, 7425
42854.93, 7424
42909.09, 7423
42980.21, 7422
43034.29, 7421
43114.1, 7420
43176.5, 7419
43246.33, 7418
43327.29, 7417
43402.99, 7416
43469.81, 7415
43548.51, 7414
43614.44, 7413
43671.68, 7412
43769.69, 7411
43852.42, 7410
43928.27, 7409
44018.27, 7408
44096.93, 7407
44161.83, 7406
44232.1, 7405
44317.96, 7404
44395.28, 7403
44487.54, 7402
44564.57, 7401
44649.88, 7400
44748.66, 7399
44815.8, 7398
44911.93, 7397
45029.5, 7396
45124.27, 7395
45218.72, 7394
45324.69, 7393
45420.51, 7392
45551.08, 7391
45612.19, 7390
45733.58, 7389
45838.38, 7388
45947.77, 7387
46037.0, 7386
46150.88, 7385
46275.22, 7384
46390.37, 7383
46480.65, 7382
46588.65, 7381
46702.12, 7380
46794.65, 7379
46896.99, 7378
47019.05, 7377
47084.81, 7368
47119.86, 7366
47163.25, 7365
47255.11, 7357
47298.56, 7354
47332.02, 7353
47371.96, 7352
47417.18, 7351
47475.55, 7350
47518.15, 7348
47555.6, 7344
47590.72, 7342
47634.62, 7341
47672.94, 7340
47720.33, 7339
47790.15, 7338
47847.38, 7336
47895.85, 7333
47935.33, 7332
47982.64, 7330
48040.23, 7329
48123.94, 7328
48189.82, 7327
48257.76, 7326
48318.05, 7325
48374.74, 7324
48422.57, 7322
48483.16, 7321
48538.98, 7320
48598.91, 7319
48677.52, 7318
48728.35, 7317
48816.35, 7316
48920.61, 7315
48980.96, 7314
49039.02, 7313
49082.43, 7312
49150.05, 7311
49219.09, 7310
49276.29, 7309
49354.55, 7308
49421.65, 7307
49505.55, 7306
49588.14, 7305
49662.62, 7304
49722.86, 7303
49798.01, 7302
49865.82, 7301
49912.47, 7300
49993.27, 7299
50053.97, 7298
50135.41, 7297
50242.38, 7296
50335.37, 7295
50389.73, 7294
50483.01, 7293
50550.54, 7292
50620.57, 7291
50700.48, 7290
50785.57, 7289
50877.89, 7288
50967.04, 7287
51054.54, 7286
51117.43, 7285
51196.75, 7284
51276.87, 7283
51369.09, 7282
51467.5, 7281
51552.62, 7280
51635.94, 7279
51736.42, 7278
51817.16, 7277
51920.04, 7276
52010.6, 7275
52121.91, 7274
52223.54, 7273
52320.27, 7272
52423.03, 7271
52533.39, 7270
52641.18, 7269
52749.73, 7268
52851.99, 7267
52991.02, 7266
53096.12, 7265
53206.49, 7264
53366.79, 7263
53471.2, 7262
53593.94, 7261
53736.55, 7260
53873.58, 7259
54003.74, 7258
54153.29, 7257
54240.6, 7251
54266.71, 7248
54319.42, 7247
54389.99, 7246
54435.43, 7245
54494.31, 7244
54526.44, 7241
54564.03, 7237
54626.69, 7235
54678.56, 7234
54732.05, 7233
54858.67, 7232
54902.08, 7231
54945.32, 7228
54999.79, 7225
55075.92, 7224
55353.11, 7222
55355.4, 7221
55357.39, 7220
55359.23, 7219
55434.35, 7218
55538.74, 7217
55586.97, 7216
55589.96, 7215
55765.37, 7213
55870.12, 7212
55872.17, 7211
55900.53, 7210
55906.54, 7209
56088.11, 7208
56112.85, 7207
56192.81, 7206
56284.52, 7205
56348.74, 7204
56354.9, 7203
56435.22, 7202
56528.83, 7201
56586.87, 7200
56635.81, 7199
56705.49, 7198
56807.02, 7197
56847.61, 7196
56913.49, 7195
57000.68, 7194
57077.08, 7193
57149.66, 7192
57187.73, 7191
57271.67, 7190
57361.51, 7189
57436.31, 7188
57524.98, 7187
57628.17, 7186
57717.88, 7185
57821.82, 7184
57904.53, 7183
58001.33, 7182
58109.73, 7181
58157.26, 7180
58259.43, 7179
58303.87, 7178
58483.39, 7177
58485.15, 7176
58587.77, 7175
58723.17, 7174
58754.76, 7173
58858.72, 7172
58992.47, 7171
59019.11, 7170
59117.97, 7169
59222.79, 7168
59351.52, 7167
59458.25, 7166
59566.64, 7165
59636.66, 7164
59756.25, 7163
59823.89, 7162
59942.17, 7161
60117.57, 7160
60238.73, 7159
60355.31, 7158
60478.22, 7157
60584.87, 7156
60721.15, 7155
60836.85, 7154
60941.56, 7153
61059.7, 7152
61170.61, 7151
