2635.91, 2485
2640.97, 2481
2658.04, 2415
2670.56, 2412
2682.54, 2411
2688.49, 2347
2697.74, 2346
2705.07, 2345
2710.57, 2344
2717.56, 2343
2727.58, 2342
2734.4, 2281
2739.89, 2279
2748.35, 2278
2754.7, 2277
2761.28, 2276
2767.24, 2275
2774.87, 2217
2780.5, 2216
2785.9, 2214
2791.86, 2213
2819.68, 2212
2823.57, 2211
2825.71, 2210
2827.64, 2209
2832.54, 2208
2855.17, 2207
2864.12, 2155
2881.78, 2154
2921.7, 2151
2922.28, 2149
2936.62, 2148
2937.73, 2147
2939.17, 2146
2949.28, 2145
2968.61, 2144
2973.93, 2143
2984.03, 2142
2998.83, 2141
3005.44, 2095
3009.97, 2094
3018.6, 2090
3023.58, 2087
3040.46, 2086
3048.07, 2084
3079.58, 2083
3079.88, 2082
3080.49, 2081
3100.93, 2080
3112.42, 2079
3122.73, 2078
3134.44, 2077
3153.1, 2076
3184.05, 2037
3188.27, 2036
3190.13, 2031
3191.75, 2027
3193.62, 2026
3211.16, 2025
3256.31, 2023
3260.61, 2022
3267.03, 2021
3267.09, 2020
3267.31, 2019
3267.85, 2018
3283.99, 2017
3302.92, 2016
3360.88, 2015
3361.52, 2014
3366.62, 2013
3391.57, 2012
3394.28, 1981
3440.53, 1980
3442.79, 1974
3444.5, 1969
3447.63, 1968
3447.75, 1966
3447.78, 1964
3447.79, 1963
3456.94, 1962
3534.66, 1961
3536.7, 1960
3538.57, 1959
3539.27, 1958
3543.52, 1957
3552.22, 1956
3552.86, 1955
3566.62, 1954
3602.26, 1953
3635.36, 1952
3655.57, 1951
3667.41, 1950
3784.38, 1949
3785.17, 1927
3785.85, 1926
3786.39, 1919
3787.11, 1913
3787.9, 1912
3788.56, 1909
3789.83, 1907
3790.51, 1906
3791.56, 1904
3840.1, 1903
3850.05, 1902
3917.07, 1901
3918.14, 1900
3919.41, 1899
3922.85, 1898
3925.9, 1897
4075.73, 1896
4075.85, 1895
4075.87, 1894
4075.89, 1893
4075.91, 1892
4093.65, 1891
4105.01, 1890
4105.13, 1889
4105.16, 1888
4105.18, 1887
4117.23, 1875
4167.68, 1874
4167.78, 1866
4167.81, 1859
4170.06, 1858
4170.1, 1854
4170.11, 1852
4186.76, 1851
4198.34, 1850
4198.43, 1848
4200.83, 1847
4233.61, 1846
4234.18, 1845
4234.76, 1844
4300.4, 1843
4301.0, 1842
4301.49, 1841
4306.92, 1840
4307.04, 1839
4307.06, 1838
4360.77, 1837
4360.89, 1836
4369.13, 1835
4382.86, 1834
4391.9, 1833
4443.24, 1832
4443.3, 1831
4445.15, 1830
4459.27, 1829
4474.87, 1828
4490.6, 1827
4496.36, 1826
4542.95, 1825
4554.45, 1824
4572.17, 1815
4600.59, 1807
4606.37, 1806
4606.43, 1801
4606.44, 1799
4606.45, 1798
4606.45, 1797
4606.46, 1796
4616.45, 1794
4619.35, 1793
4665.58, 1792
4665.62, 1791
4669.57, 1789
4694.34, 1788
4694.39, 1787
4694.42, 1786
4705.04, 1785
4740.52, 1784
4740.57, 1783
4740.58, 1782
4742.27, 1781
4786.15, 1780
4786.2, 1779
4786.21, 1778
4831.83, 1777
4832.17, 1776
4832.89, 1775
4874.89, 1774
4875.08, 1773
4881.75, 1772
4967.49, 1771
4967.51, 1770
4967.52, 1769
5020.49, 1768
5044.93, 1767
5044.96, 1766
5044.96, 1757
5044.97, 1756
5044.98, 1750
5044.98, 1748
5044.99, 1747
5068.28, 1745
5068.33, 1744
5073.86, 1742
5121.33, 1741
5124.44, 1740
5151.14, 1739
5151.7, 1738
5152.41, 1736
5161.68, 1735
5202.64, 1734
5202.69, 1733
5203.69, 1732
5204.33, 1730
5204.85, 1729
5237.9, 1728
5245.33, 1727
5317.52, 1726
5318.81, 1725
5319.38, 1724
5319.92, 1723
5321.91, 1722
5322.03, 1721
5322.05, 1720
5333.08, 1719
5348.87, 1718
5360.31, 1717
5369.2, 1716
5390.15, 1715
5404.53, 1714
5412.39, 1713
5420.52, 1712
5448.4, 1711
5456.53, 1710
5534.66, 1709
5545.6, 1708
5545.66, 1701
5546.61, 1699
5614.89, 1698
5615.35, 1695
5616.18, 1694
5617.19, 1692
5617.22, 1691
5636.63, 1690
5691.15, 1689
5691.31, 1687
5691.34, 1685
5748.86, 1684
5748.92, 1683
5748.95, 1682
5748.97, 1681
5748.99, 1680
5749.02, 1678
5749.04, 1677
5790.64, 1676
5810.38, 1675
5810.45, 1674
5810.46, 1673
5810.46, 1672
5810.47, 1671
5810.48, 1670
5838.91, 1669
5838.96, 1668
5946.62, 1667
5947.19, 1666
5948.37, 1665
5949.31, 1664
5949.32, 1663
5950.73, 1662
5950.76, 1661
5972.82, 1660
5977.04, 1659
6023.54, 1658
6024.04, 1657
6042.28, 1656
6070.5, 1655
6077.68, 1654
6119.11, 1653
6120.51, 1652
6170.74, 1651
6173.96, 1650
6214.53, 1647
6214.55, 1646
6214.55, 1644
6221.41, 1643
6237.83, 1642
6258.06, 1641
6270.24, 1638
6288.2, 1636
6292.71, 1635
6302.82, 1634
6316.26, 1633
6320.71, 1632
6335.56, 1631
6365.33, 1630
6372.77, 1628
6373.14, 1627
6394.61, 1626
6454.08, 1625
6456.76, 1624
6458.03, 1623
6463.89, 1622
6464.03, 1621
6464.05, 1620
6473.35, 1619
6507.73, 1618
6539.31, 1617
6539.86, 1616
6585.31, 1615
6586.7, 1614
6591.31, 1613
6591.96, 1612
6623.33, 1611
6643.76, 1610
6660.31, 1609
6668.51, 1608
6676.4, 1607
6693.6, 1606
6699.86, 1605
6719.67, 1604
6738.08, 1603
6754.79, 1602
6769.6, 1601
6782.1, 1600
6799.3, 1599
6821.21, 1598
6865.86, 1597
6870.33, 1596
6899.36, 1595
6906.64, 1594
6923.34, 1593
6934.05, 1591
6970.31, 1589
6973.23, 1588
6982.66, 1587
6989.32, 1586
7037.85, 1585
7040.02, 1583
7043.37, 1582
7050.94, 1580
7057.86, 1579
7068.02, 1578
7086.33, 1577
7086.71, 1576
7099.69, 1575
7117.81, 1574
7134.08, 1573
7143.81, 1572
7172.05, 1571
7172.11, 1570
7172.49, 1569
7182.54, 1568
7194.92, 1567
7205.76, 1566
7224.4, 1565
7238.98, 1564
7251.86, 1563
7264.14, 1562
7293.52, 1561
7308.29, 1560
7325.58, 1559
7347.93, 1558
7377.01, 1557
7377.97, 1556
7389.88, 1555
7391.57, 1554
7420.79, 1553
7427.61, 1552
7433.61, 1551
7449.9, 1550
7459.16, 1549
7467.89, 1548
7491.72, 1547
7525.62, 1546
7535.25, 1545
7536.45, 1544
7559.59, 1543
7560.08, 1542
7592.81, 1541
7608.6, 1540
7616.41, 1539
7641.21, 1538
7650.65, 1537
7673.34, 1536
7683.74, 1534
7692.85, 1533
7723.29, 1532
7752.48, 1531
7759.07, 1530
7766.43, 1529
7770.83, 1528
7775.66, 1527
7785.0, 1526
7802.68, 1525
7802.75, 1524
7817.26, 1523
7867.01, 1522
7867.14, 1521
7867.16, 1520
7890.64, 1519
7904.43, 1518
7904.54, 1517
7941.95, 1516
7957.05, 1515
7970.44, 1514
8001.2, 1513
8027.8, 1512
8056.93, 1511
8070.94, 1510
8083.09, 1509
8083.2, 1508
8097.59, 1507
8116.43, 1506
8138.24, 1505
8153.79, 1504
8161.6, 1503
8174.04, 1502
8194.38, 1501
8196.9, 1500
8221.53, 1499
8232.63, 1498
8270.8, 1497
8274.57, 1496
8315.73, 1495
8316.33, 1494
8333.67, 1493
8352.15, 1492
8392.23, 1491
8392.3, 1490
8403.73, 1489
8417.66, 1488
8437.57, 1487
8455.19, 1486
8488.98, 1485
8518.67, 1484
8537.02, 1483
8556.55, 1482
8569.48, 1481
8603.02, 1480
8603.06, 1479
8603.18, 1478
8608.97, 1477
8627.15, 1476
8640.66, 1475
8658.63, 1474
8659.56, 1473
8670.97, 1472
8676.88, 1471
8686.36, 1470
8699.62, 1469
8715.32, 1468
8730.55, 1467
8751.53, 1466
8757.14, 1465
8773.28, 1464
8791.27, 1463
8793.42, 1462
8805.68, 1461
8819.7, 1460
8831.99, 1459
8850.64, 1458
8866.69, 1457
8868.7, 1456
8888.22, 1455
8899.88, 1454
8917.51, 1453
8927.29, 1452
8944.28, 1451
8952.73, 1450
8966.19, 1449
8976.66, 1448
9002.29, 1447
9003.95, 1446
9024.05, 1445
9036.86, 1444
9049.84, 1443
9067.03, 1442
9076.4, 1441
9098.62, 1440
9124.4, 1439
9134.18, 1438
9149.44, 1437
9173.33, 1436
9181.08, 1435
9192.97, 1434
9232.67, 1433
9238.86, 1432
9259.86, 1431
9274.78, 1430
9297.54, 1429
9328.2, 1428
9336.87, 1427
9342.48, 1426
9353.19, 1425
9359.86, 1424
9375.76, 1423
9384.66, 1422
9397.55, 1421
9408.45, 1420
9441.71, 1419
9444.67, 1418
9478.22, 1417
9483.05, 1416
9484.36, 1415
9514.24, 1414
9516.23, 1413
9531.05, 1412
9539.49, 1411
9551.02, 1410
9565.41, 1409
9583.76, 1408
9594.92, 1407
9608.68, 1406
9622.59, 1405
9650.05, 1404
9658.6, 1403
9675.56, 1402
9684.31, 1401
9719.02, 1400
9720.2, 1399
9720.96, 1398
9757.62, 1397
9759.27, 1396
9801.93, 1395
9821.77, 1394
9833.28, 1393
9842.95, 1392
9854.06, 1391
9868.63, 1390
9884.99, 1389
9902.5, 1388
9923.47, 1387
9936.71, 1386
9957.96, 1385
9969.55, 1384
10005.6, 1383
10006.3, 1382
10024.9, 1381
10075.85, 1380
10084.63, 1379
10142.95, 1378
10143.45, 1377
10144.87, 1376
10144.97, 1375
10150.01, 1374
10182.3, 1373
10186.47, 1372
10189.97, 1371
10220.9, 1370
10260.23, 1369
10288.27, 1368
10288.45, 1367
10328.47, 1366
10330.48, 1365
10332.48, 1364
10354.16, 1363
10372.03, 1362
10385.46, 1361
10406.33, 1360
10407.88, 1359
10410.29, 1358
10425.6, 1357
10435.28, 1356
10452.47, 1355
10482.97, 1354
10490.69, 1353
10501.01, 1352
10518.05, 1351
10523.72, 1350
10532.96, 1349
10549.54, 1348
10567.38, 1347
10598.56, 1346
10606.86, 1345
10623.51, 1344
10655.41, 1343
10666.3, 1342
10678.59, 1341
10722.96, 1340
10738.8, 1339
10741.73, 1338
10769.63, 1337
10786.52, 1336
10808.25, 1335
10818.22, 1334
10836.1, 1333
10874.33, 1332
10874.46, 1331
10890.42, 1330
10914.41, 1329
10933.4, 1328
10943.43, 1327
10963.84, 1326
10997.57, 1325
11007.88, 1324
11053.86, 1323
11083.6, 1322
11098.65, 1321
11106.28, 1320
11116.29, 1319
11138.04, 1318
11156.78, 1317
11171.73, 1316
11186.69, 1315
11199.26, 1314
11230.74, 1313
11237.89, 1312
11244.2, 1311
11271.4, 1310
11283.24, 1309
11297.12, 1308
11308.1, 1307
11335.91, 1306
11348.8, 1305
11364.7, 1304
11386.02, 1303
11399.96, 1302
11412.77, 1301
11428.43, 1300
11437.35, 1299
11448.95, 1298
11470.72, 1297
11491.25, 1296
11506.36, 1295
11528.46, 1294
11584.77, 1293
11589.21, 1292
11590.55, 1291
11604.19, 1290
11635.24, 1289
11646.14, 1288
11668.57, 1287
11675.18, 1286
11697.49, 1285
11738.95, 1284
11804.57, 1283
11805.25, 1282
11823.86, 1281
11837.26, 1280
11854.75, 1279
11869.46, 1278
11884.81, 1277
11919.95, 1276
11946.88, 1275
11974.99, 1274
11994.18, 1273
12027.15, 1272
12050.26, 1271
12069.71, 1270
12116.15, 1269
12118.59, 1268
12130.76, 1267
12155.08, 1266
12167.69, 1265
12206.43, 1264
12209.34, 1263
12216.98, 1262
12238.63, 1261
12253.34, 1260
12255.73, 1259
12265.26, 1258
12277.1, 1257
12298.97, 1256
12314.3, 1255
12324.24, 1254
12371.13, 1253
12371.33, 1252
12386.25, 1251
12416.43, 1250
12426.78, 1249
12486.86, 1248
12488.03, 1247
12488.13, 1246
12553.36, 1245
12558.65, 1244
12560.42, 1243
12573.84, 1242
12574.67, 1241
12588.31, 1240
12604.52, 1239
12637.28, 1238
12638.91, 1237
12649.61, 1236
12666.12, 1235
12705.58, 1234
12730.7, 1233
12741.61, 1232
12770.09, 1231
12794.68, 1230
12802.44, 1229
12835.95, 1228
12855.27, 1227
12923.57, 1226
12923.68, 1225
12937.45, 1224
12955.14, 1223
12975.89, 1222
13004.08, 1221
13019.06, 1220
13043.8, 1219
13049.58, 1218
13050.07, 1217
13080.24, 1216
13130.79, 1215
13151.43, 1214
13153.4, 1213
13174.77, 1212
13175.19, 1211
13203.69, 1210
13206.84, 1209
13219.02, 1208
13245.77, 1207
13260.67, 1206
13278.9, 1205
13306.31, 1204
13337.37, 1203
13347.43, 1202
13361.94, 1201
13383.41, 1200
13383.47, 1199
13398.3, 1198
13419.39, 1197
13433.9, 1196
13458.44, 1195
13458.89, 1194
13490.12, 1193
13526.91, 1192
13541.76, 1191
13573.68, 1190
13605.17, 1189
13608.78, 1188
13635.34, 1187
13649.99, 1186
13689.98, 1185
13693.98, 1184
13718.42, 1183
13748.41, 1182
13765.37, 1181
13780.57, 1180
13798.84, 1179
13812.6, 1178
13850.56, 1177
13866.69, 1176
13897.84, 1175
13916.99, 1174
13935.4, 1173
13967.38, 1172
13985.65, 1171
13989.45, 1170
14000.7, 1169
14015.05, 1168
14023.91, 1167
14044.86, 1166
14055.29, 1165
14071.82, 1164
14089.07, 1163
14124.25, 1162
14158.24, 1161
14182.93, 1160
14198.43, 1159
14217.55, 1158
14232.69, 1157
14251.61, 1156
14290.79, 1155
14319.45, 1154
14331.54, 1153
14349.77, 1152
14385.54, 1151
14388.4, 1150
14393.91, 1149
14422.29, 1148
14424.26, 1147
14447.74, 1146
14454.78, 1145
14488.96, 1144
14522.41, 1143
14564.8, 1142
14586.31, 1141
14592.11, 1140
14610.78, 1139
14634.15, 1138
14686.2, 1137
14690.21, 1136
14697.78, 1135
14702.7, 1134
14771.38, 1133
14773.16, 1132
14810.63, 1131
14817.93, 1130
14871.01, 1129
14885.27, 1128
14905.78, 1127
14939.41, 1126
14973.06, 1125
14981.59, 1124
14991.93, 1123
15016.22, 1122
15041.45, 1121
15066.65, 1120
15068.61, 1119
15090.55, 1118
15098.79, 1117
15134.43, 1116
15149.56, 1115
15178.34, 1114
15193.98, 1113
15203.58, 1112
15217.25, 1111
15232.34, 1110
15277.91, 1109
15285.48, 1108
15299.11, 1107
15310.65, 1106
15329.35, 1105
15367.38, 1104
15389.88, 1103
15404.64, 1102
15424.07, 1101
15455.58, 1100
15501.01, 1099
15523.28, 1098
15548.86, 1097
15555.56, 1096
15583.79, 1095
15599.46, 1094
15618.65, 1093
15637.48, 1092
15645.96, 1091
15663.21, 1090
15686.03, 1089
15705.83, 1088
15736.48, 1087
15772.16, 1086
15806.22, 1085
15832.3, 1084
15842.88, 1083
15875.29, 1082
15914.56, 1081
15933.75, 1080
15955.86, 1079
15973.31, 1078
15998.37, 1077
16024.95, 1076
16035.32, 1075
16056.77, 1074
16069.3, 1073
16085.15, 1072
16106.86, 1071
16125.99, 1070
16142.63, 1069
16161.26, 1068
16168.2, 1067
16186.25, 1066
16276.89, 1065
16278.85, 1064
16298.86, 1063
16314.45, 1062
16333.12, 1061
16352.98, 1060
16367.91, 1059
16391.33, 1058
16423.84, 1057
16446.56, 1056
16485.06, 1055
16500.41, 1054
16522.3, 1053
16539.74, 1052
16556.4, 1051
16598.01, 1050
16632.76, 1049
16655.05, 1048
16656.5, 1047
16683.95, 1046
16701.48, 1045
16719.27, 1044
16739.09, 1043
16805.82, 1042
16809.11, 1041
16826.73, 1040
16843.35, 1039
16884.71, 1038
16912.16, 1037
16949.53, 1036
17001.2, 1035
17006.43, 1034
17055.58, 1033
17072.37, 1032
17118.08, 1031
17118.39, 1030
17135.77, 1029
17173.26, 1028
17183.71, 1027
17204.05, 1026
17222.47, 1025
17234.74, 1024
17249.94, 1023
17263.85, 1022
17322.16, 1021
17326.64, 1020
17342.26, 1019
17358.76, 1018
17372.68, 1017
17388.07, 1016
17401.59, 1015
17419.15, 1014
17435.89, 1013
17451.06, 1012
17501.9, 1011
17534.22, 1010
17572.34, 1009
17594.01, 1008
17606.94, 1007
17621.37, 1006
17652.76, 1005
17656.64, 1004
17673.95, 1003
17694.81, 1002
17708.54, 1001
17727.8, 1000
17759.47, 999
17782.27, 998
17813.77, 997
17831.07, 996
17844.81, 995
17883.35, 994
17906.25, 993
17925.28, 992
17942.42, 991
17962.91, 990
17982.79, 989
18004.48, 988
18025.01, 987
18052.79, 986
18066.88, 985
18084.23, 984
18110.41, 983
18132.75, 982
18144.15, 981
18167.63, 980
18175.52, 979
18189.56, 978
18205.85, 977
18224.43, 976
18253.51, 975
18270.04, 974
18299.22, 973
18323.22, 972
18339.28, 971
18365.77, 970
18384.94, 969
18402.74, 968
18418.26, 967
18441.41, 966
18450.94, 965
18483.22, 964
18502.28, 963
18521.28, 962
18532.29, 961
18550.42, 960
18576.46, 959
18593.55, 958
18615.45, 957
18648.7, 956
18659.0, 955
18682.21, 954
18696.77, 953
18734.26, 952
18749.51, 951
18768.52, 950
18787.21, 949
18832.88, 948
18863.78, 947
18910.77, 946
18918.68, 945
18935.71, 944
18955.01, 943
18974.05, 942
19000.08, 941
19015.82, 940
19031.4, 939
19050.23, 938
19064.56, 937
19092.95, 936
19106.14, 935
19140.25, 934
19159.11, 933
19182.98, 932
19215.92, 931
19239.11, 930
19257.53, 929
19281.53, 928
19305.91, 927
19323.43, 926
19340.14, 925
19379.25, 924
19395.71, 923
19436.05, 922
19449.83, 921
19469.66, 920
19489.12, 919
19506.19, 918
19533.42, 917
19555.32, 916
19575.16, 915
19599.98, 914
19620.8, 913
19648.03, 912
19674.55, 911
19706.44, 910
19730.6, 909
19750.36, 908
19780.29, 907
19793.17, 906
19814.51, 905
19833.16, 904
19867.84, 903
19885.75, 902
19933.69, 901
19957.41, 900
19981.58, 899
20005.97, 898
20032.69, 897
20071.05, 896
20074.74, 895
20118.89, 894
20122.58, 893
20149.17, 892
20165.73, 891
20192.19, 890
20213.22, 889
20232.87, 888
20252.93, 887
20265.74, 886
20282.18, 885
20300.41, 884
20338.0, 883
20368.09, 882
20390.42, 881
20414.31, 880
20425.21, 879
20445.69, 878
20473.23, 877
20501.53, 876
20521.74, 875
20539.07, 874
20576.29, 873
20593.86, 872
20614.48, 871
20639.71, 870
20666.15, 869
20688.99, 868
20723.98, 867
20740.83, 866
20759.61, 865
20819.63, 864
20847.41, 863
20872.48, 862
20901.57, 861
20925.46, 860
20953.24, 859
20999.9, 858
21023.75, 857
21059.28, 856
21074.69, 855
21098.53, 854
21115.34, 853
21149.0, 852
21189.67, 851
21199.65, 850
21217.2, 849
21236.55, 848
21249.36, 847
21276.36, 846
21322.22, 845
21334.99, 844
21358.26, 843
21384.57, 842
21408.72, 841
21435.1, 840
21467.91, 839
21485.79, 838
21507.13, 837
21527.85, 836
21558.25, 835
21598.89, 834
21615.56, 833
21639.02, 832
21660.17, 831
21680.99, 830
21699.84, 829
21731.0, 828
21754.16, 827
21773.49, 826
21816.96, 825
21841.92, 824
21874.12, 823
21884.19, 822
21903.8, 821
21941.25, 820
21970.69, 819
21998.22, 818
22047.03, 817
22067.54, 816
22089.32, 815
22116.46, 814
22136.14, 813
22158.44, 812
22182.21, 811
22224.59, 810
22263.97, 809
22289.68, 808
22330.35, 807
22350.56, 806
22366.28, 805
22384.66, 804
22416.12, 803
22432.52, 802
22464.33, 801
22496.96, 800
22521.36, 799
22537.8, 798
22557.76, 797
22589.23, 796
22610.22, 795
22635.87, 794
22652.62, 793
22666.19, 792
22685.64, 791
22744.04, 790
22773.56, 789
22784.46, 788
22814.0, 787
22838.59, 786
22865.32, 785
22889.71, 784
22917.62, 783
22953.72, 782
22984.21, 781
23006.94, 780
23028.0, 779
23073.91, 778
23107.37, 777
23151.4, 776
23151.93, 775
23171.48, 774
23203.26, 773
23225.08, 772
23247.01, 771
23266.1, 770
23282.92, 769
23304.8, 768
23382.57, 767
23404.54, 766
23459.88, 765
23464.17, 764
23476.89, 763
23490.43, 762
23511.31, 761
23555.29, 760
23560.01, 759
23577.82, 758
23616.13, 757
23626.45, 756
23672.89, 755
23701.88, 754
23727.81, 753
23760.25, 752
23790.59, 751
23803.38, 750
23825.05, 749
23849.67, 748
23893.72, 747
23920.3, 746
23959.87, 745
23974.66, 744
23992.66, 743
24030.9, 742
24063.77, 741
24087.94, 740
24116.44, 739
24162.57, 738
24192.51, 737
24202.3, 736
24233.86, 735
24277.31, 734
24281.35, 733
24296.09, 732
24315.07, 731
24344.79, 730
24383.81, 729
24399.67, 728
24437.52, 727
24441.42, 726
24457.12, 725
24489.91, 724
24539.94, 723
24565.63, 722
24590.47, 721
24607.29, 720
24635.24, 719
24674.01, 718
24728.16, 717
24730.17, 716
24748.89, 715
24766.69, 714
24824.82, 713
24826.78, 712
24843.33, 711
24869.88, 710
24894.29, 709
24939.04, 708
24976.35, 707
24995.97, 706
25022.41, 705
25048.35, 704
25073.07, 703
25093.2, 702
25118.91, 701
25153.34, 700
25157.59, 699
25202.54, 698
25221.88, 697
25241.53, 696
25277.41, 695
25279.99, 694
25316.74, 693
25337.97, 692
25349.2, 691
25389.69, 690
25414.76, 689
25456.03, 688
25504.35, 687
25533.42, 686
25547.12, 685
25592.08, 684
25613.85, 683
25666.83, 682
25668.81, 681
25699.79, 680
25720.58, 679
25740.02, 678
25769.08, 677
25787.38, 676
25820.09, 675
25849.59, 674
25885.82, 673
25906.15, 672
25941.27, 671
25988.49, 670
26033.5, 669
26052.3, 668
26083.99, 667
26109.66, 666
26125.05, 665
26159.6, 664
26182.59, 663
26214.97, 662
26244.2, 661
26306.06, 660
26351.06, 659
26353.36, 658
26356.49, 657
26361.26, 656
26389.7, 655
26430.31, 654
26457.42, 653
26485.95, 652
26507.23, 651
26540.54, 650
26597.27, 649
26601.02, 648
26618.67, 647
26649.28, 646
26696.89, 645
26720.12, 644
26750.04, 643
26751.82, 642
26811.24, 641
26834.34, 640
26853.09, 639
26884.52, 638
26899.54, 637
26926.79, 636
26952.67, 635
26972.98, 634
27007.44, 633
27043.71, 632
27081.08, 631
47807.79, 630
47845.01, 629
