4685.65, 5253
4690.12, 5249
4715.86, 5151
4740.3, 5148
4750.06, 5147
4773.52, 5051
4829.33, 5050
4868.94, 5049
4870.25, 5048
4893.05, 5047
4933.16, 5046
4936.02, 4953
4951.22, 4951
4984.05, 4950
5063.63, 4949
5065.01, 4948
5066.17, 4947
5083.17, 4946
5100.38, 4857
5154.19, 4854
5170.86, 4853
5198.38, 4852
5217.44, 4851
5260.44, 4850
5272.64, 4849
5305.23, 4848
5359.46, 4847
5360.72, 4763
5376.38, 4759
5382.99, 4757
5420.24, 4756
5442.36, 4755
5474.05, 4754
5535.62, 4753
5546.8, 4752
5596.8, 4751
5622.69, 4750
5623.71, 4671
5688.42, 4666
5699.68, 4663
5732.09, 4662
5745.84, 4660
5848.47, 4659
5874.83, 4658
5896.5, 4657
5966.15, 4656
6005.86, 4655
6071.58, 4654
6088.54, 4653
6159.17, 4652
6183.86, 4581
6233.26, 4575
6236.58, 4571
6430.15, 4570
6438.73, 4569
6447.3, 4567
6455.83, 4566
6464.7, 4565
6473.17, 4564
6481.52, 4563
6488.03, 4562
6539.76, 4561
6582.99, 4560
6623.38, 4559
6656.73, 4558
6713.23, 4557
6746.24, 4556
6767.49, 4493
6786.6, 4486
6803.64, 4481
6822.18, 4480
6841.21, 4478
6855.5, 4476
6921.86, 4475
6949.54, 4474
6971.51, 4473
6993.24, 4472
7036.0, 4471
7067.36, 4470
7094.65, 4469
7125.07, 4468
7161.88, 4467
7216.09, 4466
7262.42, 4465
7310.7, 4464
7346.37, 4463
7395.37, 4462
7433.23, 4461
7462.97, 4407
7480.41, 4399
7496.77, 4393
7518.17, 4392
7540.42, 4389
7557.73, 4387
7580.02, 4386
7621.03, 4384
7656.92, 4383
7675.47, 4382
7704.12, 4381
7747.41, 4380
7781.01, 4379
7804.1, 4378
7827.16, 4377
7858.21, 4376
7895.23, 4375
7945.62, 4374
7983.01, 4373
8017.93, 4372
8059.51, 4371
8110.44, 4370
8141.09, 4369
8194.78, 4368
8236.74, 4367
8269.74, 4323
8293.2, 4314
8322.99, 4307
8361.57, 4306
8380.41, 4302
8399.64, 4300
8419.68, 4299
8442.86, 4296
8471.91, 4295
8489.27, 4294
8522.89, 4293
8570.4, 4292
8590.28, 4291
8613.02, 4290
8639.61, 4289
8685.52, 4288
8731.18, 4287
8762.93, 4286
8806.61, 4285
8856.44, 4284
8877.86, 4283
8917.17, 4282
8950.75, 4281
8989.55, 4280
9039.45, 4279
9086.74, 4278
9157.05, 4277
9208.93, 4276
9258.84, 4275
9279.51, 4241
9302.42, 4240
9341.55, 4231
9360.33, 4223
9379.32, 4222
9395.14, 4217
9411.1, 4215
9474.12, 4214
9495.95, 4213
9516.97, 4210
9540.91, 4209
9563.34, 4208
9611.42, 4207
9636.7, 4206
9667.65, 4205
9706.54, 4204
9723.84, 4203
9749.47, 4202
9805.09, 4201
9824.54, 4200
9894.86, 4199
9926.43, 4198
9952.27, 4197
9977.32, 4196
10017.28, 4195
10044.48, 4194
10077.78, 4193
10146.63, 4192
10189.58, 4191
10238.33, 4190
10277.67, 4189
10322.78, 4188
10370.18, 4187
10431.5, 4186
10471.99, 4185
10545.43, 4184
10583.77, 4183
10638.06, 4182
10672.86, 4161
10690.84, 4160
10710.87, 4150
10724.02, 4141
10760.79, 4140
10804.98, 4134
10822.75, 4132
10856.73, 4131
10903.61, 4129
10931.56, 4126
10950.46, 4125
10970.19, 4124
11019.91, 4123
11045.05, 4122
11072.16, 4120
11094.85, 4119
11115.19, 4118
11135.06, 4117
11191.73, 4116
11234.16, 4114
11264.49, 4113
11301.38, 4112
11341.57, 4111
11389.41, 4110
11408.75, 4109
11444.08, 4108
11490.77, 4107
11526.36, 4106
11566.47, 4105
11628.17, 4104
11668.93, 4103
11724.49, 4102
11759.68, 4101
11798.1, 4100
11857.43, 4099
11907.47, 4098
11948.67, 4097
11999.99, 4096
12091.93, 4095
12141.13, 4094
12178.77, 4093
12231.15, 4092
12287.18, 4091
12313.74, 4083
12335.18, 4082
12374.57, 4071
12411.6, 4061
12446.9, 4060
12475.42, 4053
12493.23, 4051
12519.65, 4050
12567.56, 4047
12595.49, 4044
12624.33, 4043
12662.74, 4042
12741.84, 4041
12820.95, 4040
12863.68, 4039
12879.66, 4037
12912.27, 4036
12960.23, 4035
12991.26, 4034
13053.77, 4033
13072.68, 4032
13100.39, 4030
13120.83, 4029
13153.14, 4028
13190.76, 4027
13254.75, 4026
13325.07, 4025
13358.57, 4024
13408.2, 4023
13474.75, 4022
13532.96, 4021
13600.74, 4020
13651.73, 4019
13701.41, 4018
13738.54, 4017
13828.92, 4016
13897.38, 4015
13941.44, 4014
14003.68, 4013
14064.36, 4012
14137.66, 4011
14217.4, 4010
14294.51, 4009
14325.34, 4008
14404.21, 4007
14460.27, 4006
14524.27, 4005
14602.45, 4004
14652.6, 4003
14730.36, 4002
14769.56, 3994
14800.65, 3983
14832.17, 3982
14857.97, 3974
14879.3, 3972
14917.9, 3971
14962.27, 3967
14990.15, 3964
15012.31, 3963
15033.92, 3962
15096.85, 3961
15167.39, 3960
15186.88, 3958
15208.88, 3956
15228.19, 3955
15255.63, 3954
15307.55, 3953
15343.87, 3952
15378.52, 3951
15403.93, 3950
15429.39, 3948
15469.6, 3947
15496.91, 3946
15525.45, 3945
15576.78, 3944
15618.66, 3943
15656.93, 3942
15688.52, 3941
15728.62, 3940
15771.18, 3939
15799.11, 3938
15844.4, 3937
15897.83, 3936
15929.8, 3935
15971.74, 3934
16004.79, 3933
16063.72, 3932
16128.33, 3931
16180.23, 3930
16199.7, 3929
16260.34, 3928
16300.25, 3927
16348.71, 3926
16396.73, 3925
16429.17, 3924
16460.91, 3923
16519.44, 3922
16591.73, 3921
16640.78, 3920
16708.68, 3919
16761.55, 3918
16863.92, 3917
16920.17, 3916
16963.94, 3915
17010.55, 3914
17082.63, 3913
17154.45, 3912
17195.88, 3907
17202.92, 3906
17245.32, 3897
17264.99, 3895
17288.41, 3894
17328.03, 3889
17344.44, 3886
17363.2, 3885
17386.9, 3884
17411.64, 3883
17458.14, 3882
17477.63, 3879
17500.61, 3877
17541.8, 3876
17564.11, 3875
17588.04, 3874
17622.8, 3873
17667.06, 3871
17699.85, 3870
17719.07, 3868
17747.86, 3867
17810.72, 3866
17853.19, 3865
17886.22, 3864
17918.97, 3863
17968.19, 3862
18004.5, 3861
18027.64, 3860
18052.29, 3859
18080.56, 3858
18123.38, 3857
18148.53, 3856
18183.5, 3855
18212.51, 3854
18236.02, 3853
18269.07, 3852
18294.15, 3851
18324.02, 3850
18360.6, 3849
18397.53, 3848
18425.11, 3847
18457.39, 3846
18490.72, 3845
18525.05, 3844
18563.17, 3843
18614.01, 3842
18639.43, 3841
18673.31, 3840
18711.26, 3839
18751.46, 3838
18789.66, 3837
18825.35, 3836
18864.76, 3835
18906.95, 3834
18953.52, 3833
19005.41, 3832
19050.08, 3831
19096.79, 3830
19135.88, 3829
19187.6, 3828
19237.32, 3827
19298.69, 3826
19352.8, 3825
19389.26, 3822
19413.73, 3820
19440.19, 3819
19468.12, 3813
19486.59, 3810
19517.13, 3809
19539.91, 3808
19567.43, 3807
19616.06, 3806
19658.97, 3802
19688.63, 3800
19724.27, 3799
19746.93, 3798
19775.87, 3797
19812.12, 3796
19832.14, 3793
19868.73, 3792
19870.63, 3790
19895.29, 3789
19922.35, 3788
19954.06, 3787
19990.94, 3786
20066.51, 3784
20091.85, 3783
20137.57, 3782
20174.58, 3781
20208.91, 3780
20233.51, 3779
20265.3, 3778
20301.95, 3777
20349.12, 3776
20373.93, 3775
20403.96, 3774
20438.48, 3773
20473.89, 3772
20505.9, 3771
20539.91, 3770
20580.54, 3769
20664.8, 3768
20720.15, 3767
20759.78, 3766
20799.14, 3765
20856.32, 3764
20897.93, 3763
20970.02, 3762
21024.5, 3761
21069.44, 3760
21103.31, 3759
21152.38, 3758
21199.41, 3757
21252.11, 3756
21316.85, 3755
21379.49, 3754
21433.8, 3753
21478.68, 3752
21536.47, 3751
21590.06, 3750
21637.0, 3749
21677.95, 3748
21746.79, 3747
21790.07, 3746
21833.5, 3745
21892.1, 3744
21977.8, 3743
22041.55, 3742
22116.69, 3741
22181.08, 3740
22245.02, 3739
22313.89, 3738
22382.07, 3737
22458.2, 3736
22479.15, 3735
22504.82, 3734
22544.97, 3733
22584.31, 3732
22623.3, 3731
22644.6, 3727
22671.88, 3725
22713.02, 3724
22740.11, 3723
22773.66, 3722
22804.94, 3721
22835.23, 3720
22857.45, 3717
22887.68, 3716
22915.48, 3714
22971.46, 3713
23005.09, 3712
23031.46, 3711
23077.95, 3710
23116.83, 3709
23133.05, 3707
23178.45, 3706
23219.74, 3705
23239.08, 3704
23267.53, 3703
23310.64, 3702
23358.86, 3701
23416.41, 3700
23452.51, 3699
23518.94, 3698
23520.21, 3697
23546.47, 3696
23605.38, 3695
23672.97, 3694
23727.01, 3693
23776.38, 3692
23848.54, 3691
23902.36, 3690
23986.1, 3689
24030.25, 3688
24066.27, 3687
24104.19, 3686
24172.66, 3685
24231.88, 3684
24284.1, 3683
24334.93, 3682
24381.67, 3681
24446.01, 3680
24492.72, 3679
24543.86, 3678
24587.84, 3677
24645.24, 3676
24703.05, 3675
24741.03, 3674
24790.47, 3673
24847.1, 3672
24894.58, 3671
24946.27, 3670
25030.68, 3669
25103.3, 3668
25164.94, 3667
25248.53, 3666
25303.18, 3665
25354.8, 3664
25394.41, 3663
25449.2, 3662
25503.97, 3661
25597.64, 3660
25675.81, 3659
25748.13, 3658
25796.93, 3657
25891.88, 3656
25953.44, 3655
26037.39, 3654
26131.78, 3653
26214.13, 3652
26256.24, 3651
26301.54, 3650
26330.0, 3649
26375.7, 3648
26404.94, 3646
26447.52, 3643
26470.54, 3642
26494.77, 3640
26526.44, 3639
26567.49, 3638
26604.94, 3637
26667.61, 3636
26704.96, 3635
26724.77, 3634
26743.09, 3632
26770.02, 3631
26815.73, 3630
26839.72, 3629
26877.94, 3628
26898.05, 3627
26943.97, 3626
26990.0, 3625
27026.31, 3624
27049.56, 3623
27075.05, 3622
27122.31, 3621
27157.49, 3620
27191.65, 3619
27230.96, 3618
27268.64, 3617
27304.16, 3616
27359.8, 3615
27402.68, 3614
27435.84, 3613
27477.67, 3612
27538.36, 3611
27566.88, 3610
27602.71, 3609
27671.52, 3608
27714.55, 3607
27758.99, 3606
27819.11, 3605
27881.21, 3604
27915.17, 3603
27941.98, 3602
27997.33, 3601
28062.13, 3600
28110.52, 3599
28178.07, 3598
28236.0, 3597
28276.96, 3596
28320.77, 3595
28369.43, 3594
28420.25, 3593
28498.26, 3592
28553.09, 3591
28609.81, 3590
28653.82, 3589
28706.11, 3588
28749.9, 3587
28804.11, 3586
28856.07, 3585
28913.19, 3584
28964.99, 3583
29013.17, 3582
29066.52, 3581
29136.37, 3580
29198.98, 3579
29240.33, 3578
29284.17, 3577
29346.31, 3576
29409.39, 3575
29485.6, 3574
29537.65, 3573
29591.5, 3572
29642.26, 3571
29720.02, 3570
29798.52, 3569
29855.64, 3568
29921.54, 3567
30015.66, 3566
30048.86, 3565
30078.57, 3564
30103.75, 3563
30171.11, 3562
30201.3, 3561
30223.75, 3559
30243.85, 3558
30272.79, 3557
30303.49, 3556
30348.19, 3555
30398.45, 3554
30461.21, 3553
30515.36, 3552
30546.05, 3551
30588.15, 3550
30615.91, 3549
30635.65, 3548
30664.56, 3547
30689.36, 3546
30740.66, 3545
30762.91, 3544
30815.64, 3543
30846.08, 3542
30895.05, 3541
30950.88, 3540
30985.62, 3539
31015.42, 3538
31054.84, 3537
31083.59, 3536
31110.87, 3535
31144.88, 3534
31204.57, 3533
31241.25, 3532
31297.16, 3531
31348.11, 3530
31406.73, 3529
31449.78, 3528
31508.78, 3527
31554.18, 3526
31593.38, 3525
31626.56, 3524
31692.34, 3523
31748.71, 3522
31788.74, 3521
31862.04, 3520
31899.61, 3519
31937.9, 3518
32000.12, 3517
32046.91, 3516
32104.24, 3515
32168.13, 3514
32267.57, 3513
32301.57, 3512
32336.32, 3511
32396.07, 3510
32436.56, 3509
32488.12, 3508
32548.31, 3507
32626.77, 3506
32666.0, 3505
32732.37, 3504
32795.33, 3503
32857.91, 3502
32920.9, 3501
32979.05, 3500
33044.16, 3499
33087.15, 3498
33164.14, 3497
33217.6, 3496
33266.04, 3495
33353.46, 3494
33417.29, 3493
33493.78, 3492
33565.47, 3491
33619.96, 3490
33680.68, 3489
33751.25, 3488
33812.39, 3487
33916.06, 3486
33983.23, 3485
34083.36, 3484
34139.52, 3483
34242.7, 3482
34291.18, 3481
34343.22, 3480
34376.58, 3479
34406.54, 3478
34453.55, 3477
34478.01, 3476
34502.21, 3475
34553.32, 3474
34566.86, 3473
34599.37, 3472
34649.61, 3471
34706.83, 3470
34739.25, 3469
34771.05, 3468
34824.69, 3467
34879.12, 3466
34918.75, 3465
34964.71, 3464
34998.62, 3463
35053.23, 3462
35103.67, 3461
35135.85, 3460
35200.15, 3459
35248.98, 3458
35303.72, 3457
35343.2, 3456
35380.69, 3455
35428.4, 3454
35472.85, 3453
35517.07, 3452
35589.84, 3451
35629.63, 3450
35666.31, 3449
35723.4, 3448
35753.46, 3447
35819.05, 3446
35855.95, 3445
35892.68, 3444
35928.46, 3443
35982.63, 3442
36015.4, 3441
36069.66, 3440
36120.23, 3439
36163.42, 3438
36197.85, 3437
36276.59, 3436
36323.28, 3435
36364.73, 3434
36422.96, 3433
36483.84, 3432
36555.29, 3431
36607.07, 3430
36655.66, 3429
36689.99, 3428
36745.7, 3427
36811.23, 3426
36871.58, 3425
36962.32, 3424
37014.68, 3423
37072.0, 3422
37152.64, 3421
37214.34, 3420
37256.79, 3419
37313.95, 3418
37372.12, 3417
37447.69, 3416
37490.58, 3415
37536.92, 3414
37648.48, 3413
37720.06, 3412
37765.4, 3411
37825.7, 3410
37889.33, 3409
37952.07, 3408
38003.25, 3407
38070.35, 3406
38150.6, 3405
38238.33, 3404
38298.64, 3403
38354.41, 3402
38413.1, 3401
38495.26, 3400
38544.95, 3399
38572.87, 3398
38606.6, 3397
38647.07, 3396
38680.4, 3395
38706.16, 3394
38749.0, 3393
38778.59, 3392
38809.07, 3391
38835.62, 3390
38864.55, 3389
38912.72, 3388
38953.23, 3387
39021.76, 3386
39069.62, 3385
39098.18, 3384
39140.02, 3383
39187.43, 3382
39221.54, 3381
39252.19, 3380
39310.81, 3379
39351.66, 3378
39402.12, 3377
39461.49, 3376
39495.93, 3375
39531.06, 3374
39559.6, 3373
39615.59, 3372
39665.25, 3371
39708.31, 3370
39741.38, 3369
39798.31, 3368
39832.97, 3367
39879.64, 3366
39914.84, 3365
39955.57, 3364
40000.65, 3363
40045.59, 3362
40080.29, 3361
40114.22, 3360
40176.22, 3359
40227.43, 3358
40267.29, 3357
40318.74, 3356
40378.02, 3355
40424.11, 3354
40470.41, 3353
40504.41, 3352
40562.41, 3351
40613.0, 3350
40672.11, 3349
40716.74, 3348
40770.47, 3347
40823.75, 3346
40864.92, 3345
40907.31, 3344
40955.38, 3343
41036.89, 3342
41089.99, 3341
41148.7, 3340
41207.57, 3339
41258.81, 3338
41323.19, 3337
41388.4, 3336
41471.04, 3335
41516.91, 3334
41571.47, 3333
41640.46, 3332
41702.78, 3331
41770.45, 3330
41836.5, 3329
41904.57, 3328
42075.7, 3327
42076.86, 3326
42114.08, 3325
42223.07, 3324
42286.31, 3323
42368.57, 3322
42455.25, 3321
42528.51, 3320
42599.67, 3319
42705.06, 3318
42776.66, 3317
42830.67, 3316
42857.79, 3315
42879.22, 3314
42907.1, 3313
42945.16, 3312
42989.94, 3311
43029.62, 3310
43058.59, 3309
43123.51, 3308
43164.72, 3307
43221.94, 3306
43279.95, 3305
43311.82, 3304
43338.15, 3303
43366.31, 3302
43430.29, 3301
43465.63, 3300
43507.52, 3299
43564.45, 3298
43613.66, 3297
43669.77, 3296
43725.51, 3295
43763.7, 3294
43800.51, 3293
43832.11, 3292
43883.38, 3291
43925.78, 3290
43970.93, 3289
44041.28, 3288
44091.27, 3287
44149.62, 3286
44190.9, 3285
44229.23, 3284
44320.42, 3283
44360.69, 3282
44393.83, 3281
44449.11, 3280
44505.07, 3279
44555.52, 3278
44607.11, 3277
44670.75, 3276
44714.2, 3275
44750.52, 3274
44816.27, 3273
44867.29, 3272
44911.28, 3271
44981.95, 3270
45063.38, 3269
45121.04, 3268
45179.88, 3267
45222.07, 3266
45263.36, 3265
45318.82, 3264
45399.42, 3263
45447.71, 3262
45531.98, 3261
45579.35, 3260
45621.2, 3259
45697.83, 3258
45765.05, 3257
45832.56, 3256
45898.32, 3255
45973.0, 3254
46023.93, 3253
46075.12, 3252
46165.1, 3251
46237.43, 3250
46289.85, 3249
46360.29, 3248
46414.25, 3247
46506.72, 3246
46586.71, 3245
46653.55, 3244
46712.22, 3243
46804.6, 3242
46888.61, 3241
46964.56, 3240
47062.95, 3239
47145.6, 3238
47225.05, 3237
47296.14, 3236
47323.42, 3235
47360.39, 3234
47388.9, 3233
47421.65, 3232
47454.75, 3231
47483.68, 3230
47543.27, 3229
47597.05, 3228
47637.46, 3227
47698.2, 3226
47741.03, 3225
47779.55, 3224
47819.61, 3223
47850.16, 3222
47888.48, 3221
47940.55, 3220
47989.5, 3219
48043.57, 3218
48084.33, 3217
48141.3, 3216
48197.91, 3215
48249.35, 3214
48289.84, 3213
48322.2, 3212
48373.27, 3211
48417.62, 3210
48452.6, 3209
48494.55, 3208
48537.14, 3207
48576.65, 3206
48648.93, 3205
48706.16, 3204
48737.9, 3203
48788.32, 3202
48833.48, 3201
48884.72, 3200
48927.32, 3199
49012.69, 3198
49062.45, 3197
49114.2, 3196
49185.54, 3195
49240.65, 3194
49280.33, 3193
49338.92, 3192
49421.5, 3191
49474.5, 3190
49531.21, 3189
49618.87, 3188
49679.9, 3187
49730.24, 3186
49775.25, 3185
49828.78, 3184
49885.19, 3183
49935.89, 3182
49994.89, 3181
50047.6, 3180
50105.17, 3179
50154.64, 3178
50204.41, 3177
50257.32, 3176
50320.31, 3175
50374.64, 3174
50468.32, 3173
50520.16, 3172
50575.95, 3171
50646.49, 3170
50706.63, 3169
50771.21, 3168
50836.53, 3167
50903.24, 3166
50994.04, 3165
51085.4, 3164
51163.36, 3163
51245.17, 3162
51315.82, 3161
51407.69, 3160
51479.06, 3159
51556.44, 3158
51657.01, 3157
51710.91, 3156
51740.29, 3155
51778.55, 3154
51821.26, 3153
51858.19, 3152
51902.67, 3151
51941.34, 3150
51996.98, 3149
52034.99, 3148
52098.51, 3147
52146.35, 3146
52178.82, 3145
52216.89, 3144
52255.07, 3143
52295.44, 3142
52341.56, 3141
52381.5, 3140
52441.41, 3139
52488.78, 3138
52554.09, 3137
52620.58, 3136
52663.08, 3135
52703.64, 3134
52761.5, 3133
52812.27, 3132
52857.16, 3131
52902.35, 3130
52953.06, 3129
53002.32, 3128
53053.15, 3127
53111.08, 3126
53156.95, 3125
53201.81, 3124
53250.08, 3123
53315.18, 3122
53361.18, 3121
53418.5, 3120
53472.31, 3119
53530.91, 3118
53585.19, 3117
53651.69, 3116
53707.89, 3115
53754.23, 3114
53814.8, 3113
53871.32, 3112
53920.22, 3111
53981.66, 3110
54050.24, 3109
54110.5, 3108
54174.18, 3107
54223.97, 3106
54277.18, 3105
54340.87, 3104
54397.5, 3103
54464.17, 3102
54537.44, 3101
54581.12, 3100
54639.24, 3099
54705.09, 3098
54766.62, 3097
54841.1, 3096
54913.08, 3095
54983.34, 3094
55047.28, 3093
55107.52, 3092
55172.69, 3091
55254.5, 3090
55316.92, 3089
55383.21, 3088
55456.7, 3087
55527.56, 3086
55600.07, 3085
55669.05, 3084
55733.84, 3083
55810.7, 3082
55901.49, 3081
55983.25, 3080
56067.57, 3079
56152.24, 3078
56209.73, 3077
56250.89, 3076
56291.89, 3075
56327.36, 3074
56372.9, 3073
56423.69, 3072
56472.7, 3071
56532.09, 3070
56583.97, 3069
56633.68, 3068
56667.27, 3067
56723.68, 3066
56769.09, 3065
56815.02, 3064
56859.54, 3063
56899.73, 3062
56954.12, 3061
57004.61, 3060
57065.89, 3059
57131.97, 3058
57181.47, 3057
57221.28, 3056
57263.43, 3055
57326.09, 3054
57367.23, 3053
57417.84, 3052
57482.85, 3051
57533.51, 3050
57598.46, 3049
57666.06, 3048
57734.01, 3047
57791.17, 3046
57834.71, 3045
57892.76, 3044
57942.47, 3043
57998.77, 3042
58056.08, 3041
58116.87, 3040
58176.43, 3039
58241.52, 3038
58294.36, 3037
58356.85, 3036
58405.24, 3035
58461.12, 3034
58526.33, 3033
58593.81, 3032
58655.72, 3031
58715.44, 3030
58774.71, 3029
58826.94, 3028
58892.18, 3027
58960.61, 3026
59018.46, 3025
59083.59, 3024
59152.38, 3023
59214.59, 3022
59273.72, 3021
59353.39, 3020
59425.09, 3019
59500.53, 3018
59564.32, 3017
59629.76, 3016
59695.09, 3015
59756.74, 3014
59836.15, 3013
59926.25, 3012
59997.48, 3011
60054.56, 3010
60159.03, 3009
60242.39, 3008
60326.92, 3007
60415.59, 3006
60491.61, 3005
60589.87, 3004
60681.11, 3003
60777.71, 3002
60850.92, 3001
60945.43, 3000
61019.91, 2999
61070.82, 2998
61108.75, 2997
61146.1, 2996
61201.16, 2995
61265.5, 2994
61324.32, 2993
61379.22, 2992
