946.54, 690
946.76, 681
946.78, 672
946.78, 663
946.79, 654
946.82, 645
946.83, 636
953.19, 627
953.24, 618
953.26, 609
953.28, 600
956.58, 591
998.2, 582
998.25, 573
998.26, 564
998.27, 555
1000.02, 546
1000.08, 537
1000.1, 528
1000.12, 519
1000.17, 510
1000.25, 501
1000.27, 494
1000.28, 493
1000.32, 492
1000.45, 485
1000.49, 484
1000.53, 483
1000.7, 476
1000.88, 475
1001.06, 474
1001.26, 467
1001.41, 466
1001.58, 465
1001.75, 458
1001.93, 457
1002.1, 456
1002.28, 449
1002.46, 448
1002.64, 447
1002.84, 446
1003.02, 439
1003.19, 438
1003.37, 437
1007.02, 430
1007.57, 429
1020.97, 425
1022.14, 424
1022.85, 423
1024.96, 420
1027.56, 419
1027.6, 418
1027.61, 417
1027.62, 415
1027.62, 414
1027.93, 413
1027.95, 412
1028.49, 411
1030.14, 410
1030.17, 409
1031.13, 408
1031.42, 407
1031.63, 406
1033.97, 405
1035.97, 404
1036.03, 403
1037.78, 402
1038.01, 401
1039.73, 400
1044.2, 399
1044.29, 398
1044.31, 397
1044.71, 396
1044.88, 395
1045.05, 394
1045.23, 393
1046.04, 392
1049.57, 391
1049.73, 390
1050.21, 389
1050.23, 388
1050.24, 387
1052.91, 386
1053.14, 385
1053.33, 384
1054.3, 383
1054.62, 382
1058.66, 381
1059.16, 380
1059.26, 379
1059.58, 378
1059.67, 377
1063.14, 376
1064.01, 374
1065.04, 372
1069.8, 371
1069.9, 370
1071.15, 369
1071.64, 368
1073.2, 367
1073.24, 366
1073.24, 365
1078.28, 364
1079.23, 363
1086.0, 362
1086.03, 361
1086.04, 360
1086.04, 359
1086.05, 358
1095.1, 357
1095.15, 356
1095.16, 355
1095.27, 354
1095.28, 353
1095.28, 352
1095.29, 351
1101.95, 350
1103.03, 349
1103.9, 348
1104.3, 347
1112.9, 346
1112.95, 345
1112.97, 344
1118.21, 343
1118.26, 342
1122.75, 341
1122.85, 340
1122.87, 339
1122.89, 338
1122.91, 337
1123.96, 336
1124.55, 335
1125.17, 334
1130.3, 333
1130.83, 332
1131.55, 331
1132.37, 330
1133.26, 329
1136.01, 328
1136.12, 327
1138.53, 326
1139.09, 325
1139.79, 324
1140.24, 323
1140.36, 322
1143.27, 321
1143.37, 320
1157.72, 319
1157.76, 318
1157.77, 317
1157.77, 316
1157.78, 315
1157.79, 314
1157.79, 313
1157.8, 312
1157.8, 311
1157.81, 310
1157.81, 309
1157.82, 308
1178.55, 307
1178.97, 306
1192.18, 304
1193.78, 302
1194.53, 301
1198.42, 300
1198.79, 299
1200.6, 298
1201.12, 297
1201.92, 296
1223.03, 295
1229.1, 294
1229.15, 293
1229.16, 292
1229.17, 291
1229.17, 290
1229.18, 289
1229.18, 288
1229.19, 287
1229.19, 286
1229.2, 285
1229.2, 284
1229.22, 283
1231.11, 282
1235.63, 281
1237.57, 280
1239.05, 279
1239.08, 278
1239.09, 277
1239.1, 276
1239.1, 275
1239.11, 274
1239.12, 273
1239.12, 272
1240.41, 271
1250.99, 270
1251.65, 269
1251.85, 268
1252.43, 267
1253.23, 266
1253.55, 265
1254.32, 264
1255.79, 263
1256.09, 262
1256.23, 261
1258.81, 260
1258.85, 259
1258.86, 258
1259.9, 257
1260.25, 256
1260.67, 255
1260.86, 254
1262.4, 253
1265.57, 252
1265.77, 251
1265.95, 250
1266.14, 249
1266.57, 248
1272.36, 247
1272.53, 246
1272.74, 245
1272.9, 244
1273.44, 243
1273.47, 242
1273.48, 241
1279.67, 240
1284.67, 239
1285.03, 238
1285.05, 237
1287.18, 236
1287.32, 235
1293.85, 233
1294.97, 232
1295.25, 231
1304.27, 229
1318.38, 228
1318.51, 227
1318.63, 226
1318.75, 225
1318.86, 224
1319.44, 223
1319.5, 222
1319.56, 221
1319.59, 220
1319.61, 219
1319.79, 218
1325.44, 217
1325.58, 216
1326.06, 215
1326.08, 214
1326.09, 213
1326.77, 212
1328.81, 211
1328.85, 210
1329.41, 209
1331.72, 208
1347.65, 207
1347.83, 206
1348.91, 205
1348.97, 204
1348.99, 203
1349.01, 202
1349.03, 201
1349.05, 200
1349.08, 199
1349.1, 198
1353.43, 197
1353.53, 196
1353.55, 195
1353.57, 194
1353.59, 193
1355.11, 192
1355.6, 191
1357.11, 190
1358.21, 189
1360.84, 188
1361.48, 187
1361.74, 186
1361.82, 185
1361.99, 184
1375.17, 183
1375.48, 182
1375.52, 181
1403.8, 180
1405.51, 179
1406.34, 178
1505.83, 177
1538.83, 176
1575.62, 175
1575.64, 174
1595.69, 173
1595.96, 172
1596.59, 171
1596.63, 170
1596.64, 169
1606.97, 168
1607.13, 167
1607.16, 166
1607.35, 165
1607.49, 164
1607.97, 163
1607.99, 162
1608.0, 161
1608.87, 160
1609.53, 159
1611.17, 158
1612.15, 157
1613.0, 156
1625.11, 155
1639.97, 154
1666.26, 153
1666.94, 152
1667.49, 151
1668.68, 150
1668.8, 149
1668.99, 148
1670.55, 147
1670.63, 146
1673.36, 145
1673.79, 144
1674.86, 143
1675.63, 142
1677.21, 141
1677.93, 140
1680.84, 139
1686.48, 138
1750.27, 137
1750.31, 136
1751.66, 135
1755.39, 134
1755.54, 133
1756.64, 132
1761.87, 131
1762.0, 130
1766.16, 129
1767.98, 128
1768.04, 127
1771.46, 126
1771.54, 125
1771.55, 124
1773.66, 123
1774.83, 122
1775.3, 121
1777.24, 120
1777.72, 119
1778.76, 118
1780.54, 117
1781.51, 116
1782.3, 115
1786.69, 114
1788.3, 113
1788.33, 112
1788.46, 111
1789.48, 110
1790.68, 109
1791.92, 108
1793.7, 107
1795.12, 106
1796.16, 105
1796.8, 104
1797.25, 103
1799.75, 102
1801.03, 101
1803.52, 100
1808.84, 99
1811.36, 98
1811.41, 97
1811.41, 96
1811.42, 95
1811.42, 94
1817.11, 93
1837.7, 92
1837.75, 91
1838.52, 90
1851.87, 89
1851.96, 88
1851.98, 87
1851.99, 86
1854.32, 85
1854.35, 84
1857.74, 83
1857.79, 82
1858.91, 81
1858.93, 80
1859.87, 79
1862.37, 78
1862.83, 77
1868.99, 76
1869.09, 75
1870.09, 74
1870.12, 73
1873.44, 72
1874.24, 71
1875.88, 70
1876.82, 69
1877.54, 68
1878.4, 67
1879.78, 66
1880.6, 65
