12861.29, 12150
12871.19, 12083
12881.36, 12082
12883.69, 12017
12894.89, 12016
12906.65, 11926
12914.66, 11859
12915.92, 11858
12924.6, 11793
12927.1, 11792
12934.12, 11704
12946.51, 11637
12953.8, 11636
12956.16, 11571
13180.96, 11570
13188.81, 11569
13292.22, 11568
13297.39, 11483
13309.4, 11416
13312.05, 11415
13322.65, 11350
13325.08, 11349
13334.22, 11348
13345.72, 11347
13351.77, 11346
13366.66, 11345
13371.26, 11263
13373.56, 11196
13416.41, 11195
13420.54, 11130
13423.29, 11129
13524.38, 11127
13526.9, 11126
13640.63, 11125
13645.49, 11124
13657.63, 11123
13662.6, 11122
13671.42, 11044
13682.57, 10977
13687.19, 10976
13716.04, 10911
13727.21, 10910
13861.56, 10907
13864.61, 10906
13873.34, 10905
13889.53, 10904
13892.37, 10903
13981.62, 10902
14001.86, 10901
14005.33, 10900
14023.34, 10899
14028.11, 10826
14036.83, 10759
14039.23, 10758
14052.36, 10693
14058.34, 10692
14060.89, 10688
14104.38, 10687
14150.41, 10685
14170.39, 10684
14190.9, 10683
14246.96, 10682
14249.59, 10681
14263.88, 10680
14268.91, 10679
14272.12, 10678
14294.04, 10677
14299.25, 10676
14301.81, 10609
14314.56, 10542
14317.53, 10541
14334.03, 10476
14336.47, 10475
14342.29, 10470
14387.16, 10469
14389.78, 10466
14392.02, 10465
14418.35, 10464
14431.07, 10463
14434.06, 10462
14455.38, 10461
14477.57, 10460
14534.17, 10459
14538.15, 10458
14545.23, 10457
14566.33, 10456
14568.83, 10455
14573.15, 10454
14588.61, 10453
14596.55, 10393
14607.55, 10326
14609.74, 10325
14616.5, 10260
14624.28, 10259
14636.0, 10253
14643.38, 10252
14655.46, 10248
14762.27, 10247
14764.81, 10246
14794.14, 10245
14796.86, 10244
14799.09, 10243
14804.95, 10242
14822.01, 10241
14824.16, 10240
14836.14, 10239
14838.84, 10238
14850.82, 10237
14861.7, 10236
14867.79, 10235
14883.88, 10234
14898.45, 10233
14898.47, 10232
14902.29, 10231
14976.04, 10216
14990.17, 10214
14990.22, 10213
15005.29, 10209
15007.33, 10207
15051.06, 10206
15057.72, 10204
15060.2, 10202
15072.34, 10201
15074.72, 10200
15093.18, 10199
15103.49, 10198
15166.6, 10197
15173.96, 10196
15176.42, 10195
15178.93, 10194
15199.72, 10193
15203.78, 10192
15206.3, 10191
15284.1, 10190
15288.07, 10189
15288.98, 10188
15322.03, 10187
15327.2, 10186
15329.65, 10185
15441.71, 10184
15444.24, 10183
15455.35, 10182
15460.93, 10181
15487.51, 10180
15489.98, 10179
15492.64, 10178
15508.78, 10177
15511.26, 10176
15523.46, 10175
15551.81, 10168
15556.52, 10166
15559.16, 10165
15574.39, 10160
15576.96, 10158
15599.08, 10157
15610.48, 10154
15613.04, 10152
15668.08, 10151
15675.3, 10150
15728.19, 10148
15728.3, 10147
15731.6, 10146
15768.89, 10145
15770.97, 10144
15800.84, 10143
15865.75, 10142
15866.33, 10141
15883.76, 10140
15886.12, 10139
15896.42, 10138
15926.85, 10137
15929.33, 10136
15953.24, 10135
15958.28, 10134
15960.35, 10133
15996.32, 10132
15998.93, 10131
16018.11, 10130
16025.59, 10129
16034.24, 10128
16044.72, 10127
16053.8, 10126
16057.72, 10125
16065.75, 10124
16083.08, 10123
16093.74, 10122
16103.06, 10121
16111.68, 10120
16136.18, 10119
16177.95, 10118
16181.29, 10117
16182.76, 10116
16214.1, 10115
16216.19, 10114
16243.06, 10113
16248.28, 10107
16253.68, 10105
16274.27, 10104
16276.77, 10100
16279.23, 10098
16303.22, 10097
16305.88, 10096
16308.27, 10095
16341.12, 10093
16343.58, 10092
16346.09, 10091
16371.13, 10090
16373.72, 10089
16386.97, 10088
16389.26, 10086
16403.99, 10085
16406.57, 10084
16468.06, 10083
16477.31, 10082
16479.85, 10081
16511.81, 10080
16514.55, 10079
16516.83, 10078
16545.28, 10077
16573.61, 10076
16576.11, 10075
16578.56, 10074
16611.54, 10073
16614.57, 10072
16616.48, 10071
16648.31, 10070
16651.25, 10069
16658.36, 10068
16661.82, 10067
16681.6, 10066
16684.07, 10065
16709.56, 10064
16714.46, 10063
16732.13, 10062
16737.26, 10061
16739.82, 10060
16797.42, 10059
16799.79, 10058
16814.62, 10056
16816.95, 10055
16819.44, 10050
16922.58, 10048
16925.01, 10047
16927.53, 10046
16936.37, 10044
16948.63, 10042
16953.57, 10041
16958.56, 10040
16967.27, 10039
16977.48, 10038
16982.28, 10037
17094.3, 10036
17096.86, 10034
17119.56, 10033
17122.24, 10032
17130.22, 10031
17132.75, 10030
17143.81, 10029
17192.67, 10028
17195.21, 10027
17255.61, 10026
17262.43, 10025
17262.5, 10024
17276.26, 10023
17295.63, 10022
17298.37, 10021
17311.08, 10020
17315.79, 10019
17322.23, 10018
17329.54, 10017
17341.39, 10016
17354.76, 10015
17366.6, 10014
17384.92, 10013
17387.5, 10012
17389.96, 10011
17415.87, 10010
17418.39, 10009
17421.84, 10008
17444.38, 10007
17447.95, 10006
17468.25, 10005
17475.58, 10004
17478.11, 10002
17480.88, 10001
17492.5, 10000
17496.87, 9999
17509.77, 9998
17523.13, 9997
17528.2, 9996
17616.85, 9995
17621.05, 9994
17623.49, 9993
17648.99, 9992
17651.97, 9991
17668.59, 9990
17675.69, 9989
17677.03, 9988
17694.73, 9987
17697.89, 9986
17714.94, 9985
17717.42, 9984
17731.08, 9983
17748.97, 9982
17753.88, 9981
17791.3, 9980
17793.85, 9979
17823.18, 9978
17824.73, 9977
17854.5, 9976
17860.78, 9975
17863.53, 9974
17877.07, 9973
17882.21, 9972
17899.91, 9971
17941.85, 9970
17944.4, 9969
17947.66, 9968
17975.85, 9967
17981.3, 9966
17989.48, 9965
17992.16, 9964
17999.79, 9963
18045.38, 9961
18051.96, 9960
18054.4, 9959
18082.43, 9958
18084.94, 9957
18087.47, 9955
18099.1, 9954
18116.77, 9953
18119.36, 9952
18121.78, 9951
18138.77, 9950
18142.47, 9949
18145.03, 9948
18166.81, 9947
18169.28, 9946
18179.14, 9945
18199.26, 9944
18204.18, 9943
18208.82, 9942
18213.98, 9941
18223.49, 9940
18237.66, 9939
18252.34, 9938
18258.78, 9937
18261.39, 9936
18276.0, 9935
18410.35, 9934
18418.19, 9933
18421.83, 9932
18435.04, 9931
18443.42, 9930
18446.46, 9929
18448.46, 9928
18464.59, 9927
18484.63, 9926
18487.18, 9925
18512.88, 9924
18518.37, 9923
18521.52, 9922
18565.74, 9921
18567.79, 9920
18592.68, 9919
18619.17, 9918
18625.74, 9917
18650.48, 9916
18652.2, 9914
18668.92, 9913
18671.36, 9912
18673.92, 9911
18686.35, 9910
18689.08, 9909
18701.33, 9908
18707.13, 9907
18724.14, 9906
18730.14, 9905
18732.56, 9904
18748.31, 9903
18753.05, 9902
18853.15, 9901
18855.68, 9900
18866.91, 9899
18890.31, 9898
18897.46, 9897
18900.0, 9896
18923.48, 9895
18941.11, 9894
18943.62, 9893
18967.03, 9892
18969.45, 9891
18984.51, 9890
18988.67, 9889
19019.4, 9888
19039.12, 9887
19041.66, 9886
19057.15, 9885
19063.19, 9884
19065.74, 9883
19134.27, 9882
19151.68, 9881
19155.37, 9880
19156.67, 9879
19192.47, 9878
19194.94, 9877
19197.44, 9876
19217.9, 9875
19222.94, 9874
19256.56, 9873
19259.04, 9872
19282.35, 9871
19284.35, 9870
19312.72, 9869
19330.7, 9868
19333.19, 9867
19335.68, 9866
19362.58, 9864
19367.9, 9863
19386.13, 9862
19388.52, 9861
19432.99, 9860
19435.51, 9859
19457.16, 9858
19459.61, 9857
19499.31, 9855
19505.49, 9854
19508.01, 9853
19536.03, 9852
19555.68, 9851
19558.14, 9850
19572.38, 9849
19575.61, 9848
19577.69, 9847
19627.68, 9846
19630.17, 9845
19652.77, 9844
19655.36, 9843
19657.82, 9842
19681.43, 9841
19685.11, 9840
19739.23, 9839
19757.54, 9838
19760.29, 9837
19762.48, 9836
19792.94, 9835
19796.45, 9834
19810.01, 9833
19814.45, 9832
19851.83, 9831
19873.1, 9830
19875.48, 9829
19878.02, 9828
19894.71, 9827
19918.24, 9826
19921.99, 9825
19923.44, 9824
19944.78, 9823
19947.17, 9822
19983.42, 9821
19985.88, 9820
20000.45, 9819
20003.01, 9818
20014.92, 9817
20020.17, 9816
20033.04, 9815
20051.47, 9814
20056.55, 9813
20079.21, 9812
20090.81, 9811
20094.72, 9810
20097.28, 9809
20175.89, 9808
20179.06, 9807
20226.24, 9806
20232.22, 9804
20234.29, 9803
20709.25, 9802
20711.68, 9801
20714.16, 9800
20760.02, 9799
20762.5, 9798
20790.0, 9797
20792.3, 9796
20794.75, 9795
20808.83, 9794
20813.92, 9793
20820.88, 9792
20843.38, 9791
20845.88, 9790
20848.31, 9789
20918.72, 9788
20925.27, 9787
20927.73, 9786
21008.99, 9785
21025.32, 9784
21040.56, 9783
21147.93, 9782
21163.54, 9781
21179.32, 9780
21260.31, 9779
21277.33, 9778
21279.82, 9777
21308.27, 9776
21310.69, 9775
21313.15, 9774
21344.07, 9773
21352.22, 9772
21355.14, 9771
21373.5, 9770
21375.94, 9769
21378.36, 9768
21398.67, 9767
21401.05, 9766
21436.26, 9765
21438.72, 9764
21441.1, 9763
21469.21, 9762
21479.22, 9761
21481.7, 9760
21507.95, 9758
21510.36, 9757
21513.43, 9756
21532.95, 9755
21536.11, 9754
21538.68, 9753
21562.43, 9752
21564.93, 9751
21588.65, 9750
21591.9, 9749
21601.51, 9748
21604.81, 9747
21615.95, 9746
21620.39, 9745
21633.98, 9744
21639.51, 9743
21648.61, 9742
21653.47, 9741
21700.85, 9740
21708.97, 9739
21709.07, 9738
21735.44, 9737
21738.54, 9736
21766.58, 9735
21769.04, 9734
21780.11, 9733
21782.18, 9732
21812.65, 9731
21819.72, 9730
21822.2, 9729
21867.11, 9728
21876.57, 9727
21879.01, 9726
21881.47, 9725
21888.92, 9724
21927.6, 9723
21930.91, 9722
21959.55, 9721
21969.4, 9720
21971.97, 9719
21994.93, 9718
22007.88, 9717
22010.31, 9716
22012.75, 9715
22075.3, 9714
22081.28, 9712
22082.95, 9711
22101.69, 9709
22108.64, 9708
22111.14, 9707
22126.57, 9706
22134.65, 9705
22137.28, 9704
22139.71, 9703
22157.31, 9702
22159.7, 9701
22194.12, 9700
22197.2, 9699
22199.1, 9698
22239.42, 9697
22241.9, 9696
22251.95, 9695
22268.23, 9694
22270.52, 9693
22272.98, 9692
22334.31, 9691
22342.65, 9690
22345.18, 9689
22370.35, 9688
22372.78, 9687
22398.81, 9686
22400.89, 9685
22414.21, 9684
22416.73, 9683
22427.79, 9682
22441.11, 9681
22445.49, 9680
22456.78, 9679
22463.42, 9678
22477.51, 9677
22498.97, 9676
22503.68, 9675
22547.45, 9674
22549.34, 9673
22580.76, 9672
22606.33, 9671
22608.82, 9670
22626.98, 9669
22628.64, 9668
22644.82, 9667
22647.05, 9666
22659.6, 9665
22662.11, 9664
22699.5, 9663
22707.14, 9662
22709.8, 9661
22714.48, 9660
22754.63, 9659
22759.58, 9658
22759.62, 9657
22793.34, 9656
22795.7, 9655
22823.11, 9654
22829.18, 9653
22845.02, 9652
22860.81, 9651
22876.36, 9650
22892.19, 9649
22907.8, 9648
22923.56, 9647
22939.13, 9646
22955.07, 9645
23166.12, 9644
23177.64, 9643
23178.74, 9642
23211.53, 9641
23214.88, 9640
23236.45, 9639
23238.77, 9638
23241.31, 9637
23268.77, 9636
23284.48, 9635
23300.09, 9634
23315.91, 9633
23331.51, 9632
23347.26, 9631
23362.86, 9630
23378.65, 9629
23531.45, 9628
23538.64, 9627
23584.64, 9626
23587.11, 9625
23632.25, 9624
23637.85, 9623
23640.37, 9622
23676.97, 9621
23679.4, 9620
23708.46, 9619
23713.97, 9618
23715.54, 9617
23774.67, 9616
23779.56, 9615
23801.79, 9614
23804.24, 9613
23812.19, 9612
23822.91, 9611
23825.35, 9610
23834.76, 9609
23848.63, 9608
23850.98, 9607
23873.19, 9606
23878.5, 9605
23880.98, 9604
23896.74, 9603
23899.25, 9602
23958.57, 9601
23964.46, 9600
23966.8, 9599
23984.65, 9598
23987.06, 9597
24011.32, 9596
24017.59, 9595
24034.05, 9594
24049.1, 9593
24065.64, 9592
24218.01, 9591
24220.89, 9590
24222.92, 9589
24259.45, 9588
24275.19, 9587
24320.84, 9586
24323.26, 9585
24362.1, 9584
24364.72, 9583
24367.13, 9582
24385.55, 9581
24388.6, 9580
24396.73, 9579
24413.88, 9578
24425.95, 9577
24428.31, 9576
24481.16, 9575
24483.44, 9574
24486.16, 9573
24543.06, 9572
24547.48, 9571
24551.31, 9570
24573.97, 9569
24581.92, 9568
24584.22, 9567
24621.62, 9566
24623.92, 9565
24662.2, 9564
24677.21, 9563
24679.67, 9562
24682.2, 9561
24705.33, 9560
24713.36, 9559
24715.75, 9558
24734.88, 9557
24740.8, 9556
24758.65, 9555
24763.13, 9554
24776.76, 9553
24781.11, 9552
24782.32, 9551
24844.64, 9549
24847.16, 9548
24849.56, 9547
24894.7, 9546
24897.29, 9545
24899.63, 9544
24910.33, 9543
24912.71, 9542
24924.33, 9541
24939.68, 9540
24952.02, 9539
24960.71, 9538
24976.45, 9537
24992.21, 9536
25007.87, 9535
25023.89, 9534
25039.47, 9533
25055.25, 9532
25167.67, 9531
25180.61, 9530
25183.38, 9529
25211.3, 9528
25218.69, 9527
25221.1, 9526
25250.42, 9525
25260.85, 9524
25276.65, 9523
25292.52, 9522
25308.33, 9521
25349.45, 9520
25356.18, 9519
25371.85, 9518
25388.96, 9517
25403.45, 9516
25495.01, 9515
25542.52, 9514
25552.34, 9513
25564.5, 9512
25566.31, 9511
25568.75, 9510
25582.16, 9509
25584.07, 9508
25603.82, 9507
25619.55, 9506
25635.31, 9505
25650.96, 9504
25667.0, 9503
25680.86, 9502
25683.32, 9501
25710.31, 9500
25713.01, 9499
25715.73, 9498
25729.91, 9497
25777.27, 9496
25779.73, 9495
25782.36, 9494
25813.63, 9493
25816.14, 9492
25818.62, 9491
25865.08, 9490
25878.45, 9489
25880.96, 9488
25912.82, 9487
25915.34, 9486
25917.7, 9485
25948.82, 9484
25951.27, 9483
25973.72, 9482
25978.39, 9481
25980.85, 9480
25991.56, 9479
25994.0, 9478
26010.11, 9477
26013.47, 9476
26025.51, 9475
26051.83, 9474
26054.17, 9472
26064.56, 9471
26066.82, 9470
26084.79, 9469
26087.37, 9468
26100.84, 9467
26105.72, 9466
26125.24, 9465
26131.39, 9464
26133.85, 9463
26136.29, 9462
26152.52, 9461
26158.17, 9460
26160.6, 9459
26223.35, 9458
26225.75, 9457
26267.89, 9456
26290.59, 9455
26293.06, 9454
26308.84, 9453
26311.3, 9452
26314.29, 9451
26322.85, 9450
26342.04, 9449
26345.76, 9448
26354.2, 9447
26364.73, 9446
26366.31, 9445
26384.19, 9444
26388.53, 9443
26401.36, 9442
26402.82, 9441
26483.04, 9440
26514.37, 9439
26516.8, 9438
26543.9, 9437
26546.34, 9436
26578.73, 9435
26583.08, 9434
26585.56, 9433
26600.89, 9432
26603.35, 9431
26618.67, 9430
26634.61, 9429
26650.43, 9428
26666.07, 9427
26682.13, 9426
26697.84, 9425
26713.96, 9424
26729.33, 9423
26745.08, 9422
26760.72, 9421
26776.75, 9420
26792.4, 9419
26808.38, 9418
26824.02, 9417
26840.0, 9416
27108.01, 9415
27126.46, 9414
27132.66, 9413
27132.7, 9412
27195.96, 9411
27198.81, 9410
27231.31, 9409
27233.74, 9408
27271.66, 9407
27279.0, 9406
27281.42, 9405
27309.48, 9404
27314.89, 9403
27317.36, 9402
27343.35, 9401
27345.77, 9400
27362.7, 9399
27365.39, 9398
27376.64, 9397
27382.37, 9396
27398.96, 9395
27434.23, 9394
27460.77, 9393
27462.97, 9392
27489.73, 9391
27490.11, 9390
27542.16, 9389
27547.06, 9388
27549.51, 9387
27577.94, 9385
27584.44, 9384
27586.95, 9383
27639.24, 9382
27654.66, 9381
27671.61, 9380
27686.05, 9379
27702.04, 9378
27717.72, 9377
27733.81, 9376
27749.68, 9375
27914.57, 9374
27916.84, 9373
27953.94, 9372
27993.7, 9371
27996.31, 9370
28051.31, 9369
28060.35, 9368
28062.82, 9367
28065.49, 9366
28084.9, 9365
28087.38, 9364
28097.27, 9363
28110.96, 9362
28116.53, 9361
28126.86, 9360
28132.38, 9359
28139.65, 9358
28152.13, 9357
28161.54, 9356
28164.12, 9355
28261.95, 9354
28280.53, 9353
28282.77, 9352
28315.78, 9351
28321.69, 9350
28347.21, 9349
28352.83, 9348
28355.38, 9347
28366.4, 9346
28379.27, 9345
28387.76, 9344
28415.16, 9343
28431.11, 9342
28447.19, 9341
28462.4, 9340
28478.15, 9339
28493.73, 9338
28509.62, 9337
28683.8, 9336
28686.99, 9335
28701.15, 9334
28704.98, 9333
28770.59, 9332
28777.31, 9331
28779.39, 9330
28801.03, 9329
28814.68, 9328
28817.1, 9327
28819.58, 9326
28869.74, 9325
28872.3, 9324
28874.65, 9323
28910.7, 9322
28926.47, 9321
28942.94, 9320
28957.9, 9319
28975.58, 9318
28989.71, 9317
29005.22, 9316
29260.9, 9315
29290.96, 9314
29293.39, 9313
29298.5, 9312
29319.12, 9311
29332.62, 9310
29361.42, 9309
29363.95, 9308
29372.98, 9307
29384.07, 9306
29390.31, 9305
29392.71, 9304
29454.63, 9303
29456.71, 9302
29484.39, 9301
29486.76, 9300
29514.99, 9299
29549.03, 9298
29551.54, 9297
29554.07, 9296
29597.43, 9295
29600.07, 9294
29602.45, 9293
29624.24, 9292
29624.45, 9291
29657.63, 9290
29660.14, 9289
29662.65, 9288
29692.2, 9287
29694.77, 9286
29742.67, 9285
29758.35, 9284
29774.23, 9283
29884.82, 9282
29887.33, 9281
29889.8, 9280
29912.39, 9279
29914.74, 9278
29917.15, 9277
29945.48, 9276
29948.01, 9275
29971.58, 9274
29974.02, 9273
29975.98, 9272
30011.27, 9271
30017.76, 9270
30021.62, 9269
30048.67, 9268
30050.99, 9267
30053.5, 9266
30076.12, 9265
30109.81, 9264
30116.41, 9263
30118.92, 9262
30124.49, 9261
30137.08, 9260
30159.7, 9259
30165.51, 9258
30211.35, 9257
30213.77, 9256
30233.59, 9255
30236.6, 9254
30268.85, 9253
30272.15, 9252
30294.78, 9251
30297.25, 9250
30315.01, 9249
30317.99, 9248
30329.0, 9247
30335.49, 9246
30351.3, 9245
30367.19, 9244
30382.78, 9243
30398.91, 9242
30414.32, 9241
30430.25, 9240
30445.7, 9239
30461.44, 9238
30668.36, 9237
30670.85, 9236
30699.99, 9235
30720.89, 9234
30723.75, 9233
30726.63, 9232
30775.94, 9231
30801.59, 9230
30804.05, 9229
30829.24, 9228
30849.61, 9227
30865.33, 9226
30881.15, 9225
30897.09, 9224
30912.68, 9223
30928.52, 9222
30945.02, 9221
30959.9, 9220
30975.65, 9219
31175.85, 9218
31185.48, 9217
31187.96, 9216
31264.61, 9215
31266.46, 9214
31268.68, 9213
31328.33, 9212
31347.99, 9211
31349.36, 9210
31351.97, 9209
31385.64, 9208
31388.28, 9207
31392.68, 9206
31423.63, 9205
31438.86, 9204
31453.93, 9203
31644.04, 9202
31652.5, 9201
31683.76, 9200
31686.22, 9199
31693.32, 9198
31704.24, 9197
31708.72, 9196
31721.24, 9195
31752.75, 9194
31755.23, 9193
31757.73, 9192
31789.22, 9191
31794.39, 9190
32169.76, 9189
32306.34, 9188
32306.57, 9187
32309.2, 9186
32368.57, 9185
32401.43, 9184
32418.16, 9183
32421.7, 9182
32441.15, 9181
32443.68, 9180
32476.05, 9179
32481.27, 9178
32481.35, 9177
32511.59, 9176
32519.38, 9175
32521.9, 9174
32583.8, 9173
32595.22, 9172
32597.67, 9171
32624.6, 9170
32642.56, 9169
32647.5, 9168
32649.87, 9167
32678.82, 9166
32688.35, 9165
32689.89, 9164
32722.3, 9163
32728.42, 9162
32776.55, 9161
32796.89, 9160
32799.24, 9159
32811.54, 9158
32814.32, 9157
32835.05, 9156
32845.61, 9155
32848.22, 9154
32876.63, 9153
32883.2, 9152
32885.64, 9151
32941.04, 9150
32948.16, 9149
32949.98, 9148
32980.71, 9147
32996.33, 9146
33012.16, 9145
33027.8, 9144
33043.83, 9143
33059.34, 9142
33075.26, 9141
33090.83, 9140
33106.82, 9139
33122.44, 9138
33138.32, 9137
33153.78, 9136
33169.58, 9135
33185.25, 9134
33202.07, 9133
33407.08, 9132
33409.38, 9131
33435.76, 9130
33443.83, 9129
33446.05, 9128
33466.31, 9127
33482.74, 9126
33492.0, 9125
33494.43, 9124
33503.6, 9123
33516.71, 9122
33522.61, 9121
33538.29, 9120
33543.4, 9119
33569.05, 9118
33584.8, 9117
33600.57, 9116
33616.12, 9115
33632.46, 9114
33647.47, 9113
33828.65, 9112
33837.6, 9111
33840.07, 9110
33843.92, 9109
33871.81, 9108
33874.26, 9107
33886.53, 9106
33908.15, 9105
33931.24, 9104
33934.68, 9103
33937.15, 9102
33958.81, 9101
33964.88, 9100
33980.65, 9099
33996.25, 9098
34012.21, 9097
34027.85, 9096
34044.01, 9095
34059.55, 9094
34075.62, 9093
34092.18, 9092
34107.18, 9091
34123.39, 9090
34138.54, 9089
34395.42, 9088
34395.51, 9087
34444.69, 9086
34464.27, 9085
34498.27, 9084
34498.31, 9083
34538.4, 9082
34545.09, 9081
34547.74, 9080
34549.21, 9079
34567.47, 9078
34575.77, 9077
34578.16, 9076
34598.05, 9075
34602.89, 9074
34655.8, 9073
34659.9, 9072
34662.89, 9071
34687.33, 9070
34689.6, 9069
34701.09, 9068
34714.42, 9067
34745.98, 9066
34764.03, 9065
34769.25, 9064
34771.77, 9063
34797.53, 9062
34802.44, 9061
34826.71, 9060
34829.23, 9059
34831.69, 9058
34860.25, 9057
34862.81, 9056
34880.58, 9055
34923.14, 9054
34945.58, 9053
34948.36, 9052
34950.67, 9051
34993.34, 9050
34995.69, 9049
34998.38, 9048
35021.57, 9047
35037.86, 9046
35053.2, 9045
35068.56, 9044
35084.34, 9043
35100.35, 9042
35121.83, 9041
35301.43, 9040
35313.63, 9039
35315.73, 9038
35354.9, 9037
35364.29, 9036
35367.0, 9035
35401.81, 9034
35405.14, 9033
35433.77, 9032
35436.26, 9031
35451.85, 9030
35469.64, 9029
35473.09, 9028
35497.15, 9027
35499.91, 9026
35516.23, 9025
35521.76, 9024
35534.83, 9023
35547.65, 9022
35548.94, 9021
35648.87, 9020
35654.81, 9019
35657.07, 9018
35675.62, 9017
35692.02, 9016
35708.65, 9015
35723.88, 9014
35739.16, 9013
35757.51, 9012
35822.07, 9011
35904.57, 9010
35907.35, 9009
35934.54, 9008
35947.06, 9007
35949.3, 9006
35959.65, 9005
35974.17, 9004
35978.78, 9003
36004.97, 9002
36012.46, 9001
36096.16, 9000
36098.62, 8999
36125.62, 8998
36132.58, 8997
36148.37, 8996
36180.28, 8995
36182.73, 8994
36197.48, 8993
36204.41, 8992
36206.92, 8991
36238.18, 8990
36240.64, 8989
36243.05, 8988
36269.14, 8987
36283.37, 8986
36285.82, 8985
36309.01, 8984
36313.97, 8983
36316.44, 8982
36338.39, 8981
36340.89, 8980
36355.72, 8979
36357.94, 8978
36380.52, 8977
36390.55, 8976
36394.15, 8975
36432.35, 8974
36434.77, 8973
36449.8, 8972
36455.96, 8971
36474.88, 8970
36487.35, 8969
36489.17, 8968
36535.76, 8967
36547.86, 8966
36548.87, 8965
36551.33, 8964
36583.55, 8963
36599.21, 8962
36601.68, 8961
36604.1, 8960
36614.17, 8959
36633.69, 8958
36639.84, 8957
36641.18, 8956
36688.36, 8955
36692.57, 8954
36723.51, 8953
36732.92, 8952
36735.46, 8951
36756.95, 8950
36770.08, 8949
36790.48, 8948
36799.98, 8947
36814.19, 8946
36828.86, 8945
36841.83, 8944
36846.9, 8943
36871.63, 8942
36881.85, 8941
36892.37, 8940
36909.47, 8939
36913.22, 8938
36924.5, 8937
36934.71, 8936
36943.79, 8935
36952.93, 8934
36962.97, 8933
36972.22, 8932
36982.81, 8931
37003.06, 8930
37013.14, 8929
37021.52, 8928
37058.28, 8927
37073.73, 8926
37074.02, 8925
37084.09, 8924
37091.47, 8923
37101.65, 8922
37115.31, 8921
37125.81, 8920
37130.75, 8919
37140.86, 8918
37153.86, 8917
37165.33, 8916
37171.27, 8915
37182.58, 8914
37201.49, 8913
37204.29, 8912
37223.08, 8911
37229.24, 8910
37247.72, 8909
37260.81, 8908
37264.77, 8907
37274.07, 8906
37282.95, 8905
37291.55, 8904
37304.11, 8903
37318.37, 8902
37321.9, 8901
37330.82, 8900
37340.02, 8899
37348.08, 8898
37357.26, 8897
37367.56, 8896
37377.01, 8895
37385.6, 8894
37397.67, 8893
37417.09, 8892
37421.2, 8891
37424.8, 8890
37434.39, 8889
37449.3, 8888
37455.68, 8887
37464.86, 8886
37473.92, 8885
37485.57, 8884
37493.38, 8883
37502.78, 8882
37512.09, 8881
37528.73, 8880
37533.22, 8879
37542.08, 8878
37564.18, 8877
37577.14, 8876
37584.07, 8875
37593.45, 8874
37606.58, 8873
37615.14, 8872
37623.8, 8871
37639.29, 8870
37648.2, 8869
37657.19, 8868
37667.6, 8867
37685.35, 8866
37688.08, 8865
37694.82, 8864
37703.85, 8863
37720.46, 8862
37727.46, 8861
37740.49, 8860
37744.63, 8859
37759.09, 8858
37764.1, 8857
37773.81, 8856
37783.14, 8855
37795.19, 8854
37819.89, 8853
37831.19, 8852
37837.39, 8851
37853.01, 8850
37875.56, 8849
37876.52, 8848
37887.0, 8847
37898.53, 8846
37904.92, 8845
37922.0, 8844
37929.96, 8843
37937.08, 8842
37949.01, 8841
37956.47, 8840
37967.48, 8839
37983.61, 8838
37996.78, 8837
38004.47, 8836
38038.97, 8835
38042.19, 8834
38056.61, 8833
38063.69, 8832
38069.81, 8831
38084.37, 8830
38101.49, 8829
38101.58, 8828
38125.03, 8827
38125.06, 8826
38148.38, 8825
38148.62, 8824
38161.01, 8823
38175.49, 8822
38182.21, 8821
38191.0, 8820
38215.24, 8819
38221.49, 8818
38237.38, 8817
38257.37, 8816
38259.85, 8815
38274.29, 8814
38284.6, 8813
38299.74, 8812
38310.64, 8811
38322.76, 8810
38325.17, 8809
38338.63, 8808
38347.84, 8807
38363.77, 8806
38377.41, 8805
38381.25, 8804
38389.92, 8803
38399.76, 8802
38424.12, 8801
38426.53, 8800
38431.93, 8799
38444.48, 8798
38451.6, 8797
38466.59, 8796
38475.99, 8795
38491.87, 8794
38506.14, 8793
38514.67, 8792
38526.31, 8791
38534.99, 8790
38547.29, 8789
38568.12, 8788
38568.22, 8787
38582.88, 8786
38600.98, 8785
38616.14, 8784
38659.85, 8783
38662.28, 8782
38683.35, 8781
38688.84, 8780
38691.35, 8779
38738.26, 8778
38738.57, 8777
38745.59, 8776
38762.2, 8775
38768.38, 8774
38781.96, 8773
38784.45, 8772
38808.66, 8771
38823.19, 8770
38825.67, 8769
38839.33, 8768
38841.65, 8767
38856.6, 8766
38859.01, 8765
38874.87, 8764
38923.64, 8763
38950.19, 8762
38963.37, 8761
38968.53, 8760
38993.92, 8759
39005.19, 8758
39042.21, 8757
39047.35, 8756
39060.0, 8755
39081.05, 8754
39086.12, 8753
39099.31, 8752
39111.65, 8751
39118.63, 8750
39137.38, 8749
39147.26, 8748
39149.78, 8747
39166.1, 8746
39184.49, 8745
39200.36, 8744
39219.94, 8743
39237.01, 8742
39243.95, 8741
39260.29, 8740
39265.55, 8739
39295.88, 8738
39304.61, 8737
39326.17, 8736
39345.84, 8735
39352.35, 8734
39370.39, 8733
39380.92, 8732
39383.37, 8731
39398.3, 8730
39403.94, 8729
39417.87, 8728
39426.0, 8727
39436.89, 8726
39447.94, 8725
39459.87, 8724
39468.45, 8723
39470.9, 8722
39485.64, 8721
39499.22, 8720
39525.36, 8719
39534.36, 8718
39536.82, 8717
39549.0, 8716
39558.85, 8715
39572.22, 8714
39587.06, 8713
39589.48, 8712
39599.22, 8711
39654.15, 8710
39707.34, 8709
39723.37, 8708
39744.67, 8707
39759.43, 8706
39765.5, 8705
39790.33, 8704
39802.71, 8703
39809.44, 8702
39815.44, 8701
39832.89, 8700
39857.95, 8699
39862.84, 8698
39865.36, 8697
39890.01, 8696
39894.77, 8695
39921.43, 8694
39930.34, 8693
39946.09, 8692
39963.09, 8691
39969.81, 8690
39983.05, 8689
39990.63, 8688
40006.49, 8687
40022.17, 8686
40037.56, 8685
40053.43, 8684
40068.84, 8683
40084.66, 8682
40100.33, 8681
40115.88, 8680
40155.34, 8679
40161.24, 8678
40194.88, 8677
40202.03, 8676
40204.5, 8675
40231.25, 8674
40236.1, 8673
40238.56, 8672
40265.56, 8671
40278.24, 8670
40280.74, 8669
40283.13, 8668
40301.84, 8667
40311.51, 8666
40320.76, 8665
40330.77, 8664
40341.27, 8663
40350.2, 8662
40361.82, 8661
40372.37, 8660
40375.58, 8659
40393.46, 8658
40407.25, 8657
40417.57, 8656
40431.27, 8655
40448.17, 8654
40455.08, 8653
40485.87, 8652
40490.19, 8651
40502.22, 8650
40510.53, 8649
40526.46, 8648
40531.11, 8647
40545.85, 8646
40551.89, 8645
40582.3, 8644
40598.71, 8643
40611.63, 8642
40614.11, 8641
40630.95, 8640
40636.14, 8639
40645.87, 8638
40682.84, 8637
40687.73, 8636
40702.51, 8635
40715.51, 8634
40721.85, 8633
40727.42, 8632
40757.42, 8631
40761.52, 8630
40779.26, 8629
40783.81, 8628
40808.49, 8627
40814.62, 8626
40827.69, 8625
40841.32, 8624
40857.15, 8623
40868.06, 8622
40879.11, 8621
40884.86, 8620
40911.15, 8619
40919.23, 8618
40932.04, 8617
40937.45, 8616
40949.67, 8615
40953.99, 8614
40976.7, 8613
40982.78, 8612
40999.46, 8611
41005.24, 8610
41020.8, 8609
41025.04, 8608
41049.03, 8607
41061.13, 8606
41063.72, 8605
41075.89, 8604
41107.38, 8603
41130.64, 8602
41138.42, 8601
41147.96, 8600
41164.19, 8599
41173.82, 8598
41218.53, 8597
41222.73, 8596
41234.9, 8595
41247.26, 8594
41267.11, 8593
41281.26, 8592
41295.16, 8591
41323.38, 8590
41340.85, 8589
41346.63, 8588
41366.15, 8587
41373.05, 8586
41375.47, 8585
41418.46, 8584
41437.45, 8583
41570.67, 8582
41572.94, 8581
41574.6, 8580
41593.76, 8579
41599.14, 8578
41622.9, 8577
41623.02, 8576
41625.05, 8575
41644.95, 8574
41650.82, 8573
41661.18, 8572
41679.22, 8571
41694.75, 8570
41699.83, 8569
41724.4, 8568
41731.02, 8567
41743.35, 8566
41748.09, 8565
41762.02, 8564
41781.18, 8563
41790.67, 8562
41809.11, 8561
41813.99, 8560
41831.44, 8559
41833.67, 8558
41862.27, 8557
41882.34, 8556
41895.4, 8555
41906.19, 8554
41924.98, 8553
41935.32, 8552
41948.67, 8551
41959.13, 8550
41964.11, 8549
41973.3, 8548
41991.46, 8547
41999.95, 8546
42015.86, 8545
42030.16, 8544
42052.04, 8543
42062.43, 8542
42073.1, 8541
42086.02, 8540
42095.87, 8539
42106.86, 8538
42126.07, 8537
42127.49, 8536
42149.47, 8535
42153.74, 8534
42175.41, 8533
42190.88, 8532
42195.07, 8531
42206.66, 8530
42222.46, 8529
42234.94, 8528
42243.66, 8527
42253.34, 8526
42267.54, 8525
42272.86, 8524
42288.78, 8523
42305.16, 8522
42328.88, 8521
42339.91, 8520
42351.99, 8519
42358.57, 8518
42369.92, 8517
42397.92, 8516
42403.83, 8515
42416.98, 8514
42423.28, 8513
42443.18, 8512
42461.48, 8511
42467.64, 8510
42470.06, 8509
42479.78, 8508
42494.25, 8507
42504.48, 8506
42517.19, 8505
42527.36, 8504
42532.21, 8503
42540.22, 8502
42554.94, 8501
42568.86, 8500
42582.14, 8499
42638.32, 8498
42652.67, 8497
42658.61, 8496
42683.0, 8495
42687.75, 8494
42703.7, 8493
42714.2, 8492
42726.08, 8491
42735.91, 8490
42748.71, 8489
42759.09, 8488
42779.86, 8487
42788.98, 8486
42814.09, 8485
42832.3, 8484
42836.55, 8483
42848.5, 8482
42867.11, 8481
42872.21, 8480
42884.69, 8479
42897.51, 8478
42920.6, 8477
42948.59, 8476
42953.35, 8475
42978.75, 8474
42983.6, 8473
42988.44, 8472
43008.13, 8471
43014.62, 8470
43040.2, 8469
43069.51, 8468
43085.61, 8467
43103.11, 8466
43109.34, 8465
43124.51, 8464
43128.73, 8463
43143.41, 8462
43153.44, 8461
43165.31, 8460
43169.84, 8459
43189.68, 8458
43203.41, 8457
43205.87, 8456
43216.62, 8455
43224.43, 8454
43241.83, 8453
43247.84, 8452
43265.38, 8451
43279.51, 8450
43294.16, 8449
43299.76, 8448
43306.35, 8447
43328.87, 8446
43342.2, 8445
43344.66, 8444
43358.07, 8443
43362.62, 8442
43378.05, 8441
43385.65, 8440
43426.16, 8439
43459.11, 8438
43466.41, 8437
43481.2, 8436
43491.82, 8435
43507.43, 8434
43537.4, 8433
43572.46, 8432
43584.16, 8431
43586.63, 8430
43599.95, 8429
43605.45, 8428
43620.45, 8427
43627.19, 8426
43640.76, 8425
43655.16, 8424
43668.56, 8423
43682.47, 8422
43687.07, 8421
43722.79, 8420
43728.13, 8419
43757.64, 8418
43771.35, 8417
43784.61, 8416
43800.06, 8415
43813.0, 8414
43815.53, 8413
43841.59, 8412
43847.27, 8411
43858.5, 8410
43864.78, 8409
43885.57, 8408
43897.71, 8407
43914.14, 8406
43924.15, 8405
43945.63, 8404
43962.54, 8403
43982.26, 8402
43997.44, 8401
44007.99, 8400
44019.34, 8399
44029.01, 8398
44039.69, 8397
44050.69, 8396
44056.64, 8395
44086.38, 8394
44108.68, 8393
44125.16, 8392
44131.07, 8391
44161.3, 8390
44166.66, 8389
44169.13, 8388
44196.66, 8387
44212.55, 8386
44228.32, 8385
44243.89, 8384
44259.63, 8383
44275.24, 8382
44294.89, 8381
44297.35, 8380
44317.74, 8379
44320.22, 8378
44345.68, 8377
44392.45, 8376
44402.55, 8375
44405.88, 8374
44407.45, 8373
44441.29, 8372
44446.68, 8371
44462.44, 8370
44478.23, 8369
44493.8, 8368
44509.55, 8367
44525.17, 8366
44557.21, 8365
44559.69, 8364
44577.48, 8363
44580.05, 8362
44582.53, 8361
44601.11, 8360
44603.66, 8359
44630.43, 8358
44632.93, 8357
44659.91, 8356
44678.78, 8355
44681.57, 8354
44700.22, 8353
44713.05, 8352
44715.23, 8351
44736.61, 8350
44743.58, 8349
44746.07, 8348
44766.62, 8347
44782.39, 8346
44797.97, 8345
44814.14, 8344
44829.24, 8343
44845.03, 8342
44860.56, 8341
44876.31, 8340
44891.93, 8339
44938.56, 8338
44944.78, 8337
44960.66, 8336
44976.21, 8335
44992.15, 8334
45038.47, 8333
45056.59, 8332
45058.87, 8331
45061.37, 8330
45091.27, 8329
45096.36, 8328
45098.94, 8327
45125.7, 8326
45136.41, 8325
45165.67, 8324
45172.8, 8323
45202.07, 8322
45219.94, 8321
45222.42, 8320
45233.58, 8319
45245.86, 8318
45264.2, 8317
45271.01, 8316
45291.99, 8315
45302.38, 8314
45304.9, 8313
45315.22, 8312
45357.6, 8311
45363.89, 8310
45378.84, 8309
45394.47, 8308
45434.4, 8307
45456.09, 8306
45458.53, 8305
45475.7, 8304
45481.08, 8303
45491.73, 8302
45510.9, 8301
45515.61, 8300
45532.74, 8299
45537.05, 8298
45565.88, 8297
45570.2, 8296
45572.72, 8295
45589.74, 8294
45610.75, 8293
45616.35, 8292
45644.72, 8291
45651.07, 8290
45699.61, 8289
45702.08, 8288
45723.23, 8287
45728.34, 8286
45730.84, 8285
45746.91, 8284
45758.54, 8283
45763.87, 8282
45777.05, 8281
45788.25, 8280
45795.75, 8279
45817.51, 8278
45824.72, 8277
45837.3, 8276
45855.3, 8275
45876.06, 8274
45889.76, 8273
45895.24, 8272
45914.39, 8271
45919.8, 8270
45949.32, 8269
45956.26, 8268
45958.7, 8267
45982.25, 8266
45984.68, 8265
46002.33, 8264
46004.84, 8263
46017.87, 8262
46034.43, 8261
46040.1, 8260
46049.45, 8259
46085.0, 8258
46091.8, 8257
46105.55, 8256
46113.65, 8255
46129.38, 8254
46145.11, 8253
46160.96, 8252
46176.44, 8251
46192.07, 8250
46207.85, 8249
46223.54, 8248
46239.44, 8247
46254.82, 8246
46311.02, 8245
46316.26, 8244
46318.72, 8243
46338.01, 8242
46342.82, 8241
46372.68, 8240
46381.8, 8239
46384.26, 8238
46407.6, 8237
46410.01, 8236
46412.49, 8235
46441.46, 8234
46444.37, 8233
46465.71, 8232
46478.04, 8231
46480.31, 8230
46482.42, 8229
46516.91, 8228
46522.51, 8227
46525.01, 8226
46551.92, 8225
46575.21, 8224
46577.68, 8223
46597.77, 8222
46613.42, 8221
46615.18, 8220
46635.03, 8219
46641.37, 8218
46643.83, 8217
46664.78, 8216
46670.15, 8215
46688.0, 8214
46690.36, 8213
46728.33, 8212
46733.56, 8211
46736.11, 8210
46781.11, 8209
46788.02, 8208
46790.53, 8207
46809.93, 8206
46827.68, 8205
46834.89, 8204
46850.0, 8203
46862.33, 8202
46864.95, 8201
46883.1, 8200
46899.79, 8199
46934.49, 8198
46937.03, 8197
46949.9, 8196
46957.88, 8195
46973.63, 8194
46979.67, 8193
47010.0, 8192
47010.22, 8191
47031.89, 8190
47037.29, 8189
47039.96, 8188
47063.57, 8187
47075.29, 8186
47088.3, 8185
47113.93, 8184
47126.86, 8183
47137.32, 8182
47143.12, 8181
47161.56, 8180
47172.55, 8179
47180.41, 8178
47198.99, 8177
47208.62, 8176
47218.28, 8175
47236.48, 8174
47254.0, 8173
47266.03, 8172
47289.2, 8171
47298.57, 8170
47321.64, 8169
47330.76, 8168
47359.92, 8167
47364.5, 8166
47376.27, 8165
47388.28, 8164
47403.3, 8163
47415.63, 8162
47421.34, 8161
47432.56, 8160
47449.3, 8159
47465.13, 8158
47469.85, 8157
47490.16, 8156
47504.67, 8155
47517.45, 8154
47519.93, 8153
47540.14, 8152
47559.61, 8151
47572.72, 8150
47584.75, 8149
47597.52, 8148
47606.98, 8147
47627.0, 8146
47666.79, 8145
47682.96, 8144
47724.83, 8143
47727.34, 8142
47748.02, 8141
47752.43, 8140
47771.03, 8139
47781.08, 8138
47795.44, 8137
47800.93, 8136
47821.68, 8135
47827.62, 8134
47843.11, 8133
47849.76, 8132
47866.5, 8131
47877.8, 8130
47889.64, 8129
47909.23, 8128
47924.6, 8127
47941.39, 8126
47946.8, 8125
47974.8, 8124
47984.54, 8123
48000.33, 8122
48015.9, 8121
48031.69, 8120
48128.58, 8119
48136.77, 8118
48154.93, 8117
48168.04, 8116
48183.96, 8115
48239.0, 8114
48251.52, 8113
48267.06, 8112
48269.87, 8111
48272.2, 8110
48301.17, 8109
48318.53, 8108
48320.98, 8107
48332.29, 8106
48342.1, 8105
48353.97, 8104
48382.93, 8103
48395.03, 8102
48401.69, 8101
48441.84, 8100
48447.31, 8099
48450.23, 8098
48478.32, 8097
48481.04, 8096
48492.41, 8095
48503.48, 8094
48518.78, 8093
48544.04, 8092
48556.36, 8091
48595.78, 8090
48599.42, 8089
48601.81, 8088
48629.18, 8087
48651.33, 8086
48654.02, 8085
48660.68, 8084
48692.65, 8083
48697.35, 8082
48699.78, 8081
48725.93, 8080
48735.05, 8079
48737.56, 8078
48753.41, 8077
48763.65, 8076
48775.01, 8075
48786.06, 8074
48792.7, 8073
48820.68, 8072
48823.16, 8071
48844.23, 8070
48850.07, 8069
48874.74, 8068
48879.3, 8067
48895.09, 8066
48941.26, 8065
48946.95, 8064
48973.14, 8063
48988.9, 8062
49011.81, 8061
49020.04, 8060
49044.38, 8059
49050.95, 8058
49068.14, 8057
49091.02, 8056
49108.99, 8055
49122.53, 8054
49129.59, 8053
49151.33, 8052
49170.34, 8051
49172.83, 8050
49190.28, 8049
49192.68, 8048
49211.42, 8047
49218.8, 8046
49243.39, 8045
49250.31, 8044
49264.56, 8043
49269.68, 8042
49289.91, 8041
49300.78, 8040
49309.64, 8039
49330.7, 8038
49343.05, 8037
49372.11, 8036
49389.53, 8035
49401.09, 8034
49412.18, 8033
49426.93, 8032
49448.89, 8031
49455.82, 8030
49458.3, 8029
49490.63, 8028
49498.33, 8027
49500.74, 8026
49528.95, 8025
49541.95, 8024
49552.49, 8023
49567.49, 8022
49599.21, 8021
49607.79, 8020
49610.99, 8019
49625.16, 8018
49641.94, 8017
49657.73, 8016
49681.88, 8015
49688.19, 8014
49712.97, 8013
49715.41, 8012
49727.37, 8011
49739.8, 8010
49743.29, 8009
49766.32, 8008
49775.81, 8007
49778.23, 8006
49812.47, 8005
49820.04, 8004
49822.47, 8003
49840.52, 8002
49854.71, 8001
49860.83, 8000
49876.71, 7999
49879.81, 7998
49900.41, 7997
49915.86, 7996
49923.73, 7995
49935.09, 7994
49949.32, 7993
49953.56, 7992
49983.11, 7991
49988.37, 7990
50049.25, 7989
50053.8, 7988
50083.54, 7987
50088.12, 7986
50106.29, 7985
50111.17, 7984
50134.55, 7983
50141.66, 7982
50144.15, 7981
50168.39, 7980
50176.67, 7979
50196.9, 7978
50209.03, 7977
50216.5, 7976
50438.09, 7975
50440.59, 7974
50443.01, 7973
50473.45, 7972
50482.15, 7971
50484.61, 7970
50511.46, 7969
50513.91, 7968
50525.35, 7967
50543.24, 7966
50545.9, 7965
50586.43, 7964
50598.02, 7963
50613.57, 7962
50629.13, 7961
50644.93, 7960
50660.51, 7959
50676.24, 7958
50691.83, 7957
50783.03, 7956
50826.09, 7955
50834.28, 7954
50836.72, 7953
50849.2, 7952
50870.34, 7951
50875.09, 7950
50877.52, 7949
50935.84, 7948
50954.08, 7947
50956.56, 7946
50975.54, 7945
50980.41, 7944
50999.57, 7943
51006.05, 7942
51008.36, 7941
51022.8, 7940
51027.61, 7939
51076.44, 7938
51084.09, 7937
51087.9, 7936
51117.07, 7935
51132.62, 7934
51148.31, 7933
51163.9, 7932
51180.2, 7931
51302.02, 7930
51309.6, 7929
51312.15, 7928
51326.35, 7927
51343.03, 7926
51347.78, 7925
51365.69, 7924
51377.83, 7923
51389.5, 7922
51405.39, 7921
51421.53, 7920
51436.77, 7919
51452.53, 7918
51511.38, 7917
51524.14, 7916
51526.57, 7915
51549.25, 7914
51556.07, 7913
51557.55, 7912
51593.96, 7911
51609.76, 7910
51625.43, 7909
51665.44, 7908
51674.38, 7907
51690.3, 7906
51706.65, 7905
51721.53, 7904
51737.13, 7903
51809.58, 7902
51812.14, 7901
51814.58, 7900
51846.21, 7899
51848.79, 7898
51865.97, 7897
51874.4, 7896
51876.87, 7895
51895.43, 7894
51901.75, 7893
51917.58, 7892
51931.07, 7891
51967.81, 7890
51970.31, 7889
51980.87, 7888
51999.77, 7887
52004.59, 7886
52021.19, 7885
52031.36, 7884
52052.49, 7883
52071.21, 7882
52073.62, 7881
52095.27, 7880
52099.52, 7879
52101.92, 7878
52123.48, 7877
52128.82, 7876
52145.55, 7875
52167.94, 7874
52176.32, 7873
52201.69, 7872
52209.13, 7871
52211.65, 7870
52226.61, 7869
52240.69, 7868
52286.11, 7867
52288.66, 7866
52291.06, 7865
52321.35, 7864
52328.03, 7863
52330.58, 7862
52347.5, 7861
52352.97, 7860
52373.73, 7859
52386.88, 7858
52398.17, 7857
52423.17, 7856
52434.17, 7855
52450.37, 7854
52455.74, 7853
52467.75, 7852
52481.86, 7851
52492.3, 7850
52516.22, 7849
52528.82, 7848
52548.79, 7847
52597.52, 7846
52602.19, 7845
52635.69, 7844
52643.87, 7843
52650.64, 7842
52670.48, 7841
52697.4, 7840
52709.37, 7839
52724.35, 7838
52730.0, 7837
52749.36, 7836
52754.65, 7835
52774.05, 7834
52783.13, 7833
52794.79, 7832
52816.88, 7831
52821.75, 7830
52860.35, 7829
52867.12, 7828
52869.62, 7827
52906.28, 7826
52923.57, 7825
52945.71, 7824
52951.68, 7823
52965.78, 7822
52976.42, 7821
52995.68, 7820
53004.55, 7819
53017.99, 7818
53031.8, 7817
53042.33, 7816
53051.93, 7815
53109.78, 7814
53116.84, 7813
53119.28, 7812
53134.56, 7811
53147.38, 7810
53152.65, 7809
53161.45, 7808
53189.3, 7807
53191.71, 7806
53231.32, 7805
53237.18, 7804
53251.95, 7803
53262.85, 7802
53276.18, 7801
53285.87, 7800
53297.57, 7799
53316.9, 7798
53319.55, 7797
53357.26, 7796
53363.93, 7795
53365.69, 7794
53397.59, 7793
53405.81, 7792
53407.76, 7791
53442.12, 7790
53447.12, 7789
53449.54, 7788
53478.56, 7787
53505.83, 7786
53512.41, 7785
53525.76, 7784
53539.56, 7783
53565.79, 7782
53574.89, 7781
53577.36, 7780
53616.39, 7779
53624.37, 7778
53639.93, 7777
53650.52, 7776
53664.56, 7775
53669.94, 7774
53695.19, 7773
53702.09, 7772
53704.59, 7771
53735.33, 7770
53751.08, 7769
53766.87, 7768
53799.37, 7767
53817.14, 7766
53842.39, 7765
53858.38, 7764
53860.8, 7763
53863.21, 7762
53879.58, 7761
53893.21, 7760
53907.12, 7759
53912.44, 7758
53952.23, 7757
53968.06, 7756
53983.73, 7755
53999.34, 7754
54015.1, 7753
54030.7, 7752
54108.6, 7751
54111.05, 7750
54134.84, 7749
54157.08, 7748
54173.59, 7747
54175.91, 7746
54183.98, 7745
54231.79, 7744
54238.22, 7743
54240.66, 7742
54279.52, 7741
54285.86, 7740
54288.13, 7739
54311.55, 7738
54324.7, 7737
54329.72, 7736
54332.16, 7735
54349.71, 7734
54362.17, 7733
54373.77, 7732
54385.87, 7731
54391.49, 7730
54411.4, 7729
54422.67, 7728
54444.33, 7727
54446.8, 7726
54474.21, 7725
54478.28, 7724
54503.58, 7723
54519.59, 7722
54535.02, 7721
54580.33, 7720
54589.09, 7719
54604.79, 7718
54620.29, 7717
54660.15, 7716
54662.58, 7715
54713.4, 7714
54715.05, 7713
54717.44, 7712
54741.31, 7711
54746.8, 7710
54759.12, 7709
54772.73, 7708
54784.96, 7707
54795.74, 7706
54809.32, 7705
54836.55, 7704
54844.78, 7703
54847.24, 7702
54889.84, 7701
54894.44, 7700
54910.83, 7699
54916.11, 7698
54938.01, 7697
54943.28, 7696
54969.55, 7695
54984.15, 7694
54987.91, 7693
55009.54, 7692
55012.0, 7691
55034.62, 7690
55037.02, 7689
55055.24, 7688
55066.66, 7687
55081.86, 7686
55088.96, 7685
55109.21, 7684
55114.66, 7683
55132.12, 7682
55144.05, 7681
55178.72, 7680
55185.22, 7679
55206.52, 7678
55219.19, 7677
55227.25, 7676
55268.07, 7675
55285.81, 7674
55288.16, 7673
55309.65, 7672
55312.08, 7671
55321.72, 7670
55339.44, 7669
55349.2, 7668
55361.38, 7667
55383.46, 7666
55392.34, 7665
55398.49, 7664
55428.58, 7663
55451.19, 7662
55462.86, 7661
55489.36, 7660
55494.2, 7659
55523.57, 7658
55525.97, 7657
55528.39, 7656
55539.83, 7655
55560.96, 7654
55581.63, 7653
55588.02, 7652
55611.93, 7651
55617.89, 7650
55620.33, 7649
55649.51, 7648
55654.45, 7647
55679.04, 7646
55685.54, 7645
55687.99, 7644
55749.28, 7643
55763.13, 7642
55766.08, 7641
55781.33, 7640
55805.03, 7639
55812.18, 7638
55826.53, 7637
55840.93, 7636
55861.61, 7635
55875.92, 7634
55890.11, 7633
55899.75, 7632
55915.18, 7631
55923.31, 7630
55935.01, 7629
55964.98, 7628
55991.62, 7627
55997.34, 7626
56009.01, 7625
56025.77, 7624
56039.35, 7623
56058.55, 7622
56076.77, 7621
56101.28, 7620
56116.97, 7619
56128.19, 7618
56140.63, 7617
56150.89, 7616
56165.13, 7615
56183.16, 7614
56184.53, 7613
56231.84, 7612
56234.24, 7611
56249.45, 7610
56256.4, 7609
56274.91, 7608
56286.22, 7607
56299.38, 7606
56316.66, 7605
56332.42, 7604
56358.24, 7603
56381.97, 7602
56392.52, 7601
56409.18, 7600
56449.17, 7599
56454.74, 7598
56456.95, 7597
56474.05, 7596
56486.68, 7595
56505.49, 7594
56510.32, 7593
56523.61, 7592
56538.76, 7591
56549.06, 7590
56596.08, 7589
56611.82, 7588
56627.28, 7587
56642.97, 7586
56658.57, 7585
56674.3, 7584
56689.87, 7583
56705.69, 7582
56721.24, 7581
56737.11, 7580
56752.64, 7579
56768.58, 7578
56784.12, 7577
56895.61, 7576
56915.63, 7575
56918.04, 7574
56962.07, 7573
56968.29, 7572
56970.75, 7571
56990.35, 7570
57005.33, 7569
57007.75, 7568
57017.01, 7567
57041.92, 7566
57045.36, 7565
57053.09, 7564
57086.79, 7563
57108.94, 7562
57114.17, 7561
57127.2, 7560
57140.36, 7559
57144.76, 7558
57181.71, 7557
57185.89, 7556
57224.14, 7555
57245.25, 7554
57247.73, 7553
57250.16, 7552
57270.59, 7551
57276.49, 7550
57311.28, 7549
57317.34, 7548
57319.81, 7547
57334.96, 7546
57344.0, 7545
57366.59, 7544
57372.89, 7543
57388.87, 7542
57406.34, 7541
57411.01, 7540
57428.55, 7539
57474.6, 7538
57479.84, 7537
57498.21, 7536
57503.08, 7535
57525.42, 7534
57532.68, 7533
57534.38, 7532
57552.97, 7531
57583.96, 7530
57586.43, 7529
57588.93, 7528
57625.04, 7527
57627.51, 7526
57629.92, 7525
57668.26, 7524
57674.58, 7523
57692.7, 7522
57702.58, 7521
57718.65, 7520
57744.69, 7519
57760.65, 7518
57765.96, 7517
57780.25, 7516
57798.14, 7515
57811.44, 7514
57847.43, 7513
57855.22, 7512
57857.67, 7511
57894.03, 7510
57900.54, 7509
57916.11, 7508
57931.87, 7507
57947.42, 7506
57991.33, 7505
58002.5, 7504
58004.98, 7503
58021.32, 7502
58036.75, 7501
58052.46, 7500
58068.01, 7499
58083.89, 7498
58099.43, 7497
58115.31, 7496
58131.08, 7495
58146.78, 7494
58191.43, 7493
58196.71, 7492
58223.09, 7491
58225.53, 7490
58252.47, 7489
58260.57, 7488
58323.76, 7487
58335.41, 7486
58337.89, 7485
58350.5, 7484
58358.73, 7483
58388.87, 7482
58400.63, 7481
58412.72, 7480
58425.13, 7479
58453.23, 7478
58455.25, 7477
58484.13, 7476
58486.92, 7475
58489.65, 7474
58514.84, 7473
58514.9, 7472
58584.54, 7471
58597.46, 7470
58599.98, 7469
58622.94, 7468
58627.91, 7467
58640.65, 7466
58653.26, 7465
58669.56, 7464
58671.85, 7463
58696.02, 7462
58702.79, 7461
58727.6, 7460
58739.32, 7459
58744.35, 7458
58780.13, 7457
58787.78, 7456
58790.22, 7455
58809.62, 7454
58812.77, 7453
58850.63, 7452
58853.11, 7451
58855.58, 7450
58911.89, 7449
58925.28, 7448
58927.81, 7447
58930.51, 7446
58970.6, 7445
58976.52, 7444
58992.93, 7443
59009.27, 7442
59016.03, 7441
59043.48, 7440
59049.99, 7439
59068.04, 7438
59077.38, 7437
59079.91, 7436
59103.26, 7435
59109.21, 7434
59118.29, 7433
59149.51, 7432
59155.23, 7431
59157.69, 7430
59177.92, 7429
59190.14, 7428
59192.4, 7427
59222.3, 7426
59245.23, 7425
59252.57, 7424
59267.92, 7423
59276.6, 7422
59295.1, 7421
59301.5, 7420
59336.66, 7419
59342.86, 7418
59345.31, 7417
59397.4, 7416
59401.97, 7415
59404.47, 7414
59424.91, 7413
59465.19, 7412
59467.18, 7411
59489.19, 7410
59494.24, 7409
59512.18, 7408
59532.51, 7407
59537.96, 7406
59563.06, 7405
59568.19, 7404
59592.16, 7403
59616.4, 7402
59621.91, 7401
59624.37, 7400
59660.9, 7399
59665.79, 7398
59668.25, 7397
59707.86, 7396
59738.22, 7395
59740.67, 7394
59750.75, 7393
59765.09, 7392
59797.28, 7391
59808.31, 7390
59824.01, 7389
59843.88, 7388
59859.6, 7387
59861.25, 7386
59901.15, 7385
59903.66, 7384
59916.28, 7383
59933.01, 7382
59935.47, 7381
59957.9, 7380
59984.19, 7379
59991.43, 7378
60007.24, 7377
60022.86, 7376
60038.65, 7375
60054.53, 7374
60070.01, 7373
60085.63, 7372
60101.99, 7371
60200.48, 7370
60226.26, 7369
