1109.02, 2189
1110.51, 2172
1110.54, 2169
1112.2, 2167
1113.77, 2166
1154.2, 2164
1154.7, 2163
1155.19, 2160
1155.68, 2158
1156.13, 2157
1156.6, 2155
1157.08, 2153
1157.55, 2152
1158.08, 2151
1158.5, 2150
1160.7, 2149
1165.66, 2148
1168.79, 2147
1170.34, 2146
1171.93, 2145
1175.03, 2144
1178.49, 2143
1179.82, 2142
1180.09, 2141
1180.99, 2140
1181.06, 2139
1184.08, 2138
1184.16, 2137
1184.2, 2136
1184.23, 2135
1186.47, 2134
1188.11, 2133
1189.94, 2132
1192.83, 2131
1194.95, 2130
1196.59, 2129
1201.15, 2128
1201.69, 2127
1202.07, 2126
1202.55, 2125
1203.03, 2124
1203.5, 2123
1203.98, 2122
1204.45, 2121
1204.94, 2120
1205.43, 2119
1211.49, 2118
1211.97, 2117
1212.44, 2116
1212.93, 2115
1213.4, 2114
1218.83, 2113
1247.98, 2112
1249.08, 2111
1249.62, 2110
1249.99, 2109
1253.13, 2108
1254.57, 2107
1256.13, 2106
1258.92, 2105
1259.88, 2104
1260.11, 2103
1262.49, 2102
1264.08, 2101
1266.0, 2100
1268.94, 2099
1270.77, 2098
1272.62, 2097
1272.8, 2096
1273.28, 2095
1273.79, 2094
1277.01, 2093
1277.11, 2092
1279.75, 2091
1284.89, 2090
1285.14, 2089
1285.58, 2088
1286.05, 2087
1286.52, 2086
1288.33, 2085
1291.91, 2084
1293.44, 2083
1294.95, 2082
1296.43, 2081
1298.02, 2080
1299.45, 2079
1300.38, 2078
1300.55, 2077
1307.33, 2076
1307.36, 2075
1307.36, 2074
1307.72, 2073
1308.67, 2072
1308.79, 2071
1311.62, 2070
1314.16, 2069
1317.18, 2068
1320.22, 2067
1334.76, 2066
1343.52, 2065
1346.64, 2064
1347.23, 2063
1347.58, 2062
1348.14, 2061
1348.54, 2060
1349.01, 2059
1349.71, 2058
1350.45, 2057
1350.49, 2056
1381.51, 2055
1384.38, 2054
1386.61, 2053
1388.14, 2052
1394.17, 2051
1395.97, 2050
1401.71, 2049
1402.21, 2048
1402.68, 2047
1403.16, 2046
1403.64, 2045
1404.1, 2044
1409.27, 2043
1409.65, 2042
1410.14, 2041
1413.05, 2040
1414.81, 2039
1416.45, 2038
1419.57, 2037
1421.15, 2036
1424.0, 2035
1427.59, 2034
1427.95, 2033
1428.43, 2032
1428.89, 2031
1429.36, 2030
1429.85, 2029
1432.44, 2028
1435.8, 2027
1437.39, 2026
1439.2, 2025
1443.69, 2024
1447.22, 2023
1447.69, 2022
1448.17, 2021
1448.69, 2020
1449.11, 2019
1449.63, 2018
1450.07, 2017
1453.64, 2016
1454.11, 2015
1458.42, 2014
1459.59, 2013
1461.64, 2012
1463.25, 2011
1464.94, 2010
1467.82, 2009
1469.24, 2008
1470.41, 2007
1470.47, 2006
1477.69, 2005
1479.11, 2004
1482.2, 2003
1485.43, 2002
1487.73, 2001
1492.0, 2000
1494.09, 1999
1494.57, 1998
1495.04, 1997
1495.51, 1996
1495.97, 1995
1496.44, 1994
1496.92, 1993
1497.38, 1992
1497.85, 1991
1498.36, 1990
1503.6, 1989
1505.14, 1988
1508.79, 1987
1514.63, 1986
1515.1, 1985
1515.57, 1984
1516.04, 1983
1516.51, 1982
1517.42, 1981
1517.53, 1980
1564.33, 1979
1568.69, 1978
1577.74, 1977
1579.6, 1976
1581.28, 1975
1582.19, 1974
1590.61, 1973
1597.88, 1972
1606.22, 1971
1608.42, 1970
1609.13, 1969
1612.69, 1968
1613.51, 1967
1615.6, 1966
1617.62, 1965
1620.33, 1964
1620.8, 1963
1624.04, 1962
1624.14, 1961
1625.59, 1960
1628.99, 1959
1630.69, 1958
1631.77, 1957
1636.02, 1956
1637.46, 1955
1638.93, 1954
1641.51, 1953
1644.74, 1952
1645.75, 1951
1646.9, 1950
1647.44, 1949
1647.91, 1948
1655.18, 1947
1660.44, 1946
1662.48, 1945
1663.87, 1944
1664.39, 1943
1664.87, 1942
1665.56, 1941
1665.84, 1940
1666.31, 1939
1666.79, 1938
1667.27, 1937
1669.46, 1936
1670.87, 1935
1672.48, 1934
1675.12, 1933
1677.36, 1932
1679.11, 1931
1681.42, 1930
1687.23, 1929
1690.31, 1928
1691.91, 1927
1692.43, 1926
1692.91, 1925
1693.37, 1924
1693.84, 1923
1694.38, 1922
1694.78, 1921
1697.77, 1920
1699.14, 1919
1703.17, 1918
1705.04, 1917
1706.91, 1916
1711.05, 1915
1712.1, 1914
1712.62, 1913
1713.09, 1912
1713.58, 1911
1714.03, 1910
1717.72, 1909
1719.62, 1908
1721.05, 1907
1722.61, 1906
1725.55, 1905
1728.86, 1904
1730.53, 1903
1731.3, 1902
1731.78, 1901
1732.26, 1900
1736.64, 1899
1738.04, 1898
1744.39, 1897
1745.36, 1896
1745.86, 1895
1746.34, 1894
1751.1, 1893
1756.6, 1892
1757.12, 1891
1757.73, 1890
1758.1, 1889
1758.54, 1888
1759.02, 1887
1761.89, 1886
1763.42, 1885
1765.18, 1884
1767.88, 1883
1769.82, 1882
1771.4, 1881
1773.17, 1880
1775.44, 1879
1776.6, 1878
1826.4, 1877
1885.13, 1876
1887.0, 1875
1888.67, 1874
1890.49, 1873
1891.81, 1872
1892.06, 1871
1892.65, 1870
1893.0, 1869
1893.48, 1868
1893.94, 1867
1894.41, 1866
1894.88, 1865
1895.36, 1864
1895.86, 1863
1899.42, 1862
1902.86, 1861
1910.36, 1860
1912.6, 1859
1915.15, 1858
1920.15, 1857
1921.13, 1856
1921.69, 1855
1922.19, 1854
1922.68, 1853
1923.18, 1852
1923.71, 1851
1924.15, 1850
1924.68, 1849
1928.83, 1848
1930.97, 1847
1933.9, 1846
1933.92, 1845
1954.68, 1844
1958.03, 1843
1964.71, 1842
1965.14, 1841
1965.63, 1840
1966.32, 1839
1969.68, 1838
1971.3, 1837
1973.02, 1836
1977.36, 1835
1979.44, 1834
1981.79, 1833
1984.85, 1832
1986.7, 1831
1987.75, 1830
1988.25, 1829
1988.74, 1828
1994.29, 1827
1996.81, 1826
1997.7, 1825
2000.93, 1824
2003.11, 1823
2004.69, 1822
2005.5, 1821
2006.02, 1820
2006.52, 1819
2011.22, 1818
2012.96, 1817
2015.01, 1816
2017.43, 1815
2017.61, 1814
2018.1, 1813
2020.33, 1812
2022.46, 1811
2027.38, 1810
2029.44, 1809
2031.66, 1808
2034.27, 1807
2036.53, 1806
2037.94, 1805
2038.7, 1804
2039.22, 1803
2047.45, 1802
2047.9, 1801
2048.37, 1800
2048.85, 1799
2049.32, 1798
2053.01, 1797
2054.54, 1796
2056.37, 1795
2061.73, 1794
2063.1, 1793
2064.88, 1792
2067.71, 1791
2069.65, 1790
2071.15, 1789
2072.16, 1788
2072.71, 1787
2073.26, 1786
2076.8, 1785
2076.97, 1784
2079.6, 1783
2086.38, 1782
2086.46, 1781
2086.48, 1780
2086.49, 1779
2088.26, 1778
2089.12, 1777
2091.52, 1776
2094.68, 1775
2096.35, 1774
2098.17, 1773
2100.66, 1772
2106.87, 1771
2111.44, 1770
2113.11, 1769
2115.07, 1768
2118.5, 1767
2120.23, 1766
2121.18, 1765
2121.68, 1764
2122.28, 1763
2122.67, 1762
2128.24, 1761
2130.89, 1760
2147.88, 1759
2153.26, 1758
2153.73, 1757
2154.21, 1756
2154.69, 1755
2155.23, 1754
2155.92, 1753
2156.19, 1752
2156.7, 1751
2158.51, 1750
2158.58, 1749
2204.63, 1748
2225.49, 1747
2225.53, 1746
2225.55, 1745
2225.57, 1744
2225.58, 1743
2225.76, 1742
2226.22, 1741
2226.73, 1740
2233.04, 1739
2236.14, 1738
2236.68, 1737
2237.17, 1736
2333.08, 1735
2336.95, 1734
2344.71, 1733
2357.09, 1732
2362.29, 1731
2364.21, 1730
2369.76, 1729
2370.29, 1728
2377.81, 1727
2379.31, 1726
2380.91, 1725
2384.35, 1724
2386.57, 1723
2388.02, 1722
2392.58, 1721
2392.91, 1720
2400.41, 1719
2403.57, 1718
2404.22, 1717
2404.69, 1716
2410.76, 1715
2412.32, 1714
2417.47, 1713
2419.61, 1712
2421.05, 1711
2426.65, 1710
2427.06, 1709
2432.53, 1708
2435.72, 1707
2439.15, 1706
2443.87, 1705
2446.62, 1704
2449.72, 1703
2454.25, 1702
2455.77, 1701
2460.66, 1700
2498.14, 1699
2506.08, 1698
2506.6, 1697
2513.66, 1696
2515.25, 1695
2521.53, 1694
2522.8, 1693
2529.66, 1692
2531.19, 1691
2534.44, 1690
2543.3, 1689
2544.15, 1688
2545.71, 1687
2553.22, 1686
2553.3, 1685
2563.79, 1684
2563.83, 1683
2563.85, 1682
2567.72, 1681
2570.27, 1680
2577.9, 1679
2579.46, 1678
2585.36, 1677
2589.22, 1676
2589.3, 1675
2593.32, 1674
2594.43, 1673
2597.46, 1672
2598.85, 1671
2603.48, 1670
2604.0, 1669
2604.48, 1668
2607.36, 1667
2607.72, 1666
2612.49, 1665
2615.81, 1664
2616.31, 1663
2616.8, 1662
2619.7, 1661
2621.66, 1660
2624.38, 1659
2626.2, 1658
2628.82, 1657
2631.8, 1656
2634.83, 1655
2636.93, 1654
2638.71, 1653
2645.19, 1652
2645.64, 1651
2647.09, 1650
2649.15, 1649
2652.36, 1648
2653.74, 1647
2655.23, 1646
2658.4, 1645
2659.77, 1644
2662.39, 1643
2663.52, 1642
2665.27, 1641
2670.15, 1640
2671.71, 1639
2673.58, 1638
2675.73, 1637
2679.04, 1636
2679.53, 1635
2680.04, 1634
2684.22, 1633
2687.24, 1632
2689.09, 1631
2690.86, 1630
2692.69, 1629
2693.73, 1628
2697.53, 1627
2699.33, 1626
2703.05, 1625
2705.21, 1624
2708.42, 1623
2712.01, 1622
2712.1, 1621
2712.9, 1620
2714.71, 1619
2718.53, 1618
2719.92, 1617
2721.36, 1616
2723.53, 1615
2725.91, 1614
2728.12, 1613
2729.85, 1612
2732.16, 1611
2735.16, 1610
2736.71, 1609
2738.17, 1608
2740.45, 1607
2743.85, 1606
2745.63, 1605
2747.09, 1604
2749.14, 1603
2752.18, 1602
2753.66, 1601
2755.03, 1600
2757.28, 1599
2760.62, 1598
2761.05, 1597
2763.68, 1596
2767.9, 1595
2768.74, 1594
2771.64, 1593
2775.06, 1592
2776.92, 1591
2777.49, 1590
2781.02, 1589
2783.09, 1588
2786.97, 1587
2787.66, 1586
2789.34, 1585
2794.17, 1584
2794.27, 1583
2797.46, 1582
2800.86, 1581
2801.83, 1580
2803.54, 1579
2805.4, 1578
2810.02, 1577
2811.33, 1576
2812.92, 1575
2814.18, 1574
2820.02, 1573
2820.31, 1572
2822.32, 1571
2828.02, 1570
2828.5, 1569
2828.97, 1568
2829.45, 1567
2831.96, 1566
2833.02, 1565
2836.41, 1564
2837.85, 1563
2839.9, 1562
2843.58, 1561
2844.91, 1560
2846.17, 1559
2848.82, 1558
2855.49, 1557
2855.93, 1556
2856.42, 1555
2864.27, 1554
2864.9, 1553
2865.37, 1552
2865.86, 1551
2870.82, 1550
2876.25, 1549
2877.34, 1548
2877.83, 1547
2878.29, 1546
2885.08, 1545
2887.2, 1544
2887.7, 1543
2888.19, 1542
2899.06, 1541
2899.15, 1540
2899.17, 1539
2905.15, 1538
2905.25, 1537
2905.28, 1536
2905.39, 1535
2917.87, 1534
2918.0, 1533
2918.03, 1532
2918.04, 1531
2918.06, 1530
2918.07, 1529
2920.46, 1528
2927.43, 1527
2927.51, 1526
2927.53, 1525
2929.48, 1524
2932.56, 1523
2936.23, 1522
2947.31, 1521
2947.35, 1520
2947.37, 1519
2948.59, 1518
2951.73, 1517
2953.36, 1516
2954.31, 1515
2954.8, 1514
2961.65, 1513
2962.09, 1512
2962.56, 1511
2980.32, 1510
2988.19, 1509
2988.71, 1508
2989.25, 1507
2989.62, 1506
2990.31, 1505
2990.55, 1504
2991.02, 1503
2991.49, 1502
2994.92, 1501
2996.91, 1500
3004.68, 1499
3014.83, 1498
3018.06, 1497
3022.5, 1496
3026.86, 1495
3028.92, 1494
3029.83, 1493
3030.35, 1492
3030.83, 1491
3031.3, 1490
3031.79, 1489
3037.74, 1488
3039.74, 1487
3044.96, 1486
3060.27, 1485
3062.12, 1484
3063.67, 1483
3073.18, 1482
3171.79, 1481
3172.28, 1480
3177.91, 1479
3179.65, 1478
3182.49, 1477
3187.64, 1476
3189.55, 1475
3196.14, 1474
3198.04, 1473
3204.55, 1472
3205.66, 1471
3215.11, 1470
3217.0, 1469
3222.11, 1468
3224.54, 1467
3238.33, 1466
3243.43, 1465
3243.73, 1464
3243.75, 1463
3247.0, 1462
3249.29, 1461
3257.45, 1460
3260.66, 1459
3262.35, 1458
3263.84, 1457
3265.74, 1456
3269.19, 1455
3270.69, 1454
3275.1, 1453
3276.66, 1452
3279.33, 1451
3282.35, 1450
3288.14, 1449
3290.53, 1448
3302.42, 1447
3302.9, 1446
3308.03, 1445
3310.34, 1444
3312.63, 1443
3316.05, 1442
3329.12, 1441
3329.6, 1440
3330.09, 1439
3331.15, 1438
3331.2, 1437
3337.59, 1436
3337.64, 1435
3338.0, 1434
3344.33, 1433
3378.86, 1432
3379.34, 1431
3379.82, 1430
3380.28, 1429
3380.75, 1428
3381.21, 1427
3381.69, 1426
3382.16, 1425
3382.62, 1424
3383.09, 1423
3454.16, 1422
3461.51, 1421
3462.9, 1420
3466.62, 1419
3469.01, 1418
3490.36, 1417
3498.78, 1416
3502.49, 1415
3510.24, 1414
3512.35, 1413
3514.19, 1412
3516.39, 1411
3524.15, 1410
3528.04, 1409
3529.3, 1408
3569.82, 1407
3573.1, 1406
3578.32, 1405
3579.81, 1404
3581.39, 1403
3584.34, 1402
3586.64, 1401
3588.47, 1400
3591.33, 1399
3594.79, 1398
3598.65, 1397
3600.56, 1396
3602.1, 1395
3611.24, 1394
3612.89, 1393
3614.52, 1392
3616.07, 1391
3619.39, 1390
3620.83, 1389
3621.83, 1388
3622.35, 1387
3628.36, 1386
3632.04, 1385
3632.61, 1384
3636.34, 1383
3638.66, 1382
3640.76, 1381
3644.83, 1380
3646.65, 1379
3648.94, 1378
3653.15, 1377
3654.79, 1376
3658.41, 1375
3660.39, 1374
3662.69, 1373
3664.85, 1372
3667.14, 1371
3670.45, 1370
3673.2, 1369
3674.64, 1368
3678.2, 1367
3680.5, 1366
3682.66, 1365
3685.95, 1364
3687.65, 1363
3691.88, 1362
3696.05, 1361
3697.62, 1360
3699.03, 1359
3702.28, 1358
3703.93, 1357
3705.63, 1356
3708.02, 1355
3710.73, 1354
3715.2, 1353
3715.66, 1352
3718.44, 1351
3718.84, 1350
3735.8, 1349
3736.86, 1348
3737.33, 1347
3737.8, 1346
3738.28, 1345
3738.75, 1344
3739.22, 1343
3743.36, 1342
3745.3, 1341
3747.18, 1340
3750.8, 1339
3753.2, 1338
3755.31, 1337
3760.3, 1336
3762.06, 1335
3764.08, 1334
3769.31, 1333
3770.8, 1332
3774.58, 1331
3775.16, 1330
3778.79, 1329
3781.16, 1328
3784.07, 1327
3786.36, 1326
3788.83, 1325
3791.78, 1324
3795.2, 1323
3798.66, 1322
3801.15, 1321
3804.88, 1320
3804.95, 1319
3808.46, 1318
3810.56, 1317
3812.18, 1316
3814.46, 1315
3817.68, 1314
3819.1, 1313
3821.46, 1312
3830.13, 1311
3830.22, 1310
3830.23, 1309
3831.84, 1308
3835.69, 1307
3837.59, 1306
3840.73, 1305
3844.5, 1304
3845.57, 1303
3847.57, 1302
3888.52, 1301
3888.57, 1300
3888.85, 1299
3889.33, 1298
3889.81, 1297
3891.69, 1296
3891.76, 1295
3891.77, 1294
3891.79, 1293
3892.23, 1292
3978.07, 1291
3991.99, 1290
3995.06, 1289
3995.72, 1288
3996.2, 1287
3996.68, 1286
3997.15, 1285
4061.94, 1284
4065.32, 1283
4079.97, 1282
4079.99, 1281
4079.99, 1280
4080.01, 1279
4086.26, 1278
4086.6, 1277
4089.11, 1276
4094.66, 1275
4095.05, 1274
4101.14, 1273
4103.06, 1272
4104.66, 1271
4111.24, 1270
4114.99, 1269
4115.29, 1268
4120.45, 1267
4122.9, 1266
4126.96, 1265
4130.39, 1264
4139.23, 1263
4146.23, 1262
4146.26, 1261
4147.82, 1260
4153.43, 1259
4153.5, 1258
4155.61, 1257
4162.18, 1256
4163.99, 1255
4170.3, 1254
4172.81, 1253
4188.4, 1252
4189.66, 1251
4192.15, 1250
4194.78, 1249
4198.08, 1248
4205.13, 1247
4207.73, 1246
4211.47, 1245
4219.62, 1244
4221.11, 1243
4238.32, 1242
4239.4, 1241
4245.12, 1240
4247.48, 1239
4255.98, 1238
4260.7, 1237
4263.52, 1236
4267.22, 1235
4270.12, 1234
4278.96, 1233
4280.84, 1232
4289.9, 1231
4292.96, 1230
4296.03, 1229
4307.32, 1228
4308.16, 1227
4319.63, 1226
4321.13, 1225
4332.91, 1224
4336.24, 1223
4347.09, 1222
4349.09, 1221
4353.54, 1220
4362.03, 1219
4369.06, 1218
4369.5, 1217
4379.57, 1216
4383.09, 1215
4394.23, 1214
4396.06, 1213
4414.31, 1212
4414.35, 1211
4429.06, 1210
4429.52, 1209
4444.21, 1208
4445.91, 1207
4455.85, 1206
4458.43, 1205
4470.0, 1204
4471.84, 1203
4483.01, 1202
4485.53, 1201
4501.05, 1200
4503.36, 1199
4505.11, 1198
4507.3, 1197
4508.94, 1196
4513.68, 1195
4616.6, 1194
4617.87, 1193
4620.81, 1192
4625.6, 1191
4628.12, 1190
4629.72, 1189
4634.18, 1188
4636.47, 1187
4639.04, 1186
4642.65, 1185
4645.43, 1184
4652.33, 1183
4654.19, 1182
4655.85, 1181
4661.68, 1180
4663.49, 1179
4667.43, 1178
4672.38, 1177
4672.85, 1176
4679.5, 1175
4682.12, 1174
4688.58, 1173
4691.85, 1172
4697.51, 1171
4699.29, 1170
4708.17, 1169
4710.77, 1168
4713.44, 1167
4719.77, 1166
4721.88, 1165
4728.9, 1164
4731.34, 1163
4738.37, 1162
4741.35, 1161
4743.95, 1160
4751.01, 1159
4753.07, 1158
4762.61, 1157
4763.6, 1156
4770.02, 1155
4779.15, 1154
4781.61, 1153
4782.22, 1152
4799.67, 1151
4802.53, 1150
4805.38, 1149
4808.49, 1148
4813.49, 1147
4815.07, 1146
4829.54, 1145
4836.58, 1144
4842.34, 1143
4844.88, 1142
4846.46, 1141
4846.96, 1140
4847.53, 1139
4847.93, 1138
4848.39, 1137
4848.87, 1136
4854.48, 1135
4855.99, 1134
4859.82, 1133
4861.88, 1132
4866.24, 1131
4869.23, 1130
4870.25, 1129
4870.76, 1128
4879.16, 1127
4880.95, 1126
4882.48, 1125
4884.8, 1124
4899.74, 1123
4900.71, 1122
4900.76, 1121
4901.03, 1120
4901.51, 1119
4901.98, 1118
4905.35, 1117
4909.01, 1116
4911.8, 1115
4914.18, 1114
4919.59, 1113
4921.12, 1112
4924.79, 1111
4926.93, 1110
4930.68, 1109
4935.7, 1108
4937.14, 1107
4939.93, 1106
4944.04, 1105
4945.84, 1104
4949.11, 1103
4952.89, 1102
4954.83, 1101
4959.68, 1100
4961.99, 1099
4965.73, 1098
4971.25, 1097
4971.67, 1096
4976.29, 1095
4978.62, 1094
5001.67, 1093
5002.18, 1092
5002.59, 1091
5003.07, 1090
5003.54, 1089
5004.0, 1088
5004.47, 1087
5125.12, 1086
5127.62, 1085
5129.31, 1084
5132.34, 1083
5136.58, 1082
5139.1, 1081
5141.27, 1080
5144.71, 1079
5148.2, 1078
5152.13, 1077
5153.64, 1076
5158.76, 1075
5161.66, 1074
5162.72, 1073
5166.33, 1072
5170.54, 1071
5173.09, 1070
5177.35, 1069
5178.33, 1068
5182.25, 1067
5185.99, 1066
5188.66, 1065
5194.35, 1064
5196.83, 1063
5198.8, 1062
5263.65, 1061
5269.55, 1060
5271.53, 1059
5321.61, 1058
5327.86, 1057
5329.3, 1056
5334.14, 1055
5336.38, 1054
5345.23, 1053
5346.82, 1052
5350.65, 1051
5353.1, 1050
5354.14, 1049
5358.0, 1048
5360.43, 1047
5363.15, 1046
5386.65, 1045
5390.76, 1044
5393.08, 1043
5397.02, 1042
5399.63, 1041
5405.42, 1040
5407.16, 1039
5413.96, 1038
5418.7, 1037
5422.35, 1036
5427.49, 1035
5427.98, 1034
5435.57, 1033
5437.07, 1032
5443.98, 1031
5447.66, 1030
5449.27, 1029
5455.44, 1028
5459.91, 1027
5463.45, 1026
5470.42, 1025
5472.38, 1024
5476.5, 1023
5482.03, 1022
5486.55, 1021
5489.42, 1020
5494.97, 1019
5499.04, 1018
5507.08, 1017
5507.51, 1016
5512.19, 1015
5517.65, 1014
5520.03, 1013
5529.26, 1012
5530.27, 1011
5542.0, 1010
5542.05, 1009
5547.69, 1008
5552.66, 1007
5554.23, 1006
5577.28, 1005
5577.46, 1004
5577.5, 1003
5577.52, 1002
5587.98, 1001
5588.02, 1000
5596.74, 999
5599.06, 998
5608.45, 997
5611.7, 996
5619.67, 995
5621.8, 994
5632.58, 993
5635.77, 992
5644.91, 991
5646.32, 990
5650.74, 989
5659.58, 988
5756.96, 987
5772.23, 986
5784.18, 985
5789.23, 984
5789.29, 983
5801.07, 982
5801.27, 981
5808.4, 980
5808.47, 979
5822.7, 978
5822.74, 977
5823.65, 976
5826.81, 975
5830.06, 974
5836.66, 973
5845.16, 972
5853.73, 971
5895.1, 970
5902.08, 969
5904.33, 968
5912.83, 967
5917.91, 966
5925.54, 965
5927.95, 964
5952.4, 963
5957.57, 962
5958.18, 961
5958.22, 960
5968.77, 959
5970.54, 958
5977.7, 957
5982.1, 956
5985.73, 955
5997.47, 954
5999.64, 953
6012.27, 952
6015.49, 951
6107.56, 950
6110.62, 949
6114.6, 948
6127.01, 947
6128.83, 946
6142.87, 945
6143.36, 944
6146.54, 943
6152.54, 942
6154.04, 941
6158.1, 940
6161.29, 939
6165.37, 938
6169.32, 937
6172.43, 936
6175.62, 935
6188.82, 934
6193.06, 933
6204.13, 932
6208.36, 931
6213.13, 930
6214.93, 929
6219.31, 928
6222.1, 927
6227.22, 926
6229.52, 925
6235.61, 924
6238.39, 923
6244.11, 922
6246.01, 921
6353.93, 920
6359.83, 919
6362.79, 918
6366.08, 917
6369.97, 916
6373.06, 915
6378.83, 914
6381.9, 913
6386.31, 912
6388.82, 911
6393.61, 910
6396.75, 909
6400.77, 908
6405.92, 907
6409.55, 906
6412.3, 905
6415.79, 904
6419.88, 903
6422.94, 902
6426.01, 901
6429.77, 900
6433.04, 899
6438.29, 898
6443.35, 897
6445.73, 896
6451.94, 895
6455.49, 894
6460.4, 893
6462.79, 892
6467.45, 891
6471.57, 890
6475.32, 889
6478.1, 888
6481.11, 887
6485.72, 886
6488.15, 885
6494.29, 884
6495.91, 883
6501.92, 882
6505.34, 881
6509.97, 880
6610.51, 879
6611.51, 878
6615.64, 877
6619.64, 876
6622.47, 875
6627.36, 874
6630.11, 873
6634.2, 872
6639.68, 871
6644.87, 870
6646.72, 869
6651.16, 868
6654.15, 867
6658.4, 866
6661.75, 865
6665.26, 864
6669.19, 863
6674.74, 862
6680.94, 861
6685.14, 860
6689.04, 859
6692.8, 858
6695.09, 857
6698.38, 856
6752.94, 855
6758.48, 854
6760.93, 853
6764.96, 852
6769.85, 851
6772.72, 850
6778.27, 849
6782.07, 848
6787.71, 847
6793.11, 846
6796.42, 845
6804.4, 844
6806.6, 843
6810.79, 842
6818.14, 841
6863.51, 840
6878.5, 839
6886.1, 838
6888.01, 837
6891.78, 836
6900.4, 835
6912.22, 834
6918.09, 833
6925.04, 832
6927.19, 831
6929.88, 830
6936.25, 829
6939.11, 828
6945.25, 827
6947.7, 826
6954.52, 825
6957.49, 824
6962.03, 823
6965.88, 822
6976.91, 821
6976.96, 820
6979.1, 819
6983.26, 818
6992.79, 817
6994.93, 816
6996.29, 815
7003.21, 814
7009.05, 813
7011.5, 812
7019.01, 811
7020.98, 810
7025.37, 809
7031.76, 808
7036.59, 807
7039.05, 806
7046.42, 805
7051.0, 804
7053.69, 803
7059.98, 802
7063.89, 801
7069.61, 800
7072.8, 799
7078.44, 798
7082.62, 797
7086.61, 796
7091.36, 795
7095.39, 794
7102.41, 793
7104.93, 792
7112.02, 791
7117.13, 790
7119.98, 789
7127.2, 788
7135.13, 787
7135.37, 786
7137.88, 785
7146.39, 784
7151.11, 783
7159.47, 782
7163.33, 781
7169.13, 780
7173.96, 779
7178.54, 778
7182.88, 777
7186.66, 776
7193.46, 775
7196.5, 774
7371.49, 773
7376.52, 772
7386.39, 771
7389.85, 770
7402.45, 769
7403.79, 768
7412.57, 767
7416.55, 766
7428.58, 765
7431.46, 764
7444.0, 763
7447.17, 762
7459.99, 761
7462.77, 760
7468.86, 759
7482.01, 758
7486.55, 757
7586.35, 756
7591.51, 755
7595.41, 754
7599.6, 753
7602.81, 752
7614.57, 751
7618.89, 750
7623.46, 749
7628.82, 748
7631.73, 747
7636.72, 746
7640.98, 745
7645.75, 744
7650.11, 743
7653.26, 742
7659.2, 741
7663.64, 740
7668.34, 739
7672.51, 738
7676.81, 737
7682.04, 736
7686.16, 735
7693.71, 734
7695.7, 733
7700.72, 732
7703.17, 731
7707.98, 730
7712.38, 729
7717.18, 728
7720.95, 727
7725.66, 726
7727.87, 725
7735.97, 724
7737.93, 723
7744.39, 722
7749.04, 721
7753.23, 720
7758.1, 719
7762.78, 718
7767.69, 717
7774.1, 716
7777.97, 715
7784.45, 714
7787.76, 713
7794.7, 712
7799.07, 711
7808.04, 710
7810.2, 709
7817.12, 708
7821.36, 707
7845.53, 706
7845.98, 705
7846.37, 704
7846.79, 703
7847.18, 702
7847.58, 701
7853.97, 700
7861.81, 699
7863.45, 698
7868.08, 697
7871.25, 696
7879.26, 695
7880.96, 694
7887.42, 693
7888.86, 692
7893.36, 691
7898.48, 690
7903.33, 689
7908.49, 688
7914.71, 687
7921.83, 686
7927.1, 685
7929.84, 684
7937.22, 683
7948.04, 682
7951.19, 681
7953.46, 680
7954.69, 679
7961.86, 678
7965.26, 677
7978.19, 676
7979.62, 675
7990.46, 674
7992.49, 673
7992.89, 672
8003.16, 671
8004.52, 670
8010.07, 669
8011.92, 668
8018.52, 667
8020.41, 666
8027.37, 665
8045.08, 664
8046.43, 663
8048.07, 662
8052.17, 661
8054.19, 660
8054.62, 659
8059.17, 658
8062.74, 657
8068.99, 656
8070.87, 655
8078.75, 654
8084.53, 653
8087.12, 652
8093.39, 651
8099.08, 650
8103.22, 649
8108.03, 648
8111.38, 647
8115.61, 646
8120.25, 645
8126.58, 644
8129.11, 643
8134.06, 642
8138.0, 641
8144.53, 640
8150.0, 639
8153.01, 638
8159.62, 637
8162.06, 636
8167.38, 635
8171.21, 634
8178.31, 633
8181.2, 632
8186.31, 631
8192.28, 630
8290.52, 629
8294.81, 628
8300.26, 627
8304.69, 626
8310.29, 625
8319.18, 624
8321.24, 623
8325.47, 622
8332.1, 621
8336.39, 620
8342.49, 619
8345.89, 618
8349.53, 617
8358.99, 616
8362.03, 615
8367.29, 614
8453.26, 613
8470.81, 612
8477.91, 611
8492.52, 610
8494.94, 609
8526.69, 608
8529.35, 607
8533.53, 606
8538.75, 605
8544.35, 604
8548.25, 603
8554.83, 602
8560.78, 601
8565.77, 600
8568.91, 599
8575.33, 598
8582.44, 597
8586.54, 596
8591.99, 595
8595.51, 594
8602.65, 593
8604.48, 592
8631.66, 591
8636.83, 590
8642.41, 589
8646.67, 588
8652.79, 587
8658.23, 586
8662.18, 585
8668.44, 584
8671.7, 583
8678.39, 582
8753.1, 581
8756.81, 580
8763.38, 579
8769.47, 578
8775.56, 577
8780.2, 576
8787.01, 575
8792.04, 574
8796.51, 573
8841.84, 572
8844.56, 571
8847.93, 570
8858.7, 569
8861.54, 568
8865.73, 567
8873.15, 566
8878.11, 565
8886.58, 564
8890.8, 563
8895.27, 562
8903.3, 561
8908.33, 560
8913.25, 559
8923.0, 558
8928.4, 557
8939.17, 556
8944.75, 555
8953.76, 554
8960.41, 553
8969.47, 552
8973.1, 551
8986.44, 550
8991.81, 549
8996.22, 548
9002.16, 547
9012.93, 546
9019.55, 545
9026.2, 544
9028.62, 543
9037.09, 542
9041.33, 541
9046.57, 540
9051.19, 539
9056.25, 538
9062.62, 537
9068.96, 536
9072.75, 535
9078.24, 534
9211.45, 533
9213.07, 532
9215.57, 531
9216.78, 530
9228.29, 529
9231.18, 528
9235.9, 527
9253.55, 526
9261.15, 525
9265.55, 524
9271.63, 523
9277.89, 522
9283.86, 521
9292.05, 520
9297.16, 519
9302.75, 518
9309.98, 517
9314.91, 516
9319.62, 515
9325.53, 514
9330.72, 513
9335.97, 512
9352.64, 511
9358.16, 510
9362.39, 509
9367.95, 508
9375.22, 507
9379.51, 506
9386.25, 505
9393.34, 504
9395.35, 503
9402.79, 502
9406.03, 501
9412.45, 500
9419.72, 499
9519.37, 498
9521.39, 497
9527.36, 496
9532.16, 495
9538.95, 494
9544.18, 493
9551.39, 492
9554.79, 491
9562.08, 490
9568.63, 489
9572.61, 488
9579.95, 487
9586.09, 486
9594.27, 485
9647.83, 484
9655.69, 483
9662.9, 482
9690.39, 481
9695.73, 480
9708.74, 479
9708.89, 478
9713.24, 477
9719.88, 476
9729.78, 475
9732.55, 474
9738.31, 473
9744.24, 472
9748.83, 471
9754.77, 470
9761.53, 469
9766.27, 468
9777.09, 467
9780.12, 466
9788.08, 465
9795.23, 464
9804.94, 463
9812.75, 462
9820.99, 461
9825.72, 460
9833.82, 459
9838.18, 458
9843.64, 457
9851.86, 456
9855.98, 455
9863.81, 454
9869.1, 453
9876.71, 452
9880.75, 451
9887.22, 450
9894.86, 449
9899.21, 448
9905.65, 447
9912.87, 446
9920.51, 445
9927.48, 444
9936.25, 443
9938.14, 442
9945.46, 441
9952.46, 440
9961.0, 439
9961.76, 438
9980.24, 437
9982.22, 436
9985.73, 435
9987.49, 434
9994.93, 433
9997.75, 432
10004.06, 431
10111.07, 430
10116.26, 429
10121.76, 428
10129.37, 427
10134.28, 426
10139.76, 425
10145.74, 424
10152.77, 423
10156.87, 422
10163.07, 421
10169.27, 420
10175.66, 419
10185.06, 418
10186.68, 417
10197.07, 416
10198.36, 415
10205.72, 414
10211.62, 413
10219.28, 412
10227.39, 411
10232.07, 410
10236.16, 409
10242.56, 408
10248.31, 407
10253.05, 406
10260.28, 405
10265.45, 404
10270.37, 403
10278.12, 402
10285.57, 401
10294.09, 400
10297.24, 399
10303.5, 398
10311.1, 397
10316.16, 396
10324.53, 395
10328.23, 394
10338.92, 393
10341.42, 392
10345.62, 391
10352.35, 390
10361.8, 389
10364.72, 388
10370.7, 387
10375.07, 386
10398.17, 385
10401.1, 384
10403.19, 383
10404.49, 382
10408.19, 381
10415.49, 380
10420.52, 379
10564.93, 378
10586.27, 377
10594.53, 376
10597.33, 375
10606.19, 374
10610.49, 373
10619.24, 372
10623.66, 371
10629.86, 370
10636.27, 369
10642.91, 368
10648.43, 367
10654.74, 366
10661.84, 365
10669.3, 364
10675.51, 363
10685.91, 362
10694.67, 361
10695.79, 360
10702.74, 359
10708.03, 358
10738.2, 357
10747.25, 356
10752.86, 355
10759.89, 354
10767.12, 353
10771.54, 352
10780.77, 351
10786.3, 350
10794.75, 349
10801.49, 348
10807.91, 347
10813.41, 346
10822.15, 345
10828.78, 344
10837.62, 343
10845.77, 342
10855.93, 341
10861.93, 340
10869.46, 339
10875.75, 338
10881.93, 337
10888.15, 336
10895.79, 335
10902.52, 334
10911.24, 333
10920.19, 332
10935.39, 331
10937.04, 330
10938.27, 329
10945.08, 328
10954.96, 327
10960.93, 326
10971.42, 325
10988.64, 324
10992.24, 323
10993.92, 322
11002.74, 321
11011.06, 320
11019.31, 319
11024.05, 318
11029.63, 317
11037.22, 316
11045.21, 315
11052.76, 314
11058.82, 313
11066.37, 312
11072.86, 311
11079.24, 310
11088.05, 309
11095.31, 308
11100.95, 307
11108.97, 306
11115.65, 305
11122.52, 304
11128.97, 303
11141.75, 302
11153.74, 301
11153.95, 300
11159.43, 299
11169.89, 298
11173.1, 297
11357.38, 296
11359.2, 295
11359.46, 294
11360.26, 293
11360.28, 292
11369.49, 291
11376.3, 290
11381.81, 289
11388.72, 288
11396.57, 287
11444.39, 286
11451.72, 285
11457.93, 284
11465.91, 283
11475.81, 282
11481.18, 281
11487.92, 280
11495.43, 279
11502.64, 278
11510.62, 277
11517.7, 276
11527.52, 275
11536.08, 274
11545.75, 273
11551.65, 272
11558.35, 271
11565.21, 270
11572.71, 269
11582.11, 268
11589.08, 267
11596.18, 266
11603.6, 265
11611.63, 264
11618.53, 263
11625.8, 262
11635.04, 261
11640.67, 260
11648.65, 259
11656.8, 258
11664.23, 257
11672.29, 256
11681.32, 255
11691.64, 254
11885.13, 253
11894.33, 252
11898.52, 251
11907.09, 250
11915.47, 249
11954.75, 248
11982.02, 247
11988.99, 246
11997.2, 245
12005.59, 244
12012.93, 243
12027.61, 242
12034.91, 241
12040.48, 240
12050.76, 239
12169.16, 238
12176.67, 237
12186.69, 236
12195.36, 235
12204.77, 234
12215.24, 233
12225.32, 232
12231.86, 231
12241.27, 230
12252.4, 229
12260.1, 228
12269.35, 227
12276.8, 226
12285.89, 225
12312.72, 224
12341.62, 223
12341.69, 222
12341.79, 221
12345.68, 220
12353.68, 219
12360.32, 218
12369.05, 217
12377.19, 216
12386.05, 215
12394.24, 214
12402.74, 213
12409.86, 212
12419.1, 211
12467.65, 210
12478.27, 209
12486.19, 208
12494.68, 207
12503.07, 206
12511.71, 205
12519.31, 204
12528.28, 203
12536.6, 202
12544.73, 201
12555.17, 200
12561.79, 199
12617.24, 198
12665.69, 197
12674.06, 196
12681.14, 195
12694.86, 194
12703.57, 193
12713.37, 192
12722.58, 191
12732.38, 190
12741.47, 189
12749.75, 188
12837.8, 187
12848.98, 186
12859.86, 185
12869.87, 184
12877.9, 183
12886.14, 182
12911.41, 181
12919.57, 180
12939.18, 179
12992.58, 178
13001.14, 177
13010.08, 176
13016.89, 175
13026.01, 174
13036.61, 173
13045.13, 172
13052.81, 171
13061.64, 170
13070.26, 169
13078.87, 168
13087.38, 167
13096.78, 166
13104.74, 165
13114.24, 164
13122.87, 163
13133.53, 162
13210.66, 161
13319.28, 160
13328.25, 159
13336.36, 158
13345.97, 157
13355.56, 156
13362.31, 155
13371.93, 154
13381.28, 153
13389.77, 152
13404.36, 151
13433.59, 150
13443.75, 149
13451.38, 148
13463.0, 147
13472.65, 146
13480.97, 145
13491.13, 144
13502.15, 143
13510.69, 142
13519.53, 141
13528.45, 140
13537.06, 139
13548.43, 138
13558.83, 137
13567.15, 136
13576.3, 135
13587.87, 134
13601.57, 133
13609.23, 132
13620.17, 131
13631.86, 130
13640.57, 129
13651.04, 128
13661.22, 127
13669.45, 126
13681.03, 125
13692.14, 124
13702.23, 123
13709.6, 122
13719.36, 121
13728.7, 120
13738.89, 119
13752.44, 118
13761.52, 117
13773.81, 116
13784.89, 115
13814.02, 114
13825.33, 113
13833.46, 112
13850.56, 111
13853.34, 110
13864.4, 109
13873.97, 108
13880.72, 107
13892.23, 106
13902.71, 105
13914.08, 104
13926.62, 103
13936.04, 102
13945.9, 101
13959.45, 100
13967.65, 99
13978.51, 98
13988.01, 97
14072.13, 96
14134.3, 95
14145.41, 94
14160.2, 93
14170.13, 92
14181.5, 91
14190.64, 90
14202.57, 89
14213.28, 88
14226.48, 87
14237.39, 86
14250.31, 85
14258.29, 84
14269.96, 83
14278.92, 82
14291.64, 81
14302.97, 80
14405.55, 79
14420.41, 78
14436.84, 77
14436.88, 76
14448.74, 75
14459.32, 74
