8510.34, 14624
8513.5, 14623
8525.71, 14601
8543.39, 14600
8548.02, 14599
8562.58, 14579
8568.12, 14578
8571.27, 14577
8590.33, 14561
8610.07, 14560
8615.12, 14559
8627.71, 14539
8638.45, 14538
8641.61, 14537
8663.46, 14533
8680.55, 14532
8694.8, 14531
8714.13, 14511
8718.24, 14510
8733.92, 14509
8740.2, 14507
8759.59, 14506
8763.37, 14505
8766.38, 14485
8796.7, 14484
8831.79, 14483
8837.36, 14482
8858.83, 14473
8863.24, 14472
8890.21, 14471
8893.55, 14470
8966.05, 14469
8999.97, 14449
9004.64, 14448
9007.73, 14447
9037.34, 14446
9040.55, 14445
9091.41, 14444
9095.91, 14443
9112.23, 14397
9116.83, 14396
9120.09, 14374
9142.13, 14373
9147.86, 14372
9165.83, 14352
9195.29, 14351
9200.49, 14350
9214.9, 14336
9242.4, 14335
9251.12, 14334
9254.29, 14314
9281.29, 14313
9302.93, 14312
9311.75, 14311
9314.25, 14310
9347.42, 14309
9366.24, 14308
9374.1, 14288
9434.15, 14287
9439.35, 14286
9442.45, 14285
9457.56, 14284
9461.92, 14264
9479.46, 14263
9484.0, 14262
9487.15, 14261
9508.44, 14260
9513.05, 14259
9599.74, 14258
9631.38, 14252
9644.98, 14251
9656.55, 14250
9660.91, 14249
9679.75, 14248
9684.78, 14247
9687.91, 14246
9703.38, 14230
9706.42, 14229
9723.08, 14228
9726.23, 14227
9744.29, 14226
9749.29, 14225
9752.37, 14224
9772.55, 14223
9775.7, 14222
9778.82, 14221
9798.92, 14220
9803.71, 14219
9845.61, 14218
9880.77, 14216
9883.16, 14215
9892.63, 14214
9953.6, 14196
9986.04, 14195
9991.82, 14194
9994.73, 14193
10001.82, 14192
10020.93, 14191
10021.43, 14184
10033.28, 14183
10045.46, 14182
10049.69, 14181
10072.49, 14180
10075.69, 14179
10125.09, 14178
10137.45, 14160
10140.52, 14159
10143.6, 14158
10163.99, 14157
10166.84, 14156
10216.66, 14155
10251.71, 14154
10263.37, 14153
10267.37, 14152
10270.46, 14104
10290.25, 14103
10293.37, 14083
10307.02, 14082
10311.81, 14081
10327.14, 14063
10332.86, 14062
10349.63, 14061
10352.75, 14060
10418.73, 14059
10450.26, 14045
10455.32, 14044
10468.77, 14043
10474.07, 14025
10477.2, 14024
10524.31, 14023
10543.21, 14022
10552.98, 14021
10556.05, 14020
10570.29, 14019
10608.16, 14018
10630.2, 14017
10641.38, 13999
10655.85, 13998
10664.44, 13997
10667.47, 13996
10716.59, 13995
10721.79, 13994
10749.98, 13993
10773.79, 13975
10778.34, 13974
10824.64, 13973
10831.69, 13972
10834.84, 13971
10857.38, 13970
10863.28, 13969
10893.34, 13968
10924.2, 13967
10928.53, 13963
10958.44, 13962
11006.71, 13961
11014.85, 13960
11017.91, 13959
11033.9, 13958
11038.44, 13957
11058.07, 13956
11070.47, 13955
11096.12, 13941
11113.74, 13940
11118.0, 13939
11121.14, 13938
11153.0, 13937
11156.52, 13936
11225.59, 13935
11241.95, 13934
11245.12, 13933
11259.96, 13932
11265.04, 13931
11268.16, 13930
11281.57, 13929
11284.91, 13928
11307.49, 13927
11311.6, 13926
11314.8, 13925
11332.12, 13924
11341.9, 13923
11345.84, 13922
11362.43, 13921
11362.57, 13920
11377.03, 13919
11396.87, 13918
11401.73, 13868
11404.62, 13867
11435.15, 13847
11438.21, 13846
11455.86, 13845
11460.08, 13827
11463.11, 13826
11493.07, 13825
11502.68, 13824
11504.39, 13823
11528.31, 13811
11531.74, 13810
11538.28, 13809
11556.96, 13791
11564.32, 13790
11567.51, 13789
11585.2, 13788
11588.47, 13787
11609.42, 13786
11612.87, 13785
11642.88, 13767
11649.24, 13766
11651.56, 13765
11665.13, 13764
11668.8, 13763
11673.8, 13762
11695.62, 13761
11698.53, 13760
11726.94, 13759
11733.17, 13745
11736.32, 13744
11780.92, 13743
12209.54, 13742
12266.25, 13741
12322.55, 13740
12379.04, 13739
12426.8, 13738
12429.83, 13737
12465.87, 13736
12507.1, 13735
12563.85, 13734
12620.55, 13733
12662.6, 13732
12665.55, 13731
12674.34, 13730
12705.23, 13729
12716.65, 13728
12727.12, 13727
12730.81, 13726
12742.24, 13725
12752.82, 13724
12759.6, 13723
12767.42, 13713
12775.51, 13712
12800.34, 13711
12856.56, 13710
12914.36, 13709
12917.35, 13708
12960.41, 13707
12976.81, 13706
12991.16, 13705
12999.71, 13704
13002.69, 13703
13014.87, 13702
13022.75, 13701
13067.12, 13700
13123.82, 13699
13180.69, 13698
13237.56, 13697
13246.57, 13696
13266.39, 13695
13288.4, 13692
13291.24, 13691
13307.93, 13690
13324.35, 13689
13347.21, 13688
13355.27, 13687
13365.96, 13686
13384.94, 13685
13441.3, 13684
13462.86, 13683
13465.58, 13682
13486.18, 13681
13497.14, 13680
13509.19, 13679
13512.2, 13678
13523.85, 13677
13577.62, 13676
13593.28, 13675
13601.78, 13674
13625.58, 13671
13709.23, 13670
13724.4, 13669
13727.64, 13668
13765.53, 13667
13770.33, 13666
13774.77, 13665
13793.76, 13664
13807.49, 13663
13865.85, 13662
13896.76, 13661
13900.63, 13660
13911.18, 13659
13917.31, 13658
13931.29, 13657
13935.35, 13656
13948.58, 13655
13996.79, 13654
14000.64, 13653
14014.85, 13652
14050.67, 13649
14055.66, 13648
14143.61, 13647
14168.41, 13646
14174.06, 13645
14178.96, 13644
14189.59, 13643
14202.69, 13642
14205.64, 13641
14247.85, 13640
14252.72, 13639
14293.94, 13638
14322.32, 13637
14326.43, 13636
14329.52, 13635
14347.46, 13634
14353.44, 13633
14387.87, 13632
14420.17, 13631
14459.38, 13629
14466.01, 13628
14522.36, 13627
14578.68, 13626
14634.88, 13625
14691.8, 13624
14748.81, 13623
14805.79, 13622
14925.67, 13621
14963.19, 13620
14967.29, 13619
14993.55, 13618
15010.96, 13617
15013.99, 13616
15017.02, 13615
15067.44, 13614
15074.13, 13613
15100.41, 13612
15104.49, 13611
15107.52, 13610
15146.69, 13608
15203.04, 13607
15259.42, 13606
15315.73, 13605
15472.3, 13604
15501.99, 13603
15563.9, 13602
15601.29, 13601
15604.28, 13600
15624.88, 13599
15633.49, 13598
15636.43, 13597
15672.37, 13596
15676.43, 13595
15717.63, 13594
15737.4, 13593
15748.11, 13592
15770.41, 13591
15780.83, 13590
15802.6, 13589
15858.68, 13587
15942.83, 13586
15945.89, 13585
15974.64, 13584
15977.89, 13583
16077.08, 13582
16082.75, 13581
16098.53, 13580
16103.83, 13579
16121.84, 13578
16130.72, 13577
16133.72, 13576
16157.82, 13575
16169.91, 13574
16191.94, 13573
16201.42, 13572
16217.42, 13571
16222.44, 13570
16271.79, 13569
16304.4, 13568
16310.97, 13567
16330.57, 13565
16416.99, 13564
16440.14, 13563
16446.2, 13562
16506.49, 13561
16547.19, 13560
16552.63, 13559
16555.59, 13558
16567.4, 13557
16573.23, 13556
16580.19, 13555
16596.68, 13554
16600.63, 13553
16616.2, 13552
16622.03, 13551
16625.06, 13550
16634.68, 13549
16655.38, 13548
16661.58, 13547
16759.53, 13546
16813.41, 13545
16816.53, 13544
16829.04, 13543
16883.38, 13542
16898.94, 13541
16913.88, 13540
16917.95, 13539
16921.1, 13538
16936.59, 13537
16941.52, 13536
16957.73, 13535
17013.45, 13534
17019.28, 13533
17031.18, 13532
17035.45, 13531
17049.59, 13530
17055.0, 13529
17133.28, 13528
17136.31, 13527
17223.38, 13526
17229.53, 13525
17254.62, 13513
17259.5, 13512
17314.6, 13511
17325.04, 13510
17352.99, 13495
17356.31, 13494
17416.64, 13492
17450.23, 13491
17455.67, 13490
17458.67, 13489
17475.57, 13488
17479.76, 13487
17493.39, 13486
17498.97, 13471
17536.32, 13470
17607.89, 13468
17611.18, 13467
17629.93, 13466
17634.46, 13465
17637.56, 13464
17659.42, 13463
17663.57, 13462
17729.35, 13461
17749.36, 13449
17754.08, 13448
17822.58, 13446
17879.67, 13445
17941.6, 13444
17993.07, 13443
18049.85, 13442
18222.5, 13441
18276.62, 13440
18296.45, 13439
18299.42, 13438
18327.02, 13437
18332.43, 13436
18365.07, 13434
18386.63, 13433
18389.7, 13432
18415.01, 13431
18418.1, 13430
18435.92, 13429
18492.23, 13428
18548.56, 13427
18605.18, 13426
18742.66, 13425
18745.72, 13417
18784.45, 13416
18787.54, 13414
18813.36, 13413
18817.86, 13412
18820.88, 13411
18872.56, 13410
18884.78, 13409
18942.34, 13408
18998.64, 13407
19055.57, 13406
19209.74, 13405
19213.03, 13404
19242.73, 13403
19249.49, 13402
19252.67, 13401
19285.35, 13400
19290.8, 13399
19310.59, 13398
19313.71, 13397
19329.59, 13396
19345.29, 13395
19350.42, 13394
19406.62, 13393
19462.98, 13392
19519.26, 13391
19575.41, 13390
19697.28, 13389
19726.73, 13388
19756.51, 13387
19786.01, 13386
19815.05, 13385
19844.15, 13384
19873.05, 13383
19902.9, 13382
20102.62, 13381
20105.17, 13380
20121.58, 13379
20128.17, 13378
20130.71, 13377
20160.52, 13376
20166.49, 13375
20181.3, 13374
20187.32, 13373
20242.51, 13372
20278.98, 13371
20282.03, 13370
20326.51, 13369
20333.23, 13368
20390.33, 13367
20395.34, 13366
20398.39, 13365
20409.93, 13364
20424.74, 13363
20435.33, 13362
20438.45, 13361
20482.29, 13360
20543.33, 13359
20548.67, 13358
20573.01, 13357
20578.1, 13356
20581.06, 13355
20608.86, 13354
20622.63, 13353
20669.53, 13352
20697.66, 13351
20702.88, 13350
20731.2, 13349
20799.43, 13348
20802.52, 13347
20834.82, 13346
20845.1, 13345
20924.2, 13344
20952.46, 13343
20960.01, 13342
21009.64, 13341
21017.83, 13340
21020.82, 13339
21061.87, 13338
21067.08, 13337
21105.96, 13336
21130.29, 13335
21157.49, 13334
21160.86, 13333
21178.97, 13332
21193.65, 13331
21208.66, 13330
21213.22, 13329
21241.97, 13328
21271.11, 13327
21363.62, 13326
21367.72, 13325
21370.73, 13324
21389.17, 13323
21393.58, 13322
21396.42, 13321
21414.19, 13320
21426.52, 13319
21430.2, 13318
21434.27, 13317
21454.04, 13316
21456.36, 13315
21479.88, 13314
21484.46, 13313
21515.14, 13312
21519.57, 13311
21620.13, 13310
21641.44, 13309
21657.64, 13308
21660.13, 13307
21663.27, 13306
21673.05, 13305
21685.18, 13304
21696.79, 13303
21700.56, 13302
21713.93, 13301
21718.23, 13300
21754.96, 13299
21760.16, 13298
21809.0, 13297
21816.43, 13296
21875.91, 13295
21917.18, 13294
21922.25, 13293
21941.98, 13292
21946.39, 13291
21949.42, 13290
21972.07, 13289
21976.37, 13288
22023.7, 13287
22053.3, 13286
22058.03, 13285
22094.25, 13284
22117.92, 13283
22122.58, 13282
22135.81, 13281
22140.34, 13280
22160.03, 13279
22163.2, 13278
22224.89, 13277
22264.49, 13276
22269.66, 13275
22285.32, 13274
22300.03, 13273
22309.2, 13272
22312.41, 13271
22360.76, 13270
22403.21, 13269
22411.52, 13268
22438.23, 13267
22480.88, 13266
22535.51, 13265
22570.17, 13264
22576.34, 13263
22587.57, 13262
22605.17, 13261
22608.27, 13260
22658.02, 13259
22665.39, 13258
22668.5, 13257
22723.41, 13256
22734.26, 13255
22762.84, 13254
22767.18, 13253
22862.23, 13252
22883.58, 13251
22886.57, 13250
22900.28, 13249
22905.82, 13248
22919.7, 13247
22924.59, 13246
22939.29, 13245
22947.99, 13244
22951.08, 13243
23029.2, 13242
23033.7, 13241
23048.06, 13240
23052.45, 13239
23065.61, 13238
23069.96, 13237
23086.2, 13236
23091.0, 13235
23108.09, 13234
23122.36, 13233
23125.47, 13232
23130.66, 13231
23147.12, 13230
23151.18, 13229
23158.4, 13228
23182.4, 13227
23185.49, 13226
23294.48, 13225
23379.64, 13224
23390.83, 13223
23415.67, 13222
23441.05, 13221
23445.42, 13220
23464.45, 13219
23468.53, 13218
23536.52, 13217
23554.77, 13216
23559.64, 13215
23562.79, 13214
23571.77, 13213
23587.12, 13212
23591.79, 13211
23604.78, 13210
23608.78, 13209
23622.15, 13208
23626.04, 13207
23638.24, 13206
23650.67, 13205
23654.58, 13204
23672.46, 13203
23684.21, 13202
23703.45, 13201
23706.68, 13200
23744.8, 13199
23747.81, 13198
23870.85, 13197
23873.92, 13196
23956.08, 13195
23960.2, 13194
24009.88, 13193
24033.59, 13192
24039.14, 13191
24042.14, 13190
24059.38, 13189
24063.83, 13188
24084.42, 13187
24088.99, 13186
24140.25, 13185
24176.82, 13184
24182.1, 13183
24199.55, 13182
24211.67, 13181
24247.52, 13180
24272.73, 13179
24276.86, 13178
24293.08, 13177
24297.96, 13176
24301.07, 13175
24319.43, 13174
24325.26, 13173
24328.18, 13172
24353.87, 13171
24455.32, 13170
24505.15, 13169
24508.2, 13168
24559.77, 13167
24589.79, 13166
24593.8, 13165
24608.36, 13164
24612.91, 13163
24635.38, 13162
24646.93, 13161
24650.19, 13160
24655.18, 13159
24678.59, 13158
24684.83, 13157
24693.41, 13156
24701.82, 13155
24711.53, 13154
24719.12, 13153
24732.34, 13152
24739.97, 13151
24753.24, 13150
24757.37, 13149
24771.3, 13148
24774.39, 13147
24790.89, 13146
24795.21, 13145
24801.71, 13144
24848.72, 13143
24852.82, 13142
24855.9, 13141
24882.21, 13140
24887.55, 13139
24923.85, 13138
24928.74, 13137
24931.76, 13136
24950.48, 13135
24956.76, 13134
24959.73, 13133
24978.13, 13132
24982.63, 13131
24985.8, 13130
24997.22, 13129
25016.24, 13128
25019.11, 13127
25023.54, 13126
25065.44, 13125
25070.47, 13124
25089.08, 13123
25095.08, 13122
25112.18, 13121
25127.21, 13120
25147.01, 13119
25170.0, 13118
25173.22, 13117
25178.89, 13116
25205.06, 13115
25208.1, 13114
25225.25, 13113
25229.5, 13112
25233.54, 13111
25254.98, 13110
25285.27, 13109
25288.41, 13108
25295.84, 13107
25323.99, 13106
25328.56, 13105
25384.82, 13104
25413.76, 13103
25418.49, 13102
25421.63, 13101
25499.16, 13100
25509.09, 13099
25512.19, 13098
25525.63, 13097
25528.35, 13096
25546.48, 13095
25550.58, 13094
25558.15, 13093
25563.63, 13092
25573.86, 13091
25590.89, 13090
25594.88, 13089
25599.01, 13088
25618.15, 13087
25621.77, 13086
25629.44, 13085
25656.8, 13084
25661.11, 13083
25664.18, 13082
25680.34, 13081
25683.39, 13080
25698.94, 13079
25703.78, 13078
25719.12, 13077
25722.07, 13076
25741.25, 13075
25744.55, 13074
25761.15, 13073
25766.09, 13072
25775.49, 13071
25796.55, 13070
25799.58, 13069
25834.17, 13068
25897.15, 13067
26067.31, 13066
26069.19, 13065
26104.3, 13064
26107.56, 13063
26119.53, 13062
26132.66, 13061
26135.79, 13060
26152.5, 13059
26172.11, 13058
26175.46, 13057
26214.03, 13056
26218.61, 13055
26256.28, 13054
26281.01, 13053
26309.7, 13052
26338.08, 13051
26375.36, 13050
26379.65, 13049
26387.03, 13048
26413.01, 13047
26416.03, 13046
26428.8, 13045
26439.2, 13044
26468.31, 13043
26474.76, 13042
26517.28, 13041
26556.2, 13040
26563.5, 13039
26572.17, 13038
26592.14, 13037
26595.17, 13036
26614.89, 13035
26625.07, 13034
26667.0, 13033
26670.02, 13032
26674.6, 13031
26696.59, 13030
26742.69, 13029
26779.89, 13028
26783.97, 13027
26805.12, 13026
26809.34, 13025
26840.64, 13024
26844.92, 13023
26847.96, 13022
26867.79, 13021
26873.37, 13020
26876.37, 13019
26896.63, 13018
26901.08, 13017
26934.92, 13016
26947.42, 13015
27023.86, 13014
27028.18, 13013
27046.81, 13012
27050.95, 13011
27059.46, 13010
27080.16, 13009
27083.2, 13008
27097.05, 13007
27101.11, 13006
27115.64, 13005
27125.18, 13004
27137.1, 13003
27146.46, 13002
27162.96, 13001
27165.96, 13000
27180.13, 12999
27184.78, 12998
27199.48, 12997
27288.27, 12996
27293.53, 12995
27320.04, 12994
27329.61, 12993
27329.71, 12992
27343.15, 12991
27347.69, 12990
27360.43, 12989
27365.92, 12988
27373.6, 12987
27397.23, 12986
27401.1, 12985
27484.18, 12984
27490.55, 12983
27506.9, 12982
27546.97, 12981
27568.12, 12980
27571.19, 12979
27588.73, 12978
27608.81, 12977
27611.69, 12976
27639.22, 12975
27743.23, 12974
27761.56, 12973
27783.16, 12972
27788.55, 12971
27802.71, 12970
27807.72, 12969
27810.76, 12968
27830.94, 12967
27835.06, 12966
27837.9, 12965
27853.7, 12964
27857.89, 12963
27873.63, 12962
27878.45, 12961
27897.66, 12960
27900.85, 12959
27970.8, 12958
27996.23, 12957
27999.26, 12956
28002.54, 12955
28017.6, 12954
28039.59, 12953
28120.46, 12952
28120.71, 12951
28172.25, 12950
28182.57, 12949
28195.25, 12948
28207.23, 12947
28211.16, 12946
28223.56, 12945
28227.81, 12944
28238.82, 12943
28252.47, 12942
28257.07, 12941
28272.1, 12940
28276.81, 12939
28291.19, 12938
28296.24, 12937
28312.47, 12936
28320.34, 12935
28342.24, 12934
28352.45, 12933
28482.92, 12932
28489.1, 12931
28505.51, 12930
28523.89, 12929
28556.45, 12928
28573.9, 12927
28576.93, 12926
28617.5, 12925
28654.58, 12924
28678.45, 12923
28680.92, 12922
28690.68, 12921
28706.04, 12920
28711.14, 12919
28729.4, 12918
28732.44, 12917
28803.0, 12916
28828.4, 12915
28832.57, 12914
28921.26, 12913
28924.31, 12912
28947.35, 12911
28952.4, 12910
28979.06, 12909
28985.73, 12908
29067.1, 12907
29072.04, 12906
29096.33, 12905
29098.98, 12904
29115.63, 12903
29131.52, 12902
29134.94, 12901
29144.21, 12900
29156.45, 12899
29161.73, 12898
29182.04, 12897
29185.81, 12896
29188.75, 12895
29307.9, 12894
29332.12, 12893
29345.36, 12892
29359.05, 12891
29426.2, 12890
29430.83, 12889
29436.47, 12888
29453.76, 12887
29458.42, 12886
29477.66, 12885
29483.27, 12884
29563.49, 12883
29580.3, 12882
29594.68, 12881
29599.58, 12880
29619.04, 12879
29620.95, 12878
29731.04, 12877
29735.24, 12876
29820.14, 12875
29823.08, 12874
29830.55, 12873
29847.37, 12872
29850.92, 12871
29863.73, 12870
29867.72, 12869
29881.36, 12868
29885.75, 12867
29898.64, 12866
29902.85, 12865
29927.82, 12864
29930.61, 12863
29980.46, 12862
29983.46, 12861
30001.36, 12860
30004.26, 12859
30022.04, 12858
30040.91, 12857
30044.0, 12856
30133.31, 12855
30138.46, 12854
30155.94, 12853
30158.48, 12852
30178.8, 12851
30181.88, 12850
30273.97, 12849
30295.66, 12848
30306.55, 12847
30374.56, 12846
30379.21, 12845
30386.67, 12844
30406.11, 12843
30411.06, 12842
30429.99, 12841
30434.32, 12840
30456.55, 12839
30461.42, 12838
30496.8, 12837
30499.83, 12836
30522.66, 12835
30525.53, 12834
30564.71, 12833
30612.46, 12832
30624.46, 12831
30628.77, 12830
30646.75, 12829
30652.87, 12828
30655.93, 12827
30673.72, 12826
30678.65, 12825
30697.16, 12824
30702.48, 12823
30768.48, 12822
30771.57, 12821
30823.84, 12820
30828.33, 12819
30831.39, 12818
30860.22, 12817
30883.4, 12816
30915.05, 12815
30935.92, 12814
30972.78, 12813
30976.85, 12812
31028.82, 12811
31031.74, 12810
31048.44, 12809
31053.98, 12808
31058.69, 12807
31088.53, 12806
31092.1, 12805
31095.14, 12804
31123.78, 12803
31160.98, 12802
31198.6, 12801
31214.28, 12800
31218.09, 12799
31230.7, 12798
31235.71, 12797
31254.03, 12796
31256.99, 12795
31296.72, 12794
31302.38, 12793
31370.41, 12792
31375.67, 12791
31423.83, 12790
31456.59, 12789
31472.14, 12788
31476.97, 12787
31480.05, 12786
31508.7, 12785
31514.85, 12784
31564.71, 12783
31617.15, 12782
31658.87, 12781
31661.78, 12780
31674.03, 12779
31682.11, 12778
31701.6, 12777
31706.43, 12776
31722.99, 12775
31725.41, 12774
31744.73, 12773
31746.91, 12772
31769.08, 12771
31769.21, 12770
31771.73, 12769
31791.04, 12768
31794.75, 12767
31805.2, 12766
31808.26, 12765
31823.54, 12764
31827.83, 12763
31842.25, 12762
31846.38, 12761
31861.85, 12760
31865.87, 12759
31907.27, 12758
31912.01, 12757
31987.31, 12756
32015.87, 12755
32020.5, 12754
32097.94, 12753
32112.11, 12752
32115.07, 12751
32130.85, 12750
32139.67, 12749
32142.71, 12748
32150.7, 12747
32162.63, 12746
32172.8, 12745
32177.54, 12744
32186.9, 12743
32237.27, 12742
32240.36, 12741
32257.75, 12740
32262.82, 12739
32265.73, 12738
32295.73, 12737
32296.92, 12736
32382.78, 12735
32385.91, 12734
32401.48, 12733
32412.81, 12732
32415.6, 12731
32431.88, 12730
32438.82, 12729
32451.62, 12728
32458.15, 12727
32461.18, 12726
32482.25, 12725
32487.31, 12724
32492.14, 12723
32499.29, 12722
32515.66, 12721
32520.35, 12720
32538.66, 12719
32542.72, 12718
32545.74, 12717
32557.85, 12716
32584.5, 12715
32587.73, 12714
32764.65, 12713
32794.01, 12712
32799.28, 12711
32812.38, 12710
32818.15, 12709
32822.9, 12708
32844.11, 12707
32853.45, 12706
32873.18, 12705
32877.34, 12704
32883.35, 12703
32901.64, 12702
32916.32, 12701
32965.64, 12700
32969.92, 12699
32981.94, 12698
32986.33, 12697
33000.8, 12696
33005.93, 12695
33019.71, 12694
33024.79, 12693
33038.78, 12692
33049.11, 12691
33058.59, 12690
33071.98, 12689
33074.98, 12688
33088.28, 12687
33126.44, 12686
33129.7, 12685
33304.35, 12684
33307.21, 12683
33325.29, 12682
33329.47, 12681
33332.5, 12680
33354.91, 12679
33359.15, 12678
33400.31, 12677
33426.84, 12676
33431.08, 12675
33466.71, 12674
33470.51, 12673
33512.34, 12672
33515.38, 12671
33581.55, 12670
33585.9, 12669
33605.79, 12668
33609.8, 12667
33630.69, 12666
33633.75, 12665
33654.71, 12664
33658.83, 12663
33661.85, 12662
33692.44, 12661
33699.05, 12660
33787.84, 12659
33790.9, 12658
33899.34, 12657
33904.14, 12656
33910.29, 12655
33921.55, 12654
33938.02, 12653
33942.22, 12652
33945.28, 12651
33954.35, 12650
33964.17, 12649
33982.38, 12648
33987.44, 12647
33990.46, 12646
34014.35, 12645
34017.46, 12644
34081.01, 12643
34084.08, 12642
34153.43, 12641
34183.72, 12640
34188.77, 12639
34191.76, 12638
34207.51, 12637
34211.92, 12636
34225.7, 12635
34228.81, 12634
34244.73, 12633
34247.72, 12632
34265.97, 12631
34323.83, 12630
34399.28, 12629
34403.14, 12628
34416.7, 12627
34421.31, 12626
34427.28, 12625
34446.26, 12624
34450.28, 12623
34461.96, 12622
34464.87, 12621
34476.29, 12620
34506.69, 12619
34509.72, 12618
34595.48, 12617
34620.87, 12616
34624.99, 12615
34628.33, 12614
34639.13, 12613
34652.39, 12612
34655.16, 12611
34674.76, 12610
34677.77, 12609
34698.76, 12608
34702.91, 12607
34796.49, 12606
34800.77, 12605
34803.83, 12604
34824.9, 12603
34828.96, 12602
34832.04, 12601
34853.91, 12600
34865.92, 12599
34871.37, 12598
34886.13, 12597
34891.43, 12596
34894.5, 12595
34957.53, 12594
35005.26, 12593
35008.37, 12592
35056.03, 12591
35061.46, 12590
35079.03, 12589
35083.17, 12588
35086.23, 12587
35107.68, 12586
35111.9, 12585
35114.93, 12584
35134.45, 12583
35208.13, 12582
35211.09, 12581
35268.18, 12580
35274.02, 12579
35281.68, 12578
35306.91, 12577
35311.45, 12576
35341.75, 12575
35344.79, 12574
35363.22, 12573
35367.41, 12572
35370.77, 12571
35391.18, 12570
35394.66, 12569
35431.26, 12568
35436.4, 12567
35476.5, 12566
35479.67, 12565
35526.75, 12564
35533.01, 12563
35592.34, 12562
35622.0, 12561
35626.88, 12560
35647.97, 12559
35650.99, 12558
35656.74, 12557
35671.35, 12556
35675.29, 12555
35691.53, 12554
35701.94, 12553
35722.1, 12552
35726.44, 12551
35751.49, 12550
35755.34, 12549
35758.44, 12548
35769.08, 12547
35776.87, 12546
35799.76, 12545
35802.84, 12544
35947.35, 12543
35951.7, 12542
35968.07, 12541
35973.01, 12540
35989.23, 12539
35993.52, 12538
35996.61, 12537
36020.72, 12536
36024.9, 12535
36097.55, 12534
36146.92, 12533
36151.18, 12532
36171.48, 12531
36198.41, 12530
36202.97, 12529
36229.75, 12528
36233.81, 12527
36236.85, 12526
36254.43, 12525
36257.34, 12524
36273.37, 12523
36276.42, 12522
36283.18, 12521
36306.86, 12520
36309.9, 12519
36365.24, 12518
36368.24, 12517
36398.07, 12516
36412.76, 12515
36415.89, 12514
36442.56, 12513
36447.99, 12512
36454.81, 12511
36463.8, 12510
36603.54, 12509
36608.25, 12508
36651.93, 12507
36680.78, 12506
36684.56, 12505
36729.74, 12504
36735.72, 12503
36768.2, 12502
36771.39, 12501
36786.7, 12500
36789.89, 12499
36822.55, 12498
36826.43, 12497
36906.74, 12496
36908.97, 12495
37011.07, 12494
37030.77, 12493
37079.85, 12492
37085.57, 12491
37101.61, 12490
37107.88, 12489
37111.01, 12488
37128.31, 12487
37131.14, 12486
37148.88, 12485
37152.28, 12484
37166.36, 12483
37168.5, 12482
37191.62, 12481
37194.59, 12480
37249.34, 12479
37252.48, 12478
37282.96, 12477
37285.15, 12476
37339.6, 12475
37379.75, 12474
37383.7, 12473
37405.92, 12472
37567.97, 12471
37571.03, 12470
37664.1, 12469
37667.13, 12468
37697.76, 12467
37701.02, 12466
37721.08, 12465
37724.1, 12464
37741.77, 12463
37745.89, 12462
37748.94, 12461
37843.95, 12460
37849.64, 12459
37889.8, 12458
37920.08, 12457
37923.15, 12456
37954.41, 12455
37981.42, 12454
37985.89, 12453
37999.85, 12452
38006.12, 12451
38014.41, 12450
38031.99, 12449
38037.41, 12448
38042.0, 12447
38059.63, 12446
38089.13, 12445
38105.02, 12444
38117.57, 12443
38124.58, 12442
38130.72, 12441
38147.27, 12440
38151.6, 12439
38176.7, 12438
38179.73, 12437
38288.11, 12436
38291.14, 12435
38294.68, 12434
38315.67, 12433
38318.88, 12432
38349.31, 12431
38355.28, 12430
38420.81, 12429
38425.13, 12428
38466.5, 12427
38486.4, 12426
38489.51, 12425
38496.63, 12424
38512.7, 12423
38516.04, 12422
38538.63, 12421
38541.67, 12420
38621.45, 12419
38625.36, 12418
38631.41, 12417
38673.97, 12416
38678.18, 12415
38696.38, 12414
38699.35, 12413
38722.7, 12412
38725.2, 12411
38728.32, 12410
38745.46, 12409
38749.81, 12408
38795.91, 12407
38798.87, 12406
38855.45, 12405
38858.49, 12404
38880.9, 12403
38885.56, 12402
38987.52, 12401
38991.82, 12400
39014.34, 12399
39019.28, 12398
39022.31, 12397
39047.37, 12396
39051.53, 12395
39095.57, 12394
39098.65, 12393
39165.1, 12392
39169.37, 12391
39210.87, 12390
39214.0, 12389
39231.31, 12388
39235.59, 12387
39238.47, 12386
39262.19, 12385
39264.85, 12384
39312.01, 12383
39315.01, 12382
39389.97, 12381
39392.88, 12380
39416.78, 12379
39422.25, 12378
39425.32, 12377
39447.68, 12376
39451.41, 12375
39457.45, 12374
39475.34, 12373
39479.35, 12372
39482.43, 12371
39496.44, 12370
39512.8, 12369
39517.07, 12368
39520.13, 12367
39535.92, 12366
39538.9, 12365
39551.44, 12364
39572.4, 12363
39575.4, 12362
39685.05, 12361
39690.03, 12360
39705.18, 12359
39709.64, 12358
39742.89, 12357
39760.96, 12356
39797.1, 12355
39817.11, 12354
39821.79, 12353
39842.34, 12352
39845.54, 12351
39912.69, 12350
39915.7, 12349
39994.65, 12348
39997.27, 12347
40060.21, 12346
40122.95, 12345
40126.7, 12344
40136.39, 12343
40150.06, 12342
40155.45, 12341
40171.11, 12340
40175.45, 12339
40193.56, 12338
40199.36, 12337
40212.96, 12336
40349.02, 12335
40353.3, 12334
40379.71, 12333
40382.88, 12332
40520.45, 12331
40540.69, 12330
40546.06, 12329
40558.54, 12328
40562.62, 12327
40583.66, 12326
40591.64, 12325
40633.15, 12324
40637.18, 12323
40667.71, 12322
40681.77, 12321
40686.23, 12320
40691.13, 12319
40709.7, 12318
40714.51, 12317
40732.59, 12316
40737.37, 12315
40772.5, 12314
40893.84, 12313
40896.84, 12312
40914.99, 12311
40918.47, 12310
40931.6, 12309
40937.03, 12308
40949.56, 12307
40961.87, 12306
40978.72, 12305
40982.83, 12304
40998.42, 12303
41000.88, 12302
41018.97, 12301
41032.01, 12300
41080.97, 12299
41231.02, 12298
41248.84, 12297
41253.57, 12296
41265.71, 12295
41281.61, 12294
41286.09, 12293
41296.02, 12292
41316.55, 12291
41323.28, 12290
41338.9, 12289
41356.44, 12288
41359.67, 12287
41381.77, 12286
41384.79, 12285
41474.96, 12284
41478.1, 12283
41538.04, 12282
41541.2, 12281
41608.67, 12280
41664.42, 12279
41667.59, 12278
41680.73, 12277
41684.85, 12276
41691.94, 12275
41751.0, 12274
41756.02, 12273
41764.22, 12272
41778.87, 12271
41783.02, 12270
41805.1, 12269
41809.61, 12268
41812.68, 12267
41836.04, 12266
41839.11, 12265
41865.56, 12264
41903.87, 12263
41923.36, 12262
41926.5, 12261
41929.55, 12260
41946.4, 12259
41950.6, 12258
41969.43, 12257
41978.43, 12256
41980.68, 12255
42008.89, 12254
42061.7, 12253
42097.2, 12252
42100.41, 12251
42121.21, 12250
42124.41, 12249
42131.84, 12248
42164.3, 12247
42169.31, 12246
42193.51, 12245
42199.35, 12244
42264.41, 12243
42282.28, 12242
42304.89, 12241
42308.92, 12240
42355.01, 12239
42372.72, 12238
42416.7, 12237
42422.04, 12236
42437.04, 12235
42440.28, 12234
42455.37, 12233
42461.99, 12232
42482.7, 12231
42487.4, 12230
42506.43, 12229
42509.46, 12228
42514.83, 12227
42537.19, 12226
42630.51, 12225
42661.31, 12224
42763.6, 12223
42790.43, 12222
42795.07, 12221
42808.76, 12220
42812.77, 12219
42826.04, 12218
42844.8, 12217
42847.28, 12216
42863.7, 12215
42867.92, 12214
42881.4, 12213
42884.39, 12212
42923.52, 12211
42926.53, 12210
42941.93, 12209
42958.5, 12208
42964.57, 12207
42995.81, 12206
43000.05, 12205
43003.12, 12204
43024.76, 12203
43027.84, 12202
43030.9, 12201
43053.54, 12200
43056.55, 12199
43073.76, 12198
43077.98, 12197
43092.47, 12196
43095.44, 12195
43125.51, 12194
43156.28, 12193
43160.48, 12192
43265.81, 12191
43280.6, 12190
43305.13, 12189
43324.51, 12188
43328.82, 12187
43331.9, 12186
43355.22, 12185
43358.82, 12184
43408.7, 12183
43411.77, 12182
43414.68, 12181
43425.4, 12180
43435.97, 12179
43453.16, 12178
43461.8, 12177
43469.99, 12176
43479.19, 12175
43494.56, 12174
43496.93, 12173
43510.47, 12172
43517.64, 12171
43536.89, 12170
43540.06, 12169
43545.68, 12168
43565.78, 12167
43573.24, 12166
43576.29, 12165
43600.71, 12164
43604.62, 12163
43626.5, 12162
43635.6, 12161
43648.93, 12160
43717.96, 12159
43809.82, 12158
43814.11, 12157
43838.31, 12156
43858.59, 12155
43883.1, 12154
43896.01, 12153
43929.03, 12152
43939.65, 12151
43948.47, 12150
43964.79, 12149
43968.0, 12148
43979.86, 12147
43988.31, 12146
44004.96, 12145
44008.09, 12144
44014.64, 12143
44031.76, 12142
44034.82, 12141
44043.78, 12140
44053.41, 12139
44067.79, 12138
44084.77, 12137
44094.34, 12136
44102.45, 12135
44111.21, 12134
44119.52, 12133
44131.65, 12132
44147.61, 12131
44151.64, 12130
44157.53, 12129
44173.45, 12128
44176.49, 12127
44203.82, 12126
44292.99, 12125
44323.32, 12124
44327.11, 12123
44358.34, 12122
44361.36, 12121
44384.55, 12120
44387.85, 12119
44435.95, 12118
44439.84, 12117
44463.24, 12116
44467.4, 12115
44485.6, 12114
44488.39, 12113
44543.78, 12112
44549.64, 12111
44590.58, 12110
44595.07, 12109
44614.44, 12108
44618.44, 12107
44625.26, 12106
44641.73, 12105
44644.62, 12104
44663.0, 12103
44667.41, 12102
44670.26, 12101
44689.84, 12100
44707.33, 12099
44711.22, 12098
44739.21, 12097
44773.23, 12096
44776.33, 12095
44806.31, 12094
44811.56, 12093
44848.85, 12092
44905.48, 12091
44905.58, 12090
44917.58, 12089
44920.53, 12088
44940.73, 12087
44943.75, 12086
44961.5, 12085
44964.43, 12084
44967.45, 12083
44988.19, 12082
44995.51, 12081
45026.27, 12080
45055.31, 12079
45058.35, 12078
45096.76, 12077
45133.36, 12076
45172.23, 12075
45190.15, 12074
45207.75, 12073
45211.2, 12072
45244.92, 12071
45248.05, 12070
45272.01, 12069
45275.06, 12068
45341.23, 12067
45363.66, 12066
45369.03, 12065
45372.07, 12064
45402.65, 12063
45405.59, 12062
45465.42, 12061
45473.69, 12060
45477.49, 12059
45495.08, 12058
45550.75, 12057
45568.21, 12056
45583.52, 12055
45590.19, 12054
45593.22, 12053
45612.82, 12052
45614.91, 12051
45618.9, 12050
45657.18, 12049
45688.09, 12048
45733.91, 12047
45740.35, 12046
45743.74, 12045
45765.22, 12044
45768.26, 12043
45806.11, 12042
45809.22, 12041
45830.34, 12040
45834.49, 12039
45871.24, 12038
45949.94, 12037
45954.92, 12036
46028.54, 12035
46047.04, 12034
46051.38, 12033
46055.11, 12032
46075.0, 12031
46089.39, 12030
46092.44, 12029
46104.19, 12028
46130.19, 12027
46132.45, 12026
46148.91, 12025
46156.56, 12024
46159.57, 12023
46179.1, 12022
46182.18, 12021
46216.93, 12020
46231.57, 12019
46256.08, 12018
46261.42, 12017
46297.25, 12016
46302.46, 12015
46352.49, 12014
46355.25, 12013
46407.09, 12012
46411.73, 12011
46447.06, 12010
46451.14, 12009
46454.24, 12008
46468.82, 12007
46486.96, 12006
46490.74, 12005
46505.32, 12004
46532.36, 12003
46560.0, 12002
46576.62, 12001
46581.59, 12000
46613.21, 11999
46617.26, 11998
46647.55, 11997
46650.55, 11996
46670.53, 11995
46708.16, 11994
46742.88, 11993
46794.57, 11992
46797.46, 11991
46808.12, 11990
46823.9, 11989
46832.24, 11988
46835.28, 11987
46922.2, 11986
46926.45, 11985
46935.44, 11984
46949.87, 11983
46954.88, 11982
46963.26, 11981
46972.12, 11980
46996.91, 11979
47079.77, 11978
47083.58, 11977
47118.98, 11976
47122.02, 11975
47137.22, 11974
47140.26, 11973
47159.73, 11972
47162.8, 11971
47192.55, 11970
47197.75, 11969
47211.35, 11968
47213.51, 11967
47237.78, 11966
47242.13, 11965
47313.07, 11964
47318.1, 11963
47334.73, 11962
47337.31, 11961
47343.37, 11960
47370.6, 11959
47373.23, 11958
47393.66, 11957
47396.68, 11956
47432.57, 11955
47438.29, 11954
47499.06, 11953
47504.99, 11952
47529.67, 11951
47534.71, 11950
47574.01, 11949
47596.57, 11948
47599.65, 11947
47663.12, 11946
47666.16, 11945
47728.72, 11944
47746.98, 11943
47751.12, 11942
47754.38, 11941
47770.68, 11940
47797.83, 11939
47802.91, 11938
47806.09, 11937
47816.85, 11936
47835.06, 11935
47838.5, 11934
47854.64, 11933
47860.35, 11932
47863.56, 11931
47879.39, 11930
47952.73, 11929
47956.8, 11928
48025.8, 11927
48047.35, 11926
48071.18, 11925
48115.56, 11924
48119.86, 11923
48133.34, 11922
48138.44, 11921
48154.75, 11920
48159.07, 11919
48176.95, 11918
48182.74, 11917
48197.74, 11916
48202.03, 11915
48218.87, 11914
48221.85, 11913
48245.43, 11912
48247.12, 11911
48266.15, 11910
48290.64, 11909
48293.71, 11908
48358.34, 11907
48381.65, 11906
48385.86, 11905
48402.43, 11904
48407.8, 11903
48439.37, 11902
48475.74, 11901
48478.82, 11900
48498.65, 11899
48529.11, 11898
48533.36, 11897
48584.56, 11896
48587.61, 11895
48617.97, 11894
48621.06, 11893
48645.65, 11892
48659.65, 11891
48680.46, 11890
48684.61, 11889
48707.19, 11888
48722.46, 11887
48726.48, 11886
48752.58, 11885
48758.03, 11884
48789.5, 11883
48792.63, 11882
48809.41, 11881
48853.01, 11880
48873.79, 11879
48878.11, 11878
48880.67, 11877
49061.39, 11876
49063.45, 11875
49120.62, 11874
49158.56, 11873
49161.71, 11872
49178.48, 11871
49181.53, 11870
49192.46, 11869
49206.43, 11868
49240.17, 11867
49245.1, 11866
49275.64, 11865
49294.83, 11864
49326.16, 11863
49329.29, 11862
49374.19, 11861
49406.61, 11860
49411.19, 11859
49432.22, 11858
49436.53, 11857
49464.06, 11856
49468.17, 11855
49473.46, 11854
49486.86, 11853
49503.82, 11852
49507.82, 11851
49536.06, 11850
49541.01, 11849
49576.66, 11848
49579.78, 11847
49596.2, 11846
49600.23, 11845
49618.94, 11844
49622.02, 11843
49642.72, 11842
49678.29, 11841
49715.92, 11840
49737.54, 11839
49752.58, 11838
49756.93, 11837
49764.24, 11836
49771.7, 11835
49791.12, 11834
49817.67, 11833
49820.62, 11832
49876.26, 11831
49881.54, 11830
49929.9, 11829
49944.54, 11828
49947.34, 11827
49957.77, 11826
49973.11, 11825
49975.57, 11824
50017.23, 11823
50020.04, 11822
50042.48, 11821
50046.81, 11820
50071.12, 11819
50075.46, 11818
50078.51, 11817
50120.6, 11816
50123.68, 11815
50139.82, 11814
50165.49, 11813
50167.25, 11812
50221.01, 11811
50225.92, 11810
50229.13, 11809
50252.92, 11808
50255.83, 11807
50290.98, 11806
50295.42, 11805
50350.19, 11804
50379.91, 11803
50384.61, 11802
50396.41, 11801
50400.81, 11800
50411.97, 11799
50431.29, 11798
50436.35, 11797
50439.48, 11796
50481.61, 11795
50486.29, 11794
50542.38, 11793
50565.68, 11792
50585.55, 11791
50591.02, 11790
50594.0, 11789
50604.15, 11788
50616.88, 11787
50635.37, 11786
50641.91, 11785
50655.48, 11784
50672.32, 11783
50675.86, 11782
50692.44, 11781
50702.82, 11780
50705.89, 11779
50726.35, 11778
50739.98, 11777
50759.28, 11776
50765.64, 11775
50768.74, 11774
50788.55, 11773
50791.59, 11772
50811.66, 11771
50814.17, 11770
50832.45, 11769
50834.23, 11768
50852.06, 11767
50855.77, 11766
50869.0, 11765
50889.8, 11764
50889.9, 11763
50914.93, 11762
50917.61, 11761
50941.03, 11760
50944.36, 11759
51037.58, 11758
51066.43, 11757
51079.56, 11756
51102.64, 11755
51105.57, 11754
51108.53, 11753
51130.82, 11752
51140.28, 11751
51146.76, 11750
51168.78, 11749
51170.31, 11748
51173.32, 11747
51244.76, 11746
51247.74, 11745
51269.26, 11744
51274.8, 11743
51290.63, 11742
51295.06, 11741
51355.56, 11740
51360.65, 11739
51373.81, 11738
51378.11, 11737
51409.49, 11736
51413.9, 11735
51445.11, 11734
51460.96, 11733
51487.0, 11732
51503.8, 11731
51508.35, 11730
51580.66, 11729
51598.82, 11728
51602.05, 11727
51661.44, 11726
51663.78, 11725
51671.38, 11724
51695.61, 11723
51781.4, 11722
51785.01, 11721
51806.63, 11720
51810.55, 11719
51817.49, 11718
51836.88, 11717
51850.45, 11716
51855.1, 11715
51873.2, 11714
51876.2, 11713
51890.89, 11712
51913.38, 11711
51916.43, 11710
51949.64, 11709
51952.87, 11708
51973.95, 11707
51978.17, 11706
51986.31, 11705
51996.11, 11704
52007.07, 11703
52019.2, 11702
52040.53, 11701
52138.92, 11700
52169.69, 11699
52174.6, 11698
52190.56, 11697
52194.87, 11696
52213.02, 11695
52217.79, 11694
52234.79, 11693
52247.08, 11692
52251.93, 11691
52272.86, 11690
52303.15, 11689
52397.21, 11688
52450.44, 11687
52467.17, 11686
52472.45, 11685
52488.69, 11684
52492.52, 11683
52511.37, 11682
52514.1, 11681
52533.6, 11680
52539.47, 11679
52542.46, 11678
52555.01, 11677
52568.8, 11676
52583.25, 11675
52586.22, 11674
52607.65, 11673
52613.01, 11672
52627.92, 11671
52642.34, 11670
52644.63, 11669
52680.44, 11668
52684.65, 11667
52840.25, 11666
52887.87, 11665
52891.64, 11664
52917.06, 11663
52947.4, 11662
52951.55, 11661
52965.17, 11660
52981.53, 11659
52985.68, 11658
52997.95, 11657
53002.02, 11656
53016.68, 11655
53021.91, 11654
53037.91, 11653
53042.98, 11652
53046.1, 11651
53062.63, 11650
53065.66, 11649
53091.26, 11648
53095.76, 11647
53135.47, 11646
53166.74, 11645
53171.9, 11644
53185.37, 11643
53189.91, 11642
53214.17, 11641
53217.26, 11640
53247.39, 11639
53250.47, 11638
53339.24, 11637
53355.6, 11636
53359.68, 11635
53382.67, 11634
53389.79, 11633
53392.83, 11632
53398.54, 11631
53407.28, 11630
53418.39, 11629
53428.17, 11628
53435.04, 11627
53444.2, 11626
53473.14, 11625
53476.35, 11624
53479.53, 11623
53520.6, 11622
53523.61, 11621
53542.61, 11620
53545.77, 11619
53565.28, 11618
53568.62, 11617
53571.32, 11616
53590.76, 11615
53596.85, 11614
53598.14, 11613
53622.86, 11612
53625.85, 11611
53653.52, 11610
53687.46, 11609
53692.84, 11608
53730.58, 11607
53734.73, 11606
53762.26, 11605
53794.68, 11604
53802.92, 11603
53818.36, 11602
53826.37, 11601
53841.05, 11600
53844.86, 11599
53866.38, 11598
53869.47, 11597
53886.65, 11596
53909.89, 11595
53915.32, 11594
53918.65, 11593
53935.42, 11592
53938.48, 11591
53957.61, 11590
53989.88, 11589
54069.81, 11588
54072.86, 11587
54099.91, 11586
54117.41, 11585
54138.48, 11584
54142.69, 11583
54145.84, 11582
54163.74, 11581
54166.83, 11580
54184.75, 11579
54194.26, 11578
54220.64, 11577
54223.52, 11576
54243.07, 11575
54248.71, 11574
54294.51, 11573
54302.14, 11572
54338.61, 11571
54358.68, 11570
54390.56, 11569
54390.64, 11568
54418.76, 11567
54431.45, 11566
54449.23, 11565
54465.04, 11564
54474.72, 11563
54496.09, 11562
54536.93, 11561
54540.03, 11560
54566.15, 11559
54569.3, 11558
54594.23, 11557
54611.37, 11556
54619.89, 11555
54636.15, 11554
54645.34, 11553
54661.37, 11552
54671.13, 11551
54705.14, 11550
54724.91, 11549
54727.91, 11548
54733.75, 11547
54758.0, 11546
54822.05, 11545
54826.18, 11544
54839.65, 11543
54863.66, 11542
54866.76, 11541
54883.09, 11540
54886.34, 11539
54905.35, 11538
54910.37, 11537
54958.62, 11536
54998.98, 11535
55029.49, 11534
55045.63, 11533
55076.86, 11532
55079.95, 11531
55096.94, 11530
55101.97, 11529
55113.77, 11528
55146.19, 11527
55219.19, 11526
55235.73, 11525
55238.7, 11524
55256.6, 11523
55276.26, 11522
55279.77, 11521
55322.11, 11520
55336.77, 11519
55342.62, 11518
55366.6, 11517
55372.7, 11516
55395.39, 11515
55463.51, 11514
55466.53, 11513
55469.68, 11512
55501.1, 11511
55504.66, 11510
55571.92, 11509
55572.11, 11508
55628.9, 11507
55647.85, 11506
55664.51, 11505
55667.1, 11504
55674.02, 11503
55700.92, 11502
55714.5, 11501
55729.64, 11500
55752.91, 11499
55778.54, 11498
55785.66, 11497
55803.03, 11496
55813.61, 11495
55829.75, 11494
55863.03, 11493
55869.25, 11492
55879.54, 11491
55891.64, 11490
55909.65, 11489
55918.61, 11488
55956.27, 11487
55976.58, 11486
56000.13, 11485
56033.38, 11484
56039.52, 11483
56058.55, 11482
56061.79, 11481
56084.78, 11480
56093.09, 11479
56103.25, 11478
56115.03, 11477
56126.08, 11476
56136.78, 11475
56147.04, 11474
56157.03, 11473
56185.36, 11472
56188.39, 11471
56222.7, 11470
56225.88, 11469
56273.82, 11468
56357.45, 11467
56360.47, 11466
56401.92, 11465
56405.01, 11464
56497.07, 11463
56513.94, 11462
56526.31, 11461
56563.76, 11460
56583.29, 11459
56588.45, 11458
56601.08, 11457
56608.77, 11456
56622.35, 11455
56638.67, 11454
56642.61, 11453
56662.24, 11452
56665.19, 11451
56690.84, 11450
56711.12, 11449
56725.96, 11448
56744.77, 11447
56747.74, 11446
56779.96, 11445
56783.86, 11444
56850.34, 11443
56861.12, 11442
56900.21, 11441
56902.05, 11440
56949.55, 11439
56953.82, 11438
56993.78, 11437
57013.22, 11436
57018.0, 11435
57046.14, 11434
57049.32, 11433
57115.62, 11432
57119.87, 11431
57133.11, 11430
57147.98, 11429
57155.16, 11428
57182.68, 11427
57197.47, 11426
57206.64, 11425
57240.59, 11424
57244.54, 11423
57331.94, 11422
57334.86, 11421
57364.05, 11420
57367.02, 11419
57381.82, 11418
57445.82, 11417
57454.61, 11416
57477.64, 11415
57480.74, 11414
57508.93, 11413
57512.14, 11412
57569.07, 11411
57571.91, 11410
57596.25, 11409
57600.2, 11408
57608.36, 11407
57636.97, 11406
57650.32, 11405
57668.69, 11404
57677.92, 11403
57689.03, 11402
57701.97, 11401
57721.64, 11400
57772.78, 11399
57775.91, 11398
57944.45, 11397
57947.22, 11396
57964.0, 11395
57978.1, 11394
57992.01, 11393
57996.24, 11392
58006.35, 11391
58018.98, 11390
58036.12, 11389
58039.33, 11388
58056.06, 11387
58075.24, 11386
58078.6, 11385
58099.13, 11384
58126.53, 11383
58138.58, 11382
58141.65, 11381
58164.66, 11380
58176.53, 11379
58179.65, 11378
58194.79, 11377
58322.57, 11376
58327.94, 11375
58337.33, 11374
58366.69, 11373
58369.72, 11372
58401.35, 11371
58431.99, 11370
58447.61, 11369
58464.87, 11368
58468.63, 11367
58487.71, 11366
58490.75, 11365
58501.28, 11364
58625.98, 11363
58655.29, 11362
58678.95, 11361
58705.07, 11360
58720.94, 11359
58723.98, 11358
58746.68, 11357
58749.79, 11356
58774.66, 11355
58779.04, 11354
58859.31, 11353
58878.43, 11352
58886.62, 11351
58896.29, 11350
58909.18, 11349
58919.8, 11348
58931.66, 11347
58944.63, 11346
58953.32, 11345
58964.78, 11344
58981.89, 11343
58986.58, 11342
59022.49, 11341
59042.7, 11340
59052.31, 11339
59059.49, 11338
59080.82, 11337
59085.19, 11336
59100.84, 11335
59103.78, 11334
59150.88, 11333
59156.15, 11332
59177.88, 11331
59180.32, 11330
59197.3, 11329
59202.34, 11328
59212.51, 11327
59229.94, 11326
59242.54, 11325
59245.66, 11324
59259.56, 11323
59417.59, 11322
59437.84, 11321
59473.37, 11320
59476.39, 11319
59495.48, 11318
59498.44, 11317
59516.53, 11316
59519.99, 11315
59564.28, 11314
59592.8, 11313
59596.73, 11312
59625.83, 11311
59677.81, 11310
59682.98, 11309
59698.27, 11308
59706.74, 11307
59725.87, 11306
59731.2, 11305
59744.43, 11304
59769.26, 11303
59779.54, 11302
59793.93, 11301
59803.6, 11300
59867.3, 11299
59893.15, 11298
59953.6, 11297
59958.22, 11296
59986.34, 11295
60039.48, 11294
60064.77, 11293
60067.9, 11292
60114.07, 11291
60118.16, 11290
60130.4, 11289
60148.36, 11288
60164.38, 11287
60168.61, 11286
60176.1, 11285
60192.19, 11284
60203.29, 11283
60381.04, 11282
60384.2, 11281
60387.39, 11280
