12105.06, 19571
12124.8, 19540
12183.65, 19521
12188.29, 19492
12208.54, 19491
12213.06, 19490
12222.76, 19463
12254.36, 19462
12278.11, 19461
12291.87, 19460
12300.81, 19287
12319.12, 19258
12323.38, 19257
12347.61, 19239
12428.13, 19212
12432.25, 19210
12456.32, 19209
12460.98, 19208
12478.2, 19185
12486.42, 19183
12498.07, 19182
12511.97, 19181
12521.78, 19180
12552.74, 19179
12576.7, 19178
12669.11, 19177
12673.61, 19176
12700.86, 19165
12705.61, 19136
12732.68, 19135
12737.36, 19117
12755.79, 19090
12760.02, 19088
12783.54, 19087
12801.06, 19086
12828.1, 19063
12836.22, 19061
12915.46, 19060
12919.96, 19059
12966.51, 19058
12970.8, 19057
13004.79, 19056
13042.64, 19055
13058.24, 19054
13072.65, 18998
13077.05, 18971
13099.79, 18969
13121.26, 18952
13125.75, 18927
13256.12, 18924
13260.53, 18923
13292.45, 18922
13315.41, 18921
13329.09, 18902
13374.85, 18899
13394.12, 18898
13397.89, 18897
13419.39, 18896
13423.71, 18895
13442.25, 18894
13459.47, 18893
13479.65, 18892
13484.02, 18891
13492.05, 18890
13517.88, 18889
13522.5, 18876
13637.31, 18849
13655.9, 18847
13670.54, 18830
13684.23, 18805
13698.66, 18802
13712.39, 18801
13727.49, 18800
13751.26, 18799
13755.27, 18780
13791.26, 18777
13814.4, 18776
13818.71, 18775
13831.26, 18774
13867.48, 18773
13871.82, 18772
13958.72, 18771
13969.02, 18770
13992.01, 18769
13996.34, 18768
14026.4, 18767
14131.41, 18742
14135.69, 18740
14159.6, 18723
14174.16, 18698
14191.5, 18695
14195.87, 18694
14222.85, 18693
14227.69, 18692
14239.69, 18673
14259.41, 18670
14263.68, 18669
14286.68, 18668
14332.51, 18667
14336.83, 18666
14375.91, 18665
14380.18, 18664
14416.12, 18663
14435.13, 18662
14439.02, 18661
14466.35, 18660
14470.62, 18649
14546.25, 18622
14550.52, 18620
14612.99, 18603
14618.52, 18578
14638.8, 18575
14643.24, 18574
14665.93, 18573
14708.57, 18572
14712.73, 18553
14739.01, 18550
14756.12, 18549
14761.05, 18548
14774.46, 18547
14788.95, 18546
14815.19, 18545
14819.53, 18544
14844.37, 18543
14855.36, 18542
14869.51, 18541
14887.01, 18540
14918.72, 18539
15006.69, 18538
15033.98, 18537
15057.13, 18513
15061.37, 18511
15082.5, 18494
15086.83, 18469
15144.42, 18466
15209.62, 18465
15232.63, 18464
15236.73, 18463
15247.34, 18444
15258.32, 18441
15278.03, 18440
15282.6, 18439
15316.39, 18438
15328.78, 18437
15341.93, 18436
15403.43, 18435
15431.16, 18434
15435.51, 18433
15459.36, 18432
15480.11, 18431
15484.35, 18422
15500.0, 18395
15514.66, 18393
15536.73, 18376
15540.61, 18351
15607.05, 18348
15632.61, 18347
15637.03, 18346
15657.75, 18345
15663.49, 18326
15707.85, 18323
15729.43, 18322
15748.49, 18321
15771.94, 18320
15786.67, 18319
15799.76, 18318
15811.97, 18317
15821.99, 18316
15845.52, 18315
15878.73, 18314
15898.63, 18313
15902.43, 18312
15939.16, 18311
15943.49, 18310
16015.23, 18309
16019.65, 18308
16083.57, 18285
16107.33, 18283
16111.73, 18266
16156.33, 18241
16172.42, 18238
16186.95, 18237
16191.01, 18236
16202.15, 18235
16268.31, 18216
16283.72, 18213
16288.01, 18212
16311.73, 18211
16316.04, 18210
16390.2, 18209
16394.49, 18208
16465.6, 18207
16485.39, 18206
16489.84, 18205
16503.09, 18204
16523.52, 18203
16527.76, 18196
16584.49, 18169
16588.67, 18167
16605.26, 18150
16612.42, 18125
16638.81, 18122
16643.3, 18121
16674.8, 18120
16679.18, 18119
16721.19, 18100
16767.94, 18097
16821.65, 18096
16844.25, 18095
16873.14, 18094
16877.45, 18093
16940.73, 18092
16962.03, 18091
16966.29, 18090
16980.37, 18089
16990.59, 18088
17011.04, 18087
17015.4, 18086
17055.78, 18085
17060.42, 18084
17111.11, 18083
17114.92, 18082
17198.74, 18081
17203.03, 18080
17224.59, 18058
17228.86, 18056
17252.5, 18039
17256.73, 18014
17315.27, 18011
17319.59, 18010
17424.71, 18009
17429.08, 18008
17464.76, 17989
17561.39, 17986
17600.31, 17985
17625.36, 17984
17683.56, 17983
17696.36, 17982
17704.55, 17981
17824.6, 17980
17830.06, 17979
17896.51, 17978
17900.76, 17977
17917.53, 17976
17935.06, 17971
17939.17, 17944
17960.49, 17942
17964.74, 17925
18032.14, 17900
18090.14, 17897
18094.18, 17896
18112.82, 17895
18117.05, 17894
18161.21, 17875
18230.44, 17872
18234.71, 17871
18339.17, 17870
18377.17, 17869
18381.1, 17868
18448.41, 17867
18452.63, 17866
18476.63, 17865
18503.36, 17864
18507.08, 17863
18567.55, 17862
18575.88, 17861
18668.32, 17860
18705.76, 17859
18710.76, 17858
18736.06, 17857
18740.32, 17856
18768.69, 17855
18772.93, 17854
18924.86, 17853
18949.58, 17852
18953.96, 17849
18964.77, 17848
18985.54, 17847
18989.65, 17846
19012.03, 17827
19016.09, 17824
19071.76, 17823
19075.96, 17822
19198.72, 17821
19202.97, 17820
19251.86, 17819
19255.8, 17818
19283.75, 17817
19287.82, 17816
19381.23, 17815
19385.55, 17814
19413.37, 17813
19418.29, 17812
19439.56, 17811
19453.97, 17810
19515.13, 17809
19520.12, 17808
19548.22, 17807
19595.69, 17806
19600.57, 17805
19654.44, 17804
19663.72, 17803
19725.4, 17802
19746.31, 17801
19749.84, 17800
19772.91, 17799
19778.91, 17798
19785.74, 17797
19797.91, 17796
19809.96, 17795
19820.35, 17794
19832.24, 17793
19843.93, 17792
19855.11, 17791
19868.97, 17790
19879.97, 17789
19891.69, 17788
19903.08, 17787
19915.13, 17786
19927.71, 17785
19940.41, 17784
19954.56, 17783
19963.78, 17782
19977.49, 17781
19989.34, 17780
20001.88, 17779
20013.62, 17778
20027.85, 17777
20041.94, 17776
20054.26, 17775
20065.63, 17774
20078.54, 17773
20091.7, 17772
20114.86, 17763
20126.6, 17760
20137.84, 17759
20148.67, 17758
20161.01, 17757
20170.41, 17756
20181.73, 17755
20192.71, 17754
20204.4, 17753
20215.18, 17752
20227.64, 17751
20238.22, 17750
20251.94, 17747
20263.05, 17720
20274.69, 17718
20285.54, 17701
20297.21, 17676
20308.98, 17673
20320.36, 17672
20331.15, 17671
20342.48, 17670
20354.91, 17651
20366.51, 17648
20377.76, 17647
20391.59, 17646
20399.27, 17645
20410.54, 17644
20421.19, 17643
20432.07, 17642
20443.28, 17641
20454.59, 17640
20466.43, 17639
20477.15, 17638
20489.67, 17637
20501.78, 17636
20512.78, 17635
20524.72, 17634
20535.46, 17633
20548.9, 17632
20561.35, 17631
20572.42, 17630
20584.07, 17629
20599.66, 17628
20611.92, 17627
20623.49, 17626
20636.82, 17625
20649.01, 17624
20661.42, 17623
20680.59, 17622
20694.05, 17603
20705.51, 17600
20716.76, 17599
20727.58, 17598
20738.39, 17597
20749.33, 17596
20760.42, 17595
20774.75, 17594
20784.25, 17593
20796.5, 17592
20807.89, 17591
20820.3, 17590
20831.83, 17589
20846.66, 17588
20864.67, 17587
20875.04, 17586
20888.55, 17585
20899.44, 17584
20916.13, 17583
20933.2, 17582
20937.47, 17581
20949.4, 17580
20967.69, 17579
20973.43, 17578
20987.26, 17577
21007.45, 17576
21016.46, 17575
21027.71, 17574
21048.92, 17573
21054.16, 17572
21073.02, 17571
21094.47, 17570
21098.43, 17569
21117.24, 17568
21135.07, 17567
21140.23, 17566
21160.52, 17565
21182.62, 17564
21186.89, 17563
21208.28, 17562
21212.77, 17561
21231.75, 17560
21256.91, 17559
21261.22, 17558
21276.83, 17557
21296.53, 17556
21314.88, 17555
21344.44, 17554
21362.07, 17553
21389.52, 17552
21396.94, 17551
21414.66, 17550
21418.94, 17549
21433.96, 17548
21446.9, 17547
21457.72, 17546
21478.73, 17545
21482.66, 17544
21511.38, 17543
21534.44, 17542
21538.69, 17541
21592.31, 17540
21596.64, 17539
21618.72, 17538
21622.85, 17537
21653.26, 17536
21688.24, 17535
21692.49, 17534
21738.01, 17533
21742.27, 17532
21782.42, 17531
21815.23, 17530
21838.81, 17529
21846.54, 17528
22354.83, 17527
22356.66, 17526
22468.53, 17525
22484.09, 17524
22495.79, 17523
22520.47, 17522
22529.41, 17521
22580.73, 17520
22584.98, 17519
22635.57, 17518
22639.77, 17517
22664.32, 17516
22668.59, 17515
22743.21, 17514
22747.18, 17513
22782.75, 17512
22786.95, 17511
22823.17, 17510
22827.5, 17509
22864.13, 17508
22868.34, 17507
22880.8, 17506
22906.34, 17505
22932.67, 17504
22936.8, 17503
22987.49, 17502
23009.83, 17501
23013.97, 17500
23108.12, 17499
23135.4, 17498
23141.97, 17497
23195.7, 17496
23199.99, 17495
23308.81, 17494
23331.7, 17493
23335.89, 17492
23358.3, 17491
23387.38, 17490
23391.56, 17489
23403.36, 17488
23422.7, 17487
23427.02, 17486
23437.8, 17485
23523.48, 17484
23553.79, 17483
23566.06, 17482
23579.23, 17481
23589.97, 17480
23608.24, 17479
23616.32, 17478
23641.47, 17477
23645.39, 17476
23661.45, 17475
23672.96, 17474
23691.49, 17473
23701.99, 17472
23733.09, 17471
23749.85, 17470
23865.18, 17469
23869.37, 17468
23896.8, 17467
23900.96, 17466
23916.17, 17465
23923.38, 17464
23954.65, 17463
23968.89, 17462
23985.29, 17461
23991.16, 17460
24016.31, 17459
24021.72, 17458
24039.1, 17457
24043.29, 17456
24187.82, 17455
24192.01, 17454
24200.15, 17453
24232.27, 17452
24236.56, 17451
24271.25, 17450
24287.82, 17449
24351.75, 17448
24355.49, 17447
24378.47, 17446
24382.32, 17445
24401.7, 17444
24406.55, 17443
24437.56, 17442
24441.71, 17441
24485.83, 17440
24489.9, 17439
24524.22, 17438
24580.7, 17437
24584.98, 17436
24622.01, 17435
24626.08, 17434
24675.46, 17433
24679.67, 17432
24705.27, 17431
24709.45, 17430
24731.8, 17429
24735.99, 17428
24756.4, 17427
24806.99, 17426
24832.44, 17425
24836.57, 17424
24858.26, 17423
24862.48, 17422
24891.56, 17421
24895.7, 17420
24932.71, 17419
24936.92, 17418
24969.36, 17417
24973.51, 17416
25034.21, 17415
25064.48, 17414
25068.91, 17413
25163.11, 17412
25200.2, 17411
25229.58, 17410
25248.5, 17409
25308.59, 17408
25361.18, 17407
25364.33, 17406
25387.22, 17405
25394.71, 17404
25410.8, 17403
25424.44, 17402
25442.21, 17401
25446.45, 17400
25467.82, 17399
25472.0, 17398
25499.22, 17397
25503.37, 17396
25595.34, 17395
25602.91, 17394
25620.77, 17393
25637.35, 17392
25653.72, 17391
25670.73, 17390
25709.04, 17389
25753.69, 17388
25776.06, 17387
25838.13, 17386
25842.29, 17385
25858.44, 17384
25878.61, 17383
25882.82, 17382
25897.84, 17381
25914.45, 17380
25925.71, 17379
25949.51, 17378
25953.68, 17377
25971.37, 17376
26054.85, 17375
26059.05, 17374
26083.78, 17373
26127.8, 17372
26132.05, 17371
26146.99, 17370
26171.68, 17369
26175.94, 17368
26198.45, 17367
26226.84, 17366
26265.98, 17365
26272.74, 17364
26321.79, 17363
26326.06, 17362
26364.69, 17361
26388.37, 17360
26444.74, 17359
26447.42, 17358
26512.24, 17357
26528.08, 17356
26531.16, 17355
26582.97, 17354
26593.88, 17353
26608.46, 17352
26622.55, 17351
26665.15, 17350
26671.74, 17349
26688.0, 17348
26698.35, 17347
26720.97, 17346
26733.79, 17345
26737.98, 17344
26755.66, 17343
26822.27, 17342
26864.01, 17341
26878.57, 17340
26897.47, 17339
26914.28, 17338
26931.66, 17337
26990.67, 17336
27026.65, 17335
27030.83, 17334
27081.92, 17333
27115.04, 17332
27135.73, 17331
27139.84, 17330
27202.62, 17329
27233.5, 17328
27237.65, 17327
27255.47, 17326
27274.31, 17325
27278.56, 17324
27302.02, 17323
27322.04, 17322
27386.63, 17321
27391.07, 17320
27436.11, 17319
27450.93, 17318
27455.1, 17317
27481.79, 17316
27485.98, 17315
27497.56, 17314
27535.98, 17313
27616.75, 17312
27631.91, 17311
27650.83, 17310
27654.98, 17309
27674.26, 17308
27678.45, 17307
27701.97, 17306
27705.97, 17305
27717.52, 17304
27738.79, 17303
27742.84, 17302
27766.77, 17301
27770.95, 17300
27789.96, 17299
27794.17, 17298
27912.85, 17297
27917.56, 17296
27932.17, 17295
27951.53, 17294
27955.81, 17293
27968.32, 17292
27992.55, 17291
27996.77, 17290
28033.75, 17289
28136.54, 17288
28177.48, 17287
28187.3, 17286
28208.97, 17285
28226.03, 17284
28230.24, 17283
28251.73, 17282
28255.95, 17281
28275.17, 17280
28352.6, 17279
28356.75, 17278
28377.41, 17277
28420.46, 17276
28421.98, 17275
28442.63, 17274
28446.86, 17273
28457.16, 17272
28481.88, 17271
28486.07, 17270
28508.37, 17269
28512.67, 17268
28549.21, 17267
28553.43, 17266
28621.68, 17265
28653.24, 17264
28654.64, 17263
28743.95, 17262
28747.98, 17261
28763.32, 17260
28784.91, 17259
28799.81, 17258
28816.83, 17257
28827.73, 17256
28846.35, 17255
28850.56, 17254
28861.76, 17253
28875.88, 17252
28890.1, 17251
28912.32, 17250
28916.7, 17249
28938.82, 17248
28943.08, 17247
28956.72, 17246
29036.12, 17245
29050.39, 17244
29066.71, 17243
29081.42, 17242
29102.44, 17241
29108.26, 17240
29135.77, 17239
29151.9, 17238
29156.02, 17237
29174.36, 17236
29182.62, 17235
29199.22, 17234
29222.45, 17233
29227.35, 17232
29239.96, 17231
29271.06, 17230
29275.33, 17229
29372.2, 17228
29438.76, 17227
29443.0, 17226
29455.93, 17225
29466.84, 17224
29489.08, 17223
29493.21, 17222
29516.18, 17221
29520.56, 17220
29532.44, 17219
29557.28, 17218
29561.43, 17217
29593.08, 17216
29597.1, 17215
29699.57, 17214
29716.11, 17213
29737.59, 17212
29745.47, 17211
29756.39, 17210
29779.27, 17209
29783.64, 17208
29795.74, 17207
29808.7, 17206
29837.89, 17205
29842.04, 17204
29937.11, 17203
29949.33, 17202
29971.36, 17201
29981.01, 17200
29988.4, 17199
30003.11, 17198
30073.75, 17197
30158.61, 17196
30162.83, 17195
30204.22, 17194
30208.25, 17193
30228.75, 17192
30237.06, 17191
30253.88, 17190
30332.65, 17189
30342.17, 17188
30379.46, 17187
30380.85, 17186
30439.16, 17185
30443.35, 17184
30473.7, 17183
30477.81, 17182
30487.77, 17181
30499.04, 17180
30523.88, 17179
30528.08, 17178
30543.57, 17177
30551.74, 17176
30585.59, 17175
30589.74, 17174
30710.81, 17173
30719.45, 17172
30735.43, 17171
30753.5, 17170
30757.56, 17169
30843.56, 17168
30847.73, 17167
30860.19, 17166
30879.2, 17165
30910.37, 17164
30926.43, 17163
30930.21, 17162
30955.85, 17161
30960.06, 17160
31077.61, 17159
31080.64, 17158
31107.34, 17157
31111.38, 17156
31123.34, 17155
31149.77, 17154
31154.23, 17153
31177.86, 17152
31225.08, 17151
31241.14, 17150
31245.06, 17149
31266.28, 17148
31310.75, 17147
31314.04, 17146
31370.21, 17145
31374.47, 17144
31396.94, 17143
31401.47, 17142
31413.81, 17141
31429.07, 17140
31446.36, 17139
31467.48, 17138
31498.54, 17137
31502.64, 17136
31579.07, 17135
31645.95, 17134
31645.99, 17133
31663.27, 17132
31687.27, 17131
31691.46, 17130
31729.09, 17129
31738.76, 17128
31760.08, 17127
31767.71, 17126
31780.04, 17125
31801.4, 17124
31804.49, 17123
31825.18, 17122
31835.86, 17121
31858.38, 17120
31942.34, 17119
31950.17, 17118
31995.25, 17117
31999.47, 17116
32013.45, 17115
32020.21, 17114
32118.48, 17113
32134.8, 17112
32139.08, 17111
32153.88, 17110
32177.66, 17109
32181.75, 17108
32200.17, 17107
32204.32, 17106
32228.38, 17105
32246.56, 17104
32250.76, 17103
32264.69, 17102
32290.99, 17101
32295.18, 17100
32425.44, 17099
32447.92, 17098
32468.24, 17097
32472.43, 17096
32487.85, 17095
32506.69, 17094
32510.73, 17093
32526.33, 17092
32534.95, 17091
32630.34, 17090
32634.88, 17089
32668.18, 17088
32672.44, 17087
32683.6, 17086
32707.1, 17085
32742.24, 17084
32746.49, 17083
32772.4, 17082
32777.27, 17081
32798.89, 17080
32803.02, 17079
32827.45, 17078
32831.43, 17077
32857.06, 17076
32861.49, 17075
32942.97, 17074
32947.12, 17073
32980.17, 17072
32989.23, 17071
33010.98, 17070
33015.17, 17069
33201.02, 17068
33207.1, 17067
33229.25, 17066
33233.52, 17065
33254.94, 17064
33259.12, 17063
33283.83, 17062
33287.68, 17061
33389.69, 17060
33393.94, 17059
33437.91, 17058
33442.11, 17057
33465.32, 17056
33469.38, 17055
33482.63, 17054
33492.5, 17053
33508.83, 17052
33530.61, 17051
33534.94, 17050
33558.52, 17049
33621.83, 17048
33626.78, 17047
33661.72, 17046
33674.96, 17045
33682.89, 17044
33709.06, 17043
33713.21, 17042
33753.36, 17041
33761.37, 17040
33765.93, 17039
33789.56, 17038
33793.82, 17037
33822.54, 17036
33827.13, 17035
33871.27, 17034
33881.61, 17033
33902.71, 17032
33906.9, 17031
33925.48, 17030
33933.33, 17029
34063.3, 17028
34092.94, 17027
34182.27, 17026
34186.36, 17025
34198.58, 17024
34220.98, 17023
34243.86, 17022
34247.53, 17021
34318.39, 17020
34335.37, 17019
34339.58, 17018
34362.94, 17017
34367.18, 17016
34376.76, 17015
34423.02, 17014
34427.27, 17013
34533.38, 17012
34537.53, 17011
34557.89, 17010
34562.06, 17009
34591.7, 17008
34596.08, 17007
34651.5, 17006
34678.62, 17005
34682.89, 17004
34692.62, 17003
34715.23, 17002
34719.4, 17001
34749.39, 17000
34753.76, 16999
34820.24, 16998
34824.24, 16997
34849.1, 16996
34852.98, 16995
34880.02, 16994
34919.44, 16993
35034.79, 16992
35038.82, 16991
35055.75, 16990
35071.3, 16989
35079.96, 16988
35103.58, 16987
35106.57, 16986
35122.57, 16985
35133.03, 16984
35145.55, 16983
35171.99, 16982
35176.26, 16981
35185.23, 16980
35224.14, 16979
35228.46, 16978
35251.5, 16977
35255.13, 16976
35284.73, 16975
35288.66, 16974
35401.85, 16973
35439.13, 16972
35468.0, 16971
35472.23, 16970
35483.3, 16969
35507.38, 16968
35518.64, 16967
35545.01, 16966
35545.1, 16965
35555.88, 16964
35585.28, 16963
35589.35, 16962
35689.63, 16961
35693.93, 16960
35712.94, 16959
35717.28, 16958
35742.06, 16957
35791.59, 16956
35822.2, 16955
35827.03, 16954
35841.5, 16953
35896.51, 16952
35923.0, 16951
35927.44, 16950
35945.8, 16949
36185.57, 16948
36189.8, 16947
36231.86, 16946
36267.96, 16945
36271.89, 16944
36292.18, 16943
36314.98, 16942
36335.17, 16941
36342.43, 16940
36367.3, 16939
36445.75, 16938
36474.77, 16937
36508.71, 16936
36541.42, 16935
36545.64, 16934
36625.63, 16933
36653.67, 16932
36672.37, 16931
36741.55, 16930
36758.28, 16929
36762.49, 16928
36786.47, 16927
36833.87, 16926
36838.1, 16925
36851.9, 16924
36875.13, 16923
36879.38, 16922
36912.64, 16921
36916.93, 16920
36992.65, 16919
36996.8, 16918
37021.07, 16917
37025.39, 16916
37047.63, 16915
37051.85, 16914
37169.7, 16913
37194.75, 16912
37213.14, 16911
37218.23, 16910
37230.1, 16909
37252.0, 16908
37256.13, 16907
37281.32, 16906
37285.64, 16905
37303.42, 16904
37310.6, 16903
37325.49, 16902
37351.3, 16901
37434.77, 16900
37438.96, 16899
37521.3, 16898
37525.52, 16897
37536.55, 16896
37559.27, 16895
37563.92, 16894
37585.7, 16893
37599.25, 16892
37603.45, 16891
37634.92, 16890
37639.08, 16889
37808.85, 16888
37813.04, 16887
37842.84, 16886
37875.67, 16885
37879.89, 16884
37912.2, 16883
37916.57, 16882
37946.08, 16881
37950.21, 16880
37965.58, 16879
37990.65, 16878
37994.01, 16877
38020.42, 16876
38088.7, 16875
38092.94, 16874
38125.66, 16873
38129.88, 16872
38198.96, 16871
38203.32, 16870
38229.82, 16869
38234.04, 16868
38244.68, 16867
38278.27, 16866
38282.42, 16865
38308.49, 16864
38321.78, 16863
38345.9, 16862
38382.49, 16861
38419.73, 16860
38459.72, 16859
38499.0, 16858
38515.08, 16857
38519.65, 16856
38537.8, 16855
38553.2, 16854
38562.36, 16853
38581.99, 16852
38616.12, 16851
38669.95, 16850
38745.29, 16849
38749.46, 16848
38780.57, 16847
38799.06, 16846
38803.09, 16845
38824.15, 16844
38828.38, 16843
38840.91, 16842
38869.54, 16841
38873.73, 16840
38902.35, 16839
38906.4, 16838
38936.6, 16837
38940.78, 16836
38959.58, 16835
38963.71, 16834
39176.22, 16833
39180.36, 16832
39199.94, 16831
39205.01, 16830
39225.09, 16829
39229.3, 16828
39260.65, 16827
39264.87, 16826
39282.3, 16825
39286.54, 16824
39306.85, 16823
39312.73, 16822
39326.33, 16821
39346.58, 16820
39368.57, 16819
39368.64, 16818
39395.62, 16817
39488.53, 16816
39492.91, 16815
39551.47, 16814
39554.51, 16813
39582.43, 16812
39586.64, 16811
39609.28, 16810
39629.44, 16809
39633.69, 16808
39646.78, 16807
39672.21, 16806
39676.37, 16805
39710.45, 16804
39827.84, 16803
39832.07, 16802
39852.93, 16801
39857.11, 16800
39870.78, 16799
39893.9, 16798
39910.1, 16797
39914.12, 16796
39955.28, 16795
39959.52, 16794
39988.32, 16793
39995.33, 16792
40006.07, 16791
40029.69, 16790
40082.29, 16789
40086.47, 16788
40152.49, 16787
40161.53, 16786
40174.97, 16785
40193.95, 16784
40197.74, 16783
40222.26, 16782
40226.39, 16781
40244.65, 16780
40330.84, 16779
40419.32, 16778
40423.57, 16777
40446.53, 16776
40450.7, 16775
40472.17, 16774
40476.96, 16773
40511.89, 16772
40516.14, 16771
40556.74, 16770
40560.83, 16769
40678.23, 16768
40682.34, 16767
40706.42, 16766
40710.65, 16765
40722.47, 16764
40740.48, 16763
40759.04, 16762
40763.23, 16761
40790.14, 16760
40794.36, 16759
40821.77, 16758
40826.17, 16757
40848.51, 16756
40863.14, 16755
40872.11, 16754
40888.52, 16753
40907.66, 16752
40921.68, 16751
40931.51, 16750
40951.7, 16749
41053.84, 16748
41057.91, 16747
41127.24, 16746
41153.28, 16745
41157.36, 16744
41192.34, 16743
41196.51, 16742
41210.71, 16741
41231.65, 16740
41249.58, 16739
41253.84, 16738
41303.35, 16737
41375.08, 16736
41379.28, 16735
41401.34, 16734
41405.19, 16733
41427.46, 16732
41431.57, 16731
41445.35, 16730
41468.09, 16729
41530.45, 16728
41607.5, 16727
41625.45, 16726
41647.79, 16725
41652.07, 16724
41691.12, 16723
41696.99, 16722
41720.47, 16721
41724.69, 16720
41740.0, 16719
41758.98, 16718
41763.21, 16717
41791.0, 16716
41795.25, 16715
41809.03, 16714
41820.92, 16713
41845.68, 16712
41864.15, 16711
41950.66, 16710
41954.82, 16709
41975.31, 16708
41979.48, 16707
42062.88, 16706
42143.75, 16705
42155.23, 16704
42165.95, 16703
42176.45, 16702
42199.46, 16701
42203.64, 16700
42214.12, 16699
42231.34, 16698
42258.64, 16697
42262.91, 16696
42307.6, 16695
42311.84, 16694
42332.89, 16693
42337.13, 16692
42356.36, 16691
42388.29, 16690
42445.51, 16689
42467.96, 16688
42471.38, 16687
42493.71, 16686
42497.17, 16685
42523.72, 16684
42528.83, 16683
42542.07, 16682
42553.67, 16681
42584.81, 16680
42629.18, 16679
42633.34, 16678
42675.21, 16677
42679.48, 16676
42787.53, 16675
42791.66, 16674
42817.43, 16673
42821.66, 16672
42841.09, 16671
42845.22, 16670
42856.76, 16669
42882.88, 16668
42887.04, 16667
42915.75, 16666
42919.99, 16665
42938.68, 16664
42947.53, 16663
42971.07, 16662
42980.63, 16661
43004.76, 16660
43008.97, 16659
43027.09, 16658
43045.33, 16657
43070.81, 16656
43074.91, 16655
43152.36, 16654
43156.55, 16653
43165.35, 16652
43183.7, 16651
43202.98, 16650
43207.22, 16649
43225.18, 16648
43243.92, 16647
43247.41, 16646
43268.03, 16645
43327.66, 16644
43346.09, 16643
43364.22, 16642
43378.64, 16641
43392.14, 16640
43404.8, 16639
43426.19, 16638
43435.08, 16637
43450.02, 16636
43475.39, 16635
43479.65, 16634
43583.94, 16633
43588.22, 16632
43613.0, 16631
43618.08, 16630
43632.08, 16629
43681.69, 16628
43685.93, 16627
43750.39, 16626
43754.58, 16625
43809.48, 16624
43813.7, 16623
43832.54, 16622
43836.76, 16621
43873.58, 16620
43891.77, 16619
43905.53, 16618
43939.71, 16617
43943.91, 16616
44006.17, 16615
44037.81, 16614
44041.77, 16613
44068.22, 16612
44072.46, 16611
44093.15, 16610
44109.49, 16609
44113.11, 16608
44124.01, 16607
44143.7, 16606
44149.86, 16605
44182.49, 16604
44186.72, 16603
44283.54, 16602
44318.63, 16601
44322.75, 16600
44341.83, 16599
44345.99, 16598
44360.81, 16597
44383.53, 16596
44399.36, 16595
44404.54, 16594
44417.82, 16593
44450.58, 16592
44460.36, 16591
44480.78, 16590
44485.04, 16589
44513.67, 16588
44517.76, 16587
44631.12, 16586
44635.34, 16585
44658.9, 16584
44663.13, 16583
44685.58, 16582
44733.19, 16581
44737.4, 16580
44758.78, 16579
44777.06, 16578
44821.52, 16577
44892.48, 16576
44896.7, 16575
44930.24, 16574
44934.65, 16573
44970.39, 16572
44988.35, 16571
44992.52, 16570
45011.5, 16569
45027.16, 16568
45040.65, 16567
45099.52, 16566
45105.31, 16565
45133.44, 16564
45137.63, 16563
45241.12, 16562
45245.28, 16561
45273.56, 16560
45277.93, 16559
45310.58, 16558
45314.15, 16557
45337.81, 16556
45368.75, 16555
45389.31, 16554
45393.85, 16553
45415.31, 16552
45424.13, 16551
45463.0, 16550
45467.32, 16549
45522.09, 16548
45583.93, 16547
45622.13, 16546
45626.35, 16545
45639.12, 16544
45664.27, 16543
45668.45, 16542
45692.79, 16541
45696.99, 16540
45736.91, 16539
45769.93, 16538
45785.66, 16537
45831.0, 16536
45835.17, 16535
45873.94, 16534
45878.31, 16533
45891.56, 16532
45915.07, 16531
45919.3, 16530
45939.87, 16529
45957.16, 16528
45962.23, 16527
45980.59, 16526
46010.95, 16525
46015.11, 16524
46025.2, 16523
46039.19, 16522
46069.99, 16521
46074.23, 16520
46097.91, 16519
46102.05, 16518
46136.18, 16517
46136.49, 16516
46147.99, 16515
46178.54, 16514
46182.72, 16513
46211.02, 16512
46215.29, 16511
46236.06, 16510
46245.69, 16509
46270.87, 16508
46275.11, 16507
46313.31, 16506
46342.73, 16505
46349.53, 16504
46373.91, 16503
46377.12, 16502
46422.54, 16501
46426.81, 16500
46447.69, 16499
46457.33, 16498
46470.74, 16497
46505.85, 16496
46505.94, 16495
46527.28, 16494
46527.55, 16493
46551.43, 16492
46563.76, 16491
46605.63, 16490
46626.27, 16489
46649.14, 16488
46658.08, 16487
46678.13, 16486
46699.52, 16485
46703.82, 16484
46756.2, 16483
46763.38, 16482
46779.75, 16481
46808.92, 16480
46813.18, 16479
46840.07, 16478
46875.43, 16477
46879.67, 16476
46907.58, 16475
46911.69, 16474
46936.87, 16473
46940.95, 16472
46966.44, 16471
46984.52, 16470
46988.27, 16469
47009.08, 16468
47040.13, 16467
47044.38, 16466
47073.4, 16465
47110.49, 16464
47119.37, 16463
47147.17, 16462
47151.64, 16461
47203.96, 16460
47215.72, 16459
47223.94, 16458
47273.39, 16457
47277.66, 16456
47312.29, 16455
47316.53, 16454
47342.4, 16453
47346.62, 16452
47366.93, 16451
47371.17, 16450
47397.96, 16449
47402.2, 16448
47457.56, 16447
47461.97, 16446
47507.28, 16445
47511.55, 16444
47539.52, 16443
47543.8, 16442
47568.79, 16441
47575.38, 16440
47602.19, 16439
47606.3, 16438
47626.95, 16437
47662.91, 16436
47667.16, 16435
47705.02, 16434
47709.33, 16433
47723.26, 16432
47753.13, 16431
47757.41, 16430
47801.39, 16429
47805.58, 16428
47829.17, 16427
47833.45, 16426
47862.85, 16425
47867.94, 16424
47889.61, 16423
47894.1, 16422
47956.86, 16421
47961.07, 16420
47995.46, 16419
47998.58, 16418
48024.7, 16417
48036.2, 16416
48069.94, 16415
48074.16, 16414
48091.72, 16413
48128.23, 16412
48131.39, 16411
48145.17, 16410
48173.91, 16409
48178.16, 16408
48207.95, 16407
48253.17, 16406
48290.16, 16405
48294.43, 16404
48310.34, 16403
48333.85, 16402
48356.52, 16401
48418.01, 16400
48420.81, 16399
48448.58, 16398
48452.85, 16397
48467.77, 16396
48479.56, 16395
48508.86, 16394
48520.63, 16393
48537.23, 16392
48550.19, 16391
48554.92, 16390
48606.74, 16389
48611.04, 16388
48638.01, 16387
48642.68, 16386
48665.97, 16385
48675.55, 16384
48700.29, 16383
48704.54, 16382
48820.02, 16381
48824.28, 16380
48839.3, 16379
48868.47, 16378
48872.09, 16377
48913.54, 16376
48917.97, 16375
48941.72, 16374
48945.93, 16373
48955.07, 16372
48998.91, 16371
49006.08, 16370
49457.35, 16369
49471.73, 16368
49475.57, 16367
49504.93, 16366
49509.39, 16365
49522.1, 16364
49543.5, 16363
49559.35, 16362
49563.55, 16361
49597.76, 16360
49622.11, 16359
49652.95, 16358
49653.28, 16357
49679.66, 16356
49684.96, 16355
49707.58, 16354
49711.73, 16353
49739.24, 16352
49743.49, 16351
49757.41, 16350
49785.14, 16349
49789.36, 16348
49832.5, 16347
49836.78, 16346
49858.31, 16345
49862.56, 16344
49877.5, 16343
49905.11, 16342
49912.62, 16341
49931.28, 16340
49934.77, 16339
50022.28, 16338
50056.99, 16337
50063.78, 16336
50081.4, 16335
50107.19, 16334
50139.1, 16333
50154.57, 16332
50177.85, 16331
50184.44, 16330
50217.93, 16329
50222.12, 16328
50257.88, 16327
50261.99, 16326
50303.34, 16325
50307.63, 16324
50325.99, 16323
50350.58, 16322
50362.75, 16321
50405.74, 16320
50410.39, 16319
50438.68, 16318
50443.58, 16317
50465.5, 16316
50490.49, 16315
50561.93, 16314
50581.4, 16313
50585.62, 16312
50615.61, 16311
50619.92, 16310
50645.56, 16309
50649.88, 16308
50663.74, 16307
50680.83, 16306
50708.25, 16305
50712.44, 16304
50744.08, 16303
50748.32, 16302
50784.56, 16301
50788.77, 16300
50849.33, 16299
50853.62, 16298
50892.0, 16297
50896.12, 16296
50935.34, 16295
50955.47, 16294
50960.17, 16293
50982.79, 16292
50986.97, 16291
51002.14, 16290
51032.52, 16289
51036.54, 16288
51071.87, 16287
51076.03, 16286
51111.21, 16285
51146.41, 16284
51151.06, 16283
51206.07, 16282
51210.42, 16281
51253.4, 16280
51257.62, 16279
51285.19, 16278
51289.26, 16277
51310.86, 16276
51366.78, 16275
51370.91, 16274
51396.1, 16273
51400.48, 16272
51423.53, 16271
51428.05, 16270
51464.4, 16269
51468.61, 16268
51502.78, 16267
51544.54, 16266
51548.78, 16265
51578.43, 16264
51582.55, 16263
51594.8, 16262
51619.27, 16261
51623.44, 16260
51642.06, 16259
51657.07, 16258
51661.21, 16257
51682.66, 16256
51751.89, 16255
51756.03, 16254
51790.74, 16253
51794.94, 16252
51815.01, 16251
51845.37, 16250
51849.69, 16249
51881.97, 16248
51886.22, 16247
51917.17, 16246
51921.41, 16245
51957.09, 16244
51961.49, 16243
51985.47, 16242
51989.66, 16241
52022.99, 16240
52040.6, 16239
52081.3, 16238
52086.34, 16237
52127.8, 16236
52149.76, 16235
52153.89, 16234
52184.62, 16233
52215.89, 16232
52220.03, 16231
52244.5, 16230
52248.67, 16229
52280.38, 16228
52304.22, 16227
52308.41, 16226
52372.92, 16225
52377.14, 16224
52391.21, 16223
52430.59, 16222
52462.71, 16221
52467.01, 16220
52525.03, 16219
52529.23, 16218
52550.29, 16217
52554.27, 16216
52592.63, 16215
52596.71, 16214
52617.9, 16213
52632.25, 16212
52672.17, 16211
52676.51, 16210
52694.47, 16209
52729.4, 16208
52733.63, 16207
52754.66, 16206
52785.44, 16205
52789.54, 16204
52806.48, 16203
52833.47, 16202
52838.35, 16201
52864.84, 16200
52868.75, 16199
52899.9, 16198
52904.09, 16197
52938.76, 16196
52992.63, 16195
52996.66, 16194
53061.28, 16193
53061.38, 16192
53086.09, 16191
53090.45, 16190
53138.34, 16189
53142.62, 16188
53179.35, 16187
53183.61, 16186
53210.4, 16185
53292.02, 16184
53295.7, 16183
53316.46, 16182
53332.16, 16181
53337.58, 16180
53381.84, 16179
53387.21, 16178
53432.24, 16177
53436.29, 16176
53483.4, 16175
53493.71, 16174
53497.89, 16173
53509.5, 16172
53523.19, 16171
53537.99, 16170
53552.21, 16169
53566.81, 16168
53589.16, 16167
53614.08, 16166
53651.08, 16165
53655.34, 16164
53674.43, 16163
53683.0, 16162
53694.82, 16161
53717.59, 16160
53742.27, 16159
53822.15, 16158
53826.41, 16157
53854.5, 16156
53858.77, 16155
53886.44, 16154
53890.71, 16153
53930.8, 16152
53935.14, 16151
53956.05, 16150
53960.24, 16149
54003.94, 16148
54007.91, 16147
54046.58, 16146
54051.26, 16145
54069.9, 16144
54110.61, 16143
54114.76, 16142
54141.49, 16141
54162.49, 16140
54189.82, 16139
54194.06, 16138
54229.11, 16137
54257.23, 16136
54304.02, 16135
54308.23, 16134
54329.95, 16133
54334.5, 16132
54373.6, 16131
54394.01, 16130
54421.78, 16129
54426.48, 16128
54462.16, 16127
54466.5, 16126
54523.76, 16125
54546.49, 16124
54551.04, 16123
54575.95, 16122
54580.1, 16121
54599.31, 16120
54622.01, 16119
54629.62, 16118
54652.13, 16117
54677.12, 16116
54681.27, 16115
54720.61, 16114
54724.79, 16113
54758.08, 16112
54762.31, 16111
54790.64, 16110
54794.88, 16109
54831.9, 16108
54836.19, 16107
54859.6, 16106
54887.79, 16105
54891.98, 16104
54917.96, 16103
54958.02, 16102
54962.23, 16101
55037.84, 16100
55040.74, 16099
55081.4, 16098
55115.24, 16097
55119.59, 16096
55150.53, 16095
55154.94, 16094
55180.51, 16093
55183.99, 16092
55217.05, 16091
55240.07, 16090
55244.75, 16089
55283.27, 16088
55287.03, 16087
55326.49, 16086
55330.59, 16085
55354.81, 16084
55359.24, 16083
55413.13, 16082
55443.67, 16081
55447.59, 16080
55460.72, 16079
55493.55, 16078
55496.94, 16077
55554.51, 16076
55558.86, 16075
55572.5, 16074
55587.19, 16073
55602.88, 16072
55625.92, 16071
55666.51, 16070
55670.58, 16069
55679.99, 16068
55713.5, 16067
55717.72, 16066
55758.32, 16065
55762.53, 16064
55805.06, 16063
55809.42, 16062
55841.42, 16061
55845.63, 16060
55918.41, 16059
55922.6, 16058
55944.82, 16057
55962.28, 16056
55966.46, 16055
56001.55, 16054
56032.07, 16053
56049.81, 16052
56071.63, 16051
56092.56, 16050
56117.92, 16049
56122.15, 16048
56153.13, 16047
56168.76, 16046
56172.86, 16045
56188.14, 16044
56213.89, 16043
56218.2, 16042
56257.4, 16041
56261.61, 16040
56322.86, 16039
56327.19, 16038
56353.82, 16037
56358.6, 16036
56393.64, 16035
56408.51, 16034
56420.88, 16033
56425.18, 16032
56472.95, 16031
56488.22, 16030
56493.64, 16029
56529.52, 16028
56533.89, 16027
56563.75, 16026
56594.69, 16025
56598.85, 16024
56611.89, 16023
56640.11, 16022
56656.45, 16021
56660.66, 16020
56692.1, 16019
56719.98, 16018
56724.18, 16017
56756.6, 16016
56760.85, 16015
56801.62, 16014
56805.86, 16013
56827.65, 16012
56861.25, 16011
56907.12, 16010
56911.39, 16009
56938.74, 16008
56942.75, 16007
56984.29, 16006
56988.4, 16005
57020.56, 16004
57024.47, 16003
57050.32, 16002
57090.48, 16001
57093.69, 16000
57141.94, 15999
57146.09, 15998
57170.06, 15997
57174.29, 15996
57190.45, 15995
57234.35, 15994
57238.49, 15993
57278.33, 15992
57282.42, 15991
57303.96, 15990
57314.12, 15989
57362.95, 15988
57367.2, 15987
57421.07, 15986
57425.27, 15985
57456.3, 15984
57460.51, 15983
57486.06, 15982
57506.45, 15981
57550.94, 15980
57554.33, 15979
57576.98, 15978
57580.69, 15977
57606.32, 15976
57655.71, 15975
57662.65, 15974
57670.96, 15973
57693.67, 15972
57717.58, 15971
57721.54, 15970
57795.99, 15969
57800.22, 15968
57829.8, 15967
57833.95, 15966
57877.26, 15965
57907.13, 15964
57911.33, 15963
57932.12, 15962
57954.28, 15961
57958.48, 15960
57992.52, 15959
57996.69, 15958
58018.74, 15957
58046.8, 15956
58050.97, 15955
58084.48, 15954
58116.04, 15953
58142.02, 15952
58146.26, 15951
58159.26, 15950
58169.84, 15949
58209.17, 15948
58232.44, 15947
58236.67, 15946
58245.38, 15945
58283.45, 15944
58287.66, 15943
58340.34, 15942
58344.64, 15941
58380.97, 15940
58385.28, 15939
58418.84, 15938
58423.1, 15937
58431.43, 15936
58459.77, 15935
58463.69, 15934
58516.97, 15933
58521.25, 15932
58568.27, 15931
58572.32, 15930
58597.06, 15929
58601.3, 15928
58663.99, 15927
58668.28, 15926
58707.04, 15925
58711.47, 15924
58742.1, 15923
58746.34, 15922
58781.23, 15921
58803.26, 15920
58807.47, 15919
58835.67, 15918
58839.93, 15917
58876.07, 15916
58891.83, 15915
58961.87, 15914
58965.96, 15913
58997.24, 15912
59001.54, 15911
59049.15, 15910
59052.55, 15909
59078.94, 15908
59122.48, 15907
59131.12, 15906
59166.69, 15905
59171.87, 15904
59223.35, 15903
59227.75, 15902
59235.72, 15901
59261.02, 15900
59265.26, 15899
59296.05, 15898
59300.25, 15897
59333.29, 15896
59337.51, 15895
59372.01, 15894
59377.23, 15893
59438.42, 15892
59443.5, 15891
59462.72, 15890
59506.25, 15889
59510.59, 15888
59528.25, 15887
59545.88, 15886
59550.24, 15885
59580.14, 15884
59584.49, 15883
59619.96, 15882
59624.28, 15881
59656.54, 15880
59664.27, 15879
59706.91, 15878
59711.24, 15877
59746.31, 15876
59750.48, 15875
59789.37, 15874
59789.47, 15873
59852.6, 15872
59856.93, 15871
59881.69, 15870
59886.16, 15869
59914.46, 15868
59918.9, 15867
59954.61, 15866
59958.81, 15865
59997.7, 15864
60069.38, 15863
60070.71, 15862
60094.95, 15861
60099.14, 15860
60124.58, 15859
60148.81, 15858
60153.17, 15857
60192.56, 15856
60196.77, 15855
60215.87, 15854
60248.46, 15853
60273.67, 15852
60277.91, 15851
60336.52, 15850
60340.66, 15849
60369.82, 15848
60374.05, 15847
60393.57, 15846
60397.14, 15845
60432.56, 15844
60436.99, 15843
60468.33, 15842
60471.71, 15841
60522.02, 15840
60526.79, 15839
60562.24, 15838
60566.47, 15837
60603.75, 15836
60608.16, 15835
60633.56, 15834
60666.98, 15833
60690.95, 15832
60709.15, 15831
60713.14, 15830
60746.24, 15829
60751.24, 15828
60783.32, 15827
60787.53, 15826
60806.69, 15825
60810.78, 15824
60834.92, 15823
60863.06, 15822
60868.16, 15821
60937.41, 15820
60937.5, 15819
61004.15, 15818
61008.37, 15817
61020.35, 15816
61043.3, 15815
61083.73, 15814
61088.0, 15813
61115.25, 15812
61119.67, 15811
61143.56, 15810
61147.87, 15809
61186.98, 15808
61191.21, 15807
