4962.99, 8618
4969.52, 8590
5009.35, 8534
5015.48, 8506
5018.54, 8496
5018.91, 8468
5020.71, 8455
5029.94, 8447
5042.77, 8419
5044.58, 8418
5046.4, 8393
5048.19, 8392
5057.53, 8385
5060.34, 8384
5062.11, 8383
5073.69, 8359
5078.94, 8358
5080.9, 8357
5090.29, 8335
5095.36, 8334
5097.45, 8333
5105.42, 8332
5112.89, 8329
5115.14, 8328
5116.59, 8327
5132.14, 8305
5133.83, 8304
5135.61, 8303
5143.01, 8302
5144.7, 8301
5149.29, 8300
5162.96, 8299
5166.78, 8298
5168.72, 8297
5180.03, 8276
5190.11, 8275
5192.0, 8274
5193.74, 8273
5258.89, 8272
5260.72, 8271
5262.55, 8253
5319.31, 8252
5321.15, 8251
5323.1, 8250
5338.2, 8249
5348.49, 8248
5373.74, 8228
5375.27, 8227
5376.56, 8226
5383.46, 8225
5385.23, 8224
5394.87, 8223
5401.38, 8205
5422.43, 8204
5431.23, 8203
5433.11, 8202
5434.77, 8201
5436.57, 8200
5451.13, 8181
5458.81, 8179
5460.48, 8178
5462.29, 8177
5468.25, 8176
5471.54, 8175
5486.13, 8158
5495.32, 8156
5497.23, 8155
5499.13, 8154
5501.18, 8153
5518.5, 8152
5520.26, 8142
5522.07, 8140
5523.74, 8139
5534.78, 8138
5546.1, 8137
5550.09, 8136
5550.19, 8135
5606.58, 8134
5608.39, 8121
5620.78, 8119
5647.46, 8118
5650.84, 8117
5650.93, 8116
5660.72, 8115
5662.53, 8114
5680.48, 8113
5689.79, 8112
5691.7, 8111
5720.91, 8110
5722.95, 8109
5724.57, 8108
5796.89, 8107
5798.8, 8106
5805.04, 8105
5805.07, 8101
5825.27, 8099
5827.87, 8097
5828.83, 8096
5876.65, 8095
5904.11, 8094
5905.94, 8093
5943.45, 8092
5947.98, 8080
5952.58, 8078
5964.13, 8076
5966.47, 8075
5968.24, 8074
5979.63, 8073
5986.52, 8072
5988.36, 8071
5990.17, 8070
6010.89, 8069
6012.73, 8068
6014.55, 8067
6026.08, 8066
6033.25, 8065
6035.07, 8064
6036.84, 8063
6053.01, 8056
6115.19, 8054
6123.58, 8052
6132.66, 8051
6134.52, 8050
6136.26, 8049
6138.04, 8048
6147.14, 8047
6154.97, 8046
6156.77, 8045
6158.55, 8044
6178.72, 8043
6180.58, 8042
6182.45, 8041
6217.93, 8040
6219.69, 8039
6239.9, 8038
6241.74, 8037
6243.48, 8036
6252.24, 8035
6254.06, 8034
6263.54, 8033
6279.81, 8032
6281.6, 8026
6283.62, 8023
6330.05, 8021
6332.57, 8020
6333.52, 8019
6335.3, 8018
6342.66, 8017
6344.31, 8016
6359.8, 8015
6361.71, 8014
6363.37, 8013
6380.78, 8012
6382.75, 8011
6384.29, 8010
6406.33, 8009
6413.72, 8008
6415.93, 8007
6432.28, 8006
6432.4, 8005
6433.76, 8004
6440.17, 8003
6447.34, 7999
6470.35, 7998
6473.6, 7997
6473.93, 7996
6524.6, 7995
6531.42, 7994
6533.29, 7993
6554.17, 7992
6569.94, 7991
6571.74, 7990
6581.82, 7989
6604.2, 7988
6607.32, 7987
6608.93, 7986
6629.76, 7985
6632.58, 7984
6640.65, 7983
6642.19, 7982
6649.13, 7981
6654.2, 7980
6681.88, 7979
6690.34, 7978
6696.02, 7977
6711.48, 7976
6713.23, 7975
6715.21, 7974
6716.74, 7973
6742.36, 7972
6745.09, 7969
6746.82, 7968
6769.21, 7966
6771.09, 7965
6772.83, 7964
6782.12, 7963
6783.39, 7962
6790.32, 7961
6792.08, 7960
6802.1, 7959
6808.04, 7958
6809.86, 7957
6817.13, 7956
6821.16, 7955
6823.07, 7954
6843.23, 7953
6852.55, 7952
6854.42, 7951
6856.21, 7950
6917.08, 7949
6918.81, 7948
6930.47, 7947
6932.29, 7946
6988.29, 7945
6992.88, 7944
6994.08, 7943
7003.54, 7942
7005.4, 7941
7008.3, 7940
7012.72, 7939
7025.6, 7938
7027.37, 7937
7036.41, 7936
7047.53, 7935
7049.33, 7934
7051.07, 7933
7056.57, 7932
7080.43, 7931
7082.48, 7930
7084.1, 7929
7130.18, 7926
7144.69, 7925
7146.5, 7924
7149.5, 7923
7163.42, 7922
7166.75, 7921
7168.51, 7920
7170.3, 7919
7176.29, 7918
7183.29, 7917
7185.07, 7916
7203.2, 7915
7205.4, 7914
7207.21, 7913
7218.7, 7912
7220.48, 7911
7222.23, 7910
7233.43, 7909
7249.04, 7908
7250.72, 7907
7252.57, 7906
7254.33, 7905
7272.88, 7904
7274.52, 7903
7290.47, 7902
7292.21, 7901
7294.03, 7900
7392.39, 7899
7396.68, 7898
7403.72, 7897
7408.79, 7896
7417.29, 7895
7423.36, 7894
7428.89, 7893
7432.43, 7892
7434.69, 7891
7453.65, 7890
7455.43, 7889
7457.23, 7888
7494.92, 7887
7519.74, 7886
7519.89, 7885
7521.69, 7884
7523.76, 7883
7542.24, 7882
7550.09, 7881
7551.92, 7880
7553.77, 7879
7569.23, 7878
7570.59, 7877
7588.38, 7876
7590.22, 7875
7604.59, 7874
7617.71, 7873
7619.63, 7872
7621.37, 7871
7638.45, 7870
7640.28, 7869
7642.09, 7868
7664.93, 7867
7672.4, 7864
7677.76, 7863
7681.22, 7862
7688.35, 7861
7697.05, 7860
7701.0, 7859
7702.79, 7858
7707.52, 7857
7717.2, 7856
7723.67, 7855
7725.61, 7854
7727.21, 7853
7737.59, 7852
7739.04, 7851
7751.06, 7850
7756.31, 7849
7757.5, 7848
7761.62, 7847
7776.3, 7846
7782.14, 7845
7784.28, 7844
7785.78, 7843
7852.76, 7842
7872.53, 7841
7874.32, 7840
7876.1, 7839
7894.15, 7838
7896.04, 7837
7897.85, 7836
7915.94, 7835
7917.07, 7834
7960.29, 7833
7962.06, 7832
7987.54, 7831
7991.21, 7830
8000.49, 7829
8002.23, 7828
8010.77, 7827
8017.21, 7826
8019.03, 7825
8026.97, 7824
8030.5, 7823
8053.76, 7822
8055.64, 7821
8057.42, 7820
8099.35, 7819
8101.15, 7818
8102.89, 7817
8127.1, 7816
8129.13, 7815
8130.76, 7814
8157.43, 7813
8159.07, 7812
8160.84, 7811
8201.18, 7810
8219.12, 7809
8221.14, 7808
8226.27, 7807
8240.57, 7806
8242.74, 7805
8244.39, 7804
8261.93, 7803
8266.57, 7802
8268.27, 7801
8284.73, 7800
8286.92, 7799
8297.13, 7798
8310.15, 7797
8311.98, 7796
8313.78, 7795
8323.52, 7794
8325.46, 7793
8328.73, 7792
8351.28, 7791
8361.22, 7790
8363.07, 7789
8364.87, 7788
8422.09, 7787
8424.01, 7786
8425.78, 7785
8449.74, 7784
8455.38, 7783
8457.22, 7782
8482.87, 7781
8499.31, 7780
8506.9, 7779
8508.42, 7778
8509.63, 7777
8516.97, 7776
8518.74, 7775
8528.31, 7774
8530.65, 7773
8536.48, 7772
8558.64, 7771
8559.66, 7770
8561.45, 7769
8613.58, 7768
8630.78, 7767
8630.86, 7766
8633.03, 7765
8653.38, 7764
8655.3, 7763
8673.54, 7762
8711.98, 7761
8726.16, 7760
8729.75, 7759
8729.79, 7758
8884.68, 7757
8886.48, 7756
8888.29, 7755
8934.25, 7754
8937.24, 7753
8937.76, 7752
8947.16, 7751
8949.27, 7750
8958.97, 7749
8960.73, 7748
8985.83, 7747
9024.63, 7746
9026.26, 7745
9065.95, 7744
9076.11, 7743
9077.78, 7742
9079.56, 7741
9090.23, 7740
9093.35, 7739
9110.55, 7738
9110.59, 7737
9115.96, 7736
9122.68, 7735
9126.43, 7734
9145.84, 7733
9147.82, 7732
9150.06, 7731
9156.43, 7730
9167.08, 7729
9180.28, 7728
9186.44, 7727
9186.53, 7726
9227.91, 7725
9230.32, 7724
9232.37, 7723
9257.27, 7722
9294.44, 7721
9305.63, 7720
9307.33, 7719
9324.25, 7718
9331.35, 7717
9333.15, 7716
9344.8, 7715
9352.88, 7714
9354.64, 7713
9356.41, 7712
9370.66, 7711
9384.01, 7710
9385.75, 7709
9387.49, 7708
9397.35, 7707
9421.69, 7706
9430.43, 7705
9432.28, 7704
9451.7, 7703
9453.34, 7702
9455.11, 7701
9498.24, 7700
9504.51, 7699
9508.24, 7698
9512.15, 7697
9515.89, 7696
9519.49, 7695
9523.67, 7694
9526.98, 7693
9531.78, 7692
9536.78, 7691
9541.63, 7690
9560.98, 7689
9562.69, 7688
9596.38, 7687
9599.94, 7686
9601.56, 7685
9611.27, 7684
9613.0, 7683
9614.73, 7682
9628.4, 7681
9632.21, 7680
9635.94, 7679
9639.7, 7678
9643.41, 7677
9660.78, 7676
9665.26, 7675
9668.34, 7674
9687.3, 7673
9697.83, 7672
9699.5, 7671
9701.21, 7670
9718.56, 7669
9722.14, 7668
9722.23, 7667
9777.48, 7666
9790.05, 7665
9796.55, 7664
9843.73, 7663
9869.34, 7662
9871.1, 7661
9872.85, 7660
9892.34, 7659
9910.45, 7658
9917.05, 7657
9920.5, 7656
9921.92, 7655
9925.82, 7654
9929.58, 7653
9934.42, 7652
9942.58, 7651
9946.03, 7650
9950.59, 7649
9958.1, 7648
9965.23, 7647
9968.19, 7646
9973.23, 7645
9981.75, 7644
9992.5, 7643
10007.9, 7642
10017.72, 7641
10026.36, 7640
10049.6, 7639
10059.49, 7638
10061.46, 7637
10065.01, 7636
10073.52, 7635
10083.75, 7634
10085.42, 7633
10088.73, 7632
10117.73, 7631
10119.46, 7630
10121.21, 7629
10189.11, 7628
10190.87, 7627
10192.78, 7626
10251.7, 7625
10253.43, 7624
10255.4, 7623
10256.89, 7622
10284.71, 7621
10291.74, 7620
10337.65, 7619
10342.1, 7618
10343.09, 7617
10364.44, 7616
10368.3, 7615
10372.49, 7614
10375.83, 7613
10389.4, 7612
10396.57, 7611
10396.75, 7610
10399.79, 7609
10406.77, 7608
10413.67, 7607
10421.12, 7606
10428.31, 7605
10438.65, 7604
10442.74, 7603
10451.11, 7602
10457.87, 7601
10465.24, 7600
10503.38, 7599
10513.18, 7598
10521.43, 7597
10521.55, 7596
10532.08, 7595
10535.81, 7594
10539.56, 7593
10543.52, 7592
10575.23, 7591
10576.94, 7590
10578.69, 7589
10632.08, 7588
10648.55, 7587
10654.76, 7586
10666.91, 7585
10674.39, 7584
10700.45, 7583
10702.18, 7582
10703.92, 7581
10737.3, 7580
10748.25, 7579
10749.76, 7578
10768.47, 7577
10773.56, 7576
10775.06, 7575
10784.39, 7574
10786.1, 7573
10808.81, 7572
10809.84, 7571
10811.64, 7570
10849.08, 7569
10865.91, 7568
10872.86, 7567
10874.52, 7566
10876.38, 7565
10899.64, 7564
10904.37, 7563
10945.8, 7562
10947.71, 7561
10957.01, 7560
10964.47, 7559
10966.34, 7558
10970.26, 7557
11001.18, 7556
11003.56, 7555
11005.28, 7554
11025.31, 7553
11029.08, 7552
11041.3, 7551
11065.58, 7550
11072.0, 7549
11073.69, 7548
11090.29, 7547
11091.69, 7546
11101.38, 7545
11103.13, 7544
11110.61, 7543
11179.96, 7542
11184.07, 7541
11187.64, 7540
11213.76, 7539
11221.25, 7538
11223.08, 7537
11224.86, 7536
11237.73, 7535
11239.92, 7534
11248.78, 7533
11250.16, 7532
11255.41, 7531
11260.79, 7530
11270.34, 7529
11283.86, 7528
11285.69, 7527
11287.43, 7526
11302.16, 7525
11307.26, 7524
11311.24, 7523
11317.68, 7522
11328.08, 7521
11335.07, 7520
11374.12, 7519
11391.67, 7518
11393.41, 7517
11395.2, 7516
11408.85, 7515
11416.32, 7514
11423.08, 7513
11467.21, 7512
11472.5, 7511
11480.51, 7510
11491.06, 7509
11500.69, 7508
11507.0, 7507
11510.7, 7506
11514.52, 7505
11525.6, 7504
11529.18, 7503
11532.61, 7502
11560.38, 7501
11562.21, 7500
11564.01, 7499
11585.86, 7498
11590.47, 7497
11596.7, 7496
11606.62, 7495
11614.09, 7494
11621.67, 7493
11640.01, 7492
11648.43, 7491
11680.44, 7490
11687.59, 7489
11696.99, 7488
11707.2, 7487
11723.64, 7486
11731.15, 7485
11747.82, 7484
11755.63, 7483
11769.88, 7482
11777.51, 7481
11815.67, 7480
11824.22, 7479
11834.03, 7478
11839.77, 7477
11861.93, 7476
11875.96, 7475
11878.45, 7474
11882.89, 7473
11889.75, 7472
11909.27, 7471
11912.77, 7470
11932.53, 7469
11934.41, 7468
11952.6, 7467
11954.49, 7466
11964.38, 7465
11970.03, 7464
12025.21, 7463
12031.11, 7462
12042.58, 7461
12058.37, 7460
12065.33, 7459
12068.89, 7458
12072.81, 7457
12076.62, 7456
12115.25, 7455
12139.41, 7454
12151.09, 7453
12160.11, 7452
12176.73, 7451
12179.17, 7450
12182.49, 7449
12196.06, 7448
12213.72, 7447
12241.41, 7446
12243.26, 7445
12259.71, 7444
12271.55, 7443
12289.54, 7442
12302.5, 7441
12320.29, 7440
12333.38, 7439
12360.49, 7438
12376.88, 7437
12387.02, 7436
12416.8, 7435
12432.26, 7434
12434.41, 7433
12448.25, 7432
12449.26, 7431
12456.54, 7430
12499.86, 7429
12502.47, 7428
12504.23, 7427
12532.5, 7426
12535.56, 7425
12539.52, 7424
12543.23, 7423
12582.24, 7422
12590.37, 7421
12596.29, 7420
12601.97, 7419
12607.58, 7418
12614.91, 7417
12622.73, 7416
12624.74, 7415
12631.27, 7414
12641.85, 7413
12656.81, 7412
12657.38, 7411
12670.7, 7410
12672.48, 7409
12693.58, 7408
12698.87, 7407
12702.48, 7406
12711.49, 7405
12771.33, 7404
12774.37, 7403
12781.87, 7402
12784.16, 7401
12800.18, 7400
12812.6, 7399
12851.45, 7398
12860.91, 7397
12870.55, 7396
12885.64, 7395
12887.42, 7394
12900.48, 7393
12904.39, 7392
12910.49, 7391
12932.17, 7390
12940.91, 7389
12949.03, 7388
12961.2, 7387
12973.07, 7386
13002.19, 7385
13020.83, 7384
13031.05, 7383
13047.23, 7382
13061.47, 7381
13105.0, 7380
13113.91, 7379
13122.87, 7378
13126.63, 7377
13132.39, 7376
13140.28, 7375
13149.5, 7374
13158.95, 7373
13160.28, 7372
13171.77, 7371
13174.17, 7370
13181.55, 7369
13189.07, 7368
13197.19, 7367
13214.09, 7366
13231.61, 7365
13241.75, 7364
13244.85, 7363
13252.01, 7362
13255.91, 7361
13272.01, 7360
13302.72, 7359
13327.34, 7358
13340.91, 7357
13381.16, 7356
13396.12, 7355
13404.9, 7354
13416.96, 7353
13429.43, 7352
13435.78, 7351
13456.39, 7350
13466.47, 7349
13474.55, 7348
13483.1, 7347
13490.25, 7346
13509.28, 7345
13533.27, 7344
13534.74, 7343
13536.41, 7342
13551.46, 7341
13553.94, 7340
13563.71, 7339
13579.19, 7338
13584.23, 7337
13589.35, 7336
13595.42, 7335
13625.1, 7334
13630.25, 7333
13634.11, 7332
13641.55, 7331
13650.6, 7330
13650.66, 7329
13656.46, 7328
13661.9, 7327
13678.62, 7326
13683.83, 7325
13686.38, 7324
13719.38, 7323
13755.72, 7322
13771.47, 7321
13781.51, 7320
13789.28, 7319
13793.78, 7318
13801.35, 7317
13836.21, 7316
13847.8, 7315
13865.5, 7314
13865.62, 7313
13873.12, 7312
13896.25, 7311
13896.94, 7310
13898.81, 7309
13900.74, 7308
13965.65, 7307
13969.34, 7306
13973.24, 7305
13975.24, 7304
13980.79, 7303
13984.88, 7302
13997.02, 7301
14007.83, 7300
14015.89, 7299
14018.48, 7298
14024.54, 7297
14033.7, 7296
14038.59, 7295
14045.42, 7294
14049.4, 7293
14056.47, 7292
14102.69, 7291
14117.75, 7290
14125.34, 7289
14133.13, 7288
14137.17, 7287
14140.94, 7286
14153.48, 7285
14158.49, 7284
14188.59, 7283
14234.36, 7282
14237.85, 7281
14238.21, 7280
14256.19, 7279
14262.1, 7278
14267.44, 7277
14273.22, 7276
14281.24, 7275
14289.77, 7274
14291.7, 7273
14298.46, 7272
14312.3, 7271
14314.86, 7270
14322.71, 7269
14340.61, 7268
14354.15, 7267
14362.41, 7266
14384.96, 7265
14387.09, 7264
14397.68, 7263
14406.23, 7262
14422.87, 7261
14445.55, 7260
14451.32, 7259
14466.15, 7258
14471.64, 7257
14480.15, 7256
14482.37, 7255
14490.28, 7254
14494.63, 7253
14522.05, 7252
14536.07, 7251
14545.43, 7250
14566.76, 7249
14572.14, 7248
14613.58, 7247
14622.96, 7246
14642.33, 7245
14653.87, 7244
14666.81, 7243
14670.06, 7242
14678.78, 7241
14688.05, 7240
14695.22, 7239
14702.22, 7238
14710.73, 7237
14722.6, 7236
14728.24, 7235
14734.06, 7234
14741.41, 7233
14748.59, 7232
14762.03, 7231
14773.69, 7230
14773.71, 7229
14779.93, 7228
14791.81, 7227
14797.33, 7226
14804.86, 7225
14816.71, 7224
14831.94, 7223
14849.34, 7222
14858.24, 7221
14871.9, 7220
14887.02, 7219
14887.11, 7218
14887.12, 7217
14895.98, 7216
14907.69, 7215
14922.23, 7214
14942.92, 7213
14964.6, 7212
14966.87, 7211
14973.93, 7210
14978.82, 7209
14985.1, 7208
14991.18, 7207
15003.15, 7206
15013.59, 7205
15024.2, 7204
15046.79, 7203
15063.79, 7202
15072.02, 7201
15110.07, 7200
15143.02, 7199
15143.04, 7198
15149.94, 7197
15159.17, 7196
15165.31, 7195
15174.08, 7194
15181.01, 7193
15185.09, 7192
15195.05, 7191
15199.39, 7190
15216.75, 7189
15226.37, 7188
15228.83, 7187
15234.29, 7186
15252.05, 7185
15259.5, 7184
15265.75, 7183
15273.0, 7182
15276.79, 7181
15291.97, 7180
15293.84, 7179
15339.76, 7178
15352.32, 7177
15360.51, 7176
15591.45, 7175
15599.44, 7174
15605.18, 7173
15605.21, 7172
15617.76, 7171
15628.09, 7170
15629.89, 7169
15640.24, 7168
15657.31, 7167
15661.29, 7166
15667.63, 7165
15675.92, 7164
15681.72, 7163
15685.19, 7162
15697.75, 7161
15701.83, 7160
15705.77, 7159
15716.08, 7158
15718.15, 7157
15731.31, 7156
15734.35, 7155
15763.67, 7154
15768.2, 7153
15768.24, 7152
15770.76, 7151
15774.28, 7150
15782.39, 7149
15788.13, 7148
15794.04, 7147
15800.04, 7146
15819.75, 7145
15848.57, 7144
15867.59, 7143
15875.09, 7142
15887.15, 7141
15887.19, 7140
15932.71, 7139
15935.39, 7138
15935.88, 7137
15943.02, 7136
15965.52, 7135
15972.94, 7134
16013.58, 7133
16013.62, 7132
16013.76, 7131
16050.71, 7130
16089.61, 7129
16105.28, 7128
16156.85, 7127
16158.35, 7126
16162.22, 7125
16208.61, 7124
16209.46, 7123
16213.94, 7122
16221.83, 7121
16237.04, 7120
16239.95, 7119
16247.85, 7118
16255.25, 7117
16262.57, 7116
16268.73, 7115
16283.27, 7114
16366.61, 7113
16376.4, 7112
16385.76, 7111
16431.06, 7110
16446.0, 7109
16456.52, 7108
16459.69, 7107
16469.93, 7106
16483.58, 7105
16489.34, 7104
16499.88, 7103
16504.82, 7102
16510.07, 7101
16515.69, 7100
16534.07, 7099
16542.51, 7098
16558.65, 7097
16564.14, 7096
16580.38, 7095
16585.42, 7094
16643.5, 7093
16665.06, 7092
16668.98, 7091
16672.85, 7090
16698.22, 7089
16712.31, 7088
16746.68, 7087
16757.93, 7086
16770.47, 7085
16773.88, 7084
16782.11, 7083
16797.37, 7082
16800.7, 7081
16814.07, 7080
16827.53, 7079
16830.18, 7078
16832.71, 7077
16847.7, 7076
16860.4, 7075
16881.6, 7074
16881.86, 7073
16889.23, 7072
16898.3, 7071
16905.83, 7070
16927.64, 7069
16943.62, 7068
16955.24, 7067
16969.0, 7066
16973.57, 7065
17012.46, 7064
17012.56, 7063
17015.7, 7062
17034.07, 7061
17041.75, 7060
17053.19, 7059
17078.75, 7058
17078.78, 7057
17108.57, 7056
17118.43, 7055
17141.45, 7054
17157.2, 7053
17161.59, 7052
17166.68, 7051
17176.06, 7050
17197.04, 7049
17207.92, 7048
17207.95, 7047
17239.69, 7046
17260.15, 7045
17278.11, 7044
17282.4, 7043
17307.44, 7042
17307.55, 7041
17319.01, 7040
17348.28, 7039
17356.02, 7038
17362.41, 7037
17370.76, 7036
17378.84, 7035
17400.3, 7034
17406.19, 7033
17406.23, 7032
17412.39, 7031
17421.58, 7030
17426.51, 7029
17433.55, 7028
17451.4, 7027
17462.14, 7026
17463.21, 7025
17477.09, 7024
17483.64, 7023
17499.91, 7022
17499.96, 7021
17503.28, 7020
17507.32, 7019
17522.2, 7018
17522.23, 7017
17533.03, 7016
17537.87, 7015
17541.1, 7014
17573.54, 7013
17593.55, 7012
17604.04, 7011
17616.12, 7010
17627.39, 7009
17631.09, 7008
17639.82, 7007
17643.75, 7006
17650.02, 7005
17654.51, 7004
17663.61, 7003
17672.7, 7002
17675.8, 7001
17772.84, 7000
17784.73, 6999
17793.4, 6998
17802.07, 6997
17805.24, 6996
17814.38, 6995
17819.46, 6994
17825.6, 6993
17834.29, 6992
17844.6, 6991
17858.15, 6990
17867.26, 6989
17884.11, 6988
17891.13, 6987
17922.06, 6986
17948.93, 6985
17959.01, 6984
17977.11, 6983
17988.32, 6982
17995.88, 6981
18032.95, 6980
18032.98, 6979
18032.98, 6978
18041.76, 6977
18052.33, 6976
18065.66, 6975
18074.36, 6974
18085.05, 6973
18104.92, 6972
18110.14, 6971
18111.97, 6970
18124.14, 6969
18136.31, 6968
18158.62, 6967
18175.46, 6966
18186.93, 6965
18240.15, 6964
18246.57, 6963
18248.83, 6962
18277.51, 6961
18279.12, 6960
18281.72, 6959
18285.85, 6958
18303.4, 6957
18312.07, 6956
18316.04, 6955
18322.31, 6954
18329.25, 6953
18342.5, 6952
18364.25, 6951
18376.72, 6950
18402.11, 6949
18413.65, 6948
18422.22, 6947
18435.2, 6946
18441.64, 6945
18445.43, 6944
18449.54, 6943
18480.99, 6942
18488.59, 6941
18495.03, 6940
18495.55, 6939
18500.36, 6938
18506.88, 6937
18517.03, 6936
18519.76, 6935
18536.05, 6934
18568.33, 6933
18575.12, 6932
18581.25, 6931
18589.27, 6930
18597.21, 6929
18609.75, 6928
18609.79, 6927
18615.85, 6926
18624.87, 6925
18627.51, 6924
18650.31, 6923
18659.56, 6922
18663.24, 6921
18664.2, 6920
18731.7, 6919
18738.27, 6918
18742.5, 6917
18754.82, 6916
18782.58, 6915
18804.91, 6914
18815.77, 6913
18815.82, 6912
18831.83, 6911
18831.86, 6910
18831.87, 6909
18840.21, 6908
18844.99, 6907
18884.12, 6906
18903.86, 6905
18910.01, 6904
18914.0, 6903
18940.02, 6902
18966.59, 6901
18977.51, 6900
18994.43, 6899
18997.52, 6898
19011.78, 6897
19014.71, 6896
19021.57, 6895
19036.54, 6894
19053.23, 6893
19055.79, 6892
19071.39, 6891
19080.26, 6890
19083.64, 6889
19089.55, 6888
19097.34, 6887
19102.9, 6886
19111.06, 6885
19133.63, 6884
19167.24, 6883
19189.68, 6882
19189.73, 6881
19246.04, 6880
19246.09, 6879
19249.07, 6878
19270.54, 6877
19278.15, 6876
19291.2, 6875
19302.08, 6874
19342.67, 6873
19356.43, 6872
19362.85, 6871
19377.17, 6870
19384.95, 6869
19391.28, 6868
19398.16, 6867
19404.48, 6866
19409.54, 6865
19420.09, 6864
19422.36, 6863
19497.0, 6862
19514.96, 6861
19573.44, 6860
19573.54, 6859
19573.56, 6858
19573.7, 6857
19586.63, 6856
19607.18, 6855
19627.09, 6854
19627.17, 6853
19644.21, 6852
19662.7, 6851
19716.76, 6850
19744.53, 6849
19810.18, 6848
19860.64, 6847
19883.43, 6846
19900.18, 6845
19901.2, 6844
19910.52, 6843
19915.58, 6842
19916.31, 6841
19933.25, 6840
19943.46, 6839
19954.87, 6838
19958.12, 6837
19959.94, 6836
19990.24, 6835
20011.21, 6834
20026.76, 6833
20031.76, 6832
20045.86, 6831
20049.14, 6830
20057.24, 6829
20066.4, 6828
20078.05, 6827
20082.03, 6826
20091.99, 6825
20101.02, 6824
20102.86, 6823
20104.74, 6822
20130.74, 6821
20138.46, 6820
20141.85, 6819
20146.66, 6818
20156.36, 6817
20172.2, 6816
20183.36, 6815
20196.01, 6814
20221.95, 6813
20222.05, 6812
20257.47, 6811
20275.52, 6810
20294.07, 6809
20301.57, 6808
20303.48, 6807
20312.74, 6806
20314.58, 6805
20330.51, 6804
20349.93, 6803
20361.28, 6802
20369.24, 6801
20370.72, 6800
20384.88, 6799
20402.35, 6798
20431.28, 6797
20435.14, 6796
20439.07, 6795
20443.0, 6794
20469.13, 6793
20481.57, 6792
20481.61, 6791
20482.71, 6790
20490.07, 6789
20492.99, 6788
20503.54, 6787
20511.1, 6786
20512.19, 6785
20527.8, 6784
20528.81, 6783
20533.03, 6782
20547.02, 6781
20575.36, 6780
20576.32, 6779
20584.28, 6778
20588.58, 6777
20609.7, 6776
20632.6, 6775
20634.45, 6774
20650.14, 6773
20703.67, 6772
20703.73, 6771
20709.88, 6770
20723.76, 6769
20787.35, 6768
20787.39, 6767
20787.41, 6766
20813.89, 6765
20835.11, 6764
20838.72, 6763
20843.67, 6762
20849.35, 6761
20852.29, 6760
20891.95, 6759
20903.63, 6758
20929.13, 6757
20959.02, 6756
20974.98, 6755
20978.12, 6754
20982.15, 6753
21017.82, 6752
21019.8, 6751
21022.56, 6750
21030.51, 6749
21038.86, 6748
21047.07, 6747
21058.68, 6746
21069.83, 6745
21076.74, 6744
21105.9, 6743
21124.44, 6742
21134.4, 6741
21162.77, 6740
21171.21, 6739
21200.56, 6738
21200.6, 6737
21200.62, 6736
21208.39, 6735
21220.65, 6734
21225.51, 6733
21229.74, 6732
21254.72, 6731
21273.27, 6730
21274.74, 6729
21276.53, 6728
21296.31, 6727
21300.12, 6726
21310.82, 6725
21358.12, 6724
21361.37, 6723
21373.1, 6722
21386.69, 6721
21391.74, 6720
21397.0, 6719
21403.24, 6718
21409.55, 6717
21424.64, 6716
21426.47, 6715
21438.34, 6714
21442.1, 6713
21460.82, 6712
21467.34, 6711
21488.32, 6710
21488.37, 6709
21489.51, 6708
21591.47, 6707
21606.63, 6706
21611.21, 6705
21627.56, 6704
21656.96, 6703
21660.79, 6702
21666.8, 6701
21680.33, 6700
21683.64, 6699
21690.97, 6698
21696.36, 6697
21699.83, 6696
21714.71, 6695
21719.62, 6694
21731.53, 6693
21742.03, 6692
21781.81, 6691
21788.09, 6690
21796.21, 6689
21803.41, 6688
21828.57, 6687
21867.11, 6686
21877.56, 6685
21877.67, 6684
21891.05, 6683
21896.39, 6682
21900.54, 6681
21915.69, 6680
21922.69, 6679
21972.01, 6678
21972.11, 6677
21996.23, 6676
22008.34, 6675
22008.6, 6674
22016.78, 6673
22101.12, 6672
22105.12, 6671
22117.39, 6670
22118.42, 6669
22157.05, 6668
22177.86, 6667
22196.32, 6666
22215.47, 6665
22227.24, 6664
22227.94, 6663
22234.1, 6662
22239.46, 6661
22252.12, 6660
22286.04, 6659
22291.28, 6658
22305.32, 6657
22307.01, 6656
22320.45, 6655
22333.89, 6654
22388.57, 6653
22388.63, 6652
22392.23, 6651
22404.48, 6650
22426.45, 6649
22434.87, 6648
22448.96, 6647
22458.58, 6646
22474.22, 6645
22486.06, 6644
22495.1, 6643
22515.53, 6642
22523.41, 6641
22578.85, 6640
22594.45, 6639
22594.54, 6638
22613.59, 6637
22628.53, 6636
22628.6, 6635
22633.97, 6634
22647.24, 6633
22647.28, 6632
22657.14, 6631
22657.24, 6630
22665.32, 6629
22675.53, 6628
22695.25, 6627
22725.03, 6626
22729.46, 6625
22754.08, 6624
22754.12, 6623
22790.88, 6622
22850.12, 6621
22851.98, 6620
22853.94, 6619
22862.95, 6618
22864.64, 6617
22900.67, 6616
22914.0, 6615
22943.19, 6614
22958.88, 6613
22966.79, 6612
22966.84, 6611
22977.5, 6610
22982.06, 6609
23013.94, 6608
23014.0, 6607
23014.27, 6606
23027.03, 6605
23029.99, 6604
23078.66, 6603
23090.63, 6602
23101.62, 6601
23110.1, 6600
23110.15, 6599
23134.6, 6598
23171.43, 6597
23183.5, 6596
23224.8, 6595
23582.36, 6594
23586.21, 6593
23591.59, 6592
23593.28, 6591
23610.57, 6590
23620.24, 6589
23627.23, 6588
23644.55, 6587
23644.64, 6586
23655.48, 6585
23684.72, 6584
23705.22, 6583
23730.37, 6582
23750.03, 6581
23750.15, 6580
23768.13, 6579
23780.61, 6578
23794.33, 6577
23815.04, 6576
23819.79, 6575
23829.2, 6574
23832.24, 6573
23846.37, 6572
23850.98, 6571
23859.47, 6570
23872.56, 6569
23875.87, 6568
23888.42, 6567
23897.31, 6566
23900.03, 6565
23938.71, 6564
23950.99, 6563
23952.4, 6562
23982.68, 6561
24007.6, 6560
24022.21, 6559
24023.87, 6558
24033.64, 6557
24043.95, 6556
24069.85, 6555
24091.1, 6554
24106.78, 6553
24112.51, 6552
24124.17, 6551
24131.52, 6550
24143.86, 6549
24149.98, 6548
24157.58, 6547
24164.68, 6546
24175.94, 6545
24199.39, 6544
24210.89, 6543
24219.78, 6542
24223.02, 6541
24236.04, 6540
24236.09, 6539
24271.79, 6538
24298.35, 6537
24327.56, 6536
24327.66, 6535
24333.57, 6534
24354.12, 6533
24366.83, 6532
24396.36, 6531
24396.67, 6530
24416.39, 6529
24418.17, 6528
24423.77, 6527
24433.2, 6526
24440.56, 6525
24516.44, 6524
24519.46, 6523
24520.91, 6522
24530.12, 6521
24537.89, 6520
24544.9, 6519
24551.25, 6518
24561.57, 6517
24580.84, 6516
24591.6, 6515
24593.55, 6514
24607.29, 6513
24623.36, 6512
24632.55, 6511
24640.43, 6510
24658.37, 6509
24661.64, 6508
24679.23, 6507
24701.87, 6506
24757.48, 6505
24777.15, 6504
24791.34, 6503
24795.62, 6502
24819.57, 6501
24835.72, 6500
24858.11, 6499
24868.04, 6498
24874.93, 6497
24883.33, 6496
24895.01, 6495
24906.57, 6494
24909.48, 6493
24921.36, 6492
24929.26, 6491
24952.36, 6490
24970.7, 6489
24974.46, 6488
24978.94, 6487
25004.37, 6486
25028.14, 6485
25034.11, 6484
25069.93, 6483
25071.91, 6482
25086.09, 6481
25091.87, 6480
25104.68, 6479
25112.59, 6478
25120.72, 6477
25123.22, 6476
25136.24, 6475
25136.56, 6474
25147.06, 6473
25149.71, 6472
25199.8, 6471
25224.22, 6470
25229.97, 6469
25251.31, 6468
25251.36, 6467
25251.38, 6466
25277.82, 6465
25284.18, 6464
25295.91, 6463
25343.28, 6462
25352.35, 6461
25356.58, 6460
25375.37, 6459
25393.02, 6458
25428.65, 6457
25437.1, 6456
25497.42, 6455
25497.51, 6454
25497.53, 6453
25519.73, 6452
25520.69, 6451
25539.52, 6450
25561.88, 6449
25567.43, 6448
25592.4, 6447
25594.34, 6446
25618.99, 6445
25651.39, 6444
25659.69, 6443
25667.24, 6442
25672.5, 6441
25695.87, 6440
25707.32, 6439
25717.9, 6438
25724.17, 6437
25750.59, 6436
25755.14, 6435
25801.61, 6434
25811.82, 6433
25833.96, 6432
25842.04, 6431
25842.08, 6430
25846.4, 6429
25896.49, 6428
25896.57, 6427
25896.59, 6426
25917.28, 6425
25919.8, 6424
25941.22, 6423
25947.87, 6422
25953.19, 6421
25985.55, 6420
25990.31, 6419
25995.34, 6418
26006.86, 6417
26021.55, 6416
26021.59, 6415
26030.7, 6414
26036.01, 6413
26052.86, 6412
26079.15, 6411
26080.19, 6410
26109.68, 6409
26110.26, 6408
26121.01, 6407
26139.51, 6406
26151.46, 6405
26167.07, 6404
26227.97, 6403
26243.07, 6402
26245.3, 6401
26247.06, 6400
26257.18, 6399
26281.44, 6398
26299.41, 6397
26303.3, 6396
26369.85, 6395
26370.01, 6394
26375.11, 6393
26376.73, 6392
26382.9, 6391
26390.14, 6390
26396.23, 6389
26420.77, 6388
26427.79, 6387
26444.22, 6386
26473.51, 6385
26490.71, 6384
26504.37, 6383
26539.37, 6382
26546.5, 6381
26551.86, 6380
26561.96, 6379
26573.34, 6378
26587.45, 6377
26624.05, 6376
26632.41, 6375
26669.15, 6374
26688.12, 6373
26702.34, 6372
26719.58, 6371
26719.62, 6370
26727.79, 6369
26742.56, 6368
26742.58, 6367
26748.0, 6366
26757.17, 6365
26788.4, 6364
26798.15, 6363
26805.95, 6362
26810.77, 6361
26816.04, 6360
26829.46, 6359
26839.35, 6358
26845.44, 6357
26913.42, 6356
26913.48, 6355
26924.53, 6354
26967.71, 6353
26974.67, 6352
26981.66, 6351
26984.05, 6350
27004.26, 6349
27008.2, 6348
27017.98, 6347
27023.19, 6346
27042.91, 6345
27085.77, 6344
27094.44, 6343
27102.04, 6342
27118.6, 6341
27134.26, 6340
27139.12, 6339
27140.56, 6338
27160.82, 6337
27170.41, 6336
27213.87, 6335
27224.06, 6334
27240.55, 6333
27240.66, 6332
27251.43, 6331
27256.82, 6330
27291.77, 6329
27292.83, 6328
27295.29, 6327
27311.93, 6326
27341.89, 6325
27342.54, 6324
27354.22, 6323
27359.33, 6322
27364.09, 6321
27371.06, 6320
27378.15, 6319
27385.18, 6318
27469.52, 6317
27471.05, 6316
27473.04, 6315
27499.3, 6314
27510.64, 6313
27519.77, 6312
27554.05, 6311
27589.91, 6310
27590.18, 6309
27607.08, 6308
27607.12, 6307
27643.06, 6306
27654.61, 6305
27654.67, 6304
27681.2, 6303
27690.07, 6302
27694.5, 6301
27698.38, 6300
27706.47, 6299
27733.08, 6298
27760.91, 6297
27777.79, 6296
27790.11, 6295
27827.54, 6294
27841.62, 6293
27841.73, 6292
27842.13, 6291
27845.98, 6290
27849.8, 6289
27859.74, 6288
27889.76, 6287
27927.33, 6286
27952.56, 6285
27959.32, 6284
27967.09, 6283
27973.44, 6282
27984.71, 6281
28000.16, 6280
28021.37, 6279
28032.88, 6278
28034.97, 6277
28042.64, 6276
28091.89, 6275
28101.79, 6274
28108.44, 6273
28122.19, 6272
28149.08, 6271
28154.02, 6270
28154.13, 6269
28198.71, 6268
28204.92, 6267
28212.76, 6266
28221.22, 6265
28228.5, 6264
28236.78, 6263
28253.28, 6262
28261.12, 6261
28264.58, 6260
28264.67, 6259
28273.89, 6258
28281.83, 6257
28284.02, 6256
28297.68, 6255
28301.26, 6254
28305.18, 6253
28338.32, 6252
28350.76, 6251
28370.34, 6250
28386.02, 6249
28417.26, 6248
28465.97, 6247
28488.05, 6246
28497.08, 6245
28502.58, 6244
28508.61, 6243
28516.49, 6242
28523.02, 6241
28534.57, 6240
28544.15, 6239
28584.21, 6238
28607.25, 6237
28607.3, 6236
28612.42, 6235
28619.69, 6234
28627.35, 6233
28658.01, 6232
28671.32, 6231
28673.4, 6230
28709.99, 6229
28723.54, 6228
28741.13, 6227
28767.63, 6226
28773.6, 6225
28781.11, 6224
28796.71, 6223
28803.46, 6222
28820.53, 6221
28865.47, 6220
28867.24, 6219
28870.45, 6218
28881.54, 6217
28886.09, 6216
28899.69, 6215
28913.59, 6214
28919.88, 6213
28932.79, 6212
28949.33, 6211
28960.4, 6210
28980.23, 6209
28988.52, 6208
28990.18, 6207
29000.85, 6206
29021.93, 6205
29042.85, 6204
29051.23, 6203
29059.05, 6202
29073.52, 6201
29129.58, 6200
29134.67, 6199
29136.65, 6198
29144.96, 6197
29155.82, 6196
29190.68, 6195
29209.03, 6194
29213.45, 6193
29216.82, 6192
29240.12, 6191
29338.39, 6190
29344.46, 6189
29351.75, 6188
29361.5, 6187
29379.86, 6186
29399.67, 6185
29399.71, 6184
29401.04, 6183
29418.62, 6182
29420.71, 6181
29429.37, 6180
29440.18, 6179
29441.85, 6178
29456.73, 6177
29471.34, 6176
29485.73, 6175
29494.28, 6174
29506.52, 6173
29514.37, 6172
29524.21, 6171
29525.95, 6170
29541.12, 6169
29607.78, 6168
29633.0, 6167
29660.18, 6166
29662.14, 6165
29662.16, 6164
29662.17, 6163
29667.51, 6162
29683.84, 6161
29710.52, 6160
29742.52, 6159
29752.85, 6158
29756.01, 6157
29756.03, 6156
29784.23, 6155
29825.86, 6154
29829.85, 6153
29837.85, 6152
29910.36, 6151
29918.47, 6150
29926.89, 6149
29935.37, 6148
29950.17, 6147
29956.95, 6146
29973.83, 6145
29980.64, 6144
29995.96, 6143
30008.91, 6142
30029.56, 6141
30043.71, 6140
30057.91, 6139
30057.94, 6138
30057.94, 6137
30061.61, 6136
30066.61, 6135
30092.3, 6134
30166.59, 6133
30183.72, 6132
30201.52, 6131
30214.77, 6130
30260.5, 6129
30266.06, 6128
30272.47, 6127
30281.92, 6126
30289.55, 6125
30292.88, 6124
30330.21, 6123
30340.48, 6122
30344.62, 6121
30359.59, 6120
30365.49, 6119
30382.7, 6118
30397.77, 6117
30430.44, 6116
30451.68, 6115
30453.73, 6114
30455.36, 6113
30466.85, 6112
30473.48, 6111
30481.94, 6110
30494.72, 6109
30500.78, 6108
30503.01, 6107
30524.05, 6106
30528.08, 6105
30529.23, 6104
30554.6, 6103
30620.32, 6102
30641.63, 6101
30647.18, 6100
30686.27, 6099
30690.3, 6098
30711.67, 6097
30737.96, 6096
30744.75, 6095
30755.12, 6094
30761.73, 6093
30776.36, 6092
30789.35, 6091
30808.17, 6090
30841.09, 6089
30842.96, 6088
30893.23, 6087
30902.56, 6086
30905.94, 6085
30925.85, 6084
30925.89, 6083
30935.73, 6082
30954.31, 6081
30974.38, 6080
30999.77, 6079
31004.99, 6078
31033.04, 6077
31055.88, 6076
31057.76, 6075
31083.33, 6074
31092.48, 6073
31103.76, 6072
31151.26, 6071
31185.2, 6070
31185.23, 6069
31191.94, 6068
31217.02, 6067
31243.43, 6066
31243.46, 6065
31253.83, 6064
31270.73, 6063
31276.75, 6062
31311.06, 6061
31322.03, 6060
31327.28, 6059
31336.92, 6058
31348.31, 6057
31448.12, 6056
31454.97, 6055
31465.63, 6054
31481.39, 6053
31492.79, 6052
31526.19, 6051
31538.35, 6050
31545.21, 6049
31554.16, 6048
31564.04, 6047
31585.97, 6046
31597.71, 6045
31608.34, 6044
31644.58, 6043
31670.54, 6042
31688.55, 6041
31711.6, 6040
31729.22, 6039
31732.55, 6038
31784.63, 6037
31793.57, 6036
31793.58, 6035
31811.24, 6034
31875.64, 6033
31887.38, 6032
31891.14, 6031
31911.62, 6030
31919.86, 6029
31924.28, 6028
31932.26, 6027
31946.86, 6026
31963.0, 6025
31970.82, 6024
31976.35, 6023
32000.23, 6022
32002.81, 6021
32015.59, 6020
32050.89, 6019
32077.7, 6018
32098.63, 6017
32118.97, 6016
32170.79, 6015
32183.38, 6014
32541.06, 6013
32546.95, 6012
32551.05, 6011
32552.02, 6010
32554.92, 6009
32563.41, 6008
32582.05, 6007
32588.09, 6006
32596.77, 6005
32608.15, 6004
32660.88, 6003
32664.89, 6002
32676.8, 6001
32679.32, 6000
32703.2, 5999
32714.58, 5998
32726.67, 5997
32733.79, 5996
32740.57, 5995
32766.59, 5994
32770.53, 5993
32775.09, 5992
32791.54, 5991
32798.13, 5990
32806.93, 5989
32824.13, 5988
32825.93, 5987
32835.74, 5986
32847.27, 5985
32879.66, 5984
32889.44, 5983
32904.75, 5982
32907.02, 5981
32919.44, 5980
32926.97, 5979
32971.79, 5978
32981.66, 5977
32991.35, 5976
33000.0, 5975
33007.43, 5974
33019.49, 5973
33037.06, 5972
33037.98, 5971
33043.87, 5970
33059.27, 5969
33079.79, 5968
33093.23, 5967
33106.98, 5966
33123.86, 5965
33131.55, 5964
33145.51, 5963
33162.04, 5962
33170.09, 5961
33181.0, 5960
33186.96, 5959
33192.95, 5958
33219.57, 5957
33229.97, 5956
33247.85, 5955
33256.56, 5954
33267.47, 5953
33293.85, 5952
33308.56, 5951
33312.62, 5950
33312.68, 5949
33324.83, 5948
33331.5, 5947
33344.14, 5946
33357.56, 5945
33361.76, 5944
33362.38, 5943
33373.99, 5942
33383.77, 5941
33399.17, 5940
33415.0, 5939
33415.05, 5938
33435.77, 5937
33445.47, 5936
33461.83, 5935
33462.43, 5934
33475.22, 5933
33482.42, 5932
33507.06, 5931
33516.3, 5930
33528.58, 5929
33537.73, 5928
33551.93, 5927
33579.61, 5926
33590.14, 5925
33599.67, 5924
33606.45, 5923
33625.01, 5922
33628.42, 5921
33645.19, 5920
33673.37, 5919
33687.83, 5918
33692.41, 5917
33701.01, 5916
33725.87, 5915
33739.87, 5914
33741.89, 5913
33754.96, 5912
33789.46, 5911
33811.66, 5910
33820.26, 5909
33826.96, 5908
33850.23, 5907
33850.68, 5906
33863.01, 5905
33876.05, 5904
33882.88, 5903
33907.33, 5902
33914.9, 5901
33925.3, 5900
33929.68, 5899
33944.63, 5898
33947.82, 5897
33958.59, 5896
33965.64, 5895
33977.73, 5894
34021.35, 5893
34033.23, 5892
34046.58, 5891
34050.62, 5890
34087.29, 5889
34089.12, 5888
34119.08, 5887
34141.77, 5886
34149.72, 5885
34156.06, 5884
34162.46, 5883
34170.6, 5882
34180.4, 5881
34191.02, 5880
34197.26, 5879
34212.63, 5878
34233.66, 5877
34245.99, 5876
34246.08, 5875
34248.8, 5874
34257.74, 5873
34279.85, 5872
34307.96, 5871
34320.25, 5870
34321.98, 5869
34323.83, 5868
34365.9, 5867
34375.01, 5866
34379.95, 5865
34380.05, 5864
34391.07, 5863
34400.77, 5862
34448.02, 5861
34462.77, 5860
34471.65, 5859
34493.61, 5858
34498.78, 5857
34513.49, 5856
34529.11, 5855
34547.5, 5854
34566.17, 5853
34570.09, 5852
34574.21, 5851
34578.01, 5850
34586.01, 5849
34616.41, 5848
34641.18, 5847
34659.95, 5846
34660.02, 5845
34660.04, 5844
34666.03, 5843
34672.99, 5842
34701.19, 5841
34708.44, 5840
34728.23, 5839
34731.79, 5838
34741.64, 5837
34753.94, 5836
34756.43, 5835
34773.13, 5834
34773.28, 5833
34782.31, 5832
34786.17, 5831
34819.69, 5830
34821.61, 5829
34823.29, 5828
34836.97, 5827
34854.11, 5826
34857.01, 5825
34870.9, 5824
34882.86, 5823
34911.5, 5822
34921.25, 5821
34930.49, 5820
34953.81, 5819
34957.47, 5818
34966.11, 5817
34974.87, 5816
34996.05, 5815
35004.23, 5814
35016.92, 5813
35017.18, 5812
35027.29, 5811
35059.25, 5810
35068.66, 5809
35070.61, 5808
35083.72, 5807
35085.6, 5806
35095.16, 5805
35101.7, 5804
35116.93, 5803
35126.1, 5802
35136.08, 5801
35141.35, 5800
35167.63, 5799
35185.55, 5798
35188.26, 5797
35191.25, 5796
35197.92, 5795
35226.2, 5794
35234.36, 5793
35261.86, 5792
35270.57, 5791
35271.4, 5790
35288.29, 5789
35297.57, 5788
35312.2, 5787
35319.82, 5786
35334.41, 5785
35339.04, 5784
35348.91, 5783
35363.68, 5782
35376.72, 5781
35378.25, 5780
35396.54, 5779
35414.5, 5778
35416.35, 5777
35428.62, 5776
35465.02, 5775
35467.05, 5774
35468.69, 5773
35478.42, 5772
35501.47, 5771
35501.53, 5770
35516.05, 5769
35525.73, 5768
35547.22, 5767
35548.51, 5766
35570.87, 5765
35572.7, 5764
35576.94, 5763
35599.63, 5762
35610.54, 5761
35612.13, 5760
35614.37, 5759
35642.57, 5758
35649.18, 5757
35652.5, 5756
35671.61, 5755
35673.3, 5754
35675.12, 5753
35709.0, 5752
35709.02, 5751
35709.03, 5750
35714.35, 5749
35743.22, 5748
35753.14, 5747
35778.71, 5746
35794.28, 5745
35820.69, 5744
35829.84, 5743
35847.86, 5742
35870.74, 5741
35884.35, 5740
35884.81, 5739
35898.2, 5738
35906.83, 5737
35921.71, 5736
35964.43, 5735
35992.33, 5734
36011.72, 5733
36032.76, 5732
36042.01, 5731
36053.25, 5730
36055.21, 5729
36086.98, 5728
36097.06, 5727
36105.48, 5726
36114.42, 5725
36123.19, 5724
36134.86, 5723
36147.85, 5722
36153.45, 5721
36169.18, 5720
36180.99, 5719
36193.7, 5718
36195.67, 5717
36208.07, 5716
36232.82, 5715
36244.55, 5714
36248.45, 5713
36253.93, 5712
36289.81, 5711
36294.63, 5710
36297.72, 5709
36301.59, 5708
36305.39, 5707
36321.99, 5706
36329.69, 5705
36331.53, 5704
36358.54, 5703
36368.19, 5702
36373.18, 5701
36375.78, 5700
36392.7, 5699
36408.12, 5698
36414.04, 5697
36417.17, 5696
36427.96, 5695
36443.34, 5694
36453.71, 5693
36474.01, 5692
36480.45, 5691
36492.01, 5690
36510.98, 5689
36513.83, 5688
36531.0, 5687
36561.59, 5686
36563.45, 5685
36565.18, 5684
36566.98, 5683
36583.28, 5682
36600.92, 5681
36608.73, 5680
36619.37, 5679
36625.42, 5678
36634.8, 5677
36646.25, 5676
36647.2, 5675
36657.67, 5674
36731.79, 5673
36738.79, 5672
36742.7, 5671
36767.63, 5670
36775.66, 5669
36779.47, 5668
36800.41, 5667
36812.16, 5666
36820.3, 5665
36833.22, 5664
36849.45, 5663
36857.33, 5662
36859.18, 5661
36881.51, 5660
36897.24, 5659
36899.1, 5658
36900.89, 5657
36915.66, 5656
36927.32, 5655
36966.51, 5654
36977.01, 5653
36978.87, 5652
36980.8, 5651
36992.13, 5650
37011.26, 5649
37011.37, 5648
37015.28, 5647
37027.88, 5646
37058.64, 5645
37080.38, 5644
37084.13, 5643
37108.3, 5642
37111.8, 5641
37113.53, 5640
37136.11, 5639
37149.83, 5638
37170.87, 5637
37175.84, 5636
37187.79, 5635
37210.75, 5634
37212.42, 5633
37214.26, 5632
37221.6, 5631
37231.89, 5630
37270.28, 5629
37274.18, 5628
37274.21, 5627
37300.23, 5626
37319.61, 5625
37327.91, 5624
37366.29, 5623
37400.21, 5622
37408.01, 5621
37420.2, 5620
37430.59, 5619
37443.52, 5618
37456.49, 5617
37481.6, 5616
37489.41, 5615
37514.38, 5614
37523.2, 5613
37534.15, 5612
37546.38, 5611
37550.62, 5610
37570.58, 5609
37582.69, 5608
37597.71, 5607
37601.98, 5606
37617.44, 5605
37652.68, 5604
37676.94, 5603
37684.21, 5602
37686.2, 5601
37700.12, 5600
37710.0, 5599
37724.66, 5598
37751.18, 5597
37762.85, 5596
37775.89, 5595
37794.23, 5594
37805.54, 5593
37813.88, 5592
37830.89, 5591
37852.98, 5590
37854.67, 5589
37874.34, 5588
37891.38, 5587
37903.5, 5586
37904.09, 5585
37915.87, 5584
37957.97, 5583
37965.21, 5582
37976.81, 5581
37995.81, 5580
38024.21, 5579
38039.79, 5578
38059.29, 5577
38065.92, 5576
38074.68, 5575
38103.15, 5574
38112.87, 5573
38129.56, 5572
38151.43, 5571
38162.55, 5570
38173.52, 5569
38192.07, 5568
38203.53, 5567
38215.35, 5566
38252.67, 5565
38252.78, 5564
38260.98, 5563
38276.22, 5562
38291.23, 5561
38295.84, 5560
38317.43, 5559
38328.13, 5558
38332.64, 5557
38370.69, 5556
38375.97, 5555
38389.69, 5554
38399.75, 5553
38404.33, 5552
38452.7, 5551
38467.51, 5550
38473.01, 5549
38512.28, 5548
38519.95, 5547
38523.17, 5546
38523.57, 5545
38550.01, 5544
38558.33, 5543
38560.15, 5542
38562.01, 5541
38580.3, 5540
38586.86, 5539
38590.74, 5538
38606.64, 5537
38620.9, 5536
38632.54, 5535
38634.4, 5534
38648.12, 5533
38668.2, 5532
38674.79, 5531
38678.77, 5530
38696.64, 5529
38714.19, 5528
38715.69, 5527
38742.44, 5526
38742.48, 5525
38760.38, 5524
38766.02, 5523
38792.14, 5522
38804.12, 5521
38893.21, 5520
38895.0, 5519
38935.65, 5518
38944.24, 5517
38945.45, 5516
38947.32, 5515
38960.06, 5514
38983.31, 5513
38984.56, 5512
38996.21, 5511
39006.62, 5510
39008.49, 5509
39019.37, 5508
39041.82, 5507
39049.15, 5506
39064.65, 5505
39066.56, 5504
39096.37, 5503
39102.95, 5502
39126.17, 5501
39134.28, 5500
39194.49, 5499
39208.23, 5498
39226.72, 5497
39245.49, 5496
39292.19, 5495
39295.5, 5494
39297.19, 5493
39309.06, 5492
39319.54, 5491
39329.16, 5490
39339.58, 5489
39341.46, 5488
39359.2, 5487
39359.3, 5486
39367.23, 5485
39376.94, 5484
39403.59, 5483
39413.25, 5482
39425.7, 5481
39434.09, 5480
39435.97, 5479
39452.44, 5478
39470.11, 5477
39478.95, 5476
39481.41, 5475
39507.74, 5474
39515.42, 5473
39526.68, 5472
39528.57, 5471
39564.33, 5470
39573.02, 5469
39592.37, 5468
39594.22, 5467
39622.85, 5466
39628.93, 5465
39662.88, 5464
39671.77, 5463
39693.46, 5462
39704.66, 5461
39706.59, 5460
39708.36, 5459
39710.18, 5458
39735.19, 5457
39738.43, 5456
39740.91, 5455
39758.65, 5454
39758.69, 5453
39761.46, 5452
39770.63, 5451
39800.91, 5450
39861.84, 5449
39867.16, 5448
39869.09, 5447
39870.94, 5446
39882.91, 5445
39937.62, 5444
39948.76, 5443
39950.46, 5442
39970.68, 5441
39982.0, 5440
39983.66, 5439
40000.12, 5438
40008.65, 5437
40010.43, 5436
40012.21, 5435
40032.5, 5434
40039.24, 5433
40245.7, 5432
40247.5, 5431
40249.3, 5430
40251.1, 5429
40285.36, 5428
40304.99, 5427
40306.94, 5426
40308.63, 5425
40310.41, 5424
40333.58, 5423
40347.58, 5422
40352.95, 5421
40364.62, 5420
40374.56, 5419
40384.45, 5418
40392.83, 5417
40400.83, 5416
40416.38, 5415
40468.57, 5414
40472.06, 5413
40475.87, 5412
40479.58, 5411
40483.33, 5410
40559.25, 5409
40574.41, 5408
40577.59, 5407
40577.83, 5406
40578.66, 5405
40603.98, 5404
40614.67, 5403
40618.58, 5402
40622.56, 5401
40636.53, 5400
40638.4, 5399
40648.38, 5398
40658.76, 5397
40669.61, 5396
40676.46, 5395
40679.95, 5394
40704.42, 5393
40714.77, 5392
40726.68, 5391
40737.57, 5390
40753.88, 5389
40761.67, 5388
40763.28, 5387
40770.93, 5386
40784.13, 5385
40824.81, 5384
40842.51, 5383
40849.4, 5382
40851.39, 5381
40870.04, 5380
40879.21, 5379
40879.31, 5378
40883.37, 5377
40893.43, 5376
40900.82, 5375
40904.92, 5374
40915.8, 5373
40948.21, 5372
40969.53, 5371
40973.27, 5370
40982.3, 5369
40993.09, 5368
40994.72, 5367
41008.82, 5366
41016.05, 5365
41057.78, 5364
41068.69, 5363
41070.63, 5362
41072.39, 5361
41093.38, 5360
41094.76, 5359
41107.95, 5358
41131.45, 5357
41150.75, 5356
41167.55, 5355
41175.07, 5354
41204.53, 5353
41208.21, 5352
41211.99, 5351
41253.16, 5350
41275.79, 5349
41303.11, 5348
41314.92, 5347
41318.76, 5346
41323.01, 5345
41336.12, 5344
41362.96, 5343
41364.77, 5342
41366.54, 5341
41368.34, 5340
41438.82, 5339
41442.24, 5338
41443.98, 5337
41466.84, 5336
41478.88, 5335
41486.83, 5334
41499.01, 5333
41509.91, 5332
41517.54, 5331
41531.1, 5330
41552.3, 5329
41567.42, 5328
41582.88, 5327
41586.7, 5326
41591.31, 5325
41594.23, 5324
41615.65, 5323
41638.21, 5322
41640.0, 5321
41641.64, 5320
41659.11, 5319
41667.56, 5318
41677.56, 5317
41743.41, 5316
41745.3, 5315
41746.91, 5314
41779.22, 5313
41791.2, 5312
41793.11, 5311
41794.77, 5310
41818.07, 5309
41833.45, 5308
41842.07, 5307
41845.98, 5306
41873.03, 5305
41883.0, 5304
41884.93, 5303
41886.79, 5302
41889.51, 5301
41896.21, 5300
41908.56, 5299
41930.41, 5298
41955.13, 5297
41966.65, 5296
41969.26, 5295
42012.79, 5294
42043.25, 5293
42045.07, 5292
42046.79, 5291
42053.31, 5290
42064.96, 5289
42100.35, 5288
42113.29, 5287
42123.66, 5286
42125.4, 5285
42127.13, 5284
42163.58, 5283
42170.04, 5282
42174.57, 5281
42187.24, 5280
42197.77, 5279
42204.88, 5278
42224.51, 5277
42241.03, 5276
42249.79, 5275
42278.83, 5274
42287.39, 5273
42289.94, 5272
42297.21, 5271
42321.51, 5270
42330.43, 5269
42349.27, 5268
42361.13, 5267
42362.79, 5266
42413.08, 5265
42425.81, 5264
42429.75, 5263
42433.6, 5262
42454.11, 5261
42463.42, 5260
42480.91, 5259
42491.43, 5258
42495.32, 5257
42513.76, 5256
42523.3, 5255
42533.41, 5254
42541.66, 5253
42552.68, 5252
42562.36, 5251
42569.53, 5250
42591.86, 5249
42599.51, 5248
42613.67, 5247
42615.43, 5246
42632.02, 5245
42641.76, 5244
42650.81, 5243
42653.21, 5242
42667.53, 5241
42761.38, 5240
42773.05, 5239
42775.52, 5238
42779.37, 5237
42783.28, 5236
42811.08, 5235
42822.8, 5234
42824.05, 5233
42825.77, 5232
42827.6, 5231
42847.08, 5230
42857.33, 5229
42865.97, 5228
42874.93, 5227
42882.45, 5226
42891.52, 5225
42902.41, 5224
42919.25, 5223
42934.0, 5222
42943.1, 5221
42982.25, 5220
42989.31, 5219
42991.04, 5218
42992.78, 5217
43065.98, 5216
43068.88, 5215
43071.03, 5214
43078.58, 5213
43087.11, 5212
43092.42, 5211
43132.91, 5210
43144.59, 5209
43154.52, 5208
43163.59, 5207
43165.36, 5206
43214.51, 5205
43229.42, 5204
43231.22, 5203
43232.96, 5202
43234.75, 5201
43258.71, 5200
43273.21, 5199
43273.32, 5198
43287.96, 5197
43292.46, 5196
43294.25, 5195
43302.45, 5194
43318.25, 5193
43326.4, 5192
43328.25, 5191
43363.51, 5190
43377.55, 5189
43387.05, 5188
43391.08, 5187
43394.99, 5186
43411.2, 5185
43425.72, 5184
43436.26, 5183
43445.47, 5182
43459.07, 5181
43466.93, 5180
43468.62, 5179
43492.4, 5178
43502.62, 5177
43506.98, 5176
43543.56, 5175
43554.41, 5174
43561.24, 5173
43572.99, 5172
43581.12, 5171
43591.31, 5170
43599.26, 5169
43611.08, 5168
43619.21, 5167
43629.36, 5166
43635.93, 5165
43652.43, 5164
43660.53, 5163
43668.94, 5162
43677.39, 5161
43711.95, 5160
43713.79, 5159
43715.96, 5158
43742.17, 5157
43774.01, 5156
43781.57, 5155
43783.34, 5154
43785.1, 5153
43800.68, 5152
43805.98, 5151
43814.82, 5150
43827.08, 5149
43836.28, 5148
43846.99, 5147
43856.0, 5146
43857.9, 5145
43873.99, 5144
43899.01, 5143
43899.14, 5142
43907.54, 5141
43927.7, 5140
43971.0, 5139
43991.06, 5138
43991.16, 5137
44018.9, 5136
44034.79, 5135
44036.85, 5134
44039.67, 5133
44040.51, 5132
44090.71, 5131
44119.83, 5130
44122.86, 5129
44123.39, 5128
44125.17, 5127
44144.96, 5126
44164.43, 5125
44175.03, 5124
44176.84, 5123
44196.68, 5122
44207.6, 5121
44208.82, 5120
44230.2, 5119
44230.25, 5118
44244.18, 5117
44256.26, 5116
44256.75, 5115
44267.33, 5114
44276.41, 5113
44317.11, 5112
44324.65, 5111
44326.44, 5110
44334.19, 5109
44348.19, 5108
44357.71, 5107
44361.57, 5106
44380.78, 5105
44388.64, 5104
44397.29, 5103
44403.74, 5102
44417.45, 5101
44424.16, 5100
44446.36, 5099
44448.29, 5098
44450.07, 5097
44517.25, 5096
44537.59, 5095
44544.16, 5094
44545.82, 5093
44630.27, 5092
44634.12, 5091
44638.24, 5090
44640.9, 5089
44654.42, 5088
44686.29, 5087
44701.38, 5086
44703.03, 5085
44705.15, 5084
44728.16, 5083
44731.74, 5082
44768.52, 5081
44781.87, 5080
44790.08, 5079
44800.32, 5078
44836.15, 5077
44848.03, 5076
44852.49, 5075
44856.38, 5074
44859.0, 5073
44916.75, 5072
44927.77, 5071
44931.69, 5070
44935.65, 5069
44939.5, 5068
44963.42, 5067
44996.08, 5066
44998.97, 5065
45010.71, 5064
45020.05, 5063
45029.77, 5062
45038.49, 5061
45047.3, 5060
45069.06, 5059
45107.87, 5058
45109.76, 5057
45111.28, 5056
45129.83, 5055
45138.92, 5054
45149.21, 5053
45162.23, 5052
45167.36, 5051
45173.16, 5050
45281.03, 5049
45302.92, 5048
45315.55, 5047
45331.05, 5046
45336.7, 5045
45339.18, 5044
45340.21, 5043
45352.58, 5042
45388.63, 5041
45392.38, 5040
45404.36, 5039
45405.97, 5038
45421.04, 5037
45458.3, 5036
45460.06, 5035
45474.81, 5034
45516.09, 5033
45531.2, 5032
45543.22, 5031
45556.11, 5030
45564.38, 5029
45577.04, 5028
45583.82, 5027
45616.88, 5026
45625.11, 5025
45627.48, 5024
45645.8, 5023
45654.53, 5022
45658.14, 5021
45697.87, 5020
45702.72, 5019
45704.61, 5018
45724.72, 5017
45729.03, 5016
45743.06, 5015
45754.78, 5014
45756.68, 5013
45825.4, 5012
45831.93, 5011
45833.45, 5010
45835.16, 5009
45863.3, 5008
45909.46, 5007
45911.2, 5006
45912.99, 5005
45949.19, 5004
45955.09, 5003
45956.93, 5002
45979.24, 5001
45997.72, 5000
46007.39, 4999
46008.83, 4998
46010.74, 4997
46029.42, 4996
46040.21, 4995
46050.99, 4994
46103.55, 4993
46113.27, 4992
46115.45, 4991
46129.77, 4990
46141.81, 4989
46177.78, 4988
46191.95, 4987
46209.39, 4986
46215.75, 4985
46226.05, 4984
46242.62, 4983
46258.67, 4982
46270.97, 4981
46317.02, 4980
46333.89, 4979
46354.32, 4978
46366.45, 4977
46374.52, 4976
46376.35, 4975
46397.66, 4974
46409.17, 4973
46429.64, 4972
46441.94, 4971
46455.82, 4970
46493.07, 4969
46507.58, 4968
46520.69, 4967
46529.19, 4966
46540.14, 4965
46554.55, 4964
46564.72, 4963
46568.51, 4962
46600.58, 4961
46610.7, 4960
46622.13, 4959
46630.2, 4958
46639.63, 4957
46653.27, 4956
46663.35, 4955
46670.34, 4954
46676.69, 4953
46725.07, 4952
46725.16, 4951
46725.18, 4950
46740.87, 4949
46778.88, 4948
46778.94, 4947
46778.96, 4946
46802.68, 4945
46802.96, 4944
46802.98, 4943
46817.48, 4942
46822.76, 4941
46835.03, 4940
46867.97, 4939
46881.86, 4938
46896.92, 4937
46910.15, 4936
46925.55, 4935
46939.0, 4934
46947.65, 4933
46961.06, 4932
46968.46, 4931
46978.68, 4930
47010.18, 4929
47015.2, 4928
47022.95, 4927
47034.01, 4926
47046.22, 4925
47055.87, 4924
47065.3, 4923
47082.34, 4922
47089.89, 4921
47102.22, 4920
47149.34, 4919
47153.88, 4918
47157.71, 4917
47187.48, 4916
47197.41, 4915
47201.38, 4914
47205.02, 4913
47243.54, 4912
47245.39, 4911
47247.14, 4910
47249.39, 4909
47324.17, 4908
47327.93, 4907
47331.78, 4906
47335.64, 4905
47339.63, 4904
47387.69, 4903
47400.16, 4902
47401.99, 4901
47434.14, 4900
47435.68, 4899
47471.02, 4898
47494.1, 4897
47502.9, 4896
47505.15, 4895
47506.7, 4894
47527.47, 4893
47534.83, 4892
47569.96, 4891
47579.65, 4890
47637.07, 4889
47659.07, 4888
47663.18, 4887
47666.8, 4886
47670.82, 4885
47704.04, 4884
47713.02, 4883
47714.9, 4882
47716.72, 4881
47744.14, 4880
47761.51, 4879
47761.65, 4878
47800.47, 4877
47811.55, 4876
47827.06, 4875
47828.83, 4874
47840.98, 4873
47865.25, 4872
47871.47, 4871
47882.47, 4870
47892.01, 4869
47916.72, 4868
47925.78, 4867
47935.62, 4866
47965.11, 4865
47977.77, 4864
47979.67, 4863
48003.31, 4862
48020.16, 4861
48023.12, 4860
48023.72, 4859
48039.53, 4858
48077.04, 4857
48078.95, 4856
48081.19, 4855
48101.34, 4854
48109.7, 4853
48123.6, 4852
48226.68, 4851
48228.61, 4850
48230.82, 4849
48263.65, 4848
48265.46, 4847
48278.61, 4846
48292.16, 4845
48305.17, 4844
48320.11, 4843
48324.64, 4842
48364.86, 4841
48380.47, 4840
48431.46, 4839
48433.26, 4838
48435.09, 4837
48457.99, 4836
48469.56, 4835
48471.15, 4834
48472.94, 4833
48528.68, 4832
48532.82, 4831
48533.21, 4830
48569.64, 4829
48595.2, 4828
48598.96, 4827
48602.74, 4826
48620.59, 4825
48630.21, 4824
48648.42, 4823
48655.0, 4822
48665.65, 4821
48678.9, 4820
48709.39, 4819
48722.12, 4818
48724.3, 4817
48725.64, 4816
48758.61, 4815
48770.28, 4814
48772.79, 4813
48774.24, 4812
48809.26, 4811
48820.44, 4810
48845.71, 4809
48856.1, 4808
48869.61, 4807
48879.5, 4806
48897.46, 4805
48899.57, 4804
48918.49, 4803
48919.72, 4802
48930.89, 4801
49025.04, 4800
49032.39, 4799
49035.79, 4798
49039.6, 4797
49065.4, 4796
49083.38, 4795
49095.62, 4794
49105.68, 4793
49112.13, 4792
49123.1, 4791
49171.56, 4790
49175.8, 4789
49177.78, 4788
49179.49, 4787
49199.4, 4786
49201.29, 4785
49218.08, 4784
49226.32, 4783
49229.9, 4782
49259.01, 4781
49269.1, 4780
49270.81, 4779
49289.75, 4778
49327.47, 4777
49335.63, 4776
49381.55, 4775
49390.71, 4774
49394.3, 4773
49408.82, 4772
49417.95, 4771
49419.66, 4770
49435.38, 4769
49463.84, 4768
49470.47, 4767
49497.36, 4766
49520.01, 4765
49535.86, 4764
49536.99, 4763
49546.7, 4762
49557.45, 4761
49567.45, 4760
49586.71, 4759
49615.12, 4758
49646.55, 4757
49661.03, 4756
49671.81, 4755
49690.93, 4754
49705.64, 4753
49723.67, 4752
49732.07, 4751
49769.24, 4750
49774.94, 4749
49786.08, 4748
49799.71, 4747
49808.31, 4746
49820.88, 4745
49832.5, 4744
49834.31, 4743
49882.69, 4742
49902.56, 4741
49907.31, 4740
49911.41, 4739
49913.83, 4738
49944.77, 4737
49951.88, 4736
49953.66, 4735
49955.4, 4734
49965.51, 4733
49979.66, 4732
49989.34, 4731
50021.01, 4730
50029.6, 4729
50034.27, 4728
50045.83, 4727
50057.67, 4726
50061.45, 4725
50120.29, 4724
50132.11, 4723
50137.23, 4722
50139.01, 4721
50146.14, 4720
50157.05, 4719
50169.22, 4718
50177.56, 4717
50182.16, 4716
50224.59, 4715
50243.78, 4714
50244.43, 4713
50245.92, 4712
50260.02, 4711
50265.92, 4710
50274.23, 4709
50284.14, 4708
50291.5, 4707
50313.63, 4706
50325.97, 4705
50332.07, 4704
50357.31, 4703
50364.45, 4702
50366.38, 4701
50374.62, 4700
50382.3, 4699
50392.6, 4698
50414.27, 4697
50449.26, 4696
50479.97, 4695
50499.67, 4694
50520.0, 4693
50525.78, 4692
50541.27, 4691
50546.91, 4690
50564.07, 4689
50576.27, 4688
50581.9, 4687
50592.58, 4686
50602.7, 4685
50612.84, 4684
50624.34, 4683
50633.85, 4682
50648.27, 4681
50662.8, 4680
50679.1, 4679
50692.3, 4678
50741.31, 4677
50749.34, 4676
50766.5, 4675
50784.35, 4674
50803.97, 4673
50814.58, 4672
50827.86, 4671
50832.76, 4670
50844.13, 4669
50850.33, 4668
50913.89, 4667
50922.17, 4666
50933.07, 4665
50939.51, 4664
50952.8, 4663
50966.8, 4662
50994.38, 4661
51019.75, 4660
51030.22, 4659
51035.04, 4658
51048.5, 4657
51080.19, 4656
51086.16, 4655
51097.8, 4654
51108.19, 4653
51128.73, 4652
51139.87, 4651
51151.31, 4650
51167.63, 4649
51172.71, 4648
51179.95, 4647
51196.23, 4646
51220.39, 4645
51239.78, 4644
51253.6, 4643
51279.07, 4642
51291.39, 4641
51325.42, 4640
51333.46, 4639
51350.59, 4638
51360.98, 4637
51370.81, 4636
51380.17, 4635
51387.71, 4634
51400.92, 4633
51414.57, 4632
51425.61, 4631
51436.59, 4630
51440.79, 4629
51452.55, 4628
51466.08, 4627
51467.63, 4626
51480.81, 4625
51496.35, 4624
51535.77, 4623
51570.71, 4622
51585.82, 4621
51595.44, 4620
51613.33, 4619
51627.47, 4618
51649.99, 4617
51696.78, 4616
51704.16, 4615
51725.15, 4614
51733.49, 4613
51749.97, 4612
51766.97, 4611
51775.99, 4610
51779.51, 4609
51797.41, 4608
51803.56, 4607
51816.96, 4606
51824.56, 4605
51843.05, 4604
51877.92, 4603
51877.97, 4602
51877.98, 4601
51902.47, 4600
51902.58, 4599
51934.32, 4598
51961.65, 4597
51986.36, 4596
51992.31, 4595
51999.65, 4594
52021.74, 4593
52031.14, 4592
52068.38, 4591
52087.61, 4590
52113.23, 4589
52135.2, 4588
52146.34, 4587
52173.26, 4586
52181.64, 4585
52183.6, 4584
52200.79, 4583
52215.7, 4582
52224.34, 4581
52226.74, 4580
52286.2, 4579
52295.96, 4578
52313.77, 4577
52340.3, 4576
52350.6, 4575
52356.35, 4574
52382.08, 4573
52390.8, 4572
52402.42, 4571
52410.9, 4570
52424.59, 4569
52445.18, 4568
52465.46, 4567
52466.71, 4566
52480.79, 4565
52491.76, 4564
52507.87, 4563
52596.41, 4562
52611.78, 4561
52613.15, 4560
52614.81, 4559
52627.23, 4558
52651.69, 4557
52660.91, 4556
52679.6, 4555
52708.71, 4554
52712.32, 4553
52715.59, 4552
52741.42, 4551
52746.38, 4550
52748.15, 4549
52766.14, 4548
52777.42, 4547
52790.48, 4546
52858.52, 4545
52879.88, 4544
52881.35, 4543
52889.88, 4542
52926.84, 4541
52944.08, 4540
52945.46, 4539
52946.92, 4538
52980.04, 4537
52982.74, 4536
52982.84, 4535
53032.39, 4534
53052.97, 4533
53059.98, 4532
53061.26, 4531
53130.72, 4530
53136.1, 4529
53137.64, 4528
53151.37, 4527
53174.23, 4526
53175.57, 4525
53212.66, 4524
53263.71, 4523
53265.48, 4522
53267.48, 4521
53283.69, 4520
53308.13, 4519
53329.21, 4518
53333.02, 4517
53336.88, 4516
53379.27, 4515
53380.63, 4514
53382.4, 4513
53431.3, 4512
53432.82, 4511
53438.88, 4510
53439.0, 4509
53470.83, 4508
53512.26, 4507
53515.28, 4506
53518.88, 4505
53551.8, 4504
53574.15, 4503
53611.96, 4502
53628.69, 4501
53630.81, 4500
53632.4, 4499
53665.62, 4498
53667.49, 4497
53668.75, 4496
53709.15, 4495
53713.16, 4494
53719.15, 4493
53720.97, 4492
53747.3, 4491
53842.48, 4490
53880.92, 4489
53881.02, 4488
53908.04, 4487
53928.22, 4486
53929.69, 4485
53931.19, 4484
53952.38, 4483
53986.7, 4482
53996.26, 4481
53998.05, 4480
54021.01, 4479
54034.12, 4478
54039.5, 4477
54089.38, 4476
54110.95, 4475
54115.13, 4474
54129.56, 4473
54142.5, 4472
54148.93, 4471
54154.69, 4470
54169.13, 4469
54182.91, 4468
54212.82, 4467
54239.58, 4466
54250.07, 4465
54254.2, 4464
54267.13, 4463
54299.25, 4462
54309.59, 4461
54327.12, 4460
54336.2, 4459
54349.9, 4458
54384.91, 4457
54434.17, 4456
54445.4, 4455
54449.06, 4454
54462.58, 4453
54515.79, 4452
54525.5, 4451
54536.21, 4450
54561.03, 4449
54561.55, 4448
54575.23, 4447
54602.75, 4446
54609.31, 4445
54627.75, 4444
54643.38, 4443
54660.86, 4442
54667.88, 4441
54683.32, 4440
54696.05, 4439
54725.12, 4438
54733.38, 4437
54750.77, 4436
54765.2, 4435
54780.24, 4434
54843.27, 4433
54852.42, 4432
54880.88, 4431
54893.73, 4430
54909.57, 4429
54935.77, 4428
54949.34, 4427
54980.0, 4426
54995.7, 4425
55008.76, 4424
55033.08, 4423
55047.37, 4422
55062.46, 4421
55098.27, 4420
55112.02, 4419
55119.93, 4418
55136.27, 4417
55163.9, 4416
55178.12, 4415
55185.75, 4414
55200.46, 4413
55244.74, 4412
55286.27, 4411
55298.93, 4410
55302.83, 4409
55332.97, 4408
55353.67, 4407
55360.86, 4406
55377.31, 4405
55392.99, 4404
55416.04, 4403
55433.25, 4402
55463.67, 4401
55470.79, 4400
55479.45, 4399
55511.11, 4398
55546.75, 4397
55559.16, 4396
55575.3, 4395
55577.16, 4394
55617.16, 4393
55652.97, 4392
55665.33, 4391
55679.03, 4390
55696.11, 4389
55707.64, 4388
55719.14, 4387
55741.93, 4386
55780.01, 4385
55800.41, 4384
55810.98, 4383
55811.43, 4382
55827.5, 4381
55848.92, 4380
55882.89, 4379
55889.24, 4378
55907.43, 4377
55917.34, 4376
55950.83, 4375
55966.73, 4374
56007.24, 4373
56025.39, 4372
56054.39, 4371
56063.5, 4370
56077.15, 4369
56083.99, 4368
56100.49, 4367
56112.37, 4366
56119.17, 4365
56132.73, 4364
56145.9, 4363
56154.39, 4362
56169.19, 4361
56203.98, 4360
56222.79, 4359
56232.84, 4358
56242.33, 4357
56278.59, 4356
56300.04, 4355
56316.59, 4354
56340.43, 4353
56358.56, 4352
56367.38, 4351
56373.71, 4350
56401.23, 4349
56419.31, 4348
56423.34, 4347
56433.14, 4346
56449.0, 4345
56466.5, 4344
56501.22, 4343
56514.77, 4342
56535.98, 4341
56564.16, 4340
56586.64, 4339
56598.0, 4338
56641.14, 4337
56682.03, 4336
56687.98, 4335
56699.26, 4334
56709.54, 4333
56724.51, 4332
56736.88, 4331
56745.98, 4330
56770.91, 4329
56790.78, 4328
56796.34, 4327
56811.26, 4326
56815.75, 4325
56834.16, 4324
56853.86, 4323
56867.33, 4322
56878.95, 4321
56884.49, 4320
56887.05, 4319
56900.7, 4318
56922.6, 4317
56945.43, 4316
56957.33, 4315
56964.87, 4314
56978.51, 4313
56999.33, 4312
57009.88, 4311
57018.57, 4310
57028.66, 4309
57046.15, 4308
57057.68, 4307
57074.13, 4306
57075.44, 4305
57118.29, 4304
57126.72, 4303
57162.26, 4302
57164.85, 4301
57170.88, 4300
57204.81, 4299
57215.18, 4298
57229.73, 4297
57249.14, 4296
57252.15, 4295
57285.16, 4294
57294.7, 4293
57297.44, 4292
57345.61, 4291
57382.01, 4290
57383.38, 4289
57384.84, 4288
57403.17, 4287
57426.99, 4286
57438.87, 4285
57447.07, 4284
57461.04, 4283
57478.17, 4282
57487.36, 4281
57499.63, 4280
57517.15, 4279
57530.53, 4278
57543.79, 4277
57583.69, 4276
57605.64, 4275
57624.82, 4274
57642.22, 4273
57666.03, 4272
57684.0, 4271
57798.45, 4270
57801.95, 4269
57805.36, 4268
57808.84, 4267
57824.74, 4266
57846.92, 4265
57851.14, 4264
57852.35, 4263
57863.98, 4262
57877.99, 4261
57911.72, 4260
57927.46, 4259
57945.66, 4258
57958.49, 4257
57974.24, 4256
57983.32, 4255
57998.31, 4254
58013.04, 4253
58021.73, 4252
58041.95, 4251
58050.67, 4250
58086.33, 4249
58095.42, 4248
58134.58, 4247
58153.08, 4246
58166.22, 4245
58178.35, 4244
58203.75, 4243
58214.99, 4242
58230.9, 4241
58246.49, 4240
58260.26, 4239
58276.82, 4238
58283.84, 4237
58296.36, 4236
58323.72, 4235
58330.27, 4234
58379.47, 4233
58396.28, 4232
58410.0, 4231
58420.61, 4230
58431.62, 4229
58443.24, 4228
58498.04, 4227
58507.81, 4226
58517.27, 4225
58538.11, 4224
58554.34, 4223
58566.07, 4222
58579.04, 4221
58587.6, 4220
58602.43, 4219
58614.55, 4218
58633.73, 4217
58677.55, 4216
58686.08, 4215
58724.48, 4214
58737.64, 4213
58747.07, 4212
58768.42, 4211
58788.44, 4210
58796.71, 4209
58814.19, 4208
58822.36, 4207
58840.07, 4206
58857.11, 4205
58868.06, 4204
58886.61, 4203
58902.25, 4202
58913.23, 4201
58946.48, 4200
58963.24, 4199
58974.7, 4198
58991.03, 4197
59005.42, 4196
59018.04, 4195
59032.24, 4194
59053.1, 4193
59062.33, 4192
59070.2, 4191
59101.88, 4190
59111.55, 4189
59139.6, 4188
59150.45, 4187
59161.41, 4186
59172.33, 4185
59219.01, 4184
59233.91, 4183
59247.93, 4182
59265.62, 4181
59278.89, 4180
59310.07, 4179
59322.61, 4178
59332.72, 4177
59345.81, 4176
59359.18, 4175
59374.74, 4174
59416.74, 4173
59437.7, 4172
59452.05, 4171
59469.32, 4170
59483.0, 4169
59496.56, 4168
59513.07, 4167
59531.18, 4166
59547.08, 4165
59573.19, 4164
59579.77, 4163
59590.73, 4162
59600.64, 4161
59615.88, 4160
59641.29, 4159
59650.75, 4158
59679.21, 4157
59697.23, 4156
59712.44, 4155
59734.12, 4154
59757.8, 4153
59780.03, 4152
59790.28, 4151
59796.31, 4150
59809.63, 4149
59841.01, 4148
59869.78, 4147
59883.2, 4146
59896.7, 4145
59913.81, 4144
59929.27, 4143
59958.7, 4142
59967.02, 4141
59978.76, 4140
59995.31, 4139
60007.84, 4138
60055.47, 4137
60062.67, 4136
60082.33, 4135
60095.39, 4134
60104.3, 4133
60115.8, 4132
60134.86, 4131
60150.28, 4130
60162.07, 4129
60179.54, 4128
60197.58, 4127
60224.23, 4126
60240.69, 4125
60248.56, 4124
60259.47, 4123
60278.9, 4122
60341.01, 4121
60346.46, 4120
60358.5, 4119
60369.58, 4118
60391.73, 4117
60403.06, 4116
60429.41, 4115
60449.32, 4114
60466.57, 4113
60481.63, 4112
60521.56, 4111
60547.79, 4110
60565.67, 4109
60576.21, 4108
60585.37, 4107
60607.69, 4106
60617.32, 4105
60628.39, 4104
60653.05, 4103
60666.21, 4102
60679.93, 4101
60698.37, 4100
60716.07, 4099
60729.34, 4098
60741.8, 4097
60757.29, 4096
