5101.41, 8619
5103.37, 8592
5145.19, 8579
5158.1, 8552
5171.2, 8539
5173.45, 8512
5175.43, 8503
5177.21, 8490
5186.7, 8463
5193.97, 8457
5195.89, 8430
5204.67, 8407
5213.06, 8406
5214.89, 8384
5216.81, 8383
5228.5, 8379
5241.89, 8378
5243.92, 8376
5245.7, 8375
5247.52, 8374
5258.17, 8371
5264.64, 8370
5266.36, 8369
5312.49, 8352
5324.88, 8351
5326.91, 8347
5328.71, 8346
5337.84, 8344
5344.47, 8343
5404.23, 8342
5429.89, 8339
5441.84, 8338
5460.36, 8337
5467.5, 8333
5474.76, 8332
5476.69, 8330
5485.32, 8329
5494.72, 8328
5496.58, 8325
5498.34, 8324
5507.76, 8323
5517.03, 8315
5527.13, 8313
5529.02, 8310
5530.78, 8308
5603.56, 8307
5615.96, 8305
5623.91, 8304
5625.59, 8302
5627.36, 8300
5641.42, 8299
5653.46, 8296
5655.42, 8294
5657.25, 8293
5673.17, 8291
5709.79, 8290
5709.84, 8288
5709.84, 8286
5749.75, 8285
5754.27, 8283
5762.3, 8282
5766.01, 8280
5773.0, 8278
5865.82, 8277
5885.67, 8275
5895.52, 8274
5901.12, 8273
5901.16, 8272
5908.41, 8271
5948.8, 8269
5955.43, 8268
5957.82, 8266
5968.61, 8264
5972.58, 8263
5974.38, 8261
5985.43, 8260
6014.04, 8259
6020.88, 8256
6032.54, 8254
6034.34, 8253
6036.13, 8251
6045.4, 8250
6052.75, 8248
6054.59, 8246
6064.66, 8245
6066.25, 8244
6081.06, 8242
6081.34, 8240
6083.12, 8239
6087.77, 8237
6101.04, 8236
6108.67, 8234
6109.89, 8232
6111.16, 8231
6120.78, 8230
6126.31, 8229
6162.22, 8228
6171.46, 8226
6173.27, 8224
6180.73, 8223
6219.98, 8221
6227.16, 8220
6229.0, 8219
6230.79, 8218
6254.29, 8217
6314.46, 8215
6321.47, 8214
6323.59, 8212
6325.1, 8210
6353.87, 8209
6364.42, 8207
6386.23, 8206
6397.2, 8205
6406.84, 8204
6414.26, 8203
6421.24, 8202
6429.75, 8200
6431.55, 8198
6440.44, 8197
6500.31, 8196
6507.21, 8194
6508.79, 8192
6510.64, 8191
6554.44, 8189
6569.97, 8188
6571.84, 8187
6573.65, 8185
6607.94, 8184
6633.46, 8183
6640.54, 8182
6644.18, 8180
6646.1, 8178
6653.68, 8177
6660.61, 8175
6662.44, 8174
6726.82, 8173
6750.92, 8172
6759.04, 8171
6760.85, 8170
6762.72, 8169
6772.09, 8168
6779.06, 8167
6780.94, 8166
6790.17, 8165
6796.44, 8164
6798.35, 8163
6807.92, 8162
6809.65, 8161
6820.74, 8160
6827.82, 8159
6829.62, 8158
6840.9, 8157
6850.03, 8156
6851.85, 8155
6853.56, 8154
6864.37, 8153
6870.51, 8152
6873.04, 8151
6917.9, 8150
6938.48, 8149
6940.32, 8148
6996.51, 8147
7035.69, 8146
7045.59, 8145
7056.56, 8143
7058.36, 8141
7060.15, 8140
7115.21, 8139
7123.63, 8137
7125.49, 8135
7127.23, 8134
7136.3, 8132
7138.08, 8131
7146.44, 8130
7153.8, 8128
7160.41, 8127
7162.75, 8126
7188.35, 8125
7221.8, 8123
7235.18, 8121
7237.0, 8120
7238.75, 8118
7284.55, 8117
7336.55, 8116
7345.5, 8115
7347.36, 8114
7349.61, 8113
7351.55, 8112
7362.19, 8111
7372.85, 8110
7374.54, 8109
7376.21, 8108
7377.99, 8107
7391.45, 8106
7401.51, 8105
7403.22, 8104
7405.0, 8103
7406.82, 8102
7421.26, 8101
7433.79, 8100
7436.3, 8099
7437.42, 8098
7504.89, 8097
7514.99, 8096
7516.91, 8095
7518.6, 8094
7588.41, 8093
7597.12, 8092
7598.92, 8091
7608.15, 8090
7617.41, 8088
7638.35, 8086
7675.27, 8085
7683.53, 8083
7685.14, 8082
7686.95, 8081
7725.46, 8080
7757.83, 8079
7766.37, 8078
7767.24, 8077
7769.01, 8076
7770.83, 8075
7784.9, 8074
7792.33, 8073
7794.16, 8072
7827.89, 8071
7853.13, 8070
7854.05, 8069
7856.47, 8068
7857.73, 8067
7866.5, 8066
7872.51, 8065
7874.02, 8064
7883.93, 8063
7892.78, 8062
7894.44, 8061
7896.12, 8060
7903.29, 8059
7905.07, 8058
7919.03, 8057
7925.86, 8056
7927.62, 8055
7935.43, 8054
7945.82, 8053
7957.05, 8052
7958.83, 8051
7960.58, 8050
7991.27, 8049
8002.69, 8048
8004.4, 8047
8033.5, 8046
8075.08, 8045
8082.85, 8044
8084.67, 8043
8108.88, 8042
8125.57, 8041
8127.32, 8040
8136.34, 8039
8144.87, 8038
8146.74, 8037
8161.74, 8036
8214.42, 8035
8221.83, 8034
8223.69, 8033
8235.36, 8032
8243.43, 8031
8245.24, 8030
8247.02, 8029
8258.38, 8028
8264.23, 8027
8266.04, 8026
8267.84, 8025
8278.7, 8024
8301.1, 8023
8328.59, 8022
8336.98, 8021
8339.11, 8020
8340.93, 8019
8354.28, 8018
8411.42, 8017
8423.91, 8016
8432.72, 8015
8434.39, 8014
8436.14, 8013
8444.68, 8012
8452.93, 8011
8461.2, 8010
8462.83, 8009
8464.63, 8008
8487.33, 8007
8511.03, 8006
8544.92, 8005
8556.11, 8004
8557.94, 8003
8559.7, 8002
8568.78, 8001
8570.59, 8000
8578.63, 7999
8586.26, 7998
8588.09, 7997
8674.76, 7996
8699.52, 7995
8704.87, 7994
8706.76, 7993
8716.91, 7992
8723.11, 7991
8771.72, 7990
8787.74, 7989
8799.48, 7988
8801.32, 7987
8803.07, 7986
8842.34, 7985
8851.19, 7984
8853.01, 7983
8854.75, 7982
8865.29, 7981
8872.15, 7980
8874.07, 7979
8875.74, 7978
8878.67, 7977
8894.09, 7976
8904.32, 7975
8906.77, 7974
8907.89, 7973
8909.62, 7972
8923.54, 7971
8933.77, 7970
8935.61, 7969
8937.59, 7968
8984.82, 7967
9007.84, 7966
9020.35, 7965
9023.19, 7964
9023.87, 7963
9087.04, 7962
9112.73, 7961
9120.89, 7960
9122.86, 7959
9131.28, 7958
9138.03, 7957
9145.48, 7956
9152.24, 7955
9166.4, 7954
9188.71, 7953
9201.4, 7952
9203.23, 7951
9204.95, 7950
9226.18, 7949
9250.07, 7948
9256.56, 7947
9257.81, 7946
9283.56, 7945
9290.09, 7944
9299.88, 7943
9305.34, 7942
9316.0, 7941
9333.5, 7940
9336.34, 7939
9338.17, 7938
9382.36, 7937
9399.37, 7936
9406.62, 7935
9407.95, 7934
9417.1, 7933
9428.29, 7932
9430.1, 7931
9431.86, 7930
9434.98, 7929
9444.22, 7928
9454.01, 7927
9467.66, 7926
9502.98, 7925
9510.5, 7924
9517.81, 7923
9519.56, 7922
9530.07, 7921
9536.93, 7920
9550.38, 7919
9578.51, 7918
9585.2, 7917
9587.05, 7916
9594.85, 7915
9596.6, 7914
9606.9, 7913
9612.44, 7912
9614.26, 7911
9624.11, 7910
9629.7, 7909
9631.04, 7908
9681.76, 7907
9703.11, 7906
9716.98, 7905
9719.06, 7904
9720.59, 7903
9737.29, 7902
9756.33, 7901
9763.16, 7900
9765.12, 7899
9976.64, 7898
9978.4, 7897
9980.33, 7896
10000.8, 7895
10009.86, 7894
10011.67, 7893
10014.02, 7892
10042.18, 7891
10068.31, 7890
10074.09, 7889
10074.12, 7888
10079.51, 7887
10086.06, 7886
10087.85, 7885
10104.4, 7884
10111.11, 7883
10112.86, 7882
10114.62, 7881
10116.38, 7880
10136.51, 7879
10156.86, 7878
10168.94, 7877
10170.76, 7876
10192.06, 7875
10209.72, 7874
10211.35, 7873
10213.01, 7872
10214.79, 7871
10224.68, 7870
10234.03, 7869
10239.37, 7868
10239.4, 7867
10239.4, 7866
10253.0, 7865
10265.04, 7864
10266.67, 7863
10268.39, 7862
10303.98, 7861
10333.08, 7860
10349.44, 7859
10359.56, 7858
10361.35, 7857
10363.18, 7856
10378.85, 7855
10402.21, 7854
10413.89, 7853
10420.09, 7852
10421.99, 7851
10439.37, 7850
10456.37, 7849
10466.96, 7848
10468.75, 7847
10470.47, 7846
10494.27, 7845
10534.22, 7844
10543.77, 7843
10558.79, 7842
10600.08, 7841
10610.81, 7840
10612.65, 7839
10614.33, 7838
10641.24, 7837
10660.05, 7836
10666.74, 7835
10668.39, 7834
10676.46, 7833
10682.52, 7832
10684.25, 7831
10691.73, 7830
10698.99, 7829
10700.88, 7828
10709.28, 7827
10719.91, 7826
10721.67, 7825
10728.78, 7824
10739.75, 7823
10740.74, 7822
10749.66, 7821
10760.24, 7820
10762.02, 7819
10763.73, 7818
10841.57, 7817
10849.12, 7816
10850.9, 7815
10852.58, 7814
10854.3, 7813
10866.93, 7812
10874.07, 7811
10892.1, 7810
10910.09, 7809
10932.54, 7808
10944.64, 7807
10947.57, 7806
10963.73, 7805
10973.14, 7804
10974.91, 7803
10976.64, 7802
11049.39, 7801
11056.47, 7800
11058.31, 7799
11060.11, 7798
11073.41, 7797
11078.7, 7796
11081.38, 7795
11095.28, 7794
11105.02, 7793
11106.77, 7792
11108.48, 7791
11110.23, 7790
11121.74, 7789
11135.93, 7788
11154.0, 7787
11172.6, 7786
11190.63, 7785
11249.76, 7784
11251.5, 7783
11253.59, 7782
11264.72, 7781
11275.64, 7780
11285.05, 7779
11286.86, 7778
11288.64, 7777
11307.9, 7776
11315.19, 7775
11316.98, 7774
11318.69, 7773
11331.24, 7772
11339.84, 7771
11341.2, 7770
11342.97, 7769
11410.25, 7768
11437.79, 7767
11447.86, 7766
11449.54, 7765
11478.18, 7764
11539.74, 7763
11545.03, 7762
11547.23, 7761
11554.5, 7760
11567.8, 7759
11569.53, 7758
11571.26, 7757
11581.57, 7756
11609.05, 7755
11618.24, 7754
11620.04, 7753
11622.05, 7752
11623.55, 7751
11641.03, 7750
11650.14, 7749
11658.57, 7748
11660.36, 7747
11662.13, 7746
11675.16, 7745
11683.54, 7744
11685.29, 7743
11687.09, 7742
11714.28, 7741
11754.9, 7740
11766.84, 7739
11768.64, 7738
11775.84, 7737
11786.69, 7736
11788.62, 7735
11790.27, 7734
11816.89, 7733
11841.64, 7732
11843.42, 7731
11845.2, 7730
11869.97, 7729
11877.95, 7728
11894.96, 7727
11897.73, 7726
11931.27, 7725
11952.8, 7724
11960.39, 7723
11962.17, 7722
11964.12, 7721
11965.7, 7720
11981.42, 7719
11983.1, 7718
12037.62, 7717
12086.47, 7716
12093.21, 7715
12095.01, 7714
12176.99, 7713
12213.76, 7712
12221.03, 7711
12222.74, 7710
12229.3, 7709
12235.75, 7708
12237.52, 7707
12246.49, 7706
12266.15, 7705
12294.69, 7704
12301.62, 7703
12313.14, 7702
12334.01, 7701
12341.96, 7700
12343.75, 7699
12345.45, 7698
12353.18, 7697
12359.87, 7696
12361.63, 7695
12377.66, 7694
12403.9, 7693
12419.03, 7692
12436.64, 7691
12447.53, 7690
12454.55, 7689
12473.11, 7688
12490.76, 7687
12508.75, 7686
12529.03, 7685
12536.2, 7684
12537.97, 7683
12548.03, 7682
12555.32, 7681
12557.09, 7680
12558.86, 7679
12569.22, 7678
12583.72, 7677
12591.71, 7676
12593.45, 7675
12595.31, 7674
12608.79, 7673
12615.29, 7672
12633.84, 7671
12651.91, 7670
12669.6, 7669
12687.71, 7668
12705.62, 7667
12723.63, 7666
12741.89, 7665
12760.2, 7664
12853.73, 7663
12867.54, 7662
12869.4, 7661
12872.41, 7660
12886.33, 7659
12894.7, 7658
12914.51, 7657
12923.35, 7656
12929.27, 7655
12930.8, 7654
12936.99, 7653
12940.75, 7652
12947.58, 7651
12953.44, 7650
12971.42, 7649
12989.48, 7648
13008.44, 7647
13041.97, 7646
13069.55, 7645
13076.65, 7644
13078.44, 7643
13080.74, 7642
13098.48, 7641
13110.76, 7640
13117.24, 7639
13118.99, 7638
13128.3, 7637
13166.98, 7636
13172.14, 7635
13183.84, 7634
13250.6, 7633
13250.65, 7632
13294.74, 7631
13312.99, 7630
13320.79, 7629
13323.04, 7628
13324.42, 7627
13336.47, 7626
13343.03, 7625
13344.78, 7624
13346.67, 7623
13358.73, 7622
13365.72, 7621
13367.48, 7620
13369.24, 7619
13383.61, 7618
13385.4, 7617
13387.19, 7616
13410.92, 7615
13412.62, 7614
13415.69, 7613
13452.33, 7612
13475.4, 7611
13487.89, 7610
13490.19, 7609
13508.32, 7608
13526.23, 7607
13571.35, 7606
13592.88, 7605
13621.05, 7604
13627.73, 7603
13630.77, 7602
13652.3, 7601
13726.26, 7600
13733.98, 7599
13735.81, 7598
13745.73, 7597
13750.64, 7596
13801.24, 7595
13811.08, 7594
13812.81, 7593
13814.55, 7592
13816.32, 7591
13827.13, 7590
13834.82, 7589
13836.61, 7588
13838.34, 7587
13852.99, 7586
13854.66, 7585
13922.45, 7584
13932.0, 7583
13938.25, 7582
13982.94, 7581
14005.22, 7580
14031.91, 7579
14037.97, 7578
14039.74, 7577
14098.54, 7576
14117.53, 7575
14124.21, 7574
14156.55, 7573
14167.27, 7572
14173.9, 7571
14175.61, 7570
14186.74, 7569
14193.92, 7568
14211.93, 7567
14234.83, 7566
14239.71, 7565
14246.36, 7564
14262.28, 7563
14265.71, 7562
14291.93, 7561
14301.18, 7560
14302.97, 7559
14360.48, 7558
14370.01, 7557
14377.81, 7556
14394.85, 7555
14412.29, 7554
14444.64, 7553
14461.4, 7552
14480.84, 7551
14488.14, 7550
14489.95, 7549
14531.85, 7548
14545.14, 7547
14554.05, 7546
14555.95, 7545
14557.61, 7544
14567.05, 7543
14575.39, 7542
14577.14, 7541
14578.98, 7540
14596.22, 7539
14604.93, 7538
14606.71, 7537
14608.89, 7536
14660.71, 7535
14685.12, 7534
14693.75, 7533
14695.56, 7532
14697.31, 7531
14703.5, 7530
14727.12, 7529
14727.22, 7528
14727.24, 7527
14736.79, 7526
14743.87, 7525
14745.53, 7524
14749.04, 7523
14758.69, 7522
14771.41, 7521
14773.35, 7520
14774.96, 7519
14857.62, 7518
14897.19, 7517
14903.26, 7516
14967.61, 7515
14991.15, 7514
15000.71, 7513
15002.51, 7512
15004.27, 7511
15013.61, 7510
15021.62, 7509
15023.41, 7508
15030.76, 7507
15037.36, 7506
15039.35, 7505
15048.17, 7504
15056.52, 7503
15057.46, 7502
15064.61, 7501
15071.35, 7500
15073.13, 7499
15083.68, 7498
15091.55, 7497
15093.3, 7496
15116.02, 7495
15117.81, 7494
15147.73, 7493
15220.44, 7492
15230.46, 7491
15232.26, 7490
15298.15, 7489
15307.77, 7488
15309.58, 7487
15311.34, 7486
15370.95, 7485
15378.92, 7484
15387.79, 7483
15389.76, 7482
15420.39, 7481
15424.3, 7480
15432.98, 7479
15438.66, 7478
15440.41, 7477
15450.32, 7476
15461.84, 7475
15463.63, 7474
15465.41, 7473
15480.27, 7472
15487.8, 7471
15498.34, 7470
15508.07, 7469
15545.96, 7468
15575.37, 7467
15581.12, 7466
15582.83, 7465
15587.86, 7464
15610.66, 7463
15628.18, 7462
15636.38, 7461
15637.58, 7460
15639.82, 7459
15650.85, 7458
15657.94, 7457
15659.71, 7456
15692.58, 7455
15704.4, 7454
15706.36, 7453
15707.92, 7452
15709.83, 7451
15734.38, 7450
15744.19, 7449
15751.76, 7448
15769.91, 7447
15787.93, 7446
15806.46, 7445
15824.53, 7444
15842.82, 7443
15861.06, 7442
15883.82, 7441
15890.82, 7440
15892.6, 7439
15894.44, 7438
15908.66, 7437
15932.24, 7436
15949.46, 7435
15951.24, 7434
15953.07, 7433
15984.08, 7432
16005.26, 7431
16013.59, 7430
16054.95, 7429
16064.33, 7428
16064.43, 7427
16079.5, 7426
16088.62, 7425
16091.35, 7424
16116.71, 7423
16124.1, 7422
16125.63, 7421
16188.05, 7420
16195.64, 7419
16201.55, 7418
16203.31, 7417
16229.2, 7416
16237.65, 7415
16239.42, 7414
16254.34, 7413
16294.72, 7412
16318.92, 7411
16326.81, 7410
16328.58, 7409
16330.37, 7408
16355.24, 7407
16362.7, 7406
16364.47, 7405
16372.88, 7404
16378.36, 7403
16380.24, 7402
16388.51, 7401
16395.23, 7400
16396.97, 7399
16404.97, 7398
16412.67, 7397
16414.3, 7396
16423.8, 7395
16430.81, 7394
16432.69, 7393
16441.21, 7392
16446.89, 7391
16448.65, 7390
16459.39, 7389
16467.53, 7388
16469.34, 7387
16503.66, 7386
16511.38, 7385
16513.17, 7384
16515.06, 7383
16552.33, 7382
16559.18, 7381
16560.92, 7380
16610.2, 7379
16617.71, 7378
16619.6, 7377
16628.8, 7376
16635.43, 7375
16636.62, 7374
16638.54, 7373
16656.28, 7372
16665.36, 7371
16667.36, 7370
16668.76, 7369
16670.52, 7368
16688.0, 7367
16689.95, 7366
16691.54, 7365
16693.28, 7364
16720.94, 7363
16722.93, 7362
16794.55, 7361
16846.18, 7360
16876.16, 7359
16881.9, 7358
16883.71, 7357
16893.6, 7356
16901.7, 7355
16903.46, 7354
16910.5, 7353
16918.59, 7352
16920.45, 7351
16922.2, 7350
16933.68, 7349
16940.38, 7348
16958.45, 7347
16988.02, 7346
16994.74, 7345
16996.46, 7344
17013.11, 7343
17018.89, 7342
17020.06, 7341
17021.91, 7340
17039.79, 7339
17044.87, 7338
17046.88, 7337
17062.21, 7336
17075.72, 7335
17076.83, 7334
17178.66, 7333
17187.49, 7332
17237.04, 7331
17243.35, 7330
17245.12, 7329
17253.4, 7328
17263.76, 7327
17281.76, 7326
17299.79, 7325
17317.74, 7324
17333.01, 7323
17366.74, 7322
17372.79, 7321
17374.28, 7320
17384.85, 7319
17398.15, 7318
17511.91, 7317
17526.82, 7316
17536.43, 7315
17538.12, 7314
17539.94, 7313
17566.9, 7312
17574.97, 7311
17582.52, 7310
17584.24, 7309
17602.92, 7308
17612.99, 7307
17618.47, 7306
17620.21, 7305
17671.63, 7304
17678.9, 7303
17681.52, 7302
17703.55, 7301
17723.55, 7300
17731.14, 7299
17732.96, 7298
17736.95, 7297
17745.53, 7296
17748.48, 7295
17761.74, 7294
17794.45, 7293
17801.68, 7292
17803.46, 7291
17812.31, 7290
17818.86, 7289
17836.86, 7288
17854.83, 7287
17872.83, 7286
17891.03, 7285
17909.24, 7284
17932.4, 7283
17934.13, 7282
17935.87, 7281
17958.23, 7280
17968.24, 7279
17970.02, 7278
17971.93, 7277
17985.0, 7276
17995.49, 7275
17997.27, 7274
17999.04, 7273
18037.65, 7272
18065.52, 7271
18071.37, 7270
18075.57, 7269
18075.61, 7268
18076.68, 7267
18150.63, 7266
18156.52, 7265
18158.18, 7264
18168.99, 7263
18176.33, 7262
18178.11, 7261
18203.96, 7260
18211.12, 7259
18213.02, 7258
18214.58, 7257
18216.51, 7256
18227.96, 7255
18235.56, 7254
18253.53, 7253
18271.46, 7252
18289.44, 7251
18307.64, 7250
18325.83, 7249
18344.29, 7248
18362.67, 7247
18380.74, 7246
18398.93, 7245
18416.79, 7244
18450.6, 7243
18475.0, 7242
18494.67, 7241
18510.65, 7240
18528.62, 7239
18546.99, 7238
18565.11, 7237
18583.36, 7236
18601.57, 7235
18643.45, 7234
18652.27, 7233
18667.42, 7232
18674.05, 7231
18681.2, 7230
18682.93, 7229
18684.66, 7228
18708.12, 7227
18714.1, 7226
18715.88, 7225
18717.61, 7224
18753.3, 7223
18787.69, 7222
18789.55, 7221
18791.21, 7220
18810.35, 7219
18819.51, 7218
18821.28, 7217
18822.89, 7216
18824.61, 7215
18833.5, 7214
18844.48, 7213
18870.7, 7212
18872.76, 7211
18874.19, 7210
18887.73, 7209
18895.25, 7208
18897.04, 7207
18898.8, 7206
18907.16, 7205
18916.39, 7204
18918.22, 7203
18919.93, 7202
18934.69, 7201
18941.99, 7200
18943.77, 7199
18945.55, 7198
18956.64, 7197
18959.46, 7196
18965.7, 7195
18976.63, 7194
18981.47, 7193
18987.57, 7192
19007.94, 7191
19009.63, 7190
19031.85, 7189
19037.68, 7188
19039.33, 7187
19061.46, 7186
19084.91, 7185
19092.53, 7184
19094.7, 7183
19099.45, 7182
19118.79, 7181
19124.81, 7180
19182.97, 7179
19189.77, 7178
19190.93, 7177
19218.89, 7176
19220.64, 7175
19232.57, 7174
19238.03, 7173
19244.6, 7172
19328.16, 7171
19338.87, 7170
19349.92, 7169
19368.97, 7168
19375.52, 7167
19379.04, 7166
19379.06, 7165
19403.23, 7164
19411.02, 7163
19412.76, 7162
19414.49, 7161
19426.44, 7160
19433.49, 7159
19435.24, 7158
19444.08, 7157
19452.11, 7156
19469.06, 7155
19476.16, 7154
19477.89, 7153
19501.93, 7152
19510.09, 7151
19511.88, 7150
19550.25, 7149
19573.33, 7148
19579.33, 7147
19581.02, 7146
19597.42, 7145
19632.31, 7144
19634.74, 7143
19644.39, 7142
19650.64, 7141
19656.76, 7140
19665.81, 7139
19673.23, 7138
19675.01, 7137
19684.93, 7136
19691.54, 7135
19706.52, 7134
19712.18, 7133
19713.96, 7132
19726.24, 7131
19735.21, 7130
19777.86, 7129
19786.5, 7128
19788.25, 7127
19832.57, 7126
19855.62, 7125
19863.56, 7124
19887.65, 7123
19892.94, 7122
19894.69, 7121
19896.35, 7120
19898.89, 7119
19910.76, 7118
19919.12, 7117
19920.9, 7116
19929.88, 7115
19936.69, 7114
19938.48, 7113
19960.2, 7112
19966.81, 7111
19968.56, 7110
19981.12, 7109
19988.12, 7108
19990.03, 7107
20046.11, 7106
20052.84, 7105
20054.53, 7104
20065.36, 7103
20071.23, 7102
20081.91, 7101
20092.2, 7100
20094.11, 7099
20095.88, 7098
20104.9, 7097
20117.4, 7096
20119.17, 7095
20141.08, 7094
20149.79, 7093
20151.51, 7092
20167.45, 7091
20174.09, 7090
20177.73, 7089
20177.76, 7088
20187.11, 7087
20193.38, 7086
20211.4, 7085
20229.34, 7084
20251.24, 7083
20259.79, 7082
20274.12, 7081
20286.14, 7080
20389.61, 7079
20396.88, 7078
20412.91, 7077
20420.68, 7076
20422.63, 7075
20434.65, 7074
20442.91, 7073
20444.67, 7072
20446.42, 7071
20460.95, 7070
20469.22, 7069
20470.97, 7068
20473.03, 7067
20526.87, 7066
20536.65, 7065
20543.44, 7064
20570.65, 7063
20577.42, 7062
20595.42, 7061
20613.8, 7060
20636.19, 7059
20647.32, 7058
20649.16, 7057
20660.87, 7056
20675.16, 7055
20684.26, 7054
20691.11, 7053
20692.85, 7052
20714.14, 7051
20715.93, 7050
20717.64, 7049
20740.7, 7048
20771.21, 7047
20779.79, 7046
20791.56, 7045
20799.4, 7044
20801.17, 7043
20824.15, 7042
20833.65, 7041
20841.1, 7040
20842.86, 7039
20896.4, 7038
20908.78, 7037
20915.71, 7036
20917.49, 7035
20920.32, 7034
20933.34, 7033
20938.53, 7032
20956.51, 7031
20974.39, 7030
21006.36, 7029
21012.26, 7028
21013.89, 7027
21068.04, 7026
21092.97, 7025
21111.77, 7024
21122.67, 7023
21124.46, 7022
21126.21, 7021
21152.46, 7020
21162.13, 7019
21165.67, 7018
21177.64, 7017
21184.49, 7016
21202.48, 7015
21220.44, 7014
21239.26, 7013
21244.48, 7012
21246.46, 7011
21269.86, 7010
21293.06, 7009
21318.33, 7008
21325.72, 7007
21327.49, 7006
21337.72, 7005
21344.41, 7004
21356.57, 7003
21363.43, 7002
21381.1, 7001
21403.8, 7000
21419.51, 6999
21444.64, 6998
21453.48, 6997
21471.49, 6996
21489.95, 6995
21507.78, 6994
21531.85, 6993
21533.59, 6992
21541.83, 6991
21547.97, 6990
21566.18, 6989
21621.03, 6988
21642.11, 6987
21643.93, 6986
21649.24, 6985
21667.55, 6984
21728.43, 6983
21738.57, 6982
21740.39, 6981
21742.15, 6980
21751.52, 6979
21759.67, 6978
21761.32, 6977
21777.27, 6976
21783.97, 6975
21785.69, 6974
21787.41, 6973
21789.54, 6972
21809.21, 6971
21816.39, 6970
21818.04, 6969
21828.13, 6968
21917.65, 6967
21925.13, 6966
21926.9, 6965
21928.71, 6964
21930.48, 6963
21942.92, 6962
21949.93, 6961
21951.55, 6960
21960.15, 6959
21967.52, 6958
21974.69, 6957
21998.59, 6956
22005.57, 6955
22007.36, 6954
22018.18, 6953
22029.66, 6952
22031.53, 6951
22033.21, 6950
22139.71, 6949
22145.19, 6948
22147.02, 6947
22165.82, 6946
22175.15, 6945
22176.89, 6944
22184.98, 6943
22189.29, 6942
22209.31, 6941
22217.05, 6940
22218.84, 6939
22237.49, 6938
22239.62, 6937
22240.93, 6936
22339.38, 6935
22345.5, 6934
22347.27, 6933
22357.81, 6932
22364.09, 6931
22365.83, 6930
22387.37, 6929
22394.22, 6928
22395.86, 6927
22406.58, 6926
22413.44, 6925
22423.61, 6924
22431.1, 6923
22435.66, 6922
22443.52, 6921
22454.43, 6920
22475.4, 6919
22493.43, 6918
22534.04, 6917
22591.36, 6916
22601.54, 6915
22652.04, 6914
22665.59, 6913
22669.84, 6912
22677.89, 6911
22709.98, 6910
22718.5, 6909
22720.26, 6908
22736.31, 6907
22745.45, 6906
22747.27, 6905
22769.98, 6904
22777.87, 6903
22779.63, 6902
22847.45, 6901
22855.59, 6900
22857.08, 6899
22858.84, 6898
22870.0, 6897
22875.82, 6896
22885.07, 6895
22903.27, 6894
22910.02, 6893
22911.81, 6892
22923.08, 6891
22931.92, 6890
22933.74, 6889
22935.45, 6888
22947.59, 6887
22955.17, 6886
22957.16, 6885
22974.96, 6884
22988.95, 6883
22990.82, 6882
23037.53, 6881
23045.53, 6880
23047.34, 6879
23058.22, 6878
23065.86, 6877
23076.24, 6876
23082.58, 6875
23089.54, 6874
23095.3, 6873
23097.1, 6872
23108.69, 6871
23120.35, 6870
23122.09, 6869
23124.15, 6868
23129.25, 6867
23156.05, 6866
23162.67, 6865
23164.47, 6864
23167.91, 6863
23178.59, 6862
23192.82, 6861
23193.69, 6860
23195.53, 6859
23223.14, 6858
23232.48, 6857
23232.58, 6856
23294.9, 6855
23343.43, 6854
23356.99, 6853
23423.46, 6852
23441.25, 6851
23449.93, 6850
23451.61, 6849
23453.39, 6848
23463.55, 6847
23470.13, 6846
23471.95, 6845
23488.05, 6844
23495.07, 6843
23496.79, 6842
23520.44, 6841
23541.03, 6840
23566.83, 6839
23573.0, 6838
23574.68, 6837
23587.98, 6836
23597.39, 6835
23606.44, 6834
23619.69, 6833
23626.3, 6832
23628.06, 6831
23640.91, 6830
23647.77, 6829
23664.39, 6828
23666.17, 6827
23667.88, 6826
23685.19, 6825
23685.3, 6824
23686.44, 6823
23703.84, 6822
23705.66, 6821
23718.15, 6820
23725.61, 6819
23727.32, 6818
23738.18, 6817
23746.05, 6816
23747.65, 6815
23768.28, 6814
23786.35, 6813
23804.32, 6812
23876.62, 6811
23899.06, 6810
23907.43, 6809
23909.01, 6808
23941.11, 6807
23948.93, 6806
23950.73, 6805
23952.51, 6804
24010.39, 6803
24022.91, 6802
24024.59, 6801
24026.28, 6800
24041.27, 6799
24052.99, 6798
24054.78, 6797
24056.55, 6796
24058.3, 6795
24071.75, 6794
24074.18, 6793
24103.85, 6792
24136.93, 6791
24140.28, 6790
24164.14, 6789
24173.97, 6788
24175.75, 6787
24177.56, 6786
24191.55, 6785
24200.03, 6784
24201.82, 6783
24218.08, 6782
24232.64, 6781
24234.39, 6780
24236.13, 6779
24238.66, 6778
24251.43, 6777
24258.32, 6776
24260.07, 6775
24278.93, 6774
24338.36, 6773
24356.22, 6772
24364.72, 6771
24395.58, 6770
24401.41, 6769
24503.98, 6768
24510.82, 6767
24537.75, 6766
24547.43, 6765
24555.11, 6764
24557.38, 6763
24563.38, 6762
24572.86, 6761
24580.73, 6760
24586.35, 6759
24594.4, 6758
24600.71, 6757
24608.53, 6756
24618.65, 6755
24625.92, 6754
24643.9, 6753
24661.41, 6752
24663.45, 6751
24730.84, 6750
24757.79, 6749
24763.42, 6748
24769.79, 6747
24783.56, 6746
24788.92, 6745
24792.14, 6744
24804.49, 6743
24810.58, 6742
24812.54, 6741
24870.1, 6740
24878.02, 6739
24879.82, 6738
24881.59, 6737
24985.57, 6736
24987.42, 6735
24989.18, 6734
24997.33, 6733
25008.28, 6732
25014.72, 6731
25016.43, 6730
25037.49, 6729
25051.24, 6728
25076.16, 6727
25091.95, 6726
25093.73, 6725
25133.24, 6724
25168.09, 6723
25175.59, 6722
25177.36, 6721
25186.79, 6720
25195.58, 6719
25197.49, 6718
25222.65, 6717
25228.72, 6716
25230.51, 6715
25240.67, 6714
25246.41, 6713
25248.19, 6712
25260.01, 6711
25267.4, 6710
25277.06, 6709
25286.05, 6708
25303.97, 6707
25321.88, 6706
25339.81, 6705
25358.1, 6704
25377.1, 6703
25384.79, 6702
25395.59, 6701
25405.81, 6700
25420.45, 6699
25433.34, 6698
25441.65, 6697
25443.32, 6696
25445.04, 6695
25456.51, 6694
25470.68, 6693
25480.27, 6692
25498.22, 6691
25532.31, 6690
25534.11, 6689
25535.85, 6688
25552.68, 6687
25559.15, 6686
25560.87, 6685
25562.61, 6684
25581.36, 6683
25587.93, 6682
25589.63, 6681
25607.4, 6680
25612.56, 6679
25614.24, 6678
25616.02, 6677
25628.39, 6676
25636.54, 6675
25638.41, 6674
25649.84, 6673
25652.31, 6672
25667.59, 6671
25675.13, 6670
25676.9, 6669
25710.01, 6668
25736.83, 6667
25744.21, 6666
25745.96, 6665
25750.32, 6664
25767.67, 6663
25775.38, 6662
25777.17, 6661
25790.2, 6660
25796.21, 6659
25797.89, 6658
25803.16, 6657
25813.99, 6656
25820.96, 6655
25828.35, 6654
25871.11, 6653
25919.51, 6652
25933.69, 6651
25957.35, 6650
25975.73, 6649
25993.18, 6648
26010.02, 6647
26016.51, 6646
26040.47, 6645
26045.27, 6644
26074.12, 6643
26082.26, 6642
26110.23, 6641
26128.15, 6640
26130.07, 6639
26131.67, 6638
26182.22, 6637
26194.38, 6636
26202.3, 6635
26205.54, 6634
26232.14, 6633
26263.76, 6632
26273.7, 6631
26275.36, 6630
26287.0, 6629
26309.25, 6628
26318.94, 6627
26325.65, 6626
26336.22, 6625
26343.34, 6624
26345.16, 6623
26361.74, 6622
26363.48, 6621
26374.15, 6620
26387.58, 6619
26395.9, 6618
26397.44, 6617
26406.5, 6616
26415.2, 6615
26422.6, 6614
26425.24, 6613
26436.82, 6612
26444.78, 6611
26446.72, 6610
26464.18, 6609
26471.82, 6608
26473.65, 6607
26484.99, 6606
26495.06, 6605
26513.07, 6604
26531.04, 6603
26549.01, 6602
26567.19, 6601
26584.17, 6600
26586.71, 6599
26591.46, 6598
26601.4, 6597
26613.83, 6596
26621.7, 6595
26623.53, 6594
26634.41, 6593
26645.42, 6592
26647.19, 6591
26654.35, 6590
26676.46, 6589
26701.61, 6588
26714.11, 6587
26715.9, 6586
26723.78, 6585
26732.82, 6584
26738.94, 6583
26745.39, 6582
26752.08, 6581
26762.21, 6580
26771.3, 6579
26773.07, 6578
26785.12, 6577
26792.11, 6576
26793.91, 6575
26811.55, 6574
26827.65, 6573
26829.41, 6572
26831.17, 6571
26843.06, 6570
26851.43, 6569
26853.26, 6568
26945.23, 6567
26954.64, 6566
26971.13, 6565
26978.79, 6564
26980.59, 6563
26993.24, 6562
27002.45, 6561
27009.92, 6560
27020.02, 6559
27038.1, 6558
27050.12, 6557
27057.75, 6556
27070.99, 6555
27112.13, 6554
27133.63, 6553
27141.65, 6552
27143.43, 6551
27145.19, 6550
27166.65, 6549
27173.4, 6548
27175.14, 6547
27176.86, 6546
27190.48, 6545
27197.86, 6544
27199.94, 6543
27208.25, 6542
27224.83, 6541
27229.44, 6540
27237.15, 6539
27244.59, 6538
27249.45, 6537
27258.58, 6536
27269.64, 6535
27271.4, 6534
27296.06, 6533
27323.71, 6532
27332.16, 6531
27390.39, 6530
27397.26, 6529
27400.84, 6528
27413.93, 6527
27419.92, 6526
27424.78, 6525
27435.01, 6524
27441.27, 6523
27452.38, 6522
27459.64, 6521
27461.4, 6520
27476.71, 6519
27484.94, 6518
27499.38, 6517
27505.48, 6516
27513.77, 6515
27545.06, 6514
27560.48, 6513
27568.9, 6512
27570.65, 6511
27621.15, 6510
27632.36, 6509
27633.51, 6508
27685.9, 6507
27696.33, 6506
27703.94, 6505
27705.88, 6504
27717.26, 6503
27742.86, 6502
27757.44, 6501
27764.82, 6500
27766.51, 6499
27783.73, 6498
27810.49, 6497
27825.35, 6496
27835.25, 6495
27849.22, 6494
27856.78, 6493
27866.69, 6492
27872.86, 6491
27890.88, 6490
27908.75, 6489
27936.53, 6488
27951.11, 6487
27992.83, 6486
28003.13, 6485
28017.92, 6484
28026.56, 6483
28033.73, 6482
28035.51, 6481
28051.13, 6480
28057.9, 6479
28075.88, 6478
28093.81, 6477
28107.21, 6476
28112.08, 6475
28116.62, 6474
28126.78, 6473
28142.88, 6472
28163.92, 6471
28194.03, 6470
28202.11, 6469
28203.89, 6468
28206.35, 6467
28217.38, 6466
28225.63, 6465
28227.95, 6464
28237.18, 6463
28243.91, 6462
28246.04, 6461
28266.8, 6460
28274.65, 6459
28276.42, 6458
28278.21, 6457
28293.97, 6456
28304.12, 6455
28310.27, 6454
28324.49, 6453
28326.25, 6452
28328.04, 6451
28330.11, 6450
28341.1, 6449
28360.81, 6448
28393.85, 6447
28423.67, 6446
28431.02, 6445
28432.83, 6444
28482.9, 6443
28507.32, 6442
28513.96, 6441
28524.0, 6440
28549.03, 6439
28553.67, 6438
28555.5, 6437
28557.44, 6436
28569.01, 6435
28577.6, 6434
28579.39, 6433
28642.8, 6432
28650.08, 6431
28665.02, 6430
28675.83, 6429
28683.18, 6428
28684.81, 6427
28698.16, 6426
28710.93, 6425
28718.09, 6424
28736.1, 6423
28754.01, 6422
28773.05, 6421
28790.58, 6420
28814.41, 6419
28826.07, 6418
28839.6, 6417
28845.35, 6416
28854.72, 6415
28871.89, 6414
28879.1, 6413
28880.93, 6412
28889.77, 6411
28905.8, 6410
28907.21, 6409
28975.93, 6408
28990.39, 6407
29002.05, 6406
29006.42, 6405
29012.51, 6404
29025.72, 6403
29036.91, 6402
29044.62, 6401
29051.56, 6400
29053.34, 6399
29067.68, 6398
29075.01, 6397
29076.77, 6396
29095.9, 6395
29113.31, 6394
29131.88, 6393
29135.23, 6392
29135.84, 6391
29135.88, 6390
29143.87, 6389
29153.64, 6388
29161.58, 6387
29169.59, 6386
29183.84, 6385
29274.09, 6384
29286.25, 6383
29294.08, 6382
29300.78, 6381
29310.32, 6380
29320.43, 6379
29327.34, 6378
29346.04, 6377
29357.21, 6376
29358.91, 6375
29367.59, 6374
29375.87, 6373
29377.67, 6372
29395.08, 6371
29396.77, 6370
29469.12, 6369
29510.02, 6368
29521.01, 6367
29531.5, 6366
29561.09, 6365
29584.93, 6364
29604.23, 6363
29610.98, 6362
29618.43, 6361
29624.54, 6360
29636.53, 6359
29639.56, 6358
29641.39, 6357
29653.59, 6356
29674.01, 6355
29678.54, 6354
29689.64, 6353
29695.36, 6352
29713.39, 6351
29731.55, 6350
29749.33, 6349
29767.57, 6348
29785.85, 6347
29804.16, 6346
29822.94, 6345
29840.74, 6344
29858.97, 6343
29876.92, 6342
29894.86, 6341
29934.25, 6340
29967.58, 6339
29969.55, 6338
29971.09, 6337
30008.06, 6336
30017.86, 6335
30020.28, 6334
30037.81, 6333
30046.14, 6332
30057.03, 6331
30060.32, 6330
30073.21, 6329
30082.48, 6328
30084.29, 6327
30086.06, 6326
30108.37, 6325
30117.41, 6324
30119.67, 6323
30133.12, 6322
30139.11, 6321
30140.81, 6320
30173.32, 6319
30175.13, 6318
30176.86, 6317
30224.01, 6316
30271.21, 6315
30280.01, 6314
30288.17, 6313
30301.78, 6312
30312.85, 6311
30325.12, 6310
30334.49, 6309
30336.28, 6308
30345.4, 6307
30352.72, 6306
30362.04, 6305
30368.42, 6304
30386.28, 6303
30394.0, 6302
30395.85, 6301
30407.63, 6300
30414.82, 6299
30428.78, 6298
30438.78, 6297
30440.56, 6296
30460.34, 6295
30463.96, 6294
30520.79, 6293
30535.64, 6292
30543.03, 6291
30547.24, 6290
30559.6, 6289
30573.34, 6288
30585.55, 6287
30637.58, 6286
30651.41, 6285
30653.62, 6284
30667.4, 6283
30673.66, 6282
30681.68, 6281
30701.97, 6280
30709.52, 6279
30754.21, 6278
30780.31, 6277
30786.94, 6276
30795.02, 6275
30803.98, 6274
30812.48, 6273
30829.07, 6272
30841.39, 6271
30851.54, 6270
30858.68, 6269
30920.82, 6268
30937.64, 6267
30945.39, 6266
30947.13, 6265
30957.76, 6264
30965.54, 6263
30973.65, 6262
30979.07, 6261
30987.04, 6260
30995.98, 6259
31014.08, 6258
31026.45, 6257
31044.48, 6256
31062.92, 6255
31080.43, 6254
31098.73, 6253
31117.11, 6252
31135.31, 6251
31153.63, 6250
31167.99, 6249
31176.04, 6248
31187.47, 6247
31189.23, 6246
31207.27, 6245
31215.87, 6244
31232.05, 6243
31238.44, 6242
31335.15, 6241
31366.04, 6240
31373.51, 6239
31375.96, 6238
31387.22, 6237
31394.22, 6236
31409.04, 6235
31420.76, 6234
31423.1, 6233
31424.27, 6232
31436.16, 6231
31443.76, 6230
31450.61, 6229
31453.69, 6228
31477.72, 6227
31503.29, 6226
31550.91, 6225
31567.34, 6224
31577.3, 6223
31580.73, 6222
31600.85, 6221
31607.36, 6220
31609.09, 6219
31623.01, 6218
31630.91, 6217
31644.68, 6216
31652.59, 6215
31659.67, 6214
31678.77, 6213
31687.23, 6212
31693.13, 6211
31711.73, 6210
31719.46, 6209
31727.21, 6208
31754.0, 6207
31761.17, 6206
31764.01, 6205
31776.14, 6204
31784.33, 6203
31786.11, 6202
31802.98, 6201
31810.64, 6200
31831.01, 6199
31849.07, 6198
31867.09, 6197
31884.99, 6196
31904.64, 6195
31913.02, 6194
31931.18, 6193
31949.36, 6192
31966.99, 6191
31985.3, 6190
31995.85, 6189
32004.59, 6188
32044.57, 6187
32076.46, 6186
32098.3, 6185
32116.49, 6184
32134.38, 6183
32167.07, 6182
32203.88, 6181
32220.58, 6180
32230.62, 6179
32232.41, 6178
32242.86, 6177
32262.11, 6176
32270.49, 6175
32280.45, 6174
32298.4, 6173
32325.17, 6172
32343.09, 6171
32361.02, 6170
32378.93, 6169
32431.02, 6168
32457.72, 6167
32457.76, 6166
32464.17, 6165
32475.3, 6164
32487.93, 6163
32497.24, 6162
32501.47, 6161
32510.37, 6160
32525.87, 6159
32532.23, 6158
32533.97, 6157
32552.6, 6156
32673.16, 6155
32674.84, 6154
32676.59, 6153
32691.88, 6152
32697.99, 6151
32699.83, 6150
32719.77, 6149
32725.68, 6148
32736.12, 6147
32743.2, 6146
32757.66, 6145
32767.79, 6144
32773.68, 6143
32785.03, 6142
32807.92, 6141
32819.7, 6140
32821.14, 6139
32822.96, 6138
32849.4, 6137
32860.64, 6136
32873.6, 6135
32881.14, 6134
32882.84, 6133
32894.17, 6132
32906.03, 6131
32907.7, 6130
32921.98, 6129
32934.2, 6128
32935.99, 6127
32937.74, 6126
32947.35, 6125
32962.47, 6124
32971.63, 6123
32980.29, 6122
32982.1, 6121
33009.51, 6120
33019.94, 6119
33102.54, 6118
33104.24, 6117
33131.0, 6116
33136.12, 6115
33137.53, 6114
33150.4, 6113
33157.54, 6112
33173.53, 6111
33182.39, 6110
33194.89, 6109
33241.65, 6108
33257.73, 6107
33265.51, 6106
33267.31, 6105
33286.73, 6104
33293.69, 6103
33301.21, 6102
33336.88, 6101
33356.37, 6100
33395.4, 6099
33406.06, 6098
33423.21, 6097
33429.13, 6096
33440.14, 6095
33462.04, 6094
33470.69, 6093
33480.5, 6092
33495.28, 6091
33503.28, 6090
33515.17, 6089
33534.43, 6088
33542.07, 6087
33543.84, 6086
33567.91, 6085
33570.32, 6084
33572.65, 6083
33586.1, 6082
33592.99, 6081
33608.97, 6080
33677.89, 6079
33693.96, 6078
33724.68, 6077
33732.53, 6076
33734.33, 6075
33745.31, 6074
33764.01, 6073
33771.24, 6072
33777.93, 6071
33787.05, 6070
33872.66, 6069
33883.23, 6068
33895.07, 6067
33903.08, 6066
33906.18, 6065
33917.28, 6064
33958.54, 6063
33986.7, 6062
33999.33, 6061
34013.26, 6060
34041.89, 6059
34064.27, 6058
34073.1, 6057
34074.93, 6056
34092.06, 6055
34100.1, 6054
34118.11, 6053
34177.06, 6052
34186.17, 6051
34252.76, 6050
34264.42, 6049
34265.83, 6048
34267.42, 6047
34291.02, 6046
34312.59, 6045
34319.03, 6044
34343.17, 6043
34351.55, 6042
34369.54, 6041
34387.53, 6040
34408.75, 6039
34410.62, 6038
34412.42, 6037
34434.08, 6036
34445.12, 6035
34449.7, 6034
34513.87, 6033
34519.03, 6032
34525.76, 6031
34543.75, 6030
34554.91, 6029
34564.27, 6028
34582.16, 6027
34605.16, 6026
34614.41, 6025
34627.39, 6024
34637.63, 6023
34661.47, 6022
34670.5, 6021
34690.03, 6020
34700.76, 6019
34702.55, 6018
34713.53, 6017
34717.36, 6016
34734.13, 6015
34737.05, 6014
34745.52, 6013
34840.18, 6012
34863.81, 6011
34883.6, 6010
34893.35, 6009
34895.22, 6008
34907.29, 6007
34931.92, 6006
34933.72, 6005
34948.94, 6004
34954.86, 6003
34972.72, 6002
34989.48, 6001
34991.27, 6000
34993.04, 5999
35024.79, 5998
35045.11, 5997
35056.27, 5996
35064.77, 5995
35066.41, 5994
35076.18, 5993
35086.12, 5992
35093.09, 5991
35159.17, 5990
35176.55, 5989
35185.18, 5988
35217.41, 5987
35237.69, 5986
35245.81, 5985
35254.16, 5984
35262.87, 5983
35282.64, 5982
35294.35, 5981
35302.4, 5980
35354.84, 5979
35383.58, 5978
35391.01, 5977
35395.77, 5976
35408.43, 5975
35429.6, 5974
35445.9, 5973
35455.11, 5972
35465.92, 5971
35471.55, 5970
35511.37, 5969
35518.7, 5968
35528.11, 5967
35534.66, 5966
35542.35, 5965
35549.2, 5964
35560.08, 5963
35567.45, 5962
35570.97, 5961
35594.67, 5960
35601.34, 5959
35612.56, 5958
35656.62, 5957
35661.64, 5956
35670.4, 5955
35678.24, 5954
35685.86, 5953
35695.27, 5952
35702.64, 5951
35712.71, 5950
35728.39, 5949
35737.11, 5948
35745.28, 5947
35793.25, 5946
35795.96, 5945
35807.37, 5944
35813.24, 5943
35819.79, 5942
35830.63, 5941
35839.77, 5940
35846.18, 5939
35900.55, 5938
35909.31, 5937
35917.62, 5936
35932.48, 5935
35948.88, 5934
35950.19, 5933
36015.11, 5932
36023.82, 5931
36048.39, 5930
36061.11, 5929
36062.87, 5928
36070.8, 5927
36078.17, 5926
36086.52, 5925
36092.46, 5924
36110.3, 5923
36128.49, 5922
36146.58, 5921
36170.52, 5920
36172.86, 5919
36174.65, 5918
36207.07, 5917
36213.25, 5916
36215.07, 5915
36226.75, 5914
36235.77, 5913
36243.3, 5912
36256.08, 5911
36279.91, 5910
36290.15, 5909
36301.66, 5908
36313.51, 5907
36344.78, 5906
36344.87, 5905
36368.4, 5904
36372.69, 5903
36396.82, 5902
36397.65, 5901
36399.5, 5900
36407.19, 5899
36417.56, 5898
36424.77, 5897
36434.8, 5896
36442.1, 5895
36443.91, 5894
36470.17, 5893
36484.0, 5892
36485.85, 5891
36487.66, 5890
36513.82, 5889
36524.03, 5888
36532.47, 5887
36540.78, 5886
36546.56, 5885
36557.06, 5884
36559.88, 5883
36572.02, 5882
36584.47, 5881
36637.92, 5880
36637.98, 5879
36663.88, 5878
36671.55, 5877
36679.9, 5876
36695.24, 5875
36697.04, 5874
36698.75, 5873
36711.09, 5872
36712.7, 5871
36717.76, 5870
36734.79, 5869
36739.68, 5868
36741.44, 5867
36747.95, 5866
36775.24, 5865
36779.92, 5864
36795.4, 5863
36803.62, 5862
36811.78, 5861
36815.52, 5860
36827.92, 5859
36835.13, 5858
36845.93, 5857
36849.48, 5856
36861.51, 5855
36872.25, 5854
36873.41, 5853
36910.9, 5852
36912.68, 5851
36914.41, 5850
36934.5, 5849
36944.02, 5848
36961.94, 5847
36979.89, 5846
36997.99, 5845
37010.56, 5844
37018.73, 5843
37025.8, 5842
37036.07, 5841
37043.1, 5840
37044.87, 5839
37058.07, 5838
37075.34, 5837
37093.73, 5836
37095.66, 5835
37097.26, 5834
37137.9, 5833
37158.17, 5832
37162.69, 5831
37167.43, 5830
37175.49, 5829
37202.29, 5828
37202.48, 5827
37210.17, 5826
37219.56, 5825
37240.07, 5824
37240.12, 5823
37254.29, 5822
37263.89, 5821
37273.46, 5820
37275.12, 5819
37286.63, 5818
37296.54, 5817
37303.7, 5816
37311.67, 5815
37324.32, 5814
37329.57, 5813
37357.74, 5812
37364.08, 5811
37394.01, 5810
37395.89, 5809
37419.11, 5808
37419.19, 5807
37441.26, 5806
37459.18, 5805
37496.59, 5804
37509.95, 5803
37511.68, 5802
37558.11, 5801
37561.53, 5800
37563.64, 5799
37604.09, 5798
37608.33, 5797
37617.71, 5796
37626.04, 5795
37647.31, 5794
37653.03, 5793
37654.82, 5792
37670.47, 5791
37683.23, 5790
37704.38, 5789
37707.01, 5788
37708.3, 5787
37726.5, 5786
37728.26, 5785
37830.65, 5784
37845.92, 5783
37853.83, 5782
37855.62, 5781
37871.13, 5780
37880.82, 5779
37897.57, 5778
37912.84, 5777
37917.32, 5776
37932.79, 5775
37938.17, 5774
37946.79, 5773
37953.35, 5772
37977.3, 5771
37984.33, 5770
37986.11, 5769
37994.4, 5768
38003.93, 5767
38011.26, 5766
38013.16, 5765
38027.35, 5764
38109.45, 5763
38118.9, 5762
38127.9, 5761
38134.2, 5760
38146.43, 5759
38154.15, 5758
38162.67, 5757
38188.21, 5756
38210.33, 5755
38219.55, 5754
38221.48, 5753
38240.17, 5752
38271.78, 5751
38295.97, 5750
38297.81, 5749
38310.83, 5748
38321.42, 5747
38333.78, 5746
38335.55, 5745
38337.32, 5744
38383.0, 5743
38393.86, 5742
38395.78, 5741
38397.41, 5740
38406.21, 5739
38413.08, 5738
38455.87, 5737
38473.0, 5736
38481.43, 5735
38487.9, 5734
38503.65, 5733
38508.2, 5732
38518.18, 5731
38564.37, 5730
38582.39, 5729
38582.52, 5728
38595.45, 5727
38621.25, 5726
38621.29, 5725
38621.3, 5724
38643.19, 5723
38672.34, 5722
38678.99, 5721
38689.49, 5720
38694.36, 5719
38709.08, 5718
38714.07, 5717
38720.77, 5716
38728.46, 5715
38736.45, 5714
38742.07, 5713
38751.01, 5712
38797.1, 5711
38797.18, 5710
38821.55, 5709
38826.97, 5708
38858.96, 5707
38859.03, 5706
38881.12, 5705
38891.55, 5704
38891.65, 5703
38891.67, 5702
38902.46, 5701
38913.31, 5700
38918.83, 5699
38936.47, 5698
38981.48, 5697
39015.17, 5696
39017.12, 5695
39018.72, 5694
39029.61, 5693
39039.96, 5692
39047.33, 5691
39065.27, 5690
39083.18, 5689
39104.57, 5688
39107.26, 5687
39108.07, 5686
39154.78, 5685
39186.22, 5684
39188.1, 5683
39192.48, 5682
39214.3, 5681
39231.76, 5680
39267.51, 5679
39288.11, 5678
39294.43, 5677
39296.55, 5676
39305.27, 5675
39319.97, 5674
39330.84, 5673
39337.86, 5672
39347.07, 5671
39354.77, 5670
39365.6, 5669
39372.97, 5668
39380.43, 5667
39389.5, 5666
39406.0, 5665
39422.76, 5664
39425.7, 5663
39434.3, 5662
39454.39, 5661
39454.42, 5660
39483.36, 5659
39483.45, 5658
39483.46, 5657
39483.48, 5656
39495.61, 5655
39504.0, 5654
39520.34, 5653
39520.45, 5652
39529.79, 5651
39552.89, 5650
39561.02, 5649
39579.02, 5648
39594.24, 5647
39598.71, 5646
39599.75, 5645
39616.3, 5644
39657.85, 5643
39664.44, 5642
39666.19, 5641
39680.65, 5640
39683.33, 5639
39695.17, 5638
39707.97, 5637
39715.86, 5636
39724.79, 5635
39729.98, 5634
39742.61, 5633
39790.74, 5632
39807.71, 5631
39817.01, 5630
39823.93, 5629
39857.03, 5628
39858.73, 5627
39860.68, 5626
39867.97, 5625
39878.35, 5624
39897.62, 5623
39899.1, 5622
39911.66, 5621
39921.21, 5620
39952.36, 5619
39965.48, 5618
39977.79, 5617
39980.5, 5616
39980.86, 5615
40001.32, 5614
40055.91, 5613
40057.24, 5612
40074.16, 5611
40080.86, 5610
40082.43, 5609
40096.43, 5608
40107.89, 5607
40114.15, 5606
40131.39, 5605
40145.02, 5604
40154.27, 5603
40164.41, 5602
40167.86, 5601
40184.56, 5600
40192.04, 5599
40213.31, 5598
40223.46, 5597
40241.05, 5596
40259.01, 5595
40277.99, 5594
40281.58, 5593
40331.02, 5592
40394.0, 5591
40405.94, 5590
40409.46, 5589
40427.72, 5588
40439.68, 5587
40457.37, 5586
40467.57, 5585
40471.08, 5584
40484.44, 5583
40500.32, 5582
40506.8, 5581
40517.48, 5580
40572.74, 5579
40575.51, 5578
40586.46, 5577
40606.11, 5576
40607.68, 5575
40707.36, 5574
40711.29, 5573
40714.94, 5572
40718.21, 5571
40739.4, 5570
40804.17, 5569
40806.25, 5568
40807.63, 5567
40867.14, 5566
40867.17, 5565
40884.96, 5564
40899.59, 5563
40901.25, 5562
40907.11, 5561
40937.43, 5560
40941.23, 5559
40942.96, 5558
40951.15, 5557
40955.88, 5556
40989.58, 5555
40992.22, 5554
40992.23, 5553
41043.37, 5552
41045.11, 5551
41058.58, 5550
41073.48, 5549
41075.21, 5548
41083.67, 5547
41091.78, 5546
41158.58, 5545
41162.68, 5544
41169.59, 5543
41230.48, 5542
41239.2, 5541
41243.6, 5540
41272.66, 5539
41283.54, 5538
41296.76, 5537
41320.15, 5536
41344.37, 5535
41363.49, 5534
41378.44, 5533
41388.87, 5532
41401.3, 5531
41415.54, 5530
41443.22, 5529
41444.74, 5528
41470.03, 5527
41475.38, 5526
41477.15, 5525
41498.29, 5524
41522.57, 5523
41532.06, 5522
41543.25, 5521
41552.61, 5520
41562.17, 5519
41570.65, 5518
41578.5, 5517
41635.12, 5516
41641.26, 5515
41656.74, 5514
41658.27, 5513
41670.83, 5512
41682.69, 5511
41716.34, 5510
41732.72, 5509
41757.14, 5508
41765.6, 5507
41775.29, 5506
41780.38, 5505
41786.06, 5504
41877.7, 5503
41882.12, 5502
41900.23, 5501
41918.0, 5500
41936.21, 5499
41954.72, 5498
41972.85, 5497
41991.09, 5496
42009.28, 5495
42027.53, 5494
42045.8, 5493
42063.37, 5492
42077.99, 5491
42095.7, 5490
42150.78, 5489
42160.22, 5488
42161.8, 5487
42183.22, 5486
42217.85, 5485
42219.65, 5484
42221.45, 5483
42274.02, 5482
42278.85, 5481
42280.48, 5480
42296.69, 5479
42322.78, 5478
42324.44, 5477
42326.19, 5476
42346.58, 5475
42348.31, 5474
42364.98, 5473
42374.71, 5472
42377.28, 5471
42392.82, 5470
42404.83, 5469
42416.21, 5468
42442.37, 5467
42460.98, 5466
42462.08, 5465
42482.51, 5464
42491.59, 5463
42496.2, 5462
42508.81, 5461
42517.95, 5460
42529.31, 5459
42538.3, 5458
42560.81, 5457
42572.89, 5456
42586.81, 5455
42590.18, 5454
42660.72, 5453
42668.69, 5452
42675.18, 5451
42715.93, 5450
42722.85, 5449
42744.33, 5448
42746.06, 5447
42779.93, 5446
42802.89, 5445
42819.31, 5444
42845.54, 5443
42867.11, 5442
42876.57, 5441
42878.42, 5440
42884.34, 5439
42930.55, 5438
42944.23, 5437
42947.17, 5436
42959.61, 5435
42969.65, 5434
42980.89, 5433
42998.93, 5432
43028.04, 5431
43037.73, 5430
43039.51, 5429
43041.25, 5428
43088.68, 5427
43095.54, 5426
43099.41, 5425
43115.68, 5424
43128.91, 5423
43151.89, 5422
43153.66, 5421
43167.41, 5420
43175.82, 5419
43177.62, 5418
43211.09, 5417
43213.91, 5416
43215.53, 5415
43269.82, 5414
43277.41, 5413
43282.07, 5412
43297.42, 5411
43306.12, 5410
43318.16, 5409
43336.13, 5408
43353.98, 5407
43360.21, 5406
43378.6, 5405
43425.45, 5404
43427.5, 5403
43436.87, 5402
43503.83, 5401
43505.87, 5400
43525.74, 5399
43527.49, 5398
43529.27, 5397
43539.46, 5396
43553.4, 5395
43558.64, 5394
43571.39, 5393
43575.59, 5392
43589.17, 5391
43598.7, 5390
43613.92, 5389
43616.66, 5388
43648.87, 5387
43682.77, 5386
43691.47, 5385
43698.63, 5384
43704.06, 5383
43716.25, 5382
43728.23, 5381
43739.55, 5380
43757.22, 5379
43775.25, 5378
43781.61, 5377
43805.94, 5376
43807.41, 5375
43811.9, 5374
43909.15, 5373
43918.58, 5372
43926.59, 5371
43937.8, 5370
43952.43, 5369
43959.66, 5368
43984.1, 5367
44016.95, 5366
44022.67, 5365
44024.16, 5364
44066.66, 5363
44085.25, 5362
44086.98, 5361
44092.29, 5360
44109.22, 5359
44114.02, 5358
44122.39, 5357
44128.14, 5356
44142.84, 5355
44149.14, 5354
44161.64, 5353
44164.02, 5352
44280.5, 5351
44286.82, 5350
44300.19, 5349
44308.9, 5348
44314.15, 5347
44328.34, 5346
44331.34, 5345
44347.16, 5344
44353.53, 5343
44362.29, 5342
44372.14, 5341
44392.47, 5340
44394.23, 5339
44395.99, 5338
44485.68, 5337
44493.21, 5336
44524.52, 5335
44542.38, 5334
44553.41, 5333
44572.17, 5332
44591.18, 5331
44615.82, 5330
44617.39, 5329
44619.1, 5328
44633.21, 5327
44635.01, 5326
44640.65, 5325
44669.15, 5324
44670.88, 5323
44672.59, 5322
44693.07, 5321
44694.75, 5320
44730.23, 5319
44731.95, 5318
44733.65, 5317
44741.04, 5316
44749.74, 5315
44776.13, 5314
44799.9, 5313
44801.64, 5312
44884.29, 5311
44902.18, 5310
44936.69, 5309
44938.38, 5308
44956.48, 5307
44960.64, 5306
44972.82, 5305
44976.59, 5304
44999.82, 5303
45001.58, 5302
45028.0, 5301
45041.59, 5300
45048.22, 5299
45061.92, 5298
45128.99, 5297
45142.18, 5296
45167.94, 5295
45179.97, 5294
45187.7, 5293
45199.52, 5292
45206.95, 5291
45212.58, 5290
45226.39, 5289
45234.79, 5288
45248.23, 5287
45258.43, 5286
45294.31, 5285
45306.84, 5284
45308.53, 5283
45340.66, 5282
45366.7, 5281
45368.24, 5280
45438.46, 5279
45447.35, 5278
45456.93, 5277
45471.43, 5276
45489.93, 5275
45491.64, 5274
45493.38, 5273
45514.04, 5272
45561.28, 5271
45593.58, 5270
45611.47, 5269
45617.32, 5268
45619.02, 5267
45620.78, 5266
45656.5, 5265
45666.49, 5264
45668.21, 5263
45669.92, 5262
45720.04, 5261
45749.85, 5260
45753.78, 5259
45854.21, 5258
45868.56, 5257
45875.92, 5256
45884.74, 5255
45899.58, 5254
45905.62, 5253
45913.12, 5252
45920.09, 5251
45928.52, 5250
45943.26, 5249
45951.65, 5248
45978.03, 5247
45986.49, 5246
46019.39, 5245
46073.93, 5244
46084.08, 5243
46102.04, 5242
46120.09, 5241
46138.98, 5240
46160.04, 5239
46178.26, 5238
46226.82, 5237
46239.91, 5236
46241.66, 5235
46283.35, 5234
46285.29, 5233
46287.06, 5232
46310.09, 5231
46349.06, 5230
46360.25, 5229
46365.62, 5228
46382.38, 5227
46383.98, 5226
46438.67, 5225
46466.0, 5224
46487.64, 5223
46490.43, 5222
46497.71, 5221
46514.13, 5220
46532.0, 5219
46625.03, 5218
46631.47, 5217
46643.02, 5216
46646.62, 5215
46665.61, 5214
46672.8, 5213
46685.27, 5212
46695.5, 5211
46712.23, 5210
46713.54, 5209
46720.69, 5208
46760.75, 5207
46778.96, 5206
46804.84, 5205
46813.02, 5204
46814.7, 5203
46816.62, 5202
46843.58, 5201
46849.76, 5200
46871.48, 5199
46965.69, 5198
46978.5, 5197
47019.2, 5196
47025.04, 5195
47035.72, 5194
47047.18, 5193
47058.48, 5192
47062.4, 5191
47075.9, 5190
47087.11, 5189
47095.46, 5188
47104.01, 5187
47113.66, 5186
47153.04, 5185
47167.92, 5184
47169.72, 5183
47247.62, 5182
47278.83, 5181
47280.55, 5180
47295.16, 5179
47303.21, 5178
47324.9, 5177
47327.79, 5176
47345.75, 5175
47363.77, 5174
47381.66, 5173
47399.89, 5172
47430.92, 5171
47444.34, 5170
47473.72, 5169
47475.46, 5168
47477.19, 5167
47556.79, 5166
47572.81, 5165
47583.61, 5164
47610.33, 5163
47612.11, 5162
47628.82, 5161
47630.44, 5160
47650.82, 5159
47652.56, 5158
47659.9, 5157
47686.58, 5156
47688.42, 5155
47735.83, 5154
47749.52, 5153
47760.08, 5152
47778.06, 5151
47809.54, 5150
47817.1, 5149
47818.94, 5148
47820.65, 5147
47868.97, 5146
47878.28, 5145
47885.83, 5144
47899.26, 5143
47911.98, 5142
47942.03, 5141
47953.5, 5140
47970.75, 5139
47977.27, 5138
47979.04, 5137
47993.37, 5136
47999.94, 5135
48023.68, 5134
48025.4, 5133
48048.42, 5132
48053.73, 5131
48127.91, 5130
48143.61, 5129
48145.41, 5128
48163.01, 5127
48191.49, 5126
48193.21, 5125
48202.8, 5124
48244.55, 5123
48250.39, 5122
48262.15, 5121
48274.64, 5120
48288.67, 5119
48305.72, 5118
48315.16, 5117
48316.85, 5116
48338.05, 5115
48339.31, 5114
48382.81, 5113
48384.62, 5112
48402.87, 5111
48409.0, 5110
48420.81, 5109
48429.06, 5108
48448.32, 5107
48456.71, 5106
48459.29, 5105
48637.98, 5104
48644.74, 5103
48657.61, 5102
48736.7, 5101
48744.21, 5100
48762.29, 5099
48774.32, 5098
48776.08, 5097
48789.65, 5096
48806.38, 5095
48822.6, 5094
48847.03, 5093
48858.37, 5092
48867.81, 5091
48893.1, 5090
48893.22, 5089
48898.56, 5088
48928.78, 5087
48940.04, 5086
48947.24, 5085
48952.75, 5084
49002.58, 5083
49019.98, 5082
49030.25, 5081
49082.9, 5080
49104.32, 5079
49110.8, 5078
49110.94, 5077
49130.37, 5076
49156.17, 5075
49160.95, 5074
49162.76, 5073
49220.02, 5072
49221.88, 5071
49243.28, 5070
49245.0, 5069
49275.6, 5068
49277.45, 5067
49306.72, 5066
49347.77, 5065
49362.83, 5064
49374.71, 5063
49391.02, 5062
49443.59, 5061
49452.81, 5060
49468.15, 5059
49473.61, 5058
49489.33, 5057
49529.43, 5056
49539.73, 5055
49547.29, 5054
49551.01, 5053
49565.96, 5052
49571.35, 5051
49638.66, 5050
49644.02, 5049
49676.64, 5048
49685.9, 5047
49692.59, 5046
49716.29, 5045
49721.65, 5044
49735.97, 5043
49740.45, 5042
49760.3, 5041
49769.67, 5040
49780.72, 5039
49796.55, 5038
49801.09, 5037
49823.3, 5036
49891.57, 5035
49902.37, 5034
49920.69, 5033
49927.96, 5032
49965.75, 5031
49981.88, 5030
49983.67, 5029
49985.52, 5028
50019.51, 5027
50021.34, 5026
50024.39, 5025
50024.92, 5024
50036.2, 5023
50066.67, 5022
50075.63, 5021
50085.95, 5020
50099.02, 5019
50105.69, 5018
50115.69, 5017
50241.4, 5016
50260.67, 5015
50267.65, 5014
50279.63, 5013
50280.98, 5012
50306.57, 5011
50326.75, 5010
50333.75, 5009
50358.98, 5008
50370.18, 5007
50377.89, 5006
50389.44, 5005
50413.11, 5004
50420.69, 5003
50440.22, 5002
50451.01, 5001
50458.64, 5000
50537.6, 4999
50543.34, 4998
50560.26, 4997
50568.26, 4996
50591.12, 4995
50607.02, 4994
50705.87, 4993
50706.9, 4992
50708.34, 4991
50740.51, 4990
50752.24, 4989
50767.11, 4988
50770.3, 4987
50784.21, 4986
50848.15, 4985
50869.63, 4984
50871.78, 4983
50873.27, 4982
50880.66, 4981
50913.02, 4980
50946.53, 4979
50956.06, 4978
50972.55, 4977
50983.37, 4976
51000.02, 4975
51009.3, 4974
51019.67, 4973
51032.77, 4972
51044.62, 4971
51112.64, 4970
51123.02, 4969
51152.05, 4968
51162.12, 4967
51178.7, 4966
51192.85, 4965
51200.88, 4964
51216.02, 4963
51232.25, 4962
51243.32, 4961
51257.32, 4960
51275.6, 4959
51294.13, 4958
51368.39, 4957
51376.87, 4956
51387.61, 4955
51421.66, 4954
51441.34, 4953
51465.64, 4952
51473.12, 4951
51493.06, 4950
51494.54, 4949
51524.06, 4948
51533.05, 4947
51534.48, 4946
51544.51, 4945
51563.68, 4944
51564.25, 4943
51594.35, 4942
51595.68, 4941
51622.96, 4940
51624.33, 4939
51650.73, 4938
51668.33, 4937
51676.85, 4936
51687.13, 4935
51695.1, 4934
51713.61, 4933
51728.03, 4932
51821.93, 4931
51840.0, 4930
51897.35, 4929
51907.58, 4928
51914.33, 4927
51940.76, 4926
51946.81, 4925
51963.23, 4924
51969.17, 4923
51998.95, 4922
52007.87, 4921
52018.0, 4920
52031.16, 4919
52045.16, 4918
52064.87, 4917
52075.11, 4916
52090.98, 4915
52108.6, 4914
52126.27, 4913
52245.44, 4912
52246.75, 4911
52255.63, 4910
52277.46, 4909
52288.84, 4908
52320.44, 4907
52321.9, 4906
52370.7, 4905
52374.48, 4904
52388.66, 4903
52414.6, 4902
52425.86, 4901
52491.54, 4900
52507.69, 4899
52550.63, 4898
52552.09, 4897
52581.25, 4896
52600.29, 4895
52611.66, 4894
52619.19, 4893
52631.19, 4892
52644.42, 4891
52660.17, 4890
52666.82, 4889
52679.71, 4888
52690.58, 4887
52780.27, 4886
52788.16, 4885
52819.17, 4884
52873.93, 4883
52884.08, 4882
52895.25, 4881
52905.56, 4880
52929.17, 4879
52940.71, 4878
52947.93, 4877
52974.14, 4876
52985.62, 4875
53011.82, 4874
53028.27, 4873
53044.81, 4872
53067.72, 4871
53081.47, 4870
53082.95, 4869
53104.96, 4868
53133.35, 4867
53135.46, 4866
53151.3, 4865
53212.74, 4864
53228.39, 4863
53257.9, 4862
53282.78, 4861
53311.72, 4860
53335.36, 4859
53349.87, 4858
53409.94, 4857
53423.86, 4856
53453.79, 4855
53470.51, 4854
53480.73, 4853
53495.5, 4852
53513.47, 4851
53570.79, 4850
53576.5, 4849
53589.99, 4848
53615.11, 4847
53641.23, 4846
53669.99, 4845
53695.86, 4844
53706.25, 4843
53731.32, 4842
53748.89, 4841
53757.24, 4840
53809.01, 4839
53823.47, 4838
53880.09, 4837
53880.99, 4836
53926.6, 4835
53938.32, 4834
53973.08, 4833
53982.38, 4832
54032.78, 4831
54034.22, 4830
54035.69, 4829
54047.03, 4828
54071.61, 4827
54081.55, 4826
54108.49, 4825
54156.72, 4824
54173.73, 4823
54204.98, 4822
54232.3, 4821
54244.8, 4820
54256.7, 4819
54300.71, 4818
54329.89, 4817
54366.98, 4816
54412.17, 4815
54421.15, 4814
54438.27, 4813
54444.34, 4812
54458.06, 4811
54465.59, 4810
54507.09, 4809
54545.78, 4808
54552.15, 4807
54579.78, 4806
54594.99, 4805
54656.45, 4804
54688.12, 4803
54722.07, 4802
54767.07, 4801
54789.04, 4800
54796.9, 4799
54806.18, 4798
54820.39, 4797
54846.95, 4796
54847.05, 4795
54853.53, 4794
54876.75, 4793
54920.9, 4792
54947.26, 4791
54967.87, 4790
55004.84, 4789
55009.87, 4788
55015.01, 4787
55065.16, 4786
55102.66, 4785
55110.04, 4784
55118.77, 4783
55135.92, 4782
55157.6, 4781
55164.4, 4780
55199.97, 4779
55247.09, 4778
55278.93, 4777
55306.78, 4776
55318.56, 4775
55323.94, 4774
55346.43, 4773
55365.78, 4772
55406.11, 4771
55420.32, 4770
55473.99, 4769
55474.02, 4768
55489.06, 4767
55507.28, 4766
55540.35, 4765
55549.66, 4764
55569.66, 4763
55585.06, 4762
55591.44, 4761
55605.31, 4760
55612.25, 4759
55654.61, 4758
55713.88, 4757
55723.81, 4756
55751.46, 4755
55796.94, 4754
55829.57, 4753
55855.58, 4752
55867.24, 4751
55891.65, 4750
55896.23, 4749
55967.05, 4748
55976.16, 4747
55977.87, 4746
55998.96, 4745
56002.25, 4744
56016.98, 4743
56057.56, 4742
56097.57, 4741
56115.8, 4740
56123.21, 4739
56137.04, 4738
56155.0, 4737
56168.8, 4736
56189.92, 4735
56210.26, 4734
56234.44, 4733
56249.58, 4732
56257.23, 4731
56266.88, 4730
56280.93, 4729
56337.47, 4728
56346.52, 4727
56382.61, 4726
56408.19, 4725
56428.59, 4724
56443.12, 4723
56466.05, 4722
56518.46, 4721
56531.09, 4720
56558.9, 4719
56599.41, 4718
56603.11, 4717
56617.62, 4716
56627.9, 4715
56638.7, 4714
56661.11, 4713
56671.84, 4712
56715.72, 4711
56727.76, 4710
56779.52, 4709
56826.76, 4708
56832.3, 4707
56854.64, 4706
56890.11, 4705
56900.42, 4704
56930.7, 4703
56978.31, 4702
56981.46, 4701
56988.63, 4700
57006.17, 4699
57049.44, 4698
57070.65, 4697
57077.45, 4696
57100.36, 4695
57193.74, 4694
57207.31, 4693
57240.87, 4692
57255.17, 4691
57269.71, 4690
57281.66, 4689
57290.67, 4688
57312.16, 4687
57315.09, 4686
57363.2, 4685
57406.93, 4684
57417.36, 4683
57460.85, 4682
57476.62, 4681
57496.65, 4680
57515.79, 4679
57536.6, 4678
57548.96, 4677
57576.2, 4676
57585.48, 4675
57674.63, 4674
57687.4, 4673
57752.95, 4672
57768.36, 4671
57845.08, 4670
57864.24, 4669
57866.7, 4668
57881.63, 4667
57906.87, 4666
57927.83, 4665
57960.75, 4664
57997.27, 4663
57998.79, 4662
58069.51, 4661
58092.2, 4660
58110.73, 4659
58120.17, 4658
58133.14, 4657
58168.41, 4656
58203.28, 4655
58211.67, 4654
58254.4, 4653
58340.13, 4652
58349.28, 4651
58354.27, 4650
58355.64, 4649
58388.8, 4648
58389.58, 4647
58442.64, 4646
58468.3, 4645
58517.91, 4644
58523.37, 4643
58536.58, 4642
58561.66, 4641
58594.84, 4640
58623.61, 4639
58641.92, 4638
58713.83, 4637
58721.01, 4636
58761.78, 4635
58777.94, 4634
58794.73, 4633
58814.1, 4632
58873.16, 4631
58873.95, 4630
58908.05, 4629
58929.89, 4628
59005.63, 4627
59019.54, 4626
59042.31, 4625
59046.57, 4624
59080.21, 4623
59110.06, 4622
59145.37, 4621
59231.42, 4620
59240.61, 4619
59253.81, 4618
59265.37, 4617
59278.37, 4616
59313.89, 4615
59313.95, 4614
59343.85, 4613
59405.48, 4612
59405.51, 4611
59449.39, 4610
59460.66, 4609
59479.45, 4608
59483.9, 4607
59497.67, 4606
59523.3, 4605
59565.51, 4604
59572.37, 4603
59590.43, 4602
59602.42, 4601
59669.62, 4600
59698.6, 4599
59722.51, 4598
59741.31, 4597
59768.72, 4596
59784.7, 4595
59837.49, 4594
59870.29, 4593
59914.31, 4592
59937.77, 4591
59954.48, 4590
59983.98, 4589
59991.32, 4588
60034.39, 4587
60104.57, 4586
60111.55, 4585
60121.4, 4584
60131.42, 4583
60155.64, 4582
60157.3, 4581
60186.12, 4580
60193.6, 4579
60244.04, 4578
60287.47, 4577
60302.2, 4576
60388.0, 4575
60399.61, 4574
60414.57, 4573
60432.76, 4572
60441.73, 4571
60454.07, 4570
60490.31, 4569
60502.14, 4568
60516.6, 4567
60573.65, 4566
60591.02, 4565
60602.96, 4564
60609.86, 4563
60619.59, 4562
60623.52, 4561
60630.35, 4560
60700.89, 4559
60708.81, 4558
60733.16, 4557
60748.48, 4556
60758.78, 4555
60769.07, 4554
60788.88, 4553
60790.32, 4552
60804.29, 4551
60844.76, 4550
60852.48, 4549
60859.15, 4548
60887.3, 4547
60893.72, 4546
60902.79, 4545
60951.42, 4544
60982.25, 4543
60982.3, 4542
61002.34, 4541
61010.41, 4540
61037.04, 4539
61041.16, 4538
61060.51, 4537
61069.55, 4536
61083.91, 4535
