3476.05, 6184
3541.15, 6159
3547.39, 6138
3549.67, 6124
3551.02, 6103
3558.76, 6086
3563.5, 6085
3564.83, 6072
3566.88, 6055
3578.59, 6054
3578.71, 6047
3579.85, 6030
3585.98, 6029
3592.15, 6022
3594.4, 6021
3612.38, 6014
3612.48, 5997
3612.53, 5996
3612.55, 5990
3617.51, 5989
3623.58, 5982
3626.74, 5965
3628.11, 5964
3633.43, 5961
3639.42, 5960
3643.28, 5953
3644.6, 5936
3651.76, 5935
3653.01, 5934
3656.66, 5931
3664.2, 5930
3668.78, 5923
3673.45, 5906
3674.79, 5905
3683.22, 5903
3689.09, 5902
3692.12, 5895
3693.48, 5878
3694.76, 5877
3704.69, 5875
3713.31, 5874
3717.39, 5873
3718.73, 5872
3720.18, 5871
3721.43, 5870
3727.63, 5869
3738.18, 5862
3739.62, 5861
3740.73, 5847
3742.0, 5846
3743.29, 5845
3756.88, 5844
3761.65, 5838
3766.85, 5837
3824.69, 5825
3833.17, 5824
3836.57, 5823
3836.87, 5822
3837.85, 5821
3849.95, 5818
3851.37, 5817
3852.63, 5816
3854.62, 5815
3866.69, 5809
3872.81, 5808
3961.32, 5796
3962.54, 5795
3966.25, 5794
3988.75, 5793
3990.05, 5792
3991.32, 5791
3992.59, 5790
4017.74, 5789
4033.98, 5788
4040.9, 5786
4042.18, 5785
4043.47, 5784
4045.85, 5783
4046.02, 5782
4081.97, 5777
4100.61, 5776
4101.88, 5764
4103.18, 5763
4108.63, 5762
4118.48, 5761
4124.67, 5760
4128.82, 5759
4130.14, 5753
4136.86, 5751
4143.46, 5750
4147.87, 5749
4149.18, 5748
4150.47, 5747
4235.93, 5746
4239.05, 5745
4240.27, 5744
4241.56, 5743
4260.99, 5742
4274.46, 5736
4289.17, 5734
4292.57, 5733
4292.62, 5732
4292.64, 5731
4293.63, 5730
4305.6, 5729
4305.67, 5728
4306.74, 5727
4316.53, 5721
4316.59, 5719
4317.5, 5718
4334.25, 5717
4334.35, 5716
4335.17, 5715
4340.09, 5714
4341.22, 5713
4342.51, 5712
4348.36, 5711
4430.34, 5710
4439.72, 5704
4444.25, 5702
4447.94, 5701
4449.25, 5700
4450.51, 5699
4458.1, 5698
4467.39, 5697
4471.66, 5696
4472.81, 5695
4479.37, 5694
4484.04, 5693
4485.35, 5692
4606.64, 5690
4607.96, 5689
4609.24, 5688
4611.63, 5687
4628.87, 5683
4628.9, 5681
4632.4, 5680
4662.91, 5679
4671.86, 5678
4682.31, 5677
4690.97, 5676
4692.22, 5675
4693.51, 5674
4694.77, 5673
4714.45, 5672
4714.56, 5671
4716.13, 5670
4719.54, 5668
4728.99, 5667
4729.7, 5666
4731.04, 5665
4757.75, 5661
4759.03, 5659
4760.25, 5658
4802.91, 5657
4807.98, 5656
4809.25, 5655
4810.49, 5654
4811.94, 5653
4840.83, 5652
4856.71, 5650
4865.74, 5649
4869.73, 5648
4871.35, 5647
4872.37, 5643
4873.68, 5641
4874.98, 5640
4885.51, 5639
4886.85, 5638
4888.15, 5637
4889.41, 5636
4906.67, 5635
4912.25, 5633
4917.15, 5632
4918.41, 5631
4919.67, 5630
4921.29, 5629
4922.2, 5628
4928.87, 5627
4934.36, 5626
4940.8, 5624
4945.82, 5623
4949.46, 5622
4950.71, 5621
4971.64, 5617
4974.51, 5615
4978.2, 5614
5002.12, 5613
5034.15, 5612
5051.78, 5611
5052.56, 5610
5053.92, 5609
5061.29, 5608
5084.33, 5607
5090.8, 5606
5092.09, 5605
5093.35, 5604
5109.01, 5603
5119.27, 5602
5125.25, 5601
5128.93, 5600
5131.78, 5599
5229.2, 5598
5230.7, 5596
5232.76, 5594
5232.98, 5593
5267.53, 5592
5270.47, 5591
5271.77, 5590
5279.1, 5589
5280.47, 5588
5285.06, 5587
5290.52, 5586
5295.9, 5585
5300.94, 5584
5304.16, 5583
5312.61, 5582
5316.26, 5581
5317.35, 5580
5322.98, 5579
5324.32, 5578
5334.48, 5576
5335.89, 5574
5342.54, 5573
5343.55, 5572
5349.98, 5571
5354.78, 5570
5358.11, 5569
5360.99, 5568
5363.8, 5567
5366.61, 5566
5386.52, 5565
5388.04, 5564
5389.04, 5563
5390.31, 5562
5399.84, 5561
5405.41, 5560
5410.32, 5559
5413.3, 5558
5418.79, 5557
5419.89, 5556
5425.95, 5555
5433.07, 5554
5438.7, 5553
5441.29, 5552
5442.56, 5551
5446.03, 5550
5449.84, 5549
5452.76, 5548
5467.29, 5547
5467.31, 5546
5468.82, 5545
5473.34, 5544
5473.38, 5543
5483.37, 5542
5484.61, 5541
5494.58, 5540
5495.43, 5539
5496.68, 5538
5497.94, 5537
5506.83, 5536
5512.34, 5535
5513.74, 5534
5519.84, 5533
5531.54, 5532
5531.65, 5531
5531.67, 5530
5533.53, 5529
5535.04, 5528
5541.75, 5527
5542.78, 5526
5551.12, 5525
5554.86, 5524
5555.81, 5523
5564.73, 5522
5575.56, 5521
5575.6, 5520
5575.61, 5519
5594.08, 5518
5605.2, 5517
5606.46, 5516
5607.73, 5515
5725.26, 5514
5733.53, 5513
5737.9, 5512
5739.9, 5511
5758.68, 5510
5767.45, 5509
5772.88, 5508
5776.94, 5507
5781.9, 5506
5783.22, 5505
5784.52, 5504
5803.0, 5503
5809.17, 5502
5814.49, 5501
5814.59, 5500
5815.83, 5499
5821.36, 5498
5826.32, 5497
5829.48, 5496
5830.91, 5495
5841.76, 5494
5848.94, 5493
5853.85, 5492
5858.01, 5491
5862.32, 5490
5864.33, 5489
5896.14, 5488
5897.88, 5487
5898.33, 5486
5917.07, 5485
5918.42, 5484
5919.62, 5483
5921.32, 5482
5931.38, 5481
5943.02, 5480
5944.28, 5479
5973.89, 5478
5989.85, 5477
5994.36, 5476
5995.72, 5475
5996.96, 5474
5998.23, 5473
5999.49, 5472
6004.7, 5471
6041.39, 5470
6049.8, 5469
6051.09, 5468
6058.86, 5467
6073.8, 5466
6075.12, 5465
6076.39, 5464
6077.77, 5463
6135.47, 5462
6143.25, 5461
6151.93, 5460
6153.23, 5459
6155.03, 5458
6155.77, 5457
6163.93, 5456
6164.16, 5455
6217.78, 5454
6223.16, 5453
6226.21, 5452
6227.41, 5451
6229.04, 5450
6240.23, 5449
6248.84, 5448
6257.97, 5447
6263.88, 5446
6265.14, 5445
6266.42, 5444
6267.68, 5443
6281.91, 5442
6283.03, 5441
6284.47, 5440
6285.72, 5439
6287.77, 5438
6308.03, 5437
6309.31, 5436
6310.75, 5435
6311.95, 5434
6429.39, 5433
6435.48, 5432
6439.58, 5431
6440.84, 5430
6442.14, 5429
6443.43, 5428
6452.75, 5427
6454.32, 5426
6455.32, 5425
6461.94, 5424
6465.59, 5423
6471.79, 5422
6473.08, 5421
6486.3, 5420
6493.13, 5419
6501.54, 5418
6529.6, 5417
6542.66, 5416
6549.87, 5415
6561.85, 5414
6565.01, 5413
6573.05, 5412
6596.22, 5411
6597.47, 5410
6605.57, 5409
6609.87, 5408
6616.34, 5407
6617.6, 5406
6618.88, 5405
6626.49, 5404
6633.33, 5403
6636.43, 5402
6637.82, 5401
6641.06, 5400
6650.94, 5399
6658.46, 5398
6659.78, 5397
6666.7, 5396
6674.26, 5395
6674.9, 5394
6676.28, 5393
6683.36, 5392
6690.85, 5391
6697.33, 5390
6700.46, 5389
6707.86, 5388
6707.92, 5387
6708.25, 5386
6758.64, 5385
6769.58, 5384
6782.2, 5383
6783.52, 5382
6784.79, 5381
6788.03, 5380
6794.1, 5379
6795.29, 5378
6816.59, 5377
6817.83, 5376
6819.08, 5375
6821.23, 5374
6821.69, 5373
6831.94, 5372
6835.46, 5371
6836.79, 5370
6917.66, 5369
6934.24, 5368
6939.3, 5367
6939.39, 5366
6940.97, 5365
6966.22, 5364
7001.21, 5363
7007.53, 5362
7013.78, 5361
7014.03, 5360
7014.12, 5359
7018.79, 5358
7020.11, 5357
7031.3, 5356
7040.06, 5355
7041.41, 5354
7047.46, 5353
7048.73, 5352
7049.99, 5351
7051.27, 5350
7106.34, 5349
7118.02, 5348
7135.56, 5347
7144.54, 5346
7147.07, 5345
7147.09, 5344
7151.8, 5343
7157.28, 5342
7174.84, 5341
7174.88, 5340
7177.1, 5339
7181.73, 5338
7189.1, 5337
7189.3, 5336
7197.31, 5335
7197.42, 5334
7211.11, 5333
7212.82, 5332
7213.96, 5331
7218.93, 5330
7225.24, 5329
7251.26, 5328
7258.93, 5327
7262.33, 5326
7264.05, 5325
7266.91, 5324
7269.76, 5323
7272.65, 5322
7275.86, 5321
7284.12, 5320
7287.66, 5319
7288.96, 5318
7290.2, 5317
7301.53, 5316
7308.45, 5315
7315.9, 5314
7317.22, 5313
7318.55, 5312
7319.83, 5311
7340.82, 5310
7343.46, 5309
7343.49, 5308
7422.35, 5307
7423.51, 5306
7425.45, 5305
7426.03, 5304
7500.05, 5303
7536.58, 5302
7545.72, 5301
7550.75, 5300
7552.16, 5299
7553.47, 5298
7554.9, 5297
7555.99, 5296
7565.27, 5295
7572.67, 5294
7575.76, 5293
7576.93, 5292
7578.21, 5291
7587.2, 5290
7597.61, 5289
7601.4, 5288
7602.26, 5287
7665.73, 5286
7669.82, 5285
7684.08, 5284
7690.29, 5283
7693.06, 5282
7694.43, 5281
7701.59, 5280
7705.93, 5279
7707.1, 5278
7715.95, 5277
7721.26, 5276
7730.49, 5275
7732.24, 5274
7733.51, 5273
7738.27, 5272
7750.86, 5271
7754.82, 5270
7755.69, 5269
7756.83, 5268
7758.12, 5267
7777.81, 5266
7780.03, 5265
7781.12, 5264
7782.38, 5263
7814.63, 5262
7844.22, 5261
7845.2, 5260
7846.49, 5259
7847.85, 5258
7897.39, 5257
7898.67, 5256
7908.51, 5255
7916.29, 5254
7918.76, 5253
7920.11, 5252
7932.97, 5251
7934.26, 5250
7942.19, 5249
7963.75, 5248
7971.13, 5247
7972.76, 5246
7972.79, 5245
7977.38, 5244
7982.49, 5243
7985.87, 5242
7988.14, 5241
7998.46, 5240
8003.74, 5239
8015.64, 5238
8016.9, 5237
8018.19, 5236
8019.47, 5235
8062.75, 5234
8083.96, 5233
8086.8, 5232
8089.57, 5231
8092.33, 5230
8095.19, 5229
8098.14, 5228
8100.74, 5227
8103.6, 5226
8111.0, 5225
8131.47, 5224
8132.74, 5223
8134.17, 5222
8135.44, 5221
8161.53, 5220
8174.75, 5219
8182.25, 5218
8185.9, 5217
8188.07, 5216
8193.68, 5215
8198.07, 5214
8209.03, 5213
8217.56, 5212
8223.18, 5211
8225.85, 5210
8227.43, 5209
8228.48, 5208
8234.87, 5207
8236.14, 5206
8253.49, 5205
8274.08, 5204
8281.73, 5203
8282.97, 5202
8296.19, 5201
8298.97, 5200
8315.18, 5199
8323.37, 5198
8326.45, 5197
8332.35, 5196
8369.69, 5195
8385.44, 5194
8388.55, 5193
8389.82, 5192
8400.67, 5191
8413.98, 5190
8415.16, 5189
8416.44, 5188
8417.71, 5187
8424.55, 5186
8425.8, 5185
8433.87, 5184
8440.81, 5183
8442.27, 5182
8443.57, 5181
8444.85, 5180
8452.16, 5179
8457.71, 5178
8460.75, 5177
8461.98, 5176
8468.15, 5175
8473.85, 5174
8476.99, 5173
8478.57, 5172
8504.58, 5171
8505.95, 5170
8507.12, 5169
8580.37, 5168
8581.31, 5167
8619.28, 5166
8621.56, 5165
8622.83, 5164
8624.1, 5163
8631.52, 5162
8638.22, 5161
8639.29, 5160
8640.56, 5159
8648.55, 5158
8651.38, 5157
8652.65, 5156
8657.12, 5155
8658.39, 5154
8671.76, 5153
8672.03, 5152
8673.23, 5151
8679.92, 5150
8681.24, 5149
8684.73, 5148
8700.43, 5147
8700.47, 5146
8701.33, 5145
8702.04, 5144
8728.92, 5143
8729.51, 5142
8730.8, 5141
8732.05, 5140
8733.3, 5139
8747.27, 5138
8752.8, 5137
8754.96, 5136
8756.24, 5135
8783.43, 5134
8789.61, 5133
8791.03, 5132
8792.32, 5131
8853.85, 5130
8909.35, 5129
8915.43, 5128
8919.35, 5127
8920.69, 5126
8923.11, 5125
8930.44, 5124
8934.44, 5123
8937.79, 5122
8938.58, 5121
8947.01, 5120
8948.22, 5119
8952.9, 5118
8958.84, 5117
8962.72, 5116
8964.01, 5115
8969.02, 5114
8975.06, 5113
8984.8, 5112
8994.4, 5111
8995.65, 5110
9048.49, 5109
9049.79, 5108
9051.08, 5107
9052.33, 5106
9068.43, 5105
9085.22, 5104
9099.86, 5103
9107.6, 5102
9110.46, 5101
9127.74, 5100
9135.75, 5099
9142.18, 5098
9147.06, 5097
9164.14, 5096
9165.46, 5095
9166.72, 5094
9167.99, 5093
9190.8, 5092
9197.75, 5091
9199.08, 5090
9207.96, 5089
9215.48, 5088
9218.24, 5087
9219.53, 5086
9223.31, 5085
9223.43, 5084
9233.19, 5083
9240.43, 5082
9245.82, 5081
9246.08, 5080
9246.11, 5079
9247.14, 5078
9254.84, 5077
9327.57, 5076
9332.84, 5075
9335.88, 5074
9337.33, 5073
9346.18, 5072
9348.46, 5071
9356.33, 5070
9382.75, 5069
9384.77, 5068
9385.25, 5067
9386.52, 5066
9402.87, 5065
9405.76, 5064
9408.57, 5063
9412.21, 5062
9434.94, 5061
9436.24, 5060
9438.05, 5059
9438.96, 5058
9449.07, 5057
9450.22, 5056
9456.31, 5055
9457.62, 5054
9464.0, 5053
9464.38, 5052
9476.25, 5051
9486.17, 5050
9492.53, 5049
9493.74, 5048
9498.3, 5047
9505.76, 5046
9510.3, 5045
9514.34, 5044
9515.65, 5043
9521.63, 5042
9523.01, 5041
9528.79, 5040
9530.14, 5039
9537.08, 5038
9542.18, 5037
9546.7, 5036
9548.96, 5035
9564.29, 5034
9565.78, 5033
9573.4, 5032
9579.27, 5031
9579.98, 5030
9581.33, 5029
9587.36, 5028
9593.02, 5027
9663.43, 5026
9664.7, 5025
9665.94, 5024
9667.21, 5023
9734.83, 5022
9755.71, 5021
9756.94, 5020
9758.2, 5019
9759.45, 5018
9773.99, 5017
9775.19, 5016
9776.45, 5015
9777.73, 5014
9785.63, 5013
9798.18, 5012
9799.36, 5011
9852.79, 5010
9868.39, 5009
9870.46, 5008
9871.6, 5007
9886.87, 5006
9888.11, 5005
9889.36, 5004
9895.93, 5003
9902.29, 5002
9906.02, 5001
9907.29, 5000
9930.67, 4999
9932.51, 4998
9935.35, 4997
9943.62, 4996
9945.11, 4995
9946.11, 4994
9954.55, 4993
9964.07, 4992
9976.4, 4991
10002.55, 4990
10004.57, 4989
10005.06, 4988
10010.31, 4987
10021.2, 4986
10043.74, 4985
10051.33, 4984
10056.46, 4983
10065.07, 4982
10073.18, 4981
10077.39, 4980
10081.48, 4979
10082.64, 4978
10089.6, 4977
10093.6, 4976
10097.89, 4975
10101.98, 4974
10115.57, 4973
10235.82, 4972
10237.74, 4971
10238.73, 4970
10239.73, 4969
10262.71, 4968
10269.8, 4967
10275.1, 4966
10279.73, 4965
10281.01, 4964
10287.91, 4963
10292.56, 4962
10297.91, 4961
10299.0, 4960
10307.4, 4959
10315.58, 4958
10322.59, 4957
10329.65, 4956
10331.52, 4955
10332.76, 4954
10348.6, 4953
10352.8, 4952
10356.64, 4951
10357.52, 4950
10365.29, 4949
10432.68, 4948
10438.93, 4947
10440.11, 4946
10441.39, 4945
10442.65, 4944
10467.76, 4943
10469.0, 4942
10472.04, 4941
10472.29, 4940
10472.77, 4939
10481.65, 4938
10486.17, 4937
10491.0, 4936
10492.19, 4935
10502.27, 4934
10503.53, 4933
10504.77, 4932
10512.93, 4931
10516.12, 4930
10565.22, 4929
10565.31, 4928
10567.64, 4927
10568.92, 4926
10578.91, 4925
10599.26, 4924
10600.56, 4923
10601.85, 4922
10603.14, 4921
10623.4, 4920
10698.44, 4919
10703.42, 4918
10710.72, 4917
10711.94, 4916
10713.25, 4915
10714.47, 4914
10721.59, 4913
10723.95, 4912
10727.71, 4911
10735.12, 4910
10741.37, 4909
10743.09, 4908
10757.15, 4907
10767.09, 4906
10770.11, 4905
10771.39, 4904
10772.66, 4903
10793.57, 4902
10801.21, 4901
10804.4, 4900
10807.41, 4899
10807.43, 4898
10807.8, 4897
10811.71, 4896
10815.22, 4895
10824.83, 4894
10828.62, 4893
10829.89, 4892
10835.48, 4891
10839.09, 4890
10843.53, 4889
10860.46, 4888
10860.48, 4887
10862.4, 4886
10862.73, 4885
10870.9, 4884
10894.05, 4883
10895.18, 4882
10896.52, 4881
10897.69, 4880
10898.98, 4879
10918.2, 4878
10924.55, 4877
10928.47, 4876
10929.77, 4875
10930.9, 4874
10988.23, 4873
10996.96, 4872
10998.22, 4871
11067.88, 4870
11073.82, 4869
11076.82, 4868
11077.87, 4867
11079.13, 4866
11095.59, 4865
11095.7, 4864
11096.68, 4863
11105.83, 4862
11117.44, 4861
11118.88, 4860
11126.6, 4859
11134.51, 4858
11142.49, 4857
11143.73, 4856
11145.23, 4855
11146.3, 4854
11152.49, 4853
11153.78, 4852
11161.5, 4851
11166.73, 4850
11169.82, 4849
11194.21, 4848
11195.13, 4847
11196.47, 4846
11216.86, 4845
11223.29, 4844
11226.45, 4843
11227.78, 4842
11266.13, 4841
11272.28, 4840
11285.39, 4839
11292.08, 4838
11295.45, 4837
11296.71, 4836
11300.13, 4835
11300.15, 4834
11307.21, 4833
11308.47, 4832
11321.65, 4831
11332.89, 4830
11335.74, 4829
11341.11, 4828
11346.14, 4827
11349.76, 4826
11351.23, 4825
11367.7, 4824
11367.75, 4823
11367.94, 4822
11369.24, 4821
11374.76, 4820
11386.51, 4819
11388.3, 4818
11388.34, 4817
11399.88, 4816
11419.23, 4815
11422.56, 4814
11422.65, 4813
11423.55, 4812
11424.83, 4811
11429.98, 4810
11431.28, 4809
11442.84, 4808
11456.96, 4807
11462.46, 4806
11467.05, 4805
11467.15, 4804
11602.96, 4803
11658.74, 4802
11665.36, 4801
11668.59, 4800
11669.86, 4799
11671.14, 4798
11683.39, 4797
11691.19, 4796
11692.52, 4795
11693.74, 4794
11695.13, 4793
11714.28, 4792
11715.5, 4791
11716.77, 4790
11730.88, 4789
11751.44, 4788
11757.34, 4787
11757.36, 4786
11757.91, 4785
11787.82, 4784
11789.09, 4783
11790.25, 4782
11791.52, 4781
11801.94, 4780
11816.54, 4779
11820.63, 4778
11821.62, 4777
11822.87, 4776
11824.17, 4775
11825.35, 4774
11842.05, 4773
11845.59, 4772
11850.12, 4771
11852.13, 4770
11866.46, 4769
11867.72, 4768
11869.04, 4767
11889.07, 4766
11898.81, 4765
11901.6, 4764
11904.55, 4763
11907.37, 4762
11910.12, 4761
11913.81, 4760
11935.6, 4759
11939.63, 4758
11940.91, 4757
11942.24, 4756
11998.03, 4755
12007.59, 4754
12017.74, 4753
12020.55, 4752
12023.35, 4751
12026.22, 4750
12029.02, 4749
12031.9, 4748
12150.2, 4747
12155.85, 4746
12157.04, 4745
12158.27, 4744
12169.58, 4743
12175.78, 4742
12180.02, 4741
12196.64, 4740
12197.88, 4739
12199.16, 4738
12207.89, 4737
12215.62, 4736
12219.11, 4735
12220.72, 4734
12232.04, 4733
12238.18, 4732
12240.85, 4731
12242.1, 4730
12243.39, 4729
12251.37, 4728
12257.44, 4727
12260.84, 4726
12262.15, 4725
12274.9, 4724
12284.27, 4723
12296.99, 4722
12298.29, 4721
12299.57, 4720
12300.87, 4719
12329.06, 4718
12339.17, 4717
12340.5, 4716
12341.79, 4715
12343.07, 4714
12390.31, 4713
12405.61, 4712
12411.77, 4711
12417.23, 4710
12418.47, 4709
12419.74, 4708
12421.03, 4707
12439.44, 4706
12449.45, 4705
12459.55, 4704
12462.38, 4703
12465.27, 4702
12506.99, 4701
12560.01, 4700
12560.08, 4699
12562.2, 4698
12587.93, 4697
12588.9, 4696
12589.65, 4695
12590.95, 4694
12608.36, 4693
12618.8, 4692
12620.06, 4691
12621.32, 4690
12630.33, 4689
12636.75, 4688
12638.5, 4687
12645.1, 4686
12646.23, 4685
12653.02, 4684
12658.68, 4683
12662.08, 4682
12667.88, 4681
12669.14, 4680
12676.45, 4679
12682.22, 4678
12687.94, 4677
12691.72, 4676
12706.61, 4675
12711.18, 4674
12712.43, 4673
12714.46, 4672
12724.78, 4671
12732.24, 4670
12743.01, 4669
12748.12, 4668
12768.85, 4667
12785.16, 4666
12787.6, 4665
12789.71, 4664
12789.73, 4663
12819.81, 4662
12858.16, 4661
12859.47, 4660
12862.05, 4659
12862.07, 4658
12932.7, 4657
12933.73, 4656
12934.9, 4655
12941.3, 4654
12986.42, 4653
12992.27, 4652
13001.19, 4651
13011.51, 4650
13016.0, 4649
13035.77, 4648
13048.57, 4647
13062.06, 4646
13083.75, 4645
13090.53, 4644
13102.28, 4643
13108.82, 4642
13114.29, 4641
13115.56, 4640
13120.14, 4639
13125.75, 4638
13127.64, 4637
13128.58, 4636
13134.85, 4635
13137.73, 4634
13145.98, 4633
13155.02, 4632
13161.01, 4631
13161.03, 4630
13161.56, 4629
13169.17, 4628
13180.35, 4627
13181.59, 4626
13190.2, 4625
13200.17, 4624
13204.64, 4623
13205.56, 4622
13239.54, 4621
13245.51, 4620
13253.69, 4619
13255.02, 4618
13352.22, 4617
13387.95, 4616
13388.58, 4615
13398.31, 4614
13401.57, 4613
13402.83, 4612
13408.32, 4611
13415.0, 4610
13421.51, 4609
13424.55, 4608
13427.54, 4607
13434.49, 4606
13435.78, 4605
13450.69, 4604
13453.28, 4603
13460.07, 4602
13462.05, 4601
13482.07, 4600
13489.0, 4599
13491.11, 4598
13491.33, 4597
13499.42, 4596
13505.4, 4595
13508.37, 4594
13509.7, 4593
13519.15, 4592
13526.42, 4591
13533.76, 4590
13542.72, 4589
13546.0, 4588
13547.28, 4587
13577.37, 4586
13585.87, 4585
13587.73, 4584
13588.41, 4583
13629.04, 4582
13630.48, 4581
13640.81, 4580
13647.75, 4579
13659.53, 4578
13667.08, 4577
13673.25, 4576
13676.38, 4575
13678.96, 4574
13699.2, 4573
13700.46, 4572
13783.51, 4571
13789.1, 4570
13790.37, 4569
13791.64, 4568
13800.81, 4567
13809.55, 4566
13814.16, 4565
13815.41, 4564
13816.98, 4563
13820.92, 4562
13827.6, 4561
13841.8, 4560
13844.79, 4559
13850.05, 4558
13865.25, 4557
13869.55, 4556
13878.78, 4555
13893.1, 4554
13896.91, 4553
13899.31, 4552
13902.15, 4551
13945.61, 4550
13951.78, 4549
13953.05, 4548
13954.81, 4547
13955.6, 4546
13958.13, 4545
13962.92, 4544
13984.95, 4543
13989.29, 4542
13990.64, 4541
13991.84, 4540
14002.03, 4539
14018.16, 4538
14024.55, 4537
14039.03, 4536
14044.21, 4535
14053.1, 4534
14062.51, 4533
14069.3, 4532
14070.99, 4531
14071.98, 4530
14073.13, 4529
14168.92, 4528
14174.85, 4527
14177.57, 4526
14178.86, 4525
14186.04, 4524
14189.87, 4523
14202.44, 4522
14207.14, 4521
14209.73, 4520
14211.06, 4519
14218.73, 4518
14245.62, 4517
14257.71, 4516
14260.86, 4515
14262.21, 4514
14263.43, 4513
14264.87, 4512
14273.15, 4511
14276.2, 4510
14277.48, 4509
14284.96, 4508
14290.61, 4507
14293.37, 4506
14299.89, 4505
14306.64, 4504
14308.66, 4503
14321.5, 4502
14322.77, 4501
14324.07, 4500
14328.72, 4499
14333.72, 4498
14362.25, 4497
14366.19, 4496
14369.2, 4495
14374.66, 4494
14378.5, 4493
14384.99, 4492
14390.67, 4491
14393.45, 4490
14397.7, 4489
14404.04, 4488
14408.2, 4487
14412.25, 4486
14418.66, 4485
14425.13, 4484
14432.27, 4483
14433.47, 4482
14443.41, 4481
14448.63, 4480
14449.94, 4479
14458.33, 4478
14465.97, 4477
14472.38, 4476
14473.52, 4475
14481.95, 4474
14586.18, 4473
14599.16, 4472
14600.46, 4471
14604.08, 4470
14610.38, 4469
14634.74, 4468
14637.76, 4467
14639.07, 4466
14640.31, 4465
14707.79, 4464
14734.42, 4463
14743.62, 4462
14749.31, 4461
14752.1, 4460
14755.18, 4459
14757.74, 4458
14760.57, 4457
14766.79, 4456
14774.31, 4455
14782.94, 4454
14792.95, 4453
14800.37, 4452
14806.24, 4451
14809.65, 4450
14812.42, 4449
14841.32, 4448
14842.64, 4447
14843.96, 4446
14845.17, 4445
14882.81, 4444
14943.4, 4443
14950.58, 4442
14954.87, 4441
14998.61, 4440
15007.78, 4439
15015.3, 4438
15016.59, 4437
15017.94, 4436
15019.13, 4435
15020.47, 4434
15026.21, 4433
15033.13, 4432
15036.69, 4431
15042.33, 4430
15044.23, 4429
15051.92, 4428
15059.84, 4427
15065.5, 4426
15068.89, 4425
15070.19, 4424
15081.4, 4423
15084.29, 4422
15095.32, 4421
15100.54, 4420
15104.24, 4419
15116.38, 4418
15126.67, 4417
15132.0, 4416
15133.31, 4415
15134.58, 4414
15136.87, 4413
15146.38, 4412
15149.48, 4411
15220.77, 4410
15229.17, 4409
15238.86, 4408
15241.22, 4407
15257.39, 4406
15273.87, 4405
15284.7, 4404
15288.16, 4403
15289.22, 4402
15392.39, 4401
15423.15, 4400
15428.38, 4399
15429.7, 4398
15434.5, 4397
15442.27, 4396
15446.74, 4395
15448.02, 4394
15458.31, 4393
15463.82, 4392
15467.65, 4391
15468.96, 4390
15479.42, 4389
15480.75, 4388
15510.05, 4387
15580.43, 4386
15581.69, 4385
15582.93, 4384
15584.21, 4383
15585.45, 4382
15636.74, 4381
15643.1, 4380
15652.05, 4379
15658.14, 4378
15663.46, 4377
15664.9, 4376
15666.08, 4375
15681.85, 4374
15688.26, 4373
15692.22, 4372
15693.47, 4371
15709.94, 4370
15721.34, 4369
15724.57, 4368
15725.92, 4367
15732.47, 4366
15733.8, 4365
15742.58, 4364
15750.54, 4363
15753.82, 4362
15755.08, 4361
15780.25, 4360
15781.52, 4359
15791.79, 4358
15793.52, 4357
15795.01, 4356
15807.45, 4355
15807.56, 4354
15819.69, 4353
15819.73, 4352
15828.93, 4351
15833.16, 4350
15836.68, 4349
15839.55, 4348
15842.39, 4347
15853.07, 4346
15858.88, 4345
15864.94, 4344
15867.93, 4343
15868.0, 4342
15883.09, 4341
15884.35, 4340
15908.03, 4339
15946.57, 4338
15947.85, 4337
15949.1, 4336
15950.41, 4335
15951.75, 4334
15956.58, 4333
15976.53, 4332
15983.91, 4331
15985.21, 4330
15986.67, 4329
15987.83, 4328
15995.84, 4327
15996.96, 4326
16018.29, 4325
16020.35, 4324
16021.52, 4323
16022.74, 4322
16023.99, 4321
16049.7, 4320
16051.0, 4319
16052.34, 4318
16053.52, 4317
16064.73, 4316
16072.57, 4315
16086.94, 4314
16098.51, 4313
16104.65, 4312
16108.31, 4311
16109.63, 4310
16110.94, 4309
16123.27, 4308
16130.81, 4307
16134.06, 4306
16135.38, 4305
16143.27, 4304
16154.64, 4303
16162.2, 4302
16162.47, 4301
16173.54, 4300
16181.04, 4299
16184.23, 4298
16185.49, 4297
16203.3, 4296
16210.85, 4295
16216.3, 4294
16218.33, 4293
16224.8, 4292
16243.03, 4291
16246.42, 4290
16249.47, 4289
16255.39, 4288
16262.29, 4287
16264.47, 4286
16272.1, 4285
16276.43, 4284
16280.41, 4283
16285.76, 4282
16292.12, 4281
16293.62, 4280
16303.69, 4279
16309.33, 4278
16312.28, 4277
16321.14, 4276
16325.08, 4275
16353.4, 4274
16366.66, 4273
16371.96, 4272
16380.51, 4271
16391.04, 4270
16393.37, 4269
16394.7, 4268
16408.72, 4267
16412.14, 4266
16412.93, 4265
16414.2, 4264
16440.56, 4263
16442.46, 4262
16443.73, 4261
16456.51, 4260
16467.32, 4259
16469.68, 4258
16471.09, 4257
16488.02, 4256
16492.73, 4255
16497.34, 4254
16501.47, 4253
16514.98, 4252
16520.43, 4251
16524.51, 4250
16525.81, 4249
16535.52, 4248
16541.37, 4247
16546.94, 4246
16548.2, 4245
16565.27, 4244
16569.67, 4243
16573.98, 4242
16575.23, 4241
16602.33, 4240
16609.54, 4239
16614.84, 4238
16615.95, 4237
16626.89, 4236
16629.48, 4235
16635.43, 4234
16641.13, 4233
16644.26, 4232
16651.01, 4231
16656.47, 4230
16660.82, 4229
16668.39, 4228
16670.79, 4227
16683.5, 4226
16689.7, 4225
16699.78, 4224
16708.82, 4223
16718.97, 4222
16719.08, 4221
16733.74, 4220
16743.73, 4219
16743.77, 4218
16752.46, 4217
16758.91, 4216
16764.75, 4215
16766.03, 4214
16775.87, 4213
16786.33, 4212
16793.28, 4211
16800.46, 4210
16804.92, 4209
16811.3, 4208
16823.94, 4207
16841.8, 4206
16857.31, 4205
16863.11, 4204
23494.35, 4203
23516.83, 4202
23520.95, 4201
23526.76, 4200
23542.44, 4199
23551.55, 4198
23556.77, 4197
23563.49, 4196
23569.38, 4195
23573.39, 4194
23581.56, 4193
23586.78, 4192
23590.42, 4191
23599.28, 4190
23607.63, 4189
23613.49, 4188
23616.83, 4187
23624.24, 4186
23646.35, 4185
23651.22, 4184
23663.63, 4183
23678.75, 4182
23680.59, 4181
23683.93, 4180
