1908.62, 3344
1909.28, 3270
1910.11, 3219
1910.63, 3174
1913.84, 3173
1914.71, 3172
1918.4, 3158
1918.61, 3157
1921.99, 3113
1924.46, 3111
1929.81, 3110
1930.54, 3092
1931.23, 3090
1931.92, 3089
1935.78, 3088
1938.33, 3059
1940.9, 3056
1944.5, 3055
1945.42, 3054
1946.12, 3038
1946.81, 3035
1947.71, 3034
1954.72, 3033
1957.64, 3032
1961.75, 3031
1962.5, 3030
1963.23, 3029
1963.92, 3003
1964.62, 2999
1965.33, 2998
1969.2, 2997
1969.87, 2996
1973.85, 2984
1974.54, 2980
1977.8, 2979
1980.81, 2978
1988.61, 2977
1988.65, 2976
1989.22, 2975
1991.82, 2974
1991.87, 2966
1993.91, 2962
1995.52, 2960
1995.54, 2959
2003.65, 2958
2003.68, 2957
2003.69, 2956
2003.69, 2955
2007.98, 2954
2018.89, 2953
2019.1, 2933
2019.58, 2928
2021.38, 2926
2022.14, 2925
2022.85, 2924
2023.68, 2923
2024.28, 2922
2028.13, 2914
2028.81, 2909
2029.51, 2907
2045.16, 2906
2048.49, 2905
2053.45, 2904
2055.63, 2903
2056.92, 2902
2057.66, 2901
2058.37, 2900
2125.05, 2899
2168.24, 2898
2203.12, 2897
2205.52, 2896
2208.22, 2894
2212.17, 2889
2213.41, 2886
2214.16, 2885
2214.85, 2884
2219.39, 2883
2221.86, 2882
2224.26, 2881
2228.68, 2880
2230.07, 2879
2231.54, 2878
2231.57, 2877
2237.55, 2863
2241.79, 2857
2246.05, 2854
2248.66, 2853
2250.8, 2852
2251.1, 2851
2251.85, 2850
2252.59, 2849
2253.36, 2848
2253.93, 2844
2254.67, 2838
2271.11, 2835
2274.83, 2834
2282.37, 2833
2288.66, 2831
2289.85, 2830
2290.6, 2829
2346.31, 2828
2346.36, 2827
2346.37, 2826
2346.38, 2825
2347.42, 2824
2348.14, 2823
2348.86, 2822
2350.85, 2821
2351.01, 2820
2370.79, 2819
2371.44, 2808
2373.85, 2801
2373.86, 2797
2373.87, 2796
2373.88, 2795
2387.12, 2794
2393.98, 2793
2396.77, 2791
2402.96, 2790
2406.19, 2789
2408.04, 2782
2409.08, 2778
2410.45, 2777
2410.47, 2776
2411.32, 2775
2411.62, 2774
2412.32, 2773
2415.58, 2771
2419.1, 2770
2421.98, 2769
2424.87, 2768
2427.06, 2767
2429.24, 2766
2429.95, 2765
2430.65, 2764
2431.43, 2763
2437.32, 2762
2440.51, 2761
2444.44, 2756
2446.62, 2752
2447.36, 2751
2448.07, 2750
2448.76, 2749
2456.25, 2748
2461.96, 2747
2462.7, 2745
2463.39, 2744
2530.53, 2743
2537.06, 2742
2539.34, 2741
2544.84, 2740
2546.49, 2739
2547.24, 2738
2547.96, 2737
2552.14, 2736
2556.36, 2735
2556.38, 2734
2556.88, 2733
2557.6, 2731
2558.29, 2730
2621.6, 2728
2645.83, 2727
2662.49, 2726
2664.89, 2725
2669.09, 2724
2672.1, 2723
2677.8, 2722
2678.47, 2721
2679.18, 2720
2679.97, 2719
2680.65, 2718
2681.34, 2717
2682.04, 2716
2688.33, 2715
2689.03, 2714
2695.43, 2710
2697.53, 2709
2705.51, 2708
2705.61, 2707
2705.94, 2705
2706.8, 2704
2707.4, 2702
2708.1, 2701
2713.24, 2700
2715.44, 2699
2716.14, 2698
2720.44, 2697
2723.81, 2696
2728.98, 2695
2731.48, 2694
2735.77, 2693
2739.47, 2692
2740.64, 2691
2746.37, 2690
2746.85, 2689
2747.56, 2688
2748.27, 2687
2748.96, 2686
2750.57, 2685
2750.58, 2684
2755.41, 2682
2758.65, 2680
2760.42, 2679
2761.28, 2678
2788.38, 2677
2795.12, 2676
2802.31, 2675
2805.44, 2673
2806.94, 2672
2807.67, 2671
2808.43, 2670
2809.53, 2669
2809.74, 2668
2832.61, 2667
2881.25, 2666
2888.55, 2665
2891.08, 2664
2896.05, 2663
2897.77, 2662
2898.53, 2661
2900.05, 2660
2900.07, 2659
2900.8, 2658
2901.32, 2657
2902.01, 2656
2903.69, 2655
2908.25, 2654
2912.55, 2653
2917.67, 2652
2920.98, 2651
2923.35, 2650
2924.05, 2649
2924.74, 2648
2925.43, 2647
2926.55, 2646
2926.87, 2645
2929.27, 2644
2929.96, 2643
2935.67, 2642
2938.27, 2641
2940.75, 2640
2943.83, 2639
2945.49, 2638
3067.03, 2636
3067.7, 2635
3068.44, 2634
3069.16, 2632
3069.93, 2631
3070.96, 2630
3071.33, 2629
3071.99, 2628
3074.38, 2627
3079.64, 2626
3082.0, 2625
3086.87, 2624
3089.31, 2623
3090.65, 2622
3091.4, 2621
3092.13, 2620
3092.86, 2619
3096.61, 2618
3099.35, 2617
3102.37, 2616
3104.95, 2615
3106.4, 2614
3107.09, 2613
3110.69, 2612
3115.47, 2611
3122.94, 2610
3123.03, 2609
3126.83, 2608
3127.53, 2607
3128.13, 2606
3128.85, 2605
3129.57, 2604
3147.92, 2603
3148.6, 2601
3149.33, 2599
3149.99, 2598
3150.85, 2597
3151.39, 2596
3152.38, 2595
3152.79, 2594
3153.48, 2593
3155.67, 2592
3158.77, 2591
3163.2, 2590
3165.33, 2589
3167.54, 2588
3168.29, 2587
3168.95, 2586
3196.69, 2585
3205.05, 2584
3211.75, 2583
3214.98, 2582
3218.24, 2581
3218.9, 2580
3219.58, 2579
3235.67, 2578
3270.77, 2577
3287.5, 2576
3290.04, 2575
3290.73, 2574
3291.44, 2573
3292.32, 2572
3296.62, 2571
3299.21, 2570
3304.44, 2569
3307.75, 2568
3311.19, 2567
3311.81, 2566
3312.51, 2565
3313.24, 2564
3315.35, 2563
3320.95, 2562
3323.89, 2561
3328.29, 2560
3331.43, 2559
3333.3, 2558
3334.02, 2557
3334.79, 2556
3335.39, 2555
3339.76, 2554
3355.02, 2553
3355.7, 2552
3356.39, 2551
3357.07, 2550
3357.77, 2549
3358.46, 2548
3359.15, 2547
3378.78, 2546
3391.68, 2545
3474.13, 2544
3479.23, 2543
3484.09, 2542
3484.49, 2541
3485.2, 2540
3485.91, 2539
3486.63, 2538
3487.25, 2537
3487.93, 2536
3513.82, 2535
3545.52, 2534
3546.19, 2533
3546.88, 2532
3547.57, 2531
3548.28, 2530
3548.95, 2529
3550.78, 2528
3550.92, 2527
3554.87, 2526
3557.51, 2525
3563.63, 2524
3564.06, 2523
3565.85, 2522
3566.43, 2521
3567.42, 2520
3575.01, 2519
3575.1, 2518
3577.62, 2517
3580.03, 2516
3594.91, 2515
3595.0, 2514
3595.02, 2513
3595.33, 2512
3596.66, 2511
3597.38, 2510
3598.08, 2509
3600.54, 2508
3604.08, 2507
3606.54, 2506
3608.78, 2505
3612.03, 2504
3613.56, 2503
3614.27, 2502
3623.9, 2501
3628.77, 2500
3636.09, 2499
3658.0, 2498
3658.73, 2497
3660.57, 2496
3660.58, 2495
3660.89, 2494
3661.53, 2493
3674.14, 2492
3790.45, 2491
3795.46, 2490
3797.8, 2489
3804.08, 2488
3805.76, 2487
3806.5, 2486
3807.21, 2485
3807.91, 2484
3813.24, 2483
3818.39, 2482
3824.18, 2481
3827.5, 2480
3829.34, 2479
3830.09, 2478
3831.47, 2477
3831.49, 2476
3832.18, 2475
3832.9, 2474
3837.79, 2473
3838.53, 2472
3841.09, 2471
3842.85, 2470
3846.64, 2469
3848.91, 2468
3854.45, 2467
3858.62, 2466
3859.48, 2465
3864.25, 2464
3868.27, 2463
3873.38, 2462
3876.81, 2461
3878.93, 2460
3881.0, 2459
3883.22, 2458
3884.12, 2457
3884.63, 2456
3885.32, 2455
3886.01, 2454
3888.79, 2453
3891.0, 2452
3895.43, 2451
3898.25, 2450
3901.9, 2449
3905.2, 2448
3906.44, 2447
3907.18, 2446
3907.87, 2445
3908.56, 2444
3912.47, 2443
3914.74, 2442
3917.42, 2441
3917.94, 2440
3929.93, 2439
3956.65, 2438
3956.7, 2437
3957.38, 2436
3958.05, 2435
3958.74, 2434
3960.07, 2433
3960.34, 2432
4045.91, 2431
4048.86, 2430
4054.03, 2429
4056.14, 2428
4058.1, 2427
4059.09, 2426
4059.57, 2425
4062.98, 2424
4064.37, 2423
4069.52, 2422
4071.0, 2421
4071.74, 2420
4074.94, 2419
4078.24, 2418
4080.32, 2417
4090.38, 2416
4090.98, 2415
4091.69, 2414
4092.38, 2413
4096.24, 2412
4098.45, 2411
4101.79, 2410
4104.68, 2409
4106.17, 2408
4106.91, 2407
4107.62, 2406
4123.12, 2405
4123.79, 2404
4124.48, 2403
4125.17, 2402
4127.18, 2401
4127.21, 2400
4127.29, 2399
4145.72, 2398
4145.81, 2397
4145.82, 2396
4145.84, 2395
4147.85, 2394
4147.87, 2393
4147.89, 2392
4148.41, 2391
4169.22, 2390
4169.88, 2389
4170.56, 2388
4171.28, 2387
4171.95, 2386
4172.63, 2385
4205.53, 2384
4210.03, 2383
4212.9, 2382
4216.14, 2381
4220.74, 2380
4222.2, 2379
4222.95, 2378
4228.79, 2377
4232.27, 2376
4237.76, 2375
4240.84, 2374
4243.03, 2373
4243.18, 2372
4244.21, 2371
4244.57, 2370
4253.41, 2369
4258.36, 2368
4261.55, 2367
4262.26, 2366
4262.96, 2365
4263.64, 2364
4264.33, 2363
4265.03, 2362
4265.93, 2361
4270.85, 2360
4290.41, 2359
4295.05, 2358
4298.91, 2357
4301.77, 2356
4302.48, 2355
4303.21, 2354
4303.86, 2353
4361.97, 2352
4364.83, 2351
4373.17, 2350
4373.91, 2349
4374.61, 2348
4375.35, 2347
4376.05, 2346
4379.61, 2345
4382.22, 2344
4384.97, 2343
4388.17, 2342
4391.9, 2341
4395.41, 2340
4395.49, 2339
4398.93, 2338
4401.12, 2337
4401.86, 2336
4406.03, 2335
4408.54, 2334
4461.77, 2333
4472.25, 2332
4475.07, 2331
4481.32, 2330
4482.0, 2329
4482.69, 2328
4483.45, 2327
4484.12, 2326
4490.36, 2325
4493.31, 2324
4510.46, 2323
4513.31, 2322
4517.52, 2321
4517.65, 2320
4517.67, 2319
4517.8, 2318
4517.83, 2317
4563.72, 2316
4588.15, 2315
4591.4, 2314
4595.8, 2313
4598.45, 2312
4600.76, 2311
4601.21, 2310
4601.87, 2309
4608.56, 2308
4612.27, 2307
4615.06, 2306
4618.62, 2305
4621.7, 2304
4623.06, 2303
4623.81, 2302
4627.12, 2301
4629.86, 2300
4632.1, 2299
4636.9, 2298
4638.23, 2297
4638.95, 2296
4639.66, 2295
4645.51, 2294
4648.01, 2293
4652.1, 2292
4655.01, 2291
4656.48, 2290
4657.24, 2289
4675.72, 2288
4679.26, 2287
4682.02, 2286
4684.38, 2285
4684.95, 2284
4685.7, 2283
4686.36, 2282
4687.06, 2281
4687.75, 2280
4688.45, 2279
4689.14, 2278
4689.84, 2277
4707.68, 2276
4711.9, 2275
4714.46, 2274
4723.19, 2273
4724.96, 2272
4726.03, 2271
4726.77, 2270
4727.15, 2269
4778.61, 2268
4810.31, 2267
4812.84, 2266
4859.78, 2265
4863.49, 2264
4864.93, 2263
4869.74, 2262
4873.88, 2261
4878.13, 2260
4878.88, 2259
4885.06, 2258
4885.51, 2257
4888.99, 2256
4891.68, 2255
4892.37, 2254
4898.25, 2253
4898.91, 2252
4904.19, 2251
4904.84, 2250
4905.55, 2249
4910.61, 2248
4916.9, 2247
4968.26, 2246
4993.68, 2245
4996.36, 2244
4998.54, 2243
5000.8, 2242
5008.4, 2241
5010.29, 2240
5011.05, 2239
5014.92, 2238
5017.18, 2237
5020.54, 2236
5022.57, 2235
5025.72, 2234
5028.71, 2233
5030.77, 2232
5036.71, 2231
5039.16, 2230
5043.24, 2229
5046.2, 2228
5054.26, 2227
5060.83, 2226
5062.34, 2225
5062.36, 2224
5062.72, 2223
5063.42, 2222
5064.11, 2221
5119.95, 2220
5143.67, 2219
5146.03, 2218
5148.3, 2217
5152.22, 2216
5153.25, 2215
5157.53, 2214
5161.44, 2213
5163.56, 2212
5167.39, 2211
5168.27, 2210
5169.1, 2209
5172.91, 2208
5179.97, 2207
5182.05, 2206
5182.76, 2205
5184.95, 2204
5188.63, 2203
5191.28, 2202
5195.1, 2201
5197.51, 2200
5199.38, 2199
5203.32, 2198
5205.61, 2197
5207.9, 2196
5211.7, 2195
5212.41, 2194
5213.11, 2193
5217.02, 2192
5220.54, 2191
5222.61, 2190
5225.09, 2189
5228.4, 2188
5230.48, 2187
5234.26, 2186
5236.87, 2185
5243.43, 2184
5245.83, 2183
5248.02, 2182
5251.67, 2181
5255.45, 2180
5256.12, 2179
5256.83, 2178
5261.64, 2177
5274.94, 2176
5278.85, 2175
5281.46, 2174
5282.87, 2173
5284.14, 2172
5284.39, 2171
5285.15, 2170
5285.79, 2169
5286.51, 2168
5287.17, 2167
5310.08, 2166
5327.1, 2165
5330.27, 2164
5336.42, 2163
5337.19, 2162
5337.82, 2161
5396.85, 2160
5485.39, 2159
5512.0, 2158
5514.13, 2157
5518.36, 2156
5521.35, 2155
5522.94, 2154
5523.69, 2153
5524.43, 2152
5529.49, 2151
5532.75, 2150
5538.3, 2149
5539.74, 2148
5540.42, 2147
5541.11, 2146
5545.19, 2145
5545.85, 2144
5552.35, 2143
5553.02, 2142
5555.55, 2141
5564.31, 2140
5572.14, 2139
5572.23, 2138
5576.9, 2137
5578.0, 2136
5578.09, 2135
5578.77, 2134
5582.54, 2133
5604.53, 2132
5626.2, 2131
5637.14, 2130
5638.25, 2129
5638.26, 2128
5641.78, 2127
5651.13, 2126
5653.32, 2125
5655.38, 2124
5657.75, 2123
5660.4, 2122
5660.5, 2121
5663.61, 2120
5669.13, 2119
5669.82, 2118
5670.74, 2117
5679.73, 2116
5686.59, 2115
5687.17, 2114
5689.65, 2113
5691.28, 2112
5691.99, 2111
5696.39, 2110
5703.92, 2109
5707.27, 2108
5710.52, 2107
5711.93, 2106
5712.65, 2105
5713.35, 2104
5814.24, 2103
5817.55, 2102
5820.64, 2101
5822.79, 2100
5824.02, 2099
5829.46, 2098
5832.06, 2097
5837.43, 2096
5840.57, 2095
5845.43, 2094
5846.15, 2093
5846.93, 2092
5847.52, 2091
5848.24, 2090
5853.37, 2089
5855.63, 2088
5858.08, 2087
5861.82, 2086
5863.24, 2085
5863.98, 2084
5870.34, 2083
5872.7, 2082
5876.6, 2081
5879.71, 2080
5880.86, 2079
5881.65, 2078
5895.51, 2077
5899.17, 2076
5902.34, 2075
5903.06, 2074
5903.69, 2073
5904.41, 2072
5905.16, 2071
5908.59, 2070
5912.22, 2069
5914.42, 2068
5919.09, 2067
5920.19, 2066
5920.93, 2065
5928.32, 2064
5930.81, 2063
5934.72, 2062
5938.6, 2061
5939.67, 2060
5940.28, 2059
5940.91, 2058
5947.01, 2057
5953.59, 2056
5956.62, 2055
5960.36, 2054
5962.32, 2053
5963.03, 2052
5969.77, 2051
5970.49, 2050
5979.99, 2049
5980.68, 2048
5981.37, 2047
5982.08, 2046
5984.22, 2045
5992.83, 2044
5993.41, 2043
5996.05, 2042
5997.45, 2041
5998.18, 2040
5999.92, 2039
6008.05, 2038
6019.88, 2037
6022.14, 2036
6024.4, 2035
6026.18, 2034
6026.25, 2033
6029.09, 2032
6031.24, 2031
6031.95, 2030
6032.65, 2029
6033.34, 2028
6034.25, 2027
6045.04, 2026
6045.8, 2025
6046.54, 2024
6051.62, 2023
6052.34, 2022
6053.07, 2021
6058.01, 2020
6066.78, 2019
6067.48, 2018
6068.17, 2017
6071.98, 2016
6091.53, 2015
6111.91, 2014
6112.57, 2013
6113.27, 2012
6113.96, 2011
6114.66, 2010
6180.52, 2009
6221.12, 2008
6221.2, 2007
6226.82, 2006
6228.25, 2005
6232.47, 2004
6241.27, 2003
6241.36, 2002
6242.37, 2001
6243.15, 2000
6258.65, 1999
6258.76, 1998
6259.06, 1997
6260.39, 1996
6260.87, 1995
6263.57, 1994
6269.61, 1993
6270.4, 1992
6271.15, 1991
6274.4, 1990
6281.25, 1989
6281.93, 1988
6287.68, 1987
6337.42, 1986
6339.46, 1985
6343.86, 1984
6344.56, 1983
6347.82, 1982
6352.56, 1981
6355.04, 1980
6363.97, 1979
6364.05, 1978
6364.08, 1977
6364.74, 1976
6370.79, 1975
6372.92, 1974
6375.66, 1973
6378.82, 1972
6380.33, 1971
6387.22, 1970
6425.09, 1969
6446.56, 1968
6450.94, 1967
6454.05, 1966
6456.11, 1965
6458.42, 1964
6479.11, 1963
6481.26, 1962
6485.65, 1961
6488.27, 1960
6490.65, 1959
6493.94, 1958
6495.64, 1957
6505.02, 1956
6519.97, 1955
6522.57, 1954
6525.33, 1953
6527.16, 1952
6527.91, 1951
6528.65, 1950
6529.37, 1949
6530.11, 1948
6530.83, 1947
6537.21, 1946
6540.29, 1945
6544.48, 1944
6552.47, 1943
6554.55, 1942
6555.28, 1941
6555.98, 1940
6556.78, 1939
6562.09, 1938
6564.4, 1937
6569.43, 1936
6572.01, 1935
6574.18, 1934
6574.91, 1933
6575.62, 1932
6581.61, 1931
6588.2, 1930
6590.65, 1929
6594.19, 1928
6595.8, 1927
6596.54, 1926
6597.28, 1925
6611.65, 1924
6613.96, 1923
6617.74, 1922
6697.65, 1921
6698.32, 1920
6699.13, 1919
6699.7, 1918
6700.72, 1917
6701.13, 1916
6701.87, 1915
6705.18, 1914
6725.06, 1913
6729.65, 1912
6735.93, 1911
6738.69, 1910
6740.84, 1909
6741.56, 1908
6761.17, 1907
6773.26, 1906
6777.01, 1905
6779.86, 1904
6782.89, 1903
6787.33, 1902
6788.0, 1901
6788.69, 1900
6789.42, 1899
6817.83, 1898
6818.62, 1897
6819.31, 1896
6820.0, 1895
6854.38, 1894
6888.35, 1893
6912.7, 1892
6914.89, 1891
6915.68, 1890
6919.93, 1889
6922.26, 1888
6923.7, 1887
6928.11, 1886
6931.57, 1885
6933.67, 1884
6937.51, 1883
6939.7, 1882
6942.02, 1881
6945.46, 1880
6949.69, 1879
6950.4, 1878
6954.01, 1877
6958.2, 1876
6959.86, 1875
6963.6, 1874
6966.49, 1873
6973.89, 1872
6978.86, 1871
6980.91, 1870
6984.2, 1869
6987.36, 1868
6989.4, 1867
6993.5, 1866
6996.23, 1865
6998.41, 1864
7003.04, 1863
7005.18, 1862
7008.22, 1861
7012.44, 1860
7014.77, 1859
7018.92, 1858
7020.94, 1857
7023.32, 1856
7026.14, 1855
7029.27, 1854
7031.38, 1853
7035.13, 1852
7044.6, 1851
7050.05, 1850
7050.78, 1849
7053.89, 1848
7056.95, 1847
7061.28, 1846
7063.36, 1845
7064.8, 1844
7065.52, 1843
7071.78, 1842
7075.09, 1841
7079.18, 1840
7082.16, 1839
7086.49, 1838
7087.67, 1837
7087.8, 1836
7093.76, 1835
7097.49, 1834
7101.08, 1833
7105.24, 1832
7106.71, 1831
7107.44, 1830
7108.13, 1829
7139.76, 1828
7145.58, 1827
7147.78, 1826
7188.68, 1825
7191.41, 1824
7192.04, 1823
7193.17, 1822
7193.45, 1821
7209.88, 1820
7210.02, 1819
7210.76, 1818
7211.41, 1817
7212.09, 1816
7218.27, 1815
7237.34, 1814
7238.07, 1813
7238.78, 1812
7239.47, 1811
7240.16, 1810
7240.85, 1809
7241.54, 1808
7242.38, 1807
7243.42, 1806
7355.17, 1805
7360.45, 1804
7363.34, 1803
7367.68, 1802
7371.77, 1801
7373.19, 1800
7373.9, 1799
7374.6, 1798
7379.5, 1797
7381.65, 1796
7387.26, 1795
7389.85, 1794
7392.04, 1793
7392.74, 1792
7398.06, 1791
7404.9, 1790
7408.29, 1789
7421.86, 1788
7422.09, 1787
7422.37, 1786
7423.09, 1785
7423.83, 1784
7424.47, 1783
7425.16, 1782
7430.01, 1781
7437.89, 1780
7440.42, 1779
7444.41, 1778
7445.0, 1777
7463.16, 1776
7469.07, 1775
7472.57, 1774
7475.68, 1773
7478.83, 1772
7479.52, 1771
7480.2, 1770
7480.89, 1769
7481.57, 1768
7482.26, 1767
7492.84, 1766
7495.5, 1765
7496.18, 1764
7496.88, 1763
7596.88, 1762
7603.05, 1761
7603.77, 1760
7604.48, 1759
7623.96, 1758
7630.72, 1757
7641.34, 1756
7642.05, 1755
7643.15, 1754
7643.44, 1753
7644.12, 1752
7644.81, 1751
7645.51, 1750
7679.22, 1749
7681.45, 1748
7684.97, 1747
7687.9, 1746
7693.23, 1745
7693.98, 1744
7698.43, 1743
7700.79, 1742
7704.9, 1741
7706.22, 1740
7713.43, 1739
7717.76, 1738
7721.2, 1737
7723.32, 1736
7727.84, 1735
7729.99, 1734
7732.6, 1733
7736.42, 1732
7738.11, 1731
7746.41, 1730
7810.43, 1729
7814.37, 1728
7820.38, 1727
7823.58, 1726
7825.33, 1725
7826.1, 1724
7826.92, 1723
7833.35, 1722
7837.29, 1721
7839.44, 1720
7842.03, 1719
7843.48, 1718
7907.58, 1717
7913.43, 1716
7917.83, 1715
7922.09, 1714
7924.59, 1713
7926.98, 1712
7931.76, 1711
7934.1, 1710
7936.43, 1709
7940.43, 1708
7943.43, 1707
7948.27, 1706
7953.92, 1705
7956.48, 1704
7959.23, 1703
7959.87, 1702
7962.92, 1701
7965.19, 1700
7973.47, 1699
7976.79, 1698
7979.66, 1697
7981.94, 1696
7985.15, 1695
7988.18, 1694
7992.66, 1693
7993.49, 1692
7999.15, 1691
8001.41, 1690
8002.11, 1689
8006.81, 1688
8011.24, 1687
8013.29, 1686
8015.61, 1685
8023.55, 1684
8025.01, 1683
8029.94, 1682
8034.35, 1681
8035.02, 1680
8040.46, 1679
8061.54, 1678
8062.25, 1677
8063.47, 1676
8063.62, 1675
8064.31, 1674
8065.0, 1673
8065.76, 1672
8078.18, 1671
8086.45, 1670
8088.81, 1669
8092.38, 1668
8094.4, 1667
8095.09, 1666
8095.77, 1665
8096.46, 1664
8097.15, 1663
8102.47, 1662
8105.3, 1661
8112.64, 1660
8122.64, 1659
8125.11, 1658
8125.97, 1657
8126.39, 1656
8127.1, 1655
8132.72, 1654
8136.75, 1653
8139.65, 1652
8142.32, 1651
8145.69, 1650
8146.38, 1649
8152.35, 1648
8164.88, 1647
8165.53, 1646
8166.22, 1645
8166.93, 1644
8171.92, 1643
8194.76, 1642
8195.51, 1641
8196.22, 1640
8196.92, 1639
8197.61, 1638
8198.31, 1637
8199.12, 1636
8309.41, 1635
8342.44, 1634
8353.18, 1633
8353.29, 1632
8357.26, 1631
8370.07, 1630
8370.17, 1629
8370.18, 1628
8376.39, 1627
8379.96, 1626
8382.22, 1625
8388.87, 1624
8391.39, 1623
8395.1, 1622
8397.49, 1621
8405.38, 1620
8408.05, 1619
8410.31, 1618
8415.13, 1617
8416.58, 1616
8529.14, 1615
8532.19, 1614
8537.65, 1613
8538.66, 1612
8539.01, 1611
8546.26, 1610
8549.3, 1609
8550.02, 1608
8555.11, 1607
8557.52, 1606
8562.4, 1605
8564.47, 1604
8570.67, 1603
8572.79, 1602
8576.19, 1601
8579.03, 1600
8581.07, 1599
8586.69, 1598
8590.0, 1597
8591.79, 1596
8596.78, 1595
8600.14, 1594
8603.88, 1593
8606.41, 1592
8609.99, 1591
8613.31, 1590
8617.76, 1589
8620.68, 1588
8622.86, 1587
8632.06, 1586
8635.52, 1585
8636.19, 1584
8643.92, 1583
8647.98, 1582
8650.71, 1581
8653.59, 1580
8654.92, 1579
8656.84, 1578
8671.14, 1577
8671.77, 1576
8684.01, 1575
8687.21, 1574
8689.66, 1573
8691.73, 1572
8695.54, 1571
8696.27, 1570
8696.93, 1569
8697.61, 1568
8710.34, 1567
8713.13, 1566
8719.48, 1565
8723.03, 1564
8724.72, 1563
8725.68, 1562
8726.17, 1561
8739.73, 1560
8743.16, 1559
8746.2, 1558
8746.22, 1557
8746.23, 1556
8746.23, 1555
8754.36, 1554
8764.88, 1553
8770.46, 1552
8773.54, 1551
8775.04, 1550
8776.09, 1549
8776.54, 1548
8777.2, 1547
8777.89, 1546
8791.49, 1545
8804.47, 1544
8807.35, 1543
8811.83, 1542
8820.84, 1541
8821.55, 1540
8822.25, 1539
8822.94, 1538
8823.62, 1537
8824.31, 1536
8920.2, 1535
9046.64, 1534
9050.74, 1533
9061.35, 1532
9064.24, 1531
9070.44, 1530
9104.28, 1529
9107.32, 1528
9111.71, 1527
9114.96, 1526
9117.89, 1525
9122.07, 1524
9122.82, 1523
9128.8, 1522
9132.22, 1521
9137.45, 1520
9139.79, 1519
9143.13, 1518
9144.31, 1517
9148.63, 1516
9152.94, 1515
9155.24, 1514
9161.45, 1513
9162.11, 1512
9172.16, 1511
9179.51, 1510
9181.77, 1509
9188.24, 1508
9190.94, 1507
9194.84, 1506
9196.97, 1505
9198.32, 1504
9204.49, 1503
9206.53, 1502
9212.35, 1501
9214.86, 1500
9221.44, 1499
9222.15, 1498
9301.55, 1497
9302.18, 1496
9305.16, 1495
9308.37, 1494
9312.7, 1493
9314.94, 1492
9317.95, 1491
9324.92, 1490
9333.63, 1489
9336.5, 1488
9337.28, 1487
9345.92, 1486
9348.36, 1485
9352.45, 1484
9355.17, 1483
9357.8, 1482
9362.02, 1481
9364.64, 1480
9367.0, 1479
9371.94, 1478
9375.15, 1477
9379.34, 1476
9388.05, 1475
9390.67, 1474
9390.69, 1473
9391.0, 1472
9396.19, 1471
9398.85, 1470
9405.3, 1469
9405.94, 1468
9408.39, 1467
9410.76, 1466
9418.98, 1465
9421.58, 1464
9428.09, 1463
9449.24, 1462
9454.76, 1461
9457.08, 1460
9460.47, 1459
9464.1, 1458
9464.89, 1457
9465.49, 1456
9466.17, 1455
9466.89, 1454
9467.56, 1453
9468.24, 1452
9563.52, 1451
9569.29, 1450
9572.96, 1449
9576.29, 1448
9577.0, 1447
9577.74, 1446
9585.6, 1445
9591.4, 1444
9595.19, 1443
9597.4, 1442
9606.81, 1441
9607.56, 1440
9608.17, 1439
9608.99, 1438
9622.96, 1437
9627.43, 1436
9628.16, 1435
9628.85, 1434
9633.68, 1433
9642.66, 1432
9645.38, 1431
9648.06, 1430
9652.12, 1429
9652.14, 1428
9656.33, 1427
9662.84, 1426
9663.58, 1425
9669.57, 1424
9672.76, 1423
9675.36, 1422
9679.27, 1421
9684.25, 1420
9689.18, 1419
9689.83, 1418
9698.55, 1417
9698.59, 1416
9704.55, 1415
9706.55, 1414
9708.34, 1413
9710.76, 1412
9714.08, 1411
9724.84, 1410
9729.02, 1409
9731.97, 1408
9737.06, 1407
9739.08, 1406
9743.44, 1405
9745.37, 1404
9750.31, 1403
9754.56, 1402
9759.09, 1401
9762.1, 1400
9764.54, 1399
9770.44, 1398
9772.47, 1397
9776.1, 1396
9779.54, 1395
9783.98, 1394
9787.17, 1393
9789.63, 1392
9796.79, 1391
9798.8, 1390
9804.78, 1389
9817.02, 1388
9821.07, 1387
9824.17, 1386
9828.41, 1385
9829.9, 1384
9830.61, 1383
9834.28, 1382
9837.43, 1381
9854.3, 1380
9867.82, 1379
9868.56, 1378
9869.27, 1377
9869.96, 1376
9870.65, 1375
9871.31, 1374
9872.02, 1373
10039.12, 1372
10045.69, 1371
10047.76, 1370
10053.43, 1369
10054.13, 1368
10058.48, 1367
10062.35, 1366
10065.08, 1365
10072.75, 1364
10078.28, 1363
10080.81, 1362
10082.55, 1361
10087.26, 1360
10098.12, 1359
10098.21, 1358
10102.93, 1357
10106.06, 1356
10109.15, 1355
10113.52, 1354
10208.62, 1353
10213.13, 1352
10217.34, 1351
10224.03, 1350
10226.95, 1349
10227.68, 1348
10231.72, 1347
10238.42, 1346
10243.35, 1345
10244.65, 1344
10247.13, 1343
10252.81, 1342
10255.37, 1341
10257.62, 1340
10267.38, 1339
10271.63, 1338
10274.86, 1337
10278.85, 1336
10281.98, 1335
10286.97, 1334
10287.68, 1333
10292.57, 1332
10376.91, 1331
10388.07, 1330
10388.8, 1329
10396.2, 1328
10399.11, 1327
10408.6, 1326
10408.64, 1325
10408.67, 1324
10413.6, 1323
10423.41, 1322
10424.87, 1321
10428.56, 1320
10430.6, 1319
10432.46, 1318
10437.8, 1317
10440.13, 1316
10445.87, 1315
10446.89, 1314
10458.89, 1313
10459.95, 1312
10459.97, 1311
10462.67, 1310
10470.91, 1309
10470.95, 1308
10485.04, 1307
10490.67, 1306
10494.93, 1305
10497.61, 1304
10500.31, 1303
10505.49, 1302
10511.48, 1301
10513.67, 1300
10516.61, 1299
10519.82, 1298
10626.25, 1297
10629.96, 1296
10632.86, 1295
10637.84, 1294
10640.78, 1293
10645.29, 1292
10648.59, 1291
10666.86, 1290
10666.9, 1289
10703.88, 1288
10707.72, 1287
10711.92, 1286
10713.99, 1285
10721.19, 1284
10727.36, 1283
10728.06, 1282
10728.78, 1281
10731.94, 1280
10734.6, 1279
10740.42, 1278
10744.57, 1277
10746.73, 1276
10757.42, 1275
10761.54, 1274
10763.81, 1273
10767.36, 1272
10771.84, 1271
10775.23, 1270
10779.22, 1269
10781.23, 1268
10783.26, 1267
10789.29, 1266
10793.76, 1265
10796.25, 1264
10799.15, 1263
10811.54, 1262
10814.74, 1261
10819.75, 1260
10822.27, 1259
10824.57, 1258
10825.32, 1257
10840.69, 1256
10843.8, 1255
10849.07, 1254
10854.83, 1253
10856.31, 1252
10857.08, 1251
10857.78, 1250
10920.88, 1249
10923.43, 1248
10924.22, 1247
10924.81, 1246
10925.65, 1245
10926.27, 1244
10997.45, 1243
11031.34, 1242
11041.66, 1241
11046.33, 1240
11046.42, 1239
11046.44, 1238
11048.18, 1237
11048.21, 1236
11048.23, 1235
11058.87, 1234
11062.49, 1233
11065.01, 1232
11069.07, 1231
11070.06, 1230
11076.54, 1229
11077.77, 1228
11083.03, 1227
11092.6, 1226
11094.38, 1225
11141.76, 1224
11150.81, 1223
11150.91, 1222
11160.51, 1221
11160.61, 1220
11160.75, 1219
11164.74, 1218
11168.58, 1217
11172.14, 1216
11175.57, 1215
11180.54, 1214
11188.54, 1213
11196.95, 1212
11205.44, 1211
11212.53, 1210
11245.91, 1209
11246.62, 1208
11311.4, 1207
11315.74, 1206
11334.58, 1205
11347.0, 1204
11349.78, 1203
11355.94, 1202
11358.98, 1201
11376.66, 1200
11387.45, 1199
11389.47, 1198
11394.51, 1197
11396.61, 1196
11400.74, 1195
11407.66, 1194
11411.56, 1193
11424.99, 1192
11426.24, 1191
11430.08, 1190
11432.96, 1189
11433.57, 1188
11439.5, 1187
11441.92, 1186
11449.56, 1185
11452.87, 1184
11453.62, 1183
11464.46, 1182
11468.54, 1181
11471.99, 1180
11475.23, 1179
11477.71, 1178
11499.07, 1177
11506.71, 1176
11511.02, 1175
11513.48, 1174
11515.76, 1173
11516.41, 1172
11517.29, 1171
11518.85, 1170
11522.45, 1169
11528.14, 1168
11530.47, 1167
11534.24, 1166
11539.16, 1165
11545.81, 1164
11552.37, 1163
11565.12, 1162
11570.58, 1161
11571.3, 1160
11571.98, 1159
11574.75, 1158
11580.44, 1157
11587.0, 1156
11589.49, 1155
11594.83, 1154
11596.35, 1153
11597.13, 1152
11604.95, 1151
11606.86, 1150
11612.97, 1149
11618.16, 1148
11622.2, 1147
11793.62, 1146
11795.84, 1145
11799.05, 1144
11803.93, 1143
11845.05, 1142
11852.13, 1141
11854.92, 1140
11857.36, 1139
11862.16, 1138
11865.25, 1137
11870.39, 1136
11872.67, 1135
11883.99, 1134
11888.15, 1133
11891.7, 1132
11895.85, 1131
11903.41, 1130
11905.76, 1129
11909.42, 1128
11912.9, 1127
11915.22, 1126
11921.75, 1125
11923.98, 1124
11927.02, 1123
11937.09, 1122
11941.86, 1121
11946.47, 1120
11953.93, 1119
11956.82, 1118
11960.07, 1117
11965.14, 1116
11969.21, 1115
11974.8, 1114
11979.5, 1113
11982.37, 1112
11986.43, 1111
11990.68, 1110
11998.01, 1109
12002.02, 1108
12004.71, 1107
12013.22, 1106
12017.92, 1105
12023.54, 1104
12028.96, 1103
12034.29, 1102
12037.23, 1101
12039.67, 1100
12045.91, 1099
12049.52, 1098
12055.23, 1097
12057.04, 1096
12063.02, 1095
12081.84, 1094
12087.79, 1093
12091.48, 1092
12095.41, 1091
12097.02, 1090
12097.73, 1089
12098.44, 1088
12139.47, 1087
12140.5, 1086
12140.93, 1085
12141.69, 1084
12143.11, 1083
12143.25, 1082
12143.72, 1081
12219.35, 1080
12325.51, 1079
12334.25, 1078
12336.69, 1077
12411.81, 1076
12414.09, 1075
12420.77, 1074
12424.26, 1073
12432.17, 1072
12441.61, 1071
12445.6, 1070
12453.73, 1069
12456.01, 1068
12460.37, 1067
12464.39, 1066
12468.21, 1065
12473.04, 1064
12474.88, 1063
12479.56, 1062
12484.84, 1061
12487.97, 1060
12491.9, 1059
12508.19, 1058
12511.22, 1057
12514.69, 1056
12520.62, 1055
12522.99, 1054
12527.78, 1053
12531.66, 1052
12538.47, 1051
12540.84, 1050
12544.33, 1049
12546.59, 1048
12552.58, 1047
12568.8, 1046
12571.53, 1045
12574.01, 1044
12579.48, 1043
12582.67, 1042
12591.1, 1041
12596.73, 1040
12606.44, 1039
12610.26, 1038
12612.88, 1037
12613.6, 1036
12614.29, 1035
12625.31, 1034
12629.19, 1033
12631.54, 1032
12771.52, 1031
12772.93, 1030
12780.08, 1029
12784.05, 1028
12796.77, 1027
12796.85, 1026
12800.66, 1025
12803.85, 1024
12810.22, 1023
12813.0, 1022
12816.51, 1021
12822.17, 1020
12825.94, 1019
12830.76, 1018
12839.97, 1017
12845.59, 1016
12849.09, 1015
12852.68, 1014
12856.82, 1013
12860.95, 1012
12969.05, 1011
12976.86, 1010
12979.45, 1009
12982.04, 1008
12989.23, 1007
12990.46, 1006
12999.5, 1005
12999.61, 1004
13004.61, 1003
13009.46, 1002
13013.98, 1001
13018.37, 1000
13021.9, 999
13026.11, 998
13030.44, 997
13037.4, 996
13041.17, 995
13047.25, 994
13054.02, 993
13061.97, 992
13067.01, 991
13072.77, 990
13079.48, 989
13081.7, 988
13087.09, 987
13089.31, 986
13092.62, 985
13101.2, 984
13104.14, 983
13109.7, 982
13113.04, 981
13118.17, 980
13121.89, 979
13124.94, 978
13134.23, 977
13138.56, 976
13144.3, 975
13146.62, 974
13150.39, 973
13155.27, 972
13160.49, 971
13164.02, 970
13170.01, 969
13174.31, 968
13190.42, 967
13191.05, 966
13191.75, 965
13197.72, 964
13219.39, 963
13222.04, 962
13225.31, 961
13229.18, 960
13230.68, 959
13231.41, 958
13232.12, 957
13234.0, 956
13246.54, 955
13247.16, 954
13247.83, 953
13252.93, 952
13255.83, 951
13271.1, 950
13274.39, 949
13279.19, 948
13285.66, 947
13288.7, 946
13295.92, 945
13298.45, 944
13303.64, 943
13306.78, 942
13313.18, 941
13335.97, 940
13338.87, 939
13339.99, 938
13340.7, 937
13341.43, 936
13342.2, 935
13363.77, 934
13367.89, 933
13368.58, 932
13369.27, 931
13373.76, 930
13380.16, 929
13401.0, 928
13402.48, 927
13403.18, 926
13403.86, 925
13404.56, 924
13407.75, 923
13414.21, 922
13419.08, 921
13428.68, 920
13431.42, 919
13646.91, 918
13654.18, 917
13657.91, 916
13662.76, 915
13672.14, 914
13676.49, 913
13711.43, 912
13718.63, 911
13725.19, 910
13728.38, 909
13746.31, 908
13751.36, 907
13754.35, 906
13762.58, 905
13766.72, 904
13770.51, 903
13774.29, 902
13778.8, 901
13786.57, 900
13788.68, 899
13796.36, 898
13800.88, 897
13805.09, 896
13808.12, 895
13812.15, 894
13817.04, 893
13820.71, 892
13838.48, 891
13841.53, 890
13846.05, 889
13855.24, 888
13856.03, 887
13858.31, 886
13862.89, 885
13868.74, 884
13871.31, 883
13877.74, 882
13880.2, 881
13885.54, 880
13888.47, 879
13894.73, 878
13897.79, 877
13903.29, 876
13906.25, 875
13912.55, 874
13918.93, 873
13924.42, 872
13929.16, 871
13945.91, 870
13963.49, 869
13965.92, 868
13970.01, 867
13972.7, 866
13974.13, 865
13974.89, 864
13976.01, 863
13982.89, 862
13983.58, 861
13994.98, 860
13998.22, 859
14002.77, 858
14005.49, 857
14007.84, 856
14020.84, 855
14024.64, 854
14053.82, 853
14056.0, 852
14057.94, 851
14058.94, 850
14059.38, 849
14060.25, 848
14060.77, 847
14062.24, 846
14062.26, 845
14088.14, 844
14091.32, 843
14095.57, 842
14098.31, 841
14102.83, 840
14103.53, 839
14104.22, 838
14104.92, 837
14117.42, 836
14122.08, 835
14122.74, 834
14123.43, 833
14128.53, 832
14131.61, 831
14136.82, 830
14140.81, 829
14145.58, 828
14150.3, 827
14159.55, 826
14165.38, 825
14169.86, 824
14173.46, 823
14180.09, 822
14182.74, 821
14190.51, 820
14194.35, 819
14196.89, 818
14202.51, 817
14205.86, 816
14210.57, 815
14216.61, 814
14229.46, 813
14234.16, 812
14307.73, 811
14324.0, 810
14327.97, 809
14331.08, 808
14336.77, 807
14338.18, 806
14338.91, 805
14339.71, 804
14362.72, 803
14380.14, 802
14384.75, 801
14387.25, 800
14389.16, 799
14389.89, 798
14392.21, 797
14392.23, 796
14392.24, 795
14392.24, 794
14429.3, 793
14432.02, 792
14433.21, 791
14433.93, 790
14434.69, 789
14435.29, 788
14435.99, 787
14436.69, 786
14441.51, 785
14445.46, 784
14455.26, 783
14457.38, 782
14462.02, 781
14471.08, 780
14475.22, 779
14482.08, 778
14487.39, 777
14490.63, 776
14496.73, 775
14503.98, 774
14504.78, 773
14511.58, 772
14514.23, 771
14519.52, 770
14523.78, 769
14537.9, 768
14540.35, 767
14544.05, 766
14549.59, 765
14570.48, 764
14572.33, 763
14574.65, 762
14578.39, 761
14797.12, 760
14805.01, 759
14811.08, 758
14815.08, 757
14829.06, 756
14834.44, 755
14837.48, 754
14841.49, 753
14846.98, 752
14853.7, 751
14856.78, 750
14863.81, 749
14870.54, 748
14871.2, 747
14877.84, 746
14880.59, 745
14886.74, 744
14896.07, 743
14901.12, 742
14905.34, 741
14911.7, 740
14922.83, 739
14923.35, 738
14925.91, 737
14934.67, 736
14937.83, 735
14943.66, 734
14948.77, 733
14963.09, 732
14969.48, 731
14971.68, 730
14976.16, 729
14980.95, 728
14986.6, 727
14989.77, 726
14995.33, 725
14998.69, 724
15003.85, 723
15016.62, 722
15021.18, 721
15026.57, 720
15030.07, 719
15037.22, 718
15041.33, 717
15045.4, 716
15051.16, 715
15055.55, 714
15060.59, 713
15065.48, 712
15079.18, 711
15086.56, 710
15088.94, 709
15091.82, 708
15095.66, 707
15099.52, 706
15111.57, 705
15114.73, 704
15120.71, 703
15125.1, 702
15129.93, 701
15135.36, 700
15139.69, 699
15144.6, 698
15152.45, 697
15154.88, 696
15161.31, 695
15164.12, 694
15186.75, 693
15188.63, 692
15190.57, 691
15194.59, 690
15196.57, 689
15208.02, 688
15211.62, 687
15260.08, 686
15262.56, 685
15264.98, 684
15279.88, 683
15284.24, 682
15286.59, 681
15287.12, 680
15296.66, 679
15312.66, 678
15314.38, 677
15323.28, 676
15324.33, 675
15324.99, 674
15325.55, 673
15332.05, 672
15337.42, 671
15340.89, 670
15345.82, 669
15353.38, 668
15364.2, 667
15381.74, 666
15383.96, 665
15384.36, 664
15393.43, 663
15396.58, 662
15404.71, 661
15412.9, 660
15416.78, 659
15416.81, 658
15421.66, 657
15436.93, 656
15439.05, 655
15441.75, 654
15454.11, 653
15459.99, 652
15463.92, 651
15469.68, 650
15474.15, 649
15479.23, 648
15484.95, 647
15489.85, 646
15495.45, 645
15518.55, 644
15524.53, 643
15527.49, 642
15532.69, 641
15541.18, 640
15545.82, 639
15551.14, 638
15555.53, 637
15568.61, 636
15733.54, 635
15736.75, 634
15739.7, 633
15748.2, 632
15755.22, 631
15755.83, 630
15768.29, 629
15768.9, 628
15773.06, 627
15779.18, 626
15809.39, 625
15829.98, 624
15834.95, 623
15838.63, 622
15843.09, 621
15849.54, 620
15855.48, 619
15864.56, 618
15871.2, 617
15884.3, 616
15887.95, 615
15893.79, 614
15897.24, 613
15907.01, 612
15912.17, 611
15918.91, 610
15922.02, 609
15929.23, 608
16054.06, 607
16102.16, 606
16112.29, 605
16121.42, 604
16124.14, 603
16129.09, 602
16136.7, 601
16139.01, 600
16198.14, 599
16211.55, 598
16213.83, 597
16214.36, 596
16219.7, 595
16227.59, 594
16233.91, 593
16244.69, 592
16252.77, 591
16255.97, 590
16262.36, 589
16266.76, 588
16272.2, 587
16278.72, 586
16282.44, 585
16287.37, 584
16294.99, 583
16299.24, 582
16304.56, 581
16318.29, 580
16322.67, 579
16335.71, 578
16337.89, 577
16343.29, 576
16346.05, 575
16353.59, 574
16357.72, 573
16363.89, 572
16371.21, 571
16375.56, 570
16380.61, 569
16385.95, 568
16396.56, 567
16410.43, 566
16412.88, 565
16415.28, 564
16420.97, 563
16424.8, 562
16431.62, 561
16435.29, 560
16440.43, 559
16458.25, 558
16462.62, 557
16470.42, 556
16475.03, 555
16480.32, 554
16487.95, 553
16493.95, 552
16497.49, 551
16504.75, 550
16510.18, 549
16517.58, 548
16520.79, 547
16538.94, 546
16540.68, 545
16543.26, 544
16550.68, 543
16554.11, 542
16561.22, 541
16564.8, 540
16572.39, 539
16576.63, 538
16581.05, 537
16587.84, 536
16593.66, 535
16597.14, 534
16606.91, 533
16614.99, 532
16621.64, 531
16625.02, 530
16630.43, 529
16637.28, 528
16643.97, 527
16646.87, 526
16653.42, 525
16662.24, 524
16667.29, 523
16671.68, 522
16814.4, 521
16820.27, 520
16825.65, 519
16834.47, 518
16837.23, 517
16845.07, 516
16847.39, 515
16853.94, 514
16859.19, 513
16863.65, 512
16872.73, 511
16879.94, 510
16885.5, 509
16895.74, 508
16901.02, 507
16904.95, 506
16986.7, 505
16989.03, 504
16995.24, 503
17000.6, 502
17004.87, 501
17011.24, 500
17015.69, 499
17060.35, 498
17061.23, 497
17061.55, 496
17062.12, 495
17062.69, 494
17063.5, 493
17064.79, 492
17067.21, 491
17081.82, 490
17085.42, 489
17100.69, 488
17105.36, 487
17110.65, 486
17112.74, 485
17115.54, 484
17120.19, 483
17127.58, 482
17134.78, 481
17148.16, 480
17154.64, 479
17160.29, 478
17164.32, 477
17173.75, 476
17180.27, 475
17187.91, 474
17189.63, 473
17208.03, 472
17211.99, 471
17214.51, 470
17219.89, 469
17223.1, 468
17312.84, 467
17319.15, 466
17322.53, 465
17328.83, 464
17333.22, 463
17356.97, 462
17371.53, 461
17374.31, 460
17386.61, 459
17388.94, 458
17403.85, 457
17483.5, 456
17495.0, 455
17500.17, 454
17504.46, 453
17512.89, 452
17517.63, 451
17531.83, 450
17535.57, 449
17540.8, 448
17552.43, 447
17555.17, 446
17560.88, 445
17566.35, 444
17571.67, 443
17578.92, 442
17589.24, 441
17595.25, 440
17605.01, 439
17611.58, 438
17617.27, 437
17621.44, 436
17631.56, 435
17637.53, 434
17644.32, 433
17657.54, 432
17657.95, 431
17667.27, 430
17671.15, 429
17678.22, 428
17684.89, 427
17689.58, 426
17695.7, 425
17700.03, 424
17706.69, 423
17719.3, 422
17735.8, 421
17736.41, 420
17745.31, 419
17750.55, 418
17753.37, 417
17763.46, 416
17771.42, 415
17775.8, 414
17788.56, 413
17789.16, 412
17796.82, 411
17800.7, 410
17818.34, 409
17822.06, 408
17827.51, 407
17836.54, 406
17840.63, 405
17846.54, 404
17855.94, 403
17858.03, 402
17864.92, 401
17878.21, 400
17892.51, 399
17898.37, 398
17904.35, 397
17910.16, 396
17920.84, 395
17925.83, 394
17932.68, 393
17938.47, 392
17949.95, 391
17950.42, 390
17958.66, 389
17966.54, 388
17975.12, 387
17999.89, 386
18017.55, 385
18023.09, 384
18029.64, 383
18036.4, 382
18098.28, 381
18103.38, 380
18111.7, 379
18131.12, 378
18137.2, 377
18139.78, 376
18141.87, 375
18145.89, 374
18160.04, 373
18162.6, 372
18168.66, 371
18220.45, 370
18224.9, 369
18229.55, 368
18237.27, 367
18243.97, 366
18253.42, 365
18261.19, 364
18265.41, 363
18270.63, 362
18278.49, 361
18284.34, 360
18289.66, 359
18372.37, 358
18380.84, 357
18386.91, 356
18401.77, 355
18405.55, 354
18413.05, 353
18425.01, 352
18430.31, 351
18437.5, 350
18441.6, 349
18448.61, 348
18454.23, 347
18461.58, 346
18470.41, 345
18478.67, 344
18484.39, 343
18488.81, 342
18495.38, 341
18500.9, 340
18507.11, 339
18514.92, 338
18521.38, 337
18527.75, 336
18540.62, 335
18547.41, 334
18553.3, 333
18561.53, 332
18568.37, 331
18573.42, 330
18587.13, 329
18663.2, 328
18671.37, 327
18684.94, 326
18694.07, 325
18699.51, 324
18706.17, 323
18713.62, 322
18720.84, 321
18724.48, 320
18737.59, 319
18744.02, 318
18750.94, 317
18754.69, 316
18762.43, 315
18794.34, 314
18795.08, 313
18795.64, 312
18796.23, 311
18800.17, 310
18813.76, 309
18820.18, 308
18828.39, 307
18843.05, 306
18946.94, 305
18954.75, 304
18987.37, 303
18991.65, 302
18997.91, 301
19008.73, 300
19015.4, 299
19021.66, 298
19029.29, 297
19033.46, 296
19044.48, 295
19052.64, 294
19060.14, 293
19127.53, 292
19129.55, 291
19140.36, 290
19146.91, 289
19151.81, 288
19163.31, 287
19176.8, 286
19179.74, 285
19187.96, 284
19197.81, 283
19198.39, 282
19207.32, 281
19213.19, 280
19222.51, 279
19285.02, 278
19289.32, 277
19298.98, 276
19312.87, 275
19320.83, 274
19328.74, 273
19336.52, 272
19349.94, 271
19357.55, 270
19362.13, 269
19369.61, 268
19384.7, 267
19389.83, 266
19397.17, 265
19404.62, 264
19412.37, 263
19422.16, 262
19433.19, 261
19440.53, 260
19446.24, 259
19465.04, 258
19470.03, 257
19476.91, 256
19483.93, 255
19495.75, 254
19501.81, 253
19507.43, 252
19514.21, 251
19521.32, 250
19529.36, 249
19544.04, 248
19551.78, 247
19561.54, 246
19578.89, 245
19584.91, 244
19590.32, 243
19597.5, 242
19610.14, 241
19617.25, 240
19622.84, 239
19629.34, 238
19638.05, 237
19645.46, 236
19654.57, 235
19662.32, 234
19670.78, 233
19850.55, 232
19855.73, 231
19866.14, 230
19876.62, 229
19884.46, 228
19896.06, 227
19907.53, 226
19921.18, 225
19928.86, 224
19934.76, 223
19940.76, 222
19954.26, 221
20021.15, 220
20029.24, 219
20038.69, 218
20046.24, 217
20053.44, 216
20060.8, 215
20069.48, 214
20076.44, 213
20089.48, 212
20139.2, 211
20146.7, 210
20156.23, 209
20162.65, 208
20217.86, 207
20222.97, 206
20232.27, 205
20305.06, 204
20309.6, 203
20318.02, 202
20327.92, 201
20331.94, 200
20339.78, 199
20347.06, 198
20405.45, 197
20412.44, 196
20421.05, 195
20427.9, 194
20440.6, 193
20457.2, 192
20464.9, 191
20473.05, 190
20479.13, 189
20493.28, 188
20503.57, 187
20509.95, 186
20515.39, 185
20523.58, 184
20556.85, 183
20568.51, 182
20573.11, 181
20580.15, 180
20589.57, 179
20600.65, 178
20607.31, 177
20613.47, 176
20629.08, 175
20640.91, 174
20648.26, 173
20655.2, 172
20662.66, 171
20679.12, 170
20687.0, 169
20695.36, 168
20703.27, 167
20711.82, 166
20717.64, 165
20725.97, 164
20738.35, 163
20751.67, 162
20756.29, 161
20763.03, 160
20769.8, 159
20782.98, 158
20865.35, 157
20876.84, 156
20884.99, 155
20891.22, 154
20901.2, 153
20906.2, 152
20915.25, 151
20924.24, 150
20932.28, 149
20939.9, 148
20953.43, 147
20961.93, 146
20973.06, 145
20979.74, 144
20988.39, 143
20996.02, 142
21003.66, 141
21012.33, 140
21154.66, 139
21163.13, 138
21173.34, 137
21182.56, 136
21195.7, 135
21217.02, 134
21229.63, 133
21240.12, 132
21245.56, 131
21252.64, 130
21260.92, 129
21269.0, 128
21280.73, 127
21296.71, 126
21306.23, 125
21315.15, 124
21398.06, 123
21403.77, 122
21412.55, 121
21425.38, 120
21438.38, 119
21445.23, 118
21452.55, 117
21461.79, 116
21469.46, 115
21479.05, 114
21591.2, 113
21601.72, 112
21608.42, 111
21619.26, 110
21627.55, 109
21640.71, 108
21647.78, 107
21655.88, 106
21666.18, 105
21673.91, 104
21682.3, 103
21690.54, 102
21703.57, 101
21720.37, 100
21738.22, 99
21738.26, 98
21745.82, 97
21754.38, 96
21761.64, 95
21774.49, 94
21784.2, 93
21792.13, 92
21800.53, 91
21810.73, 90
21825.38, 89
21835.28, 88
21846.65, 87
21854.5, 86
21863.21, 85
21871.61, 84
21883.36, 83
21893.07, 82
21902.21, 81
21911.36, 80
21921.87, 79
21929.52, 78
21937.88, 77
21953.85, 76
21963.25, 75
21976.44, 74
21982.51, 73
21991.58, 72
22157.52, 71
22169.82, 70
22187.19, 69
22195.21, 68
22206.8, 67
22214.54, 66
22225.08, 65
22234.47, 64
22240.39, 63
22252.25, 62
22263.76, 61
22274.17, 60
22363.12, 59
22373.12, 58
22389.84, 57
22400.99, 56
22408.71, 55
22419.34, 54
22426.68, 53
22436.12, 52
22448.67, 51
22459.63, 50
22469.17, 49
22474.8, 48
22485.81, 47
22496.38, 46
22505.29, 45
22517.34, 44
22528.15, 43
22538.83, 42
22553.14, 41
22562.39, 40
22571.57, 39
22581.71, 38
