3070.75, 5326
3076.56, 5226
3081.82, 5131
3124.89, 5130
3142.83, 5039
3146.24, 5037
3147.16, 5036
3148.27, 4954
3157.38, 4951
3161.05, 4950
3165.5, 4949
3166.68, 4948
3167.81, 4880
3173.22, 4876
3178.32, 4874
3183.15, 4873
3184.4, 4872
3185.59, 4871
3189.29, 4869
3190.49, 4867
3197.83, 4866
3198.82, 4865
3202.99, 4864
3208.15, 4863
3211.55, 4801
3212.9, 4796
3219.35, 4793
3225.04, 4792
3227.47, 4791
3228.7, 4790
3229.82, 4789
3230.93, 4788
3233.96, 4787
3242.57, 4786
3247.81, 4785
3251.99, 4783
3252.83, 4782
3253.93, 4781
3255.84, 4780
3297.96, 4724
3299.78, 4718
3347.17, 4714
3372.54, 4713
3377.0, 4711
3383.29, 4710
3385.5, 4709
3385.51, 4708
3391.36, 4707
3397.44, 4706
3399.7, 4705
3400.87, 4704
3405.4, 4700
3406.04, 4699
3414.27, 4697
3415.12, 4696
3416.27, 4695
3420.91, 4694
3427.27, 4693
3435.17, 4692
3441.13, 4691
3442.26, 4690
3443.41, 4689
3445.75, 4688
3446.09, 4687
3454.05, 4686
3456.88, 4685
3457.94, 4635
3459.09, 4628
3466.88, 4623
3468.18, 4622
3469.57, 4621
3490.46, 4619
3491.71, 4618
3492.9, 4617
3494.11, 4616
3495.0, 4615
3517.13, 4614
3543.11, 4613
3552.81, 4612
3555.71, 4611
3555.89, 4610
3556.94, 4609
3558.02, 4608
3594.57, 4607
3596.51, 4605
3598.57, 4604
3598.73, 4603
3606.0, 4602
3606.95, 4601
3613.65, 4600
3614.0, 4599
3616.34, 4598
3626.26, 4597
3626.3, 4596
3626.31, 4595
3633.8, 4594
3646.75, 4593
3647.6, 4592
3647.64, 4548
3648.04, 4540
3652.53, 4534
3657.62, 4533
3660.76, 4531
3662.05, 4529
3663.64, 4528
3671.21, 4527
3672.38, 4526
3673.44, 4525
3683.86, 4524
3700.72, 4523
3716.18, 4522
3717.11, 4521
3718.21, 4520
3719.32, 4519
3734.02, 4518
3786.51, 4517
3792.12, 4516
3797.22, 4515
3798.33, 4514
3799.47, 4513
3827.16, 4512
3830.9, 4511
3842.3, 4510
3842.37, 4509
3850.12, 4508
3851.24, 4507
3852.36, 4506
3853.49, 4505
3873.89, 4504
3875.79, 4503
3876.16, 4502
3877.27, 4501
3878.41, 4500
3903.38, 4499
3908.81, 4461
3913.62, 4452
3913.74, 4445
3914.85, 4444
3921.44, 4441
3922.53, 4439
3923.59, 4438
3934.47, 4437
3935.63, 4435
3936.7, 4434
3937.91, 4433
3941.45, 4432
3957.85, 4430
3962.92, 4429
3963.98, 4428
3965.18, 4427
3966.18, 4426
3967.3, 4425
3968.41, 4424
3969.5, 4423
3980.61, 4422
3987.19, 4421
3992.7, 4420
3993.85, 4419
3994.92, 4418
3996.05, 4417
4004.76, 4416
4006.91, 4409
4007.03, 4408
4028.69, 4405
4033.7, 4403
4033.73, 4402
4033.74, 4401
4033.74, 4399
4081.97, 4398
4101.55, 4397
4102.66, 4396
4103.74, 4394
4104.88, 4393
4109.36, 4392
4131.42, 4391
4136.2, 4390
4142.6, 4389
4143.73, 4388
4144.86, 4387
4146.22, 4386
4159.08, 4385
4165.99, 4384
4167.14, 4383
4168.25, 4382
4169.35, 4381
4173.84, 4378
4176.73, 4370
4181.87, 4369
4190.62, 4366
4194.77, 4364
4200.54, 4363
4201.8, 4362
4203.04, 4361
4204.99, 4359
4205.02, 4358
4207.72, 4357
4228.04, 4356
4248.48, 4355
4250.87, 4353
4250.9, 4352
4269.77, 4351
4276.09, 4350
4277.28, 4349
4282.7, 4348
4283.82, 4347
4285.35, 4346
4286.01, 4345
4297.54, 4344
4298.66, 4343
4299.75, 4342
4300.85, 4341
4315.39, 4340
4316.45, 4339
4317.54, 4338
4318.67, 4337
4319.77, 4336
4341.65, 4335
4343.96, 4334
4343.98, 4333
4345.0, 4330
4346.14, 4328
4353.8, 4327
4375.7, 4326
4376.91, 4325
4377.96, 4323
4379.08, 4322
4380.29, 4321
4381.3, 4320
4386.71, 4319
4387.85, 4317
4393.55, 4316
4394.68, 4315
4401.76, 4314
4406.01, 4313
4408.71, 4312
4409.86, 4311
4454.08, 4310
4456.34, 4309
4457.32, 4308
4458.42, 4307
4466.82, 4306
4471.21, 4305
4476.07, 4304
4477.21, 4303
4478.32, 4302
4481.42, 4301
4492.02, 4300
4492.11, 4299
4497.48, 4298
4502.62, 4297
4507.37, 4296
4508.48, 4295
4518.93, 4294
4519.98, 4293
4524.76, 4292
4525.89, 4291
4560.14, 4290
4569.38, 4289
4578.15, 4288
4579.31, 4287
4581.1, 4286
4588.78, 4282
4589.93, 4280
4591.04, 4279
4606.21, 4278
4607.82, 4277
4608.54, 4274
4609.7, 4273
4613.44, 4272
4613.46, 4271
4626.18, 4269
4634.7, 4267
4640.79, 4266
4641.95, 4265
4643.06, 4264
4645.69, 4263
4645.81, 4262
4681.93, 4261
4682.66, 4260
4684.33, 4259
4684.71, 4258
4685.76, 4257
4764.27, 4256
4777.77, 4255
4789.08, 4254
4792.63, 4253
4793.76, 4252
4794.87, 4251
4795.96, 4250
4797.05, 4249
4803.4, 4248
4804.6, 4247
4805.76, 4246
4813.31, 4245
4818.96, 4244
4821.75, 4243
4823.62, 4242
4842.76, 4241
4848.28, 4238
4852.01, 4237
4853.17, 4236
4854.28, 4235
4855.65, 4233
4856.62, 4231
4857.63, 4230
4858.73, 4229
4866.64, 4228
4875.6, 4227
4878.08, 4226
4879.23, 4225
4880.33, 4224
4881.93, 4223
4882.68, 4222
4904.16, 4221
4905.57, 4220
4906.49, 4219
4907.47, 4218
4908.58, 4217
4977.35, 4216
4987.36, 4215
4988.47, 4214
4993.31, 4213
4999.98, 4212
5003.68, 4211
5008.39, 4210
5009.59, 4209
5010.7, 4208
5018.66, 4207
5025.8, 4206
5027.04, 4205
5033.4, 4204
5042.68, 4202
5043.19, 4200
5044.3, 4199
5045.46, 4198
5049.58, 4197
5059.62, 4196
5060.73, 4195
5062.0, 4194
5062.96, 4193
5079.21, 4192
5080.37, 4191
5081.52, 4190
5082.64, 4189
5083.77, 4188
5092.98, 4187
5094.13, 4186
5095.38, 4185
5110.13, 4184
5110.81, 4183
5112.04, 4182
5199.74, 4181
5200.85, 4180
5201.95, 4179
5203.39, 4178
5204.12, 4177
5218.35, 4176
5224.0, 4175
5225.21, 4174
5234.69, 4173
5236.28, 4172
5273.41, 4171
5288.53, 4170
5298.26, 4168
5299.36, 4166
5300.45, 4165
5311.2, 4164
5325.44, 4163
5326.41, 4162
5327.87, 4161
5330.39, 4160
5330.49, 4159
5331.01, 4158
5356.87, 4157
5380.75, 4156
5383.92, 4155
5387.56, 4154
5391.21, 4153
5394.84, 4152
5398.64, 4151
5415.54, 4150
5428.17, 4149
5442.02, 4148
5444.59, 4147
5444.65, 4146
5445.45, 4145
5486.5, 4144
5490.7, 4143
5491.76, 4142
5492.86, 4141
5493.98, 4140
5495.06, 4139
5504.11, 4138
5505.7, 4137
5518.54, 4136
5526.86, 4135
5526.96, 4134
5528.05, 4133
5529.06, 4132
5531.73, 4131
5552.76, 4130
5553.95, 4129
5555.62, 4128
5556.24, 4127
5557.41, 4126
5578.08, 4125
5613.34, 4124
5618.27, 4123
5623.4, 4122
5624.26, 4121
5625.35, 4120
5626.44, 4119
5627.73, 4118
5632.31, 4117
5633.38, 4116
5640.67, 4115
5644.48, 4114
5657.6, 4113
5657.69, 4112
5664.83, 4111
5664.91, 4110
5667.31, 4109
5671.25, 4108
5672.36, 4106
5686.88, 4105
5688.11, 4104
5689.35, 4103
5690.16, 4102
5691.25, 4101
5702.16, 4100
5703.28, 4099
5704.54, 4098
5705.43, 4097
5711.03, 4096
5720.34, 4095
5726.45, 4094
5728.09, 4093
5728.7, 4092
5729.73, 4091
5730.83, 4090
5737.49, 4089
5747.16, 4088
5751.04, 4087
5754.56, 4086
5760.15, 4085
5765.23, 4084
5765.63, 4083
5769.3, 4082
5773.05, 4081
5776.56, 4080
5782.44, 4079
5784.2, 4078
5787.57, 4077
5791.24, 4076
5794.89, 4075
5798.59, 4074
5802.26, 4073
5805.94, 4072
5820.4, 4071
5828.44, 4070
5835.58, 4069
5836.73, 4068
5837.98, 4067
5839.15, 4066
5840.06, 4065
5854.77, 4064
5857.31, 4063
5857.61, 4062
5858.71, 4061
5859.81, 4060
5880.71, 4059
5881.86, 4058
5942.85, 4057
5944.47, 4056
5945.42, 4055
5946.4, 4054
5947.59, 4053
5948.77, 4052
5950.01, 4051
5969.62, 4050
5978.25, 4049
5981.93, 4048
5985.6, 4047
5989.29, 4046
5992.84, 4045
6031.66, 4044
6035.91, 4043
6039.4, 4042
6042.05, 4041
6045.57, 4040
6076.49, 4039
6081.42, 4038
6082.56, 4037
6083.65, 4036
6084.73, 4035
6102.68, 4034
6121.21, 4032
6130.58, 4031
6133.22, 4030
6145.34, 4029
6150.91, 4028
6152.8, 4027
6153.13, 4026
6154.57, 4025
6156.14, 4024
6170.01, 4023
6178.43, 4022
6184.39, 4021
6185.53, 4020
6186.73, 4019
6187.88, 4018
6188.92, 4017
6190.01, 4016
6191.12, 4015
6196.57, 4014
6199.83, 4013
6203.94, 4012
6213.0, 4011
6223.86, 4010
6224.05, 4009
6227.66, 4008
6231.28, 4007
6234.94, 4006
6238.71, 4005
6242.28, 4004
6246.18, 4003
6251.85, 4002
6253.47, 4001
6257.29, 4000
6260.96, 3999
6265.4, 3998
6268.43, 3997
6274.65, 3996
6276.5, 3995
6280.28, 3994
6283.31, 3993
6305.75, 3992
6307.37, 3991
6308.48, 3990
6309.65, 3989
6310.74, 3988
6350.58, 3987
6376.08, 3986
6377.58, 3985
6378.37, 3984
6380.68, 3983
6380.76, 3982
6384.02, 3981
6412.01, 3980
6413.01, 3979
6442.09, 3978
6452.72, 3977
6453.78, 3976
6454.98, 3975
6502.12, 3974
6507.83, 3973
6514.15, 3972
6515.25, 3971
6516.33, 3970
6517.44, 3969
6518.56, 3968
6519.68, 3967
6520.74, 3966
6527.53, 3965
6528.67, 3964
6534.59, 3963
6559.23, 3962
6560.28, 3961
6561.36, 3960
6562.49, 3959
6575.24, 3958
6579.74, 3957
6580.87, 3956
6582.05, 3955
6583.05, 3954
6591.43, 3953
6595.76, 3952
6597.9, 3951
6598.95, 3950
6600.02, 3949
6620.85, 3948
6622.38, 3947
6623.08, 3946
6624.18, 3945
6625.28, 3944
6626.38, 3943
6653.04, 3942
6664.01, 3941
6665.4, 3940
6666.54, 3939
6667.58, 3938
6682.41, 3937
6692.19, 3936
6715.8, 3935
6717.01, 3934
6718.08, 3933
6719.97, 3932
6747.61, 3931
6759.49, 3930
6762.35, 3929
6791.16, 3928
6795.39, 3927
6802.05, 3926
6803.11, 3925
6804.22, 3924
6810.29, 3923
6816.36, 3922
6820.3, 3921
6821.43, 3920
6827.73, 3919
6828.86, 3918
6839.49, 3917
6851.81, 3916
6860.67, 3915
6861.97, 3914
6862.92, 3913
6864.04, 3912
6889.76, 3911
6891.27, 3910
6892.39, 3909
6893.47, 3908
6894.56, 3907
6906.0, 3906
6907.04, 3905
6941.61, 3904
6942.71, 3903
6954.21, 3902
6959.97, 3901
6964.08, 3900
6965.22, 3899
6968.17, 3898
6968.2, 3897
6973.48, 3896
6981.88, 3895
6985.65, 3894
6986.97, 3893
6988.76, 3892
6997.98, 3891
7003.49, 3890
7007.25, 3889
7010.93, 3888
7014.53, 3887
7022.56, 3886
7082.09, 3885
7083.27, 3884
7087.15, 3883
7168.71, 3882
7174.39, 3881
7177.76, 3880
7178.92, 3879
7180.08, 3878
7181.21, 3877
7182.35, 3876
7183.45, 3875
7190.55, 3874
7193.51, 3873
7201.3, 3872
7206.26, 3871
7209.35, 3870
7210.49, 3869
7211.61, 3868
7220.73, 3867
7223.01, 3866
7224.07, 3865
7233.01, 3864
7236.75, 3863
7241.74, 3862
7242.88, 3861
7243.98, 3860
7258.05, 3859
7266.49, 3858
7280.24, 3857
7281.86, 3856
7286.72, 3855
7287.85, 3854
7288.98, 3853
7290.0, 3852
7291.22, 3851
7292.2, 3850
7294.68, 3849
7319.76, 3848
7320.9, 3847
7322.09, 3846
7323.2, 3845
7324.41, 3844
7368.21, 3843
7374.17, 3842
7375.3, 3841
7376.4, 3840
7377.55, 3839
7382.7, 3838
7389.79, 3837
7397.25, 3836
7403.91, 3835
7405.01, 3834
7406.13, 3833
7407.19, 3832
7417.57, 3831
7425.73, 3830
7426.85, 3829
7427.97, 3828
7429.08, 3827
7430.2, 3826
7444.61, 3825
7446.18, 3824
7446.87, 3823
7448.11, 3822
7497.56, 3821
7536.9, 3820
7544.58, 3819
7550.8, 3818
7554.5, 3817
7555.75, 3816
7556.64, 3815
7568.09, 3814
7572.6, 3813
7573.71, 3812
7584.0, 3811
7588.71, 3810
7592.86, 3809
7594.1, 3808
7595.3, 3807
7605.32, 3806
7605.86, 3805
7606.97, 3804
7613.59, 3803
7622.3, 3802
7623.71, 3801
7624.82, 3800
7701.32, 3799
7702.45, 3798
7703.56, 3797
7704.89, 3796
7705.78, 3795
7721.25, 3794
7743.19, 3793
7744.29, 3792
7751.11, 3791
7754.03, 3790
7755.09, 3789
7773.33, 3788
7782.93, 3787
7787.18, 3786
7788.92, 3785
7789.43, 3784
7790.55, 3783
7791.68, 3782
7797.48, 3781
7801.14, 3780
7805.92, 3779
7807.02, 3778
7821.19, 3777
7821.66, 3776
7822.36, 3775
7826.09, 3774
7829.78, 3773
7833.48, 3772
7837.19, 3771
7840.75, 3770
7866.4, 3769
7880.36, 3768
7883.71, 3767
7883.73, 3766
7883.74, 3765
7931.57, 3764
7945.32, 3763
7961.07, 3762
7975.53, 3761
8024.16, 3760
8031.74, 3759
8033.26, 3758
8034.34, 3757
8042.13, 3756
8043.24, 3755
8044.34, 3754
8045.44, 3753
8055.83, 3752
8060.2, 3751
8064.28, 3750
8065.44, 3749
8066.58, 3748
8072.58, 3747
8075.88, 3746
8090.54, 3745
8094.52, 3744
8096.39, 3743
8097.55, 3742
8098.93, 3741
8099.71, 3740
8110.07, 3739
8121.44, 3738
8126.53, 3737
8132.59, 3736
8132.61, 3735
8132.62, 3734
8132.62, 3733
8137.42, 3732
8138.54, 3731
8166.41, 3730
8170.01, 3729
8177.92, 3728
8223.13, 3727
8226.7, 3726
8230.58, 3725
8233.97, 3724
8268.13, 3723
8275.72, 3722
8295.1, 3721
8296.17, 3720
8297.31, 3719
8298.34, 3718
8299.4, 3717
8334.38, 3716
8349.18, 3715
8355.71, 3714
8359.69, 3713
8360.8, 3712
8363.09, 3711
8400.04, 3710
8403.52, 3709
8407.01, 3708
8407.1, 3707
8407.12, 3706
8423.26, 3705
8453.69, 3704
8460.72, 3703
8464.27, 3702
8465.4, 3701
8469.49, 3700
8474.93, 3699
8477.98, 3698
8484.11, 3697
8490.86, 3696
8493.27, 3695
8494.46, 3694
8519.08, 3693
8526.09, 3692
8530.27, 3691
8533.41, 3690
8537.01, 3689
8540.67, 3688
8544.27, 3687
8566.65, 3686
8567.71, 3685
8568.82, 3684
8569.91, 3683
8571.11, 3682
8572.12, 3681
8576.22, 3680
8589.02, 3679
8590.11, 3678
8591.19, 3677
8592.29, 3676
8603.37, 3675
8604.49, 3674
8605.62, 3673
8612.07, 3672
8613.22, 3671
8626.39, 3670
8633.45, 3669
8634.6, 3668
8635.73, 3667
8636.84, 3666
8638.05, 3665
8647.41, 3664
8651.72, 3663
8657.49, 3662
8658.61, 3661
8659.75, 3660
8662.27, 3659
8671.14, 3658
8674.66, 3657
8678.28, 3656
8681.96, 3655
8687.28, 3654
8702.29, 3653
8706.61, 3652
8710.99, 3651
8713.35, 3650
8717.02, 3649
8720.63, 3648
8724.3, 3647
8727.88, 3646
8771.17, 3645
8772.3, 3644
8773.35, 3643
8774.5, 3642
8799.74, 3641
8800.87, 3640
8819.35, 3639
8820.47, 3638
8821.71, 3637
8822.68, 3636
8823.78, 3635
8824.86, 3634
8831.44, 3633
8837.12, 3632
8839.7, 3631
8844.86, 3630
8850.7, 3629
8854.49, 3628
8859.1, 3627
8860.21, 3626
8870.39, 3625
8874.09, 3624
8877.74, 3623
8910.81, 3622
8918.89, 3621
8959.31, 3620
8964.13, 3619
8966.53, 3618
8977.31, 3617
8978.63, 3616
8979.65, 3615
8980.8, 3614
8981.92, 3613
9007.8, 3612
9008.94, 3611
9010.1, 3610
9011.14, 3609
9012.23, 3608
9033.0, 3607
9043.16, 3606
9045.42, 3605
9057.0, 3604
9069.04, 3603
9072.56, 3602
9121.17, 3601
9122.58, 3600
9123.38, 3599
9124.35, 3598
9151.26, 3597
9175.63, 3596
9199.76, 3595
9200.84, 3594
9201.5, 3593
9202.6, 3592
9203.71, 3591
9205.52, 3590
9205.93, 3589
9212.1, 3588
9219.55, 3587
9223.23, 3586
9227.83, 3585
9230.4, 3584
9241.94, 3583
9254.52, 3582
9255.79, 3581
9256.73, 3580
9257.83, 3579
9258.97, 3578
9270.62, 3577
9271.79, 3576
9294.23, 3575
9303.96, 3574
9305.73, 3573
9306.75, 3572
9307.07, 3571
9308.36, 3570
9312.65, 3569
9330.08, 3568
9336.7, 3567
9337.86, 3566
9352.56, 3565
9356.24, 3564
9360.01, 3563
9363.87, 3562
9367.39, 3561
9371.16, 3560
9378.9, 3559
9392.64, 3558
9399.82, 3557
9401.83, 3556
9406.63, 3555
9406.76, 3554
9406.78, 3553
9406.8, 3552
9416.21, 3551
9418.07, 3550
9419.19, 3549
9443.37, 3548
9444.47, 3547
9445.69, 3546
9446.69, 3545
9447.78, 3544
9497.66, 3543
9501.05, 3542
9504.84, 3541
9510.74, 3540
9515.04, 3539
9515.93, 3538
9524.44, 3537
9528.11, 3536
9531.68, 3535
9551.51, 3534
9555.53, 3533
9616.61, 3532
9619.07, 3531
9623.07, 3530
9626.49, 3529
9630.25, 3528
9659.4, 3527
9661.75, 3526
9677.05, 3525
9702.85, 3524
9709.69, 3523
9710.9, 3522
9712.12, 3521
9713.19, 3520
9717.26, 3519
9720.41, 3518
9740.11, 3517
9743.77, 3516
9744.84, 3515
9746.15, 3514
9747.06, 3513
9748.17, 3512
9758.56, 3511
9765.71, 3510
9778.72, 3509
9779.84, 3508
9781.92, 3507
9783.55, 3506
9783.58, 3505
9833.05, 3504
9851.48, 3503
9858.79, 3502
9869.77, 3501
9870.99, 3500
9872.2, 3499
9873.31, 3498
9874.26, 3497
9908.16, 3496
9913.55, 3495
9917.75, 3494
9918.83, 3493
9919.9, 3492
9921.19, 3491
9922.11, 3490
9952.01, 3489
9953.12, 3488
9955.89, 3487
9955.94, 3486
9956.41, 3485
10027.71, 3484
10037.35, 3483
10047.48, 3482
10048.59, 3481
10049.68, 3480
10050.82, 3479
10051.97, 3478
10064.81, 3477
10068.1, 3476
10072.69, 3475
10080.33, 3474
10081.49, 3473
10083.56, 3472
10091.84, 3471
10093.33, 3470
10098.82, 3469
10106.11, 3468
10110.53, 3467
10114.49, 3466
10115.89, 3465
10119.79, 3464
10122.25, 3463
10130.62, 3462
10131.77, 3461
10139.27, 3460
10143.09, 3459
10146.16, 3458
10147.32, 3457
10156.35, 3456
10171.4, 3455
10177.17, 3454
10178.17, 3453
10179.52, 3452
10180.42, 3451
10181.55, 3450
10222.19, 3449
10234.7, 3448
10237.81, 3447
10241.1, 3446
10241.19, 3445
10252.85, 3444
10258.35, 3443
10265.74, 3442
10266.88, 3441
10267.99, 3440
10280.23, 3439
10280.62, 3438
10281.98, 3437
10282.86, 3436
10299.45, 3435
10309.12, 3434
10330.24, 3433
10338.22, 3432
10339.33, 3431
10343.02, 3430
10349.15, 3429
10359.11, 3428
10360.18, 3427
10368.47, 3426
10372.21, 3425
10375.34, 3424
10380.28, 3423
10382.75, 3422
10391.66, 3421
10395.4, 3420
10399.39, 3419
10405.62, 3418
10406.28, 3417
10409.63, 3416
10413.25, 3415
10423.26, 3414
10441.33, 3413
10445.07, 3412
10446.19, 3411
10447.29, 3410
10449.98, 3409
10450.07, 3408
10450.54, 3407
10454.16, 3406
10464.3, 3405
10470.22, 3404
10471.35, 3403
10477.29, 3402
10483.58, 3401
10484.66, 3400
10489.35, 3399
10493.86, 3398
10603.29, 3397
10607.38, 3396
10610.42, 3395
10614.08, 3394
10617.65, 3393
10635.39, 3392
10690.9, 3391
10694.71, 3390
10699.76, 3389
10700.9, 3388
10707.74, 3387
10711.42, 3386
10715.11, 3385
10725.73, 3384
10736.25, 3383
10744.55, 3382
10749.22, 3381
10751.93, 3380
10755.88, 3379
10759.23, 3378
10762.95, 3377
10766.69, 3376
10770.42, 3375
10774.13, 3374
10777.78, 3373
10781.57, 3372
10786.89, 3371
10790.71, 3370
10794.39, 3369
10798.37, 3368
10801.92, 3367
10805.62, 3366
10809.18, 3365
10812.8, 3364
10816.44, 3363
10841.56, 3362
10842.69, 3361
10843.8, 3360
10844.91, 3359
10846.0, 3358
10901.26, 3357
10911.22, 3356
10912.37, 3355
10922.65, 3354
10925.08, 3353
10950.32, 3352
10960.06, 3351
10968.24, 3350
10969.4, 3349
10970.5, 3348
10971.62, 3347
10972.75, 3346
10973.86, 3345
10984.61, 3344
10985.75, 3343
10987.13, 3342
10989.18, 3341
11039.09, 3340
11049.91, 3339
11057.48, 3338
11062.79, 3337
11063.74, 3336
11064.87, 3335
11069.82, 3334
11074.96, 3333
11082.83, 3332
11086.62, 3331
11091.73, 3330
11095.52, 3329
11099.15, 3328
11102.67, 3327
11109.61, 3326
11112.0, 3325
11119.4, 3324
11133.43, 3323
11134.54, 3322
11135.65, 3321
11136.76, 3320
11137.84, 3319
11143.66, 3318
11152.65, 3317
11156.98, 3316
11180.41, 3315
11186.2, 3314
11220.57, 3313
11221.67, 3312
11222.77, 3311
11223.84, 3310
11275.54, 3309
11287.75, 3308
11292.09, 3307
11296.15, 3306
11303.16, 3305
11310.52, 3304
11310.54, 3303
11310.55, 3302
11318.01, 3301
11322.17, 3300
11327.1, 3299
11329.9, 3298
11333.87, 3297
11338.35, 3296
11346.04, 3295
11352.26, 3294
11354.47, 3293
11359.56, 3292
11362.77, 3291
11368.86, 3290
11399.16, 3289
11409.31, 3288
11416.54, 3287
11432.31, 3286
11446.61, 3285
11448.32, 3284
11455.2, 3283
11461.4, 3282
11476.03, 3281
11477.22, 3280
11483.02, 3279
11487.51, 3278
11490.61, 3277
11494.96, 3276
11500.32, 3275
11504.0, 3274
11513.0, 3273
11514.87, 3272
11527.1, 3271
11527.17, 3270
11530.34, 3269
11533.79, 3268
11539.88, 3267
11544.41, 3266
11552.19, 3265
11555.83, 3264
11560.4, 3263
11565.39, 3262
11569.17, 3261
11573.62, 3260
11581.58, 3259
11583.75, 3258
11591.87, 3257
11595.69, 3256
11598.79, 3255
11602.94, 3254
11609.78, 3253
11616.19, 3252
11619.81, 3251
11621.03, 3250
11631.85, 3249
11635.04, 3248
11636.21, 3247
11643.27, 3246
11649.13, 3245
11653.17, 3244
11663.04, 3243
11664.12, 3242
11686.05, 3241
11687.04, 3240
11688.92, 3239
11689.23, 3238
11705.73, 3237
11706.72, 3236
11707.81, 3235
11708.91, 3234
11710.0, 3233
11733.13, 3232
11734.26, 3231
11735.36, 3230
11823.29, 3229
11833.9, 3228
11842.22, 3227
11846.8, 3226
11872.22, 3225
11872.38, 3224
11872.4, 3223
11875.16, 3222
11936.24, 3221
11945.0, 3220
11958.53, 3219
11967.16, 3218
11982.11, 3217
11987.76, 3216
11989.33, 3215
11989.82, 3214
11990.97, 3213
12020.34, 3212
12026.87, 3211
12032.64, 3210
12045.55, 3209
12048.56, 3208
12053.4, 3207
12060.25, 3206
12064.59, 3205
12074.11, 3204
12077.97, 3203
12085.2, 3202
12088.67, 3201
12099.45, 3200
12103.03, 3199
12117.27, 3198
12122.2, 3197
12125.03, 3196
12126.13, 3195
12127.2, 3194
12141.02, 3193
12142.09, 3192
12143.19, 3191
12152.65, 3190
12161.13, 3189
12168.26, 3188
12168.29, 3187
12168.3, 3186
12173.06, 3185
12177.88, 3184
12184.59, 3183
12198.4, 3182
12199.2, 3181
12200.11, 3180
12201.23, 3179
12210.7, 3178
12217.23, 3177
12269.74, 3176
12278.37, 3175
12284.65, 3174
12289.07, 3173
12293.68, 3172
12294.76, 3171
12340.97, 3170
12350.23, 3169
12356.46, 3168
12358.53, 3167
12363.84, 3166
12372.48, 3165
12376.04, 3164
12381.01, 3163
12382.89, 3162
12387.65, 3161
12399.5, 3160
12404.9, 3159
12409.7, 3158
12415.21, 3157
12419.38, 3156
12427.02, 3155
12433.87, 3154
12437.45, 3153
12453.57, 3152
12454.63, 3151
12460.71, 3150
12467.15, 3149
12471.06, 3148
12472.05, 3147
12510.34, 3146
12527.92, 3145
12530.72, 3144
12532.13, 3143
12532.84, 3142
12533.94, 3141
12582.79, 3140
12594.35, 3139
12598.13, 3138
12601.85, 3137
12605.53, 3136
12609.16, 3135
12612.81, 3134
12618.29, 3133
12627.08, 3132
12628.18, 3131
12631.17, 3130
12636.91, 3129
12648.37, 3128
12649.13, 3127
12652.41, 3126
12655.33, 3125
12737.13, 3124
12750.25, 3123
12754.16, 3122
12755.3, 3121
12762.26, 3120
12773.75, 3119
12777.4, 3118
12781.89, 3117
12782.99, 3116
12786.34, 3115
12791.95, 3114
12799.49, 3113
12803.13, 3112
12818.37, 3111
12834.42, 3110
12840.47, 3109
12843.7, 3108
12844.86, 3107
12853.94, 3106
12856.76, 3105
12860.4, 3104
12863.75, 3103
12910.85, 3102
12912.15, 3101
12920.56, 3100
12922.61, 3099
12946.36, 3098
12952.85, 3097
12954.9, 3096
12956.05, 3095
12966.61, 3094
12971.42, 3093
12973.66, 3092
12974.1, 3091
12983.83, 3090
12984.88, 3089
12994.7, 3088
13010.41, 3087
13017.28, 3086
13021.74, 3085
13028.05, 3084
13034.96, 3083
13038.49, 3082
13084.4, 3081
13088.58, 3080
13092.93, 3079
13105.49, 3078
13109.5, 3077
13115.46, 3076
13123.16, 3075
13129.74, 3074
13136.74, 3073
13154.02, 3072
13160.83, 3071
13169.98, 3070
13181.62, 3069
13200.18, 3068
13228.74, 3067
13229.86, 3066
13236.82, 3065
13247.34, 3064
13249.71, 3063
13255.8, 3062
13274.95, 3061
13279.49, 3060
13280.72, 3059
13288.27, 3058
13312.61, 3057
13318.08, 3056
13325.88, 3055
13329.59, 3054
13332.69, 3053
13333.99, 3052
13342.71, 3051
13352.18, 3050
13394.32, 3049
13408.49, 3048
13409.71, 3047
13410.76, 3046
13433.54, 3045
13463.35, 3044
13470.47, 3043
13476.94, 3042
13481.97, 3041
13487.36, 3040
13491.65, 3039
13494.54, 3038
13510.48, 3037
13513.42, 3036
13520.79, 3035
13532.14, 3034
13537.19, 3033
13546.75, 3032
13553.15, 3031
13559.37, 3030
13560.46, 3029
13570.04, 3028
13579.19, 3027
13586.19, 3026
13589.85, 3025
13610.04, 3024
13613.68, 3023
13620.76, 3022
13643.35, 3021
13647.1, 3020
13655.71, 3019
13661.12, 3018
13664.66, 3017
13669.71, 3016
13676.44, 3015
13678.38, 3014
13717.13, 3013
13733.11, 3012
13749.36, 3011
13750.41, 3010
13771.9, 3009
13778.29, 3008
13797.67, 3007
13805.93, 3006
13859.97, 3005
13872.18, 3004
13888.86, 3003
13890.17, 3002
13890.19, 3001
13923.6, 3000
13924.64, 2999
13925.85, 2998
13926.91, 2997
13928.04, 2996
13936.76, 2995
13941.95, 2994
13945.1, 2993
13951.5, 2992
13957.27, 2991
13980.38, 2990
13981.61, 2989
13984.01, 2988
13986.52, 2987
13992.71, 2986
13995.68, 2985
13998.95, 2984
14010.66, 2983
14016.79, 2982
14018.42, 2981
14023.14, 2980
14032.12, 2979
14035.68, 2978
14040.26, 2977
14053.57, 2976
14055.18, 2975
14055.63, 2974
14064.69, 2973
14065.76, 2972
14066.86, 2971
14078.38, 2970
14086.23, 2969
14087.63, 2968
14155.03, 2967
14174.55, 2966
14186.89, 2965
14196.83, 2964
14201.67, 2963
14207.61, 2962
14213.59, 2961
14221.45, 2960
14225.38, 2959
14232.69, 2958
14241.04, 2957
14248.44, 2956
14248.64, 2955
14263.48, 2954
14267.08, 2953
14270.75, 2952
14275.43, 2951
14275.7, 2950
14328.83, 2949
14353.6, 2948
14362.16, 2947
14368.12, 2946
14395.18, 2945
14396.23, 2944
14400.4, 2943
14406.03, 2942
14407.23, 2941
14413.62, 2940
14467.97, 2939
14481.88, 2938
14488.91, 2937
14490.2, 2936
14494.88, 2935
14503.36, 2934
14505.28, 2933
14507.37, 2932
14512.67, 2931
14523.51, 2930
14529.01, 2929
14542.34, 2928
14544.56, 2927
14571.21, 2926
14572.62, 2925
14574.35, 2924
14579.18, 2923
14593.56, 2922
14597.59, 2921
14628.33, 2920
14650.47, 2919
14667.17, 2918
14682.35, 2917
14685.94, 2916
14687.16, 2915
14701.9, 2914
14711.19, 2913
14714.07, 2912
14724.71, 2911
14737.95, 2910
14748.41, 2909
14749.53, 2908
14749.76, 2907
14758.5, 2906
14762.91, 2905
14764.11, 2904
14803.41, 2903
14817.55, 2902
14824.27, 2901
14846.27, 2900
14847.2, 2899
14850.69, 2898
14854.41, 2897
14860.83, 2896
14867.45, 2895
14870.66, 2894
14872.24, 2893
14941.59, 2892
14943.94, 2891
14954.05, 2890
14957.85, 2889
15099.45, 2888
15101.1, 2887
15101.68, 2886
15102.83, 2885
15103.93, 2884
15107.33, 2883
15127.84, 2882
15141.24, 2881
15147.13, 2880
15155.65, 2879
15163.84, 2878
15164.93, 2877
15173.78, 2876
15179.77, 2875
15182.01, 2874
15209.37, 2873
15210.82, 2872
15226.06, 2871
15230.33, 2870
15232.11, 2869
15232.4, 2868
15237.75, 2867
15240.29, 2866
15253.71, 2865
15260.61, 2864
15261.27, 2863
15262.46, 2862
15285.89, 2861
15285.98, 2860
15286.0, 2859
15286.01, 2858
15293.87, 2857
15304.75, 2856
15310.69, 2855
15312.97, 2854
15324.43, 2853
15338.46, 2852
15340.98, 2851
15341.86, 2850
15342.95, 2849
15344.13, 2848
15347.95, 2847
15360.36, 2846
15363.16, 2845
15365.46, 2844
15369.22, 2843
15372.91, 2842
15410.41, 2841
15437.68, 2840
15456.68, 2839
15463.89, 2838
15515.53, 2837
15526.62, 2836
15529.72, 2835
15534.32, 2834
15539.67, 2833
15550.47, 2832
15555.51, 2831
15559.75, 2830
15566.79, 2829
15569.15, 2828
15575.3, 2827
15579.61, 2826
15586.85, 2825
15601.56, 2824
15601.6, 2823
15602.57, 2822
15608.11, 2821
15618.01, 2820
15619.79, 2819
15621.0, 2818
15628.48, 2817
15633.41, 2816
15639.01, 2815
15641.79, 2814
15649.4, 2813
15657.24, 2812
15716.79, 2811
15723.16, 2810
15732.21, 2809
15751.36, 2808
15767.92, 2807
15769.32, 2806
15775.02, 2805
15787.27, 2804
15788.42, 2803
15789.75, 2802
15812.12, 2801
15815.83, 2800
15824.24, 2799
15830.8, 2798
15841.72, 2797
15859.3, 2796
15870.64, 2795
15887.31, 2794
15889.38, 2793
15895.24, 2792
15908.44, 2791
15908.93, 2790
15912.57, 2789
15919.37, 2788
15925.56, 2787
15927.17, 2786
15932.35, 2785
15941.35, 2784
15945.99, 2783
15950.22, 2782
15962.15, 2781
15962.76, 2780
15967.0, 2779
15970.99, 2778
15978.23, 2777
15981.24, 2776
15986.21, 2775
15992.85, 2774
16023.35, 2773
16028.42, 2772
16030.54, 2771
16037.71, 2770
16041.95, 2769
16048.73, 2768
16050.06, 2767
16064.59, 2766
16102.33, 2765
16115.99, 2764
16118.65, 2763
16119.82, 2762
16121.22, 2761
16177.53, 2760
16187.69, 2759
16199.84, 2758
16210.51, 2757
16216.52, 2756
16218.07, 2755
16251.34, 2754
16257.99, 2753
16267.83, 2752
16281.3, 2751
16295.11, 2750
16299.72, 2749
16306.01, 2748
16323.69, 2747
16327.3, 2746
16332.77, 2745
16353.38, 2744
16353.6, 2743
16355.9, 2742
16357.79, 2741
16362.7, 2740
16363.85, 2739
16445.02, 2738
16447.29, 2737
16453.91, 2736
16480.34, 2735
16482.79, 2734
16482.83, 2733
16487.3, 2732
16500.83, 2731
16500.9, 2730
16501.91, 2729
16527.0, 2728
16527.1, 2727
16527.23, 2726
16535.82, 2725
16555.21, 2724
16556.5, 2723
16563.41, 2722
16573.79, 2721
16579.39, 2720
16584.13, 2719
16588.39, 2718
16606.62, 2717
16607.94, 2716
16608.47, 2715
16617.95, 2714
16622.45, 2713
16628.05, 2712
16632.9, 2711
16662.23, 2710
16696.4, 2709
16716.21, 2708
16729.54, 2707
16735.05, 2706
16746.18, 2705
16753.05, 2704
16762.6, 2703
16765.31, 2702
16766.52, 2701
16840.25, 2700
16841.62, 2699
16847.93, 2698
16850.83, 2697
16857.11, 2696
16862.85, 2695
16866.13, 2694
16879.19, 2693
16887.74, 2692
16889.93, 2691
16895.66, 2690
16901.39, 2689
16906.47, 2688
16915.74, 2687
16922.91, 2686
16927.67, 2685
16933.36, 2684
16938.36, 2683
16941.41, 2682
16947.59, 2681
16954.98, 2680
16961.34, 2679
16977.29, 2678
16978.52, 2677
16989.82, 2676
16994.75, 2675
17033.86, 2674
17042.7, 2673
17047.53, 2672
17067.49, 2671
17103.82, 2670
17161.57, 2669
17165.91, 2668
17173.71, 2667
17186.62, 2666
17197.42, 2665
17205.64, 2664
17213.67, 2663
17214.84, 2662
17219.24, 2661
17222.65, 2660
17228.3, 2659
17238.68, 2658
17242.98, 2657
17247.02, 2656
17254.24, 2655
17267.94, 2654
17298.08, 2653
17301.54, 2652
17302.65, 2651
17334.06, 2650
17341.46, 2649
17367.48, 2648
17377.6, 2647
17379.31, 2646
17385.47, 2645
17403.27, 2644
17403.43, 2643
17403.45, 2642
17404.66, 2641
17409.64, 2640
17416.57, 2639
17427.2, 2638
17434.05, 2637
17435.47, 2636
17438.03, 2635
17503.63, 2634
17543.93, 2633
17547.15, 2632
17563.85, 2631
17578.14, 2630
17584.22, 2629
17595.83, 2628
17602.09, 2627
17602.12, 2626
17603.6, 2625
17611.91, 2624
17619.61, 2623
17632.43, 2622
17639.51, 2621
17649.21, 2620
17656.54, 2619
17676.81, 2618
17682.1, 2617
17683.52, 2616
17684.67, 2615
17693.99, 2614
17700.35, 2613
17702.23, 2612
17710.97, 2611
17716.81, 2610
17723.66, 2609
17766.0, 2608
17781.97, 2607
17802.2, 2606
17814.73, 2605
17821.38, 2604
17838.9, 2603
17880.69, 2602
17884.43, 2601
17898.16, 2600
17901.71, 2599
17908.17, 2598
17922.6, 2597
17923.8, 2596
17927.9, 2595
17943.95, 2594
17947.68, 2593
17952.62, 2592
18018.22, 2591
18033.65, 2590
18035.51, 2589
18037.68, 2588
18040.06, 2587
18053.5, 2586
18056.7, 2585
18057.83, 2584
18059.07, 2583
18063.66, 2582
18079.72, 2581
18080.78, 2580
18088.03, 2579
18102.17, 2578
18105.05, 2577
18106.44, 2576
18108.34, 2575
18119.08, 2574
18119.51, 2573
18129.01, 2572
18133.48, 2571
18183.15, 2570
18199.13, 2569
18217.36, 2568
18227.98, 2567
18241.66, 2566
18249.41, 2565
18270.77, 2564
18275.34, 2563
18287.0, 2562
18313.65, 2561
18332.8, 2560
18334.13, 2559
18335.33, 2558
18343.58, 2557
18356.82, 2556
18356.85, 2555
18359.39, 2554
18365.55, 2553
18412.26, 2552
18427.23, 2551
18430.37, 2550
18436.66, 2549
18445.33, 2548
18467.14, 2547
18469.89, 2546
18469.91, 2545
18479.02, 2544
18483.47, 2543
18511.05, 2542
18515.89, 2541
18522.68, 2540
18530.51, 2539
18544.43, 2538
18598.81, 2537
18600.17, 2536
18603.41, 2535
18606.04, 2534
18619.42, 2533
18620.81, 2532
18624.97, 2531
18630.11, 2530
18636.67, 2529
18651.15, 2528
18652.35, 2527
18666.3, 2526
18698.46, 2525
18698.53, 2524
18709.11, 2523
18723.51, 2522
18745.9, 2521
18752.26, 2520
18752.35, 2519
18762.04, 2518
18777.35, 2517
18796.89, 2516
18811.67, 2515
18819.77, 2514
18829.68, 2513
18838.15, 2512
18844.78, 2511
18851.96, 2510
18853.85, 2509
18856.34, 2508
18889.2, 2507
18903.88, 2506
18914.87, 2505
18914.96, 2504
18924.73, 2503
18928.22, 2502
18930.29, 2501
18951.25, 2500
18952.4, 2499
18956.23, 2498
18961.18, 2497
18995.86, 2496
19008.99, 2495
19057.25, 2494
19058.95, 2493
19064.31, 2492
19071.57, 2491
19087.17, 2490
19097.92, 2489
19132.43, 2488
19145.24, 2487
19147.65, 2486
19162.65, 2485
19162.67, 2484
19172.08, 2483
19176.09, 2482
19179.28, 2481
19188.08, 2480
19193.31, 2479
19196.84, 2478
19205.14, 2477
19209.92, 2476
19215.62, 2475
19225.58, 2474
19229.16, 2473
19251.46, 2472
19294.42, 2471
19309.09, 2470
19330.17, 2469
19330.27, 2468
19344.75, 2467
19344.8, 2466
19344.81, 2465
19356.21, 2464
19360.38, 2463
19368.58, 2462
19385.66, 2461
19421.56, 2460
19421.61, 2459
19424.69, 2458
19425.94, 2457
19427.16, 2456
19430.17, 2455
19431.45, 2454
19450.63, 2453
19475.21, 2452
19482.22, 2451
19495.63, 2450
19501.5, 2449
19509.42, 2448
19509.64, 2447
19515.81, 2446
19526.31, 2445
19527.66, 2444
19535.67, 2443
19548.6, 2442
19567.79, 2441
19575.99, 2440
19576.69, 2439
19577.86, 2438
19579.71, 2437
19588.71, 2436
19609.24, 2435
19614.51, 2434
19614.56, 2433
19622.32, 2432
19629.35, 2431
19631.78, 2430
19638.99, 2429
19653.73, 2428
19653.83, 2427
19660.0, 2426
19667.52, 2425
19669.3, 2424
19715.57, 2423
19722.73, 2422
19740.05, 2421
19746.37, 2420
19751.55, 2419
19766.66, 2418
19774.1, 2417
19781.35, 2416
19785.77, 2415
19796.51, 2414
19850.82, 2413
19877.17, 2412
19877.27, 2411
19890.26, 2410
19892.07, 2409
19922.05, 2408
19947.15, 2407
19962.37, 2406
19968.42, 2405
19971.69, 2404
19986.35, 2403
19990.22, 2402
20000.62, 2401
20001.13, 2400
20006.55, 2399
20014.56, 2398
20019.7, 2397
20025.96, 2396
20050.0, 2395
20053.08, 2394
20055.64, 2393
20059.37, 2392
20061.68, 2391
20062.76, 2390
20072.26, 2389
20074.97, 2388
20080.99, 2387
20087.96, 2386
20104.0, 2385
20122.53, 2384
20122.76, 2383
20130.83, 2382
20135.46, 2381
20138.56, 2380
20208.36, 2379
20208.45, 2378
20208.46, 2377
20212.69, 2376
20239.93, 2375
20267.12, 2374
20268.24, 2373
20274.18, 2372
20293.7, 2371
20293.87, 2370
20300.44, 2369
20320.2, 2368
20345.82, 2367
20361.04, 2366
20366.42, 2365
20387.27, 2364
20401.35, 2363
20405.07, 2362
20412.5, 2361
20418.66, 2360
20427.5, 2359
20449.08, 2358
20461.93, 2357
20465.89, 2356
20479.79, 2355
20509.11, 2354
20515.75, 2353
20521.96, 2352
20532.21, 2351
20539.93, 2350
20549.51, 2349
20549.61, 2348
20559.77, 2347
20579.78, 2346
20579.8, 2345
20586.31, 2344
20603.34, 2343
20605.93, 2342
20608.6, 2341
20647.39, 2340
20651.14, 2339
20652.56, 2338
20653.7, 2337
20667.64, 2336
20671.33, 2335
20681.79, 2334
20686.23, 2333
20705.82, 2332
20710.46, 2331
20713.97, 2330
20727.55, 2329
20737.07, 2328
20739.01, 2327
20748.8, 2326
20754.85, 2325
20767.62, 2324
20781.09, 2323
20785.65, 2322
20800.16, 2321
20801.3, 2320
20811.11, 2319
20827.52, 2318
20837.95, 2317
20858.6, 2316
20858.64, 2315
20868.89, 2314
20874.61, 2313
20877.24, 2312
20890.36, 2311
20904.08, 2310
20904.12, 2309
20911.56, 2308
20963.94, 2307
20965.16, 2306
20965.2, 2305
20965.22, 2304
20965.41, 2303
20975.52, 2302
20985.74, 2301
20996.31, 2300
21000.22, 2299
21000.32, 2298
21019.84, 2297
21019.87, 2296
21026.8, 2295
21043.34, 2294
21047.94, 2293
21069.15, 2292
21080.97, 2291
21086.37, 2290
21088.74, 2289
21092.01, 2288
21097.72, 2287
21106.62, 2286
21134.33, 2285
21142.82, 2284
21146.79, 2283
21152.99, 2282
21170.85, 2281
21171.48, 2280
21180.17, 2279
21185.93, 2278
21193.04, 2277
21197.8, 2276
21205.51, 2275
21213.7, 2274
21224.02, 2273
21227.73, 2272
21236.22, 2271
21248.45, 2270
21248.59, 2269
21256.88, 2268
21265.86, 2267
21270.43, 2266
21273.54, 2265
21287.58, 2264
21293.92, 2263
21301.55, 2262
21307.32, 2261
21310.52, 2260
21318.44, 2259
21332.0, 2258
21335.92, 2257
21342.57, 2256
21351.5, 2255
21357.2, 2254
21368.47, 2253
21376.64, 2252
21387.31, 2251
21400.94, 2250
21401.08, 2249
21402.19, 2248
21416.44, 2247
21416.77, 2246
21419.86, 2245
21619.01, 2244
21619.28, 2243
21636.1, 2242
21636.21, 2241
21636.23, 2240
21636.25, 2239
21636.27, 2238
21636.28, 2237
21650.64, 2236
21677.61, 2235
21685.58, 2234
21692.14, 2233
21698.8, 2232
21700.48, 2231
21703.64, 2230
21707.36, 2229
21738.82, 2228
21738.86, 2227
21738.87, 2226
21761.0, 2225
21762.56, 2224
21765.8, 2223
21768.53, 2222
21774.03, 2221
21782.81, 2220
21792.43, 2219
21796.04, 2218
21809.71, 2217
21813.25, 2216
21813.5, 2215
21825.99, 2214
21832.22, 2213
21838.27, 2212
21847.22, 2211
21871.89, 2210
21875.96, 2209
21885.86, 2208
21890.39, 2207
21899.8, 2206
21909.48, 2205
21919.02, 2204
21921.98, 2203
21928.1, 2202
21936.89, 2201
21952.26, 2200
21958.22, 2199
21964.98, 2198
21986.62, 2197
21990.32, 2196
22001.98, 2195
22022.19, 2194
22028.51, 2193
22040.3, 2192
22048.53, 2191
22079.86, 2190
22092.48, 2189
22104.22, 2188
22104.26, 2187
22118.76, 2186
22119.65, 2185
22124.03, 2184
22135.65, 2183
22140.25, 2182
22177.12, 2181
22177.19, 2180
22177.78, 2179
22182.16, 2178
22182.88, 2177
22183.95, 2176
22215.3, 2175
22223.01, 2174
22227.88, 2173
22231.0, 2172
22235.66, 2171
22242.64, 2170
22245.87, 2169
22267.44, 2168
22269.03, 2167
22277.43, 2166
22297.08, 2165
22298.06, 2164
22299.43, 2163
22322.29, 2162
22328.77, 2161
22336.3, 2160
22343.65, 2159
22348.85, 2158
22364.13, 2157
22364.18, 2156
22372.43, 2155
22406.42, 2154
22407.98, 2153
22414.87, 2152
22416.6, 2151
22416.61, 2150
22440.71, 2149
22453.35, 2148
22487.19, 2147
22499.58, 2146
22530.01, 2145
22530.29, 2144
22532.07, 2143
22536.53, 2142
22551.81, 2141
22566.83, 2140
22590.31, 2139
22590.42, 2138
22594.82, 2137
22597.3, 2136
22610.77, 2135
22620.7, 2134
22626.16, 2133
22640.96, 2132
22653.47, 2131
22663.45, 2130
22663.61, 2129
22669.97, 2128
22680.77, 2127
22684.0, 2126
22691.12, 2125
22707.38, 2124
22726.96, 2123
22736.16, 2122
22744.78, 2121
22745.63, 2120
22763.19, 2119
22775.69, 2118
22780.28, 2117
22786.53, 2116
22791.77, 2115
22801.83, 2114
22815.35, 2113
22822.23, 2112
22826.59, 2111
22838.97, 2110
22847.23, 2109
22854.29, 2108
22886.26, 2107
22888.17, 2106
22893.15, 2105
22901.86, 2104
22911.74, 2103
22925.43, 2102
22935.05, 2101
22950.43, 2100
22962.06, 2099
22975.91, 2098
22983.75, 2097
22993.05, 2096
23001.23, 2095
23012.39, 2094
23017.74, 2093
23048.65, 2092
23070.11, 2091
23074.4, 2090
23080.15, 2089
23080.21, 2088
23087.72, 2087
23141.14, 2086
23143.93, 2085
23143.97, 2084
23144.65, 2083
23146.21, 2082
23169.26, 2081
23171.53, 2080
23187.31, 2079
23193.14, 2078
23193.24, 2077
23209.48, 2076
23218.67, 2075
23220.29, 2074
23226.4, 2073
23250.74, 2072
23261.52, 2071
23266.43, 2070
23278.62, 2069
23284.55, 2068
23293.08, 2067
23293.82, 2066
23298.46, 2065
23309.03, 2064
23321.91, 2063
23334.21, 2062
23354.57, 2061
23377.41, 2060
23394.14, 2059
23394.23, 2058
23399.44, 2057
23402.6, 2056
23439.01, 2055
23447.26, 2054
23447.31, 2053
23447.33, 2052
23453.06, 2051
23466.59, 2050
23466.64, 2049
23475.12, 2048
23488.1, 2047
23493.45, 2046
23520.58, 2045
23520.7, 2044
23535.16, 2043
23553.03, 2042
23563.89, 2041
23569.01, 2040
23594.59, 2039
23601.31, 2038
23606.56, 2037
23613.81, 2036
23616.83, 2035
23616.92, 2034
23624.72, 2033
23641.98, 2032
23648.1, 2031
23675.86, 2030
23675.91, 2029
23678.38, 2028
23682.07, 2027
23692.8, 2026
23709.24, 2025
23727.02, 2024
23739.58, 2023
23739.91, 2022
23754.62, 2021
23782.13, 2020
23789.92, 2019
23792.01, 2018
23793.14, 2017
23794.3, 2016
23808.6, 2015
23841.84, 2014
23841.92, 2013
23841.94, 2012
23870.18, 2011
23884.96, 2010
23904.19, 2009
23904.21, 2008
23914.23, 2007
23923.28, 2006
23944.22, 2005
23977.34, 2004
23977.39, 2003
23977.4, 2002
23977.41, 2001
24000.43, 2000
24011.35, 1999
24011.44, 1998
24011.46, 1997
24020.81, 1996
24043.45, 1995
24051.04, 1994
24051.11, 1993
24069.82, 1992
24086.37, 1991
24086.72, 1990
24100.9, 1989
24101.0, 1988
24101.19, 1987
24114.43, 1986
24114.47, 1985
24143.84, 1984
24143.92, 1983
24144.84, 1982
24153.77, 1981
24187.51, 1980
24188.89, 1979
24208.45, 1978
24212.37, 1977
24217.5, 1976
24238.38, 1975
24238.4, 1974
24253.05, 1973
24259.16, 1972
24272.22, 1971
24290.92, 1970
24296.53, 1969
24303.23, 1968
24331.87, 1967
24348.66, 1966
24348.7, 1965
24363.85, 1964
24370.23, 1963
24416.08, 1962
24416.17, 1961
24416.19, 1960
24416.22, 1959
24420.74, 1958
24430.91, 1957
24456.23, 1956
24456.34, 1955
24456.36, 1954
24460.44, 1953
24462.88, 1952
24490.88, 1951
24501.03, 1950
24509.65, 1949
24524.55, 1948
24525.05, 1947
24532.23, 1946
24536.37, 1945
24552.16, 1944
24555.63, 1943
24567.15, 1942
24598.03, 1941
24598.08, 1940
24618.9, 1939
24627.88, 1938
24654.27, 1937
24666.35, 1936
24666.42, 1935
24666.44, 1934
24675.22, 1933
24682.96, 1932
24695.55, 1931
24715.29, 1930
24725.18, 1929
24725.28, 1928
24727.54, 1927
24729.46, 1926
24740.7, 1925
24777.41, 1924
24782.89, 1923
24782.95, 1922
24789.43, 1921
24804.31, 1920
24808.98, 1919
24814.06, 1918
24824.85, 1917
24846.15, 1916
24871.24, 1915
24898.35, 1914
24902.92, 1913
24908.15, 1912
24926.3, 1911
24929.25, 1910
24932.52, 1909
24946.65, 1908
24965.89, 1907
24965.94, 1906
24977.15, 1905
25007.88, 1904
25031.64, 1903
25035.73, 1902
25036.03, 1901
25042.7, 1900
25047.17, 1899
25077.81, 1898
25099.69, 1897
25099.79, 1896
25120.23, 1895
25120.28, 1894
25129.13, 1893
25129.19, 1892
25149.26, 1891
25150.22, 1890
25178.89, 1889
25180.04, 1888
25181.28, 1887
25182.39, 1886
25194.47, 1885
25201.61, 1884
25215.67, 1883
25224.77, 1882
25236.59, 1881
25247.06, 1880
25249.62, 1879
25256.02, 1878
25265.32, 1877
25274.85, 1876
25286.78, 1875
25293.94, 1874
25306.95, 1873
25313.88, 1872
25365.47, 1871
25365.51, 1870
25377.65, 1869
25391.79, 1868
25399.88, 1867
25407.52, 1866
25432.73, 1865
25438.04, 1864
25447.66, 1863
25464.93, 1862
25473.9, 1861
25481.25, 1860
25521.54, 1859
25523.99, 1858
25534.09, 1857
25540.76, 1856
25545.45, 1855
25553.87, 1854
25558.17, 1853
25574.35, 1852
25586.76, 1851
25591.59, 1850
25603.65, 1849
25608.16, 1848
25632.95, 1847
25641.05, 1846
25661.32, 1845
25688.34, 1844
25688.41, 1843
25701.17, 1842
25715.06, 1841
25727.88, 1840
25743.56, 1839
25744.63, 1838
25751.61, 1837
25751.84, 1836
25758.52, 1835
25786.68, 1834
25786.72, 1833
25801.29, 1832
25804.07, 1831
25805.86, 1830
25807.0, 1829
25811.04, 1828
25821.31, 1827
25827.18, 1826
25851.23, 1825
25857.04, 1824
25880.03, 1823
25890.91, 1822
25898.51, 1821
25909.46, 1820
25913.25, 1819
25915.45, 1818
25919.13, 1817
25931.26, 1816
25961.45, 1815
25961.46, 1814
25970.9, 1813
25986.78, 1812
25999.05, 1811
26008.57, 1810
26011.1, 1809
26030.4, 1808
26054.71, 1807
26056.82, 1806
26067.56, 1805
26077.73, 1804
26102.42, 1803
26112.61, 1802
26118.89, 1801
26131.59, 1800
26158.36, 1799
26161.75, 1798
26164.27, 1797
26174.17, 1796
26189.09, 1795
26206.8, 1794
26206.84, 1793
26216.59, 1792
26222.7, 1791
26242.66, 1790
26260.62, 1789
26275.55, 1788
26299.67, 1787
26302.32, 1786
26307.22, 1785
26320.28, 1784
26341.32, 1783
26361.32, 1782
26363.13, 1781
26380.71, 1780
26391.36, 1779
26421.09, 1778
26423.93, 1777
26426.34, 1776
26428.2, 1775
26431.16, 1774
26441.09, 1773
26448.41, 1772
26460.33, 1771
26463.05, 1770
26472.5, 1769
26510.29, 1768
26514.99, 1767
26526.96, 1766
26528.39, 1765
26538.85, 1764
26546.88, 1763
26615.44, 1762
26634.59, 1761
26640.15, 1760
26648.74, 1759
26654.25, 1758
26658.18, 1757
26678.66, 1756
26680.67, 1755
26687.64, 1754
26692.94, 1753
26704.33, 1752
26721.52, 1751
26764.32, 1750
26765.25, 1749
26789.12, 1748
26801.52, 1747
26803.18, 1746
26819.96, 1745
26824.69, 1744
26847.91, 1743
26847.93, 1742
26863.06, 1741
26877.39, 1740
26879.96, 1739
26899.98, 1738
26911.63, 1737
26911.65, 1736
26911.66, 1735
26929.28, 1734
26932.09, 1733
26942.47, 1732
26951.9, 1731
26974.39, 1730
26977.07, 1729
26982.71, 1728
26996.04, 1727
27035.38, 1726
27035.44, 1725
27052.44, 1724
27071.28, 1723
27085.73, 1722
27096.39, 1721
27120.66, 1720
27129.0, 1719
27139.84, 1718
27149.94, 1717
27159.02, 1716
27171.15, 1715
27202.73, 1714
27216.29, 1713
27216.33, 1712
27237.02, 1711
27272.9, 1710
27272.94, 1709
27272.97, 1708
27297.75, 1707
27297.85, 1706
27315.15, 1705
27318.79, 1704
27322.8, 1703
27324.64, 1702
27326.25, 1701
27343.47, 1700
27350.57, 1699
27374.89, 1698
27374.94, 1697
27393.64, 1696
27396.84, 1695
27410.86, 1694
27418.04, 1693
27427.43, 1692
27429.77, 1691
27439.35, 1690
27474.12, 1689
27481.81, 1688
27514.21, 1687
27514.71, 1686
27517.03, 1685
27528.4, 1684
27530.55, 1683
27536.85, 1682
27546.05, 1681
27553.9, 1680
27559.55, 1679
27603.13, 1678
27629.22, 1677
27634.39, 1676
27642.72, 1675
27655.12, 1674
27663.56, 1673
27674.72, 1672
27687.2, 1671
27731.33, 1670
27731.41, 1669
27738.04, 1668
27739.99, 1667
27759.8, 1666
27763.77, 1665
27763.93, 1664
27778.33, 1663
27783.74, 1662
27805.72, 1661
27814.93, 1660
27819.1, 1659
27825.49, 1658
27845.42, 1657
27857.85, 1656
27867.28, 1655
27905.35, 1654
27930.92, 1653
27937.93, 1652
27951.33, 1651
27966.14, 1650
27986.05, 1649
27990.47, 1648
28017.12, 1647
28024.53, 1646
28031.82, 1645
28048.61, 1644
28056.3, 1643
28059.94, 1642
28066.48, 1641
28076.63, 1640
28086.1, 1639
28092.27, 1638
28102.48, 1637
28109.7, 1636
28114.51, 1635
28127.18, 1634
28135.2, 1633
28141.31, 1632
28146.43, 1631
28166.54, 1630
28174.08, 1629
28194.3, 1628
28202.1, 1627
28208.39, 1626
28217.63, 1625
28225.6, 1624
28233.1, 1623
28262.4, 1622
28270.41, 1621
28273.67, 1620
28280.87, 1619
28307.85, 1618
28314.27, 1617
28322.62, 1616
28333.92, 1615
28341.51, 1614
28349.31, 1613
28388.93, 1612
28394.07, 1611
28406.05, 1610
28432.67, 1609
28434.52, 1608
28443.56, 1607
28451.83, 1606
28456.9, 1605
28487.52, 1604
28492.26, 1603
28503.97, 1602
28525.42, 1601
28729.13, 1600
28732.49, 1599
28735.29, 1598
28736.07, 1597
28740.28, 1596
28745.09, 1595
28748.71, 1594
28752.82, 1593
28762.45, 1592
28770.64, 1591
28780.29, 1590
28800.62, 1589
28808.0, 1588
28814.04, 1587
28824.25, 1586
28860.54, 1585
28861.21, 1584
28870.12, 1583
28894.43, 1582
28900.66, 1581
28905.61, 1580
28915.76, 1579
28921.71, 1578
28981.19, 1577
28981.21, 1576
28996.39, 1575
28996.41, 1574
28996.41, 1573
28996.42, 1572
29011.7, 1571
29011.74, 1570
29043.88, 1569
29056.63, 1568
29056.7, 1567
29056.72, 1566
29069.61, 1565
29079.85, 1564
29085.31, 1563
29096.04, 1562
29102.51, 1561
29117.57, 1560
29127.09, 1559
29135.83, 1558
29157.29, 1557
29171.25, 1556
29173.5, 1555
29182.93, 1554
29197.06, 1553
29204.89, 1552
29237.69, 1551
29243.12, 1550
29250.95, 1549
29258.99, 1548
29264.55, 1547
29270.84, 1546
29289.17, 1545
29294.79, 1544
29302.59, 1543
29333.12, 1542
29355.62, 1541
29364.74, 1540
29374.05, 1539
29384.23, 1538
29397.85, 1537
29405.42, 1536
29411.02, 1535
29422.82, 1534
29442.54, 1533
29449.1, 1532
29454.96, 1531
29467.53, 1530
29474.08, 1529
29489.8, 1528
29496.82, 1527
29549.94, 1526
29556.08, 1525
29570.26, 1524
29580.28, 1523
29588.82, 1522
29607.17, 1521
29618.45, 1520
29625.67, 1519
29640.93, 1518
29643.92, 1517
29655.26, 1516
29663.45, 1515
29672.01, 1514
29683.65, 1513
29693.4, 1512
29701.85, 1511
29710.31, 1510
29721.79, 1509
29726.14, 1508
29734.25, 1507
29746.69, 1506
29759.02, 1505
29767.19, 1504
29771.89, 1503
29801.82, 1502
29818.61, 1501
29828.39, 1500
29837.6, 1499
29844.19, 1498
29849.32, 1497
29858.71, 1496
29874.07, 1495
29894.51, 1494
29902.35, 1493
29909.41, 1492
29935.67, 1491
29948.06, 1490
29954.9, 1489
29969.03, 1488
29976.45, 1487
30000.48, 1486
30004.53, 1485
30008.63, 1484
30017.58, 1483
30036.22, 1482
30040.49, 1481
30042.06, 1480
30083.91, 1479
30094.22, 1478
30109.31, 1477
30115.4, 1476
30132.43, 1475
30149.76, 1474
30149.8, 1473
30155.77, 1472
30170.32, 1471
30183.02, 1470
30187.84, 1469
30202.09, 1468
30215.25, 1467
30226.83, 1466
30233.8, 1465
30238.24, 1464
30245.72, 1463
30261.14, 1462
30271.87, 1461
30277.77, 1460
30286.37, 1459
30295.32, 1458
30308.5, 1457
30313.24, 1456
30323.86, 1455
30344.34, 1454
30389.04, 1453
30398.29, 1452
30404.82, 1451
30426.9, 1450
30436.36, 1449
30443.65, 1448
30458.38, 1447
30468.99, 1446
30474.66, 1445
30486.55, 1444
30496.19, 1443
30505.85, 1442
30513.06, 1441
30519.64, 1440
30536.23, 1439
30543.9, 1438
30559.31, 1437
30568.45, 1436
30581.29, 1435
30598.21, 1434
30604.22, 1433
30624.42, 1432
30627.4, 1431
30642.62, 1430
30652.41, 1429
30663.09, 1428
30668.43, 1427
30675.69, 1426
30680.88, 1425
30696.68, 1424
30702.29, 1423
30710.04, 1422
30721.5, 1421
30737.3, 1420
30748.2, 1419
30751.84, 1418
30760.47, 1417
30770.73, 1416
30789.87, 1415
30796.05, 1414
30808.31, 1413
30810.78, 1412
30834.0, 1411
30841.7, 1410
30853.25, 1409
30890.01, 1408
30913.0, 1407
30930.71, 1406
30942.3, 1405
30952.4, 1404
30958.68, 1403
30970.54, 1402
30972.29, 1401
31012.79, 1400
31032.25, 1399
31055.69, 1398
31057.55, 1397
31066.57, 1396
31070.98, 1395
31090.03, 1394
31101.73, 1393
31110.89, 1392
31125.89, 1391
31158.45, 1390
31161.43, 1389
31175.17, 1388
31180.45, 1387
31210.47, 1386
31214.17, 1385
31218.69, 1384
31255.39, 1383
31259.34, 1382
31263.14, 1381
31283.24, 1380
31285.29, 1379
31289.22, 1378
31295.07, 1377
31307.73, 1376
31312.79, 1375
31327.86, 1374
31339.45, 1373
31346.74, 1372
31353.12, 1371
31355.1, 1370
31386.19, 1369
31397.35, 1368
31421.7, 1367
31433.86, 1366
31435.96, 1365
31451.73, 1364
31467.31, 1363
31479.87, 1362
31496.0, 1361
31502.46, 1360
31508.33, 1359
31542.28, 1358
31552.56, 1357
31559.47, 1356
31568.49, 1355
31577.94, 1354
31605.87, 1353
31614.48, 1352
31631.37, 1351
31653.43, 1350
31661.31, 1349
31673.25, 1348
31682.89, 1347
31698.97, 1346
31714.02, 1345
31716.15, 1344
31723.71, 1343
31731.89, 1342
31749.2, 1341
31785.24, 1340
31785.33, 1339
31789.18, 1338
31795.92, 1337
31841.32, 1336
31849.5, 1335
31872.36, 1334
31876.76, 1333
31892.69, 1332
31914.34, 1331
31915.21, 1330
31931.29, 1329
31937.01, 1328
31947.96, 1327
31956.36, 1326
31966.23, 1325
31998.01, 1324
32024.47, 1323
32024.95, 1322
32025.01, 1321
32031.58, 1320
32038.12, 1319
32043.67, 1318
32060.78, 1317
32084.53, 1316
32088.65, 1315
32096.58, 1314
32125.01, 1313
32125.1, 1312
32130.76, 1311
32144.55, 1310
32149.08, 1309
32176.31, 1308
32182.9, 1307
32196.23, 1306
32206.2, 1305
32217.44, 1304
32230.53, 1303
32243.47, 1302
32255.33, 1301
32261.68, 1300
32273.0, 1299
32283.09, 1298
32309.17, 1297
32310.86, 1296
32364.63, 1295
32376.74, 1294
32381.91, 1293
32395.44, 1292
32403.83, 1291
32413.11, 1290
32421.68, 1289
32439.46, 1288
32447.9, 1287
32457.78, 1286
32483.8, 1285
32498.26, 1284
32506.65, 1283
32521.96, 1282
32573.39, 1281
32573.46, 1280
32583.12, 1279
32583.16, 1278
32589.65, 1277
32637.48, 1276
32638.74, 1275
32643.91, 1274
32673.1, 1273
32676.58, 1272
32684.28, 1271
32688.73, 1270
32704.77, 1269
32712.8, 1268
32727.79, 1267
32738.62, 1266
32746.85, 1265
32754.41, 1264
32770.57, 1263
32782.56, 1262
32790.96, 1261
32799.38, 1260
32808.68, 1259
32826.63, 1258
32840.43, 1257
32852.0, 1256
32859.37, 1255
32877.02, 1254
32889.54, 1253
32905.71, 1252
32914.58, 1251
32917.38, 1250
32932.03, 1249
32944.53, 1248
32956.2, 1247
32965.89, 1246
32971.92, 1245
33003.15, 1244
33005.52, 1243
33033.22, 1242
33052.71, 1241
33066.98, 1240
33114.6, 1239
33120.89, 1238
33122.17, 1237
33131.74, 1236
33137.93, 1235
33153.03, 1234
33170.45, 1233
33170.54, 1232
33183.58, 1231
33185.43, 1230
33210.73, 1229
33213.82, 1228
33232.39, 1227
33240.02, 1226
33278.01, 1225
33284.69, 1224
33315.89, 1223
33332.49, 1222
33342.48, 1221
33359.23, 1220
33370.42, 1219
33392.84, 1218
33396.85, 1217
33401.97, 1216
33428.38, 1215
33436.45, 1214
33457.4, 1213
33462.36, 1212
33479.45, 1211
33510.95, 1210
33526.2, 1209
33538.01, 1208
33559.9, 1207
33575.77, 1206
33592.15, 1205
33602.57, 1204
33619.61, 1203
33632.39, 1202
33643.5, 1201
33661.83, 1200
33676.84, 1199
33682.91, 1198
33690.93, 1197
33706.45, 1196
33719.73, 1195
33750.36, 1194
33762.06, 1193
33779.95, 1192
33792.31, 1191
33801.17, 1190
33819.19, 1189
33864.07, 1188
33902.88, 1187
33902.93, 1186
33902.94, 1185
33921.77, 1184
33930.15, 1183
33937.63, 1182
33939.32, 1181
33961.21, 1180
33965.38, 1179
33975.38, 1178
33989.24, 1177
33995.33, 1176
34028.28, 1175
34035.01, 1174
34054.92, 1173
34073.14, 1172
34087.86, 1171
34101.16, 1170
34127.0, 1169
34155.7, 1168
34182.36, 1167
34185.71, 1166
34186.55, 1165
34202.15, 1164
34211.91, 1163
34221.02, 1162
34237.18, 1161
34244.35, 1160
34266.18, 1159
34268.58, 1158
34281.53, 1157
34294.55, 1156
34305.87, 1155
34312.91, 1154
34324.57, 1153
34359.25, 1152
34370.06, 1151
34385.67, 1150
34397.98, 1149
34408.18, 1148
34427.77, 1147
34434.89, 1146
34447.63, 1145
34456.89, 1144
34493.26, 1143
34506.19, 1142
34516.0, 1141
34534.73, 1140
34546.6, 1139
34561.02, 1138
34571.14, 1137
34588.56, 1136
34619.0, 1135
34619.09, 1134
34650.56, 1133
34672.79, 1132
34684.67, 1131
34698.89, 1130
34698.94, 1129
34708.71, 1128
34715.4, 1127
34741.21, 1126
34741.4, 1125
34752.29, 1124
34763.35, 1123
34788.72, 1122
34798.76, 1121
34807.13, 1120
34825.52, 1119
34834.85, 1118
34840.34, 1117
34852.31, 1116
34856.55, 1115
34872.31, 1114
34874.45, 1113
34886.95, 1112
34905.41, 1111
34914.44, 1110
34930.85, 1109
34966.39, 1108
34971.18, 1107
34980.65, 1106
34997.76, 1105
35014.85, 1104
35017.27, 1103
35032.2, 1102
35057.41, 1101
35081.66, 1100
35099.84, 1099
35115.75, 1098
35128.54, 1097
35136.04, 1096
35161.2, 1095
35186.17, 1094
35220.7, 1093
35251.11, 1092
35251.28, 1091
35251.32, 1090
35272.84, 1089
35281.26, 1088
35286.88, 1087
35310.23, 1086
35325.29, 1085
35347.25, 1084
35355.46, 1083
35358.38, 1082
35401.04, 1081
35410.49, 1080
35414.21, 1079
35414.37, 1078
35434.29, 1077
35436.76, 1076
35451.75, 1075
35467.8, 1074
35476.74, 1073
35480.24, 1072
35493.37, 1071
35504.42, 1070
35515.21, 1069
35532.08, 1068
35535.46, 1067
35543.15, 1066
35547.2, 1065
35564.24, 1064
35642.45, 1063
35648.31, 1062
35659.39, 1061
35665.24, 1060
35690.67, 1059
35695.64, 1058
35704.37, 1057
35714.83, 1056
35726.57, 1055
35743.1, 1054
35762.14, 1053
35774.29, 1052
35785.1, 1051
35802.27, 1050
35810.79, 1049
35821.11, 1048
35831.45, 1047
35851.07, 1046
35867.56, 1045
35892.3, 1044
35900.76, 1043
35908.52, 1042
35922.23, 1041
35952.72, 1040
35961.56, 1039
35968.49, 1038
36000.92, 1037
36020.73, 1036
36049.85, 1035
36049.88, 1034
36049.89, 1033
36069.01, 1032
36086.03, 1031
36093.85, 1030
36122.6, 1029
36131.88, 1028
36135.54, 1027
36138.96, 1026
36145.02, 1025
36176.53, 1024
36180.17, 1023
36192.23, 1022
36200.17, 1021
36214.2, 1020
36223.73, 1019
36246.08, 1018
36248.6, 1017
36260.13, 1016
36273.52, 1015
36291.07, 1014
36312.92, 1013
36332.63, 1012
36372.8, 1011
36377.93, 1010
36422.63, 1009
36423.43, 1008
36427.03, 1007
36427.12, 1006
36433.83, 1005
36443.39, 1004
36459.83, 1003
36469.48, 1002
36475.72, 1001
36490.73, 1000
36497.83, 999
36506.69, 998
36531.45, 997
36560.7, 996
36566.22, 995
36566.51, 994
36581.94, 993
36591.6, 992
36614.33, 991
36624.02, 990
36632.27, 989
36647.8, 988
36660.26, 987
36724.85, 986
36728.2, 985
36736.83, 984
36766.45, 983
36775.55, 982
36785.79, 981
36792.45, 980
36811.69, 979
36826.32, 978
36835.85, 977
36842.97, 976
36857.1, 975
36867.42, 974
36873.07, 973
36889.02, 972
36898.16, 971
36905.89, 970
36915.84, 969
36922.12, 968
36941.53, 967
36943.55, 966
36955.07, 965
36965.77, 964
36985.05, 963
37002.21, 962
37037.82, 961
37054.6, 960
37059.54, 959
37072.01, 958
37102.47, 957
37245.42, 956
37246.36, 955
37247.71, 954
37248.24, 953
37249.18, 952
37303.19, 951
37305.2, 950
37305.34, 949
37316.58, 948
37320.91, 947
37339.05, 946
37353.72, 945
37364.3, 944
37371.19, 943
37383.26, 942
37389.59, 941
37401.84, 940
37418.7, 939
37423.64, 938
37436.25, 937
37447.93, 936
37456.73, 935
37473.1, 934
37479.1, 933
37485.0, 932
37487.52, 931
37514.55, 930
37524.44, 929
37532.18, 928
37550.15, 927
37576.82, 926
37587.99, 925
37596.36, 924
37610.63, 923
37620.4, 922
37631.19, 921
37658.43, 920
37665.41, 919
37679.03, 918
37698.43, 917
37709.56, 916
37723.57, 915
37734.62, 914
37743.85, 913
37757.28, 912
37769.83, 911
37772.85, 910
37810.42, 909
37822.98, 908
37834.59, 907
37839.13, 906
37872.92, 905
37889.64, 904
37896.67, 903
37907.29, 902
37919.01, 901
37926.02, 900
37942.91, 899
37949.1, 898
37961.27, 897
37981.93, 896
38015.88, 895
38042.66, 894
38048.34, 893
38049.35, 892
38050.94, 891
38051.28, 890
38069.52, 889
38090.66, 888
38105.95, 887
38117.14, 886
38145.7, 885
38154.64, 884
38205.13, 883
38212.41, 882
38239.01, 881
38249.22, 880
38258.95, 879
38268.8, 878
38282.49, 877
38286.15, 876
38301.41, 875
38321.87, 874
38348.92, 873
38354.28, 872
38369.07, 871
38371.08, 870
38402.92, 869
38404.0, 868
38421.06, 867
38435.1, 866
38453.5, 865
38469.3, 864
38475.27, 863
38489.36, 862
38501.68, 861
38510.08, 860
38567.59, 859
38577.62, 858
38590.43, 857
38598.86, 856
38619.13, 855
38641.45, 854
38642.61, 853
38659.33, 852
38680.93, 851
38704.34, 850
38718.4, 849
38729.43, 848
38770.76, 847
38778.6, 846
38790.4, 845
38802.27, 844
38819.53, 843
38825.25, 842
38857.46, 841
38871.02, 840
38889.77, 839
38901.55, 838
38911.27, 837
38923.78, 836
38940.05, 835
38950.01, 834
38972.47, 833
38980.4, 832
38994.97, 831
39005.71, 830
39018.04, 829
39026.36, 828
39039.74, 827
39064.41, 826
39064.69, 825
39086.74, 824
39104.34, 823
39124.15, 822
39150.08, 821
39159.6, 820
39168.47, 819
39194.56, 818
39214.44, 817
39220.91, 816
39229.97, 815
39242.81, 814
39254.64, 813
39270.9, 812
39287.59, 811
39293.02, 810
39305.44, 809
39320.13, 808
39354.05, 807
39384.22, 806
39414.87, 805
39429.18, 804
39437.56, 803
39452.25, 802
39463.31, 801
39473.79, 800
39498.84, 799
39527.06, 798
39535.15, 797
39549.74, 796
39568.72, 795
39579.67, 794
39588.35, 793
39612.97, 792
39632.07, 791
39671.74, 790
39681.65, 789
39682.65, 788
39683.73, 787
39693.41, 786
39704.21, 785
39715.12, 784
39730.97, 783
39742.96, 782
39759.74, 781
39766.41, 780
39774.81, 779
39793.62, 778
39817.44, 777
39825.57, 776
39844.94, 775
39861.1, 774
39863.34, 773
39884.21, 772
39892.97, 771
39902.35, 770
39913.3, 769
39918.61, 768
39938.16, 767
39950.64, 766
39959.57, 765
39967.78, 764
39982.12, 763
39991.37, 762
40004.99, 761
40011.21, 760
40059.42, 759
40064.92, 758
40132.83, 757
40133.79, 756
40148.39, 755
40161.85, 754
40170.78, 753
40186.23, 752
40201.94, 751
40212.03, 750
40220.84, 749
40235.57, 748
40273.13, 747
40279.66, 746
40293.78, 745
40314.42, 744
40320.09, 743
40334.89, 742
40344.11, 741
40356.74, 740
40368.2, 739
40375.08, 738
40390.1, 737
40405.06, 736
40410.47, 735
40422.18, 734
40442.98, 733
40450.94, 732
40460.92, 731
40470.27, 730
40487.35, 729
40492.1, 728
40503.29, 727
40530.22, 726
40538.31, 725
40564.61, 724
40565.53, 723
40654.9, 722
40673.12, 721
40680.57, 720
40687.61, 719
40699.19, 718
40709.06, 717
40718.92, 716
40730.33, 715
40758.74, 714
40797.78, 713
40818.77, 712
40830.6, 711
40844.82, 710
40871.43, 709
40914.93, 708
40922.53, 707
40934.16, 706
40943.89, 705
40964.97, 704
40974.46, 703
40985.57, 702
40997.58, 701
41014.71, 700
41032.72, 699
41042.95, 698
41054.72, 697
41067.86, 696
41077.81, 695
41112.48, 694
41120.1, 693
41130.57, 692
41152.17, 691
41153.12, 690
41169.38, 689
41186.25, 688
41197.93, 687
41204.27, 686
41224.52, 685
41237.74, 684
41248.39, 683
41271.01, 682
41281.7, 681
41294.22, 680
41317.83, 679
41355.85, 678
41372.55, 677
41389.42, 676
41408.68, 675
41422.04, 674
41434.53, 673
41447.61, 672
41462.37, 671
41485.04, 670
41496.01, 669
41514.6, 668
41524.49, 667
41533.69, 666
41542.55, 665
41558.08, 664
41566.8, 663
41591.44, 662
41607.54, 661
41625.11, 660
41630.38, 659
41643.3, 658
41658.08, 657
41671.71, 656
41681.78, 655
41693.63, 654
41742.08, 653
41752.26, 652
41764.37, 651
41774.7, 650
41789.99, 649
41798.52, 648
41825.77, 647
41841.36, 646
41849.31, 645
41881.7, 644
41898.56, 643
41907.1, 642
41915.54, 641
41938.25, 640
41957.13, 639
41981.77, 638
41990.53, 637
42004.77, 636
42013.14, 635
42021.59, 634
42083.74, 633
42098.04, 632
42115.81, 631
42138.04, 630
42159.58, 629
42171.07, 628
42190.5, 627
42204.63, 626
42218.7, 625
42226.0, 624
42269.5, 623
42283.56, 622
42294.18, 621
42306.27, 620
42317.07, 619
42336.78, 618
42352.13, 617
42367.09, 616
42383.34, 615
42396.64, 614
42407.35, 613
42440.87, 612
42457.48, 611
42468.4, 610
42477.91, 609
42499.73, 608
42521.26, 607
42527.44, 606
42540.51, 605
42549.14, 604
42566.36, 603
42580.0, 602
42590.26, 601
42604.45, 600
42630.88, 599
42639.78, 598
42653.43, 597
42666.79, 596
42675.44, 595
42688.62, 594
42717.53, 593
42756.24, 592
42776.24, 591
42820.15, 590
42823.78, 589
42844.06, 588
42871.74, 587
42886.87, 586
42891.41, 585
42893.41, 584
42901.87, 583
42915.44, 582
42948.06, 581
42957.44, 580
42969.65, 579
42987.01, 578
42998.12, 577
43018.85, 576
43030.02, 575
43043.84, 574
43062.61, 573
43081.29, 572
43093.82, 571
43107.34, 570
43130.04, 569
43141.97, 568
43153.12, 567
43168.92, 566
43198.62, 565
43220.93, 564
43230.34, 563
43258.11, 562
43267.96, 561
43280.06, 560
43294.03, 559
43320.44, 558
43326.18, 557
43337.46, 556
43350.46, 555
43360.79, 554
43371.3, 553
43392.99, 552
43404.61, 551
43419.22, 550
43472.53, 549
43484.17, 548
43502.67, 547
43530.95, 546
43545.79, 545
43563.56, 544
43575.69, 543
43586.53, 542
43611.55, 541
43632.43, 540
43650.29, 539
43664.48, 538
43695.93, 537
43703.62, 536
43717.02, 535
43753.75, 534
43769.87, 533
43783.79, 532
43793.98, 531
43820.92, 530
43837.02, 529
43854.26, 528
43884.95, 527
43909.71, 526
43923.91, 525
43931.17, 524
43942.09, 523
43954.37, 522
43965.84, 521
43996.75, 520
44005.9, 519
44040.71, 518
44042.12, 517
44051.03, 516
44066.03, 515
44078.95, 514
44090.56, 513
44102.27, 512
44127.22, 511
44150.17, 510
44155.1, 509
44173.35, 508
44190.73, 507
44205.39, 506
44219.01, 505
44252.38, 504
44297.83, 503
44310.88, 502
44325.84, 501
44349.41, 500
44356.98, 499
44367.4, 498
44394.56, 497
44405.06, 496
44415.93, 495
44433.34, 494
44439.56, 493
44450.9, 492
44469.85, 491
44482.55, 490
44493.5, 489
44519.67, 488
44520.66, 487
44543.77, 486
44551.52, 485
44564.98, 484
44585.71, 483
44604.15, 482
44636.58, 481
44655.94, 480
44701.39, 479
44715.88, 478
44732.21, 477
44750.25, 476
44780.08, 475
44800.82, 474
44821.21, 473
44836.09, 472
44858.86, 471
44873.68, 470
44897.36, 469
44942.58, 468
44968.83, 467
44981.71, 466
45002.21, 465
45014.7, 464
45033.8, 463
45051.01, 462
45067.79, 461
45078.85, 460
45088.19, 459
45105.44, 458
45126.15, 457
45148.4, 456
45171.93, 455
45191.0, 454
45203.07, 453
45216.57, 452
45230.67, 451
45245.12, 450
45255.05, 449
45281.86, 448
45300.78, 447
45313.14, 446
45347.28, 445
45359.14, 444
45387.22, 443
45390.69, 442
45408.14, 441
45423.05, 440
45442.23, 439
45456.68, 438
45477.11, 437
45493.89, 436
45531.83, 435
45540.9, 434
45552.25, 433
45566.63, 432
45579.89, 431
45588.1, 430
45604.18, 429
45625.35, 428
45639.31, 427
45654.18, 426
45671.05, 425
45683.86, 424
45705.05, 423
45719.28, 422
45753.61, 421
45757.34, 420
45780.77, 419
45784.89, 418
45798.44, 417
45820.41, 416
45841.66, 415
45859.03, 414
45901.97, 413
45918.0, 412
45927.65, 411
45970.04, 410
45985.06, 409
46016.63, 408
46020.55, 407
46055.94, 406
46068.25, 405
46071.81, 404
46084.03, 403
46114.26, 402
46129.78, 401
46147.71, 400
46171.37, 399
46177.25, 398
46182.67, 397
46198.45, 396
46212.64, 395
46251.35, 394
46270.06, 393
46285.15, 392
46312.41, 391
46353.27, 390
46366.46, 389
46384.83, 388
46410.0, 387
46420.12, 386
46436.48, 385
46468.75, 384
46488.29, 383
46504.08, 382
46535.53, 381
46537.55, 380
46562.75, 379
46575.38, 378
46592.33, 377
46614.34, 376
46622.47, 375
46637.85, 374
46669.0, 373
46682.12, 372
46706.68, 371
46721.51, 370
46737.24, 369
46751.04, 368
46768.7, 367
46777.07, 366
46797.27, 365
46819.34, 364
46846.42, 363
46858.32, 362
46877.41, 361
46887.26, 360
46899.94, 359
46914.38, 358
46954.15, 357
46977.68, 356
47002.09, 355
47017.79, 354
47033.48, 353
47059.5, 352
47081.11, 351
47091.26, 350
47120.35, 349
47143.25, 348
47157.27, 347
47174.04, 346
47198.51, 345
47202.61, 344
47214.92, 343
47237.05, 342
47258.0, 341
47275.18, 340
47296.27, 339
47315.35, 338
47340.76, 337
47354.29, 336
47377.64, 335
47389.28, 334
47420.88, 333
47466.77, 332
47482.25, 331
47491.99, 330
47510.52, 329
47522.72, 328
47552.84, 327
47580.52, 326
47592.56, 325
47617.19, 324
47637.9, 323
47655.74, 322
47691.74, 321
47713.85, 320
47734.14, 319
47742.9, 318
47756.58, 317
47769.77, 316
47785.25, 315
47800.76, 314
47822.02, 313
47898.05, 312
47899.1, 311
47900.06, 310
47901.0, 309
47901.94, 308
47931.63, 307
47935.77, 306
47965.81, 305
47994.75, 304
48006.92, 303
48049.6, 302
48065.83, 301
48106.62, 300
48122.77, 299
48133.01, 298
48152.37, 297
48169.55, 296
48182.1, 295
48193.78, 294
48200.67, 293
48223.97, 292
48242.34, 291
48256.33, 290
48290.41, 289
48303.87, 288
48320.89, 287
48336.51, 286
48352.06, 285
48365.5, 284
48404.03, 283
48410.5, 282
48447.91, 281
48455.23, 280
48470.68, 279
48518.76, 278
48539.88, 277
48567.37, 276
48596.45, 275
48607.63, 274
48628.05, 273
48642.96, 272
48656.56, 271
48675.74, 270
48712.57, 269
48731.22, 268
48759.85, 267
48784.04, 266
48800.65, 265
48815.61, 264
48829.08, 263
48842.88, 262
48879.14, 261
48891.62, 260
48905.71, 259
48924.89, 258
48932.55, 257
48951.68, 256
49010.13, 255
49020.86, 254
49039.48, 253
49068.87, 252
49084.9, 251
49096.25, 250
49124.22, 249
49138.77, 248
49159.93, 247
49188.34, 246
49207.95, 245
49231.07, 244
49255.71, 243
49256.65, 242
49273.82, 241
49293.81, 240
49313.33, 239
49335.69, 238
49363.31, 237
49394.25, 236
49414.3, 235
49429.54, 234
49463.26, 233
49467.76, 232
49499.99, 231
49515.87, 230
49523.11, 229
49548.22, 228
49563.57, 227
49581.7, 226
49611.2, 225
49686.3, 224
49714.5, 223
49733.58, 222
49762.52, 221
49781.39, 220
49814.64, 219
49830.0, 218
49847.66, 217
49878.07, 216
49894.25, 215
49911.07, 214
49923.46, 213
49957.12, 212
49976.08, 211
50009.8, 210
50034.41, 209
50049.97, 208
50067.96, 207
50096.62, 206
50138.48, 205
50155.45, 204
50173.52, 203
50207.55, 202
50221.74, 201
50236.09, 200
50258.95, 199
50272.78, 198
50288.06, 197
50309.4, 196
50333.6, 195
50352.03, 194
50367.98, 193
50406.13, 192
50411.65, 191
50437.64, 190
50468.95, 189
50481.78, 188
50492.33, 187
50512.49, 186
50549.19, 185
50564.68, 184
50585.74, 183
50606.86, 182
50634.37, 181
50642.08, 180
50663.43, 179
50699.99, 178
50725.83, 177
50764.21, 176
50773.22, 175
50793.23, 174
50817.65, 173
50849.63, 172
50902.48, 171
50918.57, 170
50937.29, 169
50952.9, 168
50969.28, 167
50980.74, 166
51001.41, 165
51017.28, 164
51031.02, 163
51048.81, 162
51063.77, 161
51077.69, 160
51121.55, 159
51168.08, 158
51175.84, 157
51195.8, 156
51232.48, 155
51271.16, 154
51287.72, 153
51306.1, 152
51322.34, 151
51362.81, 150
51375.28, 149
51398.26, 148
51410.75, 147
51425.05, 146
51444.13, 145
51457.92, 144
51474.84, 143
51490.3, 142
51528.82, 141
51548.57, 140
51569.03, 139
51581.23, 138
51597.95, 137
51623.98, 136
51641.91, 135
51662.17, 134
51678.44, 133
51697.73, 132
51731.1, 131
51744.24, 130
51769.01, 129
51797.54, 128
51819.43, 127
51847.94, 126
51887.99, 125
51923.45, 124
51945.89, 123
51962.71, 122
51998.54, 121
52025.55, 120
52052.63, 119
52069.69, 118
52089.18, 117
52102.13, 116
52121.3, 115
52157.43, 114
52172.97, 113
52220.41, 112
52303.66, 111
52318.98, 110
52341.57, 109
52372.88, 108
52410.89, 107
52421.52, 106
52440.07, 105
52482.52, 104
52520.26, 103
52570.37, 102
52575.87, 101
52586.15, 100
52605.0, 99
52660.86, 98
52686.67, 97
52708.22, 96
52747.6, 95
52773.93, 94
52804.68, 93
52827.25, 92
52853.29, 91
52857.21, 90
52885.54, 89
52905.6, 88
52940.01, 87
52969.37, 86
53046.11, 85
53056.67, 84
53071.16, 83
53104.47, 82
53137.45, 81
53152.25, 80
53172.19, 79
53201.01, 78
53214.43, 77
53267.48, 76
53287.23, 75
53292.76, 74
53325.03, 73
53343.67, 72
53385.87, 71
53403.91, 70
53432.08, 69
53451.43, 68
53481.03, 67
53497.51, 66
53519.56, 65
53543.67, 64
53562.6, 63
53593.55, 62
53632.24, 61
53655.91, 60
53723.4, 59
53743.65, 58
53760.91, 57
53831.38, 56
53854.01, 55
53869.43, 54
53903.21, 53
53930.62, 52
53979.83, 51
54003.99, 50
54065.63, 49
54089.13, 48
54156.45, 47
54170.41, 46
54185.81, 45
54187.5, 44
54203.36, 43
54221.91, 42
54272.1, 41
54300.68, 40
54317.11, 39
54336.19, 38
54397.55, 37
54407.35, 36
54435.08, 35
54452.21, 34
54492.12, 33
54500.07, 32
54566.53, 31
54567.5, 30
54574.0, 29
54635.73, 28
54662.36, 27
54696.35, 26
54738.99, 25
54759.09, 24
54775.71, 23
54802.67, 22
54819.76, 21
54840.49, 20
54902.05, 19
54922.28, 18
54960.91, 17
55004.45, 16
55022.47, 15
55054.74, 14
55089.34, 13
55095.46, 12
55131.89, 11
55209.23, 10
55216.17, 9
55284.25, 8
55294.0, 7
55335.45, 6
55372.69, 5
55405.54, 4
55422.81, 3
55457.5, 2
55479.09, 1
55509.14, 0
