2716.59, 4122
2718.84, 4057
2718.86, 4056
2719.3, 4055
2734.47, 4011
2781.4, 4010
2789.41, 4009
2790.57, 4008
2793.04, 4007
2794.03, 4006
2795.86, 3969
2795.88, 3967
2799.57, 3966
2804.68, 3965
2807.62, 3964
2811.86, 3963
2812.79, 3962
2814.24, 3961
2847.81, 3950
2851.83, 3948
2856.75, 3947
2859.2, 3946
2860.16, 3945
2861.04, 3944
2861.86, 3943
2864.51, 3910
2875.57, 3907
2879.17, 3906
2880.08, 3905
2880.94, 3904
2881.81, 3903
2882.66, 3902
2883.64, 3901
2885.09, 3900
2885.33, 3899
2922.86, 3871
2930.31, 3868
2937.48, 3867
2940.65, 3866
2941.55, 3865
2942.42, 3864
2946.99, 3863
2947.09, 3862
2962.47, 3861
3013.22, 3860
3025.78, 3838
3030.2, 3835
3033.26, 3834
3040.78, 3833
3041.42, 3832
3042.34, 3831
3043.94, 3830
3044.12, 3829
3045.0, 3828
3075.75, 3827
3126.81, 3799
3130.77, 3796
3142.18, 3795
3149.58, 3794
3149.68, 3793
3149.7, 3792
3150.17, 3791
3151.85, 3790
3163.24, 3789
3211.2, 3788
3218.66, 3787
3222.37, 3780
3225.48, 3776
3228.6, 3775
3229.52, 3774
3230.41, 3773
3231.28, 3772
3235.6, 3771
3239.4, 3770
3242.22, 3769
3246.6, 3768
3247.54, 3767
3248.37, 3766
3249.24, 3765
3253.66, 3743
3254.51, 3739
3291.7, 3738
3313.7, 3737
3328.68, 3736
3328.8, 3735
3329.5, 3734
3333.53, 3733
3334.44, 3732
3335.41, 3731
3336.2, 3730
3337.06, 3729
3337.93, 3728
3338.79, 3727
3344.31, 3726
3348.02, 3724
3351.79, 3719
3356.29, 3718
3358.75, 3717
3359.72, 3716
3360.66, 3715
3361.56, 3714
3364.4, 3713
3432.44, 3712
3474.96, 3711
3486.28, 3710
3490.11, 3709
3493.81, 3708
3496.75, 3707
3497.68, 3706
3498.59, 3705
3499.54, 3689
3505.59, 3684
3506.49, 3683
3507.85, 3682
3513.64, 3681
3516.52, 3680
3519.76, 3679
3520.6, 3678
3521.49, 3677
3554.13, 3676
3563.24, 3675
3585.1, 3674
3588.35, 3673
3591.39, 3672
3594.1, 3671
3595.03, 3670
3595.84, 3669
3602.06, 3668
3616.92, 3667
3630.56, 3666
3637.34, 3665
3641.01, 3664
3645.49, 3663
3645.61, 3662
3646.43, 3660
3647.46, 3659
3648.18, 3658
3650.91, 3657
3658.9, 3656
3666.27, 3655
3673.8, 3654
3676.4, 3653
3677.39, 3652
3677.44, 3651
3677.45, 3650
3694.4, 3649
3694.51, 3648
3694.53, 3647
3694.55, 3637
3694.6, 3631
3703.28, 3630
3703.54, 3629
3707.9, 3627
3712.86, 3626
3725.26, 3625
3729.06, 3624
3729.94, 3623
3730.8, 3622
3731.66, 3621
3733.62, 3620
3750.17, 3619
3769.97, 3618
3784.35, 3617
3790.48, 3616
3800.26, 3615
3805.44, 3614
3806.31, 3613
3807.78, 3612
3808.04, 3611
3808.9, 3610
3858.4, 3609
3869.58, 3608
3879.71, 3607
3931.48, 3606
3947.55, 3605
3955.15, 3604
3959.06, 3603
3963.62, 3602
3966.1, 3601
3967.09, 3600
3968.05, 3599
4002.27, 3598
4022.56, 3597
4031.88, 3596
4035.5, 3595
4035.93, 3594
4035.97, 3593
4036.13, 3592
4037.94, 3591
4042.11, 3587
4046.5, 3580
4049.61, 3579
4056.74, 3578
4057.85, 3575
4058.47, 3574
4059.34, 3573
4060.81, 3572
4061.04, 3571
4064.55, 3570
4071.2, 3569
4072.19, 3568
4073.08, 3567
4073.99, 3566
4074.85, 3565
4080.57, 3564
4084.85, 3563
4090.06, 3562
4095.82, 3561
4096.69, 3560
4097.57, 3559
4098.44, 3558
4099.3, 3557
4100.16, 3556
4101.11, 3555
4106.48, 3554
4110.71, 3553
4114.22, 3552
4120.3, 3551
4121.2, 3550
4122.06, 3549
4122.94, 3548
4123.79, 3547
4124.74, 3546
4130.75, 3545
4135.19, 3544
4145.63, 3543
4148.26, 3542
4149.24, 3541
4150.17, 3540
4151.01, 3539
4151.85, 3538
4152.72, 3537
4173.12, 3536
4178.48, 3535
4181.75, 3534
4190.49, 3533
4194.32, 3532
4207.68, 3531
4241.28, 3530
4255.67, 3529
4258.78, 3528
4263.55, 3524
4271.05, 3517
4271.98, 3516
4272.7, 3515
4273.65, 3512
4274.43, 3511
4275.29, 3510
4276.4, 3509
4277.32, 3508
4277.96, 3507
4283.29, 3506
4288.34, 3505
4291.38, 3504
4295.65, 3503
4298.45, 3502
4302.39, 3501
4303.29, 3500
4304.22, 3499
4304.97, 3498
4305.83, 3497
4306.69, 3496
4315.98, 3495
4316.94, 3494
4317.76, 3493
4318.74, 3492
4319.61, 3491
4323.16, 3490
4327.59, 3489
4329.8, 3488
4335.12, 3487
4336.02, 3486
4336.89, 3485
4337.77, 3484
4342.08, 3483
4346.43, 3482
4349.64, 3481
4351.58, 3480
4352.55, 3479
4363.42, 3478
4373.99, 3477
4379.08, 3476
4382.11, 3475
4383.01, 3474
4383.9, 3473
4384.76, 3472
4388.35, 3471
4388.38, 3470
4412.12, 3469
4464.19, 3468
4467.53, 3467
4472.77, 3466
4474.99, 3465
4475.87, 3464
4476.73, 3463
4477.6, 3462
4481.25, 3461
4486.92, 3457
4489.74, 3450
4493.31, 3449
4497.61, 3448
4498.51, 3445
4499.42, 3444
4500.56, 3443
4501.35, 3442
4506.68, 3441
4517.29, 3440
4518.22, 3439
4519.1, 3438
4520.0, 3437
4520.87, 3436
4521.73, 3435
4522.64, 3434
4523.46, 3433
4562.21, 3432
4565.09, 3431
4570.3, 3430
4572.88, 3429
4574.25, 3428
4575.35, 3427
4575.47, 3426
4588.9, 3425
4589.75, 3424
4590.63, 3423
4622.93, 3422
4645.56, 3421
4648.22, 3420
4650.5, 3419
4651.37, 3418
4655.86, 3417
4658.53, 3416
4663.01, 3415
4669.44, 3414
4671.31, 3413
4671.34, 3412
4672.13, 3411
4673.09, 3410
4688.83, 3409
4692.39, 3408
4701.8, 3407
4701.94, 3406
4701.97, 3405
4707.69, 3404
4722.99, 3403
4751.57, 3402
4752.54, 3401
4753.41, 3400
4757.98, 3399
4762.23, 3398
4764.82, 3397
4767.28, 3396
4768.22, 3395
4814.94, 3394
4852.44, 3393
4880.57, 3392
4883.89, 3391
4888.7, 3390
4891.52, 3389
4892.44, 3388
4893.44, 3387
4902.68, 3386
4912.28, 3385
4913.19, 3384
4914.34, 3383
4915.01, 3382
4915.91, 3381
4916.8, 3380
4917.7, 3379
4946.38, 3378
4988.11, 3377
4991.63, 3376
4995.66, 3375
4998.21, 3374
5013.16, 3373
5020.82, 3372
5021.76, 3371
5022.66, 3370
5023.6, 3369
5024.42, 3368
5025.28, 3367
5053.94, 3366
5079.08, 3365
5099.39, 3364
5103.35, 3363
5106.74, 3362
5109.07, 3361
5110.55, 3360
5112.86, 3359
5113.77, 3358
5119.57, 3357
5124.32, 3356
5128.51, 3355
5131.96, 3354
5132.88, 3353
5133.76, 3352
5134.71, 3351
5135.63, 3350
5141.24, 3349
5146.61, 3348
5154.54, 3347
5156.93, 3346
5157.62, 3345
5158.48, 3344
5159.39, 3343
5164.7, 3342
5165.57, 3341
5166.42, 3340
5181.7, 3339
5245.12, 3338
5248.34, 3337
5264.58, 3336
5275.12, 3335
5278.39, 3334
5278.48, 3333
5278.5, 3332
5279.0, 3331
5323.87, 3330
5339.64, 3329
5348.31, 3328
5357.93, 3327
5359.57, 3326
5363.51, 3325
5364.37, 3324
5365.26, 3323
5366.16, 3322
5367.05, 3321
5368.0, 3320
5368.88, 3319
5374.22, 3318
5377.87, 3317
5381.16, 3316
5383.48, 3315
5384.34, 3314
5389.76, 3313
5393.56, 3312
5397.52, 3311
5400.79, 3310
5404.97, 3309
5407.24, 3308
5408.22, 3307
5409.42, 3306
5415.45, 3305
5421.32, 3304
5422.84, 3303
5423.9, 3302
5424.63, 3301
5482.7, 3300
5496.18, 3299
5499.54, 3298
5500.84, 3297
5501.77, 3296
5505.89, 3295
5509.71, 3294
5514.6, 3293
5516.77, 3292
5517.67, 3291
5518.52, 3290
5523.76, 3289
5526.67, 3288
5537.64, 3287
5538.51, 3286
5539.42, 3285
5540.31, 3284
5541.23, 3283
5548.11, 3282
5549.6, 3281
5555.55, 3280
5556.5, 3279
5557.03, 3278
5557.75, 3277
5558.65, 3276
5565.77, 3275
5571.95, 3274
5575.37, 3273
5578.51, 3272
5579.4, 3271
5580.26, 3270
5581.11, 3269
5592.72, 3268
5598.15, 3267
5605.29, 3266
5606.18, 3265
5607.09, 3264
5607.99, 3263
5608.86, 3262
5631.45, 3261
5679.22, 3260
5692.04, 3259
5696.67, 3258
5705.22, 3257
5708.98, 3256
5714.18, 3255
5715.07, 3254
5715.96, 3253
5717.15, 3252
5718.0, 3251
5718.65, 3250
5729.04, 3249
5765.47, 3248
5772.09, 3247
5772.92, 3246
5779.31, 3245
5782.11, 3244
5788.06, 3243
5790.39, 3242
5791.0, 3241
5795.89, 3240
5805.2, 3239
5805.3, 3238
5806.59, 3237
5807.91, 3236
5808.41, 3235
5838.73, 3234
5859.87, 3233
5863.63, 3232
5866.5, 3231
5873.28, 3230
5874.23, 3229
5875.16, 3228
5876.28, 3227
5877.44, 3226
5880.97, 3225
5884.76, 3224
5888.73, 3223
5890.88, 3222
5891.8, 3221
5892.67, 3220
5897.53, 3219
5900.78, 3218
5902.17, 3217
5903.03, 3216
5907.9, 3215
5914.08, 3214
5915.03, 3213
5915.93, 3212
5920.66, 3211
5921.49, 3210
5927.48, 3209
5930.72, 3208
5935.0, 3207
5937.62, 3206
5938.48, 3205
5942.25, 3204
5947.24, 3203
5951.95, 3202
5955.52, 3201
5972.1, 3200
5973.02, 3199
5973.89, 3198
5974.75, 3197
5975.62, 3196
5977.11, 3195
5977.38, 3194
6020.61, 3193
6038.67, 3192
6045.26, 3191
6047.93, 3190
6053.94, 3189
6055.11, 3188
6058.31, 3187
6058.34, 3186
6058.35, 3185
6058.35, 3184
6070.57, 3183
6074.6, 3182
6079.3, 3181
6081.57, 3180
6082.54, 3179
6088.61, 3178
6088.64, 3177
6088.64, 3176
6088.65, 3175
6095.62, 3174
6104.3, 3173
6107.45, 3172
6115.8, 3171
6116.84, 3170
6117.51, 3169
6118.39, 3168
6119.3, 3167
6179.51, 3166
6204.86, 3165
6256.21, 3164
6262.27, 3163
6267.97, 3162
6273.54, 3161
6289.56, 3160
6304.71, 3159
6307.61, 3158
6312.1, 3157
6315.17, 3156
6316.08, 3155
6316.99, 3154
6322.15, 3153
6325.19, 3152
6329.83, 3151
6332.71, 3150
6333.24, 3149
6363.1, 3148
6405.76, 3147
6429.1, 3146
6433.48, 3145
6445.88, 3144
6448.09, 3143
6449.22, 3142
6451.31, 3141
6451.37, 3140
6455.32, 3139
6459.09, 3138
6464.73, 3137
6465.62, 3136
6466.49, 3135
6467.39, 3134
6471.86, 3133
6474.41, 3132
6506.26, 3131
6508.84, 3130
6514.35, 3129
6515.96, 3128
6517.02, 3127
6518.02, 3126
6525.74, 3125
6528.59, 3124
6528.67, 3123
6535.07, 3122
6538.37, 3121
6539.25, 3120
6544.2, 3119
6550.1, 3118
6550.76, 3117
6551.65, 3116
6552.55, 3115
6561.72, 3114
6561.83, 3113
6564.44, 3112
6574.11, 3111
6574.24, 3110
6574.26, 3109
6574.27, 3108
6596.28, 3107
6640.21, 3106
6644.47, 3105
6649.06, 3104
6654.33, 3103
6655.22, 3102
6656.1, 3101
6656.96, 3100
6657.84, 3099
6660.89, 3098
6664.9, 3097
6670.51, 3096
6675.41, 3095
6678.51, 3094
6679.41, 3093
6680.34, 3092
6681.25, 3091
6682.16, 3090
6689.55, 3089
6692.95, 3088
6696.69, 3087
6699.12, 3086
6699.74, 3085
6707.81, 3084
6721.69, 3083
6727.09, 3082
6733.75, 3081
6734.3, 3080
6735.38, 3079
6736.01, 3078
6736.87, 3077
6737.74, 3076
6742.73, 3075
6764.61, 3074
6773.67, 3073
6777.86, 3072
6781.19, 3071
6791.0, 3070
6791.94, 3069
6792.93, 3068
6793.93, 3067
6794.72, 3066
6795.65, 3065
6796.56, 3064
6797.48, 3063
6822.52, 3062
6826.62, 3061
6830.81, 3060
6833.6, 3059
6834.67, 3058
6835.36, 3057
6846.57, 3056
6857.5, 3055
6863.12, 3054
6863.94, 3053
6864.81, 3052
6865.7, 3051
6866.58, 3050
6867.45, 3049
6876.34, 3048
6916.27, 3047
6925.38, 3046
6925.47, 3045
6927.98, 3044
6928.88, 3043
6929.75, 3042
7079.62, 3041
7079.71, 3040
7079.73, 3039
7079.75, 3038
7079.78, 3037
7082.12, 3036
7113.8, 3035
7121.58, 3034
7129.04, 3033
7138.58, 3032
7139.51, 3031
7140.42, 3030
7141.3, 3029
7142.17, 3028
7217.29, 3027
7236.44, 3026
7240.12, 3025
7244.82, 3024
7268.38, 3023
7308.35, 3022
7313.38, 3021
7316.21, 3020
7323.77, 3019
7329.33, 3018
7403.29, 3017
7430.19, 3016
7433.88, 3015
7436.42, 3014
7437.61, 3013
7438.14, 3012
7439.0, 3011
7445.29, 3010
7452.02, 3009
7453.58, 3008
7457.99, 3007
7458.78, 3006
7459.63, 3005
7460.81, 3004
7465.31, 3003
7468.65, 3002
7472.13, 3001
7474.82, 3000
7479.1, 2999
7481.6, 2998
7485.04, 2997
7488.13, 2996
7489.02, 2995
7494.61, 2994
7502.73, 2993
7505.94, 2992
7508.79, 2991
7513.71, 2990
7514.66, 2989
7515.56, 2988
7522.16, 2987
7523.02, 2986
7523.94, 2985
7530.67, 2984
7555.21, 2983
7563.11, 2982
7565.82, 2981
7569.88, 2980
7572.42, 2979
7573.32, 2978
7591.02, 2977
7595.77, 2976
7598.45, 2975
7629.19, 2974
7630.15, 2973
7631.04, 2972
7632.08, 2971
7644.66, 2970
7693.85, 2969
7702.34, 2968
7707.46, 2967
7711.95, 2966
7712.76, 2965
7713.66, 2964
7714.53, 2963
7715.49, 2962
7733.84, 2961
7736.35, 2960
7737.17, 2959
7738.02, 2958
7738.85, 2957
7739.71, 2956
7740.59, 2955
7741.52, 2954
7747.2, 2953
7753.18, 2952
7754.05, 2951
7754.98, 2950
7755.88, 2949
7768.4, 2948
7768.53, 2947
7770.43, 2946
7772.76, 2945
7773.63, 2944
7779.11, 2943
7784.15, 2942
7785.89, 2941
7785.91, 2940
7790.81, 2939
7798.1, 2938
7798.19, 2937
7809.8, 2936
7809.89, 2935
7811.52, 2934
7814.06, 2933
7814.99, 2932
7836.53, 2931
7841.12, 2930
7853.96, 2929
7863.92, 2928
7864.83, 2927
7865.86, 2926
7874.19, 2925
7904.66, 2924
7915.1, 2923
7920.63, 2922
7924.52, 2921
7927.2, 2920
7928.96, 2919
7928.98, 2918
7935.11, 2917
7938.97, 2916
7945.46, 2915
7945.91, 2914
7946.68, 2913
7947.54, 2912
7960.35, 2911
7992.32, 2910
8013.3, 2909
8018.32, 2908
8023.44, 2907
8027.74, 2906
8028.62, 2905
8029.5, 2904
8046.31, 2903
8076.37, 2902
8087.55, 2901
8090.54, 2900
8095.75, 2899
8097.98, 2898
8098.87, 2897
8099.73, 2896
8109.07, 2895
8138.99, 2894
8144.44, 2893
8149.26, 2892
8150.38, 2891
8151.3, 2890
8151.91, 2889
8157.17, 2888
8213.74, 2887
8216.74, 2886
8220.9, 2885
8224.38, 2884
8225.3, 2883
8226.25, 2882
8231.01, 2881
8237.77, 2880
8241.31, 2879
8248.13, 2878
8249.04, 2877
8249.86, 2876
8261.79, 2875
8297.41, 2874
8300.73, 2873
8304.98, 2872
8310.44, 2871
8312.12, 2870
8312.23, 2869
8313.07, 2868
8321.32, 2867
8325.19, 2866
8329.85, 2865
8332.86, 2864
8333.47, 2863
8334.22, 2862
8335.2, 2861
8339.81, 2860
8351.66, 2859
8357.61, 2858
8358.06, 2857
8359.57, 2856
8360.78, 2855
8360.88, 2854
8361.63, 2853
8372.53, 2852
8380.23, 2851
8391.68, 2850
8400.99, 2849
8401.88, 2848
8402.76, 2847
8403.6, 2846
8404.44, 2845
8436.92, 2844
8473.77, 2843
8481.01, 2842
8485.92, 2841
8489.49, 2840
8492.44, 2839
8493.83, 2838
8497.58, 2837
8503.1, 2836
8507.36, 2835
8512.85, 2834
8515.96, 2833
8516.79, 2832
8517.64, 2831
8538.44, 2830
8554.64, 2829
8558.16, 2828
8563.05, 2827
8567.02, 2826
8567.95, 2825
8568.76, 2824
8569.62, 2823
8578.7, 2822
8582.81, 2821
8589.68, 2820
8594.33, 2819
8595.19, 2818
8596.07, 2817
8596.94, 2816
8655.69, 2815
8698.0, 2814
8713.87, 2813
8719.29, 2812
8721.89, 2811
8724.33, 2810
8725.12, 2809
8725.97, 2808
8730.95, 2807
8735.68, 2806
8739.19, 2805
8742.38, 2804
8743.86, 2803
8747.42, 2802
8754.05, 2801
8757.35, 2800
8761.07, 2799
8761.98, 2798
8762.85, 2797
8772.1, 2796
8776.25, 2795
8781.21, 2794
8788.42, 2793
8789.29, 2792
8790.16, 2791
8791.01, 2790
8791.86, 2789
8799.23, 2788
8800.35, 2787
8801.77, 2786
8806.46, 2785
8809.31, 2784
8811.81, 2783
8812.63, 2782
8820.4, 2781
8824.57, 2780
8830.1, 2779
8830.41, 2778
8831.3, 2777
8832.23, 2776
8839.92, 2775
8847.2, 2774
8853.56, 2773
8856.75, 2772
8857.26, 2771
8858.17, 2770
8858.95, 2769
8860.7, 2768
8864.59, 2767
8865.43, 2766
8877.81, 2765
8898.81, 2764
8913.44, 2763
8920.99, 2762
8921.63, 2761
8949.82, 2760
8991.14, 2759
8996.06, 2758
9000.08, 2757
9005.53, 2756
9006.4, 2755
9014.68, 2754
9026.27, 2753
9031.11, 2752
9035.26, 2751
9036.74, 2750
9037.05, 2749
9037.95, 2748
9038.85, 2747
9039.81, 2746
9054.9, 2745
9091.87, 2744
9103.54, 2743
9106.62, 2742
9110.68, 2741
9113.33, 2740
9114.22, 2739
9129.92, 2738
9141.28, 2737
9143.78, 2736
9144.33, 2735
9187.25, 2734
9196.07, 2733
9198.29, 2732
9201.73, 2731
9201.83, 2730
9202.08, 2729
9203.25, 2728
9206.97, 2727
9222.22, 2726
9225.35, 2725
9229.88, 2724
9232.89, 2723
9233.8, 2722
9234.65, 2721
9235.51, 2720
9237.2, 2719
9237.57, 2718
9238.12, 2717
9260.76, 2716
9261.08, 2715
9262.03, 2714
9262.79, 2713
9263.66, 2712
9264.54, 2711
9337.35, 2710
9347.76, 2709
9362.42, 2708
9365.08, 2707
9368.79, 2706
9371.76, 2705
9372.65, 2704
9375.94, 2703
9380.36, 2702
9385.48, 2701
9391.16, 2700
9396.19, 2699
9399.16, 2698
9400.2, 2697
9414.69, 2696
9457.71, 2695
9472.07, 2694
9498.4, 2693
9506.94, 2692
9511.46, 2691
9519.27, 2690
9520.26, 2689
9520.58, 2688
9521.38, 2687
9527.31, 2686
9531.49, 2685
9536.87, 2684
9539.77, 2683
9542.57, 2682
9546.2, 2681
9547.08, 2680
9551.74, 2679
9558.03, 2678
9558.89, 2677
9564.36, 2676
9570.06, 2675
9574.29, 2674
9577.36, 2673
9578.11, 2672
9578.91, 2671
9597.81, 2670
9603.61, 2669
9614.53, 2668
9622.86, 2667
9623.77, 2666
9625.52, 2665
9625.55, 2664
9668.68, 2663
9697.08, 2662
9713.09, 2661
9716.0, 2660
9721.27, 2659
9723.73, 2658
9724.62, 2657
9730.06, 2656
9735.39, 2655
9739.13, 2654
9743.95, 2653
9744.22, 2652
9744.95, 2651
9747.83, 2650
9758.44, 2649
9763.77, 2648
9774.27, 2647
9777.22, 2646
9782.54, 2645
9782.57, 2644
9782.58, 2643
9782.58, 2642
9782.59, 2641
9786.86, 2640
9827.39, 2639
9858.6, 2638
9862.74, 2637
9866.4, 2636
9873.09, 2635
9873.96, 2634
9874.83, 2633
9875.68, 2632
9877.25, 2631
9881.72, 2630
9889.63, 2629
9897.74, 2628
9906.46, 2627
9907.38, 2626
9908.18, 2625
9909.03, 2624
9910.35, 2623
9910.72, 2622
9911.62, 2621
9922.83, 2620
9927.34, 2619
9931.14, 2618
9947.29, 2617
9948.18, 2616
9949.05, 2615
9950.07, 2614
9951.47, 2613
9951.62, 2612
9963.21, 2611
10014.11, 2610
10039.1, 2609
10045.45, 2608
10048.28, 2607
10052.15, 2606
10053.02, 2605
10053.87, 2604
10054.77, 2603
10062.04, 2602
10065.74, 2601
10070.45, 2600
10077.22, 2599
10078.03, 2598
10078.87, 2597
10079.72, 2596
10080.57, 2595
10088.58, 2594
10089.46, 2593
10092.96, 2592
10097.4, 2591
10101.28, 2590
10102.55, 2589
10106.49, 2588
10112.06, 2587
10114.7, 2586
10118.74, 2585
10122.99, 2584
10123.95, 2583
10128.66, 2582
10132.66, 2581
10139.47, 2580
10147.17, 2579
10151.21, 2578
10154.68, 2577
10157.45, 2576
10162.01, 2575
10164.09, 2574
10164.99, 2573
10171.43, 2572
10174.06, 2571
10177.77, 2570
10181.49, 2569
10182.4, 2568
10229.98, 2567
10233.17, 2566
10300.33, 2565
10323.05, 2564
10330.87, 2563
10336.94, 2562
10340.21, 2561
10347.22, 2560
10348.12, 2559
10349.02, 2558
10349.86, 2557
10350.7, 2556
10351.58, 2555
10363.53, 2554
10368.68, 2553
10374.0, 2552
10383.08, 2551
10383.96, 2550
10384.86, 2549
10385.75, 2548
10386.63, 2547
10387.53, 2546
10388.35, 2545
10389.2, 2544
10413.2, 2543
10416.36, 2542
10429.28, 2541
10433.48, 2540
10435.0, 2539
10435.1, 2538
10455.6, 2537
10479.28, 2536
10498.09, 2535
10502.62, 2534
10506.15, 2533
10509.19, 2532
10510.41, 2531
10511.0, 2530
10520.62, 2529
10524.99, 2528
10544.29, 2527
10547.5, 2526
10549.14, 2525
10549.25, 2524
10550.11, 2523
10551.44, 2522
10620.76, 2521
10669.99, 2520
10694.59, 2519
10698.38, 2518
10702.85, 2517
10706.09, 2516
10709.86, 2515
10713.11, 2514
10714.0, 2513
10719.38, 2512
10722.86, 2511
10725.68, 2510
10730.66, 2509
10733.92, 2508
10738.08, 2507
10740.26, 2506
10746.78, 2505
10758.0, 2504
10779.69, 2503
10788.71, 2502
10789.59, 2501
10790.42, 2500
10791.31, 2499
10792.15, 2498
10804.65, 2497
10817.9, 2496
10831.07, 2495
10838.38, 2494
10842.13, 2493
10846.07, 2492
10847.02, 2491
10847.8, 2490
10848.65, 2489
10849.51, 2488
10856.47, 2487
10860.62, 2486
10864.83, 2485
10867.29, 2484
10914.68, 2483
10937.13, 2482
10940.36, 2481
10944.57, 2480
10947.23, 2479
10948.1, 2478
10957.12, 2477
10958.01, 2476
10966.23, 2475
10970.92, 2474
10973.96, 2473
10978.6, 2472
10979.36, 2471
10980.31, 2470
10990.23, 2469
10993.26, 2468
10997.8, 2467
11000.93, 2466
11001.97, 2465
11002.65, 2464
11037.11, 2463
11058.99, 2462
11063.79, 2461
11068.45, 2460
11072.46, 2459
11074.1, 2458
11081.16, 2457
11088.7, 2456
11092.21, 2455
11093.15, 2454
11094.09, 2453
11098.09, 2452
11104.65, 2451
11107.43, 2450
11117.17, 2449
11118.07, 2448
11118.95, 2447
11119.98, 2446
11120.95, 2445
11123.73, 2444
11128.31, 2443
11136.55, 2442
11140.59, 2441
11145.24, 2440
11147.63, 2439
11148.54, 2438
11149.45, 2437
11245.11, 2436
11271.62, 2435
11275.17, 2434
11280.27, 2433
11285.07, 2432
11286.61, 2431
11312.89, 2430
11329.1, 2429
11335.33, 2428
11340.3, 2427
11344.26, 2426
11347.82, 2425
11351.2, 2424
11351.89, 2423
11352.81, 2422
11353.71, 2421
11372.48, 2420
11377.38, 2419
11380.87, 2418
11382.56, 2417
11383.41, 2416
11384.29, 2415
11385.12, 2414
11385.96, 2413
11386.83, 2412
11391.24, 2411
11398.66, 2410
11408.43, 2409
11409.31, 2408
11458.17, 2407
11483.61, 2406
11494.27, 2405
11497.83, 2404
11506.42, 2403
11507.29, 2402
11508.15, 2401
11513.37, 2400
11517.19, 2399
11526.19, 2398
11531.89, 2397
11532.75, 2396
11533.61, 2395
11534.57, 2394
11535.46, 2393
11536.21, 2392
11546.99, 2391
11552.85, 2390
11570.55, 2389
11658.99, 2388
11668.38, 2387
11670.22, 2386
11670.5, 2385
11675.21, 2384
11679.2, 2383
11682.17, 2382
11692.87, 2381
11707.01, 2380
11729.55, 2379
11733.09, 2378
11736.98, 2377
11739.37, 2376
11740.23, 2375
11741.09, 2374
11741.95, 2373
11742.88, 2372
11752.23, 2371
11777.69, 2370
11781.19, 2369
11796.04, 2368
11798.73, 2367
11799.64, 2366
11800.47, 2365
11801.34, 2364
11802.54, 2363
11837.97, 2362
11872.71, 2361
11889.15, 2360
11894.03, 2359
11897.34, 2358
11900.95, 2357
11901.9, 2356
11907.78, 2355
11912.67, 2354
11915.72, 2353
11920.19, 2352
11923.3, 2351
11937.09, 2350
11941.42, 2349
11952.07, 2348
11955.56, 2347
11957.09, 2346
11957.35, 2345
11958.22, 2344
11959.09, 2343
11978.54, 2342
11982.35, 2341
11987.78, 2340
11992.57, 2339
11994.06, 2338
11994.44, 2337
12039.53, 2336
12040.43, 2335
12041.31, 2334
12042.19, 2333
12043.84, 2332
12043.97, 2331
12045.06, 2330
12056.93, 2329
12064.68, 2328
12070.22, 2327
12074.25, 2326
12091.33, 2325
12105.59, 2324
12110.77, 2323
12128.59, 2322
12130.78, 2321
12131.67, 2320
12132.53, 2319
12133.43, 2318
12135.09, 2317
12135.11, 2316
12205.02, 2315
12208.69, 2314
12213.72, 2313
12219.26, 2312
12222.85, 2311
12222.88, 2310
12225.57, 2309
12252.31, 2308
12257.58, 2307
12269.46, 2306
12270.38, 2305
12271.29, 2304
12272.18, 2303
12273.03, 2302
12329.82, 2301
12333.78, 2300
12338.12, 2299
12341.88, 2298
12342.86, 2297
12343.97, 2296
12344.44, 2295
12345.29, 2294
12346.14, 2293
12347.0, 2292
12353.2, 2291
12356.28, 2290
12363.16, 2289
12368.93, 2288
12419.22, 2287
12432.47, 2286
12434.71, 2285
12438.98, 2284
12444.72, 2283
12445.55, 2282
12446.43, 2281
12454.46, 2280
12464.77, 2279
12470.21, 2278
12473.82, 2277
12474.7, 2276
12475.56, 2275
12477.32, 2274
12477.35, 2273
12496.15, 2272
12532.1, 2271
12546.99, 2270
12553.96, 2269
12558.61, 2268
12559.54, 2267
12560.67, 2266
12561.74, 2265
12580.95, 2264
12608.37, 2263
12609.19, 2262
12618.74, 2261
12620.47, 2260
12625.72, 2259
12641.35, 2258
12641.4, 2257
12641.53, 2256
12644.84, 2255
12645.7, 2254
12646.56, 2253
12654.21, 2252
12658.48, 2251
12663.08, 2250
12672.53, 2249
12672.94, 2248
12673.82, 2247
12674.68, 2246
12675.53, 2245
12704.55, 2244
12716.49, 2243
12721.41, 2242
12724.2, 2241
12725.08, 2240
12725.93, 2239
12764.15, 2238
12815.89, 2237
12820.38, 2236
12824.06, 2235
12830.82, 2234
12831.73, 2233
12832.58, 2232
12840.08, 2231
12850.62, 2230
12851.54, 2229
12856.1, 2228
12858.83, 2227
12863.93, 2226
12868.3, 2225
12871.69, 2224
12873.6, 2223
12874.52, 2222
12880.56, 2221
12883.77, 2220
12888.73, 2219
12890.68, 2218
12894.75, 2217
12897.81, 2216
12901.64, 2215
12904.63, 2214
12905.5, 2213
12912.7, 2212
12915.72, 2211
12919.82, 2210
12922.04, 2209
12923.02, 2208
12928.62, 2207
12933.12, 2206
12937.8, 2205
12940.81, 2204
12943.97, 2203
12944.19, 2202
12952.04, 2201
12955.61, 2200
12958.5, 2199
13008.88, 2198
13009.8, 2197
13010.8, 2196
13011.67, 2195
13012.52, 2194
13013.31, 2193
13028.0, 2192
13062.66, 2191
13067.19, 2190
13071.33, 2189
13074.35, 2188
13075.26, 2187
13086.77, 2186
13090.7, 2185
13095.53, 2184
13102.58, 2183
13103.51, 2182
13104.35, 2181
13105.2, 2180
13106.2, 2179
13127.73, 2178
13131.62, 2177
13138.92, 2176
13141.93, 2175
13142.91, 2174
13220.64, 2173
13224.03, 2172
13228.07, 2171
13232.3, 2170
13233.13, 2169
13246.6, 2168
13249.77, 2167
13256.53, 2166
13266.99, 2165
13267.91, 2164
13268.78, 2163
13269.69, 2162
13307.18, 2161
13320.33, 2160
13323.22, 2159
13326.3, 2158
13329.68, 2157
13330.62, 2156
13373.34, 2155
13462.95, 2154
13465.73, 2153
13470.06, 2152
13472.49, 2151
13473.39, 2150
13474.25, 2149
13495.96, 2148
13510.63, 2147
13523.18, 2146
13527.2, 2145
13530.2, 2144
13532.22, 2143
13539.06, 2142
13541.15, 2141
13545.9, 2140
13551.68, 2139
13553.81, 2138
13557.18, 2137
13563.41, 2136
13564.81, 2135
13569.98, 2134
13574.02, 2133
13581.03, 2132
13588.9, 2131
13593.61, 2130
13600.29, 2129
13601.21, 2128
13602.05, 2127
13602.9, 2126
13608.08, 2125
13612.62, 2124
13619.51, 2123
13623.84, 2122
13628.41, 2121
13633.54, 2120
13634.14, 2119
13635.04, 2118
13658.73, 2117
13663.79, 2116
13664.78, 2115
13665.39, 2114
13666.29, 2113
13670.8, 2112
13675.33, 2111
13680.15, 2110
13683.33, 2109
13687.6, 2108
13699.61, 2107
13700.47, 2106
13701.35, 2105
13702.29, 2104
13703.03, 2103
13708.06, 2102
13719.06, 2101
13719.96, 2100
13720.88, 2099
13725.79, 2098
13727.55, 2097
13731.88, 2096
13736.25, 2095
13806.32, 2094
13822.96, 2093
13825.85, 2092
13831.66, 2091
13837.05, 2090
13840.63, 2089
13847.65, 2088
13848.54, 2087
13849.41, 2086
13856.29, 2085
13859.2, 2084
13864.86, 2083
13869.38, 2082
13873.81, 2081
13878.74, 2080
13896.57, 2079
13932.13, 2078
13937.55, 2077
13941.64, 2076
13946.87, 2075
13950.42, 2074
13954.57, 2073
13967.85, 2072
13968.5, 2071
13969.39, 2070
13973.16, 2069
13977.64, 2068
13980.85, 2067
13990.69, 2066
13995.79, 2065
13998.65, 2064
14004.49, 2063
14007.57, 2062
14011.93, 2061
14023.23, 2060
14026.67, 2059
14030.64, 2058
14037.73, 2057
14040.9, 2056
14045.62, 2055
14046.32, 2054
14064.33, 2053
14074.54, 2052
14075.45, 2051
14077.55, 2050
14077.63, 2049
14078.0, 2048
14078.86, 2047
14081.02, 2046
14089.83, 2045
14094.03, 2044
14105.16, 2043
14110.56, 2042
14111.39, 2041
14112.26, 2040
14113.12, 2039
14121.99, 2038
14125.79, 2037
14132.11, 2036
14132.84, 2035
14133.89, 2034
14186.84, 2033
14236.57, 2032
14241.06, 2031
14254.49, 2030
14286.46, 2029
14300.87, 2028
14305.04, 2027
14307.71, 2026
14314.3, 2025
14321.38, 2024
14324.91, 2023
14325.74, 2022
14347.42, 2021
14385.23, 2020
14390.44, 2019
14395.11, 2018
14397.85, 2017
14406.7, 2016
14411.01, 2015
14414.04, 2014
14421.33, 2013
14422.22, 2012
14423.08, 2011
14429.31, 2010
14439.48, 2009
14444.71, 2008
14447.77, 2007
14461.97, 2006
14516.97, 2005
14526.23, 2004
14530.62, 2003
14536.87, 2002
14540.9, 2001
14541.87, 2000
14542.8, 1999
14558.15, 1998
14567.43, 1997
14572.76, 1996
14577.0, 1995
14578.42, 1994
14578.44, 1993
14579.33, 1992
14580.17, 1991
14587.58, 1990
14590.64, 1989
14594.97, 1988
14599.2, 1987
14604.75, 1986
14607.92, 1985
14611.62, 1984
14612.43, 1983
14619.89, 1982
14622.99, 1981
14627.88, 1980
14630.86, 1979
14634.92, 1978
14637.07, 1977
14641.35, 1976
14647.03, 1975
14651.41, 1974
14654.9, 1973
14659.44, 1972
14665.99, 1971
14666.93, 1970
14674.89, 1969
14679.69, 1968
14683.76, 1967
14689.07, 1966
14689.34, 1965
14697.14, 1964
14703.44, 1963
14705.96, 1962
14709.66, 1961
14720.01, 1960
14723.24, 1959
14725.96, 1958
14731.13, 1957
14739.08, 1956
14740.03, 1955
14740.89, 1954
14754.88, 1953
14758.88, 1952
14771.24, 1951
14775.54, 1950
14777.26, 1949
14777.55, 1948
14812.96, 1947
14816.18, 1946
14820.27, 1945
14820.45, 1944
14830.75, 1943
14836.6, 1942
14846.53, 1941
14850.04, 1940
14856.71, 1939
14857.58, 1938
14858.51, 1937
14859.48, 1936
14860.25, 1935
14868.74, 1934
14891.53, 1933
14908.47, 1932
14914.91, 1931
14919.26, 1930
14942.51, 1929
14957.58, 1928
14962.87, 1927
14979.26, 1926
14988.8, 1925
14991.9, 1924
14996.26, 1923
14997.19, 1922
14998.08, 1921
14998.97, 1920
14999.98, 1919
15007.0, 1918
15011.35, 1917
15014.38, 1916
15024.43, 1915
15025.35, 1914
15029.74, 1913
15038.32, 1912
15042.19, 1911
15046.76, 1910
15047.59, 1909
15048.44, 1908
15061.81, 1907
15079.61, 1906
15091.99, 1905
15104.65, 1904
15112.09, 1903
15116.02, 1902
15119.43, 1901
15120.31, 1900
15121.15, 1899
15129.52, 1898
15165.03, 1897
15171.11, 1896
15175.05, 1895
15179.04, 1894
15179.9, 1893
15188.18, 1892
15192.42, 1891
15204.82, 1890
15214.36, 1889
15221.26, 1888
15224.3, 1887
15228.45, 1886
15229.27, 1885
15230.21, 1884
15234.21, 1883
15238.05, 1882
15247.45, 1881
15256.99, 1880
15266.97, 1879
15267.89, 1878
15268.62, 1877
15269.5, 1876
15270.37, 1875
15271.23, 1874
15279.56, 1873
15282.41, 1872
15287.83, 1871
15288.76, 1870
15289.64, 1869
15297.19, 1868
15302.28, 1867
15308.34, 1866
15318.39, 1865
15323.59, 1864
15329.24, 1863
15330.08, 1862
15330.93, 1861
15331.77, 1860
15336.74, 1859
15351.68, 1858
15355.44, 1857
15362.82, 1856
15363.3, 1855
15364.15, 1854
15365.03, 1853
15365.88, 1852
15375.02, 1851
15379.47, 1850
15383.71, 1849
15387.4, 1848
15391.48, 1847
15398.07, 1846
15404.61, 1845
15412.58, 1844
15414.85, 1843
15415.76, 1842
15416.7, 1841
15427.59, 1840
15471.78, 1839
15479.09, 1838
15487.64, 1837
15490.15, 1836
15491.0, 1835
15508.61, 1834
15517.07, 1833
15521.51, 1832
15525.09, 1831
15547.18, 1830
15557.44, 1829
15557.54, 1828
15561.63, 1827
15565.55, 1826
15566.41, 1825
15580.61, 1824
15585.91, 1823
15589.84, 1822
15592.33, 1821
15593.76, 1820
15594.12, 1819
15598.83, 1818
15605.72, 1817
15608.63, 1816
15618.91, 1815
15626.22, 1814
15632.14, 1813
15638.17, 1812
15638.41, 1811
15639.29, 1810
15640.18, 1809
15654.24, 1808
15703.32, 1807
15711.82, 1806
15713.4, 1805
15714.24, 1804
15715.12, 1803
15715.98, 1802
15730.54, 1801
15764.89, 1800
15772.55, 1799
15775.16, 1798
15798.49, 1797
15803.85, 1796
15807.23, 1795
15849.53, 1794
15854.24, 1793
15857.74, 1792
15863.62, 1791
15867.99, 1790
15871.43, 1789
15878.26, 1788
15881.47, 1787
15887.47, 1786
15891.38, 1785
15897.45, 1784
15901.24, 1783
15905.56, 1782
15912.09, 1781
15912.97, 1780
15915.29, 1779
15924.03, 1778
15927.33, 1777
15934.65, 1776
15941.43, 1775
15946.87, 1774
15949.98, 1773
15960.13, 1772
15964.4, 1771
15967.23, 1770
15971.99, 1769
15975.21, 1768
15979.0, 1767
15983.74, 1766
15990.1, 1765
15997.75, 1764
16004.53, 1763
16023.11, 1762
16031.37, 1761
16046.85, 1760
16052.78, 1759
16057.93, 1758
16066.42, 1757
16070.82, 1756
16073.62, 1755
16078.18, 1754
16081.1, 1753
16085.3, 1752
16103.28, 1751
16106.72, 1750
16113.51, 1749
16113.6, 1748
16113.63, 1747
16114.49, 1746
16115.31, 1745
16123.25, 1744
16141.86, 1743
16152.09, 1742
16157.35, 1741
16163.47, 1740
16172.05, 1739
16172.95, 1738
16173.81, 1737
16179.03, 1736
16181.96, 1735
16185.51, 1734
16188.31, 1733
16195.27, 1732
16199.99, 1731
16203.0, 1730
16208.6, 1729
16219.83, 1728
16230.13, 1727
16234.97, 1726
16245.52, 1725
16246.36, 1724
16247.21, 1723
16248.04, 1722
16248.98, 1721
16249.76, 1720
16296.73, 1719
16306.43, 1718
16308.35, 1717
16310.35, 1716
16310.46, 1715
16310.91, 1714
16311.78, 1713
16416.32, 1712
16432.07, 1711
16440.76, 1710
16445.38, 1709
16448.34, 1708
16456.29, 1707
16457.16, 1706
16458.01, 1705
16466.92, 1704
16471.19, 1703
16474.2, 1702
16480.92, 1701
16481.8, 1700
16482.62, 1699
16489.68, 1698
16495.92, 1697
16498.4, 1696
16502.63, 1695
16505.63, 1694
16516.32, 1693
16520.04, 1692
16525.61, 1691
16526.99, 1690
16532.13, 1689
16536.72, 1688
16539.65, 1687
16550.71, 1686
16581.2, 1685
16584.69, 1684
16604.49, 1683
16608.42, 1682
16610.52, 1681
16618.32, 1680
16620.95, 1679
16630.68, 1678
16635.14, 1677
16635.17, 1676
16642.55, 1675
16648.25, 1674
16651.96, 1673
16658.75, 1672
16672.49, 1671
16673.31, 1670
16674.21, 1669
16675.07, 1668
16677.12, 1667
16710.9, 1666
16711.79, 1665
16712.69, 1664
16713.66, 1663
16714.49, 1662
16715.42, 1661
16738.48, 1660
16792.48, 1659
16795.53, 1658
16796.66, 1657
16815.52, 1656
16818.18, 1655
16823.7, 1654
16829.05, 1653
16831.73, 1652
16836.66, 1651
16836.8, 1650
16837.56, 1649
16838.27, 1648
16851.77, 1647
16856.07, 1646
16860.89, 1645
16866.21, 1644
16867.06, 1643
16867.98, 1642
16868.83, 1641
16888.34, 1640
16913.78, 1639
16918.21, 1638
16924.62, 1637
16924.84, 1636
16930.28, 1635
16938.03, 1634
16938.12, 1633
16947.36, 1632
17008.35, 1631
17009.51, 1630
17010.59, 1629
17011.04, 1628
17011.87, 1627
17012.73, 1626
17013.63, 1625
17030.57, 1624
17034.89, 1623
17046.61, 1622
17053.04, 1621
17055.25, 1620
17055.31, 1619
17055.33, 1618
17078.26, 1617
17078.36, 1616
17078.38, 1615
17079.41, 1614
17080.32, 1613
17087.82, 1612
17093.02, 1611
17097.53, 1610
17108.44, 1609
17109.47, 1608
17110.54, 1607
17114.53, 1606
17120.95, 1605
17125.07, 1604
17131.86, 1603
17139.17, 1602
17158.81, 1601
17169.7, 1600
17194.02, 1599
17197.2, 1598
17200.36, 1597
17206.93, 1596
17207.84, 1595
17217.32, 1594
17223.19, 1593
17287.34, 1592
17297.83, 1591
17304.69, 1590
17310.02, 1589
17310.93, 1588
17374.92, 1587
17379.78, 1586
17383.83, 1585
17388.14, 1584
17389.97, 1583
17390.04, 1582
17390.82, 1581
17403.36, 1580
17406.45, 1579
17416.04, 1578
17425.12, 1577
17425.16, 1576
17425.18, 1575
17441.03, 1574
17441.12, 1573
17441.94, 1572
17445.19, 1571
17445.94, 1570
17453.04, 1569
17457.76, 1568
17462.85, 1567
17466.08, 1566
17477.89, 1565
17481.56, 1564
17489.68, 1563
17498.8, 1562
17499.64, 1561
17500.57, 1560
17520.96, 1559
17523.58, 1558
17529.1, 1557
17537.43, 1556
17539.4, 1555
17556.29, 1554
17558.93, 1553
17568.42, 1552
17573.75, 1551
17581.09, 1550
17590.08, 1549
17591.14, 1548
17597.05, 1547
17615.82, 1546
17631.7, 1545
17641.26, 1544
17644.32, 1543
17653.48, 1542
17658.52, 1541
17663.99, 1540
17664.87, 1539
17669.81, 1538
17682.7, 1537
17690.16, 1536
17690.91, 1535
17691.77, 1534
17697.85, 1533
17708.34, 1532
17716.25, 1531
17722.31, 1530
17733.41, 1529
17743.89, 1528
17758.19, 1527
17782.98, 1526
17783.07, 1525
17855.66, 1524
17855.76, 1523
17862.52, 1522
17862.61, 1521
17876.11, 1520
17882.95, 1519
17883.05, 1518
17887.92, 1517
17887.96, 1516
17901.69, 1515
17901.79, 1514
17901.88, 1513
17914.14, 1512
17934.89, 1511
17934.99, 1510
17945.34, 1509
17945.42, 1508
17962.38, 1507
17971.8, 1506
17972.71, 1505
17973.58, 1504
17981.23, 1503
17988.28, 1502
17991.53, 1501
18013.74, 1500
18022.91, 1499
18031.08, 1498
18064.86, 1497
18071.03, 1496
18073.93, 1495
18082.16, 1494
18100.06, 1493
18116.06, 1492
18142.27, 1491
18142.36, 1490
18158.55, 1489
18184.96, 1488
18185.24, 1487
18185.27, 1486
18185.29, 1485
18201.59, 1484
18201.69, 1483
18215.64, 1482
18215.81, 1481
18215.83, 1480
18215.85, 1479
18218.22, 1478
18222.1, 1477
18227.47, 1476
18230.44, 1475
18234.73, 1474
18240.06, 1473
18245.62, 1472
18248.73, 1471
18254.36, 1470
18264.41, 1469
18264.5, 1468
18266.62, 1467
18273.41, 1466
18275.8, 1465
18281.71, 1464
18292.3, 1463
18294.81, 1462
18300.27, 1461
18306.33, 1460
18309.04, 1459
18314.23, 1458
18320.84, 1457
18325.77, 1456
18330.7, 1455
18334.69, 1454
18339.43, 1453
18356.48, 1452
18384.23, 1451
18396.93, 1450
18408.08, 1449
18409.46, 1448
18410.54, 1447
18425.59, 1446
18463.03, 1445
18463.74, 1444
18471.76, 1443
18485.66, 1442
18498.2, 1441
18498.35, 1440
18504.39, 1439
18509.44, 1438
18516.23, 1437
18533.08, 1436
18533.53, 1435
18533.55, 1434
18560.64, 1433
18560.77, 1432
18584.94, 1431
18585.02, 1430
18585.04, 1429
18585.09, 1428
18585.11, 1427
18586.7, 1426
18592.54, 1425
18597.89, 1424
18603.4, 1423
18605.85, 1422
18615.6, 1421
18618.87, 1420
18619.59, 1419
18627.27, 1418
18628.71, 1417
18633.99, 1416
18638.34, 1415
18648.68, 1414
18654.57, 1413
18655.29, 1412
18674.99, 1411
18690.81, 1410
18692.15, 1409
18693.32, 1408
18693.85, 1407
18694.28, 1406
18695.0, 1405
18704.27, 1404
18761.62, 1403
18770.87, 1402
18774.02, 1401
18778.87, 1400
18781.53, 1399
18782.76, 1398
18791.48, 1397
18795.5, 1396
18803.4, 1395
18810.89, 1394
18813.92, 1393
18821.12, 1392
18824.47, 1391
18827.62, 1390
18832.16, 1389
18840.21, 1388
18847.83, 1387
18862.41, 1386
18864.76, 1385
18870.66, 1384
18873.16, 1383
18877.26, 1382
18877.37, 1381
18886.19, 1380
18890.06, 1379
18897.35, 1378
18900.02, 1377
18907.09, 1376
18910.78, 1375
18917.21, 1374
18920.01, 1373
18925.49, 1372
18980.5, 1371
18986.92, 1370
18991.76, 1369
18997.01, 1368
19001.58, 1367
19006.72, 1366
19043.9, 1365
19063.79, 1364
19066.3, 1363
19073.3, 1362
19075.74, 1361
19083.97, 1360
19088.53, 1359
19099.93, 1358
19100.52, 1357
19116.7, 1356
19121.94, 1355
19124.74, 1354
19187.04, 1353
19194.18, 1352
19196.79, 1351
19229.37, 1350
19236.21, 1349
19239.75, 1348
19244.69, 1347
19248.71, 1346
19253.39, 1345
19259.78, 1344
19265.87, 1343
19271.54, 1342
19322.38, 1341
19324.96, 1340
19328.9, 1339
19335.17, 1338
19339.52, 1337
19377.2, 1336
19377.43, 1335
19399.38, 1334
19399.47, 1333
19399.51, 1332
19420.67, 1331
19420.77, 1330
19428.79, 1329
19428.95, 1328
19458.61, 1327
19458.71, 1326
19468.18, 1325
19468.32, 1324
19477.42, 1323
19500.07, 1322
19502.76, 1321
19507.29, 1320
19515.99, 1319
19523.89, 1318
19526.94, 1317
19534.13, 1316
19534.93, 1315
19540.88, 1314
19550.24, 1313
19552.77, 1312
19558.52, 1311
19569.24, 1310
19572.63, 1309
19578.0, 1308
19586.21, 1307
19597.02, 1306
19603.64, 1305
19606.24, 1304
19632.92, 1303
19648.49, 1302
19649.05, 1301
19654.9, 1300
19664.22, 1299
19669.23, 1298
19673.08, 1297
19714.56, 1296
19722.02, 1295
19726.09, 1294
19730.51, 1293
19737.59, 1292
19739.99, 1291
19746.49, 1290
19756.16, 1289
19761.91, 1288
19766.26, 1287
19771.32, 1286
19774.45, 1285
19779.85, 1284
19789.34, 1283
19796.22, 1282
19796.92, 1281
19838.05, 1280
19857.5, 1279
19868.67, 1278
19873.0, 1277
19879.05, 1276
19882.04, 1275
19898.74, 1274
19923.18, 1273
19930.11, 1272
19932.55, 1271
19942.19, 1270
19945.66, 1269
19953.07, 1268
19956.7, 1267
19962.01, 1266
19966.4, 1265
19977.87, 1264
19980.2, 1263
19996.24, 1262
20012.42, 1261
20025.78, 1260
20030.31, 1259
20035.39, 1258
20038.94, 1257
20071.97, 1256
20082.96, 1255
20086.7, 1254
20103.52, 1253
20105.98, 1252
20112.34, 1251
20115.79, 1250
20121.01, 1249
20124.4, 1248
20136.97, 1247
20139.46, 1246
20147.1, 1245
20152.42, 1244
20153.65, 1243
20160.12, 1242
20163.86, 1241
20169.72, 1240
20192.03, 1239
20192.13, 1238
20196.24, 1237
20203.3, 1236
20205.73, 1235
20208.5, 1234
20215.99, 1233
20223.51, 1232
20229.26, 1231
20240.96, 1230
20247.26, 1229
20250.54, 1228
20252.84, 1227
20253.75, 1226
20264.01, 1225
20270.66, 1224
20271.82, 1223
20279.06, 1222
20286.09, 1221
20289.31, 1220
20308.61, 1219
20324.42, 1218
20324.46, 1217
20352.56, 1216
20355.51, 1215
20357.98, 1214
20396.54, 1213
20404.33, 1212
20407.51, 1211
20422.82, 1210
20429.01, 1209
20432.24, 1208
20439.12, 1207
20441.49, 1206
20446.44, 1205
20453.48, 1204
20457.27, 1203
20466.08, 1202
20483.45, 1201
20483.54, 1200
20511.83, 1199
20511.95, 1198
20515.31, 1197
20543.86, 1196
20544.16, 1195
20544.18, 1194
20557.85, 1193
20558.0, 1192
20558.02, 1191
20563.36, 1190
20570.59, 1189
20574.38, 1188
20590.79, 1187
20591.51, 1186
20592.22, 1185
20604.01, 1184
20610.81, 1183
20629.9, 1182
20633.94, 1181
20695.7, 1180
20723.07, 1179
20728.24, 1178
20735.75, 1177
20740.71, 1176
20745.38, 1175
20748.72, 1174
20754.96, 1173
20756.08, 1172
20771.31, 1171
20775.24, 1170
20780.44, 1169
20794.47, 1168
20797.26, 1167
20812.69, 1166
20815.99, 1165
20819.92, 1164
20830.06, 1163
20836.91, 1162
20837.56, 1161
20844.5, 1160
20847.93, 1159
20856.98, 1158
20863.21, 1157
20867.52, 1156
20872.8, 1155
20881.68, 1154
20885.61, 1153
20895.16, 1152
20903.34, 1151
20905.53, 1150
20914.31, 1149
20918.6, 1148
20923.43, 1147
20942.09, 1146
20947.14, 1145
20951.38, 1144
20968.08, 1143
20971.86, 1142
20977.16, 1141
20983.01, 1140
20988.66, 1139
20996.89, 1138
21004.75, 1137
21007.08, 1136
21021.74, 1135
21025.64, 1134
21030.65, 1133
21040.02, 1132
21108.77, 1131
21113.76, 1130
21118.23, 1129
21176.6, 1128
21182.98, 1127
21188.62, 1126
21193.99, 1125
21200.04, 1124
21205.8, 1123
21213.76, 1122
21222.17, 1121
21228.59, 1120
21232.43, 1119
21239.63, 1118
21254.64, 1117
21257.75, 1116
21262.08, 1115
21266.58, 1114
21273.08, 1113
21278.37, 1112
21285.57, 1111
21288.65, 1110
21294.16, 1109
21315.75, 1108
21321.78, 1107
21325.14, 1106
21330.01, 1105
21338.66, 1104
21341.42, 1103
21388.59, 1102
21396.42, 1101
21401.11, 1100
21406.53, 1099
21413.16, 1098
21420.39, 1097
21423.04, 1096
21429.69, 1095
21436.73, 1094
21441.47, 1093
21445.15, 1092
21453.68, 1091
21463.84, 1090
21469.63, 1089
21472.26, 1088
21478.79, 1087
21491.55, 1086
21493.54, 1085
21501.21, 1084
21511.78, 1083
21517.35, 1082
21567.98, 1081
21578.37, 1080
21598.21, 1079
21611.68, 1078
21646.91, 1077
21661.46, 1076
21662.32, 1075
21663.07, 1074
21672.71, 1073
21694.91, 1072
21699.57, 1071
21708.17, 1070
21714.95, 1069
21719.29, 1068
21723.8, 1067
21734.39, 1066
21738.06, 1065
21756.94, 1064
21760.5, 1063
21811.63, 1062
21813.94, 1061
21824.2, 1060
21834.96, 1059
21842.17, 1058
21847.1, 1057
21853.14, 1056
21859.42, 1055
21900.72, 1054
21927.37, 1053
21940.64, 1052
21946.05, 1051
21963.47, 1050
21971.06, 1049
21973.95, 1048
21981.27, 1047
21990.0, 1046
22025.46, 1045
22030.07, 1044
22103.08, 1043
22113.3, 1042
22117.91, 1041
22123.23, 1040
22129.63, 1039
22135.9, 1038
22142.42, 1037
22147.52, 1036
22153.27, 1035
22157.35, 1034
22164.17, 1033
22171.4, 1032
22174.4, 1031
22180.5, 1030
22186.7, 1029
22192.72, 1028
22214.22, 1027
22217.77, 1026
22224.36, 1025
22230.98, 1024
22246.0, 1023
22248.76, 1022
22254.45, 1021
22258.7, 1020
22269.65, 1019
22280.16, 1018
22286.13, 1017
22289.88, 1016
22295.54, 1015
22300.39, 1014
22308.4, 1013
22316.66, 1012
22325.06, 1011
22328.35, 1010
22334.29, 1009
22338.26, 1008
22343.3, 1007
22371.21, 1006
22396.84, 1005
22401.78, 1004
22405.58, 1003
22410.87, 1002
22423.0, 1001
22428.94, 1000
22432.81, 999
22438.23, 998
22446.85, 997
22451.65, 996
22455.82, 995
22463.65, 994
22470.24, 993
22472.48, 992
22485.26, 991
22503.96, 990
22507.57, 989
22514.7, 988
22524.62, 987
22526.57, 986
22650.19, 985
22663.23, 984
22666.67, 983
22676.07, 982
22680.17, 981
22688.36, 980
22691.08, 979
22696.95, 978
22713.28, 977
22719.85, 976
22722.7, 975
22726.01, 974
22731.9, 973
22739.93, 972
22745.4, 971
22754.58, 970
22760.72, 969
22764.42, 968
22770.89, 967
22829.67, 966
22842.61, 965
22847.35, 964
22853.33, 963
22862.8, 962
22867.98, 961
22871.9, 960
22879.98, 959
22886.84, 958
22889.34, 957
22910.95, 956
22918.94, 955
22922.99, 954
22930.21, 953
22934.6, 952
22938.77, 951
22989.08, 950
22999.5, 949
23001.45, 948
23001.77, 947
23009.07, 946
23011.17, 945
23018.14, 944
23031.86, 943
23037.91, 942
23046.63, 941
23051.95, 940
23055.81, 939
23062.0, 938
23069.56, 937
23074.66, 936
23080.56, 935
23088.26, 934
23090.5, 933
23156.7, 932
23162.84, 931
23169.18, 930
23173.55, 929
23185.06, 928
23233.55, 927
23234.34, 926
23235.1, 925
23235.72, 924
23236.44, 923
23237.15, 922
23244.75, 921
23249.51, 920
23254.36, 919
23262.09, 918
23266.62, 917
23280.28, 916
23288.87, 915
23291.73, 914
23306.48, 913
23311.44, 912
23318.23, 911
23347.04, 910
23348.79, 909
23349.53, 908
23350.46, 907
23351.02, 906
23354.52, 905
23369.39, 904
23370.1, 903
23378.15, 902
23386.46, 901
23388.27, 900
23395.71, 899
23402.56, 898
23411.55, 897
23415.77, 896
23427.45, 895
23430.3, 894
23436.22, 893
23443.86, 892
23448.72, 891
23455.38, 890
23504.39, 889
23507.55, 888
23510.37, 887
23510.65, 886
23511.35, 885
23519.99, 884
23524.69, 883
23530.13, 882
23539.35, 881
23544.25, 880
23546.96, 879
23556.71, 878
23563.18, 877
23568.07, 876
23573.14, 875
23576.8, 874
23586.28, 873
23598.01, 872
23605.83, 871
23609.15, 870
23612.08, 869
23620.58, 868
23628.24, 867
23636.75, 866
23645.2, 865
23648.34, 864
23663.85, 863
23670.35, 862
23672.44, 861
23675.43, 860
23690.2, 859
23690.25, 858
23702.81, 857
23708.45, 856
23714.34, 855
23723.81, 854
23920.36, 853
23924.21, 852
23930.91, 851
23936.59, 850
23942.31, 849
23946.81, 848
23959.96, 847
23967.52, 846
23975.46, 845
23979.24, 844
24001.91, 843
24017.03, 842
24056.15, 841
24075.66, 840
24083.22, 839
24084.65, 838
24084.68, 837
24090.13, 836
24096.61, 835
24102.84, 834
24107.24, 833
24116.77, 832
24123.53, 831
24129.51, 830
24138.92, 829
24141.37, 828
24147.06, 827
24164.08, 826
24169.83, 825
24179.86, 824
24190.06, 823
24194.25, 822
24282.28, 821
24289.23, 820
24296.58, 819
24304.92, 818
24322.72, 817
24328.15, 816
24330.76, 815
24336.71, 814
24338.21, 813
24344.8, 812
24391.41, 811
24397.91, 810
24405.92, 809
24410.52, 808
24415.82, 807
24490.13, 806
24496.97, 805
24505.1, 804
24510.77, 803
24518.8, 802
24524.57, 801
24540.53, 800
24541.6, 799
24541.86, 798
24549.37, 797
24575.09, 796
24580.8, 795
24595.89, 794
24598.11, 793
24601.24, 792
24605.08, 791
24612.14, 790
24617.47, 789
24636.71, 788
24639.38, 787
24645.77, 786
24655.93, 785
24658.69, 784
24663.27, 783
24678.26, 782
24681.09, 781
24689.48, 780
24696.58, 779
24730.6, 778
24765.3, 777
24769.14, 776
24769.75, 775
24774.66, 774
24789.04, 773
24794.79, 772
24798.77, 771
24805.02, 770
24901.46, 769
24909.56, 768
24932.3, 767
24937.29, 766
24942.04, 765
24948.32, 764
24960.71, 763
24960.81, 762
25038.51, 761
25054.79, 760
25060.9, 759
25065.11, 758
25072.66, 757
25079.61, 756
25084.66, 755
25097.03, 754
25104.56, 753
25111.5, 752
25116.03, 751
25122.75, 750
25131.06, 749
25140.79, 748
25147.02, 747
25157.43, 746
25163.99, 745
25171.49, 744
25177.48, 743
25186.5, 742
25190.72, 741
25197.77, 740
25215.23, 739
25216.0, 738
25221.77, 737
25286.22, 736
25295.65, 735
25299.56, 734
25305.48, 733
25313.8, 732
25317.4, 731
25323.11, 730
25336.65, 729
25356.07, 728
25363.39, 727
25371.62, 726
25376.59, 725
25380.24, 724
25385.17, 723
25390.95, 722
25404.9, 721
25407.7, 720
25414.56, 719
25421.26, 718
25427.37, 717
25431.97, 716
25444.4, 715
25447.5, 714
25456.66, 713
25462.11, 712
25464.92, 711
25474.21, 710
25482.32, 709
25486.2, 708
25495.03, 707
25505.4, 706
25511.29, 705
25520.06, 704
25521.36, 703
25530.23, 702
25537.36, 701
25562.87, 700
25565.22, 699
25572.34, 698
25578.78, 697
25584.87, 696
25589.06, 695
25595.84, 694
25608.63, 693
25613.46, 692
25620.13, 691
25625.38, 690
25635.75, 689
25636.46, 688
25654.14, 687
25658.54, 686
25668.6, 685
25669.19, 684
25674.99, 683
25689.29, 682
25692.27, 681
25696.77, 680
25705.14, 679
25714.45, 678
25718.52, 677
25725.04, 676
25738.74, 675
25744.82, 674
25747.46, 673
25754.3, 672
25771.23, 671
25773.91, 670
25777.06, 669
25785.33, 668
25788.52, 667
25794.19, 666
25805.91, 665
25815.75, 664
25819.87, 663
25830.43, 662
25837.68, 661
25847.31, 660
25857.93, 659
25959.31, 658
25971.93, 657
25974.43, 656
25985.81, 655
26030.05, 654
26037.84, 653
26046.77, 652
26052.89, 651
26061.0, 650
26105.62, 649
26112.33, 648
26120.7, 647
26130.02, 646
26139.55, 645
26150.05, 644
26203.82, 643
26208.54, 642
26216.14, 641
26220.47, 640
26228.38, 639
26236.71, 638
26242.11, 637
26250.46, 636
26286.72, 635
26287.35, 634
26296.82, 633
26312.4, 632
26320.75, 631
26330.85, 630
26336.44, 629
26341.53, 628
26348.0, 627
26355.07, 626
26361.44, 625
26370.33, 624
26375.27, 623
26385.87, 622
26394.01, 621
26419.51, 620
26419.55, 619
26423.69, 618
26430.61, 617
26437.84, 616
26446.16, 615
26451.49, 614
26462.31, 613
26465.88, 612
26479.31, 611
26532.16, 610
26597.31, 609
26605.04, 608
26611.44, 607
26618.09, 606
26624.73, 605
26662.22, 604
26671.1, 603
26680.94, 602
26688.75, 601
26692.3, 600
26701.36, 599
26709.23, 598
26721.5, 597
26727.12, 596
26736.89, 595
26740.57, 594
26747.69, 593
26755.69, 592
26772.02, 591
26777.39, 590
26788.89, 589
26789.61, 588
26805.09, 587
26809.77, 586
26821.57, 585
26824.73, 584
26830.42, 583
26838.54, 582
26847.01, 581
26856.25, 580
26860.49, 579
26871.37, 578
26877.47, 577
26884.03, 576
26892.15, 575
26901.34, 574
26906.03, 573
26914.07, 572
26921.27, 571
26930.08, 570
26938.86, 569
26943.81, 568
26954.98, 567
26959.88, 566
26965.85, 565
26974.64, 564
26984.46, 563
26986.95, 562
26996.96, 561
27011.88, 560
27014.35, 559
27130.1, 558
27144.35, 557
27148.07, 556
27159.3, 555
27169.38, 554
27176.35, 553
27187.55, 552
27190.63, 551
27197.32, 550
27207.03, 549
27213.36, 548
27222.35, 547
27235.35, 546
27241.49, 545
27251.28, 544
27260.62, 543
27274.08, 542
27276.13, 541
27286.21, 540
27290.44, 539
27298.51, 538
27306.83, 537
27313.22, 536
27327.08, 535
27332.39, 534
27341.45, 533
27349.34, 532
27356.24, 531
27363.83, 530
27372.56, 529
27379.86, 528
27387.85, 527
27395.35, 526
27403.05, 525
27408.7, 524
27423.89, 523
27432.16, 522
27440.4, 521
27448.52, 520
27460.42, 519
27463.3, 518
27471.23, 517
27486.07, 516
27571.57, 515
27613.61, 514
27623.28, 513
27688.24, 512
27697.3, 511
27704.55, 510
27715.75, 509
27722.76, 508
27728.93, 507
27735.6, 506
27743.12, 505
27753.33, 504
27758.08, 503
27768.46, 502
27881.56, 501
27889.67, 500
27899.03, 499
27914.64, 498
27924.81, 497
27934.39, 496
27945.81, 495
27953.42, 494
27962.07, 493
27966.07, 492
27974.24, 491
27995.01, 490
28008.54, 489
28035.37, 488
28040.39, 487
28040.44, 486
28079.76, 485
28080.51, 484
28081.22, 483
28081.96, 482
28082.66, 481
28149.23, 480
28156.47, 479
28164.36, 478
28173.85, 477
28180.31, 476
28197.62, 475
28208.4, 474
28210.66, 473
28221.73, 472
28229.04, 471
28304.08, 470
28311.35, 469
28320.28, 468
28325.55, 467
28332.14, 466
28348.1, 465
28355.94, 464
28363.53, 463
28372.98, 462
28380.7, 461
28389.27, 460
28397.25, 459
28405.32, 458
28411.17, 457
28421.68, 456
28429.65, 455
28437.15, 454
28444.2, 453
28458.46, 452
28467.91, 451
28473.35, 450
28484.13, 449
28489.9, 448
28498.81, 447
28508.31, 446
28515.2, 445
28523.02, 444
28531.01, 443
28539.58, 442
28548.82, 441
28563.33, 440
28569.55, 439
28582.04, 438
28587.11, 437
28595.88, 436
28605.14, 435
28612.18, 434
28620.52, 433
28628.65, 432
28637.49, 431
28649.42, 430
28662.38, 429
28670.67, 428
28678.22, 427
28688.94, 426
28695.84, 425
28704.77, 424
28713.39, 423
28724.04, 422
28739.08, 421
28747.1, 420
28886.69, 419
28898.91, 418
28903.54, 417
28913.51, 416
28925.65, 415
28936.07, 414
28939.51, 413
28954.81, 412
28965.52, 411
28981.09, 410
28989.2, 409
28997.76, 408
29005.79, 407
29014.02, 406
29023.91, 405
29031.4, 404
29039.76, 403
29049.29, 402
29060.68, 401
29085.88, 400
29091.86, 399
29103.07, 398
29110.61, 397
29118.55, 396
29128.2, 395
29134.28, 394
29143.86, 393
29153.09, 392
29179.12, 391
29184.13, 390
29197.97, 389
29201.68, 388
29208.99, 387
29221.26, 386
29311.94, 385
29319.61, 384
29327.61, 383
29336.32, 382
29354.61, 381
29361.49, 380
29371.65, 379
29379.94, 378
29389.03, 377
29397.29, 376
29411.65, 375
29415.1, 374
29424.04, 373
29434.9, 372
29454.59, 371
29457.75, 370
29464.51, 369
29473.75, 368
29482.15, 367
29495.15, 366
29500.53, 365
29510.38, 364
29518.97, 363
29525.22, 362
29538.6, 361
29548.42, 360
29556.85, 359
29564.49, 358
29573.31, 357
29581.48, 356
29590.4, 355
29606.27, 354
29610.68, 353
29622.47, 352
29630.25, 351
29640.23, 350
29725.96, 349
29731.81, 348
29740.57, 347
29753.23, 346
29758.65, 345
29765.92, 344
29778.53, 343
29797.71, 342
29808.33, 341
29814.2, 340
29821.88, 339
29832.79, 338
29850.42, 337
29854.36, 336
29860.42, 335
29868.1, 334
29923.68, 333
29941.94, 332
29946.03, 331
29949.41, 330
29951.47, 329
29956.63, 328
29967.02, 327
29977.68, 326
29986.47, 325
29995.38, 324
30089.49, 323
30110.66, 322
30124.51, 321
30136.58, 320
30145.99, 319
30153.19, 318
30163.34, 317
30171.1, 316
30181.23, 315
30189.57, 314
30216.16, 313
30218.58, 312
30222.71, 311
30238.96, 310
30248.25, 309
30262.55, 308
30271.31, 307
30279.2, 306
30287.29, 305
30296.71, 304
30305.2, 303
30328.47, 302
30339.29, 301
30351.79, 300
30355.85, 299
30365.44, 298
30375.38, 297
30385.68, 296
30394.92, 295
30406.15, 294
30536.21, 293
30550.21, 292
30606.95, 291
30635.95, 290
30641.79, 289
30668.04, 288
30677.29, 287
30684.88, 286
30708.2, 285
30727.18, 284
30730.22, 283
30738.05, 282
30774.14, 281
30775.61, 280
30801.4, 279
30807.34, 278
30824.1, 277
30830.77, 276
30839.4, 275
30848.73, 274
30880.01, 273
30888.53, 272
30897.98, 271
30914.9, 270
30930.02, 269
30937.48, 268
30946.19, 267
30957.91, 266
30965.59, 265
30977.1, 264
30985.02, 263
31003.97, 262
31014.33, 261
31026.35, 260
31036.41, 259
31046.42, 258
31056.89, 257
31067.02, 256
31079.58, 255
31088.27, 254
31222.5, 253
31232.57, 252
31253.1, 251
31263.1, 250
31274.11, 249
31283.62, 248
31292.19, 247
31305.33, 246
31321.6, 245
31322.3, 244
31331.72, 243
31353.55, 242
31361.89, 241
31370.53, 240
31380.7, 239
31389.31, 238
31404.41, 237
31412.34, 236
31422.52, 235
31445.69, 234
31448.41, 233
31459.19, 232
31478.64, 231
31490.64, 230
31503.53, 229
31510.91, 228
31522.2, 227
31538.67, 226
31548.93, 225
31697.79, 224
31769.13, 223
31770.08, 222
31772.08, 221
31772.09, 220
31772.1, 219
31773.71, 218
31788.11, 217
31803.63, 216
31812.4, 215
31820.68, 214
31842.23, 213
31853.74, 212
31865.79, 211
31871.42, 210
31888.24, 209
31896.84, 208
31903.03, 207
31912.9, 206
31929.39, 205
31942.51, 204
31963.59, 203
31971.88, 202
31980.68, 201
31990.76, 200
32000.3, 199
32011.59, 198
32019.48, 197
32030.75, 196
32043.81, 195
32055.31, 194
32074.55, 193
32094.64, 192
32103.73, 191
32107.0, 190
32117.08, 189
32273.86, 188
32297.26, 187
32311.95, 186
32321.8, 185
32330.26, 184
32357.03, 183
32387.63, 182
32398.94, 181
32407.72, 180
32417.07, 179
32428.23, 178
32439.57, 177
32453.52, 176
32462.75, 175
32477.96, 174
32486.57, 173
32496.94, 172
32508.31, 171
32517.4, 170
32530.08, 169
32539.71, 168
32555.74, 167
32565.16, 166
32578.77, 165
32588.83, 164
32597.25, 163
32607.6, 162
32621.54, 161
32636.26, 160
32647.4, 159
32660.08, 158
32671.1, 157
32682.12, 156
32698.92, 155
32715.19, 154
32729.68, 153
32739.85, 152
32752.85, 151
32760.32, 150
32904.75, 149
32915.08, 148
32927.93, 147
32940.35, 146
32951.68, 145
32961.53, 144
33037.68, 143
33047.88, 142
33082.55, 141
33089.34, 140
33103.21, 139
33111.99, 138
33122.74, 137
33134.49, 136
33144.84, 135
33172.8, 134
33229.66, 133
33239.18, 132
33253.35, 131
33263.06, 130
33354.62, 129
33365.7, 128
33389.12, 127
33400.93, 126
33413.18, 125
33424.62, 124
33438.28, 123
33450.41, 122
33458.85, 121
33472.4, 120
33481.24, 119
33494.84, 118
33509.83, 117
33561.83, 116
33566.7, 115
33580.28, 114
33593.59, 113
33609.11, 112
33621.35, 111
33632.13, 110
33644.08, 109
33658.05, 108
33754.87, 107
33763.83, 106
33784.68, 105
33790.86, 104
33805.93, 103
33825.04, 102
33844.12, 101
33854.4, 100
33866.51, 99
33877.46, 98
33909.97, 97
33922.4, 96
33936.67, 95
33944.67, 94
33958.72, 93
33971.97, 92
33987.66, 91
33998.78, 90
34023.02, 89
34036.62, 88
34048.88, 87
34062.04, 86
34071.26, 85
34091.42, 84
34102.16, 83
34208.68, 82
34228.05, 81
34255.68, 80
34268.04, 79
34282.08, 78
34334.34, 77
34347.55, 76
34365.48, 75
34376.18, 74
34388.56, 73
34398.8, 72
34413.38, 71
34530.13, 70
34540.73, 69
34561.57, 68
34571.33, 67
34595.09, 66
34596.49, 65
34611.5, 64
34620.22, 63
34638.15, 62
34655.69, 61
34674.02, 60
34686.49, 59
34696.54, 58
34712.21, 57
34723.71, 56
34734.91, 55
34747.55, 54
34762.8, 53
34774.38, 52
34793.99, 51
34810.23, 50
34822.8, 49
34836.91, 48
34852.53, 47
34862.67, 46
34874.51, 45
34888.59, 44
34901.31, 43
34918.72, 42
34936.32, 41
34948.92, 40
34962.31, 39
34977.17, 38
35059.16, 37
35071.41, 36
35087.27, 35
35100.86, 34
35155.48, 33
35179.97, 32
35182.56, 31
35195.11, 30
35208.09, 29
35224.18, 28
35237.81, 27
35253.43, 26
35268.54, 25
35281.47, 24
35297.2, 23
35383.73, 22
35398.37, 21
35420.09, 20
35596.58, 19
35612.19, 18
35629.73, 17
35650.16, 16
35662.25, 15
35675.42, 14
35690.68, 13
35707.54, 12
35725.4, 11
