825.43, 850
825.67, 802
826.31, 779
826.92, 778
827.82, 767
827.86, 765
828.03, 760
828.67, 757
828.75, 755
828.77, 751
845.32, 750
845.39, 745
845.41, 742
845.44, 740
845.5, 737
845.72, 734
845.91, 733
846.11, 732
847.99, 728
848.05, 727
848.77, 722
848.8, 721
848.81, 716
848.83, 715
848.83, 710
848.84, 709
848.84, 704
848.87, 703
848.87, 699
848.88, 698
848.89, 697
850.01, 696
851.55, 692
854.1, 691
854.15, 690
854.17, 689
854.39, 685
854.98, 684
855.01, 683
857.18, 682
857.23, 678
857.24, 677
857.79, 676
859.37, 673
860.29, 672
860.68, 670
863.16, 668
863.42, 667
864.02, 665
867.78, 663
868.32, 662
869.35, 659
872.46, 657
875.28, 655
875.44, 654
877.08, 651
877.82, 650
878.44, 649
879.06, 648
879.93, 647
881.01, 646
881.21, 645
882.75, 644
883.0, 642
886.3, 641
886.35, 640
886.35, 639
886.37, 638
887.03, 637
888.0, 636
889.12, 634
889.36, 633
889.57, 632
890.34, 631
891.18, 630
894.95, 629
895.09, 628
895.36, 626
895.51, 625
898.81, 624
899.12, 623
899.16, 622
908.58, 621
908.63, 620
908.64, 618
908.64, 617
908.65, 616
908.65, 615
908.66, 614
908.67, 613
909.67, 612
909.71, 610
909.74, 609
909.77, 608
910.25, 607
910.41, 606
910.46, 605
912.24, 604
913.1, 602
913.62, 601
914.19, 600
915.24, 599
915.47, 598
919.33, 595
919.8, 594
920.71, 593
920.73, 592
922.07, 591
922.41, 590
923.17, 589
923.97, 588
927.15, 585
927.43, 584
928.19, 583
928.49, 582
930.59, 581
930.62, 580
931.92, 579
932.05, 578
935.39, 575
935.99, 574
937.02, 573
938.1, 572
938.89, 571
941.94, 570
942.81, 569
943.46, 567
944.04, 566
944.66, 565
945.67, 564
948.38, 563
950.96, 561
951.36, 560
951.57, 558
951.81, 557
952.53, 556
953.5, 555
954.44, 554
955.26, 552
955.48, 551
955.78, 550
955.89, 549
958.13, 548
958.87, 547
959.49, 546
963.51, 544
963.82, 543
964.07, 542
964.11, 541
964.4, 540
964.7, 538
966.2, 537
968.81, 535
968.92, 534
969.45, 533
970.11, 532
972.17, 531
972.91, 529
974.25, 528
974.85, 527
976.99, 526
977.41, 525
978.07, 524
978.65, 523
980.13, 522
980.41, 521
980.76, 520
981.33, 519
982.05, 518
1008.25, 517
1008.68, 516
1009.66, 515
1010.65, 514
1012.32, 513
1012.42, 512
1013.06, 511
1014.31, 510
1015.12, 509
1018.01, 508
1018.58, 507
1019.1, 506
1020.0, 505
1020.65, 504
1022.15, 503
1022.19, 502
1023.93, 501
1030.79, 500
1036.79, 499
1036.9, 498
1037.06, 497
1038.08, 496
1038.35, 495
1039.19, 494
1042.25, 493
1042.61, 492
1042.63, 491
1048.5, 490
1048.74, 489
1048.77, 488
1048.79, 487
1048.82, 486
1048.88, 485
1049.1, 484
1049.31, 483
1049.53, 482
1055.75, 481
1055.81, 480
1056.86, 479
1057.11, 478
1057.13, 477
1057.15, 476
1057.18, 475
1057.2, 474
1057.26, 473
1066.84, 472
1068.44, 471
1070.59, 470
1071.83, 469
1071.86, 468
1073.13, 467
1073.15, 466
1073.16, 465
1073.17, 464
1096.1, 463
1096.54, 462
1097.31, 461
1099.72, 460
1104.06, 459
1104.26, 458
1104.61, 457
1105.52, 456
1105.95, 455
1111.3, 454
1111.49, 453
1111.69, 452
1111.89, 451
1112.15, 450
1112.45, 449
1113.36, 448
1114.37, 447
1115.35, 446
1116.69, 445
1117.47, 444
1122.64, 443
1122.71, 442
1122.87, 441
1123.1, 440
1123.34, 439
1123.54, 438
1124.1, 437
1125.53, 436
1125.75, 435
1127.87, 434
1129.87, 433
1131.08, 432
1136.16, 431
1136.4, 430
1138.14, 429
1140.5, 428
1142.35, 427
1149.22, 425
1149.83, 424
1154.85, 423
1155.03, 422
1155.24, 421
1156.39, 420
1157.17, 419
1157.32, 418
1158.22, 417
1163.03, 415
1164.17, 414
1164.44, 413
1165.1, 412
1165.75, 411
1166.25, 410
1167.96, 409
1168.52, 408
1170.56, 407
1171.3, 406
1171.61, 405
1172.43, 404
1173.55, 403
1174.18, 402
1174.44, 401
1175.18, 400
1175.85, 399
1178.55, 398
1179.71, 397
1179.97, 396
1181.22, 395
1181.79, 394
1182.97, 393
1183.56, 392
1184.15, 391
1184.82, 390
1187.25, 389
1188.95, 388
1188.97, 387
1189.64, 386
1190.79, 385
1191.0, 384
1192.01, 383
1193.21, 382
1195.49, 381
1197.59, 380
1198.03, 379
1198.69, 378
1199.9, 377
1200.1, 376
1201.12, 375
1201.65, 374
1202.61, 373
1204.41, 372
1204.67, 371
1206.13, 370
1206.28, 369
1236.93, 368
1239.18, 367
1240.18, 366
1241.41, 365
1242.14, 364
1242.75, 363
1243.39, 362
1243.96, 361
1244.53, 360
1246.74, 359
1248.03, 358
1249.9, 357
1250.09, 356
1278.31, 355
1281.87, 354
1283.35, 353
1283.82, 352
1285.72, 351
1285.75, 350
1286.22, 349
1288.16, 348
1288.29, 347
1291.98, 346
1292.68, 345
1293.7, 344
1294.47, 343
1297.84, 342
1299.42, 341
1299.78, 340
1301.54, 339
1301.99, 338
1302.01, 337
1302.68, 336
1304.1, 335
1304.31, 334
1306.6, 333
1307.03, 332
1308.7, 331
1309.13, 330
1312.22, 329
1314.56, 328
1314.75, 327
1315.61, 326
1315.83, 325
1318.91, 324
1325.94, 323
1326.7, 322
1327.12, 321
1327.35, 320
1327.56, 319
1327.76, 318
1327.98, 317
1328.17, 316
1341.01, 315
1341.33, 314
1341.48, 313
1341.71, 312
1341.93, 311
1342.03, 310
1342.26, 309
1342.62, 308
1342.75, 307
1343.34, 306
1343.36, 305
1343.62, 304
1343.86, 303
1344.07, 302
1344.28, 301
1348.32, 300
1348.81, 299
1348.9, 298
1349.79, 297
1350.31, 296
1350.52, 295
1350.66, 294
1351.52, 293
1352.97, 292
1362.71, 290
1362.99, 289
1364.84, 288
1369.02, 286
1371.72, 285
1371.79, 284
1373.51, 283
1373.73, 282
1373.94, 281
1375.52, 280
1375.56, 279
1391.95, 277
1392.12, 276
1392.34, 274
1392.55, 273
1392.75, 272
1400.82, 270
1401.67, 269
1402.45, 268
1424.36, 267
1425.69, 266
1426.5, 265
1427.61, 264
1428.5, 263
1429.3, 261
1430.28, 260
1431.33, 259
1431.57, 258
1431.79, 257
1431.98, 256
1433.1, 255
1433.11, 254
1433.12, 253
1433.13, 252
1433.13, 251
1434.32, 250
1434.41, 249
1434.43, 248
1434.45, 247
1434.46, 246
1434.48, 245
1434.58, 244
1462.61, 243
1463.47, 242
1464.91, 241
1465.78, 240
1466.49, 239
1478.92, 238
1479.59, 237
1480.07, 236
1480.47, 235
1480.82, 234
1481.27, 233
1482.33, 232
1482.77, 231
1483.0, 230
1483.21, 229
1511.0, 228
1511.68, 227
1513.43, 226
1515.81, 225
1517.19, 224
1518.49, 223
1521.8, 222
1524.81, 221
1543.63, 220
1543.8, 219
1544.75, 218
1544.8, 217
1544.81, 216
1544.83, 215
1544.85, 214
1545.01, 213
1545.22, 212
1545.42, 211
1545.64, 210
1546.67, 209
1546.7, 208
1546.71, 207
1546.73, 206
1546.74, 205
1551.26, 204
1551.88, 203
1552.47, 202
1553.67, 201
1553.9, 200
1554.1, 199
1554.31, 198
1557.14, 197
1558.74, 196
1559.43, 195
1560.05, 194
1560.86, 193
1562.52, 192
1564.53, 191
1566.37, 190
1566.62, 189
1566.83, 188
1567.04, 187
1568.32, 186
1568.92, 185
1573.33, 184
1575.01, 183
1576.14, 182
1576.79, 181
1577.74, 180
1581.25, 179
1581.26, 178
1582.18, 177
1588.58, 176
1588.74, 175
1591.39, 174
1601.63, 173
1602.71, 172
1603.54, 171
1603.75, 170
1603.97, 169
1605.25, 168
1606.47, 167
1609.11, 166
1609.53, 165
1610.37, 164
1611.62, 163
1613.37, 162
1615.24, 161
1616.29, 160
1617.53, 159
1618.79, 158
1620.69, 157
1622.48, 156
1624.37, 155
1625.06, 154
1628.42, 153
1629.23, 152
1630.07, 151
1630.85, 150
1632.32, 149
1635.63, 148
1636.59, 147
1637.1, 146
1638.29, 145
1642.68, 144
1642.77, 143
1643.49, 142
1644.3, 141
1646.04, 140
1646.72, 139
1647.95, 138
1649.08, 137
1650.97, 136
1652.24, 135
1653.79, 134
1654.81, 133
1699.06, 132
1703.03, 131
1711.08, 130
1722.1, 129
1722.46, 128
1722.49, 127
1722.7, 126
1722.72, 125
1786.73, 124
1786.83, 123
1786.85, 122
1786.89, 121
1788.49, 120
1791.52, 119
1795.08, 118
1799.08, 117
1799.59, 116
1802.24, 115
1807.25, 114
1808.34, 113
1813.99, 112
1814.64, 111
1815.71, 110
1818.58, 109
1823.43, 108
1823.92, 107
1828.44, 106
1828.92, 105
1829.89, 104
1832.89, 103
1837.13, 102
1837.37, 101
1842.29, 100
1843.06, 99
1844.54, 98
1845.98, 97
1850.04, 96
1853.98, 95
1854.59, 94
1859.01, 93
1860.14, 92
1860.85, 91
1863.26, 90
1865.22, 89
1865.41, 88
1868.19, 87
1869.74, 86
1871.16, 85
1874.63, 84
1875.58, 83
1876.15, 82
1877.86, 81
1884.64, 80
1885.18, 79
1885.73, 78
1887.24, 77
1887.31, 76
1887.45, 75
1888.56, 74
1893.84, 73
1893.89, 72
1894.08, 71
1894.12, 70
1898.55, 69
1899.07, 68
1899.55, 67
1903.57, 66
1903.86, 65
1903.88, 64
1905.42, 63
1906.51, 62
1911.79, 61
1912.01, 60
1912.35, 59
1913.46, 58
1915.2, 57
1921.65, 56
1921.7, 55
1921.72, 54
1922.44, 53
1928.61, 52
1930.21, 51
1931.41, 50
1935.17, 49
1935.64, 48
1936.8, 47
1942.24, 46
1943.35, 45
1946.57, 44
1949.47, 43
1949.52, 42
1952.42, 41
1955.82, 40
1956.02, 39
1957.75, 38
1959.96, 37
1960.92, 36
1962.25, 35
1964.94, 34
1966.02, 33
1968.35, 32
1973.08, 31
1973.11, 30
1973.94, 29
1976.28, 28
1978.48, 27
1980.7, 26
1981.26, 25
2043.32, 24
2043.36, 23
2043.37, 22
2048.24, 21
2048.26, 20
2050.2, 19
2068.19, 18
2068.21, 17
2068.22, 16
2068.22, 15
2068.23, 14
2068.23, 13
2068.24, 12
2069.83, 11
2071.03, 10
2072.61, 9
2107.29, 8
2114.92, 7
2120.2, 6
2120.4, 5
2130.06, 4
2134.0, 3
2139.88, 2
2143.22, 1
2144.18, 0
