1413.49, 2551
1415.32, 2517
1415.88, 2483
1416.42, 2449
1422.7, 2415
1424.88, 2388
1427.69, 2354
1428.84, 2320
1429.05, 2307
1430.7, 2273
1430.71, 2272
1430.72, 2248
1434.33, 2246
1438.53, 2233
1441.62, 2230
1443.85, 2226
1446.6, 2225
1449.77, 2224
1450.35, 2222
1450.9, 2221
1451.45, 2220
1451.99, 2219
1452.53, 2217
1457.04, 2216
1464.52, 2215
1466.25, 2214
1468.34, 2212
1472.35, 2211
1473.99, 2210
1475.5, 2209
1476.15, 2201
1476.7, 2200
1477.25, 2199
1477.79, 2198
1478.36, 2188
1479.18, 2187
1479.44, 2185
1480.02, 2184
1480.59, 2183
1484.77, 2181
1489.36, 2180
1492.32, 2179
1494.44, 2178
1496.24, 2177
1496.48, 2176
1497.04, 2175
1497.59, 2174
1498.15, 2173
1498.69, 2172
1499.24, 2171
1502.13, 2170
1506.85, 2169
1509.46, 2168
1512.84, 2167
1515.24, 2166
1516.86, 2165
1518.47, 2164
1519.16, 2163
1519.68, 2162
1520.24, 2161
1530.0, 2160
1532.2, 2159
1541.29, 2158
1544.54, 2157
1548.41, 2156
1550.23, 2155
1550.77, 2154
1551.31, 2153
1551.86, 2152
1552.5, 2151
1552.97, 2150
1553.52, 2149
1554.06, 2148
1590.71, 2147
1592.38, 2146
1592.39, 2145
1592.4, 2144
1594.74, 2143
1596.59, 2142
1597.1, 2141
1605.97, 2140
1609.84, 2139
1613.28, 2137
1616.0, 2135
1619.16, 2134
1621.89, 2132
1623.67, 2131
1623.69, 2130
1623.7, 2127
1624.15, 2125
1624.66, 2124
1625.2, 2122
1625.75, 2121
1626.32, 2120
1630.69, 2119
1632.74, 2118
1634.77, 2117
1638.98, 2115
1648.7, 2113
1650.06, 2111
1650.63, 2109
1651.2, 2108
1651.73, 2107
1652.5, 2106
1653.59, 2105
1653.65, 2104
1658.85, 2103
1659.53, 2100
1659.96, 2099
1660.51, 2096
1663.14, 2095
1666.1, 2094
1666.48, 2093
1668.14, 2092
1678.14, 2089
1678.42, 2087
1681.33, 2084
1681.73, 2083
1682.33, 2082
1682.88, 2081
1698.73, 2079
1698.75, 2078
1698.76, 2074
1699.05, 2073
1699.66, 2072
1700.24, 2071
1701.06, 2070
1760.12, 2069
1766.06, 2067
1768.19, 2065
1770.86, 2062
1771.42, 2061
1774.58, 2060
1777.58, 2059
1781.1, 2058
1783.27, 2057
1792.97, 2056
1794.08, 2052
1794.72, 2051
1795.87, 2049
1796.92, 2048
1797.09, 2047
1798.12, 2046
1822.77, 2045
1823.15, 2044
1826.92, 2043
1829.83, 2042
1830.84, 2038
1831.41, 2037
1837.41, 2035
1838.63, 2034
1843.54, 2032
1845.68, 2031
1845.79, 2030
1898.3, 2029
1902.53, 2028
1905.92, 2027
1908.13, 2026
1910.38, 2025
1910.93, 2022
1911.78, 2021
1926.44, 2020
1928.37, 2019
1928.97, 2018
1931.01, 2017
1933.48, 2016
1938.33, 2012
1939.87, 2011
1942.43, 2010
1945.07, 2009
1945.56, 2008
1947.12, 2007
1950.54, 2006
1952.0, 2005
1952.68, 2004
1954.9, 2003
1956.88, 2002
1962.03, 1998
1964.12, 1997
1966.33, 1996
1969.17, 1995
1969.78, 1994
1971.58, 1993
1973.41, 1992
1976.58, 1991
1977.69, 1990
1978.73, 1989
1981.03, 1988
1984.62, 1987
1988.63, 1983
1992.22, 1982
1994.08, 1981
1998.19, 1980
1998.67, 1979
1999.53, 1978
2001.58, 1977
2004.56, 1976
2007.18, 1975
2007.57, 1974
2009.65, 1973
2011.98, 1972
2018.75, 1968
2024.49, 1967
2027.51, 1966
2031.29, 1965
2033.56, 1964
2037.52, 1963
2039.46, 1962
2040.04, 1961
2040.61, 1960
2041.16, 1959
2041.73, 1958
2044.07, 1954
2046.41, 1953
2046.55, 1952
2050.47, 1951
2054.1, 1950
2054.46, 1949
2054.93, 1948
2057.44, 1947
2059.45, 1946
2064.1, 1945
2066.23, 1944
2070.84, 1940
2071.95, 1939
2072.47, 1938
2076.47, 1937
2079.58, 1936
2082.05, 1935
2083.96, 1934
2088.06, 1933
2089.09, 1932
2089.64, 1931
2090.25, 1930
2092.64, 1929
2099.45, 1926
2102.61, 1925
2103.4, 1924
2103.73, 1922
2107.58, 1921
2110.54, 1920
2113.19, 1919
2113.25, 1918
2113.74, 1917
2114.23, 1916
2122.9, 1915
2123.04, 1914
2124.09, 1913
2124.71, 1912
2128.04, 1911
2131.99, 1910
2146.54, 1907
2147.58, 1906
2148.21, 1905
2148.77, 1903
2149.55, 1902
2152.21, 1901
2152.25, 1900
2152.25, 1899
2152.26, 1898
2152.27, 1897
2177.85, 1896
2190.64, 1895
2196.05, 1894
2196.34, 1893
2197.16, 1892
2197.56, 1891
2198.01, 1888
2198.58, 1887
2199.14, 1886
2261.26, 1884
2290.21, 1883
2292.02, 1882
2293.25, 1881
2293.92, 1880
2294.37, 1879
2295.03, 1878
2295.49, 1877
2296.23, 1876
2296.6, 1875
2299.06, 1872
2301.33, 1871
2301.98, 1870
2307.11, 1868
2309.6, 1867
2311.03, 1866
2312.36, 1865
2334.35, 1864
2356.48, 1863
2360.05, 1862
2361.72, 1861
2365.17, 1860
2376.47, 1859
2376.56, 1858
2401.83, 1856
2426.79, 1855
2432.87, 1854
2444.18, 1851
2449.39, 1850
2451.74, 1849
2455.42, 1848
2455.54, 1847
2455.57, 1846
2490.24, 1845
2491.36, 1844
2491.95, 1842
2492.93, 1841
2493.07, 1840
2493.66, 1838
2494.37, 1837
2494.76, 1836
2495.37, 1835
2498.88, 1834
2525.28, 1833
2527.75, 1832
2537.7, 1831
2546.57, 1830
2548.51, 1829
2562.08, 1826
2567.99, 1825
2568.4, 1824
2573.76, 1822
2575.54, 1821
2576.16, 1820
2580.65, 1819
2582.96, 1818
2584.8, 1817
2595.36, 1816
2606.98, 1815
2610.05, 1814
2620.14, 1813
2621.62, 1812
2629.04, 1810
2631.16, 1809
2633.47, 1808
2636.22, 1805
2637.16, 1804
2640.35, 1803
2642.04, 1802
2644.1, 1801
2644.61, 1800
2650.45, 1799
2651.23, 1798
2656.71, 1797
2665.78, 1796
2666.96, 1795
2667.55, 1794
2668.1, 1793
2668.64, 1792
2669.18, 1791
2669.73, 1790
2674.99, 1789
2677.67, 1788
2682.74, 1787
2683.59, 1786
2687.09, 1785
2687.65, 1784
2691.3, 1783
2691.9, 1782
2694.23, 1781
2697.61, 1780
2700.68, 1779
2704.17, 1778
2705.94, 1777
2707.49, 1776
2708.09, 1775
2708.67, 1774
2709.24, 1773
2716.47, 1772
2718.02, 1770
2721.95, 1769
2724.5, 1768
2726.89, 1767
2730.83, 1766
2733.21, 1765
2733.82, 1764
2734.37, 1763
2734.97, 1762
2735.63, 1761
2736.1, 1760
2736.64, 1759
2739.06, 1758
2740.65, 1757
2751.79, 1756
2751.88, 1755
2759.21, 1754
2759.3, 1753
2759.7, 1752
2760.26, 1751
2765.72, 1749
2767.86, 1748
2771.16, 1747
2771.72, 1746
2772.3, 1745
2784.74, 1744
2800.04, 1743
2801.23, 1742
2801.28, 1741
2801.75, 1740
2802.54, 1739
2802.91, 1738
2804.43, 1737
2804.52, 1736
2804.55, 1735
2826.56, 1734
2856.41, 1733
2858.68, 1732
2860.89, 1731
2863.93, 1730
2864.63, 1729
2865.18, 1728
2865.73, 1727
2866.3, 1726
2866.85, 1725
2876.43, 1724
2877.04, 1723
2877.64, 1722
2878.36, 1721
2878.73, 1720
2879.59, 1719
2880.0, 1718
2890.99, 1717
2896.16, 1716
2902.86, 1715
2908.32, 1714
2910.18, 1713
2913.76, 1712
2916.64, 1711
2917.81, 1710
2918.41, 1709
2918.98, 1708
2919.54, 1707
2920.08, 1706
2920.66, 1705
2921.18, 1704
2925.15, 1703
2931.27, 1702
2933.61, 1701
2934.21, 1700
2959.14, 1699
2961.05, 1698
2980.44, 1697
2982.26, 1696
2984.66, 1695
2996.4, 1694
2996.5, 1693
2996.52, 1692
2996.54, 1691
2996.62, 1690
2997.5, 1689
2997.9, 1688
2998.23, 1687
2998.78, 1686
3014.78, 1685
3016.78, 1684
3018.14, 1683
3018.72, 1682
3019.29, 1681
3048.22, 1680
3070.19, 1679
3072.98, 1678
3074.87, 1677
3076.71, 1676
3080.39, 1675
3082.04, 1674
3082.65, 1673
3083.2, 1672
3083.76, 1671
3087.38, 1670
3090.83, 1669
3096.7, 1668
3111.38, 1667
3111.51, 1666
3111.69, 1665
3114.26, 1664
3114.83, 1663
3115.38, 1662
3115.93, 1661
3116.49, 1660
3117.14, 1659
3117.6, 1658
3125.57, 1657
3133.97, 1656
3137.48, 1655
3140.54, 1654
3141.11, 1653
3141.66, 1652
3142.22, 1651
3142.76, 1650
3158.0, 1649
3158.15, 1648
3160.51, 1647
3164.73, 1646
3166.88, 1645
3170.64, 1644
3170.74, 1643
3172.4, 1642
3172.44, 1641
3172.47, 1640
3172.92, 1639
3173.46, 1638
3174.01, 1637
3174.57, 1636
3175.19, 1635
3180.81, 1634
3187.98, 1633
3190.16, 1632
3190.76, 1631
3191.26, 1630
3193.42, 1629
3263.5, 1628
3265.37, 1627
3267.04, 1626
3269.45, 1625
3272.52, 1624
3274.05, 1623
3274.63, 1622
3275.19, 1621
3275.74, 1620
3276.3, 1619
3276.86, 1618
3277.42, 1617
3281.43, 1616
3283.29, 1615
3285.24, 1614
3288.29, 1613
3330.68, 1612
3332.66, 1611
3341.76, 1610
3344.04, 1609
3351.3, 1608
3353.62, 1607
3354.18, 1606
3357.85, 1605
3359.86, 1604
3361.7, 1603
3362.43, 1602
3363.09, 1601
3373.32, 1600
3373.42, 1599
3373.44, 1598
3373.63, 1597
3457.17, 1596
3457.71, 1595
3468.23, 1594
3468.78, 1593
3490.89, 1592
3491.49, 1591
3492.04, 1590
3492.6, 1589
3497.54, 1588
3499.32, 1587
3501.78, 1586
3505.66, 1585
3510.32, 1584
3513.63, 1583
3514.17, 1582
3514.73, 1581
3515.27, 1580
3515.84, 1579
3516.39, 1578
3516.93, 1577
3520.03, 1576
3527.88, 1575
3531.71, 1574
3534.15, 1573
3538.35, 1572
3538.92, 1571
3548.48, 1570
3550.71, 1569
3554.22, 1568
3557.73, 1567
3559.54, 1566
3560.72, 1565
3561.35, 1564
3562.61, 1563
3562.63, 1562
3563.02, 1561
3566.64, 1560
3570.69, 1559
3575.04, 1558
3577.31, 1557
3581.26, 1556
3582.88, 1555
3583.47, 1554
3587.76, 1553
3590.41, 1552
3592.82, 1551
3595.08, 1550
3598.66, 1549
3599.87, 1548
3600.47, 1547
3601.32, 1546
3601.59, 1545
3603.42, 1544
3612.01, 1543
3613.34, 1542
3613.84, 1541
3614.4, 1540
3614.94, 1539
3620.76, 1538
3622.28, 1537
3624.85, 1536
3634.19, 1535
3637.74, 1534
3638.1, 1533
3640.98, 1532
3643.41, 1531
3646.23, 1530
3648.6, 1529
3650.83, 1528
3652.2, 1527
3652.81, 1526
3706.67, 1525
3708.72, 1524
3710.45, 1523
3719.66, 1522
3720.17, 1521
3720.72, 1520
3721.31, 1519
3721.82, 1518
3735.21, 1517
3738.01, 1516
3741.36, 1515
3743.84, 1514
3749.47, 1513
3751.08, 1512
3751.1, 1511
3758.5, 1510
3763.45, 1509
3764.01, 1508
3764.57, 1507
3765.12, 1506
3765.68, 1505
3766.23, 1504
3766.77, 1503
3767.32, 1502
3767.87, 1501
3768.41, 1500
3769.17, 1499
3769.51, 1498
3781.88, 1497
3783.83, 1496
3786.01, 1495
3786.74, 1494
3787.09, 1493
3787.77, 1492
3791.22, 1491
3793.21, 1490
3795.5, 1489
3796.05, 1488
3801.28, 1487
3834.68, 1486
3840.3, 1485
3841.16, 1484
3843.38, 1483
3848.92, 1482
3849.02, 1481
3850.14, 1480
3868.18, 1479
3870.32, 1478
3870.84, 1477
3871.4, 1476
3871.95, 1475
3872.53, 1474
3873.06, 1473
3877.89, 1472
3881.55, 1471
3883.24, 1470
3890.37, 1469
3892.18, 1468
3902.12, 1467
3902.64, 1466
3903.43, 1465
3903.76, 1464
3904.33, 1463
3908.01, 1462
3910.55, 1461
3914.54, 1460
3915.05, 1459
3915.61, 1458
3916.16, 1457
3918.8, 1456
3921.89, 1455
3928.24, 1454
3932.13, 1453
3937.44, 1452
3937.53, 1451
3939.4, 1450
3941.4, 1449
3949.83, 1448
3950.64, 1447
3954.13, 1446
3956.27, 1445
3956.86, 1444
3957.4, 1443
3961.29, 1442
3962.55, 1441
3963.01, 1440
3966.02, 1439
3982.2, 1438
3982.7, 1437
3984.81, 1436
3986.1, 1435
3986.73, 1434
3987.19, 1433
3987.76, 1432
3988.33, 1431
3988.88, 1430
3997.74, 1429
3999.39, 1428
4001.34, 1427
4008.35, 1426
4008.85, 1425
4009.43, 1424
4017.53, 1423
4018.23, 1422
4018.89, 1421
4020.8, 1420
4023.86, 1419
4026.58, 1418
4030.31, 1417
4032.89, 1416
4043.41, 1415
4046.6, 1414
4046.71, 1413
4083.97, 1412
4084.56, 1411
4085.11, 1410
4085.82, 1409
4086.22, 1408
4087.19, 1407
4087.3, 1406
4087.85, 1405
4088.47, 1404
4091.51, 1403
4131.12, 1402
4131.65, 1401
4135.32, 1400
4148.37, 1399
4150.87, 1398
4154.54, 1397
4155.85, 1396
4156.24, 1395
4156.76, 1394
4157.4, 1393
4157.82, 1392
4161.09, 1391
4164.37, 1390
4168.23, 1389
4175.61, 1388
4176.68, 1387
4182.15, 1386
4186.35, 1385
4190.13, 1384
4190.65, 1383
4247.29, 1382
4260.71, 1381
4266.6, 1380
4270.74, 1379
4274.3, 1378
4276.81, 1377
4278.18, 1376
4278.76, 1375
4282.41, 1374
4284.45, 1373
4287.1, 1372
4290.06, 1371
4291.88, 1370
4294.66, 1369
4295.76, 1368
4296.34, 1367
4296.36, 1366
4308.15, 1365
4310.1, 1364
4312.94, 1363
4315.15, 1362
4317.2, 1361
4318.85, 1360
4319.47, 1359
4324.65, 1358
4331.58, 1357
4397.41, 1356
4398.85, 1355
4414.99, 1354
4417.71, 1353
4418.58, 1352
4419.12, 1351
4420.68, 1350
4420.75, 1349
4420.78, 1348
4423.1, 1347
4425.45, 1346
4437.11, 1345
4440.19, 1344
4442.01, 1343
4444.27, 1342
4446.62, 1341
4447.19, 1340
4447.73, 1339
4448.28, 1338
4454.11, 1337
4455.28, 1336
4456.48, 1335
4459.81, 1334
4461.84, 1333
4465.47, 1332
4468.2, 1331
4473.7, 1330
4475.4, 1329
4476.0, 1328
4518.1, 1327
4520.55, 1326
4527.56, 1325
4534.22, 1324
4536.33, 1323
4539.15, 1322
4550.86, 1321
4555.44, 1320
4558.59, 1319
4562.87, 1318
4622.67, 1317
4622.76, 1316
4639.09, 1315
4639.61, 1314
4652.48, 1313
4655.12, 1312
4657.93, 1311
4659.6, 1310
4662.63, 1309
4664.84, 1308
4665.41, 1307
4665.99, 1306
4666.54, 1305
4682.98, 1304
4687.37, 1303
4692.09, 1302
4694.37, 1301
4698.03, 1300
4700.94, 1299
4705.95, 1298
4715.63, 1297
4717.95, 1296
4740.53, 1295
4741.04, 1294
4741.59, 1293
4742.14, 1292
4742.72, 1291
4748.16, 1290
4762.35, 1289
4765.73, 1288
4768.16, 1287
4770.15, 1286
4774.01, 1285
4776.11, 1284
4793.0, 1283
4797.47, 1282
4799.87, 1281
4802.2, 1280
4811.35, 1279
4811.41, 1278
4811.42, 1277
4811.74, 1276
4812.98, 1275
4813.42, 1274
4820.03, 1273
4820.34, 1272
4822.76, 1271
4823.31, 1270
4827.7, 1269
4829.1, 1268
4831.55, 1267
4834.12, 1266
4850.03, 1265
4850.14, 1264
4861.4, 1263
4861.85, 1262
4870.7, 1261
4870.77, 1260
4870.8, 1259
4871.02, 1258
4871.78, 1257
4928.34, 1256
4931.92, 1255
4932.44, 1254
4933.01, 1253
4937.42, 1252
4937.45, 1251
4941.27, 1250
4947.97, 1249
4949.08, 1248
4952.42, 1247
4955.78, 1246
4955.82, 1245
4965.58, 1244
4967.47, 1243
4969.67, 1242
4973.58, 1241
4976.79, 1240
4978.52, 1239
4979.11, 1238
4982.33, 1237
4985.57, 1236
4989.86, 1235
4991.72, 1234
4997.03, 1233
4997.14, 1232
4998.84, 1231
5000.11, 1230
5000.72, 1229
5010.76, 1228
5029.89, 1227
5031.81, 1226
5033.67, 1225
5035.43, 1224
5037.86, 1223
5039.89, 1222
5040.48, 1221
5042.37, 1220
5045.3, 1219
5055.02, 1218
5065.84, 1217
5065.93, 1216
5065.95, 1215
5065.97, 1214
5070.99, 1213
5072.54, 1212
5074.68, 1211
5081.76, 1210
5083.35, 1209
5085.16, 1208
5088.23, 1207
5091.15, 1206
5092.99, 1205
5095.62, 1204
5096.09, 1203
5098.55, 1202
5100.91, 1201
5103.84, 1200
5107.94, 1199
5108.62, 1198
5110.4, 1197
5114.39, 1196
5116.89, 1195
5118.27, 1194
5118.86, 1193
5122.57, 1192
5124.84, 1191
5126.89, 1190
5129.72, 1189
5137.74, 1188
5139.29, 1187
5139.68, 1186
5144.97, 1185
5147.97, 1184
5160.28, 1183
5162.79, 1182
5162.91, 1181
5163.8, 1180
5164.0, 1179
5167.43, 1178
5178.66, 1177
5179.46, 1176
5184.93, 1175
5184.95, 1174
5184.95, 1173
5184.96, 1172
5184.96, 1171
5193.98, 1170
5267.35, 1169
5273.41, 1168
5280.56, 1167
5282.78, 1166
5284.34, 1165
5293.31, 1164
5293.4, 1163
5293.44, 1162
5296.51, 1161
5296.7, 1160
5296.73, 1159
5320.36, 1158
5320.97, 1157
5322.55, 1156
5322.64, 1155
5322.69, 1154
5323.25, 1153
5323.69, 1152
5324.23, 1151
5324.79, 1150
5364.08, 1149
5365.98, 1148
5367.91, 1147
5370.28, 1146
5372.39, 1145
5382.31, 1144
5384.64, 1143
5389.69, 1142
5392.76, 1141
5395.03, 1140
5398.19, 1139
5398.76, 1138
5399.33, 1137
5401.05, 1136
5405.22, 1135
5407.65, 1134
5410.16, 1133
5413.66, 1132
5415.66, 1131
5416.96, 1130
5417.58, 1129
5418.13, 1128
5423.33, 1127
5423.87, 1126
5427.59, 1125
5429.88, 1124
5430.29, 1123
5435.04, 1122
5441.68, 1121
5443.5, 1120
5446.82, 1119
5449.03, 1118
5450.72, 1117
5453.99, 1116
5456.8, 1115
5460.07, 1114
5465.98, 1113
5467.94, 1112
5470.37, 1111
5477.1, 1110
5480.29, 1109
5482.34, 1108
5484.26, 1107
5486.08, 1106
5488.94, 1105
5491.09, 1104
5492.92, 1103
5496.11, 1102
5498.1, 1101
5499.52, 1100
5572.16, 1099
5634.01, 1098
5636.91, 1097
5640.78, 1096
5642.9, 1095
5644.59, 1094
5648.16, 1093
5648.73, 1092
5650.48, 1091
5653.82, 1090
5658.05, 1089
5660.01, 1088
5662.59, 1087
5663.75, 1086
5664.26, 1085
5664.79, 1084
5669.31, 1083
5672.1, 1082
5674.46, 1081
5676.24, 1080
5682.47, 1079
5684.48, 1078
5701.56, 1077
5702.93, 1076
5703.46, 1075
5704.01, 1074
5705.14, 1073
5705.23, 1072
5705.83, 1071
5706.29, 1070
5710.09, 1069
5715.97, 1068
5716.02, 1067
5717.92, 1066
5720.64, 1065
5720.68, 1064
5724.85, 1063
5726.38, 1062
5731.58, 1061
5733.65, 1060
5739.71, 1059
5739.96, 1058
5742.57, 1057
5742.8, 1056
5743.33, 1055
5747.87, 1054
5748.39, 1053
5765.62, 1052
5768.25, 1051
5770.74, 1050
5773.49, 1049
5776.03, 1048
5778.05, 1047
5779.74, 1046
5779.76, 1045
5779.76, 1044
5782.32, 1043
5809.1, 1042
5833.84, 1041
5836.0, 1040
5837.26, 1039
5837.28, 1038
5837.79, 1037
5838.2, 1036
5841.12, 1035
5842.96, 1034
5847.39, 1033
5849.82, 1032
5851.66, 1031
5854.05, 1030
5854.41, 1029
5858.67, 1028
5864.31, 1027
5866.01, 1026
5871.94, 1025
5874.45, 1024
5876.49, 1023
5882.72, 1022
5885.44, 1021
5897.99, 1020
5902.19, 1019
5904.91, 1018
5904.93, 1017
5904.93, 1016
5904.94, 1015
5904.94, 1014
5909.64, 1013
5910.16, 1012
5917.6, 1011
5926.77, 1010
5927.31, 1009
5927.86, 1008
5930.34, 1007
5931.63, 1006
5935.84, 1005
5936.38, 1004
5941.44, 1003
5943.99, 1002
5945.04, 1001
5965.01, 1000
5967.03, 999
5967.11, 998
5967.14, 997
5967.6, 996
5968.17, 995
5976.75, 994
5980.12, 993
5982.72, 992
5984.72, 991
5987.13, 990
6049.39, 989
6055.8, 988
6058.59, 987
6060.62, 986
6062.04, 985
6062.65, 984
6071.64, 983
6093.21, 982
6097.85, 981
6100.3, 980
6137.39, 979
6147.79, 978
6158.23, 977
6184.86, 976
6190.62, 975
6192.53, 974
6194.54, 973
6198.17, 972
6199.92, 971
6205.59, 970
6210.27, 969
6214.81, 968
6215.23, 967
6217.42, 966
6224.09, 965
6226.79, 964
6233.85, 963
6235.49, 962
6238.49, 961
6240.66, 960
6241.13, 959
6244.05, 958
6248.67, 957
6250.7, 956
6252.19, 955
6256.27, 954
6258.55, 953
6261.41, 952
6264.87, 951
6269.18, 950
6276.89, 949
6277.36, 948
6277.97, 947
6282.44, 946
6288.64, 945
6289.01, 944
6291.87, 943
6300.62, 942
6304.62, 941
6307.57, 940
6308.13, 939
6308.62, 938
6315.33, 937
6317.09, 936
6321.82, 935
6324.51, 934
6327.12, 933
6331.97, 932
6332.43, 931
6340.18, 930
6341.72, 929
6344.32, 928
6349.76, 927
6355.41, 926
6357.91, 925
6362.03, 924
6366.99, 923
6367.56, 922
6372.32, 921
6372.75, 920
6375.91, 919
6451.22, 918
6454.48, 917
6457.3, 916
6458.92, 915
6468.06, 914
6472.57, 913
6475.32, 912
6476.94, 911
6484.61, 910
6489.36, 909
6491.94, 908
6498.65, 907
6500.09, 906
6501.85, 905
6504.39, 904
6507.66, 903
6508.08, 902
6508.57, 901
6521.22, 900
6521.66, 899
6524.72, 898
6530.11, 897
6540.68, 896
6542.34, 895
6544.17, 894
6550.44, 893
6551.31, 892
6554.21, 891
6557.42, 890
6562.83, 889
6564.96, 888
6566.64, 887
6570.44, 886
6573.5, 885
6575.01, 884
6579.74, 883
6602.2, 882
6602.52, 881
6602.78, 880
6602.81, 879
6605.06, 878
6608.44, 877
6610.5, 876
6615.33, 875
6622.67, 874
6623.52, 873
6623.55, 872
6625.35, 871
6628.49, 870
6734.73, 869
6734.8, 868
6756.01, 867
6758.86, 866
6760.49, 865
6763.67, 864
6765.67, 863
6767.3, 862
6768.46, 861
6769.19, 860
6769.45, 859
6771.89, 858
6775.31, 857
6781.61, 856
6783.38, 855
6788.65, 854
6799.08, 853
6799.54, 852
6807.4, 851
6807.86, 850
6810.83, 849
6814.97, 848
6816.42, 847
6821.7, 846
6824.08, 845
6825.71, 844
6830.68, 843
6832.07, 842
6834.03, 841
6849.97, 840
6853.83, 839
6855.51, 838
6855.96, 837
6859.93, 836
6866.44, 835
6875.66, 834
6875.79, 833
6883.01, 832
6883.03, 831
6883.03, 830
6890.97, 829
6892.36, 828
6901.18, 827
6905.98, 826
6906.01, 825
6915.43, 824
6917.77, 823
6931.69, 822
6933.31, 821
6935.51, 820
6940.52, 819
6948.03, 818
6949.45, 817
6951.98, 816
6955.06, 815
6956.64, 814
6958.82, 813
6968.58, 812
6970.13, 811
6974.56, 810
6977.82, 809
6989.3, 808
6991.37, 807
6992.29, 806
7001.5, 805
7006.47, 804
7098.16, 803
7099.7, 802
7101.45, 801
7103.58, 800
7108.52, 799
7110.54, 798
7114.55, 797
7116.02, 796
7118.17, 795
7121.91, 794
7131.66, 793
7133.08, 792
7136.84, 791
7140.74, 790
7148.3, 789
7159.26, 788
7160.98, 787
7164.15, 786
7165.63, 785
7181.3, 784
7183.82, 783
7190.22, 782
7196.21, 781
7198.53, 780
7200.13, 779
7202.06, 778
7205.27, 777
7207.75, 776
7210.91, 775
7222.92, 774
7224.28, 773
7224.77, 772
7235.02, 771
7240.55, 770
7246.07, 769
7246.21, 768
7253.85, 767
7259.61, 766
7266.32, 765
7270.37, 764
7274.3, 763
7283.6, 762
7285.2, 761
7290.71, 760
7292.32, 759
7293.68, 758
7294.13, 757
7298.55, 756
7373.57, 755
7377.02, 754
7380.38, 753
7387.74, 752
7388.03, 751
7391.41, 750
7420.65, 749
7420.98, 748
7431.89, 747
7432.35, 746
7435.44, 745
7453.71, 744
7456.63, 743
7458.23, 742
7459.92, 741
7465.15, 740
7466.82, 739
7470.04, 738
7473.99, 737
7477.56, 736
7481.44, 735
7482.87, 734
7486.18, 733
7487.03, 732
7491.54, 731
7500.35, 730
7504.37, 729
7506.76, 728
7522.52, 727
7525.69, 726
7528.06, 725
7529.5, 724
7534.71, 723
7538.46, 722
7541.29, 721
7541.75, 720
7548.81, 719
7550.57, 718
7553.61, 717
7557.11, 716
7559.54, 715
7563.92, 714
7565.55, 713
7573.4, 712
7577.14, 711
7582.71, 710
7623.31, 709
7623.53, 708
7624.01, 707
7628.0, 706
7628.47, 705
7632.37, 704
7634.85, 703
7643.97, 702
7650.12, 701
7651.72, 700
7653.65, 699
7657.92, 698
7659.64, 697
7660.6, 696
7662.39, 695
7669.69, 694
7673.97, 693
7675.27, 692
7682.18, 691
7687.78, 690
7698.95, 689
7705.17, 688
7705.68, 687
7743.49, 686
7743.85, 685
7744.31, 684
7744.9, 683
7745.43, 682
7746.03, 681
7746.13, 680
7746.6, 679
7747.06, 678
7825.91, 677
7831.49, 676
7834.19, 675
7839.21, 674
7845.31, 673
7846.55, 672
7849.52, 671
7855.1, 670
7857.88, 669
7860.32, 668
7867.28, 667
7872.02, 666
7884.03, 665
7887.02, 664
7891.52, 663
7893.74, 662
7898.07, 661
7899.83, 660
7908.17, 659
7911.24, 658
7913.74, 657
7915.77, 656
7924.47, 655
7926.97, 654
7929.82, 653
7931.97, 652
7934.28, 651
7937.03, 650
8023.32, 649
8080.82, 648
8082.94, 647
8088.23, 646
8092.26, 645
8094.92, 644
8102.08, 643
8106.33, 642
8121.11, 641
8123.65, 640
8127.03, 639
8129.81, 638
8132.39, 637
8135.21, 636
8144.27, 635
8148.03, 634
8149.56, 633
8157.83, 632
8157.93, 631
8158.1, 630
8164.05, 629
8164.15, 628
8166.95, 627
8171.28, 626
8175.51, 625
8180.98, 624
8198.44, 623
8199.88, 622
8208.47, 621
8224.41, 620
8227.04, 619
8232.18, 618
8234.49, 617
8237.94, 616
8241.15, 615
8250.46, 614
8254.16, 613
8258.6, 612
8258.64, 611
8264.57, 610
8266.25, 609
8268.0, 608
8269.73, 607
8274.81, 606
8291.52, 605
8293.45, 604
8298.4, 603
8302.73, 602
8318.04, 601
8324.43, 600
8328.29, 599
8338.55, 598
8343.12, 597
8347.02, 596
8349.09, 595
8350.95, 594
8360.43, 593
8364.72, 592
8366.4, 591
8368.14, 590
8373.68, 589
8375.22, 588
8376.99, 587
8381.19, 586
8386.03, 585
8389.39, 584
8401.35, 583
8404.43, 582
8417.81, 581
8423.22, 580
8424.85, 579
8428.25, 578
8431.77, 577
8433.41, 576
8437.23, 575
8439.66, 574
8441.58, 573
8444.69, 572
8448.28, 571
8450.94, 570
8456.54, 569
8460.16, 568
8466.11, 567
8525.33, 566
8534.56, 565
8535.6, 564
8543.22, 563
8547.95, 562
8549.94, 561
8554.17, 560
8558.09, 559
8559.68, 558
8561.16, 557
8564.93, 556
8567.08, 555
8570.69, 554
8573.15, 553
8576.13, 552
8580.07, 551
8582.03, 550
8589.98, 549
8591.42, 548
8597.56, 547
8600.51, 546
8607.69, 545
8609.29, 544
8620.03, 543
8623.63, 542
8630.39, 541
8683.05, 540
8683.08, 539
8683.09, 538
8690.54, 537
8690.63, 536
8693.39, 535
8700.78, 534
8701.12, 533
8706.25, 532
8712.88, 531
8713.09, 530
8713.13, 529
8713.6, 528
8805.07, 527
8807.49, 526
8815.65, 525
8819.68, 524
8823.1, 523
8827.76, 522
8834.46, 521
8844.68, 520
8844.96, 519
8844.98, 518
8852.5, 517
8857.3, 516
8859.59, 515
8864.35, 514
8864.36, 513
8868.39, 512
8871.09, 511
8874.6, 510
8877.81, 509
8881.74, 508
8883.82, 507
8887.41, 506
8889.48, 505
8894.42, 504
8898.41, 503
8900.66, 502
8906.78, 501
8908.4, 500
8920.24, 499
8923.94, 498
8926.73, 497
8928.93, 496
8931.98, 495
8942.73, 494
8944.23, 493
8949.47, 492
8981.89, 491
8986.19, 490
8989.96, 489
8992.21, 488
8995.6, 487
8998.52, 486
9007.8, 485
9009.44, 484
9014.89, 483
9018.72, 482
9065.84, 481
9068.8, 480
9072.55, 479
9075.21, 478
9077.93, 477
9083.02, 476
9087.45, 475
9089.34, 474
9093.31, 473
9098.11, 472
9099.99, 471
9103.85, 470
9107.61, 469
9113.69, 468
9115.56, 467
9119.55, 466
9125.6, 465
9129.86, 464
9141.63, 463
9144.53, 462
9149.74, 461
9151.96, 460
9155.81, 459
9161.63, 458
9165.03, 457
9168.2, 456
9172.95, 455
9175.1, 454
9178.89, 453
9182.39, 452
9185.54, 451
9189.37, 450
9192.78, 449
9195.59, 448
9206.46, 447
9207.78, 446
9216.63, 445
9223.47, 444
9225.57, 443
9229.46, 442
9232.09, 441
9236.78, 440
9238.85, 439
9243.26, 438
9247.83, 437
9249.51, 436
9254.0, 435
9259.22, 434
9261.65, 433
9268.53, 432
9272.95, 431
9277.06, 430
9292.1, 429
9292.53, 428
9292.99, 427
9299.97, 426
9324.52, 425
9326.87, 424
9329.95, 423
9331.91, 422
9333.45, 421
9335.09, 420
9337.4, 419
9414.48, 418
9416.25, 417
9427.36, 416
9427.85, 415
9428.31, 414
9428.79, 413
9433.21, 412
9433.97, 411
9437.24, 410
9443.68, 409
9446.9, 408
9457.43, 407
9460.53, 406
9464.77, 405
9466.6, 404
9470.12, 403
9473.53, 402
9477.46, 401
9480.87, 400
9485.08, 399
9487.82, 398
9491.29, 397
9492.96, 396
9497.83, 395
9498.27, 394
9505.26, 393
9507.87, 392
9514.69, 391
9517.12, 390
9527.97, 389
9531.72, 388
9534.43, 387
9538.62, 386
9541.0, 385
9547.23, 384
9548.86, 383
9553.18, 382
9613.64, 381
9616.41, 380
9617.0, 379
9622.14, 378
9624.83, 377
9630.96, 376
9632.88, 375
9636.28, 374
9699.23, 373
9700.95, 372
9710.1, 371
9714.73, 370
9716.95, 369
9721.08, 368
9724.84, 367
9729.73, 366
9731.57, 365
9734.36, 364
9737.95, 363
9741.61, 362
9747.59, 361
9749.93, 360
9756.8, 359
9758.52, 358
9760.18, 357
9762.65, 356
9772.01, 355
9774.7, 354
9783.45, 353
9788.29, 352
9793.38, 351
9796.12, 350
9798.43, 349
9804.43, 348
9806.87, 347
9808.42, 346
9812.01, 345
9815.33, 344
9818.69, 343
9824.85, 342
9826.84, 341
9831.77, 340
9837.24, 339
9841.1, 338
9844.99, 337
9857.21, 336
9862.18, 335
9890.43, 334
9915.02, 333
9917.42, 332
9922.34, 331
9924.66, 330
9927.76, 329
9932.82, 328
9936.89, 327
9939.13, 326
9943.22, 325
9947.84, 324
9949.47, 323
9973.2, 322
9975.44, 321
9975.91, 320
9976.39, 319
9976.84, 318
9977.3, 317
9984.38, 316
9984.85, 315
9990.05, 314
9992.74, 313
9996.52, 312
9999.19, 311
10004.76, 310
10008.63, 309
10014.59, 308
10016.26, 307
10022.81, 306
10032.01, 305
10033.52, 304
10054.05, 303
10193.79, 302
10198.19, 301
10204.52, 300
10208.69, 299
10216.45, 298
10221.33, 297
10224.99, 296
10234.72, 295
10241.32, 294
10241.69, 293
10247.69, 292
10252.59, 291
10256.75, 290
10263.56, 289
10268.04, 288
10277.29, 287
10279.53, 286
10284.56, 285
10293.21, 284
10296.56, 283
10306.32, 282
10308.16, 281
10313.7, 280
10320.4, 279
10324.95, 278
10329.73, 277
10334.62, 276
10339.33, 275
10360.88, 274
10381.12, 273
10441.61, 272
10457.23, 271
10458.69, 270
10458.71, 269
10461.57, 268
10472.73, 267
10474.82, 266
10477.66, 265
10481.88, 264
10486.38, 263
10494.17, 262
10499.01, 261
10505.34, 260
10509.58, 259
10516.41, 258
10521.73, 257
10524.99, 256
10560.22, 255
10579.27, 254
10587.66, 253
10591.16, 252
10595.72, 251
10602.65, 250
10609.45, 249
10614.8, 248
10675.01, 247
10691.65, 246
10693.75, 245
10698.47, 244
10707.97, 243
10712.02, 242
10716.36, 241
10724.21, 240
10728.83, 239
10740.28, 238
10741.92, 237
10743.65, 236
10748.07, 235
10752.81, 234
10757.19, 233
10765.05, 232
10769.86, 231
10774.27, 230
10779.63, 229
10787.93, 228
10792.6, 227
10799.5, 226
10799.94, 225
10810.5, 224
10816.38, 223
10821.86, 222
10826.56, 221
10840.47, 220
10842.65, 219
10853.9, 218
10857.88, 217
10946.56, 216
10988.06, 215
10991.74, 214
11007.72, 213
11010.79, 212
11015.2, 211
11030.37, 210
11035.7, 209
11039.11, 208
11056.35, 207
11060.03, 206
11081.24, 205
11084.72, 204
11091.89, 203
11157.25, 202
11160.65, 201
11179.88, 200
11182.22, 199
11191.72, 198
11209.33, 197
11213.95, 196
11219.12, 195
11225.19, 194
11244.35, 193
11246.48, 192
11248.12, 191
11248.6, 190
11252.46, 189
11257.87, 188
11264.83, 187
11268.78, 186
11274.48, 185
11282.64, 184
11289.45, 183
11297.75, 182
11301.38, 181
11358.5, 180
11372.51, 179
11376.34, 178
11382.13, 177
11391.04, 176
11394.23, 175
11401.35, 174
11406.98, 173
11412.34, 172
11416.6, 171
11422.11, 170
11427.5, 169
11432.92, 168
11437.31, 167
11444.08, 166
11449.14, 165
11457.27, 164
11465.03, 163
11488.66, 162
11497.64, 161
11500.7, 160
11506.72, 159
11515.04, 158
11519.35, 157
11526.75, 156
11532.52, 155
11537.23, 154
11545.16, 153
11547.59, 152
11552.8, 151
11559.6, 150
11685.74, 149
11694.92, 148
11695.28, 147
11704.23, 146
11707.75, 145
11713.55, 144
11721.65, 143
11727.08, 142
11735.39, 141
11741.03, 140
11747.82, 139
11757.9, 138
11764.18, 137
11768.4, 136
11779.18, 135
11784.94, 134
11804.21, 133
11810.18, 132
11815.7, 131
11820.11, 130
11832.77, 129
11846.45, 128
11848.34, 127
11855.5, 126
11861.88, 125
11874.36, 124
11880.57, 123
11900.03, 122
11905.3, 121
11910.69, 120
11917.58, 119
12009.26, 118
12017.05, 117
12023.38, 116
12031.52, 115
12039.88, 114
12041.9, 113
12048.42, 112
12055.28, 111
12060.4, 110
12066.31, 109
12071.91, 108
12081.04, 107
12084.63, 106
12091.46, 105
12097.6, 104
12105.19, 103
12110.56, 102
12119.01, 101
12126.32, 100
12132.19, 99
12222.27, 98
12227.19, 97
12232.99, 96
12244.09, 95
12248.84, 94
12261.3, 93
12268.7, 92
12275.46, 91
12336.51, 90
12341.91, 89
12350.18, 88
12357.43, 87
12362.43, 86
12371.53, 85
12376.17, 84
12382.78, 83
12391.63, 82
12423.35, 81
12427.65, 80
12435.32, 79
12442.58, 78
12448.17, 77
12456.4, 76
12461.25, 75
12467.95, 74
12475.27, 73
12481.68, 72
12490.34, 71
12497.4, 70
12505.51, 69
12512.64, 68
12520.0, 67
12525.53, 66
12535.04, 65
12603.05, 64
12617.79, 63
12626.05, 62
12637.66, 61
12648.63, 60
12676.24, 59
12693.11, 58
12700.8, 57
12708.55, 56
12757.37, 55
12758.72, 54
12767.74, 53
12777.48, 52
12783.31, 51
12791.86, 50
12801.13, 49
12807.86, 48
12822.69, 47
12826.96, 46
12835.06, 45
12841.73, 44
12854.07, 43
12857.82, 42
12865.59, 41
12873.35, 40
12882.15, 39
12890.38, 38
12898.66, 37
12907.94, 36
12916.66, 35
12927.67, 34
12934.32, 33
12950.6, 32
12955.58, 31
12965.17, 30
12977.84, 29
12984.82, 28
12994.25, 27
13098.49, 26
13099.43, 25
13152.98, 24
13163.95, 23
13171.82, 22
13180.85, 21
13186.6, 20
13194.39, 19
13201.81, 18
13210.7, 17
13221.47, 16
13230.34, 15
13238.54, 14
13293.69, 13
13304.74, 12
13359.37, 11
13366.85, 10
13381.84, 9
13392.28, 8
13400.37, 7
13410.76, 6
13419.95, 5
13430.27, 4
13438.72, 3
13451.12, 2
13458.46, 1
13475.39, 0
