17376.92, 27000
17391.24, 26941
17407.16, 26884
17431.25, 26883
17516.08, 26829
17551.51, 26827
17559.31, 26826
17619.75, 26776
17644.47, 26773
17685.94, 26772
17694.78, 26771
17717.21, 26770
17814.83, 26725
17832.04, 26721
17856.23, 26719
17883.66, 26718
17889.54, 26717
17915.8, 26716
17976.42, 26715
17998.21, 26676
18013.8, 26671
18027.23, 26668
18068.68, 26667
18092.7, 26665
18118.28, 26664
18169.19, 26663
18189.79, 26662
18243.69, 26661
18271.85, 26629
18304.64, 26623
18323.91, 26619
18331.17, 26618
18366.47, 26617
18390.1, 26615
18408.8, 26614
18471.19, 26613
18504.27, 26612
18518.51, 26611
18550.35, 26610
18556.24, 26609
18581.08, 26608
18604.21, 26584
18640.48, 26577
18677.15, 26572
18712.28, 26571
18743.2, 26569
18753.98, 26567
18799.01, 26566
18853.58, 26565
18872.82, 26564
18903.47, 26563
18957.56, 26562
18998.22, 26561
19004.02, 26560
19021.02, 26559
19068.77, 26558
19168.38, 26557
19195.06, 26556
19224.71, 26541
19249.9, 26533
19255.69, 26527
19302.52, 26526
19311.01, 26523
19376.85, 26521
19395.52, 26520
19419.1, 26518
19495.22, 26517
19500.98, 26516
19523.08, 26515
19559.41, 26514
19588.45, 26513
19619.37, 26512
19685.27, 26511
19804.59, 26510
19840.55, 26509
19861.89, 26508
20022.69, 26507
20040.8, 26506
20106.3, 26505
20224.05, 26504
20240.52, 26503
20273.73, 26502
20296.19, 26501
20336.86, 26500
20360.88, 26499
20403.39, 26498
20416.94, 26497
20457.8, 26482
20466.05, 26474
20486.59, 26468
20496.06, 26467
20522.88, 26464
20540.64, 26462
20588.54, 26461
20605.19, 26459
20623.85, 26458
20647.27, 26457
20705.61, 26456
20725.86, 26455
20767.51, 26454
20805.0, 26453
20810.63, 26452
20856.41, 26451
20876.27, 26450
20895.37, 26449
20961.26, 26448
20980.31, 26447
21048.63, 26446
21079.07, 26445
21084.88, 26444
21110.66, 26443
21116.51, 26442
21157.25, 26441
21182.32, 26440
21229.98, 26425
21238.33, 26417
21277.56, 26411
21305.31, 26410
21311.01, 26407
21363.17, 26405
21418.51, 26404
21496.9, 26402
21505.93, 26401
21565.08, 26400
21583.06, 26399
21648.99, 26398
21699.7, 26397
21816.17, 26396
21845.6, 26395
21893.18, 26394
21931.8, 26393
21942.73, 26392
21973.85, 26391
21988.69, 26390
22012.33, 26389
22030.23, 26388
22064.81, 26387
22111.55, 26386
22176.51, 26385
22233.86, 26384
22253.04, 26383
22306.97, 26382
22328.96, 26368
22346.57, 26359
22390.3, 26353
22422.08, 26352
22441.46, 26349
22462.2, 26347
22516.03, 26346
22548.0, 26344
22563.65, 26343
22580.86, 26342
22599.86, 26341
22662.5, 26340
22721.25, 26339
22757.29, 26338
22788.87, 26337
22808.04, 26336
22823.06, 26335
22857.23, 26334
22863.01, 26333
22908.49, 26332
22923.61, 26331
22933.44, 26330
22981.23, 26329
23001.82, 26328
23021.29, 26327
23058.44, 26326
23098.01, 26325
23128.85, 26311
23141.36, 26302
23174.67, 26296
23180.32, 26295
23212.01, 26292
23253.06, 26290
23268.15, 26289
23287.9, 26287
23327.71, 26286
23348.1, 26285
23395.84, 26284
23401.51, 26283
23454.99, 26282
23509.45, 26281
23527.74, 26280
23570.62, 26279
23588.73, 26278
23629.9, 26277
23650.7, 26276
23704.84, 26275
23710.55, 26274
23769.71, 26273
23797.85, 26272
23825.62, 26271
23857.76, 26270
23881.44, 26256
23900.57, 26247
23914.63, 26241
23945.51, 26240
23983.01, 26237
23998.45, 26235
24036.71, 26234
24042.49, 26232
24077.3, 26231
24101.36, 26230
24112.0, 26229
24136.23, 26228
24143.85, 26227
24170.75, 26226
24202.54, 26225
24222.25, 26224
24237.25, 26223
24261.13, 26222
24271.1, 26221
24313.6, 26220
24385.24, 26219
24411.28, 26218
24423.64, 26217
24485.13, 26216
24509.82, 26215
24542.73, 26203
24564.88, 26194
24590.18, 26188
24595.2, 26187
24634.75, 26184
24640.35, 26182
24692.26, 26181
24733.42, 26179
24773.35, 26178
24792.71, 26177
24814.72, 26176
24847.63, 26175
24866.35, 26174
24872.26, 26173
24898.26, 26172
24921.69, 26171
24945.61, 26170
24986.1, 26169
25027.19, 26168
25036.91, 26167
25077.62, 26166
25103.26, 26165
25140.58, 26164
25157.25, 26163
25199.95, 26162
25217.17, 26161
25261.76, 26160
25289.96, 26159
25339.98, 26152
25371.94, 26143
25411.81, 26137
25469.37, 26136
25482.75, 26133
25543.19, 26131
25574.01, 26130
25604.11, 26128
25616.51, 26127
25691.08, 26126
25719.16, 26125
25759.23, 26124
25790.02, 26123
25810.41, 26122
25819.98, 26121
25847.17, 26120
25870.65, 26119
25895.07, 26118
25964.25, 26117
25983.07, 26116
25998.12, 26115
26027.86, 26114
26056.37, 26113
26091.3, 26112
26124.08, 26111
26151.17, 26110
26195.77, 26109
26216.56, 26108
26236.12, 26107
26280.89, 26106
26297.59, 26105
26322.45, 26104
26363.47, 26103
26389.22, 26094
26419.72, 26088
26425.48, 26087
26477.41, 26084
26491.43, 26082
26523.35, 26081
26546.59, 26079
26603.89, 26078
26618.9, 26077
26659.27, 26076
26708.27, 26075
26724.47, 26074
26768.36, 26073
26787.74, 26072
26828.03, 26071
26854.5, 26070
26919.24, 26069
26937.72, 26068
27002.79, 26067
27019.72, 26066
27083.7, 26065
27121.02, 26064
27177.73, 26063
27197.08, 26062
27231.97, 26061
27296.74, 26060
27354.01, 26059
27442.23, 26058
27473.26, 26057
27511.16, 26056
27553.73, 26055
27588.49, 26054
27612.0, 26053
27663.13, 26052
27683.51, 26051
27775.46, 26050
27825.12, 26047
27845.82, 26041
27851.54, 26040
27914.82, 26037
27932.47, 26035
27995.96, 26034
28028.57, 26032
28121.25, 26031
28156.63, 26030
28194.11, 26029
28217.95, 26028
28235.58, 26027
28253.21, 26026
28287.72, 26025
28329.56, 26024
28346.27, 26023
28384.05, 26022
28460.64, 26021
28486.6, 26020
28557.85, 26019
28579.48, 26018
28634.36, 26017
28664.99, 26016
28680.96, 26015
28731.65, 26014
28755.85, 26013
28792.75, 26012
28889.96, 26011
28911.54, 26010
28947.78, 26009
28964.2, 26008
29128.38, 26007
29150.95, 26006
29194.04, 26005
29239.34, 26004
29253.18, 26003
29309.72, 26002
29328.23, 26001
29379.39, 26000
29385.1, 25999
29448.28, 25998
29473.4, 25997
29577.81, 25996
29584.33, 25995
29645.09, 25992
29663.53, 25990
29713.55, 25989
29735.82, 25987
29762.11, 25986
29823.23, 25985
29840.98, 25984
29885.02, 25983
29906.38, 25982
29959.31, 25981
29992.94, 25980
30047.56, 25979
30084.8, 25978
30132.1, 25977
30155.46, 25976
30198.2, 25975
30254.98, 25974
30290.66, 25973
30329.27, 25972
30407.3, 25971
30432.44, 25970
30481.36, 25969
30487.09, 25968
30504.12, 25967
30546.71, 25966
30571.99, 25965
30604.9, 25964
30657.05, 25963
30686.4, 25962
30733.46, 25961
30757.79, 25960
30837.69, 25959
30850.53, 25958
30875.03, 25957
30894.18, 25956
30985.23, 25955
31007.86, 25954
31030.14, 25953
31071.1, 25952
31103.17, 25951
31145.07, 25950
31151.0, 25949
31212.72, 25948
31224.55, 25947
31278.06, 25946
31296.63, 25945
31374.98, 25944
31407.1, 25943
31458.95, 25942
31478.26, 25941
31515.45, 25940
31530.2, 25939
31549.89, 25938
31590.39, 25937
31611.07, 25936
31647.41, 25935
31718.46, 25934
31758.96, 25933
31813.54, 25932
31836.23, 25931
31922.41, 25930
31939.51, 25929
31959.91, 25928
32014.74, 25927
32087.25, 25926
32114.59, 25925
32130.17, 25924
32164.99, 25923
32184.89, 25922
32262.4, 25921
32282.96, 25920
32349.86, 25919
32382.55, 25918
32446.78, 25917
32458.88, 25916
32490.26, 25915
32546.14, 25914
32575.35, 25913
32606.58, 25912
32657.21, 25911
32704.5, 25910
32716.6, 25909
32748.03, 25908
32771.6, 25907
32868.11, 25906
32900.47, 25905
32906.57, 25904
32981.09, 25903
33039.23, 25902
33086.98, 25901
33151.67, 25900
33178.58, 25899
33194.51, 25898
33249.86, 25897
33263.38, 25896
33321.28, 25895
33341.58, 25894
33389.05, 25893
33466.93, 25892
33490.75, 25891
33527.83, 25890
33548.01, 25889
33568.79, 25888
33580.15, 25887
33668.21, 25886
33692.62, 25885
33715.47, 25884
33732.09, 25883
33737.78, 25882
33761.06, 25881
33770.64, 25880
33810.23, 25879
33844.8, 25878
33925.79, 25877
33975.16, 25876
33992.15, 25875
34034.42, 25874
34054.16, 25873
34116.8, 25872
34161.43, 25871
34210.52, 25870
34243.56, 25869
34261.54, 25868
34297.7, 25867
34323.39, 25866
34342.88, 25865
34423.43, 25864
34464.28, 25863
34484.25, 25862
34550.22, 25861
34590.77, 25860
34625.39, 25859
34658.66, 25858
34684.25, 25857
34690.13, 25856
34717.54, 25855
34736.36, 25854
34825.77, 25853
34859.53, 25852
34867.69, 25851
34887.37, 25850
34905.05, 25849
34923.75, 25848
34950.54, 25847
35047.67, 25846
35066.36, 25845
35125.62, 25844
35194.69, 25843
35214.1, 25842
35295.59, 25841
35336.07, 25840
35353.88, 25839
35372.56, 25838
35385.67, 25837
35405.71, 25836
35428.52, 25835
35523.5, 25834
35626.47, 25833
35648.15, 25832
35658.7, 25831
35716.51, 25830
35767.32, 25829
35805.33, 25828
35840.37, 25827
35890.49, 25826
35931.95, 25825
35952.43, 25824
36002.4, 25823
36041.23, 25822
36131.51, 25821
36156.49, 25820
36224.33, 25819
36239.74, 25818
36284.1, 25817
36302.84, 25816
36421.35, 25815
36453.17, 25814
36481.19, 25813
36521.37, 25812
36543.43, 25811
36573.51, 25810
36631.23, 25809
36660.03, 25808
36786.44, 25807
36840.18, 25806
36856.17, 25805
37708.0, 25804
37715.15, 25803
37742.81, 25802
37780.91, 25801
37816.51, 25800
37835.18, 25799
37864.13, 25798
37900.12, 25797
37935.63, 25796
38060.25, 25795
38130.05, 25794
38151.55, 25793
38221.57, 25792
38253.4, 25791
38286.99, 25790
38367.22, 25789
38374.34, 25788
38412.22, 25787
38442.31, 25786
38461.2, 25785
38505.62, 25784
38589.15, 25783
38622.5, 25782
38639.93, 25781
38667.47, 25780
38724.86, 25779
38764.89, 25778
38782.06, 25777
38815.01, 25776
38834.48, 25775
38877.85, 25774
38913.17, 25773
38945.96, 25772
38986.46, 25771
39011.94, 25770
39087.9, 25769
39106.43, 25768
39127.02, 25767
39152.0, 25766
39187.99, 25765
39193.61, 25764
39221.34, 25763
39256.9, 25762
39298.18, 25761
39315.56, 25760
39336.46, 25759
39378.89, 25758
39403.62, 25757
39449.43, 25756
39507.95, 25755
39543.55, 25754
39579.23, 25753
39654.48, 25752
39678.34, 25751
39710.77, 25750
39748.65, 25749
39776.45, 25748
39797.96, 25747
39848.19, 25746
39907.65, 25745
39943.31, 25744
39975.01, 25743
39995.01, 25742
40020.24, 25741
40064.43, 25740
40069.75, 25739
40086.7, 25738
40123.7, 25737
40146.89, 25736
40171.61, 25735
40246.46, 25734
40251.87, 25733
40270.31, 25732
40297.26, 25731
40313.14, 25730
40353.03, 25729
40390.12, 25728
40404.9, 25727
40422.25, 25726
40456.4, 25725
40491.66, 25724
40533.41, 25723
40571.12, 25722
40621.29, 25721
40642.31, 25720
40661.91, 25719
40677.89, 25718
40731.14, 25717
40794.69, 25716
40828.44, 25715
40856.38, 25714
40918.54, 25713
40936.74, 25712
40976.65, 25711
40992.94, 25710
41028.51, 25709
41058.6, 25708
41086.16, 25707
41110.04, 25706
41151.29, 25705
41186.77, 25704
41210.74, 25703
41228.97, 25702
41254.21, 25701
41269.96, 25700
41354.22, 25699
41411.29, 25698
41429.31, 25697
41449.87, 25696
41501.0, 25695
41535.83, 25694
41585.77, 25693
41604.19, 25692
41637.01, 25691
41657.11, 25690
41696.65, 25689
41754.14, 25688
41776.7, 25687
41795.84, 25686
41815.41, 25685
41874.76, 25684
41915.98, 25683
41950.99, 25682
41988.26, 25681
42011.72, 25680
42031.6, 25679
42102.59, 25678
42167.24, 25677
42182.98, 25676
42227.39, 25675
42247.79, 25674
42279.6, 25673
42288.08, 25672
42313.09, 25671
42363.88, 25670
42384.38, 25669
42428.78, 25668
42434.36, 25667
42488.91, 25666
42504.01, 25665
42523.71, 25664
42569.61, 25663
42575.37, 25662
42634.42, 25661
42649.08, 25660
42699.42, 25659
42780.84, 25658
42829.68, 25657
42847.31, 25656
42883.16, 25655
42925.41, 25654
42993.26, 25653
43031.09, 25652
43058.19, 25651
43093.63, 25650
43123.41, 25649
43140.15, 25648
43179.99, 25647
43207.25, 25646
43268.68, 25645
43292.15, 25644
43357.7, 25643
43453.3, 25642
43492.23, 25641
43523.19, 25640
43546.59, 25639
43564.19, 25638
43580.98, 25637
43602.57, 25636
43679.82, 25635
43713.35, 25634
43725.49, 25633
43834.61, 25632
43886.12, 25631
43930.21, 25630
43947.22, 25629
43969.38, 25628
43997.59, 25627
44056.8, 25626
44116.46, 25625
44145.8, 25624
44204.22, 25623
44222.11, 25622
44227.63, 25621
44254.92, 25620
44273.39, 25619
44306.31, 25618
44456.31, 25617
44473.66, 25616
44494.18, 25615
44547.63, 25614
44623.95, 25613
44638.02, 25612
44684.05, 25611
44713.85, 25610
44735.01, 25609
44801.49, 25608
44821.43, 25607
44884.58, 25606
44955.19, 25605
44990.99, 25604
45027.39, 25603
45062.36, 25602
45148.26, 25601
45176.81, 25600
45203.2, 25599
45223.55, 25598
45310.88, 25597
45404.12, 25596
45417.52, 25595
45441.95, 25594
45469.87, 25593
45507.24, 25592
45554.95, 25591
45572.99, 25590
45597.82, 25589
45647.75, 25588
45766.51, 25587
45802.12, 25586
45840.05, 25585
45921.71, 25584
45957.7, 25583
45993.19, 25582
46028.91, 25581
46064.8, 25580
46189.94, 25579
46221.03, 25578
46256.56, 25577
46263.85, 25576
46313.16, 25575
46339.82, 25574
46377.79, 25573
46453.77, 25572
46479.69, 25571
46499.48, 25570
46517.77, 25569
46573.41, 25568
46589.86, 25567
46616.22, 25566
46641.15, 25565
46646.72, 25564
46671.09, 25563
46733.2, 25562
46754.79, 25561
46760.35, 25560
46790.05, 25559
46825.7, 25558
46861.38, 25557
46906.9, 25556
46942.64, 25555
47026.96, 25554
47035.02, 25553
47065.58, 25552
47139.56, 25551
47156.04, 25550
47179.29, 25549
47195.75, 25548
47217.41, 25547
47248.64, 25546
47299.94, 25545
47335.37, 25544
47378.55, 25543
47428.97, 25542
47434.6, 25541
47509.49, 25540
47528.64, 25539
47535.67, 25538
47562.96, 25537
47568.35, 25536
47590.28, 25535
47622.16, 25534
47641.03, 25533
47657.31, 25532
47689.85, 25531
47712.95, 25530
47744.57, 25529
47855.8, 25528
47880.62, 25527
47896.77, 25526
47907.96, 25525
47934.15, 25524
48016.05, 25523
48034.53, 25522
48070.19, 25521
48107.53, 25520
48182.89, 25519
48203.34, 25518
48226.75, 25517
48239.85, 25516
48311.61, 25515
48325.52, 25514
48350.54, 25513
48381.12, 25512
48407.82, 25511
48487.47, 25510
48523.25, 25509
48537.7, 25508
48589.76, 25507
48613.68, 25506
48644.12, 25505
48662.47, 25504
48690.03, 25503
48747.75, 25502
48811.11, 25501
48842.45, 25500
48863.72, 25499
48878.14, 25498
48927.83, 25497
48936.37, 25496
48954.63, 25495
48980.96, 25494
49025.39, 25493
49031.03, 25492
49074.29, 25491
49126.05, 25490
49190.45, 25489
49209.47, 25488
49236.25, 25487
49249.04, 25486
49274.67, 25485
49288.71, 25484
49316.41, 25483
49378.8, 25482
49427.35, 25481
49480.43, 25480
49511.08, 25479
49539.32, 25478
49572.55, 25477
49590.54, 25476
49607.53, 25475
49631.03, 25474
49691.42, 25473
49730.45, 25472
49735.91, 25471
49766.21, 25470
49790.51, 25469
49811.47, 25468
49854.14, 25467
49922.87, 25466
49940.49, 25465
50012.59, 25464
50031.4, 25463
50047.9, 25462
50062.69, 25461
50112.07, 25460
50158.94, 25459
50244.97, 25458
50261.5, 25457
50284.09, 25456
50306.44, 25455
50327.06, 25454
50357.83, 25453
50388.79, 25452
50424.76, 25451
50450.76, 25450
50473.39, 25449
50490.45, 25448
50555.18, 25447
50589.83, 25446
50658.9, 25445
50693.83, 25444
50721.11, 25443
50740.45, 25442
50746.76, 25441
50849.97, 25440
50855.54, 25439
50895.59, 25438
50918.72, 25437
50960.34, 25436
50992.36, 25435
51008.48, 25434
51045.46, 25433
51082.68, 25432
51103.69, 25431
51125.52, 25430
51148.51, 25429
51207.61, 25428
51226.23, 25427
51274.19, 25426
51310.81, 25425
51316.6, 25424
51356.32, 25423
51389.42, 25422
51425.93, 25421
51457.75, 25420
51475.55, 25419
51507.42, 25418
51570.77, 25417
51589.82, 25416
51614.39, 25415
51636.6, 25414
51718.13, 25413
51749.35, 25412
51817.95, 25411
51837.59, 25410
51863.83, 25409
51892.23, 25408
51910.5, 25407
51946.08, 25406
51981.94, 25405
52017.26, 25404
52116.33, 25403
52175.93, 25402
52195.57, 25401
52213.78, 25400
52232.6, 25399
52266.62, 25398
52302.28, 25397
52342.37, 25396
52372.78, 25395
52408.17, 25394
52443.82, 25393
52481.81, 25392
52496.09, 25391
52512.78, 25390
52541.97, 25389
52561.93, 25388
52634.37, 25387
52686.9, 25386
52722.68, 25385
52758.27, 25384
52794.06, 25383
52829.71, 25382
52894.19, 25381
52935.92, 25380
52954.49, 25379
52989.89, 25378
53060.89, 25377
53079.95, 25376
53104.25, 25375
53112.78, 25374
53162.75, 25373
53181.04, 25372
53242.71, 25371
53262.93, 25370
53306.58, 25369
53321.29, 25368
53358.11, 25367
53380.96, 25366
53393.62, 25365
53454.06, 25364
53480.87, 25363
53526.1, 25362
53561.92, 25361
53597.62, 25360
53633.82, 25359
53662.99, 25358
53683.02, 25357
53797.64, 25356
53805.35, 25355
53839.05, 25354
53854.27, 25353
53886.07, 25352
53912.92, 25351
53945.32, 25350
53997.71, 25349
54025.8, 25348
54050.47, 25347
54081.04, 25346
54168.91, 25345
54186.81, 25344
54217.3, 25343
54240.79, 25342
54283.06, 25341
54322.84, 25340
54338.35, 25339
54392.93, 25338
54447.76, 25337
54470.28, 25336
54495.18, 25335
54538.01, 25334
54584.36, 25333
54630.33, 25332
54655.07, 25331
54681.28, 25330
54690.43, 25329
54716.41, 25328
54735.65, 25327
54803.17, 25326
54822.37, 25325
54861.63, 25324
54902.37, 25323
54919.67, 25322
54959.1, 25321
54964.68, 25320
54991.19, 25319
55030.79, 25318
55069.91, 25317
55127.4, 25316
55158.12, 25315
55197.4, 25314
55213.83, 25313
55268.24, 25312
55296.23, 25311
55329.82, 25310
55341.2, 25309
55374.28, 25308
55423.03, 25307
55458.97, 25306
55480.99, 25305
55498.26, 25304
55537.45, 25303
55565.16, 25302
55584.94, 25301
55600.97, 25300
55617.55, 25299
55654.42, 25298
55706.56, 25297
55735.18, 25296
55796.7, 25295
55822.99, 25294
55841.44, 25293
55920.07, 25292
55957.08, 25291
55987.95, 25290
56019.88, 25289
56056.09, 25288
56095.35, 25287
56127.09, 25286
56173.02, 25285
56192.05, 25284
56229.41, 25283
56252.92, 25282
56292.21, 25281
56348.12, 25280
56397.61, 25279
56403.24, 25278
56430.53, 25277
56447.63, 25276
56464.29, 25275
56505.71, 25274
56555.52, 25273
56614.15, 25272
56619.75, 25271
56673.01, 25270
56708.1, 25269
56743.64, 25268
56779.67, 25267
56815.17, 25266
56862.68, 25265
56898.44, 25264
56934.11, 25263
56971.49, 25262
56997.81, 25261
57037.79, 25260
57043.95, 25259
57091.35, 25258
57127.25, 25257
57157.51, 25256
57171.33, 25255
57197.85, 25254
57236.33, 25253
57294.94, 25252
57316.29, 25251
57357.42, 25250
57405.55, 25249
57425.78, 25248
57447.02, 25247
57509.96, 25246
57537.83, 25245
57566.55, 25244
57602.92, 25243
57618.75, 25242
57640.79, 25241
57669.65, 25240
57712.29, 25239
57747.76, 25238
57782.72, 25237
57798.81, 25236
57830.44, 25235
57859.77, 25234
57892.71, 25233
57916.46, 25232
58002.11, 25231
58024.54, 25230
58047.98, 25229
58053.72, 25228
58097.97, 25227
58115.34, 25226
58144.4, 25225
58158.56, 25224
58194.25, 25223
58202.14, 25222
58234.79, 25221
58282.31, 25220
58308.16, 25219
58347.25, 25218
58359.21, 25217
58393.18, 25216
58420.03, 25215
58445.46, 25214
58467.16, 25213
58492.5, 25212
58534.16, 25211
58560.98, 25210
58608.87, 25209
58644.69, 25208
58680.38, 25207
58702.16, 25206
58729.34, 25205
58747.51, 25204
58758.68, 25203
58783.05, 25202
58797.84, 25201
58816.15, 25200
59136.15, 25199
59176.17, 25198
59231.33, 25197
59269.62, 25196
59315.17, 25195
59345.24, 25194
59385.41, 25193
59425.81, 25192
59451.49, 25191
59468.6, 25190
59533.3, 25189
59566.21, 25188
59605.29, 25187
59623.64, 25186
59676.86, 25185
59696.98, 25184
59716.61, 25183
59738.54, 25182
59750.77, 25181
59800.39, 25180
59818.01, 25179
59834.09, 25178
59854.52, 25177
59878.74, 25176
59889.38, 25175
59943.04, 25174
60009.94, 25173
60035.17, 25172
60076.52, 25171
60098.43, 25170
60128.33, 25169
60136.79, 25168
60157.13, 25167
60193.71, 25166
60243.06, 25165
60267.58, 25164
60286.38, 25163
60320.33, 25162
60327.12, 25161
60370.03, 25160
60409.08, 25159
60462.66, 25158
60495.61, 25157
60542.37, 25156
60559.44, 25155
60591.13, 25154
60600.96, 25153
60620.7, 25152
60638.28, 25151
60669.98, 25150
60721.01, 25149
60741.91, 25148
60747.61, 25147
60777.46, 25146
60802.29, 25145
