2196.34, 4311
2200.49, 4310
2200.52, 4309
2200.54, 4278
2200.56, 4277
2200.74, 4276
2201.63, 4275
2202.57, 4245
2205.97, 4244
2206.9, 4243
2212.74, 4242
2213.26, 4241
2214.22, 4240
2221.05, 4207
2221.99, 4206
2222.11, 4205
2225.69, 4176
2232.37, 4175
2233.26, 4174
2234.2, 4173
2235.11, 4172
2240.87, 4145
2244.21, 4144
2246.83, 4143
2247.92, 4142
2248.48, 4141
2249.38, 4140
2254.89, 4139
2258.51, 4138
2262.32, 4137
2265.92, 4105
2266.94, 4104
2267.83, 4103
2268.75, 4076
2269.85, 4075
2277.37, 4074
2294.31, 4073
2300.05, 4072
2306.56, 4071
2307.47, 4047
2308.35, 4046
2310.17, 4045
2310.19, 4044
2334.9, 4043
2339.25, 4042
2342.48, 4041
2349.33, 4040
2350.27, 4039
2351.17, 4038
2352.09, 4037
2353.03, 4036
2353.96, 4007
2359.5, 4006
2363.99, 4005
2364.98, 3980
2365.84, 3979
2366.69, 3978
2367.58, 3977
2371.33, 3976
2375.39, 3975
2379.86, 3974
2382.79, 3953
2384.66, 3952
2385.62, 3951
2386.5, 3950
2391.94, 3949
2396.4, 3948
2403.31, 3947
2406.17, 3946
2409.75, 3945
2409.78, 3944
2409.78, 3943
2409.79, 3942
2416.71, 3941
2433.08, 3940
2441.74, 3939
2442.64, 3938
2450.8, 3937
2453.59, 3936
2458.67, 3909
2463.18, 3908
2465.71, 3907
2466.5, 3884
2467.39, 3883
2484.96, 3882
2487.21, 3880
2501.71, 3879
2502.78, 3878
2507.25, 3877
2508.18, 3859
2515.8, 3858
2518.9, 3857
2523.15, 3855
2525.15, 3854
2526.11, 3853
2527.04, 3852
2527.9, 3851
2528.84, 3850
2534.2, 3849
2536.26, 3848
2537.11, 3847
2538.01, 3846
2554.55, 3845
2566.65, 3844
2571.51, 3843
2584.09, 3842
2588.61, 3841
2592.18, 3840
2596.09, 3839
2600.6, 3838
2603.2, 3821
2604.12, 3820
2608.93, 3819
2609.99, 3817
2610.84, 3816
2620.49, 3815
2621.43, 3814
2622.23, 3813
2623.13, 3812
2623.96, 3811
2628.04, 3810
2632.39, 3809
2635.58, 3808
2637.3, 3807
2638.83, 3806
2639.22, 3805
2643.65, 3804
2645.45, 3803
2650.56, 3802
2652.83, 3801
2653.7, 3800
2662.92, 3785
2663.48, 3784
2664.41, 3783
2665.28, 3781
2669.08, 3780
2673.68, 3779
2677.42, 3778
2680.13, 3777
2680.96, 3776
2681.91, 3775
2682.76, 3774
2686.89, 3773
2690.86, 3772
2691.01, 3771
2694.32, 3770
2698.74, 3769
2702.25, 3768
2703.72, 3767
2704.65, 3766
2708.44, 3765
2713.19, 3764
2715.53, 3763
2717.5, 3762
2722.11, 3761
2723.14, 3760
2726.5, 3759
2729.85, 3757
2730.75, 3756
2734.62, 3755
2739.52, 3754
2742.72, 3753
2749.12, 3752
2749.99, 3751
2750.88, 3750
2751.8, 3749
2752.69, 3748
2780.16, 3747
2806.51, 3746
2810.16, 3745
2818.27, 3744
2819.26, 3743
2820.15, 3742
2821.03, 3741
2822.07, 3740
2822.82, 3729
2831.37, 3728
2831.63, 3727
2832.53, 3724
2836.94, 3723
2842.03, 3722
2844.35, 3721
2851.82, 3719
2852.69, 3718
2853.58, 3717
2854.46, 3716
2856.25, 3715
2856.27, 3714
2857.99, 3713
2864.08, 3712
2869.95, 3711
2871.86, 3710
2872.74, 3709
2873.61, 3708
2874.51, 3707
2880.51, 3706
2884.34, 3705
2887.75, 3704
2892.69, 3703
2892.71, 3702
2893.16, 3693
2898.62, 3692
2899.49, 3691
2902.91, 3688
2907.18, 3687
2910.55, 3686
2915.79, 3685
2916.65, 3683
2917.54, 3682
2918.44, 3681
2919.3, 3680
2924.86, 3679
2929.74, 3678
2929.84, 3677
2930.26, 3676
2931.19, 3675
2937.03, 3674
2937.76, 3673
2969.22, 3672
2993.27, 3671
2994.43, 3670
2995.33, 3669
2997.52, 3668
3001.33, 3667
3004.34, 3666
3005.28, 3665
3009.5, 3664
3021.08, 3659
3023.56, 3658
3023.6, 3657
3027.13, 3654
3034.54, 3653
3036.56, 3652
3039.49, 3651
3040.38, 3649
3041.29, 3648
3042.64, 3647
3043.09, 3646
3049.05, 3645
3051.82, 3644
3056.41, 3643
3058.78, 3642
3059.67, 3641
3060.58, 3640
3061.68, 3639
3066.74, 3638
3068.88, 3637
3069.63, 3636
3075.44, 3635
3079.81, 3634
3082.65, 3633
3084.46, 3632
3085.37, 3631
3086.25, 3630
3093.17, 3629
3098.03, 3628
3101.54, 3627
3106.46, 3626
3107.39, 3625
3128.77, 3624
3151.38, 3623
3158.54, 3622
3163.71, 3621
3167.87, 3620
3170.58, 3619
3171.84, 3618
3172.4, 3617
3173.29, 3616
3174.16, 3615
3177.76, 3614
3182.28, 3613
3192.89, 3612
3196.46, 3611
3197.14, 3610
3198.05, 3609
3198.93, 3608
3199.83, 3607
3200.72, 3606
3204.53, 3603
3205.52, 3602
3211.26, 3601
3217.37, 3597
3222.53, 3596
3232.44, 3595
3233.35, 3594
3234.25, 3591
3235.15, 3590
3236.05, 3589
3236.92, 3588
3245.22, 3587
3281.48, 3586
3291.86, 3585
3293.08, 3584
3294.0, 3583
3299.34, 3582
3305.14, 3581
3307.77, 3580
3309.08, 3579
3310.06, 3578
3310.92, 3577
3311.83, 3576
3325.1, 3575
3327.7, 3574
3328.65, 3573
3329.59, 3572
3330.59, 3571
3331.37, 3570
3332.27, 3569
3336.24, 3568
3337.14, 3567
3349.62, 3563
3357.01, 3562
3360.64, 3561
3363.1, 3560
3364.03, 3557
3364.86, 3556
3365.73, 3555
3366.6, 3554
3368.48, 3553
3368.55, 3552
3369.4, 3551
3371.1, 3550
3376.2, 3549
3382.02, 3548
3382.91, 3547
3383.8, 3546
3384.68, 3545
3390.5, 3544
3391.4, 3543
3392.3, 3542
3396.05, 3541
3399.18, 3540
3403.15, 3539
3408.74, 3538
3416.18, 3537
3418.93, 3536
3419.18, 3535
3420.07, 3534
3421.82, 3533
3421.86, 3532
3426.13, 3531
3429.1, 3530
3435.37, 3529
3439.52, 3528
3440.4, 3525
3441.29, 3524
3446.37, 3523
3450.24, 3522
3453.23, 3521
3456.17, 3520
3456.96, 3519
3457.93, 3518
3460.96, 3517
3465.17, 3516
3466.06, 3515
3466.95, 3514
3473.9, 3513
3475.38, 3512
3476.24, 3511
3492.52, 3510
3497.07, 3509
3498.0, 3508
3498.89, 3507
3499.78, 3506
3500.67, 3505
3501.56, 3504
3539.08, 3503
3550.32, 3502
3555.14, 3501
3555.47, 3500
3556.37, 3499
3557.25, 3498
3558.15, 3497
3559.04, 3496
3559.94, 3495
3567.97, 3494
3572.0, 3493
3574.52, 3492
3574.53, 3491
3574.66, 3490
3575.51, 3489
3584.37, 3488
3590.6, 3487
3597.08, 3486
3600.62, 3485
3601.55, 3484
3602.46, 3483
3603.33, 3482
3604.32, 3481
3605.13, 3480
3606.0, 3479
3606.88, 3478
3619.27, 3477
3634.39, 3476
3639.75, 3475
3640.52, 3474
3649.05, 3470
3649.81, 3469
3655.6, 3468
3658.88, 3467
3662.18, 3466
3666.57, 3465
3667.51, 3464
3668.39, 3463
3669.29, 3462
3670.18, 3461
3675.04, 3460
3677.36, 3459
3678.27, 3458
3680.12, 3457
3683.12, 3456
3686.47, 3455
3688.33, 3454
3690.94, 3453
3696.09, 3452
3696.96, 3451
3705.42, 3450
3705.51, 3449
3706.42, 3448
3708.91, 3447
3712.4, 3446
3713.48, 3445
3718.79, 3444
3719.69, 3443
3722.1, 3442
3725.2, 3441
3728.34, 3440
3733.6, 3439
3737.4, 3438
3738.46, 3437
3846.61, 3436
3863.11, 3435
3864.13, 3434
3865.23, 3433
3870.51, 3432
3875.23, 3431
3880.17, 3430
3888.76, 3429
3889.0, 3428
3889.7, 3427
3890.6, 3426
3891.5, 3425
3892.4, 3424
3893.29, 3423
3894.19, 3422
3902.86, 3421
3903.21, 3420
3904.15, 3419
3905.46, 3418
3915.78, 3417
3916.03, 3416
3921.03, 3415
3922.15, 3414
3922.5, 3413
3923.23, 3412
3939.5, 3411
3939.75, 3410
3939.77, 3409
3941.48, 3408
3942.39, 3407
3943.33, 3406
3944.18, 3405
3951.29, 3404
3956.96, 3403
3960.6, 3402
3965.62, 3401
3966.5, 3400
3967.39, 3399
3968.27, 3398
3974.64, 3397
3980.17, 3396
3984.94, 3395
3987.2, 3394
3988.49, 3393
3990.59, 3392
3990.61, 3391
3992.98, 3390
3999.09, 3389
4003.01, 3388
4006.57, 3387
4007.27, 3386
4008.18, 3385
4009.1, 3384
4016.27, 3383
4019.61, 3382
4024.48, 3381
4030.97, 3380
4031.86, 3379
4032.76, 3378
4033.64, 3377
4034.53, 3376
4100.3, 3375
4101.22, 3374
4102.15, 3373
4103.06, 3372
4103.99, 3371
4126.63, 3370
4134.07, 3369
4141.57, 3368
4141.63, 3367
4142.67, 3366
4142.82, 3365
4143.78, 3364
4169.18, 3363
4182.93, 3362
4198.7, 3361
4202.71, 3360
4207.92, 3359
4210.53, 3358
4211.64, 3357
4212.81, 3356
4222.16, 3355
4225.82, 3354
4233.65, 3353
4235.61, 3352
4236.65, 3351
4237.67, 3350
4238.34, 3349
4239.24, 3348
4240.14, 3347
4241.03, 3346
4249.83, 3345
4252.8, 3344
4268.09, 3343
4272.25, 3342
4272.37, 3341
4273.1, 3340
4273.65, 3339
4274.51, 3338
4299.92, 3337
4313.69, 3336
4316.74, 3335
4316.76, 3334
4323.66, 3333
4326.51, 3332
4327.23, 3331
4329.42, 3330
4346.49, 3329
4348.58, 3328
4351.98, 3327
4352.88, 3326
4353.85, 3325
4355.15, 3324
4355.53, 3323
4356.41, 3322
4357.28, 3321
4358.17, 3320
4380.52, 3319
4381.33, 3318
4382.37, 3317
4384.89, 3316
4384.91, 3315
4384.92, 3314
4399.18, 3313
4402.9, 3312
4407.68, 3311
4409.91, 3310
4410.84, 3309
4411.76, 3308
4412.69, 3307
4420.27, 3306
4430.19, 3305
4436.0, 3304
4445.16, 3303
4445.63, 3302
4446.56, 3301
4447.45, 3300
4448.37, 3299
4449.29, 3298
4450.19, 3297
4451.09, 3296
4504.09, 3295
4516.04, 3294
4520.65, 3293
4522.07, 3292
4522.42, 3291
4523.32, 3290
4524.2, 3289
4525.08, 3288
4530.19, 3287
4546.82, 3286
4546.91, 3285
4547.04, 3284
4553.0, 3283
4588.95, 3282
4594.64, 3281
4598.91, 3280
4599.66, 3279
4605.64, 3278
4608.84, 3277
4612.93, 3276
4615.85, 3275
4616.67, 3274
4617.55, 3273
4618.45, 3272
4624.6, 3271
4628.25, 3270
4639.8, 3269
4640.62, 3268
4641.56, 3267
4642.39, 3266
4643.27, 3265
4723.34, 3264
4739.1, 3263
4743.57, 3262
4744.38, 3261
4745.58, 3260
4746.13, 3259
4747.06, 3258
4767.26, 3257
4768.17, 3256
4769.08, 3255
4770.38, 3254
4770.97, 3253
4773.55, 3252
4774.03, 3251
4774.06, 3250
4784.35, 3249
4785.21, 3248
4786.57, 3247
4787.0, 3246
4801.38, 3245
4809.2, 3244
4810.14, 3243
4810.94, 3242
4812.14, 3241
4813.62, 3240
4813.98, 3239
4847.57, 3238
4927.15, 3237
4928.02, 3236
4929.81, 3235
4929.9, 3234
4931.51, 3233
4931.54, 3232
4952.07, 3231
4952.51, 3230
4953.41, 3229
4954.36, 3228
4955.19, 3227
4957.0, 3226
4957.02, 3225
4968.0, 3224
4975.25, 3223
4980.23, 3222
4981.17, 3221
4982.04, 3220
4982.9, 3219
4983.8, 3218
4984.64, 3217
4985.54, 3216
4990.69, 3215
4993.27, 3214
4995.75, 3213
5083.8, 3212
5087.84, 3211
5096.82, 3210
5100.34, 3209
5101.23, 3208
5102.22, 3207
5103.0, 3206
5108.75, 3205
5113.42, 3204
5116.88, 3203
5118.73, 3202
5119.61, 3201
5120.48, 3200
5125.51, 3199
5133.17, 3198
5136.85, 3197
5141.27, 3196
5143.55, 3195
5144.62, 3194
5146.04, 3193
5146.11, 3192
5148.06, 3191
5152.28, 3190
5155.63, 3189
5156.59, 3188
5194.31, 3187
5195.19, 3186
5196.11, 3185
5196.96, 3184
5201.85, 3183
5202.53, 3182
5207.93, 3181
5218.73, 3180
5222.75, 3179
5223.63, 3178
5224.51, 3177
5225.39, 3176
5226.28, 3175
5227.17, 3174
5228.08, 3173
5229.33, 3172
5234.63, 3171
5240.75, 3170
5254.42, 3169
5257.95, 3168
5258.88, 3167
5260.02, 3166
5260.69, 3165
5263.6, 3164
5263.63, 3163
5263.64, 3162
5264.64, 3161
5269.81, 3160
5274.96, 3159
5282.3, 3158
5284.75, 3157
5286.25, 3156
5286.57, 3155
5287.67, 3154
5293.86, 3153
5294.99, 3152
5295.64, 3151
5299.84, 3150
5300.51, 3149
5320.53, 3148
5321.94, 3147
5324.69, 3146
5324.72, 3145
5324.72, 3144
5325.09, 3143
5417.16, 3142
5423.6, 3141
5427.25, 3140
5429.49, 3139
5430.13, 3138
5454.32, 3137
5457.33, 3136
5457.41, 3135
5457.43, 3134
5459.04, 3133
5459.07, 3132
5495.72, 3131
5496.57, 3130
5502.26, 3129
5507.24, 3128
5510.05, 3127
5515.72, 3126
5516.62, 3125
5517.52, 3124
5518.42, 3123
5525.19, 3122
5528.6, 3121
5532.87, 3120
5535.49, 3119
5535.81, 3118
5536.69, 3117
5541.15, 3116
5550.47, 3115
5555.72, 3114
5558.97, 3113
5562.91, 3112
5565.8, 3111
5567.58, 3110
5567.6, 3109
5573.15, 3108
5574.02, 3107
5577.09, 3106
5580.0, 3105
5584.66, 3104
5587.03, 3103
5587.93, 3102
5589.5, 3101
5594.15, 3100
5599.23, 3099
5602.54, 3098
5604.54, 3097
5605.55, 3096
5606.44, 3095
5612.09, 3094
5617.28, 3093
5618.76, 3092
5623.52, 3091
5624.45, 3090
5625.36, 3089
5630.43, 3088
5635.82, 3087
5639.71, 3086
5640.48, 3085
5641.36, 3084
5642.26, 3083
5649.69, 3082
5650.61, 3081
5651.51, 3080
5652.41, 3079
5657.27, 3078
5665.87, 3077
5668.88, 3076
5682.49, 3075
5683.38, 3074
5684.87, 3073
5685.28, 3072
5686.17, 3071
5687.06, 3070
5724.14, 3069
5792.49, 3068
5797.04, 3067
5800.94, 3066
5803.15, 3065
5804.35, 3064
5804.97, 3063
5805.89, 3062
5806.77, 3061
5817.2, 3060
5829.01, 3059
5834.47, 3058
5836.88, 3057
5837.77, 3056
5839.06, 3055
5850.84, 3054
5853.98, 3053
5858.58, 3052
5859.44, 3051
5860.33, 3050
5910.86, 3049
5917.08, 3048
5918.44, 3047
5918.47, 3046
5921.01, 3045
5927.02, 3044
5928.47, 3043
5933.74, 3042
5938.76, 3041
5939.08, 3040
5940.0, 3039
5943.85, 3038
5951.61, 3037
5953.59, 3036
5957.04, 3035
5957.91, 3034
5958.86, 3033
5962.28, 3032
5968.72, 3031
5973.48, 3030
5977.45, 3029
5982.51, 3028
5983.36, 3027
5984.24, 3026
5985.22, 3025
5992.89, 3024
5996.19, 3023
5997.08, 3022
6001.14, 3021
6008.09, 3020
6026.22, 3019
6047.08, 3018
6048.03, 3017
6050.16, 3016
6050.25, 3015
6050.67, 3014
6058.98, 3013
6085.91, 3012
6090.69, 3011
6093.57, 3010
6096.73, 3009
6097.63, 3008
6098.51, 3007
6099.39, 3006
6104.4, 3005
6117.27, 3004
6118.17, 3003
6119.04, 3002
6119.98, 3001
6121.0, 3000
6122.09, 2999
6122.58, 2998
6128.26, 2997
6140.91, 2996
6142.29, 2995
6142.66, 2994
6143.54, 2993
6144.5, 2992
6146.5, 2991
6146.57, 2990
6160.54, 2989
6174.93, 2988
6175.81, 2987
6176.7, 2986
6177.59, 2985
6178.49, 2984
6179.37, 2983
6183.51, 2982
6184.38, 2981
6201.24, 2980
6201.27, 2979
6201.28, 2978
6201.28, 2977
6207.57, 2976
6207.58, 2975
6207.59, 2974
6215.71, 2973
6216.84, 2972
6220.03, 2971
6232.67, 2970
6239.12, 2969
6239.3, 2968
6240.18, 2967
6241.08, 2966
6241.96, 2965
6288.82, 2964
6348.97, 2963
6352.15, 2962
6356.58, 2961
6358.62, 2960
6359.56, 2959
6360.45, 2958
6366.04, 2957
6368.94, 2956
6371.77, 2955
6372.67, 2954
6378.91, 2953
6382.35, 2952
6385.21, 2951
6387.69, 2950
6388.59, 2949
6389.52, 2948
6400.73, 2947
6403.82, 2946
6409.55, 2945
6416.11, 2944
6417.01, 2943
6418.06, 2942
6418.8, 2941
6419.76, 2940
6420.61, 2939
6425.66, 2938
6429.03, 2937
6434.41, 2936
6436.49, 2935
6437.42, 2934
6446.31, 2933
6450.41, 2932
6453.8, 2931
6459.83, 2930
6460.71, 2929
6461.65, 2928
6462.68, 2927
6475.2, 2926
6491.83, 2925
6492.68, 2924
6493.58, 2923
6494.47, 2922
6495.35, 2921
6537.04, 2920
6546.81, 2919
6548.83, 2918
6548.87, 2917
6550.02, 2916
6550.08, 2915
6550.97, 2914
6606.5, 2913
6607.43, 2912
6608.27, 2911
6615.32, 2910
6624.05, 2909
6624.99, 2908
6625.99, 2907
6626.78, 2906
6627.67, 2905
6628.55, 2904
6633.42, 2903
6635.85, 2902
6642.47, 2901
6648.2, 2900
6651.49, 2899
6653.89, 2898
6655.37, 2897
6655.63, 2896
6656.51, 2895
6666.46, 2894
6667.31, 2893
6668.18, 2892
6673.39, 2891
6675.34, 2890
6676.22, 2889
6681.58, 2888
6685.98, 2887
6691.4, 2886
6695.66, 2885
6695.67, 2884
6696.68, 2883
6739.92, 2882
6753.23, 2881
6754.27, 2880
6755.44, 2879
6755.79, 2878
6756.69, 2877
6757.56, 2876
6764.78, 2875
6765.41, 2874
6766.3, 2873
6784.54, 2872
6789.81, 2871
6790.58, 2870
6791.49, 2869
6792.38, 2868
6793.27, 2867
6794.14, 2866
6817.56, 2865
6880.16, 2864
6886.93, 2863
6889.04, 2862
6889.2, 2861
6890.08, 2860
6890.96, 2859
6898.36, 2858
6898.83, 2857
6901.79, 2856
6908.41, 2855
6909.17, 2854
6915.43, 2853
6915.67, 2852
6916.65, 2851
6920.35, 2850
6925.5, 2849
6927.92, 2848
6932.53, 2847
6934.65, 2846
6940.96, 2845
6942.73, 2844
6942.75, 2843
6969.95, 2842
6972.06, 2841
6972.13, 2840
6973.0, 2839
6973.77, 2838
6974.66, 2837
7059.54, 2836
7084.89, 2835
7085.73, 2834
7086.61, 2833
7092.96, 2832
7097.38, 2831
7108.58, 2830
7113.21, 2829
7117.53, 2828
7122.08, 2827
7122.32, 2826
7122.35, 2825
7122.53, 2824
7131.61, 2823
7135.93, 2822
7151.5, 2821
7152.37, 2820
7153.25, 2819
7154.25, 2818
7155.05, 2817
7198.18, 2816
7207.66, 2815
7210.55, 2814
7216.53, 2813
7219.57, 2812
7220.49, 2811
7222.04, 2810
7222.4, 2809
7223.2, 2808
7233.62, 2807
7234.46, 2806
7235.37, 2805
7236.26, 2804
7239.82, 2803
7240.7, 2802
7246.93, 2801
7247.88, 2800
7255.76, 2799
7258.97, 2798
7261.83, 2797
7262.79, 2796
7263.66, 2795
7268.29, 2794
7277.78, 2793
7283.05, 2792
7283.93, 2791
7284.82, 2790
7285.7, 2789
7286.59, 2788
7287.52, 2787
7288.9, 2786
7306.35, 2785
7307.13, 2784
7308.01, 2783
7308.9, 2782
7309.88, 2781
7310.67, 2780
7311.55, 2779
7315.77, 2778
7318.74, 2777
7323.05, 2776
7323.94, 2775
7324.81, 2774
7369.72, 2773
7370.62, 2772
7371.76, 2771
7372.41, 2770
7373.33, 2769
7374.18, 2768
7417.0, 2767
7432.71, 2766
7442.31, 2765
7443.65, 2764
7444.52, 2763
7446.29, 2762
7446.41, 2761
7447.96, 2760
7448.06, 2759
7448.95, 2758
7453.3, 2757
7457.33, 2756
7460.42, 2755
7466.05, 2754
7466.49, 2753
7467.43, 2752
7475.88, 2751
7476.7, 2750
7484.83, 2749
7485.72, 2748
7486.62, 2747
7492.38, 2746
7499.24, 2745
7502.12, 2744
7503.13, 2743
7511.24, 2742
7518.23, 2741
7519.08, 2740
7519.97, 2739
7520.95, 2738
7527.15, 2737
7528.03, 2736
7537.31, 2735
7542.48, 2734
7549.37, 2733
7556.67, 2732
7557.52, 2731
7558.42, 2730
7559.36, 2729
7560.21, 2728
7561.11, 2727
7571.88, 2726
7581.12, 2725
7584.74, 2724
7584.76, 2723
7584.77, 2722
7584.77, 2721
7584.78, 2720
7591.35, 2719
7600.86, 2718
7602.57, 2717
7603.47, 2716
7604.36, 2715
7605.52, 2714
7606.15, 2713
7622.34, 2712
7629.61, 2711
7630.52, 2710
7631.41, 2709
7632.29, 2708
7633.22, 2707
7634.06, 2706
7781.29, 2705
7792.01, 2704
7794.43, 2703
7794.46, 2702
7845.12, 2701
7846.09, 2700
7847.03, 2699
7848.06, 2698
7848.88, 2697
7849.69, 2696
7850.71, 2695
7857.8, 2694
7858.67, 2693
7865.38, 2692
7868.29, 2691
7868.31, 2690
7872.95, 2689
7873.46, 2688
7878.38, 2687
7881.59, 2686
7888.8, 2685
7890.97, 2684
7892.23, 2683
7892.98, 2682
7908.3, 2681
7908.33, 2680
7908.33, 2679
7910.74, 2678
7913.5, 2677
7923.05, 2676
7923.08, 2675
7923.09, 2674
7923.09, 2673
7929.96, 2672
7930.03, 2671
7932.35, 2670
7944.29, 2669
7947.76, 2668
7948.65, 2667
7949.48, 2666
7950.35, 2665
7951.26, 2664
7955.13, 2663
7959.72, 2662
7968.65, 2661
7973.27, 2660
7974.11, 2659
7975.02, 2658
7975.91, 2657
7984.31, 2656
8001.69, 2655
8006.98, 2654
8010.87, 2653
8017.36, 2652
8018.22, 2651
8019.14, 2650
8020.05, 2649
8020.92, 2648
8050.85, 2647
8106.77, 2646
8116.45, 2645
8127.41, 2644
8127.86, 2643
8129.92, 2642
8130.21, 2641
8130.53, 2640
8137.22, 2639
8144.0, 2638
8148.9, 2637
8152.18, 2636
8155.4, 2635
8156.09, 2634
8160.77, 2633
8166.87, 2632
8175.94, 2631
8176.03, 2630
8177.24, 2629
8177.87, 2628
8179.75, 2627
8184.46, 2626
8188.93, 2625
8194.43, 2624
8194.82, 2623
8208.18, 2622
8212.8, 2621
8213.68, 2620
8214.58, 2619
8215.45, 2618
8216.33, 2617
8217.19, 2616
8316.22, 2615
8339.95, 2614
8345.99, 2613
8348.19, 2612
8348.39, 2611
8348.67, 2610
8349.55, 2609
8350.47, 2608
8364.67, 2607
8375.61, 2606
8380.03, 2605
8383.94, 2604
8386.32, 2603
8387.19, 2602
8388.51, 2601
8396.71, 2600
8400.35, 2599
8403.53, 2598
8404.68, 2597
8405.61, 2596
8406.51, 2595
8419.49, 2594
8424.41, 2593
8427.78, 2592
8429.52, 2591
8430.38, 2590
8431.29, 2589
8432.14, 2588
8433.02, 2587
8442.67, 2586
8457.71, 2585
8467.73, 2584
8468.58, 2583
8469.47, 2582
8470.33, 2581
8471.2, 2580
8492.49, 2579
8499.4, 2578
8500.77, 2577
8507.87, 2576
8511.72, 2575
8512.64, 2574
8520.17, 2573
8521.08, 2572
8521.97, 2571
8526.29, 2570
8533.42, 2569
8539.12, 2568
8540.04, 2567
8540.93, 2566
8552.15, 2565
8557.11, 2564
8560.69, 2563
8568.87, 2562
8569.41, 2561
8570.33, 2560
8571.24, 2559
8572.16, 2558
8573.1, 2557
8584.98, 2556
8585.73, 2555
8586.61, 2554
8606.7, 2553
8610.86, 2552
8617.8, 2551
8621.43, 2550
8621.86, 2549
8622.76, 2548
8623.61, 2547
8633.51, 2546
8634.4, 2545
8635.28, 2544
8636.18, 2543
8656.54, 2542
8659.68, 2541
8663.43, 2540
8663.51, 2539
8663.52, 2538
8664.69, 2537
8665.31, 2536
8666.02, 2535
8666.88, 2534
8674.53, 2533
8675.36, 2532
8682.32, 2531
8685.28, 2530
8688.71, 2529
8691.3, 2528
8701.15, 2527
8714.97, 2526
8723.36, 2525
8725.32, 2524
8726.27, 2523
8727.21, 2522
8729.82, 2521
8729.89, 2520
8729.92, 2519
8733.77, 2518
8742.68, 2517
8743.75, 2516
8744.44, 2515
8754.0, 2514
8754.98, 2513
8760.7, 2512
8782.55, 2511
8787.17, 2510
8789.49, 2509
8789.52, 2508
8789.77, 2507
8790.58, 2506
8791.46, 2505
8869.09, 2504
8943.72, 2503
8954.26, 2502
8959.03, 2501
8963.05, 2500
8965.72, 2499
8966.6, 2498
8967.47, 2497
8972.43, 2496
8975.84, 2495
8979.72, 2494
8981.35, 2493
8986.91, 2492
8992.1, 2491
8996.04, 2490
9000.56, 2489
9002.2, 2488
9003.14, 2487
9018.28, 2486
9022.13, 2485
9023.16, 2484
9023.96, 2483
9024.8, 2482
9025.68, 2481
9029.64, 2480
9052.29, 2479
9053.15, 2478
9054.03, 2477
9054.91, 2476
9055.83, 2475
9056.68, 2474
9067.05, 2473
9067.93, 2472
9068.83, 2471
9084.32, 2470
9102.84, 2469
9105.42, 2468
9105.59, 2467
9106.47, 2466
9107.34, 2465
9108.24, 2464
9149.21, 2463
9189.04, 2462
9203.82, 2461
9206.12, 2460
9206.15, 2459
9207.75, 2458
9207.8, 2457
9208.3, 2456
9220.39, 2455
9252.62, 2454
9257.47, 2453
9264.47, 2452
9270.41, 2451
9271.32, 2450
9272.33, 2449
9273.13, 2448
9274.01, 2447
9281.23, 2446
9285.38, 2445
9292.09, 2444
9292.98, 2443
9293.88, 2442
9300.12, 2441
9303.96, 2440
9308.91, 2439
9313.24, 2438
9316.01, 2437
9322.15, 2436
9325.26, 2435
9328.78, 2434
9331.74, 2433
9335.67, 2432
9340.2, 2431
9355.56, 2430
9356.3, 2429
9359.26, 2428
9361.2, 2427
9368.06, 2426
9372.27, 2425
9375.72, 2424
9379.68, 2423
9383.67, 2422
9385.15, 2421
9389.53, 2420
9401.43, 2419
9405.93, 2418
9406.01, 2417
9406.02, 2416
9413.04, 2415
9413.14, 2414
9419.91, 2413
9434.33, 2412
9434.42, 2411
9434.44, 2410
9434.46, 2409
9439.88, 2408
9446.76, 2407
9455.62, 2406
9455.75, 2405
9457.51, 2404
9458.43, 2403
9461.94, 2402
9468.37, 2401
9469.23, 2400
9478.68, 2399
9486.1, 2398
9486.97, 2397
9493.37, 2396
9500.71, 2395
9505.45, 2394
9513.53, 2393
9516.12, 2392
9517.05, 2391
9517.9, 2390
9518.79, 2389
9527.51, 2388
9528.38, 2387
9546.73, 2386
9551.96, 2385
9552.44, 2384
9553.37, 2383
9554.28, 2382
9555.37, 2381
9556.0, 2380
9560.19, 2379
9565.73, 2378
9569.02, 2377
9576.07, 2376
9577.0, 2375
9577.85, 2374
9587.59, 2373
9588.74, 2372
9592.51, 2371
9599.01, 2370
9599.55, 2369
9608.3, 2368
9609.18, 2367
9610.05, 2366
9617.64, 2365
9631.32, 2364
9634.73, 2363
9638.66, 2362
9640.33, 2361
9641.23, 2360
9658.32, 2359
9673.65, 2358
9699.51, 2357
9705.53, 2356
9706.32, 2355
9707.6, 2354
9707.99, 2353
9728.28, 2352
9838.78, 2351
9843.47, 2350
9850.77, 2349
9852.86, 2348
9853.77, 2347
9854.7, 2346
9855.59, 2345
9856.49, 2344
9860.3, 2343
9862.24, 2342
9869.26, 2341
9902.9, 2340
9907.72, 2339
9915.29, 2338
9918.25, 2337
9919.16, 2336
9935.62, 2335
9949.56, 2334
9952.98, 2333
9958.63, 2332
9992.87, 2331
9998.84, 2330
10002.66, 2329
10010.02, 2328
10010.9, 2327
10011.77, 2326
10015.49, 2325
10023.05, 2324
10026.04, 2323
10043.55, 2322
10050.81, 2321
10051.71, 2320
10052.59, 2319
10053.63, 2318
10054.51, 2317
10055.42, 2316
10056.19, 2315
10081.66, 2314
10083.77, 2313
10084.66, 2312
10085.58, 2311
10086.45, 2310
10087.33, 2309
10103.31, 2308
10137.69, 2307
10138.56, 2306
10142.59, 2305
10165.1, 2304
10165.99, 2303
10166.86, 2302
10228.25, 2301
10284.2, 2300
10288.78, 2299
10294.5, 2298
10315.33, 2297
10316.06, 2296
10316.95, 2295
10317.84, 2294
10318.73, 2293
10319.59, 2292
10320.47, 2291
10321.36, 2290
10333.59, 2289
10340.06, 2288
10342.9, 2287
10345.15, 2286
10346.03, 2285
10346.92, 2284
10349.96, 2283
10357.53, 2282
10360.96, 2281
10370.02, 2280
10375.12, 2279
10379.91, 2278
10382.94, 2277
10383.81, 2276
10384.71, 2275
10395.29, 2274
10401.03, 2273
10406.07, 2272
10408.06, 2271
10424.13, 2270
10429.93, 2269
10441.02, 2268
10444.84, 2267
10445.91, 2266
10446.61, 2265
10447.63, 2264
10448.46, 2263
10449.37, 2262
10466.29, 2261
10467.18, 2260
10468.07, 2259
10468.96, 2258
10469.87, 2257
10483.62, 2256
10486.94, 2255
10488.52, 2254
10488.74, 2253
10493.04, 2252
10501.24, 2251
10509.01, 2250
10514.35, 2249
10515.26, 2248
10519.5, 2247
10525.07, 2246
10530.69, 2245
10534.17, 2244
10536.98, 2243
10537.77, 2242
10559.47, 2241
10563.12, 2240
10564.03, 2239
10564.87, 2238
10565.76, 2237
10576.01, 2236
10576.89, 2235
10585.3, 2234
10586.2, 2233
10589.03, 2232
10595.1, 2231
10599.53, 2230
10604.48, 2229
10609.03, 2228
10618.13, 2227
10619.02, 2226
10619.92, 2225
10630.71, 2224
10634.43, 2223
10636.15, 2222
10641.21, 2221
10647.56, 2220
10651.16, 2219
10657.13, 2218
10661.18, 2217
10665.9, 2216
10666.79, 2215
10674.78, 2214
10677.56, 2213
10806.14, 2212
10818.31, 2211
10827.06, 2210
10857.14, 2209
10863.42, 2208
10866.03, 2207
10866.94, 2206
10879.29, 2205
10880.04, 2204
10880.93, 2203
10886.24, 2202
10891.05, 2201
10897.57, 2200
10900.37, 2199
10910.08, 2198
10913.69, 2197
10917.46, 2196
10920.98, 2195
10925.96, 2194
10930.99, 2193
10937.22, 2192
10941.39, 2191
10944.29, 2190
10951.57, 2189
10952.22, 2188
10958.83, 2187
10962.27, 2186
10964.52, 2185
10970.88, 2184
10975.23, 2183
10992.66, 2182
11002.76, 2181
11014.61, 2180
11020.37, 2179
11067.97, 2178
11075.68, 2177
11085.96, 2176
11094.31, 2175
11094.72, 2174
11095.55, 2173
11096.45, 2172
11097.29, 2171
11098.16, 2170
11119.3, 2169
11143.86, 2168
11152.2, 2167
11159.73, 2166
11159.93, 2165
11160.91, 2164
11161.73, 2163
11162.61, 2162
11199.42, 2161
11210.22, 2160
11210.89, 2159
11234.07, 2158
11239.16, 2157
11240.13, 2156
11240.91, 2155
11241.84, 2154
11242.7, 2153
11243.58, 2152
11247.37, 2151
11251.16, 2150
11260.69, 2149
11266.98, 2148
11270.12, 2147
11272.34, 2146
11278.42, 2145
11285.0, 2144
11293.43, 2143
11301.9, 2142
11313.27, 2141
11313.32, 2140
11313.33, 2139
11317.83, 2138
11325.14, 2137
11328.74, 2136
11332.94, 2135
11335.91, 2134
11338.4, 2133
11343.38, 2132
11357.67, 2131
11358.62, 2130
11359.54, 2129
11360.41, 2128
11368.35, 2127
11371.96, 2126
11377.58, 2125
11389.65, 2124
11393.48, 2123
11399.37, 2122
11401.52, 2121
11402.35, 2120
11403.24, 2119
11410.64, 2118
11420.28, 2117
11427.72, 2116
11444.36, 2115
11449.27, 2114
11450.25, 2113
11451.06, 2112
11451.95, 2111
11517.6, 2110
11535.69, 2109
11543.81, 2108
11544.73, 2107
11550.43, 2106
11557.21, 2105
11563.58, 2104
11566.53, 2103
11567.39, 2102
11574.35, 2101
11594.82, 2100
11596.45, 2099
11596.48, 2098
11596.52, 2097
11596.54, 2096
11604.74, 2095
11618.06, 2094
11623.2, 2093
11625.46, 2092
11626.33, 2091
11627.23, 2090
11640.91, 2089
11649.15, 2088
11651.55, 2087
11652.46, 2086
11653.37, 2085
11654.29, 2084
11669.77, 2083
11678.14, 2082
11679.2, 2081
11684.51, 2080
11685.35, 2079
11694.07, 2078
11698.78, 2077
11702.59, 2076
11709.57, 2075
11710.56, 2074
11717.15, 2073
11718.0, 2072
11732.55, 2071
11733.44, 2070
11734.33, 2069
11740.39, 2068
11757.94, 2067
11764.74, 2066
11765.61, 2065
11766.52, 2064
11767.4, 2063
11784.66, 2062
11785.61, 2061
11786.94, 2060
11787.39, 2059
11799.27, 2058
11799.36, 2057
11803.59, 2056
11804.62, 2055
11810.83, 2054
11816.95, 2053
11829.98, 2052
11830.02, 2051
11831.26, 2050
11832.1, 2049
11840.32, 2048
11846.37, 2047
11850.92, 2046
11872.97, 2045
11873.06, 2044
11873.08, 2043
11873.64, 2042
11874.5, 2041
11875.4, 2040
11881.95, 2039
11885.78, 2038
11888.47, 2037
11891.77, 2036
11921.5, 2035
11922.27, 2034
11923.29, 2033
11924.05, 2032
11924.96, 2031
11931.3, 2030
11932.16, 2029
11940.26, 2028
11990.75, 2027
11991.68, 2026
11992.58, 2025
11993.46, 2024
11994.35, 2023
11995.24, 2022
12084.38, 2021
12086.82, 2020
12114.54, 2019
12122.18, 2018
12123.34, 2017
12130.52, 2016
12131.41, 2015
12136.38, 2014
12141.81, 2013
12146.44, 2012
12150.86, 2011
12154.19, 2010
12158.65, 2009
12172.09, 2008
12176.89, 2007
12183.23, 2006
12185.62, 2005
12191.17, 2004
12196.72, 2003
12202.32, 2002
12205.69, 2001
12210.75, 2000
12215.54, 1999
12217.37, 1998
12286.4, 1997
12295.94, 1996
12302.36, 1995
12306.68, 1994
12309.27, 1993
12314.53, 1992
12318.02, 1991
12327.2, 1990
12334.72, 1989
12340.87, 1988
12345.22, 1987
12350.03, 1986
12352.49, 1985
12358.95, 1984
12369.99, 1983
12377.32, 1982
12384.15, 1981
12386.04, 1980
12386.96, 1979
12388.51, 1978
12391.39, 1977
12421.76, 1976
12422.99, 1975
12423.55, 1974
12424.45, 1973
12425.39, 1972
12426.26, 1971
12431.49, 1970
12437.08, 1969
12441.74, 1968
12446.24, 1967
12447.16, 1966
12451.71, 1965
12457.73, 1964
12460.27, 1963
12474.12, 1962
12492.66, 1961
12495.85, 1960
12495.86, 1959
12495.87, 1958
12495.88, 1957
12526.31, 1956
12527.18, 1955
12528.24, 1954
12529.19, 1953
12529.91, 1952
12564.53, 1951
12573.17, 1950
12575.97, 1949
12576.89, 1948
12586.81, 1947
12591.37, 1946
12594.22, 1945
12598.85, 1944
12599.73, 1943
12640.96, 1942
12644.03, 1941
12649.39, 1940
12652.64, 1939
12658.86, 1938
12663.15, 1937
12666.22, 1936
12668.22, 1935
12679.81, 1934
12681.67, 1933
12692.26, 1932
12692.35, 1931
12699.39, 1930
12702.41, 1929
12706.86, 1928
12708.54, 1927
12714.31, 1926
12726.62, 1925
12757.79, 1924
12770.4, 1923
12773.39, 1922
12774.17, 1921
12775.07, 1920
12775.97, 1919
12837.26, 1918
12861.55, 1917
12865.9, 1916
12870.85, 1915
12874.5, 1914
12885.78, 1913
12889.59, 1912
12890.3, 1911
12896.1, 1910
12930.0, 1909
12933.7, 1908
12934.61, 1907
12935.49, 1906
12945.24, 1905
12952.84, 1904
12957.47, 1903
12959.4, 1902
12960.36, 1901
12965.4, 1900
12972.41, 1899
12974.66, 1898
12975.51, 1897
12983.43, 1896
12999.55, 1895
13003.61, 1894
13008.66, 1893
13014.16, 1892
13019.61, 1891
13020.51, 1890
13025.59, 1889
13030.96, 1888
13035.96, 1887
13041.04, 1886
13052.81, 1885
13052.92, 1884
13056.98, 1883
13058.96, 1882
13071.91, 1881
13072.01, 1880
13072.7, 1879
13083.11, 1878
13087.01, 1877
13110.57, 1876
13111.72, 1875
13112.54, 1874
13113.42, 1873
13114.2, 1872
13115.12, 1871
13204.52, 1870
13244.29, 1869
13260.05, 1868
13284.18, 1867
13290.59, 1866
13292.03, 1865
13300.03, 1864
13306.18, 1863
13307.81, 1862
13320.77, 1861
13320.81, 1860
13325.16, 1859
13327.18, 1858
13333.16, 1857
13342.08, 1856
13350.34, 1855
13353.47, 1854
13358.24, 1853
13360.12, 1852
13374.19, 1851
13381.96, 1850
13390.26, 1849
13394.06, 1848
13396.01, 1847
13396.95, 1846
13415.08, 1845
13420.39, 1844
13422.98, 1843
13423.0, 1842
13423.01, 1841
13429.7, 1840
13434.47, 1839
13437.73, 1838
13442.0, 1837
13444.96, 1836
13447.45, 1835
13456.79, 1834
13460.95, 1833
13477.02, 1832
13477.19, 1831
13477.22, 1830
13483.93, 1829
13484.55, 1828
13485.53, 1827
13500.15, 1826
13501.92, 1825
13502.85, 1824
13508.81, 1823
13513.07, 1822
13519.11, 1821
13520.03, 1820
13525.5, 1819
13530.83, 1818
13554.22, 1817
13558.35, 1816
13563.3, 1815
13566.84, 1814
13567.72, 1813
13568.6, 1812
13569.48, 1811
13577.06, 1810
13582.69, 1809
13585.52, 1808
13589.95, 1807
13592.78, 1806
13596.99, 1805
13602.27, 1804
13604.62, 1803
13609.27, 1802
13618.63, 1801
13624.25, 1800
13627.09, 1799
13630.12, 1798
13630.98, 1797
13640.22, 1796
13643.88, 1795
13651.19, 1794
13656.72, 1793
13657.6, 1792
13662.58, 1791
13666.97, 1790
13669.6, 1789
13676.13, 1788
13682.38, 1787
13685.31, 1786
13690.72, 1785
13694.94, 1784
13700.14, 1783
13708.81, 1782
13857.6, 1781
13858.46, 1780
13865.35, 1779
13872.58, 1778
13875.77, 1777
13881.55, 1776
13882.88, 1775
13886.15, 1774
13891.86, 1773
13895.07, 1772
13902.91, 1771
13949.81, 1770
13955.34, 1769
13958.7, 1768
13964.6, 1767
13967.74, 1766
13971.77, 1765
13978.24, 1764
13985.58, 1763
13990.55, 1762
13993.49, 1761
13999.57, 1760
14002.81, 1759
14007.58, 1758
14017.38, 1757
14024.22, 1756
14030.89, 1755
14033.6, 1754
14034.51, 1753
14035.41, 1752
14041.69, 1751
14044.55, 1750
14050.92, 1749
14056.26, 1748
14069.1, 1747
14069.81, 1746
14176.66, 1745
14182.79, 1744
14185.54, 1743
14186.45, 1742
14192.92, 1741
14197.62, 1740
14201.12, 1739
14208.77, 1738
14213.0, 1737
14214.99, 1736
14220.38, 1735
14229.99, 1734
14234.21, 1733
14238.99, 1732
14246.6, 1731
14250.4, 1730
14252.37, 1729
14258.42, 1728
14261.48, 1727
14267.85, 1726
14274.18, 1725
14276.12, 1724
14279.27, 1723
14285.02, 1722
14291.66, 1721
14296.4, 1720
14298.35, 1719
14306.78, 1718
14309.95, 1717
14315.05, 1716
14318.27, 1715
14322.85, 1714
14327.41, 1713
14333.02, 1712
14343.69, 1711
14347.35, 1710
14353.32, 1709
14364.72, 1708
14365.61, 1707
14366.48, 1706
14387.5, 1705
14395.03, 1704
14402.54, 1703
14408.43, 1702
14409.36, 1701
14410.26, 1700
14411.11, 1699
14413.18, 1698
14413.21, 1697
14413.74, 1696
14419.07, 1695
14422.37, 1694
14426.74, 1693
14433.02, 1692
14440.02, 1691
14461.61, 1690
14461.64, 1689
14461.65, 1688
14478.48, 1687
14485.02, 1686
14491.5, 1685
14502.33, 1684
14507.9, 1683
14508.8, 1682
14509.67, 1681
14557.71, 1680
14582.21, 1679
14585.56, 1678
14590.28, 1677
14592.19, 1676
14593.1, 1675
14594.0, 1674
14602.38, 1673
14608.75, 1672
14616.75, 1671
14618.82, 1670
14621.99, 1669
14636.32, 1668
14643.1, 1667
14646.28, 1666
14647.17, 1665
14648.93, 1664
14648.95, 1663
14653.19, 1662
14660.81, 1661
14664.01, 1660
14669.35, 1659
14674.36, 1658
14677.64, 1657
14687.59, 1656
14692.05, 1655
14695.85, 1654
14697.96, 1653
14706.89, 1652
14709.68, 1651
14715.18, 1650
14718.14, 1649
14722.71, 1648
14727.81, 1647
14734.05, 1646
14734.89, 1645
14743.73, 1644
14744.75, 1643
14751.79, 1642
14765.04, 1641
14769.89, 1640
14775.23, 1639
14778.57, 1638
14780.02, 1637
14786.56, 1636
14792.48, 1635
14795.89, 1634
14802.7, 1633
14814.57, 1632
14819.41, 1631
14825.07, 1630
14828.12, 1629
14834.38, 1628
14841.09, 1627
14843.99, 1626
14849.01, 1625
14851.92, 1624
14866.53, 1623
14876.55, 1622
14881.71, 1621
14883.74, 1620
14884.65, 1619
14885.56, 1618
14886.49, 1617
14892.58, 1616
14911.97, 1615
14922.19, 1614
14923.64, 1613
14924.52, 1612
14925.41, 1611
14926.26, 1610
14935.68, 1609
15048.51, 1608
15051.53, 1607
15057.96, 1606
15067.79, 1605
15068.81, 1604
15076.49, 1603
15113.08, 1602
15152.3, 1601
15167.69, 1600
15168.57, 1599
15169.46, 1598
15170.33, 1597
15171.23, 1596
15183.99, 1595
15189.04, 1594
15191.52, 1593
15208.36, 1592
15224.34, 1591
15227.15, 1590
15233.84, 1589
15238.86, 1588
15239.51, 1587
15249.08, 1586
15252.24, 1585
15256.77, 1584
15261.55, 1583
15266.67, 1582
15272.86, 1581
15275.9, 1580
15280.74, 1579
15284.78, 1578
15291.78, 1577
15295.33, 1576
15299.82, 1575
15305.39, 1574
15309.11, 1573
15317.07, 1572
15320.3, 1571
15325.31, 1570
15336.92, 1569
15340.87, 1568
15344.84, 1567
15354.62, 1566
15370.33, 1565
15376.83, 1564
15377.76, 1563
15378.69, 1562
15379.63, 1561
15384.56, 1560
15407.38, 1559
15410.54, 1558
15416.14, 1557
15418.22, 1556
15419.15, 1555
15420.05, 1554
15421.62, 1553
15426.79, 1552
15432.06, 1551
15436.28, 1550
15442.62, 1549
15443.51, 1548
15455.51, 1547
15456.56, 1546
15465.1, 1545
15468.26, 1544
15473.46, 1543
15476.69, 1542
15485.82, 1541
15490.78, 1540
15494.25, 1539
15516.2, 1538
15517.11, 1537
15518.05, 1536
15518.89, 1535
15519.78, 1534
15522.8, 1533
15546.09, 1532
15547.04, 1531
15548.89, 1530
15548.9, 1529
15549.69, 1528
15550.54, 1527
15566.46, 1526
15573.48, 1525
15574.37, 1524
15575.24, 1523
15584.35, 1522
15586.33, 1521
15590.69, 1520
15599.23, 1519
15613.05, 1518
15617.65, 1517
15623.9, 1516
15625.9, 1515
15626.87, 1514
15627.77, 1513
15641.72, 1512
15647.59, 1511
15651.09, 1510
15653.22, 1509
15654.13, 1508
15665.73, 1507
15668.31, 1506
15669.22, 1505
15675.83, 1504
15683.72, 1503
15690.15, 1502
15694.41, 1501
15697.71, 1500
15702.62, 1499
15710.44, 1498
15716.49, 1497
15730.46, 1496
15736.04, 1495
15741.77, 1494
15745.36, 1493
15750.08, 1492
15892.69, 1491
15893.56, 1490
15902.94, 1489
15908.71, 1488
15911.96, 1487
15917.91, 1486
15922.64, 1485
15923.51, 1484
15933.28, 1483
15936.3, 1482
15942.68, 1481
15948.77, 1480
15954.92, 1479
15980.41, 1478
15984.15, 1477
15989.83, 1476
15997.99, 1475
16001.86, 1474
16007.77, 1473
16010.86, 1472
16018.18, 1471
16019.04, 1470
16027.74, 1469
16033.2, 1468
16039.54, 1467
16041.43, 1466
16046.51, 1465
16052.0, 1464
16056.5, 1463
16061.04, 1462
16066.78, 1461
16070.3, 1460
16075.33, 1459
16082.63, 1458
16086.22, 1457
16091.86, 1456
16096.87, 1455
16100.95, 1454
16113.55, 1453
16118.28, 1452
16122.7, 1451
16143.6, 1450
16147.96, 1449
16165.88, 1448
16167.86, 1447
16168.78, 1446
16169.66, 1445
16170.53, 1444
16171.44, 1443
16255.07, 1442
16283.84, 1441
16288.67, 1440
16292.46, 1439
16296.47, 1438
16302.32, 1437
16306.89, 1436
16310.61, 1435
16311.93, 1434
16319.47, 1433
16328.21, 1432
16332.35, 1431
16335.36, 1430
16341.06, 1429
16344.18, 1428
16359.92, 1427
16360.82, 1426
16375.36, 1425
16381.7, 1424
16384.67, 1423
16389.89, 1422
16393.01, 1421
16397.44, 1420
16400.71, 1419
16415.96, 1418
16416.87, 1417
16481.76, 1416
16499.52, 1415
16502.41, 1414
16507.6, 1413
16510.66, 1412
16523.15, 1411
16527.34, 1410
16607.62, 1409
16625.76, 1408
16633.11, 1407
16636.23, 1406
16640.76, 1405
16650.27, 1404
16653.28, 1403
16657.51, 1402
16659.79, 1401
16665.48, 1400
16669.84, 1399
16678.51, 1398
16680.21, 1397
16686.72, 1396
16689.46, 1395
16696.72, 1394
16700.31, 1393
16705.51, 1392
16709.36, 1391
16716.41, 1390
16720.15, 1389
16726.26, 1388
16727.16, 1387
16735.09, 1386
16741.96, 1385
16748.33, 1384
16749.07, 1383
16760.77, 1382
16771.76, 1381
16780.88, 1380
16784.43, 1379
16786.45, 1378
16788.33, 1377
16794.19, 1376
16800.54, 1375
16803.76, 1374
16808.99, 1373
16813.95, 1372
16821.26, 1371
16824.09, 1370
16831.28, 1369
16835.02, 1368
16841.26, 1367
16844.42, 1366
16852.04, 1365
16867.78, 1364
16877.82, 1363
16878.76, 1362
16879.64, 1361
16881.04, 1360
16881.42, 1359
16888.21, 1358
16893.27, 1357
16899.12, 1356
16908.11, 1355
16924.3, 1354
16976.76, 1353
16977.54, 1352
16978.29, 1351
16979.36, 1350
16979.78, 1349
16980.53, 1348
17036.23, 1347
17054.21, 1346
17067.16, 1345
17086.62, 1344
17090.94, 1343
17101.86, 1342
17102.62, 1341
17105.95, 1340
17110.2, 1339
17119.99, 1338
17124.72, 1337
17130.08, 1336
17133.84, 1335
17139.63, 1334
17145.32, 1333
17148.18, 1332
17156.54, 1331
17159.03, 1330
17165.76, 1329
17168.51, 1328
17176.52, 1327
17176.84, 1326
17184.94, 1325
17190.74, 1324
17196.83, 1323
17201.32, 1322
17211.77, 1321
17216.66, 1320
17220.23, 1319
17224.31, 1318
17232.35, 1317
17235.79, 1316
17241.52, 1315
17250.27, 1314
17252.75, 1313
17262.09, 1312
17265.13, 1311
17267.63, 1310
17289.69, 1309
17292.74, 1308
17295.34, 1307
17299.19, 1306
17300.22, 1305
17300.99, 1304
17301.72, 1303
17319.0, 1302
17321.96, 1301
17322.83, 1300
17323.49, 1299
17330.32, 1298
17333.49, 1297
17341.0, 1296
17344.36, 1295
17350.19, 1294
17357.04, 1293
17360.79, 1292
17366.16, 1291
17370.76, 1290
17379.82, 1289
17386.01, 1288
17391.9, 1287
17395.61, 1286
17403.43, 1285
17555.75, 1284
17568.99, 1283
17575.15, 1282
17589.03, 1281
17602.25, 1280
17610.7, 1279
17622.02, 1278
17624.25, 1277
17629.72, 1276
17637.33, 1275
17648.08, 1274
17648.87, 1273
17653.51, 1272
17658.54, 1271
17662.54, 1270
17667.14, 1269
17671.94, 1268
17684.81, 1267
17686.7, 1266
17692.23, 1265
17695.19, 1264
17701.13, 1263
17704.62, 1262
17710.28, 1261
17719.42, 1260
17725.44, 1259
17729.98, 1258
17732.19, 1257
17738.49, 1256
17748.36, 1255
17751.17, 1254
17754.72, 1253
17776.26, 1252
17781.37, 1251
17784.8, 1250
17796.22, 1249
17860.22, 1248
17864.86, 1247
17870.96, 1246
17875.69, 1245
17892.42, 1244
17911.57, 1243
17917.16, 1242
17923.87, 1241
17928.51, 1240
17952.8, 1239
17970.37, 1238
17973.92, 1237
17981.51, 1236
17989.82, 1235
17999.0, 1234
18027.32, 1233
18034.03, 1232
18049.95, 1231
18059.97, 1230
18071.81, 1229
18078.79, 1228
18086.01, 1227
18102.56, 1226
18103.2, 1225
18106.21, 1224
18123.86, 1223
18127.47, 1222
18138.81, 1221
18142.98, 1220
18173.31, 1219
18180.86, 1218
18199.12, 1217
18204.71, 1216
18208.2, 1215
18216.59, 1214
18216.62, 1213
18223.01, 1212
18230.54, 1211
18237.68, 1210
18250.17, 1209
18260.83, 1208
18266.01, 1207
18270.32, 1206
18275.37, 1205
18282.8, 1204
18290.84, 1203
18297.47, 1202
18306.33, 1201
18316.43, 1200
18320.77, 1199
18325.75, 1198
18331.9, 1197
18335.63, 1196
18341.73, 1195
18349.45, 1194
18354.57, 1193
18360.44, 1192
18364.96, 1191
18368.4, 1190
18378.76, 1189
18380.33, 1188
18386.35, 1187
18391.68, 1186
18396.56, 1185
18402.42, 1184
18409.1, 1183
18416.36, 1182
18442.81, 1181
18447.3, 1180
18481.05, 1179
18493.66, 1178
18507.36, 1177
18516.58, 1176
18522.22, 1175
18526.21, 1174
18534.26, 1173
18540.48, 1172
18544.16, 1171
18550.07, 1170
18557.18, 1169
18561.84, 1168
18567.28, 1167
18573.37, 1166
18577.53, 1165
18583.02, 1164
18587.29, 1163
18641.87, 1162
18648.66, 1161
18653.56, 1160
18658.3, 1159
18669.17, 1158
18675.53, 1157
18681.72, 1156
18685.51, 1155
18691.08, 1154
18698.93, 1153
18701.31, 1152
18708.65, 1151
18713.46, 1150
18717.71, 1149
18724.67, 1148
18743.01, 1147
18768.78, 1146
18803.15, 1145
18809.33, 1144
18815.42, 1143
18844.75, 1142
18847.41, 1141
18862.96, 1140
18867.99, 1139
18874.89, 1138
18878.28, 1137
18883.45, 1136
18887.93, 1135
18895.39, 1134
18901.83, 1133
18908.31, 1132
18912.55, 1131
18920.12, 1130
18958.13, 1129
18987.66, 1128
18992.41, 1127
19000.22, 1126
19007.33, 1125
19011.09, 1124
19018.27, 1123
19027.48, 1122
19041.29, 1121
19048.73, 1120
19053.71, 1119
19058.68, 1118
19062.38, 1117
19081.58, 1116
19084.42, 1115
19090.18, 1114
19093.58, 1113
19099.02, 1112
19108.11, 1111
19109.76, 1110
19137.71, 1109
19142.84, 1108
19174.68, 1107
19180.78, 1106
19188.5, 1105
19192.29, 1104
19199.91, 1103
19205.58, 1102
19209.92, 1101
19216.84, 1100
19222.17, 1099
19226.91, 1098
19244.97, 1097
19257.38, 1096
19266.48, 1095
19267.28, 1094
19275.66, 1093
19282.41, 1092
19285.76, 1091
19291.55, 1090
19346.41, 1089
19356.65, 1088
19361.42, 1087
19368.08, 1086
19378.3, 1085
19385.35, 1084
19401.63, 1083
19412.04, 1082
19418.26, 1081
19424.95, 1080
19434.45, 1079
19441.74, 1078
19446.32, 1077
19452.86, 1076
19458.57, 1075
19493.41, 1074
19503.51, 1073
19508.14, 1072
19514.27, 1071
19517.82, 1070
19525.5, 1069
19534.07, 1068
19539.27, 1067
19542.3, 1066
19549.12, 1065
19563.01, 1064
19563.05, 1063
19571.41, 1062
19597.86, 1061
19601.68, 1060
19641.71, 1059
19642.43, 1058
19643.49, 1057
19698.96, 1056
19706.08, 1055
19708.54, 1054
19714.84, 1053
19722.49, 1052
19726.23, 1051
19731.05, 1050
19739.28, 1049
19743.76, 1048
19750.27, 1047
19764.98, 1046
19769.92, 1045
19775.74, 1044
19781.89, 1043
19786.02, 1042
19792.56, 1041
19798.01, 1040
19806.73, 1039
19809.97, 1038
19819.4, 1037
19871.38, 1036
19878.14, 1035
19884.49, 1034
19892.67, 1033
19897.33, 1032
19909.27, 1031
19919.78, 1030
19920.38, 1029
19927.71, 1028
19933.41, 1027
19937.43, 1026
19944.19, 1025
19950.31, 1024
19956.53, 1023
19961.61, 1022
19967.82, 1021
19975.0, 1020
19977.32, 1019
19982.77, 1018
19991.57, 1017
20000.0, 1016
20003.58, 1015
20016.1, 1014
20020.2, 1013
20023.13, 1012
20032.62, 1011
20035.22, 1010
20041.85, 1009
20050.01, 1008
20052.76, 1007
20068.74, 1006
20088.84, 1005
20088.95, 1004
20088.97, 1003
20088.99, 1002
20089.47, 1001
20094.5, 1000
20097.6, 999
20114.26, 998
20117.82, 997
20131.15, 996
20131.89, 995
20132.65, 994
20142.01, 993
20243.1, 992
20250.0, 991
20255.51, 990
20265.71, 989
20270.16, 988
20286.65, 987
20299.3, 986
20301.93, 985
20326.94, 984
20349.65, 983
20356.4, 982
20392.29, 981
20393.12, 980
20402.13, 979
20408.39, 978
20416.79, 977
20419.71, 976
20432.16, 975
20435.9, 974
20442.09, 973
20451.99, 972
20457.07, 971
20462.98, 970
20475.0, 969
20483.7, 968
20492.07, 967
20498.72, 966
20504.7, 965
20516.86, 964
20522.32, 963
20527.1, 962
20534.27, 961
20541.64, 960
20548.85, 959
20616.74, 958
20627.16, 957
20631.74, 956
20637.13, 955
20651.64, 954
20658.33, 953
20663.22, 952
20689.25, 951
20708.25, 950
20715.72, 949
20733.59, 948
20740.25, 947
20744.28, 946
20758.35, 945
20769.54, 944
20770.32, 943
20777.57, 942
20784.11, 941
20791.46, 940
20807.28, 939
20811.11, 938
20825.05, 937
20832.09, 936
20835.89, 935
20905.25, 934
20909.38, 933
20916.86, 932
20927.34, 931
20942.32, 930
20946.85, 929
20951.67, 928
21075.11, 927
21084.72, 926
21094.85, 925
21168.86, 924
21174.92, 923
21183.77, 922
21195.4, 921
21258.97, 920
21351.66, 919
21353.07, 918
21370.45, 917
21371.86, 916
21372.92, 915
21373.68, 914
21374.42, 913
21376.78, 912
21390.05, 911
21396.7, 910
21404.73, 909
21410.72, 908
21419.58, 907
21443.88, 906
21475.35, 905
21484.99, 904
21492.21, 903
21502.49, 902
21517.12, 901
21522.23, 900
21538.65, 899
21538.85, 898
21542.98, 897
21550.25, 896
21569.58, 895
21575.19, 894
21578.71, 893
21584.89, 892
21591.6, 891
21673.98, 890
21679.87, 889
21685.72, 888
21693.99, 887
21751.74, 886
21770.0, 885
21775.9, 884
21780.98, 883
21789.49, 882
21794.37, 881
21801.28, 880
21833.72, 879
21835.33, 878
21839.6, 877
21843.51, 876
21848.75, 875
21852.94, 874
22018.28, 873
22023.45, 872
22034.11, 871
22054.29, 870
22071.21, 869
22134.67, 868
22183.17, 867
22183.52, 866
22184.36, 865
22185.14, 864
22185.9, 863
22186.67, 862
22275.21, 861
22355.2, 860
22361.0, 859
22373.95, 858
22395.34, 857
22396.01, 856
22396.25, 855
22396.96, 854
22402.61, 853
22415.89, 852
22419.41, 851
22432.16, 850
22444.99, 849
22462.53, 848
22467.48, 847
22474.12, 846
22483.35, 845
22489.52, 844
22495.69, 843
22504.94, 842
22517.35, 841
22523.21, 840
22531.16, 839
22536.07, 838
22542.73, 837
22549.62, 836
22557.43, 835
22563.46, 834
22569.26, 833
22580.36, 832
22584.96, 831
22596.22, 830
22614.83, 829
22660.42, 828
22667.29, 827
22672.62, 826
22723.8, 825
22751.1, 824
22758.72, 823
22767.3, 822
22781.78, 821
22786.89, 820
22796.14, 819
22800.55, 818
22840.43, 817
22852.45, 816
22859.02, 815
22867.17, 814
22874.89, 813
22880.94, 812
22911.02, 811
22973.36, 810
22976.77, 809
22976.85, 808
22982.42, 807
22989.29, 806
23030.73, 805
23058.01, 804
23063.6, 803
23072.68, 802
23076.96, 801
23083.92, 800
23092.34, 799
23096.9, 798
23105.03, 797
23111.41, 796
23120.33, 795
23127.2, 794
23133.99, 793
23170.22, 792
23175.83, 791
23199.7, 790
23208.54, 789
23211.66, 788
23218.83, 787
23235.96, 786
23242.1, 785
23251.04, 784
23258.28, 783
23264.95, 782
23274.39, 781
23312.02, 780
23322.97, 779
23350.04, 778
23380.82, 777
23410.98, 776
23418.28, 775
23425.0, 774
23432.73, 773
23440.0, 772
23500.21, 771
23508.64, 770
23518.2, 769
23521.84, 768
23531.22, 767
23545.41, 766
23553.44, 765
23609.86, 764
23614.17, 763
23619.47, 762
23625.39, 761
23633.8, 760
23640.97, 759
23649.68, 758
23667.64, 757
23677.47, 756
23684.4, 755
23690.81, 754
23696.38, 753
23702.84, 752
23709.79, 751
23718.69, 750
23724.99, 749
23732.22, 748
23741.63, 747
23746.67, 746
23757.76, 745
23763.24, 744
23784.86, 743
23791.58, 742
23801.74, 741
23808.0, 740
23814.27, 739
23834.01, 738
23843.5, 737
23850.64, 736
23858.35, 735
23866.51, 734
23873.51, 733
23879.78, 732
23884.95, 731
23891.77, 730
23900.43, 729
23907.56, 728
23916.02, 727
23916.81, 726
23932.63, 725
23942.27, 724
23953.29, 723
23959.94, 722
23960.67, 721
23967.41, 720
23977.64, 719
23984.84, 718
23991.73, 717
23999.91, 716
24005.43, 715
24090.54, 714
24101.3, 713
24107.28, 712
24129.07, 711
24137.24, 710
24143.96, 709
24174.43, 708
24197.5, 707
24230.8, 706
24248.57, 705
24254.83, 704
24260.85, 703
24266.38, 702
24275.55, 701
24401.91, 700
24417.72, 699
24420.14, 698
24420.89, 697
24432.57, 696
24439.68, 695
24451.51, 694
24474.93, 693
24482.68, 692
24490.85, 691
24497.9, 690
24505.69, 689
24514.04, 688
24519.83, 687
24529.0, 686
24534.84, 685
24541.25, 684
24559.22, 683
24565.9, 682
24573.01, 681
24667.51, 680
24673.11, 679
24675.63, 678
24679.28, 677
24712.94, 676
24739.82, 675
24806.33, 674
24812.76, 673
24818.12, 672
24826.78, 671
24834.55, 670
24841.66, 669
24850.01, 668
24857.94, 667
24864.76, 666
24883.33, 665
24887.92, 664
24898.4, 663
24905.86, 662
24914.16, 661
24941.49, 660
24951.41, 659
24957.6, 658
24964.37, 657
24973.5, 656
24991.83, 655
24999.14, 654
25007.97, 653
25015.22, 652
25029.87, 651
25038.65, 650
25082.17, 649
25090.47, 648
25097.07, 647
25108.14, 646
25164.89, 645
25172.04, 644
25178.49, 643
25224.9, 642
25232.91, 641
25241.26, 640
25246.91, 639
25275.81, 638
25283.09, 637
25302.99, 636
25309.89, 635
25333.9, 634
25342.42, 633
25350.48, 632
25358.42, 631
25366.65, 630
25393.92, 629
25401.63, 628
25408.79, 627
25430.01, 626
25442.46, 625
25455.48, 624
25464.78, 623
25472.89, 622
25490.51, 621
25515.7, 620
25541.27, 619
25575.34, 618
25593.78, 617
25618.15, 616
25624.92, 615
25641.97, 614
25667.48, 613
25691.26, 612
25743.83, 611
25751.04, 610
25758.53, 609
25766.79, 608
25775.52, 607
25783.8, 606
25791.5, 605
25800.02, 604
25809.31, 603
25824.64, 602
25832.49, 601
25852.99, 600
25860.26, 599
25867.67, 598
25876.8, 597
25917.19, 596
25930.03, 595
25938.78, 594
25948.65, 593
25953.34, 592
26008.06, 591
26013.38, 590
26023.1, 589
26029.83, 588
26065.32, 587
26074.28, 586
26081.51, 585
26089.83, 584
26098.21, 583
26106.99, 582
26115.79, 581
26149.88, 580
26159.0, 579
26173.49, 578
26182.27, 577
26191.09, 576
26198.78, 575
26207.01, 574
26232.97, 573
26263.64, 572
26271.72, 571
26278.31, 570
26288.1, 569
26298.71, 568
26309.54, 567
26335.32, 566
26374.81, 565
26387.75, 564
26398.36, 563
26423.65, 562
26442.12, 561
26450.66, 560
26465.91, 559
26473.12, 558
26480.73, 557
26493.91, 556
26536.15, 555
26547.18, 554
26557.09, 553
26567.41, 552
26573.7, 551
26591.11, 550
26598.84, 549
26613.22, 548
26613.27, 547
26621.98, 546
26635.64, 545
26641.8, 544
26659.31, 543
26660.39, 542
26667.53, 541
26685.17, 540
26689.21, 539
26693.56, 538
26707.92, 537
26722.74, 536
26733.68, 535
26741.51, 534
26750.09, 533
26757.78, 532
26772.81, 531
26783.61, 530
26790.4, 529
26797.74, 528
26815.65, 527
26825.49, 526
26833.5, 525
26860.03, 524
26870.21, 523
26883.87, 522
26905.39, 521
26918.19, 520
26937.28, 519
26937.47, 518
26944.71, 517
26973.12, 516
26973.22, 515
26981.62, 514
26989.1, 513
27001.0, 512
27011.8, 511
27020.29, 510
27031.46, 509
27038.29, 508
27063.85, 507
27070.1, 506
27087.0, 505
27126.13, 504
27139.94, 503
27148.83, 502
27155.45, 501
27167.48, 500
27176.9, 499
27189.6, 498
27197.47, 497
27211.0, 496
27215.79, 495
27225.12, 494
27266.39, 493
27276.5, 492
27294.03, 491
27308.28, 490
27316.8, 489
27335.46, 488
27382.98, 487
27391.52, 486
27401.04, 485
27408.49, 484
27420.66, 483
27431.19, 482
27438.01, 481
27445.79, 480
27455.44, 479
27465.07, 478
27473.38, 477
27482.73, 476
27491.43, 475
27507.34, 474
27514.13, 473
27523.91, 472
27534.75, 471
27558.86, 470
27567.33, 469
27582.58, 468
27591.49, 467
27603.54, 466
27613.41, 465
27631.02, 464
27634.14, 463
27639.6, 462
27649.09, 461
27656.84, 460
27673.73, 459
27685.81, 458
27716.83, 457
27725.49, 456
27735.29, 455
27769.9, 454
27779.29, 453
27815.12, 452
27823.56, 451
27833.09, 450
27840.53, 449
27849.42, 448
27863.18, 447
27874.43, 446
27883.48, 445
27892.78, 444
27917.84, 443
27923.33, 442
27931.22, 441
27941.97, 440
27949.79, 439
27982.02, 438
27993.45, 437
28000.87, 436
28009.6, 435
28017.68, 434
28025.74, 433
28035.69, 432
28046.15, 431
28056.11, 430
28062.82, 429
28079.5, 428
28103.05, 427
28112.42, 426
28122.49, 425
28133.78, 424
28142.01, 423
28158.33, 422
28183.93, 421
28214.85, 420
28234.15, 419
28260.4, 418
28276.81, 417
28301.26, 416
28311.77, 415
28323.87, 414
28332.5, 413
28346.49, 412
28357.19, 411
28368.54, 410
28378.34, 409
28393.11, 408
28402.94, 407
28415.38, 406
28435.42, 405
28457.5, 404
28468.83, 403
28488.55, 402
28508.2, 401
28517.18, 400
28537.68, 399
28562.23, 398
28575.72, 397
28585.29, 396
28596.17, 395
28608.05, 394
28622.44, 393
28633.08, 392
28646.72, 391
28663.75, 390
28681.33, 389
28710.67, 388
28726.01, 387
28743.99, 386
28759.2, 385
28767.77, 384
28782.89, 383
28790.98, 382
28802.3, 381
28813.85, 380
28840.2, 379
28851.23, 378
28872.78, 377
28884.95, 376
28903.04, 375
28917.5, 374
28928.24, 373
28941.71, 372
28953.83, 371
28960.89, 370
28975.66, 369
28992.24, 368
29000.67, 367
29040.63, 366
29044.68, 365
29079.62, 364
29090.01, 363
29099.05, 362
29115.93, 361
29139.5, 360
29148.66, 359
29165.34, 358
29175.14, 357
29183.2, 356
29197.41, 355
29207.92, 354
29218.74, 353
29229.93, 352
29243.14, 351
29250.25, 350
29258.94, 349
29272.4, 348
29280.38, 347
29291.63, 346
29310.46, 345
29329.54, 344
29341.51, 343
29350.6, 342
29360.37, 341
29396.1, 340
29409.25, 339
29418.19, 338
29431.71, 337
29443.74, 336
29458.45, 335
29467.83, 334
29481.28, 333
29491.38, 332
29502.54, 331
29532.12, 330
29562.96, 329
29563.01, 328
29575.05, 327
29591.8, 326
29600.5, 325
29612.43, 324
29625.65, 323
29634.23, 322
29646.07, 321
29656.57, 320
29665.81, 319
29679.27, 318
29696.13, 317
29717.13, 316
29735.19, 315
29739.29, 314
29750.8, 313
29762.65, 312
29774.07, 311
29782.91, 310
29796.09, 309
29805.89, 308
29824.56, 307
29839.05, 306
29857.5, 305
29866.64, 304
29897.88, 303
29910.28, 302
29919.94, 301
29935.29, 300
29951.44, 299
29968.47, 298
29969.29, 297
29975.83, 296
29986.07, 295
29996.97, 294
30009.63, 293
30019.38, 292
30044.49, 291
30056.08, 290
30082.71, 289
30103.08, 288
30114.96, 287
30124.24, 286
30134.31, 285
30143.86, 284
30158.3, 283
30166.95, 282
30175.51, 281
30192.25, 280
30205.63, 279
30216.86, 278
30224.59, 277
30239.44, 276
30255.52, 275
30267.34, 274
30275.48, 273
30290.04, 272
30301.43, 271
30313.85, 270
30324.57, 269
30343.22, 268
30358.2, 267
30379.04, 266
30389.5, 265
30403.96, 264
30431.35, 263
30441.7, 262
30450.56, 261
30465.84, 260
30479.45, 259
30493.07, 258
30506.14, 257
30524.5, 256
30535.92, 255
30549.18, 254
30559.57, 253
30573.31, 252
30581.04, 251
30602.16, 250
30616.49, 249
30627.05, 248
30641.39, 247
30656.19, 246
30668.41, 245
30683.84, 244
30694.25, 243
30705.96, 242
30715.87, 241
30726.22, 240
30737.18, 239
30748.23, 238
30767.44, 237
30782.54, 236
30795.91, 235
30809.09, 234
30818.62, 233
30840.86, 232
30851.1, 231
30866.72, 230
30888.27, 229
30911.94, 228
30924.15, 227
30936.14, 226
30951.91, 225
30966.95, 224
30979.84, 223
31009.6, 222
31025.18, 221
31040.45, 220
31058.29, 219
31068.07, 218
31082.94, 217
31102.4, 216
31118.31, 215
31133.61, 214
31146.49, 213
31157.8, 212
31170.82, 211
31184.84, 210
31196.48, 209
31207.88, 208
31218.94, 207
31230.65, 206
31246.09, 205
31255.94, 204
31267.5, 203
31282.08, 202
31291.64, 201
31302.74, 200
31319.87, 199
31331.37, 198
31343.9, 197
31358.43, 196
31379.89, 195
31403.48, 194
31417.72, 193
31433.0, 192
31446.55, 191
31461.33, 190
31489.45, 189
31507.23, 188
31519.91, 187
31532.3, 186
31549.93, 185
31567.14, 184
31584.81, 183
31600.26, 182
31617.15, 181
31647.77, 180
31667.55, 179
31681.23, 178
31699.65, 177
31722.92, 176
31733.09, 175
31741.36, 174
31762.65, 173
31774.93, 172
31797.96, 171
31808.46, 170
31824.88, 169
31834.33, 168
31848.56, 167
31860.35, 166
31871.79, 165
31883.91, 164
31897.88, 163
31923.23, 162
31939.18, 161
31953.54, 160
31966.79, 159
31992.37, 158
32024.87, 157
32039.79, 156
32062.86, 155
32074.52, 154
32094.98, 153
32107.38, 152
32155.21, 151
32165.87, 150
32176.84, 149
32189.86, 148
32200.64, 147
32211.57, 146
32226.05, 145
32242.32, 144
32257.59, 143
32269.56, 142
32294.18, 141
32314.86, 140
32329.49, 139
32340.86, 138
32363.29, 137
32374.65, 136
32385.49, 135
32408.07, 134
32431.08, 133
32451.5, 132
32467.98, 131
32483.48, 130
32494.03, 129
32507.12, 128
32525.55, 127
32540.61, 126
32551.2, 125
32574.45, 124
32589.85, 123
32601.07, 122
32619.73, 121
32649.44, 120
32674.73, 119
32684.84, 118
32700.92, 117
32726.95, 116
32749.75, 115
32764.54, 114
32778.54, 113
32790.88, 112
32829.93, 111
32841.6, 110
32856.59, 109
32872.78, 108
32884.34, 107
32901.47, 106
32934.87, 105
32942.52, 104
32959.55, 103
32983.88, 102
33014.38, 101
33032.08, 100
33056.92, 99
33081.55, 98
33106.87, 97
33113.52, 96
33127.55, 95
33142.86, 94
33158.1, 93
33175.74, 92
33199.3, 91
33213.06, 90
33225.48, 89
33239.84, 88
33258.2, 87
33277.54, 86
33314.3, 85
33332.89, 84
33349.47, 83
33365.9, 82
33379.35, 81
33410.52, 80
33424.35, 79
33450.68, 78
33467.5, 77
33492.38, 76
33496.26, 75
33509.68, 74
33525.09, 73
33541.41, 72
33584.35, 71
33602.2, 70
33624.44, 69
33647.18, 68
33674.86, 67
33692.03, 66
33713.66, 65
33733.49, 64
33748.84, 63
33760.06, 62
33777.28, 61
33794.23, 60
33808.58, 59
33823.15, 58
33836.1, 57
33849.83, 56
33867.83, 55
33883.33, 54
33906.44, 53
33920.24, 52
33937.55, 51
33958.55, 50
33971.47, 49
33991.77, 48
34007.19, 47
34024.66, 46
34046.08, 45
34075.0, 44
34087.08, 43
34109.04, 42
34135.33, 41
34158.73, 40
34174.46, 39
34205.22, 38
34217.75, 37
34233.22, 36
34250.82, 35
34265.5, 34
34293.63, 33
34326.13, 32
34341.01, 31
34357.61, 30
34393.62, 29
34410.55, 28
34432.33, 27
34443.77, 26
34458.96, 25
34474.75, 24
34492.05, 23
34518.85, 22
34533.67, 21
34552.44, 20
34582.46, 19
34609.19, 18
34633.36, 17
34651.16, 16
34671.92, 15
34686.8, 14
34705.6, 13
34739.32, 12
34761.37, 11
34777.44, 10
34802.06, 9
34827.04, 8
34908.93, 7
34909.71, 6
34910.49, 5
34911.26, 4
34936.37, 3
34973.52, 2
34995.53, 1
35038.21, 0
