2284.17, 3746
2291.34, 3745
2292.06, 3744
2292.85, 3723
2293.63, 3722
2294.44, 3721
2299.49, 3720
2303.39, 3699
2307.18, 3698
2309.89, 3697
2310.44, 3696
2311.65, 3695
2320.09, 3694
2320.2, 3693
2349.84, 3680
2354.17, 3679
2358.68, 3678
2361.25, 3677
2362.85, 3676
2363.09, 3675
2392.39, 3674
2418.12, 3673
2423.49, 3660
2424.26, 3659
2425.05, 3658
2425.82, 3657
2426.61, 3656
2432.42, 3655
2436.89, 3654
2437.81, 3612
2438.68, 3611
2439.47, 3610
2440.29, 3591
2443.94, 3590
2447.08, 3589
2450.52, 3588
2455.7, 3587
2458.54, 3569
2458.58, 3568
2458.59, 3567
2458.98, 3566
2459.73, 3565
2465.21, 3564
2469.03, 3563
2471.48, 3562
2474.9, 3561
2476.34, 3552
2476.59, 3551
2477.41, 3550
2478.23, 3549
2484.58, 3548
2488.36, 3547
2493.29, 3546
2496.2, 3545
2497.06, 3544
2497.89, 3543
2498.68, 3534
2499.47, 3533
2500.28, 3532
2501.62, 3531
2501.82, 3530
2507.15, 3529
2510.09, 3528
2514.35, 3527
2515.06, 3526
2515.96, 3525
2516.77, 3524
2628.3, 3518
2629.14, 3517
2629.96, 3516
2637.21, 3515
2641.79, 3514
2644.95, 3513
2647.33, 3512
2725.89, 3511
2726.66, 3510
2727.45, 3509
2728.23, 3508
2729.07, 3507
2729.85, 3506
2730.66, 3505
2799.46, 3501
2822.02, 3500
2826.22, 3499
2837.0, 3498
2845.27, 3497
2846.23, 3496
2849.19, 3495
2860.31, 3494
2864.38, 3493
2865.22, 3492
2866.0, 3491
2866.78, 3490
2867.57, 3489
2868.62, 3488
2869.29, 3487
2888.66, 3486
2903.31, 3485
2912.83, 3484
2922.37, 3483
2931.78, 3482
2941.36, 3481
2951.27, 3480
2960.13, 3479
2969.9, 3478
2979.42, 3477
2989.27, 3476
2998.23, 3475
3008.12, 3474
3029.84, 3473
3053.37, 3472
3054.14, 3471
3054.91, 3470
3055.69, 3469
3056.51, 3468
3057.28, 3467
3058.06, 3466
3076.05, 3465
3083.41, 3464
3087.7, 3463
3092.19, 3462
3093.53, 3461
3093.79, 3460
3094.58, 3459
3095.35, 3458
3096.12, 3457
3096.9, 3456
3097.68, 3455
3107.58, 3454
3110.3, 3453
3112.22, 3452
3112.79, 3451
3113.62, 3450
3114.48, 3449
3115.25, 3448
3115.94, 3447
3127.08, 3446
3131.1, 3445
3136.84, 3444
3167.45, 3443
3170.41, 3442
3170.5, 3441
3170.52, 3440
3170.56, 3439
3229.7, 3438
3272.4, 3437
3277.55, 3436
3282.24, 3435
3282.28, 3434
3282.29, 3433
3282.29, 3432
3304.87, 3431
3327.69, 3430
3354.87, 3429
3358.56, 3428
3361.98, 3427
3366.76, 3426
3373.68, 3425
3383.08, 3424
3392.51, 3423
3401.99, 3422
3411.68, 3421
3421.13, 3420
3453.22, 3419
3453.59, 3418
3454.39, 3417
3455.18, 3416
3455.97, 3415
3456.79, 3414
3457.61, 3413
3490.72, 3412
3497.36, 3411
3505.97, 3410
3506.72, 3409
3507.5, 3408
3508.33, 3407
3509.09, 3406
3510.16, 3405
3510.71, 3404
3526.4, 3403
3529.98, 3402
3534.13, 3401
3538.33, 3400
3539.12, 3399
3539.89, 3398
3540.7, 3397
3542.36, 3396
3542.45, 3395
3543.12, 3394
3543.89, 3393
3544.89, 3392
3576.71, 3391
3579.73, 3390
3579.76, 3389
3579.76, 3388
3579.98, 3387
3581.85, 3386
3581.94, 3385
3603.9, 3384
3611.67, 3383
3620.24, 3382
3623.33, 3381
3624.27, 3380
3624.95, 3379
3663.46, 3378
3733.76, 3377
3745.74, 3376
3750.75, 3375
3758.73, 3374
3759.54, 3373
3760.34, 3372
3761.45, 3371
3762.66, 3370
3762.72, 3369
3763.52, 3368
3774.32, 3367
3774.39, 3366
3776.59, 3365
3782.65, 3364
3783.52, 3363
3784.31, 3362
3785.56, 3361
3785.89, 3360
3819.91, 3359
3851.56, 3358
3853.05, 3357
3854.2, 3356
3863.02, 3355
3868.83, 3354
3869.9, 3353
3870.46, 3352
3891.85, 3351
3909.08, 3350
3927.24, 3349
3932.11, 3348
3980.87, 3347
3991.26, 3346
3992.11, 3345
3992.91, 3344
3993.72, 3343
3994.72, 3342
3995.31, 3341
4004.46, 3340
4008.29, 3339
4011.92, 3338
4018.13, 3337
4019.01, 3336
4020.13, 3335
4020.53, 3334
4021.3, 3333
4022.35, 3332
4034.39, 3331
4054.32, 3330
4070.65, 3329
4076.8, 3328
4079.98, 3327
4084.31, 3326
4087.75, 3325
4087.77, 3324
4087.78, 3323
4087.79, 3322
4088.27, 3321
4089.01, 3320
4093.36, 3319
4096.99, 3318
4099.95, 3317
4100.72, 3316
4101.49, 3315
4105.28, 3314
4108.95, 3313
4112.88, 3312
4121.58, 3311
4122.67, 3310
4123.17, 3309
4123.97, 3308
4124.8, 3307
4125.6, 3306
4126.82, 3305
4127.18, 3304
4131.85, 3303
4140.27, 3302
4145.46, 3301
4148.15, 3300
4148.85, 3299
4149.81, 3298
4150.39, 3297
4151.35, 3296
4151.97, 3295
4153.13, 3294
4153.57, 3293
4170.98, 3292
4171.09, 3291
4171.22, 3290
4171.26, 3289
4171.9, 3288
4173.33, 3287
4173.61, 3286
4174.25, 3285
4175.03, 3284
4180.12, 3283
4181.4, 3282
4192.82, 3281
4192.86, 3280
4192.88, 3279
4196.62, 3278
4196.66, 3277
4197.02, 3276
4197.86, 3275
4218.89, 3274
4219.0, 3273
4219.21, 3272
4219.23, 3271
4219.25, 3270
4220.79, 3269
4220.82, 3268
4238.35, 3267
4238.44, 3266
4413.16, 3265
4416.67, 3264
4421.04, 3263
4425.47, 3262
4426.33, 3261
4427.07, 3260
4427.88, 3259
4428.64, 3258
4429.41, 3257
4430.2, 3256
4437.4, 3255
4441.94, 3254
4446.8, 3253
4447.63, 3252
4448.48, 3251
4449.33, 3250
4450.01, 3249
4459.76, 3248
4466.87, 3247
4471.41, 3246
4479.91, 3245
4480.01, 3244
4483.62, 3243
4484.06, 3242
4566.09, 3241
4592.12, 3240
4595.53, 3239
4599.42, 3238
4604.25, 3237
4607.58, 3236
4617.18, 3235
4626.68, 3234
4636.18, 3233
4645.61, 3232
4655.05, 3231
4664.95, 3230
4674.33, 3229
4704.8, 3228
4713.56, 3227
4719.51, 3226
4728.09, 3225
4728.84, 3224
4729.63, 3223
4730.58, 3222
4811.5, 3221
4816.35, 3220
4826.86, 3219
4835.67, 3218
4845.12, 3217
4854.59, 3216
4864.79, 3215
4873.42, 3214
4882.99, 3213
4892.69, 3212
4902.05, 3211
4911.51, 3210
4921.22, 3209
4930.73, 3208
4940.04, 3207
4949.38, 3206
4959.13, 3205
4968.57, 3204
4978.19, 3203
5025.85, 3202
5035.66, 3201
5045.07, 3200
5054.44, 3199
5063.96, 3198
5073.19, 3197
5082.73, 3196
5091.99, 3195
5102.74, 3194
5111.1, 3193
5120.51, 3192
5129.72, 3191
5253.39, 3190
5269.75, 3189
5311.9, 3188
5353.61, 3187
5354.24, 3186
5355.33, 3185
5363.65, 3184
5364.35, 3183
5364.38, 3182
5364.39, 3181
5364.4, 3180
5365.19, 3179
5365.84, 3178
5378.35, 3177
5379.12, 3176
5379.96, 3175
5380.81, 3174
5381.62, 3173
5386.61, 3172
5387.42, 3171
5388.24, 3170
5392.91, 3169
5395.9, 3168
5399.79, 3167
5403.88, 3166
5413.34, 3165
5422.72, 3164
5483.15, 3163
5507.22, 3162
5517.57, 3161
5521.15, 3160
5521.99, 3159
5522.78, 3158
5559.24, 3157
5591.61, 3156
5600.46, 3155
5604.9, 3154
5608.38, 3153
5635.15, 3152
5635.65, 3151
5645.53, 3150
5659.06, 3149
5659.17, 3148
5659.19, 3147
5662.76, 3146
5671.96, 3145
5681.82, 3144
5690.9, 3143
5700.35, 3142
5710.19, 3141
5719.82, 3140
5729.05, 3139
5763.61, 3138
5833.45, 3137
5863.63, 3136
5865.26, 3135
5866.02, 3134
5866.81, 3133
5868.81, 3132
5868.91, 3131
5910.31, 3130
5949.93, 3129
5967.46, 3128
5976.91, 3127
5986.46, 3126
5995.85, 3125
6022.81, 3124
6023.56, 3123
6024.45, 3122
6025.22, 3121
6025.9, 3120
6062.03, 3119
6071.09, 3118
6071.47, 3117
6086.08, 3116
6091.21, 3115
6092.15, 3114
6098.06, 3113
6107.61, 3112
6117.09, 3111
6126.56, 3110
6136.15, 3109
6145.53, 3108
6159.73, 3107
6160.46, 3106
6161.26, 3105
6162.04, 3104
6162.82, 3103
6163.6, 3102
6164.41, 3101
6188.97, 3100
6213.93, 3099
6216.23, 3098
6219.01, 3097
6224.1, 3096
6228.4, 3095
6229.2, 3094
6237.02, 3093
6239.23, 3092
6246.56, 3091
6250.23, 3090
6251.01, 3089
6258.99, 3088
6262.94, 3087
6280.11, 3086
6283.1, 3085
6292.85, 3084
6302.5, 3083
6311.76, 3082
6331.65, 3081
6337.46, 3080
6355.21, 3079
6357.03, 3078
6357.68, 3077
6360.13, 3076
6360.15, 3075
6360.16, 3074
6394.26, 3073
6404.79, 3072
6410.27, 3071
6411.64, 3070
6412.43, 3069
6413.24, 3068
6414.04, 3067
6461.98, 3066
6466.41, 3065
6470.86, 3064
6474.49, 3063
6475.14, 3062
6475.95, 3061
6476.96, 3060
6477.59, 3059
6484.35, 3058
6492.36, 3057
6498.83, 3056
6499.66, 3055
6513.3, 3054
6533.64, 3053
6537.38, 3052
6540.84, 3051
6544.84, 3050
6545.5, 3049
6553.27, 3048
6558.87, 3047
6562.86, 3046
6570.9, 3045
6571.41, 3044
6572.28, 3043
6573.02, 3042
6573.83, 3041
6574.64, 3040
6585.51, 3039
6635.5, 3038
6647.23, 3037
6659.05, 3036
6670.11, 3035
6670.94, 3034
6671.75, 3033
6673.3, 3032
6673.39, 3031
6674.23, 3030
6679.43, 3029
6730.0, 3028
6747.63, 3027
6756.75, 3026
6761.16, 3025
6770.04, 3024
6774.83, 3023
6775.62, 3022
6778.23, 3021
6787.31, 3020
6797.21, 3019
6821.43, 3018
6823.14, 3017
6886.43, 3016
6890.84, 3015
6897.49, 3014
6902.1, 3013
6903.09, 3012
6903.7, 3011
6904.49, 3010
6905.28, 3009
6906.05, 3008
6926.68, 3007
6927.52, 3006
6928.35, 3005
6929.25, 3004
6929.98, 3003
6930.79, 3002
6937.34, 3001
6946.65, 3000
6987.71, 2999
6993.15, 2998
6996.35, 2997
7001.96, 2996
7002.08, 2995
7002.85, 2994
7003.63, 2993
7004.42, 2992
7093.98, 2991
7106.25, 2990
7115.12, 2989
7119.62, 2988
7121.95, 2987
7215.12, 2986
7232.38, 2985
7232.64, 2984
7235.37, 2983
7240.27, 2982
7246.22, 2981
7249.7, 2980
7254.6, 2979
7255.66, 2978
7256.46, 2977
7257.0, 2976
7257.86, 2975
7258.51, 2974
7263.24, 2973
7264.51, 2972
7288.02, 2971
7359.2, 2970
7365.46, 2969
7366.29, 2968
7376.03, 2967
7379.07, 2966
7382.68, 2965
7385.88, 2964
7387.13, 2963
7387.56, 2962
7388.36, 2961
7393.02, 2960
7396.33, 2959
7400.0, 2958
7404.58, 2957
7406.6, 2956
7406.67, 2955
7407.09, 2954
7444.96, 2953
7450.07, 2952
7452.55, 2951
7453.07, 2950
7453.12, 2949
7510.46, 2948
7605.23, 2947
7613.57, 2946
7621.66, 2945
7625.11, 2944
7627.86, 2943
7630.76, 2942
7631.76, 2941
7632.4, 2940
7708.84, 2939
7723.37, 2938
7725.34, 2937
7726.15, 2936
7726.94, 2935
7727.8, 2934
7728.51, 2933
7735.41, 2932
7744.89, 2931
7754.28, 2930
7763.69, 2929
7773.25, 2928
7782.66, 2927
7792.77, 2926
7895.39, 2925
7896.89, 2924
7896.92, 2923
7897.71, 2922
7898.4, 2921
7899.27, 2920
7899.87, 2919
7905.05, 2918
7908.47, 2917
7911.9, 2916
7920.92, 2915
7921.95, 2914
7922.66, 2913
7923.31, 2912
7924.09, 2911
8010.44, 2910
8051.96, 2909
8056.11, 2908
8063.02, 2907
8069.9, 2906
8070.54, 2905
8071.34, 2904
8072.23, 2903
8072.91, 2902
8073.7, 2901
8081.77, 2900
8086.78, 2899
8088.98, 2898
8091.96, 2897
8092.85, 2896
8094.5, 2895
8095.31, 2894
8103.28, 2893
8103.39, 2892
8103.74, 2891
8111.22, 2890
8115.62, 2889
8116.29, 2888
8133.68, 2887
8135.17, 2886
8135.33, 2885
8136.25, 2884
8136.94, 2883
8137.77, 2882
8185.92, 2881
8225.78, 2880
8233.17, 2879
8233.28, 2878
8235.4, 2877
8235.49, 2876
8240.18, 2875
8244.8, 2874
8249.37, 2873
8255.51, 2872
8259.62, 2871
8260.43, 2870
8261.2, 2869
8261.98, 2868
8268.27, 2867
8269.22, 2866
8269.95, 2865
8283.03, 2864
8307.19, 2863
8310.26, 2862
8313.42, 2861
8316.26, 2860
8317.08, 2859
8318.49, 2858
8321.08, 2857
8321.1, 2856
8326.06, 2855
8370.73, 2854
8400.47, 2853
8405.1, 2852
8408.67, 2851
8411.01, 2850
8411.85, 2849
8412.67, 2848
8413.48, 2847
8424.1, 2846
8426.99, 2845
8430.5, 2844
8436.49, 2843
8437.2, 2842
8438.01, 2841
8439.13, 2840
8440.11, 2839
8440.42, 2838
8441.63, 2837
8442.01, 2836
8448.22, 2835
8454.15, 2834
8458.03, 2833
8460.93, 2832
8466.93, 2831
8468.63, 2830
8469.53, 2829
8494.19, 2828
8528.78, 2827
8530.16, 2826
8596.64, 2825
8701.78, 2824
8708.38, 2823
8721.75, 2822
8730.22, 2821
8739.87, 2820
8751.52, 2819
8759.07, 2818
8770.52, 2817
8779.94, 2816
8783.61, 2815
8786.62, 2814
8787.29, 2813
8788.11, 2812
8792.42, 2811
8795.48, 2810
8798.5, 2809
8803.08, 2808
8803.93, 2807
8804.77, 2806
8815.35, 2805
8816.05, 2804
8820.04, 2803
8871.85, 2802
8876.28, 2801
8879.97, 2800
8885.08, 2799
8885.86, 2798
8886.69, 2797
8887.47, 2796
8894.09, 2795
8902.19, 2794
8906.7, 2793
8909.01, 2792
8911.91, 2791
8912.85, 2790
8913.56, 2789
8928.86, 2788
8933.58, 2787
8937.84, 2786
8941.97, 2785
8942.78, 2784
8943.56, 2783
8944.42, 2782
8959.38, 2781
8974.87, 2780
8987.55, 2779
8993.17, 2778
9043.07, 2777
9045.92, 2776
9049.86, 2775
9055.02, 2774
9055.87, 2773
9056.68, 2772
9057.47, 2771
9058.31, 2770
9059.12, 2769
9059.91, 2768
9071.79, 2767
9086.62, 2766
9090.01, 2765
9093.11, 2764
9100.68, 2763
9101.46, 2762
9102.28, 2761
9103.23, 2760
9103.84, 2759
9104.76, 2758
9110.35, 2757
9113.03, 2756
9115.91, 2755
9116.74, 2754
9119.69, 2753
9122.73, 2752
9133.36, 2751
9136.67, 2750
9139.87, 2749
9142.84, 2748
9143.56, 2747
9144.76, 2746
9157.1, 2745
9157.24, 2744
9165.14, 2743
9165.35, 2742
9165.38, 2741
9166.25, 2740
9166.49, 2739
9167.32, 2738
9168.67, 2737
9175.08, 2736
9175.9, 2735
9179.72, 2734
9183.02, 2733
9183.99, 2732
9184.77, 2731
9185.63, 2730
9192.4, 2729
9195.46, 2728
9196.25, 2727
9197.2, 2726
9207.54, 2725
9218.76, 2724
9219.0, 2723
9223.2, 2722
9227.87, 2721
9228.69, 2720
9229.48, 2719
9230.25, 2718
9231.17, 2717
9231.82, 2716
9277.73, 2715
9287.77, 2714
9291.19, 2713
9295.24, 2712
9307.79, 2711
9308.46, 2710
9309.26, 2709
9310.1, 2708
9310.89, 2707
9311.7, 2706
9312.5, 2705
9330.09, 2704
9370.67, 2703
9374.76, 2702
9378.04, 2701
9381.18, 2700
9382.05, 2699
9382.88, 2698
9387.06, 2697
9397.76, 2696
9402.62, 2695
9405.87, 2694
9407.37, 2693
9408.16, 2692
9441.42, 2691
9452.5, 2690
9461.79, 2689
9465.79, 2688
9470.44, 2687
9473.28, 2686
9488.33, 2685
9521.7, 2684
9522.46, 2683
9522.49, 2682
9522.5, 2681
9522.5, 2680
9553.27, 2679
9553.32, 2678
9553.34, 2677
9553.35, 2676
9582.93, 2675
9583.03, 2674
9583.04, 2673
9612.36, 2672
9612.42, 2671
9654.17, 2670
9657.6, 2669
9660.4, 2668
9664.39, 2667
9674.34, 2666
9683.67, 2665
9693.12, 2664
9702.59, 2663
9712.05, 2662
9721.43, 2661
9731.73, 2660
9740.67, 2659
9797.67, 2658
9805.64, 2657
9828.13, 2656
9837.88, 2655
9838.93, 2654
9839.46, 2653
9840.25, 2652
9846.47, 2651
9846.53, 2650
9846.54, 2649
9872.26, 2648
9872.98, 2647
9873.96, 2646
9874.56, 2645
9875.34, 2644
9876.14, 2643
9876.91, 2642
9881.47, 2641
9888.31, 2640
9896.9, 2639
9903.27, 2638
9903.68, 2637
9904.47, 2636
9905.25, 2635
9906.68, 2634
9906.93, 2633
9907.59, 2632
9920.62, 2631
9920.71, 2630
9920.73, 2629
9936.01, 2628
9936.06, 2627
9936.08, 2626
9936.09, 2625
9936.11, 2624
9974.93, 2623
10003.73, 2622
10007.87, 2621
10021.33, 2620
10022.27, 2619
10023.16, 2618
10023.77, 2617
10024.59, 2616
10025.35, 2615
10026.76, 2614
10056.44, 2613
10073.7, 2612
10079.43, 2611
10084.03, 2610
10084.83, 2609
10085.6, 2608
10086.82, 2607
10087.27, 2606
10093.21, 2605
10098.77, 2604
10103.85, 2603
10107.18, 2602
10110.52, 2601
10123.31, 2600
10123.56, 2599
10137.59, 2598
10138.35, 2597
10139.12, 2596
10139.92, 2595
10140.68, 2594
10141.46, 2593
10142.24, 2592
10146.59, 2591
10160.5, 2590
10169.24, 2589
10174.58, 2588
10177.54, 2587
10178.31, 2586
10179.09, 2585
10180.12, 2584
10180.67, 2583
10181.48, 2582
10182.18, 2581
10212.53, 2580
10225.42, 2579
10253.27, 2578
10262.32, 2577
10263.06, 2576
10263.9, 2575
10264.69, 2574
10265.58, 2573
10266.25, 2572
10267.03, 2571
10291.42, 2570
10302.04, 2569
10303.04, 2568
10303.35, 2567
10305.15, 2566
10305.22, 2565
10306.81, 2564
10307.01, 2563
10330.19, 2562
10331.01, 2561
10331.98, 2560
10337.09, 2559
10343.24, 2558
10346.31, 2557
10352.27, 2556
10356.66, 2555
10360.15, 2554
10362.81, 2553
10375.0, 2552
10378.8, 2551
10383.42, 2550
10389.77, 2549
10392.57, 2548
10392.59, 2547
10392.6, 2546
10392.61, 2545
10403.74, 2544
10408.23, 2543
10413.0, 2542
10419.22, 2541
10419.88, 2540
10420.68, 2539
10421.79, 2538
10433.62, 2537
10439.08, 2536
10446.13, 2535
10449.16, 2534
10450.24, 2533
10451.0, 2532
10451.81, 2531
10463.52, 2530
10465.82, 2529
10492.97, 2528
10528.68, 2527
10555.54, 2526
10575.27, 2525
10576.11, 2524
10578.8, 2523
10578.89, 2522
10578.9, 2521
10579.26, 2520
10580.06, 2519
10592.7, 2518
10598.63, 2517
10614.82, 2516
10621.64, 2515
10626.95, 2514
10641.57, 2513
10642.36, 2512
10643.14, 2511
10644.01, 2510
10644.69, 2509
10645.46, 2508
10659.37, 2507
10678.79, 2506
10682.67, 2505
10691.14, 2504
10691.92, 2503
10693.45, 2502
10693.53, 2501
10694.24, 2500
10695.01, 2499
10695.78, 2498
10700.62, 2497
10705.55, 2496
10710.28, 2495
10719.51, 2494
10723.02, 2493
10723.05, 2492
10723.06, 2491
10723.06, 2490
10723.62, 2489
10738.44, 2488
10739.08, 2487
10742.11, 2486
10749.27, 2485
10758.44, 2484
10762.05, 2483
10774.12, 2482
10774.23, 2481
10774.25, 2480
10774.48, 2479
10795.1, 2478
10803.33, 2477
10808.35, 2476
10811.53, 2475
10812.04, 2474
10812.83, 2473
10813.82, 2472
10814.41, 2471
10815.19, 2470
10829.73, 2469
10832.35, 2468
10832.98, 2467
10842.45, 2466
10854.78, 2465
10857.33, 2464
10858.01, 2463
10858.81, 2462
10860.15, 2461
10896.7, 2460
10926.02, 2459
10942.57, 2458
10948.76, 2457
10949.66, 2456
10950.28, 2455
10952.27, 2454
10952.4, 2453
10952.65, 2452
10961.6, 2451
10971.8, 2450
10980.57, 2449
10990.96, 2448
10991.76, 2447
10992.55, 2446
10993.61, 2445
10994.15, 2444
10995.01, 2443
10995.69, 2442
11008.33, 2441
11012.51, 2440
11017.07, 2439
11024.58, 2438
11034.05, 2437
11043.45, 2436
11053.43, 2435
11062.23, 2434
11072.75, 2433
11081.74, 2432
11090.89, 2431
11100.33, 2430
11109.78, 2429
11119.32, 2428
11133.35, 2427
11141.63, 2426
11161.46, 2425
11192.49, 2424
11193.32, 2423
11195.33, 2422
11195.36, 2421
11195.65, 2420
11196.49, 2419
11199.16, 2418
11219.58, 2417
11224.29, 2416
11227.66, 2415
11245.91, 2414
11246.8, 2413
11247.56, 2412
11248.35, 2411
11249.08, 2410
11250.0, 2409
11250.73, 2408
11291.85, 2407
11303.68, 2406
11311.17, 2405
11311.97, 2404
11312.74, 2403
11313.54, 2402
11315.03, 2401
11315.18, 2400
11315.97, 2399
11342.94, 2398
11360.09, 2397
11370.7, 2396
11383.52, 2395
11383.61, 2394
11384.34, 2393
11385.37, 2392
11385.76, 2391
11386.61, 2390
11387.35, 2389
11402.71, 2388
11405.67, 2387
11408.83, 2386
11412.45, 2385
11413.42, 2384
11414.06, 2383
11414.85, 2382
11415.69, 2381
11435.51, 2380
11435.79, 2379
11435.81, 2378
11436.25, 2377
11436.96, 2376
11437.75, 2375
11438.54, 2374
11463.05, 2373
11466.89, 2372
11475.79, 2371
11479.57, 2370
11480.1, 2369
11481.01, 2368
11481.8, 2367
11482.62, 2366
11483.43, 2365
11494.2, 2364
11500.68, 2363
11508.36, 2362
11509.18, 2361
11525.76, 2360
11530.15, 2359
11539.24, 2358
11548.91, 2357
11549.59, 2356
11550.36, 2355
11552.18, 2354
11552.28, 2353
11552.67, 2352
11553.47, 2351
11592.25, 2350
11597.89, 2349
11603.84, 2348
11613.01, 2347
11613.06, 2346
11613.07, 2345
11613.48, 2344
11615.39, 2343
11629.25, 2342
11633.71, 2341
11638.47, 2340
11647.7, 2339
11647.89, 2338
11648.75, 2337
11649.67, 2336
11650.29, 2335
11652.12, 2334
11657.55, 2333
11660.59, 2332
11663.59, 2331
11686.85, 2330
11690.7, 2329
11695.37, 2328
11709.26, 2327
11710.08, 2326
11710.12, 2325
11710.41, 2324
11713.03, 2323
11730.32, 2322
11730.65, 2321
11730.67, 2320
11731.96, 2319
11732.81, 2318
11734.04, 2317
11779.26, 2316
11786.15, 2315
11790.62, 2314
11795.55, 2313
11796.28, 2312
11797.14, 2311
11798.68, 2310
11799.84, 2309
11821.8, 2308
11821.9, 2307
11821.93, 2306
11822.3, 2305
11823.46, 2304
11825.1, 2303
11848.74, 2302
11858.59, 2301
11874.62, 2300
11880.57, 2299
11881.24, 2298
11882.04, 2297
11882.87, 2296
11883.69, 2295
11885.38, 2294
11905.21, 2293
11913.5, 2292
11919.4, 2291
11928.66, 2290
11934.94, 2289
11935.58, 2288
11936.74, 2287
11937.18, 2286
11938.01, 2285
11938.95, 2284
11939.55, 2283
11940.35, 2282
11961.24, 2281
11961.28, 2280
11961.3, 2279
11969.07, 2278
11969.12, 2277
11969.13, 2276
11969.15, 2275
11970.93, 2274
11992.83, 2273
11993.64, 2272
11994.58, 2271
11995.61, 2270
11997.17, 2269
11997.25, 2268
12018.91, 2267
12040.47, 2266
12046.51, 2265
12067.65, 2264
12068.75, 2263
12069.41, 2262
12070.13, 2261
12071.39, 2260
12071.62, 2259
12072.4, 2258
12089.55, 2257
12093.32, 2256
12105.56, 2255
12110.38, 2254
12111.4, 2253
12111.98, 2252
12112.75, 2251
12113.8, 2250
12127.59, 2249
12131.68, 2248
12143.19, 2247
12146.64, 2246
12148.34, 2245
12149.18, 2244
12149.99, 2243
12152.14, 2242
12152.25, 2241
12152.53, 2240
12158.27, 2239
12162.19, 2238
12168.74, 2237
12175.03, 2236
12185.58, 2235
12185.69, 2234
12194.74, 2233
12203.62, 2232
12213.04, 2231
12222.39, 2230
12231.76, 2229
12241.51, 2228
12250.89, 2227
12260.29, 2226
12269.78, 2225
12290.54, 2224
12293.73, 2223
12309.35, 2222
12314.29, 2221
12314.76, 2220
12315.7, 2219
12316.33, 2218
12319.93, 2217
12320.03, 2216
12382.33, 2215
12404.68, 2214
12413.44, 2213
12420.24, 2212
12420.59, 2211
12421.37, 2210
12422.21, 2209
12423.2, 2208
12423.89, 2207
12424.49, 2206
12453.9, 2205
12458.94, 2204
12464.33, 2203
12489.52, 2202
12491.3, 2201
12491.32, 2200
12492.01, 2199
12493.35, 2198
12493.58, 2197
12494.54, 2196
12507.42, 2195
12521.61, 2194
12529.28, 2193
12547.18, 2192
12547.79, 2191
12548.65, 2190
12549.35, 2189
12550.13, 2188
12551.05, 2187
12551.67, 2186
12563.89, 2185
12569.13, 2184
12587.3, 2183
12591.92, 2182
12592.77, 2181
12593.62, 2180
12594.55, 2179
12595.29, 2178
12596.12, 2177
12598.15, 2176
12598.22, 2175
12619.16, 2174
12619.9, 2173
12620.67, 2172
12621.44, 2171
12622.26, 2170
12623.38, 2169
12623.76, 2168
12650.99, 2167
12661.28, 2166
12665.03, 2165
12676.68, 2164
12677.12, 2163
12678.2, 2162
12678.83, 2161
12679.67, 2160
12680.46, 2159
12681.64, 2158
12727.78, 2157
12738.86, 2156
12749.91, 2155
12760.39, 2154
12761.3, 2153
12762.44, 2152
12762.84, 2151
12763.55, 2150
12764.35, 2149
12765.24, 2148
12779.1, 2147
12786.68, 2146
12791.09, 2145
12793.6, 2144
12794.67, 2143
12795.44, 2142
12796.33, 2141
12811.97, 2140
12823.62, 2139
12837.54, 2138
12853.41, 2137
12854.22, 2136
12855.03, 2135
12855.86, 2134
12856.63, 2133
12857.41, 2132
12858.2, 2131
12881.49, 2130
12886.96, 2129
12891.35, 2128
12900.07, 2127
12900.89, 2126
12901.95, 2125
12902.45, 2124
12903.55, 2123
12904.02, 2122
12904.84, 2121
12916.49, 2120
12921.29, 2119
12925.74, 2118
12929.43, 2117
12930.47, 2116
12931.11, 2115
12992.41, 2114
12996.53, 2113
12999.7, 2112
13000.62, 2111
13001.35, 2110
13002.19, 2109
13003.27, 2108
13003.81, 2107
13004.68, 2106
13011.68, 2105
13016.62, 2104
13022.14, 2103
13025.09, 2102
13026.0, 2101
13026.75, 2100
13036.83, 2099
13040.24, 2098
13122.29, 2097
13123.3, 2096
13123.88, 2095
13124.65, 2094
13125.42, 2093
13126.26, 2092
13126.95, 2091
13199.55, 2090
13204.61, 2089
13208.72, 2088
13215.36, 2087
13215.69, 2086
13216.46, 2085
13217.26, 2084
13218.64, 2083
13225.82, 2082
13229.58, 2081
13234.04, 2080
13244.15, 2079
13247.77, 2078
13248.5, 2077
13249.28, 2076
13250.06, 2075
13250.92, 2074
13262.98, 2073
13277.02, 2072
13286.54, 2071
13295.26, 2070
13296.05, 2069
13296.83, 2068
13298.52, 2067
13298.59, 2066
13299.16, 2065
13299.96, 2064
13311.71, 2063
13314.96, 2062
13323.27, 2061
13330.48, 2060
13331.26, 2059
13332.04, 2058
13332.82, 2057
13333.63, 2056
13339.28, 2055
13342.4, 2054
13346.31, 2053
13349.86, 2052
13350.82, 2051
13358.28, 2050
13361.4, 2049
13365.31, 2048
13370.69, 2047
13371.52, 2046
13372.36, 2045
13379.97, 2044
13390.52, 2043
13394.32, 2042
13397.14, 2041
13397.88, 2040
13398.69, 2039
13399.51, 2038
13400.35, 2037
13406.35, 2036
13409.52, 2035
13415.13, 2034
13425.3, 2033
13426.14, 2032
13432.4, 2031
13437.56, 2030
13441.43, 2029
13447.1, 2028
13456.84, 2027
13466.24, 2026
13475.67, 2025
13485.28, 2024
13495.51, 2023
13504.07, 2022
13513.45, 2021
13523.45, 2020
13532.06, 2019
13544.14, 2018
13564.39, 2017
13567.35, 2016
13568.81, 2015
13569.46, 2014
13570.11, 2013
13570.49, 2012
13571.29, 2011
13572.16, 2010
13600.65, 2009
13618.69, 2008
13630.11, 2007
13645.39, 2006
13646.17, 2005
13647.13, 2004
13647.73, 2003
13648.82, 2002
13650.12, 2001
13650.17, 2000
13666.93, 1999
13670.99, 1998
13679.15, 1997
13682.77, 1996
13683.46, 1995
13688.22, 1994
13693.51, 1993
13710.96, 1992
13726.96, 1991
13742.39, 1990
13753.29, 1989
13759.12, 1988
13764.1, 1987
13765.15, 1986
13765.8, 1985
13766.42, 1984
13768.92, 1983
13769.15, 1982
13770.02, 1981
13794.6, 1980
13794.84, 1979
13794.88, 1978
13795.02, 1977
13795.65, 1976
13807.18, 1975
13807.23, 1974
13815.65, 1973
13832.93, 1972
13832.99, 1971
13833.02, 1970
13842.64, 1969
13851.94, 1968
13862.56, 1967
13872.68, 1966
13880.52, 1965
13890.23, 1964
13899.5, 1963
13908.92, 1962
13920.57, 1961
13927.95, 1960
13937.26, 1959
13946.65, 1958
13956.41, 1957
13965.83, 1956
13976.84, 1955
13985.49, 1954
13994.81, 1953
14003.66, 1952
14012.86, 1951
14022.61, 1950
14032.04, 1949
14041.47, 1948
14051.83, 1947
14052.59, 1946
14053.41, 1945
14054.19, 1944
14054.96, 1943
14056.6, 1942
14056.78, 1941
14067.29, 1940
14071.77, 1939
14075.28, 1938
14088.53, 1937
14088.97, 1936
14088.99, 1935
14090.46, 1934
14090.55, 1933
14117.27, 1932
14123.21, 1931
14123.31, 1930
14123.43, 1929
14123.45, 1928
14123.46, 1927
14123.48, 1926
14160.77, 1925
14173.49, 1924
14199.89, 1923
14205.96, 1922
14206.42, 1921
14206.97, 1920
14207.77, 1919
14213.26, 1918
14213.36, 1917
14213.4, 1916
14254.72, 1915
14284.65, 1914
14295.96, 1913
14309.49, 1912
14310.34, 1911
14311.13, 1910
14311.91, 1909
14312.7, 1908
14313.48, 1907
14314.84, 1906
14326.46, 1905
14332.54, 1904
14338.87, 1903
14349.21, 1902
14353.49, 1901
14353.94, 1900
14354.7, 1899
14355.52, 1898
14356.24, 1897
14357.03, 1896
14364.11, 1895
14368.78, 1894
14393.06, 1893
14407.63, 1892
14417.3, 1891
14426.52, 1890
14436.24, 1889
14445.51, 1888
14454.75, 1887
14464.55, 1886
14474.0, 1885
14483.48, 1884
14492.9, 1883
14502.34, 1882
14511.85, 1881
14521.24, 1880
14531.04, 1879
14540.47, 1878
14549.95, 1877
14566.15, 1876
14583.7, 1875
14596.09, 1874
14600.25, 1873
14601.44, 1872
14601.86, 1871
14604.51, 1870
14604.54, 1869
14604.55, 1868
14605.09, 1867
14625.84, 1866
14629.89, 1865
14636.88, 1864
14637.36, 1863
14638.17, 1862
14639.18, 1861
14639.83, 1860
14640.66, 1859
14641.83, 1858
14656.87, 1857
14656.96, 1856
14683.05, 1855
14683.16, 1854
14683.18, 1853
14683.2, 1852
14683.21, 1851
14708.55, 1850
14708.64, 1849
14708.66, 1848
14708.67, 1847
14708.7, 1846
14715.05, 1845
14715.11, 1844
14715.23, 1843
14725.97, 1842
14729.2, 1841
14741.56, 1840
14741.68, 1839
14744.55, 1838
14744.95, 1837
14779.8, 1836
14815.26, 1835
14821.12, 1834
14837.7, 1833
14838.14, 1832
14841.15, 1831
14841.24, 1830
14841.26, 1829
14841.29, 1828
14842.07, 1827
14858.32, 1826
14862.19, 1825
14866.58, 1824
14881.55, 1823
14890.38, 1822
14899.79, 1821
14909.25, 1820
14916.81, 1819
14927.77, 1818
14931.86, 1817
14942.89, 1816
14944.02, 1815
14944.6, 1814
14945.4, 1813
14946.2, 1812
14947.17, 1811
14948.37, 1810
14992.84, 1809
14997.12, 1808
15004.04, 1807
15014.49, 1806
15015.37, 1805
15016.23, 1804
15017.05, 1803
15018.07, 1802
15018.82, 1801
15020.14, 1800
15041.11, 1799
15043.89, 1798
15050.23, 1797
15060.04, 1796
15061.33, 1795
15061.63, 1794
15062.44, 1793
15063.27, 1792
15064.07, 1791
15064.92, 1790
15071.47, 1789
15075.4, 1788
15078.75, 1787
15087.7, 1786
15088.42, 1785
15089.26, 1784
15090.15, 1783
15098.6, 1782
15102.38, 1781
15107.93, 1780
15109.99, 1779
15114.73, 1778
15126.94, 1777
15132.81, 1776
15150.93, 1775
15160.4, 1774
15161.29, 1773
15161.99, 1772
15162.73, 1771
15163.5, 1770
15164.3, 1769
15165.06, 1768
15195.35, 1767
15203.58, 1766
15212.45, 1765
15228.21, 1764
15228.45, 1763
15229.26, 1762
15230.06, 1761
15230.89, 1760
15231.66, 1759
15232.47, 1758
15258.55, 1757
15261.72, 1756
15278.95, 1755
15292.72, 1754
15292.92, 1753
15296.27, 1752
15296.3, 1751
15296.3, 1750
15296.31, 1749
15296.31, 1748
15306.51, 1747
15311.29, 1746
15328.49, 1745
15331.15, 1744
15337.9, 1743
15342.94, 1742
15345.3, 1741
15345.56, 1740
15347.25, 1739
15348.18, 1738
15348.23, 1737
15357.45, 1736
15359.69, 1735
15362.4, 1734
15365.67, 1733
15413.8, 1732
15426.89, 1731
15438.03, 1730
15439.99, 1729
15440.41, 1728
15441.94, 1727
15442.01, 1726
15452.34, 1725
15474.15, 1724
15493.6, 1723
15513.07, 1722
15523.31, 1721
15523.63, 1720
15524.25, 1719
15525.08, 1718
15525.84, 1717
15532.33, 1716
15605.08, 1715
15625.73, 1714
15629.15, 1713
15631.72, 1712
15631.91, 1711
15631.97, 1710
15632.63, 1709
15640.25, 1708
15645.18, 1707
15659.24, 1706
15671.71, 1705
15695.37, 1704
15699.99, 1703
15702.38, 1702
15702.4, 1701
15702.41, 1700
15703.32, 1699
15703.36, 1698
15744.14, 1697
15760.36, 1696
15773.58, 1695
15783.15, 1694
15785.04, 1693
15786.22, 1692
15786.51, 1691
15786.92, 1690
15787.58, 1689
15816.84, 1688
15833.53, 1687
15833.63, 1686
15833.65, 1685
15835.36, 1684
15835.44, 1683
15835.55, 1682
15836.93, 1681
15855.85, 1680
15862.39, 1679
15878.65, 1678
15922.47, 1677
15923.95, 1676
15924.52, 1675
15925.21, 1674
15925.9, 1673
15926.59, 1672
15928.12, 1671
15941.47, 1670
15942.08, 1669
15942.75, 1668
15944.31, 1667
15948.01, 1666
15965.38, 1665
15965.47, 1664
15977.97, 1663
15978.51, 1662
15986.37, 1661
15986.64, 1660
15986.66, 1659
15986.68, 1658
15986.71, 1657
15990.31, 1656
15995.82, 1655
16005.23, 1654
16009.13, 1653
16022.22, 1652
16023.15, 1651
16023.5, 1650
16040.78, 1649
16045.89, 1648
16061.9, 1647
16076.45, 1646
16077.21, 1645
16077.96, 1644
16078.43, 1643
16079.11, 1642
16080.16, 1641
16081.61, 1640
16094.65, 1639
16120.54, 1638
16133.92, 1637
16163.13, 1636
16182.37, 1635
16185.38, 1634
16185.57, 1633
16185.62, 1632
16185.64, 1631
16185.66, 1630
16187.45, 1629
16228.4, 1628
16244.04, 1627
16259.34, 1626
16265.9, 1625
16266.82, 1624
16268.15, 1623
16268.24, 1622
16269.98, 1621
16276.23, 1620
16284.66, 1619
16294.8, 1618
16307.15, 1617
16328.03, 1616
16336.01, 1615
16336.12, 1614
16336.14, 1613
16336.16, 1612
16341.39, 1611
16341.45, 1610
16345.45, 1609
16350.09, 1608
16362.42, 1607
16364.23, 1606
16364.94, 1605
16365.58, 1604
16373.24, 1603
16382.7, 1602
16383.29, 1601
16387.49, 1600
16390.28, 1599
16393.54, 1598
16404.32, 1597
16412.5, 1596
16414.86, 1595
16415.03, 1594
16415.08, 1593
16415.11, 1592
16442.74, 1591
16454.15, 1590
16466.99, 1589
16484.22, 1588
16487.57, 1587
16488.19, 1586
16490.84, 1585
16493.2, 1584
16493.6, 1583
16493.73, 1582
16524.09, 1581
16527.14, 1580
16535.59, 1579
16548.1, 1578
16554.36, 1577
16564.93, 1576
16573.22, 1575
16583.51, 1574
16595.29, 1573
16624.68, 1572
16624.78, 1571
16624.8, 1570
16630.04, 1569
16640.14, 1568
16648.81, 1567
16665.51, 1566
16694.38, 1565
16694.49, 1564
16694.51, 1563
16698.08, 1562
16705.03, 1561
16716.72, 1560
16724.05, 1559
16735.79, 1558
16743.1, 1557
16752.17, 1556
16761.59, 1555
16771.83, 1554
16780.45, 1553
16789.94, 1552
16799.09, 1551
16808.46, 1550
16847.57, 1549
16863.09, 1548
16866.33, 1547
16880.48, 1546
16887.56, 1545
16888.38, 1544
16889.84, 1543
16889.91, 1542
16889.94, 1541
16890.63, 1540
16900.2, 1539
16938.78, 1538
16945.44, 1537
16962.14, 1536
16968.61, 1535
16968.93, 1534
16969.18, 1533
16969.89, 1532
16970.13, 1531
16970.78, 1530
16984.05, 1529
16987.87, 1528
17003.45, 1527
17006.3, 1526
17008.01, 1525
17008.69, 1524
17009.97, 1523
17010.02, 1522
17018.17, 1521
17018.31, 1520
17033.07, 1519
17039.93, 1518
17041.54, 1517
17045.31, 1516
17048.42, 1515
17067.28, 1514
17071.71, 1513
17082.08, 1512
17087.22, 1511
17090.85, 1510
17091.53, 1509
17092.19, 1508
17092.86, 1507
17093.72, 1506
17121.66, 1505
17122.91, 1504
17123.6, 1503
17124.24, 1502
17124.9, 1501
17125.54, 1500
17126.2, 1499
17165.45, 1498
17174.11, 1497
17179.47, 1496
17190.05, 1495
17192.8, 1494
17193.41, 1493
17194.06, 1492
17194.94, 1491
17195.37, 1490
17196.02, 1489
17221.49, 1488
17230.46, 1487
17231.92, 1486
17235.72, 1485
17237.9, 1484
17248.07, 1483
17256.66, 1482
17266.41, 1481
17275.27, 1480
17284.57, 1479
17293.86, 1478
17304.14, 1477
17312.55, 1476
17323.0, 1475
17331.76, 1474
17341.25, 1473
17352.18, 1472
17360.15, 1471
17369.29, 1470
17378.62, 1469
17390.87, 1468
17403.66, 1467
17409.03, 1466
17418.76, 1465
17421.38, 1464
17423.32, 1463
17423.58, 1462
17423.62, 1461
17424.13, 1460
17429.17, 1459
17442.33, 1458
17446.28, 1457
17457.02, 1456
17458.83, 1455
17460.92, 1454
17460.95, 1453
17460.96, 1452
17461.91, 1451
17490.56, 1450
17500.11, 1449
17510.12, 1448
17512.97, 1447
17514.3, 1446
17515.08, 1445
17515.64, 1444
17516.32, 1443
17517.02, 1442
17517.59, 1441
17530.03, 1440
17540.68, 1439
17546.14, 1438
17552.68, 1437
17555.78, 1436
17557.16, 1435
17557.18, 1434
17557.3, 1433
17558.0, 1432
17573.47, 1431
17583.63, 1430
17593.85, 1429
17596.29, 1428
17599.47, 1427
17600.02, 1426
17603.49, 1425
17603.7, 1424
17608.34, 1423
17611.69, 1422
17615.92, 1421
17620.21, 1420
17620.32, 1419
17629.93, 1418
17642.16, 1417
17650.26, 1416
17666.38, 1415
17671.02, 1414
17672.36, 1413
17675.78, 1412
17690.83, 1411
17696.68, 1410
17704.66, 1409
17706.48, 1408
17706.51, 1407
17712.54, 1406
17721.69, 1405
17725.17, 1404
17728.76, 1403
17730.43, 1402
17746.53, 1401
17747.85, 1400
17763.06, 1399
17769.23, 1398
17775.14, 1397
17777.48, 1396
17779.91, 1395
17789.22, 1394
17798.65, 1393
17845.06, 1392
17845.76, 1391
17846.46, 1390
17847.12, 1389
17848.63, 1388
17848.66, 1387
17849.16, 1386
17867.02, 1385
17875.39, 1384
17878.76, 1383
17882.96, 1382
17890.05, 1381
17890.21, 1380
17891.57, 1379
17894.9, 1378
17900.72, 1377
17933.42, 1376
17938.24, 1375
17939.61, 1374
17950.22, 1373
17955.1, 1372
17961.59, 1371
17965.38, 1370
17966.47, 1369
17966.74, 1368
17967.54, 1367
17978.95, 1366
17989.15, 1365
18000.08, 1364
18020.85, 1363
18022.39, 1362
18023.01, 1361
18023.86, 1360
18024.3, 1359
18024.81, 1358
18025.46, 1357
18042.11, 1356
18048.76, 1355
18058.5, 1354
18061.8, 1353
18065.18, 1352
18070.6, 1351
18074.42, 1350
18075.11, 1349
18081.47, 1348
18087.42, 1347
18100.3, 1346
18112.17, 1345
18117.02, 1344
18126.25, 1343
18126.44, 1342
18126.72, 1341
18127.4, 1340
18128.27, 1339
18154.58, 1338
18157.6, 1337
18159.75, 1336
18161.7, 1335
18165.01, 1334
18165.19, 1333
18194.53, 1332
18201.76, 1331
18202.24, 1330
18202.96, 1329
18203.54, 1328
18204.46, 1327
18204.83, 1326
18223.75, 1325
18223.86, 1324
18229.37, 1323
18243.6, 1322
18243.73, 1321
18243.75, 1320
18249.04, 1319
18253.75, 1318
18257.36, 1317
18262.91, 1316
18263.22, 1315
18287.13, 1314
18291.77, 1313
18294.75, 1312
18298.61, 1311
18300.57, 1310
18301.16, 1309
18301.83, 1308
18302.62, 1307
18303.29, 1306
18307.28, 1305
18311.04, 1304
18322.49, 1303
18326.33, 1302
18329.63, 1301
18333.6, 1300
18338.1, 1299
18343.64, 1298
18346.06, 1297
18356.79, 1296
18363.72, 1295
18381.95, 1294
18391.35, 1293
18396.18, 1292
18397.12, 1291
18397.64, 1290
18398.34, 1289
18398.78, 1288
18399.55, 1287
18407.26, 1286
18412.52, 1285
18426.37, 1284
18432.82, 1283
18437.67, 1282
18442.6, 1281
18448.24, 1280
18453.22, 1279
18456.28, 1278
18465.22, 1277
18509.28, 1276
18514.4, 1275
18524.95, 1274
18528.42, 1273
18533.49, 1272
18540.7, 1271
18545.31, 1270
18549.17, 1269
18558.73, 1268
18561.58, 1267
18568.5, 1266
18581.9, 1265
18591.43, 1264
18594.83, 1263
18605.06, 1262
18606.93, 1261
18609.06, 1260
18614.92, 1259
18620.51, 1258
18624.44, 1257
18628.27, 1256
18642.08, 1255
18645.3, 1254
18661.29, 1253
18665.09, 1252
18670.88, 1251
18673.6, 1250
18699.5, 1249
18705.08, 1248
18710.09, 1247
18715.54, 1246
18719.81, 1245
18728.75, 1244
18738.04, 1243
18748.27, 1242
18756.54, 1241
18765.78, 1240
18775.24, 1239
18784.36, 1238
18793.98, 1237
18803.24, 1236
18815.04, 1235
18821.73, 1234
18831.57, 1233
18840.31, 1232
18849.59, 1231
18865.99, 1230
18877.45, 1229
18883.43, 1228
18895.3, 1227
18895.95, 1226
18896.62, 1225
18897.25, 1224
18898.06, 1223
18913.22, 1222
18924.86, 1221
18933.41, 1220
18937.82, 1219
18950.23, 1218
18958.1, 1217
18968.75, 1216
18973.71, 1215
18976.8, 1214
18986.13, 1213
18995.4, 1212
19004.54, 1211
19013.88, 1210
19023.31, 1209
19032.96, 1208
19042.11, 1207
19053.87, 1206
19060.32, 1205
19064.93, 1204
19071.18, 1203
19076.38, 1202
19095.85, 1201
19100.3, 1200
19104.56, 1199
19109.23, 1198
19113.92, 1197
19120.26, 1196
19137.31, 1195
19142.9, 1194
19154.4, 1193
19158.32, 1192
19161.37, 1191
19162.03, 1190
19162.7, 1189
19173.85, 1188
19174.47, 1187
19194.89, 1186
19205.43, 1185
19214.96, 1184
19215.23, 1183
19224.83, 1182
19225.38, 1181
19232.44, 1180
19246.51, 1179
19265.21, 1178
19275.94, 1177
19282.84, 1176
19286.95, 1175
19293.66, 1174
19298.64, 1173
19316.42, 1172
19327.43, 1171
19332.18, 1170
19337.77, 1169
19346.29, 1168
19354.16, 1167
19359.52, 1166
19362.66, 1165
19363.2, 1164
19387.23, 1163
19390.78, 1162
19395.66, 1161
19404.46, 1160
19410.06, 1159
19414.92, 1158
19425.2, 1157
19436.65, 1156
19439.46, 1155
19455.77, 1154
19458.98, 1153
19471.42, 1152
19477.66, 1151
19486.55, 1150
19493.29, 1149
19498.76, 1148
19505.0, 1147
19508.98, 1146
19516.38, 1145
19527.94, 1144
19533.43, 1143
19536.42, 1142
19552.04, 1141
19558.23, 1140
19577.25, 1139
19580.04, 1138
19596.08, 1137
19596.18, 1136
19596.2, 1135
19603.5, 1134
19606.44, 1133
19623.34, 1132
19623.46, 1131
19623.48, 1130
19629.74, 1129
19638.13, 1128
19649.38, 1127
19651.88, 1126
19654.78, 1125
19659.69, 1124
19665.02, 1123
19674.56, 1122
19676.15, 1121
19679.89, 1120
19687.39, 1119
19690.05, 1118
19695.89, 1117
19711.06, 1116
19718.4, 1115
19726.82, 1114
19731.93, 1113
19741.99, 1112
19747.44, 1111
19754.21, 1110
19762.26, 1109
19769.71, 1108
19775.27, 1107
19780.62, 1106
19791.41, 1105
19796.2, 1104
19805.91, 1103
19828.08, 1102
19843.44, 1101
19853.16, 1100
19862.01, 1099
19868.92, 1098
19872.93, 1097
19878.15, 1096
19891.3, 1095
19893.48, 1094
19896.38, 1093
19903.63, 1092
19924.61, 1091
19936.92, 1090
19938.78, 1089
19948.72, 1088
19966.06, 1087
19966.15, 1086
19966.17, 1085
19974.95, 1084
19983.89, 1083
19990.28, 1082
19995.45, 1081
20000.82, 1080
20006.81, 1079
20010.32, 1078
20016.33, 1077
20043.57, 1076
20053.97, 1075
20056.53, 1074
20068.11, 1073
20072.35, 1072
20076.71, 1071
20084.37, 1070
20089.62, 1069
20096.41, 1068
20103.35, 1067
20111.52, 1066
20118.4, 1065
20127.09, 1064
20142.18, 1063
20154.5, 1062
20158.25, 1061
20160.98, 1060
20196.33, 1059
20199.93, 1058
20203.61, 1057
20216.5, 1056
20218.29, 1055
20218.5, 1054
20219.01, 1053
20220.07, 1052
20220.34, 1051
20229.17, 1050
20233.21, 1049
20238.31, 1048
20248.22, 1047
20252.21, 1046
20255.68, 1045
20261.56, 1044
20267.43, 1043
20272.0, 1042
20276.58, 1041
20293.35, 1040
20302.27, 1039
20315.78, 1038
20319.84, 1037
20329.95, 1036
20335.34, 1035
20335.53, 1034
20343.22, 1033
20359.0, 1032
20361.78, 1031
20365.99, 1030
20392.36, 1029
20397.37, 1028
20408.01, 1027
20412.68, 1026
20421.62, 1025
20426.5, 1024
20438.03, 1023
20443.87, 1022
20450.15, 1021
20455.56, 1020
20461.26, 1019
20466.08, 1018
20487.21, 1017
20506.66, 1016
20510.47, 1015
20513.01, 1014
20523.56, 1013
20533.98, 1012
20537.71, 1011
20556.54, 1010
20576.96, 1009
20582.38, 1008
20589.78, 1007
20596.5, 1006
20612.71, 1005
20643.55, 1004
20653.98, 1003
20658.36, 1002
20670.71, 1001
20681.65, 1000
20689.65, 999
20693.24, 998
20697.06, 997
20704.69, 996
20709.92, 995
20719.76, 994
20724.69, 993
20751.96, 992
20754.9, 991
20763.9, 990
20771.04, 989
20775.76, 988
20781.79, 987
20792.42, 986
20803.22, 985
20808.2, 984
20815.76, 983
20821.16, 982
20827.75, 981
20833.04, 980
20843.34, 979
20854.34, 978
20854.82, 977
20861.33, 976
20865.74, 975
20876.24, 974
20883.29, 973
20888.93, 972
20894.07, 971
20899.5, 970
20916.15, 969
20926.65, 968
20932.14, 967
20941.2, 966
20947.5, 965
20953.3, 964
20957.99, 963
20965.74, 962
20971.34, 961
20980.08, 960
20988.06, 959
20995.51, 958
21001.95, 957
21006.08, 956
21012.03, 955
21019.44, 954
21033.97, 953
21052.06, 952
21069.58, 951
21071.62, 950
21080.32, 949
21087.25, 948
21092.73, 947
21100.05, 946
21104.55, 945
21112.77, 944
21113.42, 943
21136.29, 942
21136.94, 941
21143.65, 940
21151.63, 939
21169.24, 938
21181.32, 937
21183.46, 936
21190.7, 935
21198.96, 934
21204.07, 933
21215.65, 932
21221.43, 931
21231.0, 930
21237.14, 929
21248.3, 928
21254.41, 927
21259.0, 926
21264.95, 925
21271.17, 924
21291.36, 923
21298.17, 922
21305.77, 921
21317.16, 920
21333.46, 919
21338.33, 918
21347.3, 917
21359.9, 916
21365.67, 915
21370.59, 914
21375.88, 913
21382.95, 912
21387.67, 911
21392.34, 910
21398.54, 909
21409.95, 908
21427.68, 907
21433.81, 906
21439.21, 905
21444.75, 904
21449.44, 903
21466.54, 902
21475.92, 901
21479.07, 900
21485.36, 899
21489.88, 898
21495.76, 897
21503.17, 896
21506.67, 895
21522.29, 894
21538.04, 893
21542.38, 892
21554.51, 891
21559.3, 890
21564.85, 889
21570.79, 888
21575.19, 887
21578.8, 886
21593.59, 885
21600.18, 884
21605.79, 883
21613.05, 882
21619.75, 881
21626.62, 880
21630.64, 879
21645.89, 878
21659.42, 877
21676.42, 876
21690.38, 875
21695.53, 874
21702.96, 873
21707.26, 872
21722.59, 871
21727.0, 870
21735.75, 869
21754.67, 868
21757.84, 867
21760.49, 866
21767.48, 865
21772.52, 864
21777.11, 863
21810.43, 862
21816.61, 861
21825.07, 860
21830.74, 859
21839.29, 858
21845.33, 857
21855.3, 856
21859.45, 855
21866.92, 854
21871.34, 853
21878.23, 852
21888.02, 851
21893.46, 850
21899.41, 849
21905.82, 848
21932.27, 847
21937.89, 846
21951.93, 845
21956.13, 844
21962.43, 843
21966.95, 842
21975.59, 841
21982.47, 840
21993.86, 839
22005.93, 838
22007.22, 837
22014.07, 836
22020.65, 835
22026.25, 834
22037.32, 833
22057.01, 832
22063.4, 831
22077.57, 830
22078.17, 829
22093.71, 828
22099.12, 827
22109.25, 826
22114.36, 825
22128.61, 824
22143.54, 823
22149.37, 822
22157.85, 821
22162.0, 820
22169.65, 819
22174.91, 818
22192.76, 817
22205.02, 816
22211.84, 815
22220.76, 814
22226.02, 813
22241.18, 812
22246.11, 811
22254.66, 810
22258.36, 809
22270.56, 808
22276.07, 807
22286.44, 806
22293.94, 805
22314.83, 804
22321.51, 803
22330.24, 802
22334.99, 801
22345.71, 800
22353.63, 799
22366.23, 798
22381.82, 797
22385.35, 796
22388.65, 795
22395.18, 794
22410.78, 793
22422.73, 792
22428.92, 791
22442.75, 790
22453.11, 789
22462.47, 788
22467.88, 787
22485.51, 786
22502.37, 785
22514.41, 784
22520.76, 783
22529.78, 782
22558.25, 781
22563.35, 780
22572.97, 779
22591.06, 778
22596.33, 777
22603.93, 776
22616.66, 775
22622.39, 774
22627.93, 773
22639.57, 772
22644.8, 771
22651.12, 770
22670.44, 769
22692.58, 768
22703.4, 767
22708.51, 766
22718.67, 765
22733.5, 764
22739.77, 763
22745.89, 762
22764.26, 761
22772.52, 760
22778.78, 759
22787.81, 758
22794.26, 757
22803.91, 756
22861.33, 755
22864.75, 754
22866.43, 753
22872.33, 752
22878.06, 751
22886.33, 750
22891.44, 749
22897.73, 748
22904.59, 747
22911.7, 746
22917.75, 745
22924.29, 744
22952.88, 743
22955.78, 742
22963.37, 741
22977.07, 740
22989.2, 739
23003.75, 738
23010.48, 737
23025.61, 736
23034.4, 735
23041.69, 734
23047.86, 733
23054.6, 732
23066.59, 731
23075.03, 730
23080.8, 729
23088.03, 728
23094.5, 727
23100.98, 726
23107.66, 725
23131.95, 724
23138.7, 723
23149.19, 722
23157.6, 721
23164.43, 720
23177.21, 719
23195.77, 718
23204.84, 717
23221.19, 716
23227.64, 715
23233.79, 714
23241.01, 713
23256.13, 712
23261.96, 711
23268.18, 710
23274.62, 709
23280.85, 708
23300.21, 707
23310.85, 706
23316.54, 705
23323.06, 704
23330.59, 703
23337.5, 702
23347.54, 701
23367.37, 700
23387.15, 699
23391.71, 698
23397.76, 697
23405.75, 696
23418.85, 695
23428.32, 694
23438.1, 693
23443.95, 692
23455.97, 691
23461.63, 690
23471.63, 689
23540.49, 688
23541.02, 687
23541.71, 686
23542.39, 685
23543.05, 684
23543.92, 683
23554.42, 682
23562.78, 681
23569.84, 680
23575.01, 679
23586.86, 678
23589.51, 677
23603.94, 676
23653.1, 675
23653.52, 674
23654.19, 673
23654.87, 672
23656.42, 671
23678.89, 670
23690.07, 669
23695.25, 668
23703.58, 667
23708.12, 666
23721.39, 665
23729.81, 664
23739.76, 663
23749.54, 662
23820.13, 661
23824.41, 660
23827.3, 659
23829.56, 658
23831.46, 657
23832.17, 656
23832.78, 655
23838.89, 654
23848.45, 653
23857.07, 652
23863.75, 651
23871.46, 650
23881.12, 649
23889.11, 648
23906.29, 647
23914.91, 646
23921.19, 645
23927.71, 644
23934.66, 643
23946.61, 642
23958.38, 641
23966.05, 640
23986.52, 639
23986.63, 638
23987.3, 637
23990.45, 636
24027.46, 635
24027.56, 634
24029.96, 633
24031.28, 632
24044.93, 631
24054.73, 630
24059.4, 629
24066.1, 628
24073.16, 627
24079.59, 626
24088.21, 625
24094.65, 624
24101.09, 623
24121.58, 622
24137.95, 621
24141.82, 620
24144.73, 619
24162.46, 618
24181.24, 617
24182.89, 616
24183.54, 615
24191.47, 614
24211.45, 613
24214.31, 612
24217.22, 611
24220.1, 610
24246.95, 609
24251.59, 608
24271.7, 607
24275.67, 606
24280.01, 605
24293.68, 604
24296.29, 603
24303.77, 602
24306.31, 601
24315.27, 600
24326.17, 599
24329.4, 598
24334.69, 597
24343.09, 596
24363.91, 595
24371.38, 594
24382.39, 593
24437.41, 592
24450.41, 591
24458.34, 590
24464.77, 589
24482.74, 588
24504.59, 587
24509.37, 586
24516.52, 585
24522.75, 584
24529.8, 583
24545.22, 582
24554.02, 581
24558.75, 580
24565.47, 579
24571.44, 578
24578.38, 577
24585.35, 576
24592.93, 575
24600.08, 574
24608.99, 573
24618.71, 572
24623.05, 571
24651.03, 570
24659.95, 569
24665.22, 568
24672.46, 567
24678.48, 566
24690.84, 565
24692.97, 564
24700.25, 563
24719.75, 562
24735.4, 561
24741.55, 560
24750.21, 559
24766.49, 558
24774.74, 557
24780.27, 556
24789.94, 555
24794.11, 554
24804.48, 553
24824.85, 552
24837.43, 551
24842.82, 550
24851.84, 549
24865.62, 548
24872.38, 547
24884.74, 546
24895.17, 545
24911.8, 544
24920.38, 543
24931.07, 542
24937.43, 541
24945.99, 540
24962.72, 539
24978.14, 538
24986.41, 537
24992.3, 536
25011.58, 535
25025.17, 534
25033.2, 533
25042.2, 532
25046.35, 531
25058.29, 530
25064.48, 529
25087.16, 528
25103.45, 527
25108.43, 526
25119.62, 525
25142.25, 524
25151.8, 523
25163.14, 522
25171.23, 521
25177.12, 520
25185.67, 519
25194.56, 518
25203.21, 517
25211.46, 516
25220.49, 515
25236.85, 514
25248.13, 513
25264.73, 512
25274.34, 511
25283.18, 510
25292.64, 509
25301.69, 508
25309.74, 507
25318.09, 506
25325.95, 505
25333.43, 504
25344.58, 503
25353.73, 502
25392.29, 501
25396.29, 500
25408.45, 499
25443.04, 498
25454.47, 497
25461.28, 496
25469.01, 495
25476.3, 494
25484.3, 493
25491.64, 492
25503.5, 491
25514.23, 490
25541.87, 489
25550.39, 488
25558.77, 487
25568.91, 486
25576.71, 485
25585.83, 484
25592.67, 483
25600.15, 482
25616.76, 481
25627.27, 480
25642.77, 479
25654.6, 478
25661.94, 477
25673.24, 476
25680.24, 475
25692.68, 474
25699.78, 473
25710.94, 472
25719.89, 471
25730.0, 470
25749.81, 469
25759.03, 468
25767.83, 467
25782.16, 466
25792.53, 465
25801.14, 464
25806.72, 463
25815.02, 462
25825.03, 461
25833.39, 460
25856.34, 459
25868.26, 458
25874.38, 457
25892.39, 456
25899.86, 455
25911.2, 454
25927.11, 453
25941.45, 452
25948.93, 451
25953.33, 450
25960.7, 449
25981.9, 448
25993.87, 447
26003.88, 446
26016.56, 445
26024.85, 444
26030.9, 443
26040.1, 442
26049.83, 441
26058.04, 440
26065.11, 439
26089.7, 438
26096.09, 437
26116.46, 436
26123.71, 435
26130.76, 434
26141.06, 433
26145.3, 432
26164.27, 431
26168.34, 430
26176.66, 429
26187.68, 428
26206.29, 427
26207.43, 426
26218.46, 425
26229.4, 424
26237.07, 423
26250.07, 422
26253.86, 421
26261.78, 420
26275.54, 419
26284.11, 418
26299.43, 417
26311.05, 416
26328.54, 415
26339.15, 414
26346.96, 413
26357.35, 412
26365.09, 411
26379.04, 410
26388.91, 409
26396.4, 408
26407.53, 407
26417.72, 406
26425.08, 405
26434.92, 404
26444.64, 403
26454.35, 402
26466.85, 401
26483.33, 400
26493.6, 399
26501.03, 398
26513.94, 397
26520.41, 396
26528.39, 395
26541.96, 394
26557.69, 393
26572.24, 392
26586.76, 391
26627.19, 390
26633.06, 389
26648.48, 388
26648.63, 387
26653.51, 386
26662.89, 385
26673.02, 384
26681.87, 383
26687.07, 382
26696.14, 381
26707.89, 380
26723.31, 379
26733.02, 378
26754.92, 377
26762.75, 376
26778.98, 375
26799.94, 374
26809.78, 373
26825.41, 372
26834.96, 371
26846.27, 370
26855.94, 369
26873.9, 368
26891.93, 367
26903.78, 366
26909.92, 365
26921.49, 364
26929.41, 363
26944.15, 362
26954.79, 361
26964.97, 360
26982.55, 359
26989.06, 358
27001.27, 357
27008.36, 356
27023.03, 355
27032.52, 354
27045.04, 353
27054.36, 352
27064.81, 351
27087.77, 350
27103.66, 349
27109.17, 348
27121.54, 347
27132.52, 346
27141.71, 345
27149.76, 344
27158.03, 343
27167.11, 342
27180.69, 341
27189.4, 340
27200.03, 339
27208.67, 338
27219.08, 337
27231.97, 336
27239.71, 335
27252.17, 334
27269.7, 333
27277.74, 332
27287.21, 331
27294.33, 330
27309.48, 329
27329.48, 328
27339.55, 327
27347.53, 326
27356.15, 325
27365.13, 324
27374.41, 323
27387.31, 322
27403.44, 321
27415.92, 320
27425.11, 319
27433.27, 318
27441.98, 317
27452.15, 316
27470.83, 315
27484.61, 314
27498.88, 313
27511.95, 312
27522.2, 311
27532.21, 310
27541.88, 309
27558.31, 308
27570.71, 307
27587.08, 306
27599.94, 305
27616.81, 304
27633.34, 303
27643.88, 302
27652.99, 301
27666.0, 300
27685.65, 299
27695.15, 298
27704.4, 297
27726.77, 296
27741.7, 295
27758.35, 294
27768.3, 293
27776.32, 292
27786.99, 291
27796.05, 290
27803.4, 289
27824.44, 288
27845.51, 287
27859.45, 286
27868.32, 285
27876.27, 284
27889.11, 283
27897.79, 282
27912.12, 281
27944.15, 280
27960.62, 279
27971.51, 278
27980.45, 277
27995.14, 276
28002.96, 275
28011.75, 274
28024.43, 273
28052.13, 272
28064.33, 271
28074.22, 270
28085.38, 269
28093.31, 268
28108.11, 267
28117.97, 266
28136.76, 265
28143.83, 264
28153.41, 263
28170.15, 262
28180.85, 261
28195.64, 260
28205.2, 259
28217.79, 258
28226.76, 257
28239.7, 256
28250.65, 255
28259.88, 254
28270.77, 253
28280.75, 252
28288.04, 251
28304.18, 250
28308.37, 249
28325.22, 248
28334.41, 247
28344.12, 246
28356.1, 245
28372.91, 244
28388.77, 243
28403.76, 242
28424.85, 241
28436.77, 240
28447.01, 239
28456.11, 238
28466.23, 237
28476.4, 236
28484.66, 235
28520.33, 234
28527.53, 233
28539.67, 232
28548.69, 231
28568.11, 230
28584.77, 229
28611.89, 228
28634.52, 227
28643.95, 226
28653.63, 225
28664.02, 224
28678.64, 223
28694.93, 222
28703.02, 221
28712.8, 220
28729.82, 219
28743.24, 218
28754.22, 217
28767.17, 216
28776.14, 215
28795.67, 214
28808.79, 213
28820.22, 212
28832.13, 211
28853.59, 210
28863.16, 209
28877.41, 208
28896.23, 207
28906.12, 206
28928.4, 205
28938.7, 204
28957.77, 203
28978.07, 202
28987.65, 201
29004.72, 200
29016.74, 199
29032.81, 198
29053.0, 197
29080.78, 196
29089.82, 195
29109.47, 194
29137.05, 193
29147.12, 192
29157.56, 191
29170.77, 190
29187.38, 189
29196.86, 188
29209.25, 187
29236.64, 186
29306.18, 185
29306.23, 184
29306.24, 183
29306.24, 182
29310.03, 181
29333.76, 180
29333.88, 179
29403.11, 178
29403.46, 177
29404.12, 176
29404.79, 175
29432.28, 174
29435.09, 173
29442.35, 172
29454.34, 171
29473.39, 170
29491.38, 169
29498.83, 168
29510.72, 167
29530.2, 166
29554.59, 165
29560.27, 164
29580.56, 163
29595.63, 162
29607.77, 161
29623.02, 160
29645.02, 159
29657.77, 158
29670.34, 157
29703.05, 156
29724.18, 155
29742.36, 154
29772.97, 153
29786.4, 152
29798.32, 151
29809.94, 150
29820.17, 149
29831.77, 148
29844.53, 147
29860.75, 146
29872.44, 145
29892.79, 144
29918.54, 143
29929.11, 142
29943.97, 141
29962.51, 140
29974.23, 139
29987.95, 138
30004.57, 137
30014.09, 136
30032.77, 135
30046.21, 134
30064.17, 133
30091.54, 132
30114.54, 131
30128.69, 130
30154.56, 129
30163.95, 128
30174.73, 127
30186.92, 126
30202.96, 125
30222.99, 124
30238.97, 123
30258.82, 122
30270.47, 121
30285.95, 120
30305.73, 119
30323.07, 118
30341.15, 117
30371.84, 116
30386.84, 115
30399.19, 114
30414.12, 113
30424.21, 112
30434.62, 111
30466.32, 110
30478.77, 109
30491.73, 108
30501.49, 107
30517.65, 106
30540.52, 105
30549.78, 104
30570.17, 103
30591.04, 102
30602.23, 101
30623.47, 100
30636.66, 99
30649.8, 98
30659.78, 97
30676.6, 96
30705.69, 95
30715.9, 94
30728.52, 93
30737.82, 92
30754.53, 91
30770.79, 90
30796.59, 89
30808.41, 88
30829.43, 87
30840.51, 86
30849.71, 85
30870.26, 84
30909.98, 83
30921.23, 82
30938.08, 81
30945.39, 80
30968.42, 79
30996.05, 78
31006.11, 77
31037.13, 76
31051.83, 75
31070.65, 74
31141.59, 73
31142.2, 72
31146.38, 71
31162.74, 70
31188.5, 69
31239.29, 68
31242.46, 67
31247.17, 66
31261.47, 65
31277.05, 64
31298.07, 63
31306.3, 62
31318.54, 61
31336.35, 60
31356.88, 59
31361.28, 58
31386.23, 57
31389.39, 56
31410.1, 55
31444.13, 54
31464.71, 53
31476.25, 52
31490.12, 51
31504.0, 50
31529.84, 49
31542.86, 48
31555.28, 47
31566.44, 46
31600.9, 45
31619.09, 44
31619.23, 43
31637.9, 42
31647.39, 41
31666.72, 40
31683.23, 39
31709.18, 38
31719.83, 37
31734.91, 36
31755.2, 35
31771.08, 34
31795.35, 33
31812.24, 32
31825.84, 31
31845.77, 30
31864.78, 29
31875.83, 28
31887.87, 27
31901.41, 26
31916.74, 25
31935.71, 24
31957.47, 23
31967.75, 22
31984.76, 21
32010.36, 20
32023.65, 19
32040.48, 18
32060.18, 17
32074.65, 16
32089.65, 15
32110.92, 14
32131.61, 13
32145.14, 12
32175.74, 11
32199.54, 10
32213.5, 9
32226.45, 8
32246.41, 7
32259.89, 6
32287.63, 5
32304.32, 4
32324.88, 3
32341.2, 2
32358.24, 1
32372.55, 0
