3297.18, 4465
3303.55, 4461
3309.59, 4371
3309.69, 4368
3314.98, 4367
3315.51, 4279
3322.3, 4278
3322.38, 4277
3323.97, 4276
3324.96, 4275
3325.91, 4274
3327.31, 4189
3332.19, 4187
3332.97, 4186
3339.74, 4185
3344.46, 4184
3348.86, 4183
3351.12, 4182
3352.09, 4101
3353.8, 4098
3353.97, 4097
3360.54, 4096
3364.13, 4095
3365.89, 4094
3366.92, 4093
3367.85, 4092
3373.69, 4091
3380.12, 4015
3381.09, 4011
3382.02, 4009
3383.12, 4008
3388.27, 4007
3392.31, 4006
3396.63, 4005
3396.67, 4004
3403.72, 4003
3406.67, 4002
3410.85, 4001
3415.46, 3931
3419.28, 3926
3421.73, 3923
3422.7, 3922
3423.74, 3920
3424.56, 3919
3435.12, 3918
3436.07, 3917
3437.01, 3916
3563.32, 3915
3569.01, 3914
3573.09, 3913
3574.8, 3912
3575.77, 3849
3581.45, 3843
3585.01, 3839
3588.92, 3838
3591.13, 3837
3592.13, 3835
3593.07, 3834
3603.84, 3833
3604.18, 3832
3605.14, 3831
3606.07, 3830
3610.69, 3829
3614.83, 3828
3615.86, 3827
3619.99, 3826
3621.05, 3825
3627.4, 3824
3636.03, 3769
3642.11, 3762
3644.71, 3757
3644.79, 3756
3646.15, 3754
3646.44, 3752
3667.05, 3751
3688.62, 3750
3692.36, 3749
3693.33, 3748
3725.73, 3747
3785.9, 3746
3789.81, 3745
3793.69, 3744
3795.35, 3743
3796.61, 3742
3797.35, 3741
3798.3, 3740
3812.54, 3739
3835.86, 3738
3840.28, 3737
3840.37, 3691
3840.39, 3683
3856.04, 3677
3860.81, 3676
3867.72, 3673
3872.56, 3671
3873.5, 3670
3874.49, 3668
3917.56, 3667
3935.08, 3666
3945.51, 3665
3970.11, 3664
3971.05, 3663
3991.68, 3662
4020.8, 3661
4029.41, 3660
4033.81, 3659
4039.58, 3658
4039.74, 3657
4040.62, 3656
4041.56, 3655
4048.76, 3654
4056.33, 3653
4063.5, 3652
4064.49, 3615
4065.42, 3606
4066.92, 3599
4067.29, 3598
4068.24, 3594
4086.02, 3592
4094.76, 3591
4097.07, 3588
4097.81, 3587
4098.76, 3586
4224.25, 3585
4248.21, 3584
4264.92, 3583
4268.32, 3582
4269.29, 3581
4273.17, 3580
4278.06, 3579
4281.72, 3578
4283.71, 3577
4287.98, 3576
4292.0, 3575
4297.81, 3574
4298.21, 3573
4305.48, 3572
4307.26, 3571
4311.66, 3570
4317.36, 3569
4317.48, 3568
4318.19, 3567
4327.09, 3566
4339.31, 3541
4340.26, 3531
4341.25, 3523
4343.29, 3522
4343.32, 3517
4351.74, 3515
4352.78, 3514
4353.76, 3513
4354.69, 3510
4358.25, 3509
4363.82, 3508
4368.39, 3507
4371.52, 3506
4371.59, 3505
4410.44, 3504
4412.11, 3503
4413.06, 3502
4414.3, 3501
4507.28, 3500
4520.72, 3499
4543.62, 3498
4544.56, 3497
4611.03, 3496
4629.39, 3495
4633.85, 3494
4637.73, 3493
4638.72, 3492
4647.53, 3491
4647.64, 3490
4647.93, 3489
4653.45, 3488
4656.76, 3487
4660.63, 3486
4664.16, 3485
4664.99, 3484
4669.84, 3483
4672.22, 3482
4682.5, 3469
4686.01, 3458
4687.4, 3449
4688.35, 3448
4692.81, 3442
4696.64, 3440
4697.51, 3439
4702.67, 3437
4703.57, 3434
4711.59, 3433
4714.01, 3432
4717.21, 3431
4721.02, 3430
4721.54, 3428
4833.49, 3427
4837.33, 3426
4838.21, 3425
4838.54, 3424
4993.53, 3422
5006.89, 3421
5023.92, 3420
5035.18, 3419
5037.93, 3418
5043.95, 3417
5046.92, 3416
5050.8, 3415
5053.65, 3414
5056.67, 3413
5061.28, 3412
5064.23, 3411
5069.29, 3410
5072.57, 3409
5077.51, 3408
5080.88, 3407
5081.75, 3406
5086.88, 3405
5087.78, 3404
5094.78, 3403
5117.33, 3402
5118.82, 3401
5120.11, 3400
5120.7, 3399
5122.04, 3387
5122.58, 3377
5206.33, 3376
5293.28, 3375
5299.21, 3369
5303.46, 3367
5305.38, 3366
5306.19, 3363
5307.23, 3360
5313.66, 3359
5318.22, 3358
5322.35, 3357
5324.44, 3356
5325.38, 3355
5328.79, 3353
5329.9, 3352
5335.94, 3351
5347.76, 3350
5347.8, 3349
5347.81, 3348
5350.08, 3346
5350.11, 3345
5358.11, 3344
5361.83, 3343
5364.41, 3342
5369.08, 3341
5396.11, 3340
5396.97, 3339
5397.9, 3338
5398.85, 3337
5399.96, 3336
5409.89, 3335
5517.36, 3334
5518.39, 3333
5520.51, 3332
5526.94, 3331
5531.88, 3330
5533.13, 3329
5537.59, 3328
5542.07, 3327
5660.28, 3326
5665.22, 3325
5675.74, 3324
5747.84, 3323
5751.71, 3322
5755.2, 3321
5757.59, 3320
5758.7, 3319
5763.35, 3318
5775.37, 3307
5775.63, 3306
5781.22, 3305
5782.18, 3304
5787.31, 3298
5790.95, 3296
5794.69, 3295
5797.47, 3294
5798.27, 3291
5808.53, 3288
5808.56, 3287
5808.57, 3286
5863.43, 3285
5942.03, 3284
5995.02, 3282
5998.61, 3280
5999.6, 3279
6003.94, 3278
6006.13, 3277
6007.08, 3276
6017.73, 3275
6017.84, 3274
6022.54, 3272
6025.82, 3271
6030.91, 3270
6039.87, 3269
6041.72, 3268
6045.37, 3267
6045.4, 3266
6047.0, 3265
6047.98, 3264
6053.88, 3263
6057.61, 3262
6058.51, 3261
6252.84, 3260
6256.27, 3259
6257.18, 3258
6258.11, 3257
6264.84, 3256
6267.16, 3255
6275.65, 3254
6279.94, 3253
6285.76, 3252
6290.8, 3251
6292.07, 3250
6292.48, 3249
6293.44, 3248
6299.17, 3247
6300.21, 3246
6308.09, 3245
6309.08, 3244
6316.43, 3243
6320.06, 3242
6321.08, 3241
6326.52, 3240
6340.16, 3239
6340.21, 3238
6341.3, 3237
6342.71, 3236
6358.99, 3229
6383.43, 3227
6386.84, 3226
6389.51, 3225
6390.42, 3221
6391.43, 3218
6473.18, 3217
6540.87, 3216
6548.23, 3215
6552.67, 3214
6601.58, 3211
6604.44, 3209
6609.07, 3208
6612.15, 3207
6613.61, 3206
6617.04, 3205
6709.45, 3203
6712.79, 3202
6717.16, 3200
6719.06, 3199
6720.1, 3198
6725.12, 3197
6729.88, 3196
6734.3, 3195
6739.64, 3194
6740.79, 3193
6744.9, 3192
6751.88, 3191
6755.13, 3190
6759.25, 3189
6760.2, 3188
6761.14, 3187
6770.06, 3186
6773.35, 3185
6781.92, 3184
6783.88, 3183
6784.83, 3182
6785.78, 3181
6792.66, 3180
6802.4, 3179
6806.86, 3178
6813.51, 3177
6814.48, 3176
6817.94, 3175
6817.98, 3174
6969.64, 3173
7006.99, 3172
7011.9, 3171
7016.26, 3170
7023.53, 3169
7024.48, 3168
7025.43, 3167
7026.34, 3166
7032.93, 3165
7043.91, 3164
7073.88, 3163
7080.45, 3162
7126.1, 3161
7129.3, 3160
7133.64, 3159
7134.61, 3158
7135.6, 3157
7150.57, 3153
7153.67, 3150
7157.98, 3149
7159.87, 3148
7160.84, 3147
7161.89, 3146
7169.6, 3142
7175.28, 3140
7176.23, 3139
7177.09, 3138
7185.97, 3137
7190.44, 3136
7195.18, 3133
7198.68, 3132
7199.63, 3130
7200.58, 3129
7201.51, 3128
7251.04, 3127
7257.18, 3126
7261.89, 3124
7265.27, 3123
7327.14, 3122
7400.35, 3121
7404.34, 3120
7409.96, 3119
7413.11, 3118
7413.24, 3117
7414.16, 3116
7415.08, 3115
7427.34, 3114
7428.21, 3113
7429.17, 3112
7430.11, 3111
7629.59, 3110
7635.61, 3109
7641.54, 3108
7652.92, 3107
7676.88, 3106
7686.44, 3105
7687.01, 3104
7687.97, 3103
7699.76, 3102
7766.11, 3101
7786.15, 3100
7798.45, 3099
7802.9, 3098
7806.27, 3097
7810.07, 3096
7817.12, 3095
7820.77, 3094
7822.14, 3093
7826.8, 3092
7831.76, 3091
7835.58, 3090
7838.11, 3089
7853.74, 3088
7859.04, 3087
7859.95, 3086
7860.87, 3085
7861.85, 3084
7862.71, 3083
7863.65, 3082
7870.43, 3081
7896.3, 3080
7897.34, 3079
7898.13, 3078
7899.11, 3075
7899.97, 3073
7900.88, 3072
7901.83, 3071
7910.18, 3070
7911.05, 3069
7912.12, 3068
7923.91, 3065
7931.8, 3064
7937.35, 3062
7939.21, 3061
7940.2, 3060
7950.43, 3059
7953.52, 3058
7957.22, 3057
7958.22, 3055
7959.08, 3054
7960.03, 3053
8041.45, 3052
8073.3, 3051
8200.02, 3050
8204.11, 3049
8208.28, 3048
8213.57, 3047
8217.86, 3046
8222.2, 3045
8223.17, 3044
8224.13, 3043
8237.05, 3042
8241.81, 3041
8244.14, 3040
8244.16, 3039
8244.74, 3038
8245.86, 3037
8252.9, 3036
8258.64, 3035
8261.22, 3034
8265.86, 3033
8267.64, 3032
8268.61, 3031
8275.25, 3030
8280.37, 3029
8284.8, 3028
8287.6, 3027
8291.96, 3026
8295.41, 3025
8300.14, 3024
8305.73, 3023
8308.8, 3022
8313.91, 3021
8318.84, 3020
8320.58, 3019
8325.35, 3018
8365.29, 3017
8420.47, 3016
8421.4, 3015
8422.36, 3014
8494.27, 3013
8574.91, 3012
8580.22, 3011
8584.45, 3010
8587.15, 3009
8609.45, 3008
8612.77, 3007
8613.74, 3006
8620.58, 3005
8625.25, 3004
8629.5, 3003
8631.79, 3002
8666.44, 3001
8670.0, 3000
8672.41, 2999
8685.63, 2998
8688.95, 2996
8697.07, 2995
8700.45, 2994
8703.59, 2993
8705.34, 2992
8706.35, 2991
8712.86, 2990
8712.98, 2988
8718.05, 2987
8722.59, 2986
8727.06, 2985
8728.11, 2984
8730.29, 2983
8732.02, 2982
8742.0, 2981
8747.4, 2980
8820.05, 2979
8839.38, 2978
8850.1, 2977
8850.82, 2976
8851.65, 2975
8877.15, 2974
8958.83, 2973
8966.31, 2972
8970.04, 2971
8977.99, 2970
8983.59, 2969
8987.1, 2968
8988.9, 2967
8989.94, 2966
9002.18, 2965
9006.28, 2964
9009.23, 2963
9010.2, 2962
9019.07, 2961
9021.96, 2960
9027.93, 2959
9031.85, 2958
9035.27, 2957
9036.97, 2956
9052.36, 2955
9056.46, 2954
9061.15, 2953
9064.68, 2952
9068.26, 2951
9068.32, 2950
9068.34, 2949
9068.38, 2948
9079.9, 2947
9080.88, 2946
9089.05, 2945
9089.13, 2944
9095.8, 2943
9097.27, 2942
9097.3, 2941
9286.02, 2940
9289.6, 2939
9293.52, 2938
9295.37, 2937
9300.88, 2936
9304.13, 2935
9310.62, 2934
9315.16, 2933
9318.9, 2932
9327.91, 2931
9329.36, 2930
9329.84, 2929
9335.14, 2928
9338.28, 2927
9341.99, 2926
9348.83, 2925
9352.62, 2924
9355.85, 2923
9359.6, 2922
9417.93, 2921
9427.03, 2920
9432.85, 2919
9440.24, 2918
9443.61, 2917
9444.53, 2916
9445.47, 2915
9479.22, 2914
9489.25, 2913
9498.52, 2912
9503.29, 2911
9506.74, 2910
9510.46, 2909
9511.37, 2908
9512.81, 2907
9513.23, 2906
9514.17, 2905
9537.39, 2904
9541.56, 2903
9547.66, 2902
9549.53, 2901
9550.49, 2900
9646.81, 2899
9686.05, 2898
9714.55, 2897
9718.37, 2896
9721.64, 2895
9729.79, 2894
9734.98, 2893
9738.04, 2892
9740.86, 2891
9745.55, 2890
9748.05, 2889
9749.19, 2888
9751.63, 2887
9755.75, 2886
9765.4, 2885
9769.12, 2884
9773.09, 2883
9776.95, 2882
9784.16, 2881
9784.27, 2880
9784.6, 2879
9806.0, 2878
9806.84, 2877
9934.9, 2876
9935.84, 2875
9936.77, 2874
9937.75, 2873
9938.71, 2872
9982.07, 2871
10001.15, 2870
10005.27, 2869
10009.49, 2868
10040.17, 2867
10041.11, 2866
10042.04, 2865
10051.85, 2864
10054.66, 2863
10058.9, 2862
10079.52, 2861
10100.51, 2860
10106.39, 2859
10113.2, 2858
10117.21, 2857
10120.43, 2856
10129.86, 2855
10135.19, 2854
10139.83, 2853
10144.46, 2852
10146.15, 2851
10146.31, 2850
10147.63, 2849
10263.83, 2848
10268.05, 2847
10283.73, 2846
10287.1, 2845
10290.31, 2844
10292.51, 2843
10293.44, 2842
10299.09, 2841
10304.27, 2840
10309.92, 2839
10313.55, 2838
10317.92, 2837
10320.14, 2836
10337.99, 2835
10351.84, 2834
10356.43, 2833
10360.08, 2832
10413.04, 2831
10452.32, 2830
10455.84, 2829
10470.04, 2828
10474.18, 2827
10479.41, 2826
10481.08, 2825
10481.93, 2824
10482.91, 2823
10486.95, 2822
10490.53, 2821
10494.23, 2820
10509.01, 2819
10514.24, 2818
10568.73, 2817
10616.45, 2816
10619.97, 2815
10626.26, 2814
10630.23, 2813
10633.71, 2812
10636.21, 2811
10637.15, 2810
10646.72, 2809
10652.2, 2808
10656.65, 2807
10658.83, 2806
10659.85, 2805
10686.89, 2804
10692.33, 2803
10696.93, 2802
10703.45, 2801
10707.55, 2800
10713.82, 2799
10717.41, 2798
10718.36, 2797
10719.32, 2796
10733.7, 2795
10736.82, 2794
10740.31, 2793
10741.26, 2792
10746.93, 2791
10747.62, 2790
10759.6, 2789
10765.29, 2788
10769.9, 2787
10774.75, 2786
10775.61, 2785
10776.61, 2784
10792.6, 2783
10793.51, 2782
10794.41, 2781
10795.33, 2780
10808.79, 2779
10811.08, 2778
10812.64, 2777
10812.97, 2776
10905.57, 2775
10924.2, 2774
10924.24, 2773
10924.25, 2772
11157.61, 2771
11161.62, 2770
11175.8, 2769
11184.99, 2768
11185.9, 2767
11195.21, 2766
11195.25, 2765
11195.25, 2764
11225.83, 2763
11267.22, 2762
11271.41, 2761
11276.02, 2760
11356.27, 2759
11361.11, 2758
11366.2, 2757
11368.03, 2756
11380.92, 2755
11385.42, 2754
11388.34, 2753
11392.26, 2752
11392.31, 2751
11392.34, 2750
11395.54, 2749
11400.47, 2748
11403.8, 2747
11407.9, 2746
11417.54, 2745
11420.65, 2744
11424.19, 2743
11430.99, 2742
11431.93, 2741
11432.88, 2740
11439.75, 2739
11443.53, 2738
11448.58, 2737
11454.39, 2736
11458.97, 2735
11466.56, 2734
11471.96, 2733
11475.57, 2732
11477.61, 2731
11478.59, 2730
11479.53, 2729
11653.56, 2728
11662.91, 2727
11667.24, 2726
11670.48, 2725
11672.35, 2724
11685.6, 2723
11688.49, 2722
11778.22, 2721
11791.27, 2720
11797.63, 2719
11817.75, 2718
11818.88, 2717
11819.78, 2716
11820.72, 2715
11821.62, 2714
11822.59, 2713
11823.52, 2712
11831.58, 2711
11836.37, 2710
11838.83, 2709
11849.19, 2708
11854.06, 2707
11858.18, 2706
11860.82, 2705
11861.85, 2704
11862.67, 2703
11868.44, 2702
11873.1, 2701
11877.87, 2700
11886.11, 2699
11889.55, 2698
11893.35, 2697
11905.62, 2696
11905.71, 2695
11908.1, 2694
11915.72, 2693
12061.17, 2692
12103.6, 2691
12111.12, 2690
12118.44, 2689
12120.37, 2688
12121.12, 2687
12168.16, 2686
12199.16, 2685
12200.13, 2684
12204.83, 2683
12230.86, 2682
12230.96, 2681
12230.98, 2680
12231.22, 2679
12232.48, 2678
12234.61, 2677
12234.7, 2676
12241.91, 2675
12249.32, 2674
12250.3, 2673
12259.35, 2672
12263.69, 2671
12265.96, 2670
12271.27, 2669
12274.62, 2668
12279.07, 2667
12283.47, 2666
12286.77, 2665
12290.32, 2664
12298.51, 2663
12302.29, 2662
12307.57, 2661
12310.96, 2660
12312.73, 2659
12319.55, 2658
12330.43, 2657
12332.16, 2656
12332.2, 2655
12340.95, 2654
12517.06, 2653
12534.57, 2652
12545.19, 2651
12558.21, 2650
12632.2, 2649
12648.22, 2648
12653.41, 2647
12656.85, 2646
12664.11, 2645
12664.59, 2644
12665.51, 2643
12666.48, 2642
12671.6, 2641
12678.26, 2640
12685.65, 2639
12694.49, 2638
12697.88, 2637
12697.92, 2636
12847.53, 2635
12894.76, 2634
12903.57, 2633
12909.79, 2632
12912.75, 2631
12913.69, 2630
12917.96, 2629
12930.96, 2628
12937.79, 2627
12938.28, 2626
12941.95, 2625
12954.71, 2624
12960.05, 2623
12960.8, 2622
12983.83, 2621
12983.88, 2620
12983.9, 2619
12983.91, 2618
12984.75, 2617
13004.16, 2616
13009.55, 2615
13013.24, 2614
13014.06, 2613
13014.97, 2612
13031.86, 2611
13243.45, 2610
13244.38, 2609
13247.09, 2608
13247.5, 2607
13256.81, 2606
13268.92, 2605
13272.39, 2604
13277.46, 2603
13284.7, 2602
13289.18, 2601
13295.81, 2600
13301.68, 2599
13306.39, 2598
13308.58, 2597
13309.5, 2596
13316.53, 2595
13320.06, 2594
13323.3, 2593
13325.95, 2592
13334.89, 2591
13337.77, 2590
13349.68, 2589
13354.66, 2588
13360.65, 2587
13367.47, 2586
13369.1, 2585
13370.1, 2584
13371.11, 2583
13393.86, 2582
13396.97, 2581
13397.79, 2580
13398.71, 2579
13529.61, 2578
13637.43, 2577
13652.15, 2576
13653.04, 2575
13657.82, 2574
13664.95, 2573
13668.73, 2572
13672.66, 2571
13675.23, 2570
13680.75, 2569
13701.58, 2568
13704.26, 2567
13707.14, 2566
13708.43, 2565
13715.43, 2564
13722.92, 2563
13725.79, 2562
13729.25, 2561
13729.68, 2560
13730.59, 2559
13754.21, 2558
13876.16, 2557
13881.99, 2556
13886.19, 2555
13888.08, 2554
13892.39, 2553
13896.01, 2552
13909.27, 2551
13917.92, 2550
13923.38, 2549
13928.07, 2548
13930.29, 2547
13931.05, 2546
13940.91, 2545
13945.15, 2544
13948.83, 2543
13951.45, 2542
13952.36, 2541
13956.64, 2540
13967.26, 2539
13970.83, 2538
13974.94, 2537
13981.01, 2536
13985.18, 2535
13988.49, 2534
13992.29, 2533
13996.57, 2532
13997.12, 2531
14031.6, 2530
14033.43, 2529
14034.52, 2528
14035.3, 2527
14036.23, 2526
14132.74, 2525
14144.84, 2524
14152.47, 2523
14161.6, 2522
14215.47, 2521
14224.09, 2520
14227.55, 2519
14236.24, 2518
14239.81, 2517
14243.93, 2516
14250.95, 2515
14251.9, 2514
14252.84, 2513
14262.71, 2512
14270.97, 2511
14274.16, 2510
14276.15, 2509
14281.18, 2508
14285.4, 2507
14438.63, 2506
14473.08, 2505
14481.41, 2504
14485.96, 2503
14492.36, 2502
14497.74, 2501
14505.01, 2500
14507.05, 2499
14507.98, 2498
14516.67, 2497
14520.15, 2496
14607.07, 2495
14651.78, 2494
14656.06, 2493
14660.14, 2492
14664.13, 2491
14665.02, 2490
14671.2, 2489
14676.81, 2488
14681.6, 2487
14685.59, 2486
14689.49, 2485
14699.55, 2484
14701.04, 2483
14701.9, 2482
14709.7, 2481
14714.27, 2480
14733.37, 2479
14737.59, 2478
14741.94, 2477
14744.48, 2476
14753.17, 2475
14757.87, 2474
14761.15, 2473
14763.41, 2472
14794.06, 2471
14975.54, 2470
14987.55, 2469
14993.53, 2468
14995.67, 2467
14996.76, 2466
15003.64, 2465
15008.8, 2464
15009.67, 2463
15017.34, 2462
15020.43, 2461
15023.85, 2460
15091.89, 2459
15094.44, 2458
15098.83, 2457
15153.67, 2456
15170.97, 2455
15190.4, 2454
15195.88, 2453
15202.92, 2452
15205.55, 2451
15209.47, 2450
15216.83, 2449
15223.49, 2448
15229.26, 2447
15229.37, 2446
15236.7, 2445
15242.25, 2444
15246.42, 2443
15246.51, 2442
15260.83, 2441
15265.41, 2440
15269.26, 2439
15360.98, 2438
15372.79, 2437
15380.51, 2436
15382.06, 2435
15387.61, 2434
15405.85, 2433
15406.06, 2432
15406.09, 2431
15406.1, 2430
15502.26, 2429
15503.19, 2428
15510.29, 2427
15515.08, 2426
15518.55, 2425
15520.89, 2424
15530.95, 2423
15534.36, 2422
15537.27, 2421
15618.58, 2420
15621.55, 2419
15625.94, 2418
15630.85, 2417
15671.51, 2416
15676.7, 2415
15680.26, 2414
15685.67, 2413
15689.47, 2412
15694.17, 2411
15717.31, 2410
15720.75, 2409
15724.11, 2408
15726.08, 2407
15734.33, 2406
15737.54, 2405
15741.04, 2404
15745.17, 2403
15750.98, 2402
15754.39, 2401
15763.48, 2400
15827.96, 2399
15947.87, 2398
15960.57, 2397
15967.36, 2396
15970.91, 2395
15974.65, 2394
15978.26, 2393
15979.68, 2392
15985.08, 2391
16000.86, 2390
16004.2, 2389
16009.27, 2388
16014.42, 2387
16018.17, 2386
16021.47, 2385
16023.58, 2384
16030.93, 2383
16034.75, 2382
16037.53, 2381
16043.85, 2380
16052.82, 2379
16056.32, 2378
16060.22, 2377
16062.08, 2376
16068.64, 2375
16071.7, 2374
16076.85, 2373
16091.29, 2372
16095.16, 2371
16099.11, 2370
16103.42, 2369
16106.98, 2368
16110.98, 2367
16124.13, 2366
16125.51, 2365
16129.16, 2364
16152.73, 2363
16159.35, 2362
16165.79, 2361
16170.2, 2360
16171.2, 2359
16172.15, 2358
16173.09, 2357
16195.95, 2356
16251.5, 2355
16255.95, 2354
16260.17, 2353
16264.28, 2352
16269.97, 2351
16291.68, 2350
16296.55, 2349
16301.48, 2348
16303.06, 2347
16308.01, 2346
16314.45, 2345
16318.42, 2344
16345.73, 2343
16350.41, 2342
16353.95, 2341
16363.43, 2340
16363.81, 2339
16364.74, 2338
16373.28, 2337
16382.13, 2336
16386.14, 2335
16389.38, 2334
16390.36, 2333
16494.94, 2332
16501.96, 2331
16506.87, 2330
16515.75, 2329
16518.87, 2328
16519.79, 2327
16520.76, 2326
16528.22, 2325
16534.63, 2324
16535.38, 2323
16536.43, 2322
16549.04, 2321
16552.89, 2320
16561.18, 2319
16565.8, 2318
16569.79, 2317
16571.49, 2316
16576.44, 2315
16579.46, 2314
16583.89, 2313
16592.21, 2312
16607.87, 2311
16608.87, 2310
16609.67, 2309
16613.05, 2308
16617.87, 2307
16620.92, 2306
16628.19, 2305
16659.82, 2304
16665.31, 2303
16690.17, 2302
16696.5, 2301
16697.43, 2300
16698.35, 2299
16699.3, 2298
16700.32, 2297
16701.25, 2296
16730.75, 2295
16731.66, 2294
16732.6, 2293
16733.5, 2292
16734.47, 2291
16735.33, 2290
16763.59, 2289
16767.77, 2288
16772.16, 2287
16775.2, 2286
16775.28, 2285
16776.15, 2284
16777.09, 2283
16777.99, 2282
16785.2, 2281
16797.61, 2280
16804.42, 2279
16805.26, 2278
16806.17, 2277
16807.13, 2276
16808.02, 2275
16887.94, 2274
16895.98, 2273
16896.15, 2272
16897.08, 2271
16897.99, 2270
16899.05, 2269
16900.11, 2268
16900.83, 2267
16924.05, 2266
16926.88, 2265
16927.79, 2264
16928.71, 2263
16929.66, 2262
16941.7, 2261
16942.63, 2260
16947.03, 2259
16951.4, 2258
16954.72, 2257
16958.9, 2256
16963.97, 2255
16973.13, 2254
16976.66, 2253
16985.42, 2252
16988.5, 2251
16992.54, 2250
16998.57, 2249
17002.41, 2248
17005.31, 2247
17034.97, 2246
17035.85, 2245
17036.78, 2244
17038.18, 2243
17067.19, 2242
17068.13, 2241
17069.05, 2240
17070.0, 2239
17070.95, 2238
17071.86, 2237
17106.65, 2236
17114.82, 2235
17120.64, 2234
17120.96, 2233
17121.92, 2232
17122.8, 2231
17123.74, 2230
17137.15, 2229
17156.48, 2228
17157.43, 2227
17158.56, 2226
17205.14, 2225
17206.28, 2224
17209.07, 2223
17209.16, 2222
17209.17, 2221
17211.12, 2220
17339.83, 2219
17352.74, 2218
17353.78, 2217
17354.65, 2216
17355.55, 2215
17356.51, 2214
17360.89, 2213
17375.25, 2212
17376.53, 2211
17377.52, 2210
17380.17, 2209
17384.75, 2208
17412.27, 2207
17412.29, 2206
17438.39, 2205
17438.5, 2204
17472.88, 2203
17472.92, 2202
17472.94, 2201
17472.96, 2200
17472.97, 2199
17513.28, 2198
17513.66, 2197
17514.64, 2196
17515.79, 2195
17516.67, 2194
17517.83, 2193
17530.29, 2192
17534.6, 2191
17537.96, 2190
17547.12, 2189
17551.06, 2188
17556.0, 2187
17570.75, 2186
17577.23, 2185
17582.58, 2184
17583.46, 2183
17584.54, 2182
17585.27, 2181
17586.18, 2180
17635.92, 2179
17639.74, 2178
17642.05, 2177
17642.06, 2176
17642.08, 2175
17659.08, 2174
17665.12, 2173
17669.34, 2172
17675.91, 2171
17679.76, 2170
17684.06, 2169
17686.03, 2168
17736.47, 2167
17736.58, 2166
17736.6, 2165
17736.61, 2164
17736.63, 2163
17749.24, 2162
17753.58, 2161
17754.57, 2160
17758.88, 2159
17760.61, 2158
17765.36, 2157
17767.72, 2156
17770.65, 2155
17775.34, 2154
17806.86, 2153
17815.17, 2152
17818.1, 2151
17821.85, 2150
17829.34, 2149
17829.58, 2148
17836.59, 2147
17843.1, 2146
17848.47, 2145
17856.58, 2144
17861.18, 2143
17867.62, 2142
17873.66, 2141
17929.65, 2140
17929.8, 2139
17929.83, 2138
17929.85, 2137
17930.23, 2136
17930.27, 2135
17957.05, 2134
17965.71, 2133
17965.8, 2132
17966.74, 2131
17967.42, 2130
17978.14, 2129
17987.41, 2128
17998.39, 2127
17998.5, 2126
17998.52, 2125
17998.54, 2124
18048.39, 2123
18086.21, 2122
18102.89, 2121
18104.13, 2120
18106.59, 2119
18106.69, 2118
18108.74, 2117
18108.97, 2116
18153.61, 2115
18153.71, 2114
18153.73, 2113
18153.75, 2112
18154.13, 2111
18155.19, 2110
18162.25, 2109
18163.15, 2108
18176.49, 2107
18183.14, 2106
18187.23, 2105
18192.85, 2104
18205.67, 2103
18208.75, 2102
18208.86, 2101
18210.01, 2100
18259.95, 2099
18268.46, 2098
18294.43, 2097
18294.48, 2096
18294.49, 2095
18294.49, 2094
18294.5, 2093
18295.91, 2092
18304.78, 2091
18306.69, 2090
18338.24, 2089
18339.14, 2088
18340.07, 2087
18341.82, 2086
18341.91, 2085
18342.82, 2084
18363.3, 2083
18364.2, 2082
18364.8, 2081
18365.72, 2080
18410.52, 2079
18413.19, 2078
18413.33, 2077
18413.44, 2076
18416.89, 2075
18489.79, 2074
18489.88, 2073
18490.41, 2072
18491.32, 2071
18492.23, 2070
18493.14, 2069
18494.38, 2068
18504.35, 2067
18507.36, 2066
18508.09, 2065
18520.84, 2064
18522.23, 2063
18522.69, 2062
18524.04, 2061
18549.67, 2060
18553.45, 2059
18556.98, 2058
18560.24, 2057
18561.15, 2056
18567.22, 2055
18570.57, 2054
18588.95, 2053
18589.02, 2052
18594.16, 2051
18601.51, 2050
18606.45, 2049
18617.05, 2048
18617.1, 2047
18617.65, 2046
18618.56, 2045
18628.11, 2044
18639.14, 2043
18644.07, 2042
18646.04, 2041
18655.57, 2040
18656.63, 2039
18677.4, 2038
18684.28, 2037
18690.23, 2036
18692.28, 2035
18693.22, 2034
18694.5, 2033
18726.47, 2032
18727.34, 2031
18730.3, 2030
18731.24, 2029
18731.26, 2028
18747.38, 2027
18747.49, 2026
18752.0, 2025
18798.43, 2024
18806.12, 2023
18807.04, 2022
18809.87, 2021
18809.91, 2020
18809.92, 2019
18819.32, 2018
18834.12, 2017
18842.38, 2016
18853.08, 2015
18854.79, 2014
18855.61, 2013
18890.95, 2012
18891.84, 2011
18894.12, 2010
18894.17, 2009
18894.58, 2008
18992.67, 2007
19013.43, 2006
19022.23, 2005
19022.33, 2004
19022.98, 2003
19025.2, 2002
19025.42, 2001
19073.05, 2000
19076.28, 1999
19077.09, 1998
19078.02, 1997
19080.2, 1996
19080.27, 1995
19089.61, 1994
19112.29, 1993
19113.32, 1992
19115.35, 1991
19115.38, 1990
19116.05, 1989
19118.32, 1988
19140.04, 1987
19148.47, 1986
19148.51, 1985
19151.16, 1984
19188.48, 1983
19197.91, 1982
19205.81, 1981
19207.41, 1980
19208.5, 1979
19209.31, 1978
19211.17, 1977
19255.96, 1976
19270.1, 1975
19277.85, 1974
19283.96, 1973
19287.31, 1972
19289.12, 1971
19290.38, 1970
19291.76, 1969
19291.95, 1968
19339.89, 1967
19359.86, 1966
19361.19, 1965
19361.95, 1964
19362.95, 1963
19363.66, 1962
19389.93, 1961
19392.0, 1960
19392.01, 1959
19392.7, 1958
19394.51, 1957
19394.55, 1956
19423.73, 1955
19425.77, 1954
19425.84, 1953
19426.16, 1952
19427.88, 1951
19428.08, 1950
19472.28, 1949
19489.67, 1948
19504.06, 1947
19506.21, 1946
19506.39, 1945
19506.87, 1944
19508.21, 1943
19508.76, 1942
19590.15, 1941
19597.81, 1940
19597.92, 1939
19597.97, 1938
19598.0, 1937
19598.02, 1936
19614.63, 1935
19620.52, 1934
19627.22, 1933
19627.32, 1932
19632.42, 1931
19671.9, 1930
19721.45, 1929
19732.07, 1928
19756.77, 1927
19759.19, 1926
19759.3, 1925
19761.17, 1924
19761.48, 1923
19761.52, 1922
19820.74, 1921
19822.7, 1920
19822.78, 1919
19823.6, 1918
19824.48, 1917
19851.65, 1916
19852.29, 1915
19853.23, 1914
19854.13, 1913
19855.44, 1912
19872.13, 1911
19873.26, 1910
19875.13, 1909
19887.04, 1908
19894.42, 1907
19902.8, 1906
19904.64, 1905
19905.57, 1904
19936.39, 1903
19937.29, 1902
19938.67, 1901
19939.11, 1900
19940.02, 1899
19941.02, 1898
19971.07, 1897
19975.2, 1896
19975.3, 1895
19975.48, 1894
19975.5, 1893
19975.9, 1892
20030.68, 1891
20036.07, 1890
20042.58, 1889
20044.33, 1888
20045.82, 1887
20093.95, 1886
20101.98, 1885
20125.47, 1884
20131.86, 1883
20132.85, 1882
20133.8, 1881
20134.75, 1880
20136.16, 1879
20136.57, 1878
20148.74, 1877
20157.37, 1876
20161.04, 1875
20172.2, 1874
20177.22, 1873
20182.41, 1872
20194.94, 1871
20203.7, 1870
20208.77, 1869
20211.04, 1868
20213.56, 1867
20213.87, 1866
20280.82, 1865
20286.6, 1864
20292.1, 1863
20296.41, 1862
20297.36, 1861
20297.38, 1860
20297.38, 1859
20361.34, 1858
20376.14, 1857
20380.68, 1856
20381.66, 1855
20384.75, 1854
20384.84, 1853
20384.86, 1852
20385.41, 1851
20422.81, 1850
20426.97, 1849
20427.01, 1848
20427.03, 1847
20427.64, 1846
20431.9, 1845
20440.26, 1844
20444.59, 1843
20453.42, 1842
20456.49, 1841
20460.54, 1840
20463.23, 1839
20480.72, 1838
20481.65, 1837
20483.35, 1836
20506.66, 1835
20510.05, 1834
20510.14, 1833
20510.19, 1832
20636.63, 1831
20646.94, 1830
20647.89, 1829
20648.9, 1828
20649.93, 1827
20655.62, 1826
20655.66, 1825
20668.13, 1824
20683.14, 1823
20683.68, 1822
20693.73, 1821
20700.82, 1820
20702.04, 1819
20709.42, 1818
20718.8, 1817
20725.03, 1816
20730.67, 1815
20742.59, 1814
20747.79, 1813
20747.88, 1812
20756.57, 1811
20786.38, 1810
20800.06, 1809
20809.83, 1808
20811.32, 1807
20813.08, 1806
20813.17, 1805
20814.14, 1804
20814.98, 1803
20851.78, 1802
20853.35, 1801
20853.37, 1800
20853.98, 1799
20869.58, 1798
20882.43, 1797
20882.73, 1796
20916.91, 1795
20919.14, 1794
20921.04, 1793
20921.09, 1792
20922.05, 1791
20922.85, 1790
20954.43, 1789
20965.72, 1788
20966.41, 1787
20967.34, 1786
20968.23, 1785
20969.26, 1784
20970.14, 1783
20990.84, 1782
21025.16, 1781
21025.47, 1780
21025.82, 1779
21026.8, 1778
21027.7, 1777
21031.16, 1776
21038.59, 1775
21043.66, 1774
21052.34, 1773
21055.21, 1772
21058.49, 1771
21066.57, 1770
21070.3, 1769
21076.03, 1768
21079.4, 1767
21104.85, 1766
21116.47, 1765
21123.46, 1764
21127.71, 1763
21133.35, 1762
21206.74, 1761
21207.79, 1760
21208.77, 1759
21209.59, 1758
21210.46, 1757
21211.4, 1756
21243.46, 1755
21254.03, 1754
21281.33, 1753
21285.15, 1752
21286.08, 1751
21287.03, 1750
21287.98, 1749
21288.89, 1748
21289.84, 1747
21310.2, 1746
21315.1, 1745
21342.25, 1744
21343.19, 1743
21344.51, 1742
21346.82, 1741
21347.84, 1740
21347.9, 1739
21375.15, 1738
21384.63, 1737
21393.04, 1736
21403.23, 1735
21406.18, 1734
21406.26, 1733
21407.08, 1732
21408.02, 1731
21432.05, 1730
21437.49, 1729
21443.6, 1728
21443.86, 1727
21455.59, 1726
21471.2, 1725
21472.58, 1724
21473.18, 1723
21478.38, 1722
21479.54, 1721
21494.57, 1720
21501.52, 1719
21502.43, 1718
21503.38, 1717
21514.57, 1716
21527.78, 1715
21532.74, 1714
21533.34, 1713
21556.2, 1712
21591.07, 1711
21600.71, 1710
21601.62, 1709
21602.55, 1708
21603.45, 1707
21604.44, 1706
21605.32, 1705
21651.63, 1704
21652.59, 1703
21653.67, 1702
21654.48, 1701
21655.61, 1700
21656.62, 1699
21668.29, 1698
21694.64, 1697
21699.41, 1696
21703.05, 1695
21704.98, 1694
21706.0, 1693
21731.04, 1692
21735.78, 1691
21739.75, 1690
21742.21, 1689
21743.14, 1688
21744.48, 1687
21760.43, 1686
21767.7, 1685
21768.62, 1684
21787.28, 1683
21801.63, 1682
21806.77, 1681
21811.07, 1680
21812.89, 1679
21812.91, 1678
21837.04, 1677
21838.05, 1676
21838.79, 1675
21839.73, 1674
21878.02, 1673
21885.46, 1672
21887.75, 1671
21887.81, 1670
21888.19, 1669
21889.29, 1668
21905.22, 1667
21910.96, 1666
21915.99, 1665
21921.22, 1664
21923.6, 1663
21933.12, 1662
21943.43, 1661
21948.51, 1660
21952.6, 1659
21970.53, 1658
21976.14, 1657
21976.95, 1656
21987.55, 1655
21993.8, 1654
21994.74, 1653
21999.59, 1652
22006.03, 1651
22069.53, 1650
22075.38, 1649
22095.54, 1648
22100.27, 1647
22100.36, 1646
22100.73, 1645
22101.64, 1644
22102.56, 1643
22136.08, 1642
22137.75, 1641
22139.0, 1640
22139.6, 1639
22140.68, 1638
22163.17, 1637
22165.76, 1636
22166.75, 1635
22167.64, 1634
22177.62, 1633
22181.15, 1632
22182.12, 1631
22192.07, 1630
22210.38, 1629
22217.44, 1628
22225.51, 1627
22237.39, 1626
22237.53, 1625
22238.01, 1624
22250.76, 1623
22278.08, 1622
22285.63, 1621
22289.79, 1620
22294.09, 1619
22295.13, 1618
22296.0, 1617
22346.37, 1616
22371.08, 1615
22380.56, 1614
22380.99, 1613
22381.03, 1612
22381.4, 1611
22382.75, 1610
22411.2, 1609
22416.75, 1608
22420.08, 1607
22422.58, 1606
22423.37, 1605
22449.47, 1604
22450.08, 1603
22450.99, 1602
22451.97, 1601
22460.96, 1600
22468.8, 1599
22472.93, 1598
22481.71, 1597
22487.73, 1596
22488.89, 1595
22525.16, 1594
22526.04, 1593
22533.29, 1592
22537.58, 1591
22550.33, 1590
22554.35, 1589
22557.61, 1588
22562.61, 1587
22568.52, 1586
22571.76, 1585
22573.51, 1584
22587.67, 1583
22593.78, 1582
22606.5, 1581
22610.99, 1580
22616.65, 1579
22622.4, 1578
22627.38, 1577
22629.21, 1576
22633.55, 1575
22749.05, 1574
22750.04, 1573
22750.96, 1572
22751.85, 1571
22752.89, 1570
22753.78, 1569
22808.92, 1568
22828.14, 1567
22848.31, 1566
22849.26, 1565
22850.27, 1564
22851.2, 1563
22852.65, 1562
22853.9, 1561
22882.96, 1560
22884.07, 1559
22884.81, 1558
22885.71, 1557
22886.64, 1556
22922.99, 1555
22929.19, 1554
22935.27, 1553
22936.24, 1552
22937.23, 1551
22938.28, 1550
22939.18, 1549
22961.08, 1548
22966.94, 1547
22970.11, 1546
22971.8, 1545
22972.86, 1544
23013.71, 1543
23019.56, 1542
23027.85, 1541
23029.28, 1540
23029.7, 1539
23030.75, 1538
23031.6, 1537
23077.57, 1536
23087.59, 1535
23088.56, 1534
23090.3, 1533
23090.47, 1532
23093.13, 1531
23106.79, 1530
23107.79, 1529
23128.76, 1528
23156.32, 1527
23160.36, 1526
23164.15, 1525
23164.96, 1524
23181.0, 1523
23181.09, 1522
23211.41, 1521
23217.4, 1520
23223.05, 1519
23234.27, 1518
23234.38, 1517
23234.39, 1516
23234.6, 1515
23234.62, 1514
23236.22, 1513
23245.11, 1512
23257.09, 1511
23292.57, 1510
23296.63, 1509
23302.84, 1508
23304.59, 1507
23305.52, 1506
23314.95, 1505
23318.6, 1504
23354.04, 1503
23364.74, 1502
23369.13, 1501
23377.06, 1500
23414.23, 1499
23419.59, 1498
23422.18, 1497
23423.09, 1496
23424.01, 1495
23424.93, 1494
23434.68, 1493
23446.92, 1492
23459.31, 1491
23465.62, 1490
23472.85, 1489
23477.64, 1488
23485.58, 1487
23491.43, 1486
23498.38, 1485
23531.03, 1484
23535.38, 1483
23587.34, 1482
23597.2, 1481
23606.43, 1480
23610.15, 1479
23611.06, 1478
23612.33, 1477
23613.09, 1476
23631.93, 1475
23637.61, 1474
23642.76, 1473
23661.51, 1472
23666.27, 1471
23667.43, 1470
23668.07, 1469
23669.0, 1468
23677.19, 1467
23684.77, 1466
23700.34, 1465
23701.31, 1464
23707.0, 1463
23709.77, 1462
23717.48, 1461
23722.54, 1460
23725.63, 1459
23738.72, 1458
23754.23, 1457
23819.31, 1456
23825.42, 1455
23831.66, 1454
23834.8, 1453
23835.71, 1452
23836.64, 1451
23837.54, 1450
23839.31, 1449
23868.97, 1448
23897.39, 1447
23904.31, 1446
23905.25, 1445
23906.16, 1444
23907.25, 1443
23908.02, 1442
23914.41, 1441
23922.65, 1440
23934.78, 1439
23938.9, 1438
23940.31, 1437
23953.53, 1436
23958.86, 1435
23964.67, 1434
23971.69, 1433
23975.76, 1432
23984.66, 1431
23987.93, 1430
23994.77, 1429
24000.44, 1428
24070.76, 1427
24075.54, 1426
24084.28, 1425
24086.57, 1424
24087.36, 1423
24088.32, 1422
24111.28, 1421
24112.13, 1420
24113.25, 1419
24114.15, 1418
24114.9, 1417
24143.45, 1416
24152.87, 1415
24155.8, 1414
24156.73, 1413
24157.66, 1412
24169.09, 1411
24176.3, 1410
24181.26, 1409
24186.66, 1408
24187.58, 1407
24196.56, 1406
24202.84, 1405
24225.41, 1404
24248.12, 1403
24252.65, 1402
24254.04, 1401
24254.43, 1400
24255.49, 1399
24301.82, 1398
24306.74, 1397
24308.45, 1396
24317.98, 1395
24333.03, 1394
24337.1, 1393
24338.85, 1392
24339.77, 1391
24356.05, 1390
24367.8, 1389
24370.78, 1388
24373.47, 1387
24413.37, 1386
24413.7, 1385
24414.52, 1384
24415.31, 1383
24416.25, 1382
24433.36, 1381
24439.02, 1380
24448.66, 1379
24452.41, 1378
24464.44, 1377
24469.25, 1376
24512.89, 1375
24517.9, 1374
24535.29, 1373
24539.93, 1372
24549.41, 1371
24593.55, 1370
24598.99, 1369
24599.85, 1368
24600.76, 1367
24607.09, 1366
24611.38, 1365
24620.28, 1364
24626.51, 1363
24634.4, 1362
24654.53, 1361
24655.39, 1360
24679.96, 1359
24680.21, 1358
24680.23, 1357
24685.2, 1356
24688.77, 1355
24693.72, 1354
24707.45, 1353
24721.55, 1352
24726.81, 1351
24731.79, 1350
24737.7, 1349
24743.46, 1348
24745.55, 1347
24782.52, 1346
24786.91, 1345
24793.21, 1344
24796.53, 1343
24797.07, 1342
24843.58, 1341
24865.32, 1340
24866.89, 1339
24867.18, 1338
24867.21, 1337
24867.26, 1336
24906.5, 1335
24910.84, 1334
24916.98, 1333
24921.14, 1332
24970.47, 1331
24971.67, 1330
24972.32, 1329
24973.22, 1328
24975.16, 1327
24979.91, 1326
25002.94, 1325
25003.7, 1324
25008.74, 1323
25053.17, 1322
25059.86, 1321
25067.58, 1320
25093.35, 1319
25108.52, 1318
25122.24, 1317
25124.62, 1316
25125.57, 1315
25126.48, 1314
25127.38, 1313
25128.65, 1312
25137.53, 1311
25151.35, 1310
25159.84, 1309
25172.85, 1308
25177.55, 1307
25180.78, 1306
25197.88, 1305
25198.11, 1304
25202.98, 1303
25209.68, 1302
25252.07, 1301
25258.5, 1300
25271.36, 1299
25273.64, 1298
25274.44, 1297
25275.43, 1296
25304.71, 1295
25312.92, 1294
25313.89, 1293
25324.31, 1292
25327.89, 1291
25334.9, 1290
25348.65, 1289
25353.17, 1288
25367.06, 1287
25368.56, 1286
25376.25, 1285
25410.92, 1284
25419.5, 1283
25420.42, 1282
25421.9, 1281
25453.34, 1280
25459.77, 1279
25466.32, 1278
25477.0, 1277
25487.69, 1276
25498.46, 1275
25500.81, 1274
25508.49, 1273
25540.26, 1272
25544.49, 1271
25552.49, 1270
25554.23, 1269
25586.13, 1268
25586.92, 1267
25588.18, 1266
25588.98, 1265
25598.5, 1264
25602.81, 1263
25613.71, 1262
25618.14, 1261
25659.78, 1260
25665.56, 1259
25670.85, 1258
25675.2, 1257
25675.57, 1256
25676.54, 1255
25677.5, 1254
25713.49, 1253
25718.43, 1252
25723.54, 1251
25732.73, 1250
25736.83, 1249
25742.7, 1248
25746.9, 1247
25751.61, 1246
25808.88, 1245
25809.85, 1244
25810.77, 1243
25812.28, 1242
25813.66, 1241
25814.29, 1240
25830.99, 1239
25835.65, 1238
25844.55, 1237
25856.2, 1236
25856.3, 1235
25868.46, 1234
25876.33, 1233
25880.81, 1232
25884.57, 1231
25903.34, 1230
25914.59, 1229
25917.92, 1228
25921.68, 1227
25928.19, 1226
25934.65, 1225
25942.47, 1224
25947.57, 1223
25952.79, 1222
25984.04, 1221
26019.53, 1220
26029.27, 1219
26034.02, 1218
26060.99, 1217
26066.43, 1216
26073.37, 1215
26081.69, 1214
26086.77, 1213
26092.76, 1212
26110.43, 1211
26115.91, 1210
26133.71, 1209
26135.26, 1208
26142.9, 1207
26151.68, 1206
26154.92, 1205
26159.85, 1204
26170.73, 1203
26187.2, 1202
26192.65, 1201
26198.38, 1200
26209.76, 1199
26217.8, 1198
26221.18, 1197
26244.86, 1196
26248.94, 1195
26256.66, 1194
26286.26, 1193
26290.01, 1192
26296.42, 1191
26307.06, 1190
26308.0, 1189
26325.59, 1188
26330.14, 1187
26347.23, 1186
26355.18, 1185
26375.38, 1184
26381.26, 1183
26386.89, 1182
26402.34, 1181
26418.78, 1180
26426.52, 1179
26455.91, 1178
26463.97, 1177
26468.52, 1176
26477.65, 1175
26497.72, 1174
26516.91, 1173
26561.46, 1172
26565.39, 1171
26566.26, 1170
26572.73, 1169
26577.89, 1168
26584.68, 1167
26592.23, 1166
26597.1, 1165
26602.17, 1164
26617.78, 1163
26626.48, 1162
26656.5, 1161
26660.41, 1160
26666.73, 1159
26669.03, 1158
26669.99, 1157
26670.93, 1156
26705.65, 1155
26733.36, 1154
26737.89, 1153
26740.26, 1152
26742.08, 1151
26742.64, 1150
26742.69, 1149
26786.19, 1148
26787.07, 1147
26788.03, 1146
26805.22, 1145
26809.64, 1144
26810.55, 1143
26824.23, 1142
26829.94, 1141
26848.43, 1140
26853.38, 1139
26866.96, 1138
26881.86, 1137
26911.27, 1136
26922.31, 1135
26927.22, 1134
26929.8, 1133
26930.57, 1132
26976.86, 1131
27002.39, 1130
27004.29, 1129
27005.23, 1128
27006.19, 1127
27304.11, 1126
27364.55, 1125
27368.49, 1124
27371.53, 1123
27381.85, 1122
27387.47, 1121
27391.85, 1120
27399.88, 1119
27403.59, 1118
27409.61, 1117
27437.12, 1116
27443.06, 1115
27461.38, 1114
27467.14, 1113
27470.95, 1112
27507.04, 1111
27507.26, 1110
27507.28, 1109
27507.29, 1108
27522.28, 1107
27522.88, 1106
27530.0, 1105
27537.41, 1104
27543.48, 1103
27549.59, 1102
27580.34, 1101
27597.26, 1100
27605.17, 1099
27605.35, 1098
27614.5, 1097
27623.51, 1096
27656.02, 1095
27659.73, 1094
27672.81, 1093
27684.56, 1092
27687.25, 1091
27692.07, 1090
27703.74, 1089
27711.38, 1088
27718.58, 1087
27734.63, 1086
27735.58, 1085
27743.47, 1084
27753.4, 1083
27763.5, 1082
