1577.65, 3570
1580.26, 3566
1581.32, 3486
1581.99, 3483
1585.75, 3482
1590.25, 3404
1591.28, 3403
1592.03, 3402
1592.76, 3401
1598.06, 3400
1602.12, 3399
1606.14, 3324
1608.58, 3322
1609.65, 3321
1610.41, 3320
1611.14, 3319
1611.88, 3318
1613.91, 3317
1618.04, 3246
1622.64, 3243
1627.15, 3242
1627.82, 3241
1628.58, 3240
1629.28, 3239
1630.02, 3238
1634.45, 3237
1635.23, 3236
1640.87, 3170
1643.19, 3166
1644.56, 3164
1645.35, 3163
1654.65, 3162
1655.42, 3161
1659.19, 3160
1664.08, 3159
1665.73, 3158
1667.66, 3157
1667.75, 3156
1667.99, 3096
1668.72, 3091
1669.46, 3088
1674.54, 3087
1676.95, 3085
1681.68, 3084
1684.6, 3083
1685.84, 3082
1686.73, 3081
1687.43, 3080
1691.77, 3079
1695.23, 3078
1696.12, 3077
1701.7, 3024
1704.71, 3018
1708.47, 3014
1711.03, 3013
1712.03, 3012
1712.79, 3010
1713.59, 3009
1718.47, 3008
1722.92, 3007
1725.39, 3006
1728.21, 3005
1728.96, 3004
1729.7, 3003
1756.73, 3002
1763.38, 3001
1768.44, 3000
1772.73, 2999
1775.32, 2954
1776.33, 2947
1777.1, 2942
1780.58, 2941
1783.72, 2939
1784.44, 2937
1787.38, 2936
1791.47, 2935
1793.99, 2934
1798.62, 2933
1802.28, 2932
1803.49, 2931
1804.8, 2930
1804.83, 2929
1811.0, 2928
1814.04, 2927
1817.12, 2926
1821.65, 2925
1823.2, 2924
1823.94, 2923
1827.25, 2886
1835.33, 2885
1842.26, 2878
1843.7, 2872
1844.45, 2871
1846.06, 2868
1846.13, 2866
1846.66, 2865
1847.4, 2863
1889.64, 2862
1893.84, 2861
1894.63, 2860
1899.83, 2859
1902.19, 2858
1902.92, 2857
1905.37, 2856
1911.91, 2855
1915.25, 2854
1917.82, 2853
1919.16, 2852
1920.03, 2851
1922.3, 2850
1929.14, 2849
1936.53, 2848
1941.49, 2847
1944.28, 2846
1948.43, 2820
1949.64, 2819
1950.36, 2811
1951.1, 2804
1957.54, 2803
1961.04, 2799
1963.04, 2797
1963.81, 2796
1964.59, 2793
1967.06, 2792
1970.49, 2791
1976.74, 2790
1982.56, 2789
1986.09, 2788
1987.17, 2787
2039.52, 2786
2040.31, 2785
2041.03, 2784
2041.76, 2783
2042.52, 2782
2043.23, 2781
2043.96, 2780
2044.69, 2779
2045.52, 2778
2046.16, 2777
2049.04, 2776
2052.93, 2775
2060.32, 2774
2061.35, 2773
2068.38, 2772
2080.84, 2756
2107.38, 2755
2112.19, 2746
2117.03, 2738
2123.27, 2737
2126.44, 2732
2129.6, 2730
2131.36, 2729
2131.68, 2728
2132.41, 2725
2133.14, 2724
2136.72, 2723
2143.84, 2722
2147.6, 2720
2151.64, 2719
2152.83, 2718
2154.36, 2717
2154.77, 2716
2155.05, 2715
2158.36, 2714
2161.28, 2713
2163.89, 2712
2168.12, 2711
2172.62, 2710
2174.82, 2709
2177.9, 2708
2184.24, 2707
2187.0, 2706
2191.65, 2705
2192.47, 2704
2193.22, 2703
2193.98, 2702
2194.71, 2701
2198.26, 2700
2202.53, 2699
2206.64, 2698
2208.98, 2697
2215.15, 2694
2217.81, 2693
2222.85, 2683
2225.69, 2674
2226.45, 2673
2227.18, 2667
2228.62, 2665
2228.64, 2664
2235.17, 2662
2239.35, 2659
2241.65, 2658
2244.24, 2657
2245.2, 2656
2245.65, 2655
2246.39, 2653
2250.98, 2652
2255.75, 2651
2258.16, 2650
2260.92, 2649
2261.89, 2647
2262.72, 2646
2267.63, 2645
2271.81, 2644
2275.58, 2643
2292.06, 2642
2297.76, 2641
2301.54, 2640
2302.23, 2639
2302.97, 2638
2303.7, 2637
2309.34, 2636
2314.08, 2635
2318.64, 2634
2322.88, 2633
2357.56, 2632
2367.59, 2631
2373.22, 2630
2376.55, 2629
2382.62, 2628
2387.2, 2627
2389.08, 2626
2389.59, 2625
2390.35, 2624
2396.58, 2622
2400.25, 2612
2402.93, 2611
2407.21, 2604
2408.74, 2602
2413.91, 2601
2418.86, 2598
2423.6, 2595
2428.7, 2594
2433.87, 2593
2439.36, 2592
2443.41, 2590
2448.55, 2588
2453.64, 2587
2458.58, 2586
2463.3, 2585
2468.26, 2584
2473.37, 2583
2478.45, 2581
2483.54, 2580
2488.03, 2579
2493.25, 2578
2508.62, 2577
2530.36, 2576
2535.28, 2575
2540.4, 2574
2545.48, 2573
2550.65, 2572
2555.85, 2571
2560.25, 2570
2565.38, 2569
2570.79, 2568
2575.03, 2567
2580.14, 2566
2585.25, 2565
2590.17, 2564
2595.2, 2563
2600.07, 2562
2605.1, 2561
2610.04, 2560
2614.91, 2559
2620.8, 2558
2625.08, 2557
2630.03, 2556
2634.75, 2555
2639.82, 2554
2644.78, 2553
2650.02, 2552
2655.66, 2551
2659.36, 2543
2664.51, 2541
2669.45, 2540
2674.17, 2536
2679.08, 2533
2684.2, 2532
2689.13, 2531
2693.88, 2530
2698.83, 2527
2703.91, 2525
2709.03, 2524
2715.27, 2523
2718.71, 2522
2723.83, 2521
2760.65, 2520
2766.33, 2519
2769.72, 2517
2774.24, 2516
2775.83, 2515
2780.81, 2514
2785.92, 2513
2792.21, 2512
2795.58, 2511
2800.7, 2510
2805.82, 2509
2810.72, 2508
2815.64, 2507
2821.07, 2506
2825.49, 2505
2830.53, 2504
2835.19, 2503
2840.22, 2502
2845.3, 2501
2850.26, 2500
2854.99, 2499
2859.92, 2498
2865.12, 2497
2870.09, 2496
2874.69, 2495
2879.59, 2494
2884.71, 2493
2940.78, 2492
2957.39, 2491
2960.44, 2490
2963.5, 2489
2964.24, 2488
2965.08, 2487
2965.71, 2486
2966.44, 2485
2967.19, 2484
2967.91, 2483
2968.65, 2482
2974.95, 2481
2982.44, 2476
2983.24, 2473
2988.21, 2472
2991.74, 2471
2994.17, 2470
2997.93, 2466
2998.71, 2464
2999.39, 2463
3004.17, 2462
3005.63, 2461
3006.25, 2460
3018.11, 2458
3023.16, 2457
3025.45, 2455
3031.41, 2454
3033.22, 2453
3038.15, 2452
3043.11, 2451
3048.22, 2450
3055.27, 2449
3057.89, 2448
3063.02, 2447
3068.13, 2446
3073.08, 2445
3077.8, 2444
3083.03, 2443
3087.86, 2442
3092.78, 2441
3098.07, 2440
3102.44, 2439
3108.06, 2438
3112.49, 2437
3117.27, 2436
3122.74, 2435
3127.25, 2434
3132.25, 2433
3136.92, 2432
3141.87, 2431
3146.93, 2430
3152.29, 2429
3160.61, 2428
3166.67, 2427
3169.46, 2426
3174.37, 2425
3178.06, 2424
3179.01, 2423
3179.52, 2422
3180.25, 2421
3206.99, 2420
3209.66, 2419
3212.41, 2418
3218.56, 2417
3219.45, 2416
3221.11, 2415
3221.19, 2414
3222.6, 2413
3222.7, 2412
3223.14, 2411
3231.81, 2407
3234.36, 2405
3238.81, 2404
3241.3, 2403
3242.45, 2402
3243.22, 2401
3247.98, 2398
3251.72, 2397
3253.4, 2395
3258.41, 2394
3263.51, 2393
3268.63, 2392
3273.63, 2391
3278.44, 2389
3283.54, 2388
3288.85, 2387
3293.58, 2386
3298.36, 2385
3303.44, 2384
3308.55, 2383
3313.5, 2382
3318.28, 2381
3323.22, 2380
3330.26, 2379
3333.23, 2378
3338.0, 2377
3342.95, 2376
3348.08, 2375
3353.05, 2374
3357.83, 2373
3363.53, 2372
3367.87, 2371
3389.56, 2370
3392.23, 2369
3395.4, 2368
3399.75, 2367
3400.73, 2366
3401.45, 2365
3402.18, 2364
3407.23, 2363
3425.2, 2362
3426.93, 2361
3427.68, 2360
3428.43, 2359
3429.15, 2358
3429.88, 2357
3430.62, 2356
3431.45, 2355
3432.11, 2354
3441.32, 2353
3444.81, 2352
3449.88, 2351
3454.29, 2350
3459.26, 2349
3464.16, 2348
3468.9, 2347
3474.02, 2346
3479.12, 2345
3484.1, 2344
3488.94, 2343
3493.9, 2342
3499.02, 2340
3504.76, 2339
3508.92, 2337
3536.31, 2336
3541.14, 2335
3544.37, 2334
3550.15, 2333
3559.55, 2332
3567.16, 2330
3574.29, 2329
3575.93, 2328
3580.01, 2327
3586.16, 2326
3590.85, 2325
3594.42, 2324
3595.38, 2323
3596.11, 2322
3596.85, 2321
3600.71, 2320
3606.49, 2319
3608.77, 2318
3611.32, 2317
3618.88, 2316
3621.11, 2315
3621.23, 2314
3621.49, 2313
3625.4, 2312
3630.39, 2311
3634.52, 2310
3638.55, 2309
3641.36, 2308
3646.71, 2307
3651.45, 2306
3656.18, 2305
3661.27, 2304
3666.41, 2303
3671.33, 2302
3676.06, 2301
3681.23, 2300
3686.78, 2299
3691.22, 2298
3695.95, 2297
3700.9, 2296
3705.97, 2295
3710.89, 2294
3715.69, 2293
3725.17, 2292
3725.84, 2291
3726.58, 2290
3727.31, 2289
3728.04, 2288
3741.97, 2287
3744.46, 2286
3749.6, 2285
3752.42, 2284
3754.72, 2283
3754.82, 2282
3755.0, 2281
3755.75, 2280
3760.03, 2279
3763.07, 2278
3767.31, 2277
3770.13, 2276
3775.35, 2275
3808.47, 2273
3811.42, 2272
3814.0, 2271
3818.19, 2270
3819.51, 2269
3824.62, 2268
3829.61, 2267
3834.72, 2266
3840.93, 2265
3844.4, 2264
3850.25, 2263
3853.16, 2262
3856.52, 2261
3857.25, 2260
3857.98, 2259
3859.38, 2258
3859.44, 2257
3865.12, 2256
3874.98, 2255
3881.94, 2254
3886.02, 2253
3890.25, 2252
3891.2, 2251
3891.93, 2250
3892.66, 2249
3893.4, 2248
3900.84, 2247
3905.03, 2246
3905.62, 2245
3909.2, 2244
3915.85, 2243
3920.14, 2242
3925.02, 2241
3926.32, 2240
3931.4, 2239
3936.28, 2238
3941.18, 2237
3946.28, 2236
3951.17, 2235
3957.74, 2234
3960.24, 2233
3965.65, 2232
3971.5, 2231
3974.29, 2230
3977.35, 2229
3983.36, 2228
4013.89, 2227
4019.52, 2226
4031.0, 2225
4033.98, 2224
4034.69, 2223
4035.43, 2222
4040.88, 2221
4046.88, 2220
4048.46, 2219
4049.53, 2218
4054.61, 2217
4067.08, 2216
4071.15, 2215
4071.24, 2214
4071.81, 2213
4075.33, 2212
4078.17, 2211
4084.5, 2210
4086.93, 2209
4090.88, 2208
4093.63, 2207
4102.39, 2206
4107.8, 2205
4110.18, 2204
4113.89, 2203
4114.98, 2202
4115.7, 2201
4119.58, 2200
4125.77, 2199
4130.25, 2198
4131.74, 2197
4132.48, 2196
4136.28, 2195
4138.66, 2194
4142.1, 2193
4144.08, 2192
4156.4, 2191
4160.77, 2190
4162.03, 2189
4172.82, 2188
4177.02, 2187
4191.67, 2186
4194.32, 2185
4198.93, 2184
4216.6, 2183
4221.36, 2182
4225.1, 2181
4230.34, 2180
4231.75, 2179
4232.5, 2178
4233.23, 2177
4239.49, 2176
4242.6, 2175
4246.96, 2174
4251.65, 2173
4252.78, 2172
4257.92, 2171
4261.25, 2170
4265.55, 2169
4269.27, 2168
4274.78, 2167
4277.47, 2166
4291.21, 2165
4307.44, 2164
4309.82, 2163
4312.54, 2162
4316.92, 2161
4319.08, 2160
4324.49, 2159
4327.69, 2158
4332.42, 2157
4336.01, 2156
4338.04, 2155
4338.28, 2154
4349.04, 2153
4353.8, 2152
4356.07, 2151
4356.73, 2150
4357.47, 2149
4360.11, 2148
4364.27, 2147
4367.8, 2146
4369.73, 2145
4374.3, 2144
4376.91, 2143
4379.9, 2142
4391.25, 2141
4397.48, 2140
4400.03, 2139
4402.54, 2138
4406.9, 2137
4408.16, 2136
4408.92, 2135
4409.65, 2134
4421.2, 2133
4421.41, 2132
4425.41, 2131
4430.65, 2130
4435.11, 2129
4439.27, 2128
4441.69, 2127
4442.85, 2126
4443.62, 2125
4452.72, 2124
4457.02, 2123
4459.53, 2122
4462.22, 2121
4463.37, 2120
4472.62, 2119
4475.18, 2118
4478.51, 2117
4486.05, 2116
4487.2, 2115
4487.97, 2114
4494.75, 2113
4499.35, 2112
4502.4, 2111
4507.0, 2110
4508.38, 2109
4509.38, 2108
4509.89, 2107
4524.4, 2106
4552.78, 2105
4557.59, 2104
4559.97, 2103
4560.72, 2102
4561.46, 2101
4569.45, 2100
4573.61, 2099
4576.13, 2098
4579.44, 2097
4579.99, 2096
4585.77, 2095
4591.81, 2094
4592.55, 2093
4597.12, 2092
4600.69, 2091
4603.09, 2090
4606.21, 2089
4615.37, 2088
4616.18, 2087
4616.78, 2086
4649.71, 2085
4652.71, 2084
4660.18, 2083
4660.27, 2082
4660.77, 2081
4661.56, 2080
4668.14, 2079
4671.04, 2078
4674.52, 2077
4677.01, 2076
4695.66, 2075
4698.56, 2074
4711.22, 2073
4712.3, 2072
4715.87, 2071
4726.55, 2070
4729.0, 2069
4735.82, 2068
4737.15, 2067
4748.36, 2066
4759.9, 2065
4763.66, 2064
4766.8, 2063
4776.97, 2062
4777.37, 2061
4778.12, 2060
4787.83, 2059
4791.5, 2058
4794.23, 2057
4796.97, 2056
4798.02, 2055
4798.89, 2054
4799.31, 2053
4800.05, 2052
4809.65, 2051
4816.34, 2050
4820.02, 2049
4823.24, 2048
4826.58, 2047
4843.26, 2046
4851.46, 2045
4856.09, 2044
4858.75, 2043
4864.5, 2042
4866.23, 2041
4866.93, 2040
4869.65, 2039
4873.72, 2038
4876.4, 2037
4883.98, 2036
4884.73, 2035
4889.66, 2034
4892.28, 2033
4894.48, 2032
4901.51, 2031
4902.41, 2030
4907.69, 2029
4910.99, 2028
4911.73, 2027
4919.11, 2026
4923.7, 2025
4926.82, 2024
4929.87, 2023
4931.22, 2022
4940.99, 2021
4944.33, 2020
4952.03, 2019
4956.97, 2018
4962.08, 2017
4971.92, 2016
4977.63, 2015
4982.31, 2014
4985.94, 2013
5001.19, 2012
5004.05, 2011
5008.04, 2010
5010.57, 2009
5014.64, 2008
5020.15, 2007
5026.71, 2006
5031.66, 2005
5036.77, 2004
5041.08, 2003
5044.12, 2002
5046.85, 2001
5054.83, 2000
5057.19, 1999
5057.93, 1998
5067.09, 1997
5070.44, 1996
5076.12, 1995
5083.26, 1994
5084.41, 1993
5087.23, 1992
5087.24, 1991
5087.25, 1990
5087.3, 1989
5093.25, 1988
5096.01, 1987
5101.19, 1986
5116.41, 1985
5119.44, 1984
5124.42, 1983
5130.8, 1982
5143.23, 1981
5157.01, 1980
5160.31, 1979
5163.27, 1978
5166.92, 1977
5169.51, 1976
5170.82, 1975
5174.34, 1974
5177.45, 1973
5186.23, 1972
5188.07, 1971
5203.13, 1970
5208.39, 1969
5210.3, 1968
5218.67, 1967
5219.39, 1966
5222.14, 1965
5226.89, 1964
5227.74, 1963
5236.43, 1962
5237.76, 1961
5241.72, 1960
5244.32, 1959
5256.44, 1958
5259.28, 1957
5262.5, 1956
5266.27, 1955
5267.79, 1954
5272.63, 1953
5277.73, 1952
5282.99, 1951
5289.18, 1950
5293.57, 1949
5310.9, 1948
5325.38, 1947
5331.82, 1946
5342.87, 1945
5342.95, 1944
5344.61, 1943
5346.77, 1942
5346.79, 1941
5356.82, 1940
5361.28, 1939
5361.37, 1938
5365.41, 1937
5366.56, 1936
5372.15, 1935
5372.35, 1934
5375.86, 1933
5384.55, 1932
5388.47, 1931
5391.41, 1930
5393.82, 1929
5394.8, 1928
5395.59, 1927
5405.25, 1926
5408.37, 1925
5411.3, 1924
5415.17, 1923
5415.79, 1922
5426.16, 1921
5427.99, 1920
5428.76, 1919
5429.49, 1918
5441.34, 1917
5444.52, 1916
5447.45, 1915
5453.37, 1914
5489.5, 1913
5492.76, 1912
5492.78, 1911
5492.79, 1910
5492.79, 1909
5493.23, 1908
5493.91, 1907
5511.47, 1906
5522.79, 1905
5523.76, 1904
5526.56, 1903
5529.85, 1902
5530.67, 1901
5538.6, 1900
5542.27, 1899
5547.06, 1898
5551.18, 1897
5556.99, 1896
5559.55, 1895
5563.25, 1894
5567.03, 1893
5569.24, 1892
5584.69, 1891
5601.93, 1890
5602.68, 1889
5615.99, 1888
5622.63, 1887
5625.17, 1886
5627.75, 1885
5630.66, 1884
5641.14, 1883
5641.83, 1882
5642.57, 1881
5650.41, 1880
5674.49, 1879
5686.13, 1878
5691.61, 1877
5694.2, 1876
5698.55, 1875
5700.57, 1874
5707.02, 1873
5710.26, 1872
5718.04, 1871
5722.62, 1870
5723.63, 1869
5724.39, 1868
5725.12, 1867
5725.85, 1866
5733.31, 1865
5736.01, 1864
5743.08, 1863
5746.5, 1862
5750.76, 1861
5755.21, 1860
5756.46, 1859
5757.22, 1858
5766.8, 1857
5772.43, 1856
5777.29, 1855
5783.75, 1854
5786.7, 1853
5826.78, 1852
5842.15, 1851
5854.96, 1850
5857.83, 1849
5861.12, 1848
5867.28, 1847
5868.55, 1846
5869.39, 1845
5876.62, 1844
5881.99, 1843
5886.03, 1842
5890.81, 1841
5891.84, 1840
5892.61, 1839
5899.89, 1838
5904.79, 1837
5909.86, 1836
5914.81, 1835
5920.07, 1834
5925.03, 1833
5929.95, 1832
5935.35, 1831
5939.8, 1830
5946.4, 1829
5949.83, 1828
5955.47, 1827
5959.65, 1826
5964.93, 1825
5969.5, 1824
5986.76, 1823
5988.74, 1822
5992.89, 1821
5998.25, 1820
5998.92, 1819
6002.62, 1818
6005.57, 1817
6009.85, 1816
6011.29, 1815
6016.31, 1814
6026.99, 1813
6032.13, 1812
6034.12, 1811
6034.95, 1810
6038.01, 1809
6043.01, 1808
6044.61, 1807
6048.56, 1806
6056.2, 1805
6059.47, 1804
6065.51, 1803
6068.93, 1802
6070.42, 1801
6077.81, 1800
6080.27, 1799
6080.34, 1798
6087.22, 1797
6096.96, 1796
6098.28, 1795
6100.99, 1794
6106.49, 1793
6109.04, 1792
6112.09, 1791
6156.07, 1790
6158.57, 1789
6160.81, 1788
6162.06, 1787
6167.11, 1786
6169.61, 1785
6178.16, 1784
6186.22, 1783
6190.63, 1782
6192.9, 1781
6194.21, 1780
6194.87, 1779
6200.7, 1778
6204.63, 1777
6207.91, 1776
6215.3, 1775
6219.23, 1774
6228.09, 1773
6228.42, 1772
6230.34, 1771
6230.41, 1770
6235.71, 1769
6240.98, 1768
6243.44, 1767
6246.12, 1766
6258.44, 1765
6304.09, 1764
6309.01, 1763
6311.15, 1762
6346.76, 1761
6352.85, 1760
6357.78, 1759
6359.72, 1758
6363.29, 1757
6364.59, 1756
6375.55, 1755
6380.86, 1754
6383.54, 1753
6390.53, 1752
6393.09, 1751
6396.09, 1750
6399.61, 1749
6400.88, 1748
6405.54, 1747
6412.9, 1746
6417.82, 1745
6424.78, 1744
6427.16, 1743
6431.95, 1742
6435.01, 1741
6436.23, 1740
6441.04, 1739
6446.44, 1738
6457.93, 1737
6460.32, 1736
6462.2, 1735
6462.97, 1734
6468.77, 1733
6473.09, 1732
6486.11, 1731
6490.85, 1730
6493.48, 1729
6498.06, 1728
6511.02, 1727
6522.92, 1726
6534.3, 1725
6537.02, 1724
6542.68, 1723
6546.09, 1722
6551.01, 1721
6555.99, 1720
6559.53, 1719
6562.46, 1718
6566.51, 1717
6574.38, 1716
6576.71, 1715
6580.17, 1714
6617.58, 1713
6620.09, 1712
6624.59, 1711
6627.42, 1710
6633.98, 1709
6636.71, 1708
6657.42, 1707
6661.42, 1706
6666.29, 1705
6676.85, 1704
6709.25, 1703
6716.1, 1702
6716.92, 1701
6717.68, 1700
6718.45, 1699
6724.81, 1698
6736.96, 1697
6741.0, 1696
6743.58, 1695
6750.18, 1694
6752.92, 1693
6757.2, 1692
6759.98, 1691
6761.24, 1690
6768.11, 1689
6774.65, 1688
6777.08, 1687
6785.86, 1686
6790.12, 1685
6793.3, 1684
6796.57, 1683
6797.78, 1682
6800.92, 1681
6808.28, 1680
6816.91, 1679
6822.36, 1678
6827.54, 1677
6832.94, 1676
6838.8, 1675
6842.32, 1674
6887.03, 1673
6892.59, 1672
6899.4, 1671
6903.06, 1670
6908.03, 1669
6913.35, 1668
6918.72, 1667
6923.88, 1666
6928.81, 1665
6934.14, 1664
6935.9, 1663
6936.66, 1662
6937.4, 1661
6939.11, 1660
6939.23, 1659
6948.64, 1658
6952.48, 1657
6957.09, 1656
6976.38, 1655
6990.59, 1654
6993.04, 1653
6998.9, 1652
6999.72, 1651
7004.93, 1650
7034.43, 1649
7040.11, 1648
7044.32, 1647
7047.52, 1646
7049.6, 1645
7056.01, 1644
7073.46, 1643
7075.75, 1642
7080.49, 1641
7091.09, 1640
7093.55, 1639
7096.7, 1638
7106.13, 1637
7109.57, 1636
7111.89, 1635
7112.56, 1634
7119.7, 1633
7124.72, 1632
7128.84, 1631
7134.28, 1630
7141.35, 1629
7143.82, 1628
7146.43, 1627
7152.83, 1626
7157.35, 1625
7160.29, 1624
7164.69, 1623
7171.82, 1622
7175.82, 1621
7178.66, 1620
7185.52, 1619
7190.48, 1618
7193.14, 1617
7196.14, 1616
7202.11, 1615
7206.46, 1614
7209.95, 1613
7212.68, 1612
7216.74, 1611
7226.01, 1610
7229.01, 1609
7232.77, 1608
7235.4, 1607
7239.86, 1606
7243.94, 1605
7251.17, 1604
7255.11, 1603
7257.85, 1602
7264.93, 1601
7267.92, 1600
7292.09, 1599
7308.11, 1598
7324.18, 1597
7333.34, 1596
7340.92, 1595
7343.52, 1594
7346.18, 1593
7367.1, 1592
7368.05, 1591
7377.46, 1590
7380.03, 1589
7384.16, 1588
7388.87, 1587
7391.74, 1586
7394.25, 1585
7408.21, 1584
7410.74, 1583
7413.42, 1582
7425.0, 1581
7425.63, 1580
7426.46, 1579
7433.68, 1578
7436.05, 1577
7439.65, 1576
7446.23, 1575
7452.15, 1574
7459.03, 1573
7461.36, 1572
7465.19, 1571
7469.23, 1570
7474.16, 1569
7475.86, 1568
7480.9, 1567
7497.03, 1566
7497.24, 1565
7500.15, 1564
7551.18, 1563
7553.77, 1562
7557.93, 1561
7569.23, 1560
7571.22, 1559
7575.24, 1558
7580.6, 1557
7585.4, 1556
7589.59, 1555
7596.54, 1554
7599.81, 1553
7607.02, 1552
7609.74, 1551
7613.81, 1550
7618.51, 1549
7625.01, 1548
7627.41, 1547
7631.81, 1546
7641.2, 1545
7646.34, 1544
7651.73, 1543
7657.09, 1542
7663.68, 1541
7667.76, 1540
7672.67, 1539
7677.82, 1538
7682.81, 1537
7756.31, 1536
7761.49, 1535
7766.49, 1534
7773.77, 1533
7804.06, 1532
7804.92, 1531
7805.21, 1530
7852.53, 1529
7858.14, 1528
7893.96, 1527
7894.74, 1526
7895.59, 1525
7896.35, 1524
7897.04, 1523
7897.85, 1522
7898.61, 1521
7899.37, 1520
7923.55, 1519
7932.11, 1518
7932.83, 1517
7937.94, 1516
7942.78, 1515
7945.56, 1514
7953.11, 1513
7957.41, 1512
8001.01, 1511
8004.68, 1510
8007.95, 1509
8013.88, 1508
8018.2, 1507
8023.15, 1506
8033.15, 1505
8035.57, 1504
8040.27, 1503
8043.59, 1502
8047.0, 1501
8051.42, 1500
8066.6, 1499
8068.38, 1498
8089.65, 1497
8092.12, 1496
8094.6, 1495
8101.09, 1494
8107.66, 1493
8111.08, 1492
8119.23, 1491
8120.49, 1490
8124.89, 1489
8129.05, 1488
8141.62, 1487
8160.85, 1486
8160.92, 1485
8165.7, 1484
8167.34, 1483
8174.14, 1482
8176.55, 1481
8195.66, 1480
8199.25, 1479
8202.99, 1478
8207.74, 1477
8210.28, 1476
8214.89, 1475
8226.02, 1474
8226.85, 1473
8237.94, 1472
8240.81, 1471
8243.39, 1470
8278.02, 1469
8290.86, 1468
8293.56, 1467
8302.67, 1466
8307.23, 1465
8315.63, 1464
8319.35, 1463
8323.75, 1462
8326.38, 1461
8327.44, 1460
8337.92, 1459
8342.37, 1458
8350.54, 1457
8352.61, 1456
8358.64, 1455
8375.04, 1454
8382.0, 1453
8387.93, 1452
8396.08, 1451
8399.66, 1450
8402.22, 1449
8407.87, 1448
8410.46, 1447
8415.18, 1446
8426.3, 1445
8431.73, 1444
8434.78, 1443
8439.3, 1442
8440.37, 1441
8451.52, 1440
8456.07, 1439
8459.45, 1438
8463.22, 1437
8469.41, 1436
8473.43, 1435
8480.2, 1434
8483.16, 1433
8489.26, 1432
8493.65, 1431
8499.0, 1430
8504.36, 1429
8539.33, 1428
8575.38, 1427
8582.62, 1426
8587.09, 1425
8590.96, 1424
8592.16, 1423
8607.73, 1422
8610.21, 1421
8612.94, 1420
8622.99, 1419
8626.43, 1418
8629.44, 1417
8633.84, 1416
8635.08, 1415
8640.59, 1414
8678.86, 1413
8690.6, 1412
8696.96, 1411
8701.22, 1410
8705.91, 1409
8709.74, 1408
8712.99, 1407
8717.81, 1406
8725.57, 1405
8735.21, 1404
8739.58, 1403
8742.21, 1402
8745.39, 1401
8750.36, 1400
8753.33, 1399
8790.24, 1398
8791.33, 1397
8795.14, 1396
8801.17, 1395
8805.87, 1394
8805.91, 1393
8819.11, 1392
8819.78, 1391
8826.44, 1390
8829.69, 1389
8834.57, 1388
8869.32, 1387
8884.96, 1386
8889.22, 1385
8891.79, 1384
8917.9, 1383
8922.56, 1382
8926.16, 1381
8931.52, 1380
8934.15, 1379
8938.67, 1378
8944.77, 1377
8948.22, 1376
8952.78, 1375
8968.78, 1374
8974.98, 1373
8977.6, 1372
8981.36, 1371
8999.12, 1370
9001.58, 1369
9004.67, 1368
9043.22, 1367
9048.21, 1366
9052.07, 1365
9056.92, 1364
9057.91, 1363
9058.86, 1362
9072.99, 1361
9075.44, 1360
9085.09, 1359
9097.84, 1358
9097.87, 1357
9098.88, 1356
9100.09, 1355
9100.92, 1354
9109.37, 1353
9119.54, 1352
9122.44, 1351
9125.72, 1350
9132.18, 1349
9134.64, 1348
9138.62, 1347
9153.02, 1346
9157.51, 1345
9159.9, 1344
9165.64, 1343
9171.3, 1342
9177.7, 1341
9185.08, 1340
9186.96, 1339
9198.47, 1338
9199.23, 1337
9200.0, 1336
9207.99, 1335
9217.88, 1334
9243.71, 1333
9252.94, 1332
9263.44, 1331
9267.03, 1330
9270.01, 1329
9275.46, 1328
9307.38, 1327
9317.45, 1326
9325.32, 1325
9328.11, 1324
9331.78, 1323
9348.0, 1322
9352.25, 1321
9356.52, 1320
9368.14, 1319
9370.26, 1318
9372.97, 1317
9391.45, 1316
9398.28, 1315
9405.13, 1314
9410.12, 1313
9415.51, 1312
9420.8, 1311
9441.07, 1310
9443.59, 1309
9489.75, 1308
9499.07, 1307
9501.52, 1306
9506.28, 1305
9508.57, 1304
9518.25, 1303
9522.9, 1302
9531.76, 1301
9534.67, 1300
9538.79, 1299
9541.18, 1298
9544.28, 1297
9547.83, 1296
9565.73, 1295
9568.48, 1294
9572.83, 1293
9575.56, 1292
9582.26, 1291
9583.08, 1290
9593.67, 1289
9599.54, 1288
9603.11, 1287
9611.73, 1286
9613.41, 1285
9619.37, 1284
9630.37, 1283
9630.48, 1282
9631.32, 1281
9643.05, 1280
9644.12, 1279
9646.84, 1278
9658.79, 1277
9658.88, 1276
9662.64, 1275
9665.72, 1274
9695.58, 1273
9705.4, 1272
9723.27, 1271
9725.62, 1270
9742.29, 1269
9744.53, 1268
9747.94, 1267
9757.7, 1266
9760.2, 1265
9775.15, 1264
9804.99, 1263
9806.04, 1262
9806.68, 1261
9818.91, 1260
9823.82, 1259
9831.7, 1258
9834.55, 1257
9838.18, 1256
9843.15, 1255
9856.88, 1254
9856.98, 1253
9859.03, 1252
9868.15, 1251
9868.89, 1250
9874.89, 1249
9879.49, 1248
9884.25, 1247
9926.46, 1246
9927.75, 1245
9928.52, 1244
9929.23, 1243
9929.96, 1242
9930.69, 1241
9931.47, 1240
9932.15, 1239
9932.87, 1238
9939.4, 1237
9943.86, 1236
9947.58, 1235
9954.8, 1234
9960.77, 1233
9965.88, 1232
9968.21, 1231
9973.29, 1230
9977.31, 1229
9981.32, 1228
9986.74, 1227
9990.92, 1226
9994.17, 1225
10038.42, 1224
10042.81, 1223
10071.93, 1222
10077.53, 1221
10104.73, 1220
10108.7, 1219
10112.32, 1218
10124.98, 1217
10127.51, 1216
10131.42, 1215
10134.15, 1214
10139.09, 1213
10141.81, 1212
10154.76, 1211
10162.71, 1210
10167.3, 1209
10169.62, 1208
10174.45, 1207
10183.24, 1206
10188.21, 1205
10188.54, 1204
10194.15, 1203
10204.67, 1202
10208.84, 1201
10214.05, 1200
10250.15, 1199
10252.75, 1198
10257.51, 1197
10270.97, 1196
10275.23, 1195
10295.86, 1194
10312.96, 1193
10318.76, 1192
10323.75, 1191
10331.86, 1190
10336.75, 1189
10366.1, 1188
10384.85, 1187
10389.07, 1186
10391.49, 1185
10400.33, 1184
10406.22, 1183
10408.68, 1182
10417.38, 1181
10420.72, 1180
10427.4, 1179
10428.34, 1178
10437.14, 1177
10443.52, 1176
10446.66, 1175
10465.07, 1174
10467.86, 1173
10487.25, 1172
10490.69, 1171
10495.86, 1170
10506.68, 1169
10508.98, 1168
10509.67, 1167
10517.36, 1166
10519.94, 1165
10524.21, 1164
10534.1, 1163
10537.47, 1162
10567.48, 1161
10569.97, 1160
10574.17, 1159
10578.66, 1158
10581.97, 1157
10586.27, 1156
10595.96, 1155
10607.55, 1154
10611.7, 1153
10619.24, 1152
10624.4, 1151
10625.5, 1150
10626.27, 1149
10694.25, 1148
10697.72, 1147
10705.7, 1146
10705.89, 1145
10710.55, 1144
10715.3, 1143
10716.86, 1142
10726.22, 1141
10732.86, 1140
10735.51, 1139
10741.94, 1138
10748.62, 1137
10753.38, 1136
10757.69, 1135
10760.56, 1134
10765.21, 1133
10772.26, 1132
10775.1, 1131
10781.89, 1130
10786.02, 1129
10791.34, 1128
10798.91, 1127
10801.64, 1126
10807.27, 1125
10843.12, 1124
10860.14, 1123
10872.22, 1122
10874.97, 1121
10877.38, 1120
10880.38, 1119
10885.48, 1118
10889.85, 1117
10900.9, 1116
10903.42, 1115
10936.02, 1114
10941.8, 1113
10944.45, 1112
10953.06, 1111
10957.99, 1110
10960.74, 1109
10967.29, 1108
11008.59, 1107
11014.79, 1106
11019.14, 1105
11023.9, 1104
11028.06, 1103
11030.55, 1102
11031.19, 1101
11044.05, 1100
11051.12, 1099
11055.58, 1098
11057.98, 1097
11060.54, 1096
11073.98, 1095
11076.67, 1094
11082.55, 1093
11086.32, 1092
11091.04, 1091
11093.43, 1090
11103.65, 1089
11124.77, 1088
11144.66, 1087
11154.44, 1086
11160.05, 1085
11161.0, 1084
11168.2, 1083
11174.38, 1082
11175.14, 1081
11181.45, 1080
11186.3, 1079
11234.28, 1078
11235.96, 1077
11253.03, 1076
11256.12, 1075
11256.61, 1074
11260.41, 1073
11265.24, 1072
11268.09, 1071
11286.05, 1070
11287.94, 1069
11295.04, 1068
11299.82, 1067
11302.43, 1066
11307.49, 1065
11310.33, 1064
11314.06, 1063
11319.21, 1062
11334.86, 1061
11339.98, 1060
11342.62, 1059
11369.68, 1058
11376.03, 1057
11380.52, 1056
11398.27, 1055
11400.95, 1054
11405.04, 1053
11419.34, 1052
11443.52, 1051
11452.8, 1050
11457.23, 1049
11462.82, 1048
11469.27, 1047
11474.83, 1046
11477.64, 1045
11486.07, 1044
11492.04, 1043
11496.81, 1042
11500.28, 1041
11507.91, 1040
11510.47, 1039
11514.78, 1038
11519.98, 1037
11525.15, 1036
11551.53, 1035
11565.97, 1034
11570.32, 1033
11572.99, 1032
11605.48, 1031
11609.52, 1030
11616.75, 1029
11622.6, 1028
11623.67, 1027
11624.67, 1026
11627.7, 1025
11636.3, 1024
11651.56, 1023
11681.35, 1022
11700.58, 1021
11703.05, 1020
11707.5, 1019
11709.95, 1018
11720.92, 1017
11731.51, 1016
11734.66, 1015
11737.16, 1014
11744.17, 1013
11748.75, 1012
11750.16, 1011
11754.54, 1010
11768.08, 1009
11772.56, 1008
11777.27, 1007
11781.39, 1006
11783.76, 1005
11799.91, 1004
11805.41, 1003
11806.01, 1002
11811.2, 1001
11815.88, 1000
11825.38, 999
11827.98, 998
11833.01, 997
11835.72, 996
11848.2, 995
11891.76, 994
11896.72, 993
11902.44, 992
11906.24, 991
11909.75, 990
11918.0, 989
11925.08, 988
11932.31, 987
11956.85, 986
11957.82, 985
11965.6, 984
11969.7, 983
11971.4, 982
11993.68, 981
12015.34, 980
12026.53, 979
12030.33, 978
12033.62, 977
12039.9, 976
12042.62, 975
12047.4, 974
12051.87, 973
12068.02, 972
12073.48, 971
12075.88, 970
12082.98, 969
12086.09, 968
12090.96, 967
12099.85, 966
12108.71, 965
12109.38, 964
12135.61, 963
12140.62, 962
12142.89, 961
12156.89, 960
12159.64, 959
12165.61, 958
12166.31, 957
12174.06, 956
12208.7, 955
12217.63, 954
12220.05, 953
12224.49, 952
12232.23, 951
12238.82, 950
12240.1, 949
12247.2, 948
12252.4, 947
12257.16, 946
12263.14, 945
12266.87, 944
12272.39, 943
12291.11, 942
12298.15, 941
12301.28, 940
12307.78, 939
12310.91, 938
12341.73, 937
12352.21, 936
12356.34, 935
12359.02, 934
12366.49, 933
12369.11, 932
12373.49, 931
12387.26, 930
12391.27, 929
12393.88, 928
12398.48, 927
12401.2, 926
12407.11, 925
12435.81, 924
12452.87, 923
12458.17, 922
12460.91, 921
12465.71, 920
12466.66, 919
12469.63, 918
12517.45, 917
12521.97, 916
12527.1, 915
12532.21, 914
12537.3, 913
12542.25, 912
12545.48, 911
12551.32, 910
12555.7, 909
12565.67, 908
12568.65, 907
12574.47, 906
12579.18, 905
12585.4, 904
12589.43, 903
12598.23, 902
12600.91, 901
15360.09, 900
15383.09, 899
15386.06, 898
15391.14, 897
15406.55, 896
15410.74, 895
15415.54, 894
15419.18, 893
15424.24, 892
15462.87, 891
15468.39, 890
15473.27, 889
15482.2, 888
15494.62, 887
15497.51, 886
15502.63, 885
15507.3, 884
15509.76, 883
15513.4, 882
15524.6, 881
15537.66, 880
15540.76, 879
15543.22, 878
15545.99, 877
15547.25, 876
15560.98, 875
15564.57, 874
15572.79, 873
15575.95, 872
15580.5, 871
15609.56, 870
15625.3, 869
15632.19, 868
15635.1, 867
15645.67, 866
15650.43, 865
15654.79, 864
15660.21, 863
15665.01, 862
25098.96, 861
28152.26, 860
42326.36, 859
