19218.02, 23005
19325.91, 23001
19413.54, 22791
19456.65, 22788
19491.75, 22787
19561.96, 22579
19567.19, 22578
19664.12, 22577
19703.4, 22576
19789.66, 22575
19812.05, 22574
19862.04, 22369
19867.04, 22367
19908.82, 22366
19931.17, 22365
20015.34, 22364
20021.6, 22363
20041.17, 22362
20058.66, 22161
20063.66, 22158
20189.49, 22157
20198.71, 22156
20264.21, 22155
20277.17, 22154
20299.88, 22153
20314.17, 22152
20401.21, 22151
20418.05, 21955
20442.73, 21951
20517.45, 21949
20542.6, 21948
20563.24, 21947
20635.36, 21946
20675.92, 21945
20685.36, 21944
20699.64, 21943
20712.06, 21942
20742.98, 21751
20894.34, 21746
20924.47, 21743
20958.32, 21742
20990.05, 21741
21071.5, 21740
21095.62, 21739
21106.18, 21738
21119.57, 21737
21132.47, 21736
21152.48, 21735
21170.34, 21734
21180.02, 21733
21204.54, 21732
21230.73, 21549
21366.54, 21543
21446.27, 21539
21525.03, 21538
21540.63, 21537
21562.82, 21535
21627.55, 21534
21671.99, 21533
21693.28, 21532
21714.82, 21531
21730.86, 21530
21753.07, 21529
21920.04, 21528
21967.0, 21527
21977.79, 21526
21995.34, 21525
22131.59, 21524
22206.58, 21349
22253.65, 21342
22322.54, 21337
22332.3, 21336
22345.94, 21335
22371.21, 21334
22376.31, 21332
22399.44, 21331
22417.55, 21330
22426.36, 21329
22454.1, 21328
22574.52, 21327
22612.89, 21326
22630.7, 21325
22647.69, 21324
22663.27, 21323
22692.31, 21322
22837.65, 21321
22868.55, 21320
22921.05, 21319
22925.86, 21318
22955.4, 21317
22970.0, 21151
22989.04, 21143
22993.86, 21137
23010.91, 21136
23030.34, 21135
23072.6, 21133
23209.83, 21131
23243.03, 21130
23265.8, 21128
23288.73, 21127
23355.45, 21126
23466.3, 21125
23523.96, 21124
23543.24, 21123
23548.19, 21122
23652.77, 21121
23706.31, 21120
23711.12, 21119
23733.87, 21118
23828.34, 21117
23857.9, 21116
23872.46, 21115
23971.85, 21114
23982.65, 21113
24001.84, 21112
24014.35, 21111
24046.17, 20955
24080.69, 20946
24095.09, 20939
24110.65, 20938
24117.05, 20937
24151.31, 20934
24156.32, 20932
24195.99, 20931
24243.88, 20928
24256.89, 20927
24263.8, 20926
24280.68, 20925
24312.78, 20924
24378.5, 20923
24404.01, 20922
24428.39, 20921
24454.14, 20920
24489.22, 20919
24523.9, 20918
24558.93, 20917
24579.82, 20916
24605.6, 20915
24638.41, 20914
24669.3, 20913
24675.16, 20912
24697.24, 20911
24724.61, 20910
24741.05, 20909
24767.03, 20908
24787.35, 20907
24793.49, 20906
24835.92, 20761
24865.41, 20751
24877.44, 20743
24882.59, 20742
24926.47, 20741
24931.86, 20737
24965.25, 20735
24970.59, 20734
25000.27, 20733
25021.98, 20730
25048.56, 20729
25059.5, 20728
25193.01, 20727
25202.04, 20725
25225.0, 20724
25237.77, 20723
25245.84, 20722
25259.53, 20721
25287.26, 20720
25304.09, 20719
25320.03, 20718
25346.92, 20717
25385.24, 20716
25418.02, 20715
25429.05, 20714
25465.51, 20713
25476.42, 20712
25502.29, 20711
25524.47, 20710
25541.04, 20709
25549.52, 20708
25565.35, 20707
25587.29, 20706
25610.49, 20705
25616.6, 20704
25643.29, 20703
26309.04, 20569
26313.53, 20558
26361.86, 20549
26366.69, 20548
26426.62, 20547
26479.13, 20542
26483.67, 20540
26512.34, 20539
26522.59, 20537
26548.44, 20534
26554.61, 20533
26570.27, 20532
26598.53, 20531
26623.2, 20530
26627.72, 20528
26642.67, 20527
26662.06, 20526
26679.47, 20525
26694.11, 20524
26721.11, 20523
26747.75, 20522
26757.73, 20521
26802.82, 20520
26825.86, 20519
26849.11, 20518
26869.1, 20517
26879.27, 20516
26902.95, 20515
26922.45, 20514
26939.91, 20513
26981.57, 20512
26996.33, 20511
27008.21, 20510
27028.35, 20509
27051.25, 20508
27070.37, 20507
27091.45, 20506
27171.85, 20505
27211.31, 20504
27216.11, 20503
27257.85, 20502
27280.97, 20501
27299.8, 20500
27311.92, 20499
27347.43, 20379
27366.71, 20367
27371.6, 20357
27393.7, 20356
27414.34, 20355
27430.26, 20349
27475.21, 20347
27510.07, 20346
27526.44, 20343
27531.1, 20340
27550.8, 20339
27590.75, 20338
27617.0, 20337
27653.75, 20335
27670.02, 20333
27679.17, 20332
27693.14, 20331
27717.24, 20330
27741.48, 20329
27767.55, 20328
27773.86, 20327
27792.4, 20326
27832.86, 20325
27858.75, 20324
27876.31, 20323
27894.11, 20322
27901.35, 20321
27933.27, 20320
27951.54, 20319
27963.96, 20318
28000.0, 20317
28011.99, 20316
28052.69, 20315
28074.1, 20314
28111.64, 20313
28149.77, 20312
28154.47, 20311
28174.79, 20310
28208.41, 20309
28233.01, 20308
28247.38, 20307
28272.91, 20306
28277.61, 20305
28347.27, 20304
28368.87, 20303
28377.57, 20302
28400.0, 20301
28418.14, 20300
28437.61, 20299
28455.33, 20298
28500.29, 20297
28540.11, 20191
28573.35, 20178
28578.25, 20167
28595.89, 20166
28616.33, 20165
28640.52, 20158
28647.38, 20156
28670.7, 20155
28701.16, 20151
28714.57, 20148
28744.35, 20147
28749.15, 20146
28810.77, 20145
28839.27, 20142
28858.36, 20140
28870.83, 20139
28890.54, 20138
28903.59, 20137
28939.34, 20136
28944.97, 20135
28973.67, 20134
29015.23, 20133
29033.03, 20132
29054.56, 20131
29061.32, 20130
29087.06, 20129
29093.91, 20128
29113.47, 20127
29168.4, 20126
29191.31, 20125
29210.09, 20124
29231.77, 20123
29237.16, 20122
29274.36, 20121
29323.0, 20120
29343.64, 20119
29383.51, 20118
29420.15, 20117
29424.96, 20116
29469.48, 20115
29496.73, 20114
29521.64, 20113
29526.41, 20112
29557.24, 20111
29563.2, 20110
29601.78, 20109
29615.41, 20108
29642.72, 20107
29647.33, 20106
29692.24, 20105
29699.27, 20104
29718.35, 20103
29739.21, 20102
29760.77, 20101
29772.96, 20100
29796.77, 20099
29813.46, 20098
29856.42, 20097
29906.77, 20096
29911.58, 20005
29944.04, 19991
29964.37, 19979
29975.39, 19978
30001.47, 19977
30021.88, 19969
30078.59, 19967
30103.88, 19966
30116.42, 19961
30125.23, 19958
30139.47, 19957
30162.98, 19956
30177.79, 19955
30255.73, 19951
30280.78, 19949
30301.72, 19948
30336.72, 19947
30353.52, 19946
30371.77, 19945
30397.36, 19943
30425.29, 19942
30439.38, 19941
30471.95, 19940
30482.88, 19939
30500.99, 19938
30527.47, 19937
30532.82, 19936
30558.76, 19935
30582.66, 19934
30634.18, 19933
30652.06, 19932
30676.16, 19931
30699.92, 19930
30713.41, 19929
30723.08, 19928
30752.83, 19927
30777.59, 19926
30807.35, 19925
30819.88, 19924
30853.96, 19923
30908.08, 19922
30934.66, 19921
30959.25, 19920
30981.54, 19919
30997.91, 19918
31029.88, 19917
31053.26, 19916
31092.3, 19915
31100.87, 19914
31123.06, 19913
31155.89, 19912
31171.02, 19911
31188.64, 19910
31211.01, 19909
31224.93, 19908
31240.89, 19907
31263.12, 19906
31304.03, 19905
31322.9, 19904
31331.61, 19903
31356.24, 19902
31367.21, 19901
31392.75, 19900
31418.46, 19899
31429.18, 19898
31455.5, 19897
31466.26, 19896
31513.95, 19821
31518.78, 19806
31548.09, 19793
31552.86, 19792
31588.97, 19791
31616.16, 19782
31638.75, 19780
31663.03, 19779
31671.35, 19773
31692.76, 19770
31751.28, 19769
31760.77, 19768
31779.08, 19767
31808.91, 19766
31813.91, 19762
31844.24, 19760
31862.14, 19759
31896.81, 19758
31917.38, 19757
31963.77, 19756
31979.14, 19753
31997.61, 19752
32005.54, 19751
32020.13, 19750
32038.82, 19749
32057.82, 19748
32078.2, 19747
32156.22, 19746
32188.85, 19745
32197.41, 19744
32222.84, 19743
32240.28, 19742
32271.37, 19741
32285.57, 19740
32323.81, 19739
32343.37, 19738
32377.34, 19737
32400.24, 19736
32410.67, 19735
32441.58, 19734
32448.8, 19733
32475.34, 19732
32480.45, 19731
32497.47, 19730
32519.56, 19729
32558.84, 19728
32581.79, 19727
32587.6, 19726
32616.52, 19725
32636.86, 19724
32650.96, 19723
32670.29, 19722
32717.69, 19721
32739.93, 19720
32761.64, 19719
32791.66, 19718
32819.29, 19717
32861.91, 19716
32872.79, 19715
32896.05, 19714
32912.89, 19713
32945.76, 19712
32950.74, 19711
33006.67, 19710
33029.37, 19709
33032.74, 19708
33053.13, 19707
33099.66, 19706
33114.24, 19705
33125.87, 19704
33153.84, 19703
33158.56, 19702
33182.55, 19701
33275.86, 19700
33282.81, 19699
33305.52, 19698
33314.15, 19697
33402.8, 19639
33407.41, 19623
33456.57, 19609
33461.59, 19608
33480.97, 19607
33499.46, 19597
33530.06, 19595
33566.97, 19594
33575.03, 19587
33594.84, 19584
33613.43, 19583
33627.63, 19582
33632.48, 19581
33666.56, 19579
33685.28, 19575
33708.2, 19573
33727.55, 19572
33732.72, 19571
33771.65, 19570
33787.85, 19569
33811.22, 19568
33823.43, 19565
33852.46, 19564
33868.81, 19563
33891.54, 19562
33899.4, 19561
33927.07, 19560
33940.59, 19559
33981.89, 19558
34014.04, 19557
34055.44, 19555
34090.1, 19554
34104.33, 19553
34114.9, 19552
34128.9, 19551
34156.14, 19550
34171.26, 19549
34175.9, 19548
34240.77, 19547
34251.13, 19546
34272.56, 19545
34317.4, 19544
34323.11, 19543
34381.47, 19542
34410.47, 19541
34426.31, 19540
34440.76, 19539
34474.41, 19538
34492.13, 19537
34519.06, 19536
34546.27, 19535
34551.1, 19534
34586.43, 19533
34633.39, 19532
34649.29, 19531
34691.72, 19530
34720.28, 19529
34735.22, 19528
34756.13, 19527
34775.97, 19526
34788.66, 19525
34803.18, 19524
34868.68, 19523
34879.32, 19522
34905.44, 19521
34913.65, 19520
34938.69, 19519
34970.94, 19518
34983.17, 19517
34993.79, 19516
35024.38, 19515
35028.94, 19514
35051.28, 19513
35066.66, 19512
35126.14, 19511
35158.77, 19510
35179.23, 19509
35213.95, 19508
35241.17, 19507
35278.71, 19506
35338.53, 19505
35358.8, 19504
35374.65, 19503
35408.52, 19502
35422.1, 19501
35455.43, 19500
35480.68, 19499
35557.14, 19459
35563.94, 19442
35577.8, 19427
35618.98, 19426
35623.89, 19425
35671.26, 19414
35691.42, 19412
35712.37, 19411
35737.93, 19403
35768.06, 19400
35805.29, 19399
35828.86, 19398
35839.12, 19397
35868.97, 19394
35882.57, 19390
35890.57, 19388
35914.84, 19387
35919.74, 19386
35942.01, 19385
35952.12, 19384
36005.87, 19382
36010.68, 19379
36037.79, 19378
36056.15, 19377
36073.7, 19376
36086.88, 19375
36108.93, 19374
36126.18, 19373
36168.91, 19372
36178.58, 19371
36216.55, 19370
36254.41, 19368
36279.02, 19367
36309.99, 19366
36322.99, 19365
36336.77, 19364
36362.03, 19363
36366.93, 19362
36406.66, 19361
36454.3, 19360
36479.68, 19359
36502.47, 19358
36508.71, 19357
36546.26, 19356
36563.04, 19355
36567.85, 19354
36591.01, 19353
36627.07, 19352
36638.88, 19351
36679.32, 19350
36691.28, 19349
36705.02, 19348
36732.89, 19347
36750.03, 19346
36771.93, 19345
36786.44, 19344
36799.77, 19343
36809.81, 19342
36838.9, 19341
36850.1, 19340
36879.37, 19339
36899.0, 19338
36909.53, 19337
36932.03, 19336
36941.81, 19335
36955.95, 19334
36979.5, 19333
37006.78, 19332
37020.61, 19331
37034.65, 19330
37052.77, 19329
37067.48, 19328
37081.93, 19327
37118.87, 19326
37133.33, 19325
37150.21, 19324
37166.3, 19323
37181.1, 19322
37195.98, 19321
37224.73, 19320
37239.86, 19319
37259.38, 19318
37274.06, 19317
37289.26, 19316
37313.04, 19315
37332.75, 19314
37347.44, 19313
37363.86, 19312
37389.63, 19311
37404.95, 19310
37420.0, 19309
37439.73, 19308
37456.1, 19307
37471.76, 19306
37495.03, 19305
37511.66, 19304
37527.3, 19303
37588.35, 19281
37597.23, 19263
37611.96, 19247
37625.52, 19246
37638.89, 19245
37656.28, 19233
37670.45, 19231
37683.09, 19230
37696.21, 19229
37717.45, 19221
37730.33, 19218
37745.94, 19217
37764.45, 19216
37774.69, 19215
37795.3, 19211
37809.17, 19207
37824.58, 19205
37843.54, 19204
37855.67, 19203
37868.83, 19202
37887.41, 19201
37917.97, 19198
37928.08, 19195
37938.4, 19194
37958.35, 19193
37968.34, 19192
37981.79, 19191
38001.94, 19190
38011.37, 19189
38024.63, 19188
38037.78, 19187
38076.94, 19186
38112.07, 19185
38128.79, 19183
38138.43, 19182
38173.81, 19181
38189.8, 19180
38206.46, 19179
38230.48, 19178
38246.5, 19177
38266.11, 19176
38298.01, 19175
38312.61, 19174
38342.48, 19173
38355.97, 19172
38370.84, 19171
38405.03, 19170
38419.1, 19169
38424.59, 19168
38454.3, 19167
38479.71, 19166
38486.42, 19165
38535.32, 19164
38571.44, 19163
38588.13, 19162
38597.81, 19161
38639.9, 19160
38682.87, 19159
38707.48, 19158
38726.06, 19157
38740.26, 19156
38759.74, 19155
38807.9, 19154
38822.58, 19153
38835.98, 19152
38893.0, 19151
38899.51, 19150
38914.3, 19149
38945.25, 19148
38950.3, 19147
38964.79, 19146
39012.3, 19145
39028.12, 19144
39045.91, 19143
39060.29, 19142
39091.07, 19141
39100.53, 19140
39127.78, 19139
39144.68, 19138
39184.95, 19137
39209.22, 19136
39244.17, 19135
39255.32, 19134
39288.71, 19133
39298.91, 19132
39319.75, 19131
39369.43, 19130
39387.91, 19129
39400.88, 19128
39419.73, 19127
39435.16, 19126
39475.09, 19125
39497.64, 19124
39514.42, 19123
39544.41, 19122
39560.96, 19121
39605.61, 19120
39611.44, 19119
39632.83, 19118
39655.39, 19117
39665.01, 19116
39703.72, 19115
39716.46, 19114
39734.91, 19113
39751.13, 19112
39778.39, 19111
39794.78, 19110
39819.47, 19109
39834.83, 19108
39848.23, 19107
39871.91, 19106
39944.2, 19105
39964.41, 19086
40293.92, 19069
40312.87, 19068
40347.83, 19067
40360.66, 19054
40381.72, 19052
40389.04, 19051
40412.25, 19050
40437.14, 19041
40441.88, 19038
40477.23, 19037
40481.95, 19036
40504.41, 19035
40536.77, 19030
40549.31, 19026
40570.22, 19024
40582.34, 19023
40611.9, 19022
40644.22, 19021
40648.99, 19020
40694.74, 19016
40711.44, 19013
40720.42, 19012
40752.77, 19011
40770.4, 19010
40807.15, 19009
40823.9, 19008
40847.59, 19007
40879.99, 19006
40897.93, 19005
40956.21, 19004
40969.88, 19003
40989.25, 19002
41020.17, 19000
41027.31, 18999
41066.1, 18998
41088.11, 18997
41119.88, 18996
41150.88, 18995
41155.61, 18994
41178.72, 18993
41202.89, 18992
41259.36, 18991
41284.22, 18990
41305.9, 18989
41321.63, 18988
41326.44, 18987
41394.36, 18986
41407.02, 18985
41426.53, 18984
41445.47, 18983
41452.62, 18982
41482.86, 18981
41512.81, 18980
41550.81, 18979
41575.93, 18978
41595.87, 18977
41613.79, 18976
41637.23, 18975
41650.38, 18974
41671.18, 18973
41684.47, 18972
41731.98, 18971
41775.55, 18970
41805.94, 18969
41837.22, 18968
41841.91, 18967
41870.49, 18966
41921.08, 18965
41947.16, 18964
41962.28, 18963
41985.09, 18962
41989.83, 18961
42027.31, 18960
42068.04, 18959
42082.16, 18958
42086.87, 18957
42142.53, 18956
42175.3, 18955
42195.96, 18954
42217.1, 18953
42234.06, 18952
42250.71, 18951
42318.0, 18950
42322.77, 18949
42351.98, 18948
42374.35, 18947
42403.06, 18946
42430.44, 18945
42443.2, 18944
42460.47, 18943
42507.52, 18942
42562.71, 18941
42567.43, 18940
42597.68, 18939
42612.82, 18938
42625.25, 18937
42657.75, 18936
42696.35, 18935
42725.44, 18934
42749.51, 18933
42769.15, 18932
42797.69, 18931
42832.6, 18930
42875.89, 18929
42888.89, 18928
42915.32, 18927
42940.43, 18926
42970.49, 18925
42992.97, 18924
43053.96, 18923
43072.86, 18922
43093.05, 18921
43132.44, 18920
43149.87, 18919
43156.51, 18918
43201.01, 18917
43242.14, 18916
43267.42, 18915
43279.7, 18914
43332.97, 18913
43351.33, 18912
43394.94, 18911
43502.52, 18893
43514.12, 18892
43535.37, 18891
43549.13, 18877
43570.48, 18875
43596.16, 18874
43610.18, 18873
43626.94, 18863
43647.1, 18860
43668.38, 18859
43714.46, 18858
43741.36, 18857
43764.99, 18851
43788.53, 18847
43796.9, 18845
43812.38, 18844
43829.57, 18843
43840.42, 18842
43886.2, 18841
43929.33, 18836
43948.98, 18833
43971.64, 18832
44001.33, 18831
44026.46, 18830
44040.67, 18829
44058.81, 18828
44100.59, 18827
44106.63, 18826
44120.93, 18825
44150.7, 18823
44163.31, 18822
44198.48, 18821
44227.13, 18819
44259.85, 18818
44317.7, 18817
44350.76, 18816
44356.31, 18815
44403.07, 18814
44425.74, 18813
44439.81, 18812
44512.54, 18810
44539.99, 18809
44579.17, 18808
44632.31, 18807
44649.13, 18806
44671.54, 18805
44685.92, 18804
44708.49, 18803
44716.01, 18802
44744.57, 18801
44771.69, 18800
44786.79, 18799
44826.18, 18798
44859.28, 18797
44868.06, 18796
44944.03, 18795
44948.83, 18794
44967.14, 18793
45011.33, 18792
45016.03, 18791
45038.68, 18790
45060.11, 18789
45080.41, 18788
45115.0, 18787
45160.25, 18786
45174.45, 18785
45215.91, 18784
45233.59, 18783
45258.87, 18782
45321.98, 18781
45327.64, 18780
45356.79, 18779
45391.17, 18778
45402.0, 18777
45428.86, 18776
45473.2, 18775
45548.58, 18774
45562.27, 18773
45574.82, 18772
45599.42, 18771
45615.66, 18770
45636.58, 18769
45687.02, 18768
45706.5, 18767
45731.27, 18766
45796.59, 18765
45821.21, 18764
45831.78, 18763
45862.47, 18762
45872.39, 18761
45896.04, 18760
45917.86, 18759
45964.07, 18758
45993.4, 18757
46072.47, 18756
46088.75, 18755
46133.85, 18754
46144.07, 18753
46193.77, 18752
46258.64, 18751
46287.39, 18750
46300.54, 18749
46330.01, 18748
46356.48, 18747
46383.56, 18746
46417.98, 18745
46447.86, 18744
46457.29, 18743
46515.27, 18742
46545.36, 18741
46574.23, 18740
46602.55, 18739
46628.16, 18738
46658.4, 18737
46673.81, 18736
46707.17, 18735
46721.75, 18734
46751.98, 18733
46814.49, 18732
46832.29, 18731
46868.5, 18730
46891.58, 18729
46918.2, 18728
46965.36, 18727
46998.6, 18726
47050.26, 18725
47069.02, 18724
47105.84, 18723
47146.34, 18722
47156.17, 18721
47192.61, 18720
47239.01, 18719
47251.25, 18718
47268.53, 18717
47382.35, 18702
47393.36, 18700
47413.22, 18699
47418.02, 18698
47440.15, 18687
47459.79, 18684
47530.98, 18683
47594.21, 18682
47615.9, 18681
47649.97, 18674
47662.3, 18670
47680.19, 18668
47704.91, 18667
47732.11, 18666
47777.44, 18665
47784.68, 18664
47870.98, 18663
47921.39, 18658
47953.75, 18655
47962.78, 18654
47979.58, 18653
48011.24, 18652
48027.63, 18651
48043.36, 18650
48048.17, 18649
48091.18, 18648
48156.62, 18647
48188.95, 18644
48202.86, 18643
48239.13, 18642
48252.93, 18640
48276.63, 18639
48288.24, 18638
48307.01, 18637
48358.01, 18636
48422.49, 18635
48427.3, 18634
48462.6, 18633
48499.37, 18632
48523.61, 18630
48548.22, 18629
48572.79, 18628
48579.65, 18627
48648.53, 18626
48653.34, 18625
48701.38, 18624
48733.88, 18623
48746.88, 18622
48761.54, 18621
48776.63, 18620
48789.54, 18619
48842.4, 18618
48901.28, 18617
48927.58, 18616
48948.26, 18615
48971.64, 18614
48984.84, 18613
49012.46, 18612
49026.96, 18611
49045.23, 18610
49103.85, 18609
49142.95, 18608
49189.89, 18607
49227.54, 18606
49264.07, 18605
49278.87, 18604
49346.82, 18603
49415.97, 18602
49427.33, 18601
49449.86, 18600
49481.82, 18599
49511.56, 18598
49544.22, 18597
49564.49, 18596
49591.07, 18595
49612.88, 18594
49631.24, 18593
49706.56, 18592
49783.94, 18591
49793.39, 18590
49814.49, 18589
49848.1, 18588
49867.57, 18587
49904.12, 18586
49930.63, 18585
49945.41, 18584
49971.58, 18583
50069.52, 18582
50089.21, 18581
50108.15, 18580
50116.75, 18579
50148.92, 18578
50156.86, 18577
50215.58, 18576
50234.12, 18575
50307.47, 18574
50340.57, 18573
50394.54, 18572
50412.34, 18571
50425.95, 18570
50462.32, 18569
50481.18, 18568
50487.74, 18567
50507.32, 18566
50524.56, 18565
50545.58, 18564
50653.05, 18563
50675.99, 18562
50721.14, 18561
50775.51, 18560
50786.46, 18559
50815.97, 18558
50848.83, 18557
50897.17, 18556
50955.43, 18555
50983.31, 18554
51034.65, 18553
51076.16, 18552
51102.57, 18551
51128.73, 18550
51142.85, 18549
51182.49, 18548
51222.25, 18547
51271.63, 18546
51290.38, 18545
51306.88, 18544
51330.24, 18543
51385.88, 18542
51429.62, 18541
51459.16, 18540
51471.69, 18539
51496.68, 18538
51520.04, 18537
51549.61, 18536
51564.18, 18535
51619.49, 18534
51672.81, 18533
51723.48, 18532
51732.29, 18531
51763.69, 18530
51805.46, 18529
51815.42, 18528
51862.08, 18527
51880.31, 18526
51930.39, 18525
51957.79, 18524
52062.64, 18513
52094.72, 18510
52142.23, 18509
52192.69, 18508
52205.62, 18507
52244.91, 18499
52252.85, 18495
52282.91, 18493
52296.08, 18492
52315.45, 18491
52342.75, 18490
52376.95, 18489
52411.18, 18487
52455.87, 18482
52478.99, 18479
52501.45, 18478
52529.64, 18477
52563.26, 18476
52603.02, 18475
52620.43, 18474
52641.14, 18473
52648.48, 18472
52660.39, 18471
52743.5, 18467
52791.52, 18466
52805.92, 18465
52851.47, 18463
52873.12, 18462
52905.1, 18461
52914.31, 18460
52945.37, 18459
52958.06, 18458
52966.8, 18457
52982.42, 18456
53031.63, 18455
53080.42, 18454
53092.36, 18452
53106.39, 18451
53132.62, 18450
53214.24, 18449
53236.59, 18448
53282.79, 18447
53319.97, 18446
53327.15, 18445
53342.36, 18444
53363.5, 18443
53373.46, 18442
53398.27, 18441
53511.07, 18440
53535.01, 18439
53542.71, 18438
53556.92, 18437
53575.05, 18436
53605.94, 18435
53642.44, 18434
53690.7, 18433
53726.56, 18432
53742.16, 18431
53762.7, 18430
53779.25, 18429
53787.05, 18428
53827.77, 18427
53881.27, 18426
53907.91, 18425
53930.45, 18424
53955.57, 18423
53973.31, 18422
54018.46, 18421
54065.22, 18420
54100.36, 18419
54112.03, 18418
54135.54, 18417
54363.58, 18416
54372.4, 18415
54384.82, 18414
54418.37, 18413
54432.86, 18412
54453.0, 18411
54473.89, 18410
54486.12, 18409
54509.39, 18408
54538.84, 18407
54551.47, 18406
54564.99, 18405
54592.25, 18404
54599.88, 18403
54628.1, 18402
54656.58, 18401
54671.98, 18400
54710.8, 18399
54730.95, 18398
54752.75, 18397
54798.17, 18396
54821.56, 18395
54832.18, 18394
54867.66, 18393
54886.65, 18392
54904.3, 18391
54935.23, 18390
54956.8, 18389
54988.55, 18388
55005.21, 18387
55039.53, 18386
55067.42, 18385
55073.45, 18384
55104.52, 18383
55117.79, 18382
55138.51, 18381
55183.06, 18380
55204.93, 18379
55229.02, 18378
55311.14, 18377
55323.12, 18376
55357.5, 18375
55370.61, 18374
55387.65, 18373
55411.96, 18372
55441.02, 18371
55458.52, 18370
55497.18, 18369
55512.91, 18368
55546.92, 18367
55551.7, 18366
55572.55, 18365
55593.02, 18364
55623.06, 18363
55650.47, 18362
55675.17, 18361
55694.7, 18360
55722.94, 18359
55749.09, 18358
55757.66, 18357
55809.72, 18356
55827.79, 18355
55858.47, 18354
55894.36, 18353
55902.02, 18352
55957.52, 18351
56003.63, 18350
56021.15, 18349
56037.62, 18348
56068.74, 18347
56088.59, 18346
56109.13, 18345
56146.39, 18344
56160.42, 18343
56183.83, 18342
56228.86, 18341
56282.95, 18340
56306.0, 18339
56329.23, 18338
56354.77, 18337
56359.7, 18336
56411.15, 18335
56440.41, 18334
56494.13, 18333
56516.09, 18332
56589.31, 18326
56598.63, 18322
56623.91, 18320
56639.42, 18319
56647.89, 18318
56678.81, 18317
56703.72, 18316
56718.34, 18313
56739.99, 18308
56767.29, 18305
56775.02, 18304
56797.7, 18303
56812.74, 18302
56848.42, 18301
56882.31, 18300
56886.39, 18299
56916.09, 18298
56921.45, 18297
56958.33, 18296
56969.44, 18292
56982.41, 18291
56990.14, 18290
57021.06, 18288
57037.69, 18287
57070.49, 18286
57082.69, 18285
57105.45, 18284
57129.08, 18283
57135.84, 18282
57155.16, 18281
57199.42, 18280
57248.14, 18279
57281.49, 18278
57309.35, 18276
57333.31, 18275
57338.12, 18274
58298.77, 18273
58303.65, 18272
58326.13, 18271
58367.53, 18270
58377.67, 18269
58387.25, 18268
58403.56, 18267
58417.69, 18266
58437.18, 18265
58497.24, 18263
58516.69, 18262
58539.66, 18261
58560.16, 18260
58586.1, 18259
58615.38, 18258
58681.47, 18257
58690.12, 18256
58731.99, 18255
58747.76, 18254
58763.5, 18253
58786.07, 18252
58790.84, 18251
58869.89, 18250
58906.71, 18249
58922.14, 18248
58940.1, 18247
58957.43, 18246
58978.37, 18245
58988.03, 18244
59011.68, 18243
59016.54, 18242
59051.72, 18241
59056.48, 18240
59139.24, 18239
59151.15, 18238
59164.08, 18237
59172.28, 18236
59274.22, 18235
59287.23, 18234
59295.76, 18233
59321.52, 18232
59369.33, 18231
59386.0, 18230
59400.37, 18229
59421.47, 18228
59441.59, 18227
59451.39, 18226
59485.51, 18225
59491.62, 18224
59515.63, 18223
59583.23, 18222
59587.81, 18221
59641.17, 18220
59646.25, 18219
59657.51, 18218
59675.1, 18217
59701.41, 18216
59726.15, 18215
59748.27, 18214
59762.77, 18213
59785.38, 18212
59791.23, 18211
59863.76, 18210
59894.08, 18209
59929.46, 18208
59957.94, 18207
59983.34, 18206
60014.31, 18205
60021.63, 18204
60043.15, 18203
60088.12, 18202
60097.23, 18201
60110.97, 18200
60162.03, 18199
60176.65, 18198
60202.47, 18197
60221.78, 18196
60284.13, 18195
60288.84, 18194
60317.74, 18193
60346.27, 18192
60371.8, 18191
60374.01, 18190
60426.85, 18189
60458.67, 18188
60512.46, 18187
60542.35, 18186
60559.47, 18185
60577.11, 18184
60609.69, 18183
60621.16, 18182
60650.78, 18181
60712.95, 18180
60749.86, 18179
60788.87, 18178
60803.6, 18177
60824.71, 18176
60860.88, 18175
60874.89, 18174
60899.03, 18173
60921.23, 18172
60961.74, 18171
60985.4, 18170
60998.14, 18169
61037.79, 18168
61047.41, 18167
61071.37, 18166
61112.4, 18165
61127.77, 18164
61149.02, 18163
