6023.41, 10153
6034.21, 10149
6099.76, 10011
6106.56, 10008
6108.48, 10007
6115.4, 9871
6127.82, 9870
6159.07, 9869
6177.92, 9868
6211.18, 9867
6236.96, 9866
6237.43, 9733
6245.47, 9731
6249.79, 9730
6260.99, 9729
6265.31, 9728
6278.12, 9727
6284.49, 9726
6287.59, 9597
6297.65, 9594
6307.84, 9593
6307.93, 9592
6309.48, 9591
6323.79, 9590
6328.74, 9589
6330.89, 9588
6340.3, 9587
6346.53, 9463
6383.68, 9459
6391.24, 9457
6393.4, 9456
6407.32, 9455
6414.21, 9454
6416.31, 9453
6425.47, 9452
6434.89, 9451
6498.19, 9450
6508.97, 9449
6511.18, 9331
6521.21, 9326
6527.1, 9323
6529.23, 9322
6543.28, 9320
6553.52, 9319
6554.72, 9318
6619.03, 9317
6657.66, 9316
6664.63, 9315
6696.75, 9314
6712.52, 9313
6716.2, 9312
6718.24, 9201
6775.69, 9195
6781.35, 9191
6789.96, 9190
6795.11, 9189
6804.07, 9187
6809.79, 9186
6821.52, 9185
6827.06, 9184
6829.18, 9183
6839.96, 9182
6844.5, 9181
6846.67, 9180
6927.23, 9179
6958.79, 9178
6960.93, 9177
6999.36, 9176
7014.86, 9073
7016.95, 9066
7023.34, 9061
7032.48, 9060
7041.53, 9058
7047.03, 9056
7049.23, 9055
7060.71, 9054
7070.69, 9053
7080.66, 9052
7098.72, 9051
7307.59, 9050
7311.94, 9049
7311.96, 9048
7366.26, 9047
7369.41, 9046
7371.46, 9045
7402.83, 9044
7412.79, 9043
7414.88, 9042
7416.95, 8947
7419.05, 8939
7431.97, 8933
7444.52, 8932
7446.83, 8929
7449.34, 8927
7450.95, 8926
7467.73, 8924
7495.21, 8923
7497.4, 8922
7521.2, 8921
7554.93, 8920
7573.97, 8919
7583.67, 8918
7591.5, 8917
7600.28, 8916
7607.3, 8915
7609.42, 8914
7624.41, 8913
7631.8, 8912
7633.85, 8911
7644.9, 8910
7667.72, 8909
7669.84, 8908
7671.86, 8907
7700.53, 8823
7720.77, 8814
7773.42, 8807
7808.17, 8806
7810.23, 8802
7823.33, 8800
7828.59, 8799
7846.81, 8796
7850.16, 8795
7852.31, 8794
7876.05, 8793
7882.01, 8792
7884.11, 8791
7937.73, 8790
7966.52, 8789
7971.72, 8788
7981.01, 8787
7990.35, 8786
7995.52, 8785
8003.08, 8784
8012.17, 8783
8017.75, 8782
8044.89, 8781
8047.81, 8780
8049.08, 8779
8079.43, 8778
8086.36, 8777
8087.63, 8776
8158.41, 8775
8164.24, 8774
8178.78, 8701
8187.23, 8691
8189.83, 8683
8197.9, 8682
8207.83, 8677
8209.92, 8675
8211.99, 8674
8228.41, 8673
8235.22, 8670
8237.38, 8669
8248.22, 8668
8256.0, 8667
8258.11, 8666
8282.08, 8665
8289.2, 8664
8291.15, 8663
8346.86, 8662
8380.2, 8661
8395.64, 8660
8398.36, 8659
8411.6, 8658
8413.12, 8657
8415.35, 8656
8434.38, 8655
8440.73, 8654
8442.83, 8653
8444.93, 8652
8461.14, 8651
8466.95, 8650
8469.15, 8649
8477.03, 8648
8484.88, 8647
8495.21, 8646
8501.21, 8645
8506.25, 8644
8525.82, 8643
8533.56, 8642
8536.46, 8581
8547.91, 8570
8554.0, 8561
8556.02, 8560
8598.63, 8554
8606.63, 8552
8642.46, 8551
8663.64, 8549
8672.22, 8546
8674.37, 8545
8677.44, 8544
8686.1, 8543
8693.7, 8542
8707.17, 8540
8712.57, 8539
8714.71, 8538
8733.24, 8537
8736.35, 8536
8745.74, 8534
8758.37, 8533
8760.46, 8532
8762.54, 8531
8775.36, 8530
8778.57, 8529
8791.2, 8528
8796.67, 8527
8798.79, 8526
8816.94, 8525
8823.18, 8524
8825.27, 8523
8836.9, 8522
8848.78, 8521
8850.87, 8520
8853.04, 8519
8873.89, 8518
8875.95, 8517
8913.06, 8516
9011.5, 8515
9043.6, 8514
9057.31, 8513
9059.41, 8512
9083.47, 8463
9090.55, 8451
9093.52, 8441
9099.55, 8440
9110.81, 8433
9127.26, 8431
9129.38, 8430
9131.49, 8427
9184.68, 8424
9207.6, 8423
9213.25, 8422
9215.51, 8421
9246.46, 8420
9274.55, 8419
9281.5, 8417
9283.74, 8416
9293.71, 8415
9299.85, 8414
9302.63, 8413
9314.33, 8412
9326.06, 8410
9331.33, 8409
9333.46, 8408
9377.07, 8407
9388.86, 8406
9391.01, 8405
9402.58, 8404
9409.57, 8403
9480.18, 8402
9483.17, 8401
9485.52, 8400
9537.14, 8399
9539.25, 8398
9581.7, 8397
9589.21, 8396
9591.39, 8395
9605.07, 8394
9613.43, 8393
9623.81, 8392
9628.76, 8391
9635.3, 8390
9647.61, 8389
9653.97, 8388
9662.06, 8387
9668.22, 8386
9684.43, 8385
9686.46, 8384
9783.77, 8383
9817.99, 8382
9839.4, 8347
9841.55, 8334
9851.37, 8323
9861.09, 8322
9863.23, 8314
9873.81, 8312
9880.85, 8311
9883.01, 8307
9894.1, 8304
9900.75, 8303
9903.14, 8302
9909.14, 8301
9920.61, 8300
9936.64, 8298
9936.85, 8296
9938.82, 8295
9956.81, 8294
9963.05, 8293
9965.19, 8292
9989.97, 8291
10014.85, 8290
10016.97, 8288
10042.7, 8287
10077.09, 8286
10092.65, 8285
10116.96, 8284
10125.18, 8283
10127.3, 8282
10143.9, 8281
10146.78, 8280
10158.38, 8279
10163.32, 8278
10165.42, 8277
10178.28, 8276
10191.11, 8275
10197.77, 8274
10199.84, 8273
10213.36, 8272
10222.81, 8271
10224.92, 8270
10238.19, 8269
10245.94, 8268
10248.05, 8267
10345.87, 8266
10373.25, 8265
10391.01, 8264
10396.94, 8263
10399.2, 8262
10425.75, 8261
10434.43, 8260
10436.56, 8259
10509.33, 8258
10526.3, 8257
10532.46, 8256
10544.29, 8255
10550.68, 8254
10552.82, 8253
10639.87, 8233
10654.15, 8219
10659.93, 8207
10662.1, 8206
10694.34, 8205
10715.83, 8197
10720.71, 8195
10722.86, 8194
10753.19, 8189
10757.97, 8186
10760.12, 8185
10773.93, 8184
10778.89, 8183
10781.24, 8182
10795.99, 8179
10801.78, 8177
10821.49, 8176
10822.32, 8175
10824.52, 8174
10904.67, 8173
10944.81, 8171
10950.62, 8170
10953.14, 8168
10970.2, 8167
10976.14, 8166
10978.27, 8165
10980.36, 8164
10993.53, 8163
11001.29, 8162
11013.92, 8161
11019.37, 8160
11021.52, 8159
11035.08, 8158
11044.5, 8157
11046.64, 8156
11048.91, 8155
11085.07, 8154
11096.84, 8153
11098.95, 8152
11135.1, 8151
11143.31, 8150
11145.44, 8149
11181.06, 8148
11196.0, 8147
11198.16, 8146
11200.25, 8145
11280.1, 8144
11294.28, 8143
11307.84, 8142
11313.36, 8141
11324.05, 8140
11330.07, 8139
11332.08, 8138
11350.36, 8137
11369.61, 8136
11371.17, 8135
11373.36, 8134
11377.72, 8133
11390.17, 8132
11395.71, 8131
11399.43, 8130
11410.7, 8129
11417.22, 8128
11428.44, 8127
11434.32, 8126
11446.8, 8125
11474.77, 8121
11485.9, 8106
11488.04, 8093
11570.34, 8092
11595.1, 8091
11627.01, 8082
11629.19, 8080
11638.44, 8079
11648.35, 8073
11660.04, 8070
11662.17, 8069
11664.26, 8068
11678.95, 8067
11686.52, 8066
11687.09, 8062
11703.32, 8060
11710.55, 8059
11712.64, 8058
11714.76, 8057
11738.02, 8056
11741.33, 8053
11743.43, 8052
11764.37, 8050
11766.55, 8049
11768.67, 8048
11824.87, 8047
11866.92, 8046
11873.39, 8045
11875.46, 8044
11892.72, 8043
11905.14, 8042
11911.79, 8041
11913.86, 8040
11923.92, 8039
11930.74, 8038
11935.99, 8037
11957.79, 8036
11995.75, 8035
12009.51, 8034
12015.91, 8033
12018.04, 8032
12020.2, 8031
12031.94, 8030
12038.88, 8029
12063.15, 8028
12069.95, 8027
12072.19, 8026
12074.47, 8025
12095.15, 8024
12104.39, 8023
12106.6, 8022
12108.71, 8021
12127.8, 8020
12133.67, 8019
12209.44, 8018
12216.39, 8017
12219.14, 8016
12228.19, 8015
12235.07, 8014
12237.21, 8013
12251.38, 8012
12258.49, 8011
12260.6, 8010
12277.7, 8009
12284.82, 8008
12287.43, 8007
12305.13, 8006
12314.33, 8005
12316.11, 8004
12447.8, 8003
12466.12, 8002
12472.62, 8001
12483.44, 8000
12490.47, 7999
12492.4, 7998
12503.7, 7997
12527.92, 7995
12533.6, 7981
12536.47, 7980
12546.27, 7979
12552.57, 7969
12561.14, 7967
12569.93, 7966
12572.17, 7959
12593.28, 7956
12646.26, 7955
12686.86, 7954
12697.95, 7953
12700.5, 7952
12717.8, 7951
12726.34, 7947
12728.63, 7945
12730.96, 7944
12783.11, 7943
12790.91, 7942
12792.83, 7941
12811.99, 7940
12814.75, 7937
12816.21, 7936
12842.67, 7934
12844.79, 7933
12872.86, 7932
12874.98, 7931
12877.07, 7930
12891.01, 7929
12895.83, 7928
12903.72, 7927
12915.35, 7926
12921.78, 7925
12931.7, 7924
12936.98, 7923
12946.17, 7922
12948.29, 7921
12960.54, 7920
12966.14, 7919
12978.95, 7918
12985.82, 7917
12992.44, 7916
13007.91, 7915
13014.37, 7914
13016.53, 7913
13019.28, 7912
13041.24, 7911
13043.38, 7910
13045.47, 7909
13064.4, 7908
13066.56, 7907
13076.87, 7906
13085.28, 7905
13087.39, 7904
13096.1, 7903
13104.56, 7902
13122.43, 7901
13129.14, 7900
13131.28, 7899
13159.71, 7898
13166.44, 7897
13169.17, 7896
13170.67, 7895
13183.53, 7894
13189.23, 7893
13191.03, 7892
13387.2, 7891
13412.8, 7890
13430.15, 7889
13442.03, 7888
13444.16, 7887
13478.44, 7886
13484.38, 7885
13500.72, 7884
13521.27, 7883
13531.61, 7882
13542.45, 7881
13544.57, 7880
13556.46, 7879
13561.09, 7878
13573.36, 7877
13577.55, 7876
13588.77, 7875
13596.91, 7874
13602.56, 7873
13621.49, 7872
13627.49, 7871
13742.95, 7870
13748.5, 7869
13750.56, 7858
13761.96, 7856
13767.58, 7855
13837.41, 7847
13839.92, 7844
13851.07, 7843
13854.34, 7842
13856.48, 7841
13871.33, 7840
13877.44, 7838
13879.69, 7834
13893.69, 7832
13900.9, 7831
13977.32, 7830
14003.91, 7829
14014.32, 7828
14027.78, 7826
14033.99, 7823
14036.54, 7822
14051.7, 7820
14058.84, 7819
14061.0, 7818
14072.1, 7817
14092.47, 7816
14094.61, 7815
14096.69, 7814
14231.83, 7812
14238.81, 7811
14248.76, 7810
14255.58, 7809
14257.73, 7808
14263.82, 7807
14274.17, 7806
14276.27, 7805
14289.63, 7804
14305.48, 7803
14313.51, 7802
14315.63, 7801
14337.72, 7800
14337.91, 7799
14337.94, 7798
14358.01, 7797
14358.17, 7796
14360.32, 7795
14383.81, 7794
14392.39, 7793
14394.46, 7792
14412.57, 7791
14423.24, 7790
14424.62, 7789
14427.36, 7788
14517.78, 7787
14520.42, 7786
14538.17, 7785
14642.68, 7784
14651.99, 7783
14655.57, 7782
14666.48, 7781
14675.83, 7780
14683.98, 7779
14686.11, 7778
14800.25, 7777
14815.32, 7776
14822.19, 7775
14824.37, 7774
14840.88, 7773
14846.0, 7772
14848.21, 7771
14873.26, 7770
14878.77, 7769
14880.77, 7768
14895.4, 7767
14898.3, 7766
14907.46, 7765
14925.05, 7764
14930.04, 7763
14941.5, 7762
14947.45, 7761
14949.54, 7760
14965.28, 7759
15005.52, 7758
15011.78, 7757
15024.76, 7756
15118.52, 7755
15120.8, 7754
15133.55, 7753
15139.7, 7752
15149.6, 7751
15156.15, 7750
15169.98, 7749
15176.02, 7748
15190.1, 7747
15195.92, 7746
15232.01, 7737
15234.2, 7734
15236.4, 7733
15332.02, 7732
15367.3, 7731
15376.33, 7730
15378.38, 7727
15404.95, 7723
15408.82, 7721
15411.34, 7720
15433.2, 7719
15439.59, 7718
15441.76, 7717
15444.13, 7714
15457.69, 7711
15463.28, 7710
15465.6, 7708
15478.73, 7707
15485.05, 7706
15486.98, 7705
15503.03, 7704
15509.22, 7703
15511.2, 7702
15525.81, 7701
15560.7, 7699
15562.81, 7698
15648.87, 7697
15653.65, 7696
15698.29, 7695
15704.41, 7694
15706.53, 7693
15722.21, 7692
15724.69, 7691
15740.64, 7690
15745.6, 7689
15747.73, 7688
15757.03, 7687
15775.98, 7686
15783.02, 7685
15785.85, 7684
15787.27, 7683
15799.31, 7682
15807.11, 7681
15818.12, 7680
15828.3, 7679
15835.43, 7678
15837.62, 7677
15856.75, 7676
15858.82, 7675
15935.72, 7674
15959.65, 7673
15961.71, 7672
16074.25, 7671
16107.21, 7670
16109.17, 7669
16137.4, 7668
16139.17, 7667
16141.25, 7666
16208.72, 7665
16210.89, 7664
16227.25, 7663
16234.67, 7662
16254.5, 7661
16257.46, 7660
16298.56, 7659
16303.87, 7658
16305.95, 7657
16319.78, 7656
16326.12, 7655
16328.57, 7654
16342.11, 7653
16368.37, 7652
16372.97, 7651
16375.03, 7650
16449.0, 7649
16470.93, 7648
16472.95, 7647
16497.32, 7646
16499.41, 7645
16501.49, 7644
16572.16, 7643
16576.85, 7642
16578.92, 7641
16590.32, 7640
16607.01, 7639
16613.05, 7638
16620.39, 7637
16623.68, 7636
16643.28, 7635
16650.08, 7634
16678.95, 7633
16680.78, 7632
16682.85, 7631
16821.28, 7630
16827.81, 7629
16837.96, 7628
16840.11, 7627
16852.49, 7626
16863.33, 7625
16871.35, 7624
16873.39, 7623
16904.11, 7622
16915.18, 7618
16921.84, 7614
16923.96, 7612
16935.8, 7611
16939.02, 7610
16943.1, 7609
16956.24, 7608
16968.9, 7604
16976.09, 7601
16978.18, 7600
17008.34, 7598
17014.57, 7597
17017.24, 7596
17074.08, 7595
17076.13, 7594
17078.34, 7593
17089.38, 7592
17098.81, 7591
17109.93, 7590
17116.62, 7588
17119.81, 7587
17136.89, 7586
17143.6, 7585
17145.68, 7584
17147.76, 7583
17163.34, 7582
17169.6, 7581
17211.19, 7580
17227.03, 7579
17228.6, 7578
17279.12, 7577
17287.42, 7576
17289.5, 7575
17333.25, 7574
17380.9, 7573
17387.28, 7572
17395.15, 7571
17399.33, 7570
17408.39, 7569
17420.61, 7568
17426.79, 7567
17454.0, 7566
17456.35, 7565
17458.18, 7564
17484.49, 7563
17492.48, 7562
17494.6, 7561
17625.42, 7560
17653.89, 7559
17660.69, 7558
17682.89, 7557
17689.02, 7556
17691.05, 7555
17708.13, 7554
17713.51, 7553
17715.7, 7552
17722.95, 7551
17749.07, 7550
17756.11, 7549
17758.22, 7548
17771.32, 7547
17777.14, 7546
17779.27, 7545
17796.74, 7544
17800.22, 7543
17802.66, 7542
17841.66, 7541
17859.8, 7540
17920.26, 7539
17931.58, 7538
17939.54, 7537
18050.8, 7536
18057.87, 7535
18059.48, 7534
18079.27, 7533
18084.13, 7532
18086.1, 7531
18100.43, 7530
18115.29, 7529
18117.38, 7528
18129.17, 7527
18135.84, 7526
18159.76, 7525
18166.81, 7524
18168.9, 7523
18171.0, 7522
18192.55, 7521
18198.25, 7520
18200.29, 7519
18202.38, 7518
18222.07, 7517
18341.31, 7516
18347.36, 7515
18357.94, 7514
18362.49, 7513
18378.05, 7512
18384.56, 7511
18386.8, 7510
18396.73, 7509
18413.46, 7508
18421.4, 7507
18423.53, 7506
18440.41, 7505
18450.74, 7504
18453.02, 7503
18454.98, 7502
18478.64, 7501
18480.73, 7500
18615.76, 7499
18648.49, 7496
18655.65, 7493
18657.78, 7492
18674.38, 7490
18679.94, 7489
18791.14, 7488
18796.29, 7487
18798.19, 7486
18810.99, 7485
18816.77, 7484
18831.04, 7483
18837.45, 7482
18839.56, 7481
18852.54, 7479
18854.02, 7478
18866.79, 7477
18868.89, 7476
18875.1, 7475
18900.86, 7474
18911.41, 7473
18913.51, 7472
18979.49, 7471
18987.43, 7470
19009.81, 7469
19011.92, 7468
19013.98, 7467
19121.01, 7466
19122.9, 7465
19140.27, 7464
19142.39, 7463
19147.15, 7462
19162.56, 7461
19168.52, 7460
19170.62, 7459
19193.03, 7458
19196.56, 7457
19198.69, 7456
19211.33, 7455
19216.75, 7454
19225.38, 7453
19234.32, 7452
19240.49, 7451
19248.39, 7450
19260.5, 7449
19262.33, 7448
19273.3, 7447
19286.86, 7446
19295.62, 7445
19305.51, 7444
19310.79, 7443
19312.91, 7442
19330.54, 7441
19335.51, 7440
19337.63, 7439
19356.34, 7438
19357.16, 7437
19359.3, 7436
19377.02, 7435
19394.73, 7434
19396.07, 7433
19463.72, 7432
19465.67, 7431
19467.75, 7430
19514.79, 7429
19561.94, 7428
19565.22, 7427
19622.27, 7426
19648.07, 7425
19650.21, 7424
19662.0, 7423
19672.07, 7422
19682.3, 7421
19690.96, 7420
19692.98, 7419
19703.97, 7418
19711.48, 7417
19728.43, 7416
19734.32, 7415
19752.86, 7414
19759.47, 7413
19761.82, 7412
19770.71, 7411
19778.48, 7410
19780.52, 7409
19788.05, 7408
19824.29, 7407
19826.4, 7406
19901.69, 7405
19910.14, 7404
19912.27, 7403
19924.79, 7402
19944.42, 7401
19954.23, 7400
19957.14, 7399
19966.14, 7398
19976.49, 7397
19982.47, 7396
20017.82, 7395
20025.29, 7394
20027.42, 7393
20122.6, 7392
20124.77, 7391
20152.7, 7390
20163.13, 7389
20168.92, 7388
20176.6, 7387
20185.03, 7386
20196.32, 7385
20204.42, 7384
20214.22, 7383
20220.1, 7382
20231.67, 7381
20237.34, 7380
20249.21, 7379
20259.43, 7378
20261.54, 7377
20295.84, 7376
20308.23, 7375
20310.34, 7374
20329.39, 7372
20331.55, 7371
20333.6, 7370
20340.69, 7369
20353.49, 7368
20355.5, 7367
20362.02, 7366
20372.44, 7365
20374.52, 7364
20390.08, 7362
20401.08, 7361
20415.49, 7360
20416.29, 7359
20418.39, 7358
20443.63, 7357
20445.68, 7356
20447.73, 7355
20670.65, 7354
20676.35, 7353
20687.13, 7352
20693.0, 7351
20707.08, 7350
20711.87, 7349
20728.22, 7348
20729.01, 7347
20740.64, 7346
20745.78, 7345
20747.9, 7344
20774.02, 7343
20780.36, 7342
20782.66, 7341
20784.45, 7340
20786.67, 7339
20805.06, 7338
20823.69, 7337
20825.78, 7336
20827.91, 7335
20843.76, 7334
20850.31, 7333
20852.98, 7332
20861.85, 7331
20865.92, 7330
20870.97, 7329
21049.18, 7328
21054.44, 7327
21056.69, 7326
21077.99, 7325
21087.52, 7324
21095.2, 7323
21097.23, 7322
21110.41, 7321
21119.92, 7320
21122.05, 7319
21135.75, 7318
21138.01, 7317
21149.53, 7316
21155.96, 7315
21174.37, 7314
21183.66, 7313
21187.29, 7312
21195.08, 7311
21204.75, 7310
21216.33, 7309
21223.31, 7308
21225.31, 7307
21238.0, 7306
21246.32, 7305
21270.8, 7304
21277.24, 7303
21279.38, 7302
21303.23, 7301
21305.29, 7300
21373.4, 7299
21379.56, 7298
21390.22, 7297
21396.02, 7296
21398.19, 7295
21437.24, 7294
21444.68, 7293
21446.73, 7292
21549.2, 7291
21599.03, 7290
21607.68, 7289
21609.69, 7288
21626.74, 7287
21643.09, 7286
21648.89, 7285
21650.99, 7284
21666.79, 7283
21675.93, 7282
21678.04, 7281
21709.01, 7280
21714.92, 7279
21716.57, 7278
21720.16, 7277
21729.13, 7276
21740.94, 7275
21757.97, 7274
21765.63, 7273
21775.97, 7272
21781.25, 7271
21783.37, 7270
21798.24, 7269
21808.04, 7268
21822.13, 7267
21827.73, 7266
21866.51, 7265
21871.31, 7264
21873.3, 7263
21994.05, 7262
22039.86, 7261
22045.88, 7260
22062.26, 7259
22068.04, 7258
22073.66, 7257
22120.09, 7256
22127.19, 7255
22129.28, 7254
22143.84, 7253
22149.66, 7252
22152.48, 7251
22163.32, 7250
22250.2, 7249
22261.36, 7248
22270.35, 7247
22331.27, 7246
22338.45, 7245
22340.61, 7244
22365.58, 7243
22372.38, 7242
22374.5, 7241
22376.55, 7240
22394.17, 7239
22399.73, 7238
22401.82, 7237
22417.16, 7236
22420.41, 7235
22425.9, 7234
22439.24, 7233
22444.87, 7232
22447.07, 7231
22478.35, 7230
22480.41, 7229
22610.69, 7228
22617.35, 7227
22619.49, 7226
22631.45, 7225
22637.89, 7224
22650.72, 7223
22654.83, 7222
22657.65, 7221
22673.97, 7220
22802.64, 7219
22809.32, 7218
22827.77, 7217
22830.34, 7216
22843.96, 7215
22851.0, 7214
22853.15, 7213
22877.95, 7212
22880.07, 7211
22905.83, 7210
22911.71, 7209
22913.87, 7208
22933.24, 7207
22935.99, 7206
22945.7, 7205
22959.48, 7204
22967.27, 7203
22969.77, 7202
22980.56, 7201
22993.32, 7200
22997.08, 7199
23024.05, 7198
23026.08, 7197
23100.43, 7196
23157.41, 7195
23216.73, 7194
23225.3, 7193
23227.44, 7192
23240.85, 7191
23254.28, 7190
23261.48, 7189
23262.9, 7188
23277.11, 7187
23284.61, 7186
23286.86, 7185
23296.26, 7184
23311.28, 7183
23331.59, 7182
23333.29, 7181
23341.17, 7180
23343.26, 7179
23361.24, 7178
23369.6, 7177
23370.55, 7176
23412.98, 7175
23416.11, 7174
23418.2, 7173
23531.82, 7172
23533.94, 7171
23545.12, 7170
23551.16, 7169
23555.1, 7168
23574.58, 7167
23588.79, 7166
23599.75, 7165
23606.55, 7164
23608.66, 7163
23630.75, 7162
23650.69, 7161
23652.77, 7160
23654.87, 7159
23782.31, 7158
23827.5, 7157
23842.39, 7156
23844.54, 7155
23856.28, 7154
23860.79, 7153
23878.62, 7152
23884.58, 7151
23886.81, 7150
23904.39, 7149
23914.21, 7148
23926.46, 7147
23928.65, 7146
23937.98, 7145
23950.92, 7144
23957.94, 7143
23970.79, 7142
23976.75, 7141
24007.2, 7140
24011.17, 7139
24013.29, 7138
24132.44, 7137
24173.43, 7136
24230.47, 7135
24273.9, 7134
24274.02, 7133
24280.45, 7132
24370.12, 7131
24372.11, 7130
24467.96, 7129
24470.16, 7128
24473.76, 7127
24480.46, 7126
24498.18, 7125
24508.77, 7124
24516.35, 7123
24521.44, 7122
24526.33, 7121
24538.69, 7120
24542.44, 7119
24547.62, 7118
24560.16, 7117
24569.84, 7116
24578.0, 7115
24589.2, 7114
24591.43, 7113
24595.71, 7112
24619.33, 7111
24624.94, 7110
24636.89, 7109
24643.43, 7108
24656.34, 7107
24656.38, 7106
24661.92, 7105
24711.89, 7104
24716.36, 7103
24718.55, 7102
24795.54, 7101
24801.92, 7100
24804.1, 7099
24827.63, 7098
24831.12, 7097
24844.77, 7096
24852.16, 7095
24854.39, 7094
24866.34, 7093
24877.59, 7092
24886.65, 7091
24888.79, 7090
24901.9, 7089
24909.72, 7088
24911.69, 7087
24929.95, 7086
24951.79, 7085
24953.89, 7084
24981.91, 7083
25083.25, 7082
25095.76, 7081
25102.49, 7080
25103.64, 7079
25128.91, 7078
25130.99, 7077
25180.01, 7076
25204.54, 7075
25254.73, 7074
25262.71, 7073
25266.06, 7072
25278.83, 7071
25281.0, 7070
25293.66, 7069
25302.67, 7068
25304.86, 7067
25512.91, 7066
25550.36, 7065
25550.39, 7064
25555.31, 7063
25571.39, 7062
25578.85, 7061
25589.54, 7060
25599.85, 7059
25606.12, 7058
25616.24, 7057
25633.77, 7056
25638.7, 7055
25659.28, 7054
25665.39, 7053
25667.53, 7052
25686.42, 7051
25688.7, 7050
25853.9, 7049
25907.59, 7048
25917.46, 7047
25928.51, 7046
25932.11, 7045
25941.17, 7044
25954.2, 7043
25960.36, 7042
26091.13, 7041
26130.68, 7040
26159.93, 7039
26171.12, 7038
26182.38, 7037
26184.49, 7036
26291.19, 7035
26297.34, 7034
26304.85, 7033
26315.64, 7032
26322.03, 7031
26337.58, 7030
26346.77, 7029
26349.04, 7028
26360.66, 7027
26609.96, 7026
26612.07, 7025
26614.15, 7024
26648.24, 7023
26650.39, 7022
26652.96, 7021
26675.51, 7020
26723.04, 7019
26738.02, 7018
26797.06, 7017
26812.45, 7016
26818.69, 7015
26820.82, 7014
26831.35, 7013
26841.1, 7012
26846.26, 7011
26854.28, 7010
26863.81, 7009
26874.67, 7008
26892.2, 7007
26894.29, 7006
26897.9, 7005
26904.6, 7004
26915.64, 7003
26922.36, 7002
26932.44, 7001
26937.47, 7000
27148.94, 6999
27156.54, 6998
27158.54, 6997
27241.85, 6996
27243.88, 6995
27255.78, 6994
27278.17, 6993
27298.41, 6992
27305.36, 6991
27391.53, 6990
27404.26, 6989
27411.95, 6988
27414.79, 6987
27432.28, 6986
27440.34, 6985
27442.42, 6984
27574.62, 6983
27595.06, 6982
27601.04, 6981
27620.6, 6980
27627.11, 6979
27633.55, 6978
27663.92, 6977
27678.24, 6976
27683.89, 6975
27715.96, 6974
27719.89, 6973
27745.61, 6972
27751.3, 6971
27777.32, 6970
27835.31, 6969
27860.88, 6968
27957.54, 6967
28006.39, 6966
28008.71, 6965
28010.78, 6964
28031.35, 6963
28033.5, 6962
28040.07, 6961
28053.31, 6960
28059.11, 6959
28069.27, 6958
28078.69, 6957
28099.41, 6956
28105.61, 6955
28107.73, 6954
28135.95, 6953
28142.06, 6952
28144.15, 6951
28146.21, 6950
28153.95, 6949
28167.08, 6948
28188.26, 6947
28191.58, 6946
28205.26, 6945
28213.96, 6944
28270.98, 6943
28430.42, 6942
28433.48, 6941
28444.92, 6940
28451.22, 6939
28472.0, 6938
28475.07, 6937
28482.21, 6936
28496.37, 6935
28504.92, 6934
28509.15, 6933
28517.27, 6932
28528.12, 6931
28535.96, 6930
28557.42, 6929
28570.76, 6928
28572.96, 6927
28587.45, 6926
28688.13, 6925
28693.9, 6924
28717.67, 6923
28725.14, 6922
28727.25, 6921
28740.9, 6920
28745.85, 6919
28748.97, 6918
28770.5, 6917
28778.74, 6916
28790.26, 6915
28799.82, 6914
28801.92, 6913
28882.9, 6912
28896.58, 6911
28903.48, 6910
28912.56, 6909
28966.3, 6908
28991.54, 6907
28998.24, 6906
29000.34, 6905
29024.68, 6904
29030.38, 6903
29032.69, 6902
29042.42, 6901
29044.5, 6900
29058.08, 6899
29221.54, 6898
29225.49, 6897
29275.53, 6896
29280.94, 6895
29284.07, 6894
29298.0, 6893
29300.13, 6892
29310.25, 6891
29324.87, 6890
29338.7, 6889
29344.07, 6888
29346.24, 6887
29359.62, 6886
29370.81, 6885
29373.93, 6884
29384.1, 6883
29397.16, 6882
29403.83, 6881
29405.75, 6880
29415.64, 6879
29426.8, 6878
29432.91, 6877
29453.37, 6876
29463.63, 6875
29470.4, 6874
29479.21, 6873
29623.41, 6872
29630.69, 6871
29653.29, 6870
29662.9, 6869
29675.72, 6868
29682.18, 6867
29687.79, 6866
29699.67, 6865
29707.68, 6864
29712.47, 6863
29753.16, 6862
29758.73, 6861
29760.89, 6860
29824.59, 6859
29843.2, 6858
29863.42, 6857
29868.4, 6856
29871.58, 6855
29882.86, 6854
29891.0, 6853
29893.12, 6852
29906.93, 6851
29926.16, 6850
29934.51, 6849
29942.55, 6848
29944.61, 6847
30052.28, 6846
30061.93, 6845
30070.93, 6844
30072.31, 6843
30142.48, 6842
30151.69, 6841
30305.21, 6840
30366.63, 6839
30369.73, 6838
30382.1, 6837
30400.56, 6836
30407.14, 6835
30409.22, 6834
30415.86, 6833
30426.9, 6832
30432.6, 6831
30460.07, 6830
30463.46, 6829
30469.66, 6828
30479.52, 6827
30492.27, 6826
30496.42, 6825
30505.69, 6824
30521.72, 6823
30527.61, 6822
30528.61, 6821
30552.56, 6820
30572.65, 6819
30574.77, 6818
30579.07, 6817
30595.28, 6816
30595.38, 6815
30608.38, 6814
30621.68, 6813
30638.96, 6812
30649.77, 6811
30651.88, 6810
30654.02, 6809
30665.81, 6808
30673.9, 6807
30732.68, 6806
30734.96, 6805
30736.91, 6804
30743.01, 6803
30765.72, 6802
30775.45, 6801
30777.53, 6800
30811.94, 6799
30814.02, 6798
30816.1, 6797
30826.08, 6796
30848.93, 6795
30853.51, 6794
30853.56, 6793
30861.38, 6792
30899.53, 6791
30906.83, 6790
30908.87, 6789
30910.98, 6788
30963.22, 6787
30965.3, 6786
30967.37, 6785
30977.88, 6784
30980.07, 6783
31034.96, 6782
31042.82, 6781
31044.87, 6780
31060.42, 6779
31069.88, 6778
31074.99, 6777
31077.09, 6776
31090.45, 6775
31123.92, 6774
31130.05, 6773
31132.21, 6772
31134.42, 6771
31159.21, 6770
31180.03, 6769
31182.21, 6768
31184.6, 6767
31199.45, 6766
31223.81, 6765
31226.12, 6764
31228.23, 6763
31267.42, 6762
31276.15, 6761
31278.14, 6760
31280.21, 6759
31308.67, 6758
31324.31, 6757
31327.62, 6756
31350.08, 6755
31352.29, 6754
31372.11, 6753
31378.71, 6752
31380.81, 6751
31408.36, 6750
31411.51, 6749
31412.61, 6748
31442.44, 6747
31448.49, 6746
31450.6, 6745
31483.45, 6744
31508.47, 6743
31510.64, 6742
31512.73, 6741
31514.82, 6740
31530.63, 6739
31535.48, 6738
31546.22, 6737
31551.7, 6736
31625.22, 6735
31636.59, 6734
31638.68, 6733
31640.74, 6732
31642.88, 6731
31663.84, 6730
31670.28, 6729
31682.37, 6728
31693.53, 6727
31695.68, 6726
31697.77, 6725
31725.27, 6724
31735.59, 6723
31738.56, 6722
31744.5, 6721
31755.9, 6720
31781.83, 6719
31790.13, 6718
31792.18, 6717
31794.56, 6716
31846.31, 6715
31853.62, 6714
31855.16, 6713
31857.25, 6712
31915.63, 6711
31915.72, 6710
31915.89, 6709
31916.04, 6708
31959.0, 6707
31965.99, 6706
31968.3, 6705
31970.26, 6704
31988.93, 6703
31991.0, 6702
31993.13, 6701
32022.67, 6700
32028.2, 6699
32030.25, 6698
32072.03, 6697
32080.55, 6696
32114.63, 6695
32116.01, 6694
32117.48, 6693
32120.95, 6692
32146.19, 6691
32146.24, 6690
32173.3, 6689
32178.31, 6688
32186.44, 6687
32202.11, 6686
32215.27, 6685
32248.91, 6684
32257.97, 6683
32279.48, 6682
32285.23, 6681
32287.38, 6680
32297.72, 6679
32314.65, 6678
32329.5, 6677
32331.68, 6676
32355.5, 6675
32362.92, 6674
32365.11, 6673
32388.07, 6672
32396.91, 6671
32410.87, 6670
32421.76, 6669
32432.29, 6668
32441.86, 6667
32451.15, 6666
32506.2, 6665
32532.58, 6664
32538.48, 6663
32553.06, 6662
32555.01, 6661
32580.99, 6660
32586.56, 6659
32588.67, 6658
32615.73, 6657
32621.77, 6656
32646.11, 6655
32652.69, 6654
32731.19, 6653
32737.51, 6652
32739.74, 6651
32741.88, 6650
32744.83, 6649
32765.84, 6648
32775.65, 6647
32777.79, 6646
32779.97, 6645
32812.18, 6644
32813.81, 6643
32822.36, 6642
32833.48, 6641
32835.72, 6640
32845.13, 6639
32856.38, 6638
32867.36, 6637
32878.02, 6636
32879.97, 6635
32922.03, 6634
32924.18, 6633
32926.33, 6632
32941.79, 6631
32948.41, 6630
33015.87, 6629
33023.97, 6628
33026.16, 6627
33028.39, 6626
33052.69, 6625
33054.95, 6624
33057.03, 6623
33065.92, 6622
33073.59, 6621
33096.13, 6620
33136.86, 6619
33137.91, 6618
33143.13, 6617
33154.22, 6616
33160.09, 6615
33175.11, 6614
33177.35, 6613
33195.51, 6612
33197.63, 6611
33213.43, 6610
33220.57, 6609
33245.21, 6608
33253.43, 6607
33275.58, 6606
33277.8, 6605
33293.31, 6604
33295.64, 6603
33299.94, 6602
33313.58, 6601
33324.85, 6600
33357.69, 6599
33371.92, 6598
33378.63, 6597
33413.26, 6596
33415.55, 6595
33417.46, 6594
33446.16, 6593
33448.27, 6592
33463.97, 6591
33476.77, 6590
33496.72, 6589
33510.43, 6588
33527.21, 6587
33535.69, 6586
33536.87, 6585
33549.18, 6584
33556.72, 6583
33624.78, 6582
33627.18, 6581
33632.89, 6580
33647.27, 6579
33653.67, 6578
33655.84, 6577
33666.45, 6576
33721.82, 6575
33728.2, 6574
33730.14, 6573
33732.27, 6572
33744.12, 6571
33753.94, 6570
33783.61, 6569
33806.34, 6568
33814.38, 6567
33816.63, 6566
33845.46, 6565
33851.14, 6564
33855.08, 6563
33855.19, 6562
33879.72, 6561
33881.83, 6560
33883.96, 6559
33914.8, 6558
33916.91, 6557
33950.14, 6556
33957.97, 6555
33960.05, 6554
33962.26, 6553
33996.21, 6552
34024.2, 6551
34026.85, 6550
34056.04, 6549
34058.11, 6548
34060.43, 6547
34078.05, 6546
34084.65, 6545
34133.48, 6544
34143.74, 6543
34145.82, 6542
34156.5, 6541
34169.02, 6540
34188.87, 6539
34189.65, 6538
34273.2, 6537
34279.39, 6536
34281.5, 6535
34283.67, 6534
34296.79, 6533
34301.84, 6532
34333.83, 6531
34343.35, 6530
34345.5, 6529
34376.84, 6528
34378.97, 6527
34409.7, 6526
34420.91, 6525
34421.83, 6524
34424.1, 6523
34436.31, 6522
34438.2, 6521
34483.2, 6520
34490.84, 6519
34492.95, 6518
34524.95, 6517
34531.51, 6516
34533.67, 6515
34535.87, 6514
34557.98, 6513
34560.54, 6512
34592.09, 6511
34594.14, 6510
34596.23, 6509
34598.4, 6508
34636.12, 6507
34646.64, 6506
34648.83, 6505
34666.01, 6504
34668.28, 6503
34670.46, 6502
34688.89, 6501
34700.21, 6500
34709.44, 6499
34734.43, 6498
34736.76, 6497
34748.07, 6496
34794.46, 6495
34801.87, 6494
34804.04, 6493
34806.15, 6492
34863.56, 6491
34875.29, 6490
34877.44, 6489
34879.54, 6488
34881.66, 6487
34908.56, 6486
34922.62, 6485
34946.06, 6484
34946.11, 6483
34959.45, 6482
34967.1, 6481
34977.24, 6480
34979.7, 6479
34990.76, 6478
34996.98, 6477
35015.11, 6476
35032.65, 6475
35041.98, 6474
35044.16, 6473
35070.14, 6472
35072.16, 6471
35074.42, 6470
35080.66, 6469
35128.44, 6468
35130.71, 6467
35132.87, 6466
35164.52, 6465
35172.17, 6464
35174.3, 6463
35177.38, 6462
35242.45, 6461
35255.89, 6460
35258.08, 6459
35260.34, 6458
35289.37, 6457
35297.33, 6456
35299.53, 6455
35301.6, 6454
35335.8, 6453
35365.73, 6452
35378.54, 6451
35380.77, 6450
35403.59, 6449
35412.2, 6448
35437.44, 6447
35448.66, 6446
35516.47, 6445
35522.53, 6444
35524.62, 6443
35526.8, 6442
35553.11, 6441
35555.31, 6440
35573.78, 6439
35579.18, 6438
35593.66, 6437
35631.98, 6436
35646.94, 6435
35653.78, 6434
35671.69, 6433
35739.47, 6432
35745.43, 6431
35747.08, 6430
35763.3, 6429
35769.17, 6428
35789.75, 6427
35791.85, 6426
35796.67, 6425
35820.53, 6424
35833.36, 6423
35839.93, 6422
35854.6, 6421
35887.98, 6420
35889.54, 6419
35893.19, 6418
35899.13, 6417
35912.62, 6416
35922.55, 6415
35937.87, 6414
35943.34, 6413
35945.48, 6412
35968.78, 6411
35977.07, 6410
36065.82, 6409
36076.08, 6408
36078.02, 6407
36080.16, 6406
36145.37, 6405
36168.78, 6404
36498.53, 6403
36528.54, 6402
36535.65, 6401
36558.55, 6400
36560.88, 6399
36569.19, 6398
36571.06, 6397
36606.16, 6396
36616.57, 6395
36618.75, 6394
36621.24, 6393
36638.33, 6392
36655.52, 6391
36657.58, 6390
36659.72, 6389
36684.19, 6388
36685.67, 6387
36687.79, 6386
36719.54, 6385
36729.91, 6384
36732.22, 6383
36749.1, 6382
36759.66, 6381
36761.81, 6380
36786.94, 6379
36807.89, 6378
36810.01, 6377
36812.29, 6376
36834.88, 6375
36845.02, 6374
36847.16, 6373
36873.75, 6372
36879.24, 6371
36881.32, 6370
36883.53, 6369
36910.35, 6368
36912.08, 6367
36914.16, 6366
36940.86, 6365
36947.28, 6364
36959.04, 6363
36965.4, 6362
36988.83, 6361
37000.08, 6360
37016.61, 6359
37038.52, 6358
37040.64, 6357
37042.75, 6356
37050.55, 6355
37077.08, 6354
37086.08, 6353
37097.7, 6352
37113.01, 6351
37132.85, 6350
37147.09, 6349
37171.29, 6348
37177.43, 6347
37178.64, 6346
37213.8, 6345
37215.89, 6344
37217.97, 6343
37236.13, 6342
37244.12, 6341
37257.1, 6340
37288.41, 6339
37295.41, 6338
37297.5, 6337
37312.94, 6336
37318.29, 6335
37330.03, 6334
37342.41, 6333
37357.97, 6332
37367.17, 6331
37398.72, 6330
37409.82, 6329
37411.57, 6328
37413.64, 6327
37421.09, 6326
37485.77, 6325
37487.92, 6324
37489.91, 6323
37507.23, 6322
37518.43, 6321
37539.46, 6320
37580.27, 6319
37587.45, 6318
37590.01, 6317
37591.19, 6316
37626.94, 6315
37628.65, 6314
37630.74, 6313
37644.47, 6312
37657.7, 6311
37664.76, 6310
37669.84, 6309
37682.89, 6308
37691.14, 6307
37693.26, 6306
37728.4, 6305
37735.57, 6304
37739.67, 6303
37760.67, 6302
37773.3, 6301
37775.36, 6300
37813.74, 6299
37815.7, 6298
37817.75, 6297
37826.52, 6296
37853.56, 6295
37855.79, 6294
37891.0, 6293
37896.94, 6292
37899.11, 6291
37939.11, 6290
37939.15, 6289
37939.9, 6288
37944.54, 6287
37964.84, 6286
37976.81, 6285
37996.03, 6284
38002.75, 6283
38053.0, 6282
38057.59, 6281
38059.72, 6280
38095.9, 6279
38109.44, 6278
38111.5, 6277
38113.47, 6276
38154.96, 6275
38157.02, 6274
38202.44, 6273
38211.69, 6272
38213.47, 6271
38227.38, 6270
38233.83, 6269
38248.02, 6268
38253.55, 6267
38255.41, 6266
38287.48, 6265
38289.67, 6264
38291.67, 6263
38306.64, 6262
38308.72, 6261
38341.87, 6260
38345.1, 6259
38356.44, 6258
38378.33, 6257
38390.84, 6256
38392.78, 6255
38419.2, 6254
38429.44, 6253
38448.82, 6252
38468.46, 6251
38475.05, 6250
38494.69, 6249
38498.02, 6248
38507.43, 6247
38555.45, 6246
38560.26, 6245
38562.36, 6244
38588.93, 6243
38613.69, 6242
38615.78, 6241
38617.86, 6240
38651.74, 6239
38658.69, 6238
38661.64, 6237
38662.94, 6236
38698.05, 6235
38705.93, 6234
38708.03, 6233
38710.49, 6232
38722.59, 6231
38769.25, 6230
38775.35, 6229
38785.39, 6228
38792.17, 6227
38863.26, 6226
38866.39, 6225
38868.4, 6224
38870.52, 6223
38893.15, 6222
38928.06, 6221
38930.14, 6220
38932.23, 6219
38974.63, 6218
38980.3, 6217
38990.23, 6216
39008.62, 6215
39022.12, 6214
39024.25, 6213
39107.74, 6212
39114.2, 6211
39128.47, 6210
39133.82, 6209
39173.81, 6208
39180.28, 6207
39182.39, 6206
39184.46, 6205
39198.97, 6204
39217.06, 6203
39225.4, 6202
39243.78, 6201
39261.77, 6200
39263.87, 6199
39267.46, 6198
39290.4, 6197
39300.1, 6196
39318.91, 6195
39330.79, 6194
39345.62, 6193
39359.05, 6192
39371.66, 6191
39381.31, 6190
39386.62, 6189
39427.12, 6188
39484.45, 6187
39487.5, 6186
39488.76, 6185
39514.8, 6184
39529.63, 6183
39531.66, 6182
39533.8, 6181
39550.14, 6180
39565.92, 6179
39568.99, 6178
39578.88, 6177
39596.46, 6176
39601.62, 6175
39606.31, 6174
39620.84, 6173
39633.02, 6172
39635.2, 6171
39681.31, 6170
39707.79, 6169
39715.44, 6168
39717.67, 6167
39719.74, 6166
39736.65, 6165
39742.13, 6164
39764.78, 6163
39768.68, 6162
39770.79, 6161
39772.94, 6160
39816.59, 6159
39836.67, 6158
39852.46, 6157
39868.23, 6156
39875.6, 6155
39885.58, 6154
39895.22, 6153
39913.55, 6152
39927.51, 6151
39928.95, 6150
39954.27, 6149
39977.17, 6148
39980.07, 6147
40004.18, 6146
40011.69, 6145
40023.72, 6144
40038.49, 6143
40044.9, 6142
40046.96, 6141
40064.65, 6140
40082.38, 6139
40109.7, 6138
40120.16, 6137
40135.7, 6136
40148.91, 6135
40162.5, 6134
40185.86, 6133
40202.53, 6132
40231.92, 6131
40238.47, 6130
40258.92, 6129
40278.78, 6128
40295.26, 6127
40305.32, 6126
40331.14, 6125
40353.54, 6124
40359.97, 6123
40362.08, 6122
40373.98, 6121
40380.44, 6120
40408.99, 6119
40415.61, 6118
40448.76, 6117
40454.46, 6116
40457.21, 6115
40495.22, 6114
40515.91, 6113
40518.19, 6112
40520.26, 6111
40555.24, 6110
40567.38, 6109
40587.24, 6108
40601.91, 6107
40608.85, 6106
40618.59, 6105
40660.34, 6104
40671.54, 6103
40675.22, 6102
40676.04, 6101
40755.54, 6100
40764.61, 6099
40788.73, 6098
40794.31, 6097
40796.42, 6096
40816.42, 6095
40853.75, 6094
40859.42, 6093
40871.86, 6092
40884.05, 6091
40902.12, 6090
40910.44, 6089
40942.18, 6088
40949.42, 6087
40951.55, 6086
40969.17, 6085
40984.53, 6084
40990.02, 6083
41001.41, 6082
41017.69, 6081
41028.87, 6080
41038.57, 6079
41065.22, 6078
41088.95, 6077
41106.42, 6076
41117.1, 6075
41126.32, 6074
41149.01, 6073
41182.75, 6072
41190.93, 6071
41193.06, 6070
41214.04, 6069
41225.02, 6068
41227.13, 6067
41237.48, 6066
41249.32, 6065
41255.21, 6064
41264.43, 6063
41300.26, 6062
41307.42, 6061
41334.07, 6060
41337.95, 6059
41363.03, 6058
41372.37, 6057
41381.14, 6056
41412.36, 6055
41420.83, 6054
41422.49, 6053
41440.21, 6052
41442.28, 6051
41444.44, 6050
41488.25, 6049
41494.78, 6048
41496.85, 6047
41498.99, 6046
41543.89, 6045
41546.03, 6044
41548.88, 6043
41582.67, 6042
41590.17, 6041
41614.3, 6040
41621.84, 6039
41646.64, 6038
41652.6, 6037
41723.02, 6036
41732.33, 6035
41734.43, 6034
41749.54, 6033
41756.28, 6032
41779.97, 6031
41790.62, 6030
41792.72, 6029
41818.75, 6028
41824.48, 6027
41833.42, 6026
41845.61, 6025
41857.83, 6024
41864.45, 6023
41900.47, 6022
41910.2, 6021
41912.04, 6020
41914.15, 6019
41972.85, 6018
41974.99, 6017
41977.05, 6016
42011.25, 6015
42027.39, 6014
42041.36, 6013
42055.8, 6012
42065.16, 6011
42075.35, 6010
42098.02, 6009
42107.38, 6008
42115.78, 6007
42130.24, 6006
42138.07, 6005
42182.65, 6004
42199.03, 6003
42202.75, 6002
42213.51, 6001
42234.37, 6000
42245.85, 5999
42251.04, 5998
42266.99, 5997
42288.56, 5996
42294.48, 5995
42296.64, 5994
42314.58, 5993
42322.12, 5992
42374.03, 5991
42440.23, 5990
42450.23, 5989
42465.29, 5988
42474.1, 5987
42488.94, 5986
42495.75, 5985
42510.93, 5984
42517.16, 5983
42532.98, 5982
42540.65, 5981
42548.81, 5980
42556.19, 5979
42565.49, 5978
42571.51, 5977
42599.56, 5976
42605.81, 5975
42615.38, 5974
42628.96, 5973
42642.01, 5972
42652.02, 5971
42679.29, 5970
42687.37, 5969
42690.62, 5968
42692.69, 5967
42708.03, 5966
42708.7, 5965
42749.68, 5964
42774.2, 5963
42779.72, 5962
42781.79, 5961
42800.17, 5960
42812.43, 5959
42823.64, 5958
42842.07, 5957
42860.71, 5956
42866.23, 5955
42879.44, 5954
42882.99, 5953
42899.39, 5952
42918.65, 5951
42937.61, 5950
42948.9, 5949
42955.13, 5948
42975.6, 5947
42983.14, 5946
42985.53, 5945
42987.52, 5944
43007.85, 5943
43009.98, 5942
43032.32, 5941
43035.32, 5940
43046.7, 5939
43076.04, 5938
43082.22, 5937
43108.72, 5936
43116.38, 5935
43118.46, 5934
43146.26, 5933
43148.37, 5932
43150.46, 5931
43157.25, 5930
43185.55, 5929
43206.58, 5928
43223.26, 5927
43235.34, 5926
43246.35, 5925
43259.46, 5924
43274.29, 5923
43284.05, 5922
43286.1, 5921
43320.21, 5920
43347.66, 5919
43359.05, 5918
43360.41, 5917
43380.23, 5916
43393.9, 5915
43395.53, 5914
43415.26, 5913
43446.22, 5912
43465.14, 5911
43474.8, 5910
43497.66, 5909
43519.12, 5908
43533.29, 5907
43562.56, 5906
43567.39, 5905
43578.47, 5904
43591.31, 5903
43597.47, 5902
43608.64, 5901
43634.42, 5900
43642.41, 5899
43677.76, 5898
43680.45, 5897
43694.27, 5896
43708.82, 5895
43724.0, 5894
43736.76, 5893
43741.99, 5892
43773.61, 5891
43779.91, 5890
43814.09, 5889
43823.39, 5888
43825.45, 5887
43828.04, 5886
43846.96, 5885
43877.39, 5884
43956.19, 5883
44010.9, 5882
44022.24, 5881
44027.35, 5880
44036.36, 5879
44045.52, 5878
44062.28, 5877
44067.31, 5876
44078.28, 5875
44083.74, 5874
44099.15, 5873
44101.25, 5872
44117.73, 5871
44126.61, 5870
44128.91, 5869
44183.06, 5868
44188.62, 5867
44193.95, 5866
44206.53, 5865
44227.51, 5864
44233.16, 5863
44243.48, 5862
44262.76, 5861
44269.07, 5860
44278.69, 5859
44297.9, 5858
44303.35, 5857
44334.27, 5856
44345.05, 5855
44350.11, 5854
44383.05, 5853
44393.64, 5852
44394.97, 5851
44397.1, 5850
44410.75, 5849
44418.8, 5848
44431.96, 5847
44444.93, 5846
44449.9, 5845
44459.41, 5844
44465.53, 5843
44479.36, 5842
44505.83, 5841
44528.59, 5840
44528.64, 5839
44567.14, 5838
44574.71, 5837
44576.86, 5836
44585.4, 5835
44595.58, 5834
44601.7, 5833
44614.04, 5832
44655.26, 5831
44671.92, 5830
44689.52, 5829
44743.75, 5828
44751.25, 5827
44768.3, 5826
44781.82, 5825
44790.52, 5824
44798.41, 5823
44807.89, 5822
44831.41, 5821
44839.75, 5820
44860.76, 5819
44866.01, 5818
44898.98, 5817
44901.06, 5816
44903.29, 5815
44924.63, 5814
44939.59, 5813
44949.26, 5812
44965.93, 5811
44971.72, 5810
44981.35, 5809
44992.8, 5808
45002.17, 5807
45012.31, 5806
45055.94, 5805
45064.07, 5804
45066.73, 5803
45068.41, 5802
45082.57, 5801
45105.0, 5800
45114.57, 5799
45134.46, 5798
45151.92, 5797
45153.38, 5796
45170.04, 5795
45179.19, 5794
45187.25, 5793
45211.31, 5792
45217.62, 5791
45238.98, 5790
45251.96, 5789
45264.74, 5788
45301.99, 5787
45304.19, 5786
45310.86, 5785
45325.08, 5784
45352.43, 5783
45362.1, 5782
45369.98, 5781
45637.57, 5780
45638.75, 5779
45640.85, 5778
45656.03, 5777
45668.32, 5776
45739.23, 5775
45741.34, 5774
45743.46, 5773
45745.62, 5772
45762.97, 5771
45772.73, 5770
45785.41, 5769
45801.14, 5768
45824.32, 5767
45830.29, 5766
45832.42, 5765
45848.31, 5764
45854.3, 5763
45864.41, 5762
45892.78, 5761
45918.82, 5760
45920.96, 5759
45929.96, 5758
45954.0, 5757
45958.03, 5756
45958.05, 5755
45976.34, 5754
45983.25, 5753
45994.59, 5752
46004.26, 5751
46009.99, 5750
46028.68, 5749
46035.0, 5748
46037.08, 5747
46089.45, 5746
46115.17, 5745
46117.25, 5744
46119.35, 5743
46152.52, 5742
46159.88, 5741
46162.0, 5740
46164.07, 5739
46179.27, 5738
46186.17, 5737
46230.9, 5736
46236.98, 5735
46246.04, 5734
46251.02, 5733
46260.2, 5732
46289.74, 5731
46295.26, 5730
46314.28, 5729
46319.94, 5728
46321.92, 5727
46334.05, 5726
46345.49, 5725
46380.76, 5724
46385.78, 5723
46403.5, 5722
46430.77, 5721
46435.81, 5720
46450.05, 5719
46453.05, 5718
46469.1, 5717
46475.35, 5716
46531.53, 5715
46549.43, 5714
46564.19, 5713
46579.0, 5712
46584.02, 5711
46621.21, 5710
46628.86, 5709
46631.0, 5708
46649.28, 5707
46676.6, 5706
46683.76, 5705
46703.96, 5704
46711.37, 5703
46730.06, 5702
46760.47, 5701
46779.29, 5700
46790.92, 5699
46808.98, 5698
46826.48, 5697
46833.98, 5696
46843.05, 5695
46855.97, 5694
46863.99, 5693
46875.59, 5692
46933.97, 5691
46937.41, 5690
46948.03, 5689
46958.06, 5688
46970.73, 5687
46978.55, 5686
47028.02, 5685
47034.56, 5684
47066.29, 5683
47077.38, 5682
47080.39, 5681
47080.77, 5680
47102.58, 5679
47104.78, 5678
47122.37, 5677
47157.39, 5676
47159.38, 5675
47196.59, 5674
47201.72, 5673
47203.87, 5672
47206.61, 5671
47229.76, 5670
47236.67, 5669
47249.7, 5668
47338.79, 5667
47343.75, 5666
47361.29, 5665
47373.66, 5664
47379.88, 5663
47392.97, 5662
47410.6, 5661
47417.61, 5660
47434.91, 5659
47444.79, 5658
47453.98, 5657
47459.29, 5656
47473.45, 5655
47481.97, 5654
47495.94, 5653
47530.09, 5652
47552.16, 5651
47557.99, 5650
47560.13, 5649
47580.54, 5648
47597.21, 5647
47610.84, 5646
47613.07, 5645
47616.87, 5644
47641.18, 5643
47650.98, 5642
47657.99, 5641
47681.54, 5640
47696.57, 5639
47704.01, 5638
47705.84, 5637
47730.6, 5636
47741.94, 5635
47744.06, 5634
47763.57, 5633
47772.37, 5632
47774.49, 5631
47787.09, 5630
47834.3, 5629
47847.34, 5628
47859.72, 5627
47873.64, 5626
47899.28, 5625
47910.15, 5624
47928.22, 5623
47942.12, 5622
47948.03, 5621
47978.9, 5620
48022.35, 5619
48039.8, 5618
48045.86, 5617
48058.75, 5616
48068.07, 5615
48082.28, 5614
48091.88, 5613
48106.37, 5612
48113.73, 5611
48124.65, 5610
48148.7, 5609
48179.3, 5608
48183.81, 5607
48195.87, 5606
48206.91, 5605
48217.62, 5604
48231.36, 5603
48240.42, 5602
48245.26, 5601
48256.6, 5600
48279.49, 5599
48311.09, 5598
48333.71, 5597
48338.3, 5596
48348.4, 5595
48366.44, 5594
48384.95, 5593
48419.08, 5592
48449.34, 5591
48459.94, 5590
48462.12, 5589
48482.03, 5588
48488.99, 5587
48507.51, 5586
48545.81, 5585
48554.22, 5584
48564.16, 5583
48580.18, 5582
48597.16, 5581
48603.54, 5580
48629.54, 5579
48644.49, 5578
48669.49, 5577
48679.55, 5576
48681.78, 5575
48698.81, 5574
48719.1, 5573
48758.49, 5572
48772.05, 5571
48774.07, 5570
48785.48, 5569
48795.93, 5568
48808.85, 5567
48817.59, 5566
48829.44, 5565
48845.69, 5564
48856.91, 5563
48863.3, 5562
48927.48, 5561
48949.97, 5560
48952.21, 5559
48954.48, 5558
48966.0, 5557
48998.05, 5556
49007.8, 5555
49009.93, 5554
49034.46, 5553
49041.92, 5552
49052.71, 5551
49061.61, 5550
49085.05, 5549
49102.13, 5548
49121.65, 5547
49161.73, 5546
49173.84, 5545
49176.03, 5544
49178.04, 5543
49194.67, 5542
49200.95, 5541
49212.52, 5540
49217.82, 5539
49235.44, 5538
49242.67, 5537
49309.73, 5536
49312.29, 5535
49336.24, 5534
49345.02, 5533
49346.93, 5532
49371.12, 5531
49377.3, 5530
49379.46, 5529
49396.72, 5528
49403.46, 5527
49421.25, 5526
49433.18, 5525
49452.05, 5524
49467.67, 5523
49474.35, 5522
49490.46, 5521
49502.59, 5520
49508.39, 5519
49558.94, 5518
49561.07, 5517
49563.14, 5516
49565.24, 5515
49606.36, 5514
49622.85, 5513
49622.9, 5512
49633.73, 5511
49655.44, 5510
49664.33, 5509
49671.0, 5508
49688.64, 5507
49710.78, 5506
49712.7, 5505
49730.29, 5504
49754.47, 5503
49762.72, 5502
49795.08, 5501
49801.5, 5500
49803.56, 5499
49842.65, 5498
49860.38, 5497
49871.2, 5496
49922.5, 5495
49934.05, 5494
49962.56, 5493
49968.18, 5492
49970.48, 5491
49987.53, 5490
49993.66, 5489
50002.62, 5488
50023.93, 5487
50053.64, 5486
50056.57, 5485
50071.32, 5484
50084.24, 5483
50093.27, 5482
50103.95, 5481
50150.5, 5480
50157.49, 5479
50162.09, 5478
50189.87, 5477
50205.32, 5476
50216.64, 5475
50283.55, 5474
50292.33, 5473
50324.52, 5472
50353.37, 5471
50355.09, 5470
50365.02, 5469
50385.45, 5468
50395.72, 5467
50401.11, 5466
50451.91, 5465
50456.92, 5464
50459.01, 5463
50474.9, 5462
50485.79, 5461
50491.84, 5460
50515.81, 5459
50552.39, 5458
50605.69, 5457
50627.94, 5456
50628.39, 5455
50643.4, 5454
50643.44, 5453
50657.27, 5452
50663.51, 5451
50665.62, 5450
50679.51, 5449
50706.5, 5448
50712.76, 5447
50714.83, 5446
50741.86, 5445
50750.45, 5444
50760.53, 5443
50789.63, 5442
50791.87, 5441
50802.37, 5440
50830.42, 5439
50838.82, 5438
50850.04, 5437
50856.5, 5436
50864.42, 5435
50877.36, 5434
50924.07, 5433
50927.36, 5432
50941.04, 5431
50954.2, 5430
50974.8, 5429
50995.06, 5428
50996.87, 5427
50998.99, 5426
51009.92, 5425
51051.84, 5424
51055.51, 5423
51068.82, 5422
51121.85, 5421
51123.92, 5420
51162.95, 5419
51174.9, 5418
51194.48, 5417
51214.28, 5416
51232.88, 5415
51234.83, 5414
51245.46, 5413
51264.21, 5412
51277.1, 5411
51289.53, 5410
51386.57, 5409
51391.66, 5408
51396.78, 5407
51403.86, 5406
51412.24, 5405
51421.73, 5404
51439.21, 5403
51448.84, 5402
51466.69, 5401
51521.69, 5400
51532.83, 5399
51534.98, 5398
51562.73, 5397
51578.06, 5396
51586.05, 5395
51612.43, 5394
51615.08, 5393
51635.27, 5392
51637.56, 5391
51672.47, 5390
51723.69, 5389
51730.82, 5388
51757.16, 5387
51759.34, 5386
51761.74, 5385
51770.02, 5384
51798.61, 5383
51823.13, 5382
51829.95, 5381
51840.96, 5380
51859.58, 5379
51881.53, 5378
51881.63, 5377
51947.33, 5376
51956.48, 5375
51959.72, 5374
51984.52, 5373
52002.01, 5372
52013.47, 5371
52049.15, 5370
52067.8, 5369
52081.71, 5368
52114.05, 5367
52123.78, 5366
52145.09, 5365
52157.25, 5364
52167.42, 5363
52180.2, 5362
52224.83, 5361
52258.01, 5360
52282.49, 5359
52293.67, 5358
52301.12, 5357
52315.76, 5356
52339.82, 5355
52358.54, 5354
52372.21, 5353
52480.24, 5352
52505.4, 5351
52510.68, 5350
52557.7, 5349
52562.87, 5348
52588.25, 5347
52601.18, 5346
52610.57, 5345
52613.6, 5344
52664.2, 5343
52673.76, 5342
52679.2, 5341
52712.2, 5340
52723.87, 5339
52748.39, 5338
52768.97, 5337
52784.8, 5336
52810.15, 5335
52825.66, 5334
52843.2, 5333
52848.73, 5332
52854.6, 5331
52889.03, 5330
52899.06, 5329
52919.04, 5328
52926.69, 5327
52939.42, 5326
52941.51, 5325
52959.73, 5324
52968.44, 5323
52975.88, 5322
52988.07, 5321
53001.13, 5320
53010.47, 5319
53018.53, 5318
53079.47, 5317
53135.59, 5316
53161.14, 5315
53167.52, 5314
53195.66, 5313
53212.92, 5312
53214.08, 5311
53257.97, 5310
53272.42, 5309
53278.78, 5308
53314.96, 5307
53320.01, 5306
53334.21, 5305
53337.41, 5304
53377.38, 5303
53389.45, 5302
53397.5, 5301
53445.78, 5300
53456.47, 5299
53459.77, 5298
53463.74, 5297
53529.66, 5296
53543.1, 5295
53565.71, 5294
53568.65, 5293
53577.15, 5292
53609.81, 5291
53626.47, 5290
53641.57, 5289
53676.49, 5288
53689.29, 5287
53726.83, 5286
53736.04, 5285
53756.37, 5284
53770.52, 5283
53778.73, 5282
53793.23, 5281
53834.54, 5280
53882.74, 5279
53892.05, 5278
53902.91, 5277
53922.82, 5276
53925.96, 5275
53937.81, 5274
54023.94, 5273
54037.87, 5272
54047.03, 5271
54064.12, 5270
54089.77, 5269
54099.1, 5268
54149.24, 5267
54161.48, 5266
54190.84, 5265
54201.41, 5264
54210.18, 5263
54231.63, 5262
54247.88, 5261
54263.99, 5260
54277.33, 5259
54315.33, 5258
54315.37, 5257
54321.14, 5256
54363.23, 5255
54377.33, 5254
54408.72, 5253
54425.45, 5252
54465.92, 5251
54481.79, 5250
54483.9, 5249
54547.45, 5248
54570.59, 5247
54588.61, 5246
54599.89, 5245
54619.07, 5244
54629.95, 5243
54649.84, 5242
54689.97, 5241
54692.09, 5240
54704.25, 5239
54717.63, 5238
54728.76, 5237
54737.47, 5236
54752.48, 5235
54764.86, 5234
54773.42, 5233
54784.13, 5232
54798.99, 5231
54813.31, 5230
54844.74, 5229
54872.76, 5228
54911.59, 5227
54927.58, 5226
54957.6, 5225
54980.81, 5224
54982.97, 5223
55000.17, 5222
55023.74, 5221
55036.2, 5220
55054.55, 5219
55074.69, 5218
55080.72, 5217
55104.61, 5216
55136.23, 5215
55155.3, 5214
55158.85, 5213
55159.73, 5212
55193.86, 5211
55197.9, 5210
55209.32, 5209
55221.65, 5208
55233.55, 5207
55244.4, 5206
55254.79, 5205
55314.2, 5204
55322.84, 5203
55324.95, 5202
55364.4, 5201
55382.48, 5200
55399.57, 5199
55418.65, 5198
55422.46, 5197
55446.81, 5196
55520.68, 5195
55534.77, 5194
55549.81, 5193
55583.61, 5192
55595.23, 5191
55598.04, 5190
55617.01, 5189
55629.95, 5188
55638.97, 5187
55691.09, 5186
55703.22, 5185
55737.38, 5184
55748.94, 5183
55767.19, 5182
55789.74, 5181
55807.53, 5180
55824.65, 5179
55840.77, 5178
55896.01, 5177
55913.2, 5176
55920.0, 5175
55933.73, 5174
55958.38, 5173
55984.37, 5172
56035.32, 5171
56041.04, 5170
56055.18, 5169
56068.78, 5168
56079.09, 5167
56088.42, 5166
56118.72, 5165
56132.57, 5164
56159.45, 5163
56167.47, 5162
56191.28, 5161
56257.54, 5160
56272.33, 5159
56283.33, 5158
56414.98, 5157
56417.24, 5156
56419.7, 5155
56433.33, 5154
56443.57, 5153
56457.29, 5152
56469.11, 5151
56482.59, 5150
56492.55, 5149
56505.88, 5148
56515.21, 5147
56589.1, 5146
56591.99, 5145
56608.15, 5144
56624.09, 5143
56628.61, 5142
56653.22, 5141
56675.46, 5140
56702.63, 5139
56710.15, 5138
56723.14, 5137
56762.09, 5136
56766.91, 5135
56769.07, 5134
56783.66, 5133
56796.95, 5132
56804.13, 5131
56821.43, 5130
56827.18, 5129
56837.7, 5128
56911.54, 5127
56931.47, 5126
56964.19, 5125
56970.85, 5124
56971.58, 5123
56973.68, 5122
57008.33, 5121
57024.97, 5120
57027.17, 5119
57044.72, 5118
57063.45, 5117
57079.09, 5116
57085.43, 5115
57129.34, 5114
57154.88, 5113
57175.36, 5112
57178.21, 5111
57217.82, 5110
57220.46, 5109
57222.3, 5108
57249.3, 5107
57252.03, 5106
57253.97, 5105
57316.86, 5104
57339.48, 5103
57348.99, 5102
57361.94, 5101
57385.39, 5100
57395.23, 5099
57416.88, 5098
57438.45, 5097
57445.34, 5096
57471.65, 5095
57496.7, 5094
57506.15, 5093
57513.52, 5092
57556.17, 5091
57576.49, 5090
57582.2, 5089
57600.01, 5088
57617.26, 5087
57619.48, 5086
57648.59, 5085
57656.82, 5084
57706.07, 5083
57712.09, 5082
57721.09, 5081
57749.91, 5080
57772.43, 5079
57776.26, 5078
57804.84, 5077
57842.26, 5076
57854.82, 5075
57864.28, 5074
57895.7, 5073
57902.03, 5072
57919.41, 5071
57963.02, 5070
57972.19, 5069
58002.26, 5068
58020.07, 5067
58031.1, 5066
58048.98, 5065
58078.53, 5064
58083.44, 5063
58126.37, 5062
58148.34, 5061
58165.2, 5060
58196.97, 5059
58214.22, 5058
58239.14, 5057
58249.19, 5056
58295.96, 5055
58301.11, 5054
58311.89, 5053
58341.49, 5052
58349.26, 5051
58352.08, 5050
58368.49, 5049
58380.43, 5048
58387.51, 5047
58469.56, 5046
58489.16, 5045
58501.99, 5044
58529.2, 5043
58534.65, 5042
58543.14, 5041
58618.67, 5040
58623.96, 5039
58634.95, 5038
58662.37, 5037
58682.26, 5036
58689.04, 5035
58705.24, 5034
58722.65, 5033
58735.64, 5032
58742.11, 5031
58763.7, 5030
58767.56, 5029
58772.17, 5028
58798.83, 5027
58838.7, 5026
58838.79, 5025
58877.65, 5024
58877.75, 5023
58877.77, 5022
58900.35, 5021
58901.46, 5020
58903.49, 5019
58920.9, 5018
58928.76, 5017
58940.13, 5016
58965.04, 5015
58982.65, 5014
59000.32, 5013
59016.89, 5012
59025.12, 5011
59083.29, 5010
59083.33, 5009
59083.35, 5008
59105.24, 5007
59120.69, 5006
59120.95, 5005
59150.76, 5004
59162.69, 5003
59168.22, 5002
59170.24, 5001
59206.64, 5000
59220.1, 4999
59228.59, 4998
59246.72, 4997
59258.64, 4996
59267.67, 4995
59311.21, 4994
59313.3, 4993
59322.34, 4992
59354.03, 4991
59359.24, 4990
59366.17, 4989
59388.81, 4988
59390.95, 4987
59402.64, 4986
59439.33, 4985
59444.42, 4984
59480.04, 4983
59494.62, 4982
59494.72, 4981
59511.1, 4980
59512.54, 4979
59527.98, 4978
59558.41, 4977
59582.56, 4976
59592.14, 4975
59601.7, 4974
59616.32, 4973
59630.37, 4972
59632.46, 4971
59670.61, 4970
59695.82, 4969
59701.6, 4968
59703.83, 4967
59718.84, 4966
59726.07, 4965
59768.21, 4964
59773.36, 4963
59808.57, 4962
59818.22, 4961
59818.34, 4960
59832.76, 4959
59864.42, 4958
59864.56, 4957
59890.2, 4956
59890.29, 4955
59911.49, 4954
59918.12, 4953
59919.97, 4952
59964.45, 4951
59975.36, 4950
59992.48, 4949
60012.98, 4948
60015.22, 4947
60158.45, 4946
60161.1, 4945
60190.43, 4944
60196.05, 4943
60215.75, 4942
60218.16, 4941
60252.11, 4940
60292.96, 4939
60323.13, 4938
60338.59, 4937
60344.08, 4936
60348.44, 4935
60373.4, 4934
60388.44, 4933
60393.42, 4932
60408.66, 4931
60415.59, 4930
60433.01, 4929
60458.09, 4928
60463.43, 4927
60483.23, 4926
60511.34, 4925
60534.13, 4924
60549.33, 4923
60572.35, 4922
60584.85, 4921
