10057.37, 14535
10076.17, 14530
10085.19, 14365
10095.55, 14361
10135.27, 14360
10145.44, 14197
10156.65, 14196
10208.56, 14194
10230.13, 14193
10237.08, 14192
10245.36, 14191
10265.36, 14031
10277.13, 14029
10297.77, 14028
10312.53, 14026
10322.03, 14025
10330.49, 14024
10338.2, 14023
10350.34, 13867
10359.64, 13864
10371.39, 13863
10378.78, 13862
10439.09, 13861
10458.76, 13860
10480.97, 13859
10487.54, 13858
10498.25, 13857
10506.88, 13856
10523.46, 13705
10531.7, 13701
10540.08, 13699
10549.02, 13698
10586.59, 13697
10611.52, 13696
10625.24, 13695
10645.88, 13694
10659.9, 13693
10670.55, 13692
10678.1, 13691
10697.51, 13545
10737.36, 13540
10800.07, 13537
10805.96, 13536
10844.93, 13534
10854.53, 13533
10867.38, 13532
10875.8, 13531
10882.65, 13530
10913.66, 13529
10925.27, 13528
10941.75, 13527
10967.76, 13526
10975.44, 13525
10991.33, 13387
11009.53, 13381
11020.84, 13377
11029.71, 13376
11070.64, 13375
11085.51, 13373
11110.31, 13372
11119.99, 13371
11133.87, 13370
11141.6, 13369
11159.35, 13368
11165.23, 13367
11209.73, 13366
11229.08, 13365
11242.77, 13364
11255.61, 13363
11257.24, 13362
11268.52, 13361
11288.71, 13231
11298.97, 13224
11307.33, 13219
11325.93, 13218
11336.11, 13216
11345.66, 13214
11356.4, 13213
11366.09, 13212
11397.03, 13211
11409.49, 13210
11430.16, 13209
11447.39, 13208
11455.62, 13207
11470.96, 13206
11493.13, 13205
11505.66, 13204
11508.45, 13203
11525.63, 13202
11562.93, 13201
11570.61, 13200
11582.58, 13199
11593.76, 13198
11614.16, 13077
11645.43, 13069
11655.66, 13063
11665.22, 13062
11671.45, 13059
11677.74, 13057
11687.11, 13056
11701.57, 13055
11714.99, 13054
11735.42, 13053
11762.28, 13052
11774.04, 13051
11782.79, 13050
11799.52, 13049
11804.42, 13048
11851.19, 13047
11895.63, 13046
11913.98, 13045
11920.01, 13044
11931.12, 13043
11940.73, 13042
11954.57, 13041
11974.59, 13040
11978.65, 13039
11988.95, 13038
12024.11, 13037
12033.43, 13036
12055.3, 12925
12073.59, 12916
12079.01, 12909
12092.86, 12908
12122.42, 12904
12129.51, 12902
12158.63, 12901
12159.79, 12900
12162.9, 12898
12182.82, 12897
12188.97, 12896
12196.74, 12895
12214.66, 12894
12218.65, 12893
12234.08, 12892
12238.17, 12891
12264.12, 12890
12267.28, 12889
12294.09, 12888
12333.59, 12887
12336.78, 12886
12363.71, 12885
12371.54, 12884
12378.91, 12883
12388.25, 12882
12399.81, 12881
12408.76, 12880
12432.47, 12879
12437.8, 12878
12446.46, 12877
12471.19, 12876
12484.98, 12875
12538.47, 12775
12549.87, 12765
12562.22, 12757
12586.82, 12756
12622.5, 12751
12624.79, 12749
12643.69, 12748
12655.74, 12747
12677.93, 12744
12689.56, 12743
12697.91, 12742
12706.49, 12741
12758.18, 12739
12769.66, 12738
12785.48, 12737
12796.91, 12736
12808.23, 12735
12838.06, 12734
12861.78, 12733
12865.07, 12732
12885.37, 12731
12889.9, 12730
12975.88, 12729
12987.65, 12728
13001.59, 12727
13011.83, 12726
13030.14, 12725
13039.61, 12724
13046.91, 12723
13058.23, 12722
13066.79, 12721
13080.28, 12720
13110.35, 12719
13117.9, 12718
13127.85, 12717
13135.16, 12716
13146.42, 12715
13195.42, 12627
13205.16, 12616
13240.45, 12607
13245.29, 12606
13274.75, 12600
13314.73, 12598
13324.95, 12597
13328.13, 12596
13356.88, 12595
13362.2, 12592
13366.85, 12591
13382.06, 12590
13418.26, 12589
13470.4, 12588
13489.51, 12586
13499.64, 12585
13528.12, 12584
13537.12, 12583
13546.62, 12582
13575.53, 12580
13609.51, 12579
13620.8, 12578
13641.64, 12577
13653.02, 12576
13676.95, 12575
13683.91, 12574
13694.51, 12573
13704.5, 12572
13729.84, 12571
14337.18, 12570
14339.85, 12569
14358.87, 12568
14374.63, 12567
14403.02, 12566
14422.05, 12565
14436.44, 12564
14457.86, 12563
14470.58, 12562
14479.18, 12561
14520.71, 12560
14526.58, 12559
14535.03, 12558
14546.27, 12557
14558.09, 12556
14615.08, 12481
14641.14, 12469
14644.63, 12459
14656.22, 12458
14679.18, 12451
14691.1, 12449
14700.09, 12448
14713.81, 12447
14733.37, 12445
14747.19, 12442
14759.54, 12441
14771.3, 12440
14785.29, 12439
14811.76, 12437
14832.54, 12435
14842.73, 12434
14862.56, 12433
14873.13, 12432
14881.98, 12431
14913.19, 12430
14938.84, 12428
14963.85, 12427
14969.36, 12426
14989.58, 12425
14991.97, 12424
15006.32, 12423
15026.7, 12422
15039.05, 12421
15051.96, 12420
15071.61, 12419
15079.16, 12418
15103.09, 12417
15125.01, 12416
15127.16, 12415
15139.9, 12414
15151.24, 12413
15183.35, 12412
15202.72, 12411
15215.54, 12410
15259.58, 12409
15278.06, 12408
15285.92, 12407
15296.74, 12406
15315.73, 12405
15329.1, 12404
15334.56, 12403
15382.39, 12402
15462.58, 12401
15485.65, 12400
15501.37, 12399
15507.9, 12398
15543.2, 12337
15560.03, 12324
15578.53, 12313
15623.38, 12312
15644.51, 12304
15686.01, 12302
15692.86, 12301
15703.87, 12300
15721.01, 12297
15729.36, 12294
15791.42, 12293
15797.18, 12292
15818.34, 12291
15849.23, 12288
15865.13, 12286
15869.83, 12285
15896.26, 12284
15914.59, 12283
15925.84, 12282
15974.08, 12281
15984.45, 12280
16007.14, 12278
16023.49, 12277
16031.6, 12276
16073.35, 12275
16089.25, 12274
16111.16, 12273
16123.05, 12272
16139.49, 12271
16168.1, 12270
16190.3, 12269
16210.01, 12268
16247.1, 12267
16289.56, 12266
16303.16, 12265
16310.31, 12264
16323.2, 12263
16338.41, 12262
16341.75, 12261
16384.84, 12260
16412.13, 12259
16450.51, 12258
16461.02, 12257
16484.07, 12256
16509.79, 12255
16528.02, 12254
16538.2, 12253
16565.33, 12252
16597.1, 12251
16614.71, 12250
16641.55, 12249
16666.27, 12248
16682.02, 12247
16701.88, 12246
16759.52, 12245
16775.2, 12244
16780.67, 12243
16805.56, 12242
16819.9, 12241
16878.11, 12195
16897.38, 12181
16902.79, 12169
16926.7, 12168
16950.17, 12159
16957.42, 12157
16969.23, 12156
17002.89, 12155
17020.32, 12151
17031.41, 12148
17072.43, 12147
17093.12, 12146
17135.86, 12145
17159.19, 12141
17168.52, 12139
17172.35, 12138
17190.68, 12137
17193.8, 12136
17217.59, 12135
17239.48, 12133
17264.38, 12132
17291.22, 12130
17304.98, 12129
17315.08, 12128
17320.81, 12127
17335.19, 12126
17350.72, 12125
17385.34, 12124
17392.94, 12123
17422.24, 12122
17458.2, 12121
17475.05, 12120
17483.9, 12119
17487.31, 12118
17504.79, 12117
17518.52, 12116
17526.73, 12115
17535.57, 12114
17592.24, 12113
17595.72, 12112
17610.42, 12111
17625.42, 12110
17635.12, 12109
17651.65, 12108
17665.1, 12107
17669.5, 12106
17672.68, 12105
17699.11, 12104
17760.54, 12103
17785.86, 12102
17800.38, 12101
17855.06, 12100
17857.15, 12099
17881.96, 12098
17893.27, 12097
17897.28, 12096
17918.05, 12095
17934.18, 12094
17937.33, 12093
17954.68, 12092
17957.84, 12091
17975.82, 12090
17990.13, 12089
17996.18, 12088
18006.91, 12087
18016.16, 12086
18033.22, 12085
18058.18, 12055
18072.33, 12040
18083.29, 12027
18086.43, 12026
18102.78, 12016
18105.95, 12014
18131.2, 12013
18134.3, 12012
18150.78, 12007
18154.92, 12004
18170.93, 12003
18174.03, 12002
18233.37, 12001
18283.88, 12000
18303.67, 11996
18306.76, 11994
18320.67, 11993
18337.33, 11992
18339.8, 11991
18353.65, 11990
18373.33, 11987
18376.36, 11986
18391.84, 11984
18394.85, 11983
18403.85, 11982
18418.0, 11981
18421.18, 11980
18441.13, 11978
18470.31, 11977
18473.56, 11976
18531.46, 11975
18547.01, 11974
18556.59, 11973
18566.07, 11972
18579.61, 11971
18595.83, 11970
18604.37, 11969
18623.08, 11968
18650.82, 11967
18667.1, 11966
18709.68, 11965
18713.0, 11964
18716.29, 11963
18733.14, 11962
18778.33, 11961
18797.64, 11960
18801.55, 11959
18821.02, 11958
18845.11, 11957
18848.44, 11956
18860.75, 11955
18870.9, 11954
18881.77, 11953
18902.11, 11952
18906.15, 11951
18909.32, 11950
18930.2, 11949
18938.03, 11948
18960.09, 11947
18966.92, 11946
18994.27, 11945
18997.38, 11944
19010.44, 11943
19012.73, 11942
19022.98, 11941
19135.92, 11940
19156.04, 11939
19158.93, 11938
19191.2, 11937
19226.58, 11936
19231.07, 11935
19263.22, 11934
19266.37, 11933
19285.22, 11932
19299.37, 11931
19303.54, 11930
19324.36, 11929
19327.32, 11928
19351.16, 11927
19367.91, 11926
19373.78, 11925
19386.96, 11924
19426.9, 11923
19466.41, 11917
19473.95, 11901
19477.05, 11887
19493.77, 11886
19498.61, 11875
19544.63, 11873
19548.73, 11872
19555.54, 11871
19589.71, 11870
19611.99, 11865
19615.15, 11862
19625.49, 11861
19639.28, 11860
19642.42, 11859
19651.5, 11858
19673.79, 11857
19677.85, 11853
19721.72, 11851
19727.59, 11850
19735.4, 11849
19800.04, 11848
19819.41, 11847
19829.19, 11846
19855.48, 11843
19858.5, 11842
19878.85, 11840
19883.76, 11839
19887.02, 11838
19902.07, 11837
19905.49, 11836
19929.0, 11835
19941.33, 11833
19961.22, 11832
19965.51, 11831
19968.59, 11830
19993.68, 11829
19996.15, 11828
20029.26, 11827
20049.04, 11826
20073.08, 11825
20100.19, 11824
20116.66, 11823
20134.77, 11822
20143.44, 11821
20151.59, 11820
20180.23, 11819
20183.31, 11818
20196.8, 11817
20216.28, 11816
20252.87, 11815
20267.19, 11814
20275.0, 11813
20278.08, 11812
20328.03, 11811
20332.0, 11810
20342.6, 11809
20360.41, 11808
20373.58, 11807
20390.99, 11806
20394.14, 11805
20401.74, 11804
20419.1, 11803
20422.28, 11802
20445.29, 11801
20527.31, 11800
20531.8, 11799
20547.79, 11798
20550.99, 11797
20579.53, 11796
20585.08, 11795
20599.57, 11794
20608.17, 11793
20614.9, 11792
20628.68, 11791
20649.52, 11790
20653.52, 11789
20683.91, 11788
20687.97, 11787
20729.91, 11786
20732.75, 11785
20782.57, 11784
20785.36, 11783
20838.98, 11782
20849.9, 11781
20873.69, 11780
20878.25, 11779
20887.83, 11778
20901.58, 11777
20904.69, 11776
20929.58, 11775
20936.75, 11774
20952.78, 11773
20955.97, 11772
20979.55, 11771
20982.6, 11770
21012.65, 11764
21063.23, 11749
21074.12, 11748
21090.73, 11736
21094.83, 11734
21103.09, 11733
21110.24, 11732
21123.61, 11731
21138.04, 11725
21141.17, 11722
21150.82, 11721
21176.74, 11720
21208.56, 11719
21258.19, 11718
21260.62, 11716
21273.52, 11712
21289.06, 11710
21292.38, 11709
21307.08, 11708
21310.72, 11707
21316.92, 11706
21333.86, 11705
21350.63, 11704
21354.75, 11701
21409.37, 11700
21415.67, 11698
21437.5, 11697
21443.45, 11696
21446.59, 11695
21476.57, 11694
21479.7, 11693
21494.92, 11692
21498.3, 11690
21501.09, 11689
21521.54, 11688
21529.54, 11687
21645.55, 11686
21659.07, 11685
21662.96, 11684
21679.2, 11683
21693.71, 11682
21715.64, 11681
21718.74, 11680
21734.06, 11679
21756.3, 11678
21762.86, 11677
21783.19, 11676
21787.48, 11675
21805.42, 11674
21808.21, 11673
21839.12, 11672
21842.02, 11671
21862.85, 11670
21866.07, 11669
21914.42, 11668
21934.38, 11667
21949.51, 11666
21953.48, 11665
21966.84, 11664
21984.17, 11663
21987.34, 11662
22020.58, 11661
22058.77, 11660
22062.87, 11659
22084.18, 11658
22091.99, 11657
22115.78, 11656
22145.02, 11655
22165.3, 11654
22168.41, 11653
22186.98, 11652
22190.19, 11651
22208.37, 11650
22212.19, 11649
22238.25, 11648
22254.45, 11647
22284.97, 11646
22300.22, 11645
22304.2, 11644
22314.45, 11643
22346.74, 11642
22350.1, 11641
22354.75, 11640
22376.72, 11639
22382.68, 11638
22413.77, 11637
22438.9, 11636
22450.87, 11635
22455.05, 11634
22483.48, 11633
22487.98, 11632
22540.8, 11631
22555.87, 11630
22566.33, 11629
22575.28, 11628
22589.11, 11627
22610.75, 11626
22616.05, 11625
22632.56, 11624
22656.21, 11623
22659.27, 11622
22718.92, 11621
22731.71, 11620
22738.93, 11619
22809.33, 11613
22815.68, 11612
22833.03, 11599
22836.21, 11597
22843.64, 11596
22863.36, 11595
22868.98, 11594
22874.69, 11587
22936.25, 11584
22959.46, 11583
22962.55, 11582
22971.13, 11581
22987.75, 11580
22999.92, 11577
23005.42, 11573
23022.36, 11571
23025.49, 11570
23044.24, 11569
23048.6, 11568
23095.8, 11567
23100.24, 11566
23125.78, 11564
23129.99, 11561
23142.64, 11560
23209.07, 11558
23233.9, 11557
23237.21, 11556
23248.43, 11555
23251.42, 11554
23278.42, 11553
23282.46, 11552
23307.57, 11551
23310.59, 11549
23343.73, 11548
23369.79, 11547
23373.23, 11546
23388.52, 11545
23402.77, 11544
23449.34, 11543
23452.4, 11542
23476.42, 11541
23480.96, 11540
23502.29, 11539
23509.04, 11538
23512.16, 11537
23532.04, 11536
23535.26, 11535
23544.87, 11534
23563.93, 11533
23566.95, 11532
23586.26, 11531
23617.78, 11530
23647.33, 11529
23663.39, 11528
23668.07, 11527
23688.16, 11526
23709.0, 11525
23716.96, 11524
23751.2, 11523
23762.65, 11522
23779.59, 11521
23797.19, 11520
23800.41, 11519
23844.78, 11518
23882.63, 11517
23897.18, 11516
23903.65, 11515
23917.05, 11514
23920.91, 11513
23935.89, 11512
23941.08, 11511
23992.48, 11510
23999.62, 11509
24016.4, 11508
24020.19, 11507
24035.93, 11506
24040.1, 11505
24100.48, 11504
24113.82, 11503
24138.3, 11502
24140.6, 11501
24164.56, 11500
24166.69, 11499
24185.53, 11498
24192.16, 11497
24214.57, 11496
24224.95, 11495
24240.25, 11494
24252.32, 11493
24256.9, 11492
24272.89, 11491
24289.7, 11490
24301.99, 11489
24312.46, 11488
24318.23, 11487
24349.55, 11486
24353.65, 11485
24394.19, 11484
24401.41, 11483
24448.45, 11482
24472.48, 11481
24495.43, 11480
24499.65, 11479
24529.86, 11478
24531.83, 11477
24563.19, 11476
24580.46, 11475
24597.5, 11474
24632.54, 11473
24636.6, 11472
24648.3, 11471
24664.99, 11470
24698.39, 11464
24716.23, 11462
24720.23, 11461
24785.37, 11460
24789.87, 11459
24808.0, 11451
24811.85, 11448
24825.05, 11447
24828.2, 11446
24845.27, 11445
24848.4, 11444
24892.71, 11440
25149.59, 11436
25171.61, 11434
25173.77, 11433
25182.9, 11432
25206.1, 11431
25211.67, 11430
25214.31, 11429
25244.98, 11426
25248.39, 11423
25255.87, 11422
25282.09, 11420
25286.76, 11419
25289.48, 11418
25309.44, 11417
25312.48, 11416
25340.89, 11414
25349.8, 11413
25365.21, 11412
25393.24, 11410
25409.54, 11409
25426.99, 11408
25432.17, 11407
25451.41, 11406
25455.94, 11405
25459.1, 11404
25467.59, 11403
25493.2, 11402
25497.49, 11401
25519.3, 11400
25542.42, 11399
25546.19, 11398
25552.4, 11397
25572.93, 11396
25609.86, 11395
25614.73, 11394
25618.08, 11393
25628.84, 11392
25644.14, 11391
25658.4, 11390
25682.2, 11389
25686.64, 11388
25722.19, 11387
25725.16, 11386
25735.33, 11385
25821.08, 11384
25824.2, 11383
25842.84, 11382
25847.44, 11381
25850.2, 11380
25894.32, 11379
25899.21, 11378
25912.8, 11377
25918.09, 11376
25939.33, 11375
25944.07, 11374
25950.29, 11373
25967.92, 11372
25974.27, 11371
26009.81, 11370
26015.22, 11369
26042.22, 11368
26046.6, 11367
26095.44, 11366
26101.99, 11365
26113.65, 11364
26128.49, 11363
26132.8, 11362
26172.57, 11361
26192.67, 11360
26197.07, 11359
26225.81, 11358
26228.84, 11357
26231.88, 11356
26256.82, 11355
26258.75, 11354
26281.27, 11353
26295.72, 11352
26316.6, 11351
26320.67, 11350
26346.78, 11349
26373.12, 11348
26442.43, 11347
26460.03, 11346
26498.94, 11345
26504.52, 11344
26507.68, 11343
26524.88, 11342
26539.58, 11341
26544.46, 11340
26573.1, 11339
26577.3, 11338
26625.59, 11337
26634.31, 11336
26649.15, 11335
26660.39, 11334
26679.51, 11333
26684.05, 11332
26694.35, 11331
26719.2, 11330
26726.17, 11329
26808.56, 11328
26821.1, 11327
26826.76, 11326
26838.53, 11325
26864.68, 11324
26869.32, 11323
26892.87, 11322
26896.55, 11321
26946.29, 11317
26952.66, 11314
27028.56, 11313
27043.62, 11312
27048.31, 11311
27065.8, 11310
27078.0, 11305
27092.53, 11301
27114.55, 11299
27117.64, 11298
27161.7, 11297
27170.28, 11296
27173.17, 11295
27188.14, 11294
27203.74, 11290
27212.2, 11287
27216.09, 11286
27236.27, 11284
27243.8, 11283
27246.77, 11282
27265.96, 11281
27313.46, 11280
27350.98, 11277
27356.0, 11276
27372.78, 11275
27375.77, 11273
27378.78, 11272
27399.66, 11271
27403.8, 11270
27423.96, 11269
27461.66, 11268
27464.75, 11267
27485.15, 11266
27497.59, 11264
27565.7, 11263
27571.83, 11262
27581.98, 11261
27608.92, 11260
27613.69, 11259
27633.89, 11258
27637.88, 11257
27650.85, 11256
27655.03, 11255
27673.61, 11254
27693.9, 11253
27716.95, 11252
27721.17, 11251
27741.14, 11250
27775.19, 11249
27779.5, 11248
27796.43, 11247
27802.26, 11246
27812.49, 11245
27826.98, 11244
27832.78, 11243
27839.68, 11242
27851.81, 11241
27867.98, 11240
27881.44, 11239
27921.46, 11238
27934.29, 11237
27940.57, 11236
27957.31, 11235
27992.15, 11234
27995.35, 11233
28007.36, 11232
28020.69, 11231
28025.77, 11230
28038.82, 11229
28064.11, 11228
28066.91, 11227
28075.51, 11226
28155.9, 11225
28160.57, 11224
28176.95, 11223
28180.6, 11222
28198.83, 11221
28203.35, 11220
28256.41, 11219
28260.9, 11218
28266.83, 11217
28292.18, 11216
28296.39, 11215
28316.82, 11214
28358.93, 11213
28378.47, 11212
28388.78, 11211
28398.36, 11210
28407.3, 11209
28424.44, 11208
28434.84, 11207
28445.52, 11206
28456.06, 11205
28473.83, 11204
28476.96, 11203
28517.41, 11202
28522.41, 11201
28524.75, 11200
28567.08, 11199
28601.16, 11198
28605.33, 11197
28617.83, 11196
28709.53, 11195
28712.56, 11194
28723.94, 11193
28747.9, 11192
28751.38, 11191
28766.56, 11190
28791.98, 11189
28796.13, 11188
28807.72, 11187
28823.36, 11186
28826.41, 11185
28849.74, 11184
28866.63, 11183
28871.11, 11182
28915.06, 11181
28931.77, 11180
28944.18, 11179
28948.79, 11178
28981.95, 11177
28987.27, 11176
29033.46, 11175
29095.43, 11174
29101.49, 11173
29113.09, 11172
29142.46, 11171
29148.61, 11170
29224.21, 11168
29228.4, 11166
29246.72, 11165
29250.68, 11164
29276.62, 11163
29283.69, 11162
29291.97, 11161
29316.56, 11156
29319.95, 11153
29327.32, 11152
29349.63, 11150
29353.67, 11149
29356.73, 11148
29404.85, 11147
29421.4, 11146
29444.61, 11142
29449.13, 11141
29458.73, 11140
29464.9, 11138
29479.33, 11137
29483.08, 11136
29499.83, 11135
29503.01, 11134
29527.05, 11133
29547.08, 11132
29550.04, 11131
29582.54, 11130
29601.1, 11128
29604.16, 11127
29638.4, 11126
29647.31, 11125
29650.13, 11124
29668.63, 11123
29676.76, 11122
29679.78, 11121
29688.36, 11120
29715.99, 11119
29719.01, 11118
29727.89, 11117
29775.09, 11116
29783.46, 11115
29786.77, 11114
29796.02, 11113
29827.55, 11112
29830.52, 11111
29839.24, 11110
29859.51, 11109
29862.52, 11108
29878.74, 11107
29891.21, 11106
29894.23, 11105
29947.33, 11104
29952.56, 11103
29955.61, 11102
29992.48, 11101
29998.38, 11100
30001.39, 11099
30023.77, 11098
30040.04, 11097
30052.89, 11096
30061.36, 11095
30083.92, 11094
30086.95, 11093
30100.63, 11092
30106.46, 11091
30144.06, 11090
30148.25, 11089
30166.42, 11088
30174.06, 11087
30187.44, 11086
30198.19, 11085
30227.61, 11084
30231.64, 11083
30260.63, 11082
30263.83, 11081
30281.1, 11080
30286.22, 11079
30311.54, 11078
30317.84, 11077
30328.69, 11076
30346.46, 11075
30352.93, 11074
30374.39, 11073
30381.53, 11072
30423.06, 11071
30429.75, 11070
30445.44, 11069
30448.5, 11068
30474.08, 11067
30478.04, 11066
30497.05, 11065
30514.37, 11064
30562.86, 11063
30587.5, 11062
30610.19, 11061
30618.41, 11060
30642.84, 11059
30661.05, 11058
30664.13, 11057
30667.17, 11056
30694.95, 11055
30698.99, 11054
30704.62, 11053
30746.08, 11052
30754.8, 11051
30757.69, 11050
30777.11, 11049
30794.12, 11048
30796.99, 11047
30840.82, 11046
30843.84, 11045
30862.86, 11044
30872.7, 11043
30885.34, 11042
30890.25, 11041
30911.34, 11040
30940.57, 11039
30944.64, 11038
30961.93, 11037
30965.04, 11036
30986.17, 11035
31018.75, 11034
31023.49, 11033
31075.28, 11032
31095.83, 11031
31104.57, 11030
31112.88, 11029
31133.23, 11028
31147.55, 11027
31153.0, 11026
31182.46, 11025
31185.32, 11024
31215.9, 11023
31219.02, 11022
31233.51, 11021
31331.07, 11020
31335.83, 11018
31348.58, 11017
31378.86, 11016
31400.64, 11015
31415.71, 11014
31443.36, 11013
31444.23, 11009
31456.09, 11008
31471.26, 11007
31476.45, 11005
31492.25, 11004
31497.02, 11003
31522.41, 11002
31527.85, 11001
31542.58, 11000
31547.17, 10999
31586.93, 10998
31592.3, 10996
31595.36, 10994
31610.72, 10993
31618.48, 10992
31641.89, 10991
31644.95, 10990
31674.5, 10989
31677.53, 10988
31709.2, 10987
31712.21, 10986
31729.47, 10985
31735.38, 10984
31738.7, 10983
31764.78, 10982
31785.32, 10981
31788.53, 10980
31817.1, 10979
31842.04, 10978
31845.04, 10977
31855.8, 10976
31872.2, 10975
31899.51, 10974
31902.69, 10973
31922.87, 10972
31926.06, 10971
31947.37, 10970
31953.36, 10969
31992.89, 10968
31995.96, 10967
32007.94, 10966
32034.31, 10965
32037.91, 10964
32049.78, 10963
32052.71, 10962
32071.01, 10961
32092.17, 10960
32098.29, 10959
32110.43, 10958
32125.03, 10957
32128.08, 10956
32145.9, 10955
32179.81, 10954
32182.86, 10953
32210.03, 10952
32213.94, 10951
32236.18, 10950
32239.17, 10949
32257.37, 10948
32260.3, 10947
32282.47, 10946
32286.55, 10945
32305.71, 10944
32328.4, 10943
32331.47, 10942
32355.85, 10941
32358.87, 10940
32373.49, 10939
32400.64, 10938
32403.73, 10937
32419.63, 10936
32422.63, 10935
32444.66, 10934
32448.64, 10933
32482.51, 10932
32486.84, 10931
32502.52, 10930
32509.88, 10929
32541.42, 10928
32543.32, 10927
32546.36, 10926
32591.84, 10925
32594.88, 10924
32602.15, 10923
32675.55, 10922
32680.32, 10921
32695.21, 10920
32707.27, 10919
32727.4, 10918
32731.82, 10917
32743.68, 10916
32759.16, 10915
32764.14, 10914
32801.52, 10913
32806.65, 10912
32832.35, 10911
32842.98, 10910
32846.03, 10909
32854.56, 10908
32869.19, 10907
32876.99, 10906
32901.58, 10905
32917.23, 10904
32946.93, 10903
32951.4, 10902
32958.5, 10901
33017.81, 10900
33035.55, 10899
33056.18, 10898
33074.53, 10897
33076.89, 10896
33096.65, 10895
33102.35, 10894
33111.71, 10893
33152.3, 10892
33158.76, 10891
33175.53, 10890
33187.77, 10889
33201.82, 10888
33234.02, 10887
33262.1, 10886
33265.11, 10885
33275.23, 10884
33288.97, 10883
33308.02, 10882
33312.07, 10881
33340.29, 10880
33343.3, 10879
33372.73, 10878
33391.63, 10877
33406.35, 10876
33409.73, 10875
33441.11, 10874
33445.16, 10873
33462.09, 10872
33466.37, 10871
33501.35, 10870
33532.86, 10869
33544.58, 10868
33554.17, 10867
33568.66, 10866
33586.75, 10865
33685.98, 10864
33698.15, 10862
33740.54, 10861
33740.83, 10860
33750.78, 10859
33768.06, 10858
33777.25, 10857
33791.1, 10856
33791.19, 10855
33816.24, 10854
33816.26, 10853
33830.89, 10852
33830.93, 10851
33842.81, 10850
33863.0, 10849
33884.29, 10848
33895.78, 10847
33904.81, 10846
33919.21, 10845
33931.74, 10844
33945.11, 10843
33966.69, 10842
33976.36, 10841
33983.69, 10840
34023.66, 10839
34027.77, 10838
34051.27, 10837
34053.97, 10836
34080.85, 10835
34094.05, 10834
34107.11, 10833
34114.79, 10832
34137.39, 10831
34146.65, 10830
34153.38, 10829
34169.33, 10828
34203.95, 10827
34207.05, 10826
34210.03, 10825
34241.45, 10824
34274.25, 10823
34279.41, 10822
34316.79, 10821
34337.16, 10820
34341.44, 10819
34362.93, 10818
34383.0, 10817
34395.7, 10816
34418.18, 10815
34433.82, 10814
34436.85, 10813
34447.56, 10812
34457.46, 10811
34488.0, 10810
34519.83, 10809
34522.9, 10808
34542.09, 10807
34565.04, 10806
34575.37, 10805
34584.72, 10804
34612.07, 10803
34638.24, 10802
34641.6, 10801
34680.49, 10800
34684.15, 10799
34687.15, 10798
34709.45, 10797
34728.12, 10796
34744.41, 10795
34758.45, 10794
34770.05, 10793
34785.54, 10792
34811.86, 10791
34818.93, 10790
34821.98, 10789
34843.39, 10788
34864.54, 10787
34867.7, 10786
35077.0, 10785
35079.94, 10784
35109.15, 10783
35112.05, 10782
35123.11, 10781
35126.11, 10780
35152.09, 10779
35157.05, 10778
35174.78, 10777
35180.18, 10776
35209.42, 10775
35220.03, 10774
35257.49, 10773
35260.54, 10772
35263.8, 10771
35307.09, 10770
35309.28, 10769
35312.25, 10768
35327.08, 10767
35389.37, 10766
35393.81, 10765
35397.26, 10764
35416.01, 10763
35421.18, 10762
35440.66, 10761
35444.91, 10760
35472.75, 10759
35500.25, 10758
35529.07, 10757
35532.09, 10756
35554.88, 10755
35557.55, 10754
35574.59, 10753
35578.8, 10752
35635.3, 10751
35639.92, 10750
35660.66, 10749
35668.14, 10748
35696.06, 10747
35704.5, 10746
35726.04, 10745
35735.52, 10744
35769.16, 10743
35775.3, 10742
35838.26, 10741
35840.98, 10740
35844.04, 10739
35855.55, 10738
35875.19, 10737
35897.18, 10736
35900.71, 10735
35911.59, 10734
35939.01, 10733
35976.07, 10732
35978.98, 10731
36036.21, 10730
36039.6, 10729
36058.37, 10728
36081.92, 10727
36086.18, 10726
36125.73, 10725
36148.42, 10724
36156.6, 10723
36193.8, 10722
36196.71, 10721
36208.56, 10720
36226.35, 10719
36285.76, 10718
36302.91, 10717
36308.4, 10716
36319.6, 10715
36342.6, 10714
36353.85, 10713
36365.69, 10712
36374.85, 10711
36398.15, 10710
36402.57, 10709
36406.86, 10708
36421.53, 10707
36427.9, 10706
36438.3, 10705
36507.61, 10704
36518.84, 10703
36524.79, 10702
36533.53, 10701
36548.43, 10700
36558.26, 10699
36572.08, 10698
36583.19, 10697
36591.93, 10696
36623.14, 10695
36626.21, 10694
36629.24, 10693
36658.03, 10692
36661.06, 10691
36666.72, 10690
36686.05, 10689
36732.3, 10688
36735.34, 10687
36749.59, 10686
36764.84, 10685
36772.1, 10684
36787.72, 10683
36824.47, 10682
36827.66, 10681
36838.02, 10680
36846.53, 10679
36859.56, 10678
36880.64, 10677
36884.88, 10676
36903.41, 10675
36923.87, 10674
36935.79, 10673
36949.37, 10672
36977.86, 10671
36981.06, 10670
36986.14, 10669
37019.8, 10668
37026.42, 10667
37042.43, 10666
37053.3, 10665
37063.44, 10664
37092.35, 10663
37114.37, 10662
37133.03, 10661
37148.9, 10660
37153.15, 10659
37178.83, 10658
37182.36, 10657
37202.9, 10656
37219.64, 10655
37239.22, 10654
37245.14, 10653
37255.61, 10652
37271.2, 10651
37288.42, 10650
37310.42, 10649
37314.13, 10648
37322.76, 10647
37344.13, 10646
37369.44, 10645
37372.51, 10644
37392.77, 10643
37395.58, 10642
37407.75, 10641
37419.84, 10640
37455.69, 10639
37464.0, 10638
37489.33, 10637
37493.49, 10636
37526.9, 10635
37532.22, 10634
37535.29, 10633
37555.47, 10632
37575.39, 10631
37582.44, 10630
37638.89, 10629
37653.74, 10628
37680.77, 10627
37695.37, 10626
37702.13, 10625
37711.0, 10624
37732.1, 10623
37741.95, 10622
37748.11, 10621
37784.58, 10620
37787.94, 10619
37823.71, 10618
37838.48, 10617
37845.65, 10616
37865.87, 10615
37870.64, 10614
37886.75, 10613
37921.08, 10612
37930.3, 10611
37952.61, 10610
37958.6, 10609
37990.77, 10608
37995.86, 10607
37999.8, 10606
38059.01, 10605
38065.14, 10604
38074.83, 10603
38117.21, 10602
38120.24, 10601
38133.69, 10600
38143.79, 10599
38171.85, 10598
38187.56, 10597
38229.01, 10596
38269.99, 10595
38286.2, 10594
38312.74, 10593
38323.34, 10592
38330.53, 10591
38351.42, 10590
38365.05, 10589
38369.38, 10588
38389.97, 10587
38406.38, 10586
38418.97, 10585
38430.5, 10584
38441.14, 10583
38470.4, 10582
38474.57, 10581
38502.9, 10580
38511.8, 10579
38558.28, 10578
38584.34, 10577
38585.23, 10576
38599.73, 10575
38672.24, 10574
38698.65, 10573
38715.0, 10572
38727.14, 10571
38730.54, 10570
38748.14, 10569
38764.77, 10568
38773.82, 10567
38782.42, 10566
38850.29, 10565
38870.88, 10564
38875.76, 10563
38895.23, 10562
38901.39, 10561
38920.54, 10560
38963.89, 10559
38964.55, 10558
38995.53, 10557
39000.7, 10556
39004.71, 10555
39027.68, 10554
39052.31, 10553
39071.67, 10552
39086.01, 10551
39135.53, 10550
39139.05, 10549
39171.73, 10548
39176.86, 10547
39180.02, 10546
39214.84, 10545
39219.97, 10544
39236.47, 10543
39257.84, 10542
39261.49, 10541
39275.3, 10540
39297.86, 10539
39302.21, 10538
39332.39, 10537
39335.54, 10536
39338.9, 10535
39371.62, 10534
39388.21, 10533
39405.0, 10532
39431.69, 10531
39467.99, 10530
39487.06, 10529
39495.55, 10528
39523.38, 10527
39542.55, 10526
39556.01, 10525
39584.05, 10524
39608.43, 10523
39612.87, 10522
39618.4, 10521
39646.11, 10520
39660.63, 10519
39662.53, 10518
39706.16, 10517
39712.05, 10516
39731.25, 10515
39755.49, 10514
39755.59, 10513
39798.34, 10512
39809.41, 10511
39811.08, 10510
39823.42, 10509
39839.54, 10508
39845.27, 10507
39861.82, 10506
39891.62, 10505
39906.95, 10504
39950.47, 10503
39978.88, 10502
39982.1, 10501
40020.58, 10500
40027.44, 10499
40048.73, 10498
40058.39, 10497
40073.03, 10496
40079.08, 10495
40126.86, 10494
40137.52, 10493
40153.41, 10492
40156.58, 10491
40187.74, 10490
40189.45, 10489
40198.9, 10488
40221.06, 10487
40226.41, 10486
40239.6, 10485
40294.64, 10484
40298.21, 10483
40306.62, 10482
40357.9, 10481
40361.66, 10480
40364.16, 10479
40387.28, 10478
40392.16, 10477
40411.17, 10476
40438.01, 10475
40442.43, 10474
40470.02, 10473
40473.08, 10472
40504.41, 10471
40515.2, 10470
40518.59, 10469
40530.97, 10468
40552.49, 10467
40580.85, 10466
40583.19, 10465
40626.08, 10464
40628.92, 10463
40667.57, 10462
40667.65, 10461
40667.66, 10460
40728.62, 10459
40755.5, 10458
40768.9, 10457
40780.52, 10456
40794.97, 10455
40824.82, 10454
40830.82, 10453
40857.2, 10452
40861.23, 10451
40894.94, 10450
40939.58, 10449
40943.9, 10448
40946.02, 10447
40972.9, 10446
40991.1, 10445
41005.94, 10444
41022.08, 10443
41041.33, 10442
41059.87, 10441
41073.67, 10440
41104.08, 10439
41119.12, 10438
41123.14, 10437
41198.38, 10436
41209.23, 10435
41229.48, 10434
41232.52, 10433
41318.81, 10432
41324.22, 10431
41353.22, 10430
41366.88, 10429
41380.72, 10428
41385.1, 10427
41421.0, 10426
41423.99, 10425
41449.04, 10424
41449.08, 10423
41462.12, 10422
41476.23, 10421
41486.63, 10420
41489.45, 10419
41511.08, 10418
41513.95, 10417
41544.07, 10416
41547.09, 10415
41596.64, 10414
41600.59, 10413
41639.24, 10412
41646.29, 10411
41652.54, 10410
41672.15, 10409
41675.21, 10408
41718.3, 10407
41730.83, 10406
41733.81, 10405
41753.24, 10404
41756.15, 10403
41778.8, 10402
41782.38, 10401
41814.57, 10400
41818.76, 10399
41848.41, 10398
41848.98, 10397
41854.69, 10396
41889.12, 10395
41893.73, 10394
41902.82, 10393
41922.84, 10392
41934.31, 10391
41948.26, 10390
41984.85, 10389
42008.25, 10388
42011.41, 10387
42062.86, 10386
42065.79, 10385
42066.05, 10384
42087.66, 10383
42088.45, 10382
42130.08, 10381
42133.13, 10380
42155.47, 10379
42158.68, 10378
42172.69, 10377
42177.19, 10376
42260.72, 10375
42262.91, 10374
42292.87, 10373
42296.01, 10372
42312.06, 10371
42331.02, 10370
42344.93, 10369
42356.6, 10368
42389.35, 10367
42392.6, 10366
42395.71, 10365
42463.02, 10364
42466.17, 10363
42511.85, 10362
42527.08, 10361
42530.13, 10360
42542.95, 10359
42568.63, 10358
42577.07, 10357
42605.96, 10356
42609.77, 10355
42633.22, 10354
42637.86, 10353
42640.04, 10352
42657.69, 10351
42702.66, 10350
42705.71, 10349
42719.9, 10348
42732.98, 10347
42782.4, 10346
42786.64, 10345
42789.74, 10344
42803.74, 10343
42818.58, 10342
42831.27, 10341
42879.04, 10340
42902.84, 10339
42908.08, 10338
42918.3, 10337
42944.65, 10336
42947.84, 10335
42950.9, 10334
42961.77, 10333
42999.01, 10332
43003.34, 10331
43023.27, 10330
43049.6, 10329
43053.66, 10328
43058.94, 10327
43080.95, 10326
43109.03, 10325
43112.86, 10324
43160.41, 10323
43176.91, 10322
43191.0, 10321
43194.09, 10320
43216.0, 10319
43228.22, 10318
43252.64, 10317
43284.26, 10316
43290.62, 10315
43310.15, 10314
43334.0, 10313
43335.4, 10312
43348.6, 10311
43367.2, 10310
43379.44, 10309
43395.05, 10308
43424.89, 10307
43429.46, 10306
43484.99, 10305
43488.11, 10304
43491.11, 10303
43542.17, 10302
43549.23, 10301
43565.7, 10300
43568.81, 10299
43604.85, 10298
43607.94, 10297
43625.2, 10296
43676.73, 10295
43679.99, 10294
43688.63, 10293
43711.71, 10292
43714.69, 10291
43789.83, 10290
43798.4, 10289
43808.01, 10288
43848.57, 10287
43856.7, 10286
43899.07, 10285
43902.06, 10284
43937.65, 10283
43962.09, 10282
43963.92, 10281
43990.14, 10280
43990.19, 10279
44030.95, 10278
44034.62, 10277
44039.07, 10276
44078.29, 10275
44095.36, 10274
44100.99, 10273
44159.47, 10272
44171.98, 10271
44187.96, 10270
44190.74, 10269
44193.79, 10268
44221.41, 10267
44225.97, 10266
44242.14, 10265
44246.84, 10264
44277.35, 10263
44291.17, 10262
44303.91, 10261
44319.36, 10260
44323.01, 10259
44430.77, 10258
44433.89, 10257
44442.3, 10256
44468.04, 10255
44474.44, 10254
44505.42, 10253
44508.51, 10252
44511.62, 10251
44545.78, 10250
44565.12, 10249
44568.78, 10248
44571.16, 10247
44610.52, 10246
44613.48, 10245
44616.49, 10244
44679.49, 10243
44682.6, 10242
44719.98, 10241
44725.16, 10240
44728.25, 10239
44745.72, 10238
44757.33, 10237
44789.61, 10236
44801.12, 10235
44808.99, 10234
44829.01, 10233
44836.82, 10232
44876.72, 10231
44892.59, 10230
44895.61, 10229
44916.37, 10228
44933.04, 10227
44940.34, 10226
44954.74, 10225
45027.22, 10224
45030.28, 10223
45033.35, 10222
45093.01, 10221
45096.08, 10220
45112.9, 10219
45125.56, 10218
45149.19, 10217
45160.27, 10216
45178.72, 10215
45182.45, 10214
45219.01, 10213
45227.68, 10212
45242.5, 10211
45255.59, 10210
45271.21, 10209
45273.74, 10208
45306.1, 10207
45328.98, 10206
45332.78, 10205
45374.76, 10204
45377.75, 10203
45444.39, 10202
45447.28, 10201
45450.31, 10200
45478.67, 10199
45481.8, 10198
45519.88, 10197
45533.91, 10196
45537.8, 10195
45561.17, 10194
45572.19, 10193
45577.41, 10192
45591.18, 10191
45602.06, 10190
45623.07, 10189
45635.42, 10188
46056.18, 10187
46093.86, 10186
46096.94, 10185
46106.85, 10184
46122.22, 10183
46133.6, 10182
46138.08, 10181
46198.15, 10180
46226.85, 10179
46230.15, 10178
46253.13, 10177
46257.15, 10176
46275.32, 10175
46279.97, 10174
46315.02, 10173
46321.99, 10172
46338.85, 10171
46341.91, 10170
46443.72, 10169
46443.88, 10168
46458.95, 10167
46478.52, 10166
46496.7, 10165
46507.96, 10164
46512.6, 10163
46545.14, 10162
46548.36, 10161
46575.81, 10160
46578.75, 10159
46621.59, 10158
46624.57, 10157
46627.68, 10156
46657.65, 10155
46665.21, 10154
46678.54, 10153
46705.56, 10152
46764.05, 10151
46767.12, 10150
46813.12, 10149
46817.58, 10148
46851.43, 10147
46882.96, 10146
46903.86, 10145
46907.04, 10144
46935.11, 10143
46938.99, 10142
46945.69, 10141
46971.39, 10140
46978.76, 10139
46991.87, 10138
46998.67, 10137
47049.28, 10136
47052.3, 10135
47103.97, 10134
47107.28, 10133
47123.9, 10132
47127.01, 10131
47174.19, 10130
47179.57, 10129
47182.67, 10128
47191.23, 10127
47200.53, 10126
47234.66, 10125
47258.23, 10124
47261.35, 10123
47264.23, 10122
47299.42, 10121
47302.44, 10120
47313.99, 10119
47334.65, 10118
47341.51, 10117
47346.73, 10116
47378.98, 10115
47399.02, 10114
47403.54, 10113
47411.71, 10112
47424.22, 10111
47449.46, 10110
47453.34, 10109
47481.27, 10108
47508.27, 10107
47511.88, 10106
47519.57, 10105
47557.76, 10104
47561.09, 10103
47565.92, 10102
47616.56, 10101
47619.81, 10100
47632.13, 10099
47664.25, 10098
47668.86, 10097
47688.16, 10096
47691.17, 10095
47724.73, 10094
47727.74, 10093
47758.06, 10092
47761.0, 10091
47783.36, 10090
47794.0, 10089
47846.78, 10088
47851.65, 10087
47854.67, 10086
47873.2, 10085
47883.26, 10084
47897.44, 10083
47915.77, 10082
47938.42, 10081
47946.46, 10080
47963.82, 10079
47974.87, 10078
47977.88, 10077
48038.02, 10076
48041.1, 10075
48070.78, 10074
48076.16, 10073
48081.55, 10072
48126.43, 10071
48129.26, 10070
48152.01, 10069
48163.63, 10068
48169.91, 10067
48195.26, 10066
48233.55, 10065
48241.7, 10064
48254.05, 10063
48280.64, 10062
48291.1, 10061
48307.38, 10060
48311.41, 10059
48338.62, 10058
48341.66, 10057
48364.74, 10056
48367.76, 10055
48403.87, 10054
48407.01, 10053
48488.02, 10052
48492.24, 10051
48505.48, 10050
48521.01, 10049
48537.97, 10048
48542.21, 10047
48578.31, 10046
48583.32, 10045
48608.64, 10044
48619.34, 10043
48627.32, 10042
48656.58, 10041
48660.21, 10040
48685.05, 10039
48688.05, 10038
48738.47, 10037
48741.2, 10036
48771.97, 10035
48774.87, 10034
48788.0, 10033
48790.97, 10032
48824.45, 10031
48842.0, 10030
48848.12, 10029
48870.73, 10028
48917.79, 10027
48928.96, 10026
48964.8, 10025
48979.91, 10024
48994.27, 10023
49018.11, 10022
49033.35, 10021
49050.02, 10020
49074.88, 10019
49079.7, 10018
49093.09, 10017
49118.68, 10016
49132.68, 10015
49137.31, 10014
49155.75, 10013
49170.37, 10012
49184.22, 10011
49235.49, 10010
49240.74, 10009
49272.97, 10008
49291.63, 10007
49312.69, 10006
49418.7, 10005
49423.92, 10004
49438.7, 10003
49443.68, 10002
49468.26, 10001
49471.54, 10000
49479.57, 9999
49497.38, 9998
49510.32, 9997
49513.36, 9996
49545.55, 9995
49549.25, 9994
49585.95, 9993
49596.76, 9992
49599.81, 9991
49604.31, 9990
49655.7, 9989
49660.3, 9988
49669.84, 9987
49683.17, 9986
49687.98, 9985
49711.38, 9984
49744.87, 9983
49747.97, 9982
49764.41, 9981
49788.91, 9980
49793.97, 9979
49809.68, 9978
49830.27, 9977
49832.75, 9976
49843.85, 9975
49878.8, 9974
49883.71, 9973
49901.43, 9972
49904.46, 9971
49950.35, 9970
49953.58, 9969
49971.69, 9968
49974.67, 9967
49998.48, 9966
50001.54, 9965
50017.91, 9964
50038.63, 9963
50049.32, 9962
50064.21, 9961
50092.66, 9960
50102.51, 9959
50120.87, 9958
50150.76, 9957
50154.11, 9956
50164.66, 9955
50209.12, 9954
50214.53, 9953
50233.61, 9952
50236.62, 9951
50258.71, 9950
50261.81, 9949
50281.22, 9948
50308.48, 9947
50311.97, 9946
50349.66, 9945
50353.03, 9944
50358.59, 9943
50378.46, 9942
50399.55, 9941
50403.29, 9940
50416.87, 9939
50433.54, 9938
50442.48, 9937
50456.81, 9936
50524.27, 9935
50531.93, 9934
50534.94, 9933
50547.66, 9932
50550.87, 9931
50590.52, 9930
50593.59, 9929
50637.36, 9928
50640.32, 9927
50660.22, 9926
50662.29, 9925
50672.13, 9924
50718.89, 9923
50747.0, 9922
50749.94, 9921
50780.36, 9920
50785.09, 9919
50804.2, 9918
50841.74, 9917
50847.0, 9916
50865.83, 9915
50912.01, 9914
50916.07, 9913
50935.88, 9912
50961.96, 9911
50975.8, 9910
50989.73, 9909
51011.4, 9908
51016.21, 9907
51031.9, 9906
51067.91, 9905
51071.1, 9904
51132.38, 9903
51135.49, 9902
51151.97, 9901
51155.4, 9900
51175.47, 9899
51184.95, 9898
51220.43, 9897
51222.4, 9896
51244.51, 9895
51248.51, 9894
51268.98, 9893
51275.13, 9892
51322.26, 9891
51350.73, 9890
51353.71, 9889
51366.32, 9888
51379.7, 9887
51393.07, 9886
51404.77, 9885
51435.88, 9884
51439.93, 9883
51498.93, 9882
51501.99, 9881
51600.91, 9880
51603.32, 9879
51606.24, 9878
51617.66, 9877
51631.68, 9876
51662.58, 9875
51667.93, 9874
51679.33, 9873
51693.79, 9872
51731.31, 9871
51757.4, 9870
51764.23, 9869
51767.44, 9868
51805.4, 9867
51833.36, 9866
51912.12, 9865
51932.48, 9864
51936.43, 9863
51963.16, 9862
51966.19, 9861
51981.79, 9860
52016.98, 9859
52032.74, 9858
52045.21, 9857
52053.85, 9856
52094.27, 9855
52114.65, 9854
52147.1, 9853
52151.52, 9852
52154.56, 9851
52169.94, 9850
52213.83, 9849
52218.69, 9848
52258.32, 9847
52267.76, 9846
52270.9, 9845
52296.13, 9844
52308.47, 9843
52323.4, 9842
52326.59, 9841
52369.72, 9840
52378.86, 9839
52381.25, 9838
52400.75, 9837
52408.38, 9836
52432.94, 9835
52464.5, 9834
52470.09, 9833
52512.19, 9832
52515.29, 9831
52537.74, 9830
52543.64, 9829
52558.03, 9828
52563.32, 9827
52645.6, 9826
52651.34, 9825
52654.57, 9824
52707.51, 9823
52712.47, 9822
52715.51, 9821
52746.37, 9820
52773.42, 9819
52777.0, 9818
52812.34, 9817
52818.53, 9816
52830.57, 9815
52833.59, 9814
52867.36, 9813
52872.2, 9812
52897.75, 9811
52900.83, 9810
52928.3, 9809
52940.58, 9808
52969.14, 9807
52975.77, 9806
53011.41, 9805
53040.68, 9804
53043.98, 9803
53047.05, 9802
53102.28, 9801
53115.36, 9800
53118.36, 9799
53136.97, 9798
53140.07, 9797
53163.82, 9796
53168.84, 9795
53205.76, 9794
53219.18, 9793
53249.91, 9792
53253.07, 9791
53286.63, 9790
53298.88, 9789
53303.17, 9788
53332.84, 9787
53345.99, 9786
53373.26, 9785
53422.05, 9784
53439.45, 9783
53447.0, 9782
53448.86, 9781
53495.64, 9780
53501.44, 9779
53504.56, 9778
53528.22, 9777
53542.95, 9776
53547.7, 9775
53593.57, 9774
53596.54, 9773
53623.63, 9772
53651.9, 9771
53677.23, 9770
53681.63, 9769
53706.26, 9768
53709.21, 9767
53731.92, 9766
53750.46, 9765
53763.75, 9764
53781.67, 9763
53811.35, 9762
53837.57, 9761
53865.2, 9760
53869.14, 9759
53881.61, 9758
53912.09, 9757
53941.09, 9756
53950.14, 9755
53965.28, 9754
54014.63, 9753
54017.69, 9752
54072.02, 9751
54075.0, 9750
54093.37, 9749
54096.43, 9748
54135.16, 9747
54140.47, 9746
54156.87, 9745
54206.55, 9744
54217.77, 9743
54242.09, 9742
54251.9, 9741
54260.3, 9740
54302.31, 9739
54341.29, 9738
54345.9, 9737
54365.27, 9736
54394.23, 9735
54398.47, 9734
54418.48, 9733
54433.7, 9732
54446.4, 9731
54461.75, 9730
54483.14, 9729
54491.1, 9728
54502.37, 9727
54513.66, 9726
54628.78, 9725
54631.85, 9724
54642.71, 9723
54664.25, 9722
54672.47, 9721
54724.17, 9720
54745.64, 9719
54749.83, 9718
54763.81, 9717
54839.7, 9716
54849.68, 9715
54852.99, 9714
54863.26, 9713
54880.29, 9712
54887.53, 9711
54927.74, 9710
54930.75, 9709
54948.73, 9708
54954.39, 9707
54965.77, 9706
54995.4, 9705
54999.08, 9704
55021.15, 9703
55024.31, 9702
55057.52, 9701
55061.41, 9700
55083.27, 9699
55087.6, 9698
55115.5, 9697
55121.06, 9696
55124.0, 9695
55168.82, 9694
55176.46, 9693
55185.14, 9692
55202.27, 9691
55239.03, 9690
55242.09, 9689
55264.44, 9688
55294.16, 9687
55305.47, 9686
55313.93, 9685
55337.48, 9684
55341.26, 9683
55356.53, 9682
55406.43, 9681
55420.54, 9680
55429.12, 9679
55452.13, 9678
55482.93, 9677
55485.89, 9676
55496.03, 9675
55516.83, 9674
55532.98, 9673
55546.81, 9672
55565.85, 9671
55568.87, 9670
55584.33, 9669
55591.78, 9668
55624.7, 9667
55661.56, 9666
55688.71, 9665
55692.36, 9664
55701.65, 9663
55738.58, 9662
55741.65, 9661
55756.48, 9660
55781.61, 9659
55786.9, 9658
55789.93, 9657
55841.36, 9656
55844.65, 9655
55869.45, 9654
55872.79, 9653
55902.59, 9652
55919.21, 9651
55939.86, 9650
55947.41, 9649
55959.0, 9648
55986.36, 9647
55989.4, 9646
56017.4, 9645
56065.32, 9644
56068.35, 9643
56071.58, 9642
56105.65, 9641
56110.5, 9640
56125.98, 9639
56132.93, 9638
56150.74, 9637
56155.16, 9636
56206.81, 9635
56207.55, 9634
56229.86, 9633
56232.52, 9632
56264.0, 9631
56273.93, 9630
56274.03, 9629
56307.72, 9628
56318.9, 9627
56355.24, 9626
56359.01, 9625
56397.49, 9624
56402.17, 9623
56440.84, 9622
56450.16, 9621
56467.86, 9620
56477.14, 9619
56505.09, 9618
56523.06, 9617
56564.32, 9616
56571.4, 9615
56600.68, 9614
56605.01, 9613
56623.33, 9612
56668.51, 9611
56687.31, 9610
56690.35, 9609
56711.96, 9608
56721.0, 9607
56732.44, 9606
56801.54, 9605
56816.83, 9604
56839.38, 9603
56842.41, 9602
56865.86, 9601
56877.74, 9600
56907.63, 9599
56922.1, 9598
56943.49, 9597
56965.83, 9596
56974.08, 9595
57007.23, 9594
57011.48, 9593
57038.57, 9592
57051.04, 9591
57078.37, 9590
57311.69, 9589
57311.8, 9588
57343.89, 9587
57346.94, 9586
57483.15, 9585
57486.56, 9584
57501.76, 9583
57514.94, 9582
57547.57, 9581
57552.55, 9580
57585.14, 9579
57588.14, 9578
57596.82, 9577
57626.96, 9576
57628.21, 9575
57636.19, 9574
57669.81, 9573
57672.21, 9572
57689.64, 9571
57710.89, 9570
57713.87, 9569
57742.59, 9568
57745.68, 9567
57778.28, 9566
57781.36, 9565
57798.38, 9564
57827.24, 9563
57852.53, 9562
57895.05, 9561
57898.88, 9560
57914.3, 9559
57928.1, 9558
57967.62, 9557
57983.41, 9556
58007.81, 9555
58010.29, 9554
58037.79, 9553
58051.84, 9552
58066.36, 9551
58079.92, 9550
58117.31, 9549
58120.3, 9548
58144.87, 9547
58147.86, 9546
58160.89, 9545
58190.5, 9544
58193.56, 9543
58236.37, 9542
58240.55, 9541
58263.24, 9540
58287.04, 9539
58295.99, 9538
58304.58, 9537
58356.66, 9536
58360.93, 9535
58381.13, 9534
58384.17, 9533
58395.83, 9532
58437.42, 9531
58440.45, 9530
58489.95, 9529
58494.08, 9528
58564.89, 9527
58568.81, 9526
58571.87, 9525
58595.65, 9524
58635.08, 9523
58697.29, 9522
58700.31, 9521
58722.49, 9520
58726.79, 9519
58749.92, 9518
58773.65, 9517
58782.05, 9516
58799.41, 9515
58804.63, 9514
58834.41, 9513
58844.69, 9512
58882.12, 9511
58885.14, 9510
58911.73, 9509
58914.28, 9508
58944.47, 9507
58968.96, 9506
58976.55, 9505
58999.69, 9504
59003.37, 9503
59050.65, 9502
59068.23, 9501
59071.27, 9500
59095.7, 9499
59099.12, 9498
59156.93, 9497
59157.04, 9496
59175.7, 9495
59202.86, 9494
59243.85, 9493
59248.19, 9492
59270.53, 9491
59279.53, 9490
59290.13, 9489
59333.93, 9488
59338.36, 9487
59370.27, 9486
59385.36, 9485
59391.74, 9484
59415.44, 9483
59427.98, 9482
59443.66, 9481
59466.8, 9480
59534.06, 9479
59552.85, 9478
59555.88, 9477
59604.3, 9476
59607.32, 9475
59620.92, 9474
59665.8, 9473
59678.1, 9472
59682.3, 9471
59710.12, 9470
59721.67, 9469
59802.97, 9468
59805.98, 9467
59819.63, 9466
59839.46, 9465
59859.16, 9464
59862.22, 9463
59905.07, 9462
59908.01, 9461
59929.27, 9460
59934.51, 9459
59973.93, 9458
59986.92, 9457
59992.92, 9456
60037.7, 9455
60040.72, 9454
60052.55, 9453
60074.57, 9452
60091.12, 9451
60120.1, 9450
60123.11, 9449
60227.09, 9448
60232.96, 9447
60236.22, 9446
60252.07, 9445
60269.11, 9444
60284.4, 9443
60298.74, 9442
60320.76, 9441
60325.31, 9440
60353.07, 9439
60371.9, 9438
60385.7, 9437
60405.18, 9436
60444.86, 9435
60449.64, 9434
60477.74, 9433
60497.74, 9432
60511.91, 9431
60538.53, 9430
60565.49, 9429
60580.07, 9428
60583.94, 9427
60609.11, 9426
60623.71, 9425
60626.76, 9424
60650.08, 9423
60665.44, 9422
60671.44, 9421
60692.54, 9420
60740.97, 9419
60753.38, 9418
60766.27, 9417
60778.84, 9416
60796.82, 9415
60809.73, 9414
60822.81, 9413
60863.88, 9412
60882.11, 9411
60885.14, 9410
60905.36, 9409
60908.12, 9408
60926.06, 9407
