2719.34, 5886
2720.5, 5882
2721.66, 5778
2728.83, 5775
2732.45, 5774
2733.84, 5672
2738.82, 5671
2743.03, 5670
2744.23, 5669
2750.4, 5668
2755.28, 5667
2786.67, 5568
2790.98, 5566
2794.93, 5565
2796.0, 5564
2801.75, 5563
2806.56, 5562
2809.03, 5561
2809.05, 5466
2820.4, 5463
2825.71, 5462
2828.05, 5461
2829.28, 5460
2830.51, 5459
2836.73, 5458
2838.1, 5457
2843.4, 5456
2854.72, 5366
2863.49, 5362
2864.22, 5360
2865.89, 5359
2866.64, 5358
2875.17, 5357
2876.96, 5356
2881.98, 5355
2918.34, 5354
2919.51, 5353
2933.19, 5352
2944.51, 5268
2945.65, 5263
2953.19, 5260
2960.33, 5259
2966.98, 5257
2985.66, 5256
2997.2, 5255
3001.12, 5254
3003.34, 5253
3010.27, 5252
3013.71, 5251
3014.99, 5250
3021.3, 5172
3027.52, 5171
3028.8, 5166
3032.84, 5162
3037.04, 5161
3042.91, 5160
3044.18, 5158
3051.02, 5157
3055.99, 5156
3061.65, 5155
3070.24, 5154
3071.48, 5153
3072.7, 5152
3074.04, 5151
3076.86, 5150
3086.71, 5149
3088.98, 5148
3090.28, 5147
3097.22, 5078
3099.42, 5077
3106.65, 5071
3113.83, 5066
3117.8, 5065
3118.79, 5063
3120.0, 5061
3172.64, 5060
3190.79, 5059
3192.23, 5058
3193.45, 5057
3202.16, 5056
3203.31, 5055
3215.32, 5054
3219.8, 5053
3221.82, 5052
3222.22, 5051
3223.57, 5050
3230.83, 5049
3235.71, 5048
3238.78, 5047
3245.75, 4986
3252.37, 4985
3258.12, 4978
3260.74, 4972
3262.0, 4971
3267.08, 4968
3268.57, 4966
3272.7, 4965
3280.13, 4963
3283.82, 4962
3285.03, 4961
3320.07, 4960
3339.03, 4959
3343.0, 4958
3380.5, 4957
3386.57, 4956
3389.74, 4955
3391.0, 4954
3410.15, 4953
3418.05, 4952
3420.28, 4951
3421.58, 4950
3428.57, 4949
3430.44, 4948
3438.52, 4947
3443.31, 4946
3452.18, 4896
3454.73, 4895
3454.75, 4887
3462.09, 4880
3466.83, 4879
3468.65, 4875
3469.84, 4873
3477.32, 4872
3481.73, 4869
3491.94, 4868
3497.02, 4867
3500.57, 4866
3528.42, 4865
3538.84, 4864
3542.82, 4863
3544.05, 4862
3550.13, 4861
3553.32, 4860
3560.39, 4859
3571.15, 4858
3575.71, 4857
3579.21, 4856
3595.68, 4855
3612.72, 4854
3618.81, 4853
3620.23, 4852
3621.29, 4851
3626.78, 4850
3634.39, 4849
3635.37, 4848
3647.17, 4808
3652.26, 4807
3653.66, 4798
3654.86, 4790
3662.44, 4789
3667.86, 4788
3670.05, 4784
3671.28, 4782
3674.84, 4781
3682.46, 4780
3691.67, 4777
3694.96, 4776
3696.32, 4775
3697.49, 4774
3706.15, 4772
3712.12, 4771
3715.5, 4770
3716.76, 4769
3717.94, 4768
3719.12, 4767
3729.4, 4766
3736.18, 4765
3739.65, 4764
3740.81, 4763
3786.11, 4762
3792.72, 4761
3796.85, 4760
3800.53, 4759
3806.45, 4758
3809.49, 4757
3810.7, 4756
3826.99, 4755
3831.42, 4754
3835.19, 4753
3844.87, 4752
3849.78, 4751
3949.51, 4750
3951.1, 4749
3951.96, 4722
3953.19, 4721
3954.35, 4711
3966.1, 4702
3971.5, 4701
3974.52, 4700
3976.47, 4695
3980.3, 4693
3988.77, 4692
3989.97, 4690
3996.14, 4687
3997.18, 4686
4003.14, 4685
4003.81, 4684
4013.24, 4683
4016.86, 4681
4018.1, 4680
4024.99, 4679
4029.13, 4678
4034.02, 4677
4034.97, 4676
4046.47, 4675
4047.56, 4674
4048.76, 4673
4052.28, 4672
4069.9, 4671
4071.04, 4670
4072.15, 4669
4083.53, 4668
4085.63, 4667
4090.0, 4666
4097.07, 4665
4103.67, 4664
4109.08, 4663
4111.97, 4662
4119.95, 4661
4125.05, 4660
4132.77, 4659
4134.9, 4658
4135.22, 4657
4136.42, 4656
4142.04, 4655
4150.87, 4654
4151.69, 4653
4165.54, 4638
4179.96, 4637
4190.31, 4626
4191.45, 4616
4192.66, 4615
4203.79, 4614
4213.52, 4608
4222.74, 4606
4224.5, 4605
4225.71, 4604
4245.68, 4602
4256.39, 4599
4260.48, 4598
4265.68, 4597
4270.31, 4596
4271.51, 4594
4272.72, 4592
4273.94, 4591
4275.12, 4590
4280.33, 4589
4293.24, 4588
4297.65, 4587
4339.98, 4585
4357.56, 4584
4363.47, 4583
4367.34, 4582
4368.56, 4581
4382.18, 4580
4389.24, 4579
4393.68, 4578
4394.89, 4577
4396.06, 4576
4397.25, 4575
4408.45, 4574
4415.29, 4573
4416.4, 4572
4417.63, 4571
4425.16, 4570
4430.03, 4569
4433.84, 4568
4439.33, 4567
4443.91, 4566
4453.37, 4565
4454.55, 4564
4455.73, 4563
4463.74, 4562
4473.13, 4561
4474.38, 4560
4475.62, 4559
4480.44, 4558
4486.58, 4557
4527.25, 4556
4533.67, 4555
4534.96, 4543
4536.27, 4532
4537.48, 4531
4556.73, 4530
4564.05, 4523
4568.18, 4521
4575.36, 4520
4575.4, 4519
4618.92, 4516
4619.94, 4513
4621.13, 4512
4625.63, 4511
4630.24, 4510
4640.71, 4509
4641.98, 4507
4643.08, 4505
4648.31, 4504
4657.66, 4503
4662.21, 4502
4671.82, 4501
4673.04, 4500
4691.08, 4499
4693.84, 4497
4707.33, 4496
4711.86, 4495
4725.13, 4494
4728.8, 4493
4736.55, 4492
4745.58, 4491
4748.02, 4490
4756.19, 4489
4763.87, 4488
4767.29, 4487
4768.44, 4486
4788.22, 4485
4803.86, 4484
4821.54, 4483
4828.32, 4482
4836.64, 4481
4837.18, 4480
4865.29, 4479
4870.5, 4478
4873.7, 4477
4875.0, 4476
4878.57, 4475
4886.13, 4474
4894.6, 4473
4899.79, 4472
4901.79, 4471
4920.33, 4470
4924.66, 4469
4926.02, 4468
4932.61, 4467
4938.53, 4466
4942.42, 4465
4946.9, 4464
4953.08, 4463
4954.32, 4462
4984.63, 4461
4989.45, 4460
5008.04, 4450
5013.34, 4449
5016.62, 4448
5017.87, 4440
5019.12, 4438
5028.4, 4437
5033.31, 4436
5033.99, 4432
5035.19, 4429
5042.86, 4428
5047.24, 4427
5050.66, 4426
5051.79, 4425
5068.69, 4422
5068.75, 4420
5069.12, 4419
5070.31, 4418
5075.7, 4417
5081.5, 4416
5085.45, 4415
5087.44, 4414
5094.31, 4413
5103.99, 4411
5104.25, 4410
5105.45, 4409
5106.63, 4408
5119.2, 4407
5163.78, 4406
5169.16, 4405
5182.76, 4404
5188.59, 4403
5192.59, 4402
5193.74, 4401
5202.08, 4400
5203.33, 4399
5215.36, 4398
5220.91, 4397
5228.14, 4396
5247.12, 4395
5250.11, 4394
5251.31, 4393
5252.54, 4392
5274.72, 4391
5282.34, 4390
5283.96, 4389
5308.67, 4388
5313.44, 4387
5314.67, 4386
5324.98, 4385
5331.37, 4384
5334.71, 4383
5335.91, 4382
5338.03, 4381
5346.87, 4380
5368.25, 4379
5370.02, 4378
5370.68, 4377
5371.87, 4376
5373.05, 4375
5377.9, 4374
5380.97, 4373
5390.22, 4372
5390.26, 4371
5398.93, 4370
5400.25, 4369
5405.22, 4368
5412.87, 4367
5438.08, 4359
5445.18, 4357
5448.61, 4356
5459.81, 4355
5466.35, 4350
5474.31, 4347
5475.53, 4346
5476.72, 4345
5503.97, 4344
5508.33, 4343
5529.59, 4339
5553.19, 4337
5554.17, 4336
5562.3, 4335
5563.56, 4334
5564.77, 4333
5571.21, 4332
5578.53, 4330
5583.07, 4329
5587.13, 4327
5588.34, 4326
5596.64, 4325
5602.17, 4324
5611.44, 4323
5617.3, 4321
5626.74, 4320
5630.05, 4319
5631.26, 4318
5632.42, 4317
5638.82, 4316
5644.87, 4315
5648.67, 4314
5649.92, 4313
5658.78, 4312
5663.84, 4311
5669.79, 4310
5672.94, 4309
5674.24, 4308
5680.24, 4307
5685.32, 4306
5703.35, 4305
5731.09, 4304
5736.96, 4303
5738.6, 4302
5739.78, 4301
5740.97, 4300
5742.68, 4299
5758.93, 4298
5764.02, 4297
5768.75, 4296
5770.0, 4295
5771.19, 4294
5781.04, 4293
5789.13, 4292
5790.98, 4291
5792.3, 4290
5796.94, 4289
5800.31, 4288
5806.54, 4287
5816.72, 4286
5820.68, 4285
5821.88, 4284
5833.26, 4283
5838.6, 4282
5866.8, 4281
5869.55, 4280
5874.9, 4279
5880.76, 4278
5925.5, 4277
5935.91, 4276
5937.1, 4275
5947.0, 4274
5965.58, 4270
5971.45, 4267
5975.49, 4266
5976.54, 4265
5978.1, 4264
5985.39, 4263
5991.36, 4262
5992.35, 4258
6010.02, 4256
6029.86, 4255
6038.06, 4254
6039.26, 4253
6040.46, 4252
6041.68, 4251
6051.02, 4248
6052.2, 4247
6059.89, 4245
6068.7, 4244
6075.14, 4243
6087.13, 4242
6109.58, 4241
6112.35, 4240
6118.16, 4238
6122.79, 4237
6128.64, 4236
6134.58, 4235
6138.88, 4234
6140.27, 4233
6141.28, 4232
6147.01, 4231
6155.57, 4230
6161.27, 4229
6162.52, 4228
6172.83, 4227
6174.88, 4226
6176.11, 4225
6186.22, 4224
6215.61, 4223
6224.3, 4222
6254.27, 4221
6258.68, 4220
6262.84, 4219
6263.92, 4218
6271.23, 4217
6275.99, 4216
6277.18, 4215
6330.07, 4214
6333.85, 4213
6343.77, 4212
6345.11, 4211
6349.34, 4210
6353.99, 4209
6357.76, 4208
6362.99, 4207
6373.45, 4206
6377.02, 4205
6381.37, 4204
6387.11, 4203
6391.22, 4202
6394.31, 4201
6403.72, 4200
6409.79, 4199
6415.85, 4198
6420.83, 4197
6427.66, 4196
6428.85, 4195
6446.46, 4194
6454.19, 4193
6463.47, 4192
6472.2, 4191
6477.21, 4190
6480.38, 4189
6491.48, 4188
6493.79, 4187
6495.05, 4186
6502.29, 4185
6503.63, 4184
6508.6, 4183
6529.98, 4182
6583.09, 4179
6586.89, 4177
6591.41, 4176
6595.23, 4175
6599.28, 4174
6601.37, 4173
6608.67, 4172
6612.04, 4171
6618.25, 4168
6620.38, 4167
6626.91, 4165
6632.07, 4164
6637.25, 4163
6638.41, 4162
6643.73, 4161
6661.56, 4160
6661.65, 4159
6663.25, 4157
6664.51, 4156
6670.37, 4155
6675.05, 4154
6679.85, 4153
6681.04, 4152
6710.43, 4151
6716.96, 4150
6720.56, 4149
6752.19, 4148
6755.31, 4147
6770.48, 4146
6782.71, 4145
6784.0, 4144
6785.16, 4143
6791.7, 4142
6796.01, 4141
6797.22, 4140
6809.78, 4139
6813.53, 4138
6816.71, 4137
6817.94, 4136
6826.22, 4135
6847.01, 4134
6848.19, 4133
6854.21, 4132
6858.9, 4131
6866.42, 4130
6875.48, 4129
6876.7, 4128
6880.9, 4127
6886.96, 4126
6890.23, 4125
6891.41, 4124
6923.06, 4123
6925.96, 4122
6936.86, 4121
6941.77, 4120
6944.88, 4119
6957.76, 4118
6959.0, 4117
6963.55, 4116
6978.95, 4115
6983.76, 4114
6992.57, 4113
7001.21, 4112
7003.24, 4111
7003.65, 4110
7014.05, 4109
7019.65, 4108
7026.97, 4107
7029.91, 4106
7031.09, 4105
7040.24, 4104
7063.37, 4103
7085.73, 4102
7085.9, 4101
7094.49, 4100
7095.05, 4099
7101.42, 4098
7107.03, 4097
7112.46, 4096
7115.49, 4095
7123.0, 4094
7126.15, 4093
7149.84, 4092
7181.21, 4090
7183.64, 4089
7205.81, 4087
7210.91, 4086
7215.88, 4085
7222.39, 4084
7223.66, 4083
7243.06, 4082
7243.48, 4081
7253.37, 4080
7275.68, 4078
7278.28, 4077
7279.7, 4076
7280.85, 4075
7283.95, 4074
7293.67, 4073
7298.76, 4072
7304.8, 4071
7309.23, 4070
7310.28, 4069
7314.67, 4068
7320.23, 4067
7321.11, 4066
7333.51, 4065
7335.3, 4064
7336.66, 4063
7340.45, 4062
7343.16, 4061
7347.74, 4060
7405.61, 4059
7410.75, 4058
7419.1, 4057
7431.36, 4056
7436.61, 4055
7456.35, 4054
7461.51, 4053
7465.24, 4052
7466.41, 4051
7469.55, 4050
7496.36, 4049
7497.59, 4048
7498.81, 4047
7500.02, 4046
7517.86, 4045
7518.61, 4044
7519.86, 4043
7530.36, 4042
7535.33, 4041
7540.29, 4040
7545.12, 4039
7578.24, 4038
7583.33, 4037
7602.04, 4036
7604.02, 4035
7607.92, 4034
7614.74, 4033
7638.92, 4032
7650.51, 4031
7656.01, 4030
7658.34, 4029
7659.58, 4028
7666.23, 4027
7671.54, 4026
7690.1, 4025
7693.63, 4024
7708.16, 4023
7720.7, 4022
7726.46, 4021
7730.26, 4020
7764.47, 4019
7766.7, 4018
7774.1, 4017
7776.3, 4016
7781.99, 4015
7786.92, 4014
7807.79, 4013
7813.19, 4012
7816.23, 4011
7832.68, 4010
7833.94, 4009
7841.34, 4008
7843.52, 4007
7853.6, 4006
7854.81, 4005
7863.44, 4004
7872.46, 4003
7878.51, 4002
7879.71, 4001
7920.41, 4000
7941.89, 3999
7944.71, 3998
7945.93, 3997
7947.16, 3996
7952.12, 3995
7957.65, 3994
7963.23, 3993
7970.06, 3992
7979.65, 3991
7985.52, 3990
7986.39, 3989
7987.26, 3988
7997.35, 3987
8002.97, 3986
8005.21, 3985
8006.53, 3984
8019.11, 3983
8024.77, 3982
8026.04, 3981
8034.24, 3980
8051.65, 3979
8056.86, 3978
8062.0, 3977
8065.29, 3976
8066.41, 3975
8073.29, 3974
8080.01, 3973
8087.89, 3972
8125.24, 3971
8133.63, 3970
8141.86, 3969
8147.17, 3968
8150.27, 3967
8153.98, 3966
8161.29, 3965
8166.41, 3964
8169.57, 3963
8170.98, 3962
8178.72, 3961
8189.34, 3960
8193.98, 3959
8197.79, 3958
8211.33, 3957
8215.22, 3956
8216.46, 3955
8226.23, 3954
8227.41, 3953
8259.05, 3952
8272.86, 3951
8274.2, 3950
8288.54, 3949
8291.43, 3948
8292.77, 3947
8293.93, 3946
8295.2, 3945
8300.52, 3944
8352.19, 3943
8364.38, 3942
8371.72, 3941
8372.89, 3940
8374.08, 3939
8379.51, 3938
8383.21, 3937
8435.32, 3936
8448.57, 3935
8453.67, 3934
8457.78, 3933
8462.88, 3932
8464.04, 3931
8472.25, 3930
8482.94, 3929
8488.84, 3928
8494.23, 3927
8495.42, 3926
8508.05, 3925
8509.74, 3924
8518.91, 3923
8519.75, 3922
8568.02, 3921
8574.68, 3920
8583.05, 3919
8608.99, 3918
8613.74, 3917
8616.91, 3916
8623.74, 3915
8630.6, 3914
8632.51, 3913
8644.3, 3912
8664.06, 3911
8669.8, 3910
8670.17, 3909
8685.05, 3908
8685.16, 3907
8685.42, 3906
8698.92, 3905
8700.13, 3904
8728.4, 3903
8737.57, 3902
8747.92, 3901
8749.15, 3900
8750.37, 3899
8752.83, 3898
8762.34, 3897
8768.91, 3896
8795.36, 3895
8804.79, 3894
8808.07, 3893
8809.31, 3892
8824.34, 3891
8825.55, 3890
8826.75, 3889
8834.31, 3888
8844.91, 3887
8847.09, 3886
8847.32, 3885
8848.54, 3884
8858.28, 3883
8877.13, 3882
8887.45, 3881
8910.89, 3880
8915.72, 3879
8930.63, 3878
8933.64, 3877
8934.8, 3876
9010.85, 3875
9011.76, 3874
9013.06, 3873
9014.28, 3872
9015.56, 3871
9038.65, 3870
9064.66, 3869
9067.95, 3868
9087.86, 3867
9095.03, 3866
9096.39, 3865
9097.44, 3864
9098.63, 3863
9099.82, 3862
9112.65, 3861
9120.91, 3860
9128.11, 3859
9129.18, 3858
9130.37, 3857
9131.56, 3856
9141.86, 3855
9161.95, 3854
9163.15, 3853
9164.37, 3852
9165.62, 3851
9166.86, 3850
9179.38, 3849
9185.33, 3848
9187.65, 3847
9188.8, 3846
9201.38, 3845
9202.62, 3844
9203.82, 3843
9227.18, 3842
9228.55, 3841
9229.95, 3840
9276.43, 3839
9286.1, 3838
9317.74, 3837
9342.51, 3836
9354.28, 3835
9355.48, 3834
9360.37, 3833
9383.2, 3832
9390.44, 3831
9431.26, 3830
9439.28, 3829
9442.57, 3828
9443.69, 3827
9444.9, 3826
9451.95, 3825
9460.62, 3824
9512.18, 3823
9520.84, 3822
9522.06, 3821
9523.26, 3820
9557.3, 3819
9581.27, 3818
9582.47, 3817
9585.77, 3816
9594.94, 3815
9597.81, 3814
9602.01, 3813
9614.52, 3812
9618.5, 3811
9621.63, 3810
9622.8, 3809
9624.02, 3808
9631.2, 3807
9636.42, 3806
9644.96, 3805
9654.15, 3804
9657.26, 3803
9658.65, 3802
9663.84, 3801
9676.75, 3800
9679.24, 3799
9680.42, 3798
9681.62, 3797
9686.58, 3796
9699.75, 3795
9703.57, 3794
9707.88, 3793
9711.94, 3792
9744.91, 3791
9747.67, 3790
9756.64, 3789
9765.98, 3788
9783.35, 3787
9784.62, 3786
9819.63, 3785
9823.61, 3784
9831.33, 3783
9849.68, 3782
9862.73, 3781
9868.0, 3780
9886.81, 3779
9895.66, 3778
9935.48, 3777
9946.36, 3776
9953.14, 3775
9959.74, 3774
9964.17, 3773
9967.85, 3772
9970.09, 3771
9978.86, 3770
9978.9, 3769
9986.8, 3768
10017.82, 3767
10021.53, 3766
10025.34, 3765
10031.54, 3764
10037.48, 3763
10041.23, 3762
10085.16, 3761
10086.49, 3760
10087.5, 3759
10103.19, 3758
10106.9, 3757
10108.1, 3756
10121.1, 3755
10161.49, 3754
10169.01, 3753
10175.3, 3752
10179.88, 3751
10183.52, 3750
10195.03, 3749
10200.09, 3748
10203.37, 3747
10233.35, 3746
10235.49, 3745
10240.55, 3744
10263.61, 3743
10267.54, 3742
10273.51, 3741
10279.4, 3740
10287.24, 3739
10288.48, 3738
10328.04, 3737
10369.12, 3736
10384.67, 3735
10384.72, 3734
10385.61, 3733
10423.16, 3732
10432.15, 3731
10437.57, 3730
10443.66, 3729
10449.2, 3728
10458.89, 3727
10475.87, 3726
10477.2, 3725
10478.03, 3724
10479.22, 3723
10488.26, 3722
10489.35, 3721
10503.17, 3720
10516.5, 3719
10543.85, 3718
10548.49, 3717
10549.5, 3716
10562.1, 3715
10568.66, 3714
10569.97, 3713
10571.18, 3712
10572.42, 3711
10580.74, 3710
10595.87, 3709
10597.88, 3708
10600.42, 3707
10602.12, 3706
10652.87, 3705
10671.05, 3704
10672.66, 3703
10678.85, 3702
10682.91, 3701
10704.83, 3700
10722.07, 3699
10731.21, 3698
10741.81, 3697
10750.18, 3696
10751.39, 3695
10757.48, 3694
10778.42, 3693
10779.65, 3692
10783.65, 3691
10789.32, 3690
10799.29, 3689
10827.58, 3688
10833.64, 3687
10839.44, 3686
10847.0, 3685
10862.54, 3684
10876.45, 3683
10888.83, 3682
10899.19, 3681
10901.77, 3680
10913.37, 3679
10928.06, 3678
10929.26, 3677
10935.74, 3676
10997.22, 3675
11001.01, 3674
11024.43, 3673
11034.41, 3672
11038.35, 3671
11043.06, 3670
11048.5, 3669
11058.73, 3668
11063.54, 3667
11067.69, 3666
11072.33, 3665
11080.22, 3664
11090.1, 3663
11092.71, 3662
11096.64, 3661
11119.55, 3660
11129.41, 3659
11149.14, 3658
11152.01, 3657
11157.22, 3656
11165.65, 3655
11178.19, 3654
11203.01, 3653
11212.96, 3652
11219.33, 3651
11243.6, 3650
11249.0, 3649
11250.01, 3648
11254.13, 3647
11261.02, 3646
11268.26, 3645
11274.91, 3644
11276.11, 3643
11277.31, 3642
11286.92, 3641
11291.06, 3640
11296.47, 3639
11303.38, 3638
11307.72, 3637
11309.77, 3636
11319.88, 3635
11326.38, 3634
11331.28, 3633
11335.35, 3632
11337.65, 3631
11346.64, 3630
11467.94, 3629
11476.56, 3628
11481.29, 3627
11485.55, 3626
11486.83, 3625
11498.78, 3624
11506.09, 3623
11507.24, 3622
11522.1, 3621
11553.89, 3620
11558.3, 3619
11561.68, 3618
11567.68, 3617
11591.31, 3616
11591.45, 3615
11591.82, 3614
11606.59, 3613
11611.52, 3612
11620.04, 3611
11621.95, 3610
11630.58, 3609
11636.66, 3608
11639.91, 3607
11641.16, 3606
11689.28, 3605
11695.4, 3604
11709.89, 3603
11714.55, 3602
11719.05, 3601
11720.39, 3600
11726.75, 3599
11773.67, 3598
11781.2, 3597
11793.41, 3596
11802.21, 3595
11805.84, 3594
11811.64, 3593
11816.01, 3592
11818.1, 3591
11874.55, 3590
11888.5, 3589
11891.92, 3588
11898.14, 3587
11902.87, 3586
11906.52, 3585
11940.61, 3584
11952.07, 3583
11970.22, 3582
11979.34, 3581
11979.47, 3580
11991.36, 3579
11996.0, 3578
11997.33, 3577
11999.21, 3576
12013.97, 3575
12020.15, 3574
12023.5, 3573
12070.59, 3572
12088.26, 3571
12089.55, 3570
12104.93, 3569
12142.37, 3568
12142.92, 3567
12161.81, 3566
12165.2, 3565
12166.44, 3564
12181.39, 3563
12187.83, 3562
12218.17, 3561
12225.26, 3560
12238.37, 3559
12243.61, 3558
12271.08, 3557
12274.91, 3556
12276.24, 3555
12280.04, 3554
12284.55, 3553
12290.85, 3552
12301.76, 3551
12307.58, 3550
12311.87, 3549
12318.75, 3548
12320.02, 3547
12330.08, 3546
12335.1, 3545
12339.23, 3544
12345.51, 3543
12347.04, 3542
12354.73, 3541
12355.97, 3540
12375.93, 3539
12380.91, 3538
12385.2, 3537
12392.69, 3536
12395.68, 3535
12397.07, 3534
12431.41, 3533
12450.66, 3532
12455.21, 3531
12470.3, 3530
12474.32, 3529
12480.41, 3528
12491.31, 3527
12495.04, 3526
12498.39, 3525
12504.77, 3524
12505.93, 3523
12518.27, 3522
12522.61, 3521
12530.94, 3520
12540.38, 3519
12545.18, 3518
12548.51, 3517
12559.68, 3516
12560.91, 3515
12562.13, 3514
12569.5, 3513
12585.1, 3512
12636.04, 3511
12681.36, 3510
12699.26, 3509
12702.07, 3508
12711.05, 3507
12727.2, 3506
12731.34, 3505
12732.91, 3504
12741.65, 3503
12756.54, 3502
12762.33, 3501
12775.1, 3500
12779.58, 3499
12785.64, 3498
12787.7, 3497
12794.64, 3496
12801.96, 3495
12887.87, 3494
12923.18, 3493
12927.85, 3492
12937.54, 3491
12939.08, 3490
12944.82, 3489
12951.27, 3488
12955.54, 3487
12963.91, 3486
12972.11, 3485
12977.04, 3484
12982.93, 3483
13004.04, 3482
13053.13, 3481
13076.39, 3480
13077.6, 3479
13086.13, 3478
13092.79, 3477
13096.77, 3476
13106.3, 3475
13123.3, 3474
13129.26, 3473
13137.21, 3472
13151.76, 3471
13159.53, 3470
13160.77, 3469
13168.58, 3468
13205.1, 3467
13217.63, 3466
13228.32, 3465
13238.24, 3464
13247.1, 3463
13248.04, 3462
13258.66, 3461
13263.68, 3460
13281.78, 3459
13282.96, 3458
13284.38, 3457
13292.67, 3456
13297.46, 3455
13303.1, 3454
13311.76, 3453
13312.79, 3452
13314.02, 3451
13321.63, 3450
13328.06, 3449
13381.08, 3448
13400.44, 3447
13405.25, 3446
13408.96, 3445
13420.76, 3444
13426.29, 3443
13427.56, 3442
13432.69, 3441
13434.11, 3440
13441.79, 3439
13452.34, 3438
13452.49, 3437
13467.49, 3436
13473.07, 3435
13474.65, 3434
13478.92, 3433
13488.71, 3432
13489.88, 3431
13537.25, 3430
13550.35, 3429
13557.75, 3428
13558.33, 3427
13566.26, 3426
13567.49, 3425
13591.88, 3424
13592.92, 3423
13594.18, 3422
13597.05, 3421
13607.34, 3420
13640.15, 3419
13651.93, 3418
13730.02, 3417
13731.18, 3416
13740.17, 3415
13742.44, 3414
13749.68, 3413
13756.2, 3412
13763.59, 3411
13768.6, 3410
13772.9, 3409
13798.13, 3408
13828.96, 3407
13852.13, 3406
13859.08, 3405
13891.77, 3404
13897.15, 3403
13902.96, 3402
13909.93, 3401
13932.83, 3400
13936.57, 3399
13941.35, 3398
13952.51, 3397
13958.78, 3396
13982.34, 3395
13988.27, 3394
14024.99, 3393
14049.12, 3392
14051.75, 3391
14056.42, 3390
14063.68, 3389
14068.2, 3388
14074.68, 3387
14083.19, 3386
14092.39, 3385
14099.16, 3384
14106.09, 3383
14107.33, 3382
14117.55, 3381
14118.51, 3380
14126.08, 3379
14130.87, 3378
14136.64, 3377
14137.91, 3376
14156.26, 3375
14161.04, 3374
14164.27, 3373
14165.52, 3372
14176.17, 3371
14181.53, 3370
14183.08, 3369
14193.7, 3368
14194.89, 3367
14201.98, 3366
14206.0, 3365
14280.95, 3364
14304.02, 3363
14355.0, 3362
14359.97, 3361
14363.15, 3360
14364.42, 3359
14400.81, 3358
14401.8, 3357
14418.23, 3356
14421.61, 3355
14432.28, 3354
14434.32, 3353
14440.89, 3352
14447.14, 3351
14453.36, 3350
14457.02, 3349
14466.31, 3348
14519.4, 3347
14524.5, 3346
14525.69, 3345
14529.56, 3344
14536.51, 3343
14537.73, 3342
14547.48, 3341
14573.91, 3340
14578.67, 3339
14584.6, 3338
14589.44, 3337
14605.16, 3336
14650.89, 3335
14676.27, 3334
14705.01, 3333
14707.78, 3332
14714.17, 3331
14726.69, 3330
14727.89, 3329
14735.24, 3328
14739.5, 3327
14754.1, 3326
14758.2, 3325
14761.52, 3324
14778.55, 3323
14783.94, 3322
14796.51, 3321
14811.72, 3320
14840.07, 3319
14854.82, 3318
14880.69, 3317
14887.75, 3316
14891.49, 3315
14901.38, 3314
14904.1, 3313
14905.26, 3312
14986.79, 3311
14990.84, 3310
15000.69, 3309
15009.06, 3308
15014.59, 3307
15026.53, 3306
15044.48, 3305
15046.44, 3304
15053.6, 3303
15060.06, 3302
15064.5, 3301
15074.46, 3300
15079.87, 3299
15098.95, 3298
15112.21, 3297
15119.83, 3296
15128.69, 3295
15147.1, 3294
15166.52, 3293
15172.59, 3292
15173.76, 3291
15187.05, 3290
15188.84, 3289
15196.18, 3288
15227.2, 3287
15232.16, 3286
15235.24, 3285
15257.19, 3284
15259.51, 3283
15260.73, 3282
15274.15, 3281
15279.19, 3280
15280.64, 3279
15290.16, 3278
15292.21, 3277
15298.18, 3276
15311.73, 3275
15315.8, 3274
15328.22, 3273
15329.85, 3272
15336.25, 3271
15339.88, 3270
15345.82, 3269
15350.18, 3268
15355.1, 3267
15365.58, 3266
15372.07, 3265
15451.19, 3264
15458.22, 3263
15459.23, 3262
15463.71, 3261
15482.78, 3260
15510.25, 3259
15512.27, 3258
15513.56, 3257
15514.85, 3256
15516.07, 3255
15530.47, 3254
15537.95, 3253
15540.52, 3252
15547.69, 3251
15549.39, 3250
15561.28, 3249
15568.66, 3248
15657.94, 3247
15659.14, 3246
15660.37, 3245
15661.58, 3244
15673.26, 3243
15703.4, 3242
15704.55, 3241
15734.99, 3240
15746.68, 3239
15749.26, 3238
15796.1, 3237
15797.97, 3236
15808.97, 3235
15824.03, 3234
15832.12, 3233
15833.34, 3232
15843.93, 3231
15852.41, 3230
15853.26, 3229
15890.54, 3228
15891.76, 3227
15915.13, 3226
15929.7, 3225
15973.84, 3224
15978.36, 3223
15982.51, 3222
15992.29, 3221
16007.85, 3220
16011.72, 3219
16015.23, 3218
16023.67, 3217
16026.78, 3216
16030.24, 3215
16041.25, 3214
16053.25, 3213
16056.39, 3212
16063.74, 3211
16076.39, 3210
16077.6, 3209
16084.46, 3208
16090.02, 3207
16094.83, 3206
16098.14, 3205
16156.79, 3204
16157.9, 3203
16180.97, 3202
16198.88, 3201
16199.71, 3200
16207.49, 3199
16208.74, 3198
16214.7, 3197
16215.7, 3196
16232.94, 3195
16267.15, 3194
16279.5, 3193
16283.79, 3192
16287.75, 3191
16308.88, 3190
16316.65, 3189
16322.11, 3188
16334.72, 3187
16345.74, 3186
16349.85, 3185
16351.11, 3184
16359.38, 3183
16363.92, 3182
16368.13, 3181
16373.16, 3180
16416.09, 3179
16454.77, 3178
16473.13, 3177
16480.23, 3176
16483.33, 3175
16495.44, 3174
16507.09, 3173
16535.03, 3172
16541.7, 3171
16547.14, 3170
16560.4, 3169
16576.19, 3168
16580.6, 3167
16584.11, 3166
16592.2, 3165
16601.47, 3164
16603.21, 3163
16609.58, 3162
16618.82, 3161
16623.08, 3160
16628.21, 3159
16643.02, 3158
16645.87, 3157
16710.41, 3156
16722.14, 3155
16726.58, 3154
16761.05, 3153
16772.98, 3152
16775.76, 3151
16780.29, 3150
16787.25, 3149
16792.03, 3148
16796.48, 3147
16806.64, 3146
16812.51, 3145
16822.77, 3144
16828.52, 3143
16831.45, 3142
16854.08, 3141
16854.13, 3140
16858.25, 3139
16859.33, 3138
16875.33, 3137
16876.56, 3136
16889.21, 3135
16967.95, 3134
16969.18, 3133
16990.1, 3132
16998.99, 3131
17005.74, 3130
17011.37, 3129
17016.53, 3128
17019.09, 3127
17024.1, 3126
17026.78, 3125
17043.66, 3124
17048.46, 3123
17053.56, 3122
17061.29, 3121
17066.55, 3120
17072.74, 3119
17145.78, 3118
17150.76, 3117
17166.08, 3116
17169.86, 3115
17182.52, 3114
17191.54, 3113
17192.68, 3112
17211.62, 3111
17212.61, 3110
17213.78, 3109
17242.9, 3108
17270.03, 3107
17276.63, 3106
17281.21, 3105
17282.42, 3104
17283.62, 3103
17289.75, 3102
17306.74, 3101
17322.41, 3100
17325.45, 3099
17325.72, 3098
17339.69, 3097
17340.94, 3096
17352.71, 3095
17358.73, 3094
17363.46, 3093
17368.94, 3092
17373.39, 3091
17397.21, 3090
17398.44, 3089
17399.63, 3088
17400.82, 3087
17417.1, 3086
17419.54, 3085
17420.67, 3084
17432.89, 3083
17439.77, 3082
17454.41, 3081
17455.74, 3080
17457.16, 3079
17500.42, 3078
17505.48, 3077
17511.38, 3076
17515.03, 3075
17534.78, 3074
17538.63, 3073
17538.66, 3072
17538.88, 3071
17542.62, 3070
17548.01, 3069
17561.22, 3068
17579.24, 3067
17595.68, 3066
17604.04, 3065
17605.94, 3064
17640.11, 3063
17688.82, 3062
17693.53, 3061
17701.73, 3060
17707.7, 3059
17708.97, 3058
17710.07, 3057
17736.89, 3056
17743.1, 3055
17744.84, 3054
17746.08, 3053
17754.36, 3052
17758.54, 3051
17764.55, 3050
17770.68, 3049
17775.93, 3048
17796.34, 3047
17801.48, 3046
17806.98, 3045
17822.31, 3044
17826.9, 3043
17828.45, 3042
17834.77, 3041
17840.24, 3040
17843.25, 3039
17853.56, 3038
17862.15, 3037
17871.48, 3036
17875.27, 3035
17900.74, 3034
17901.69, 3033
17902.98, 3032
17926.28, 3031
17932.84, 3030
17934.12, 3029
17946.43, 3028
17954.54, 3027
17961.4, 3026
17966.12, 3025
17971.54, 3024
17991.22, 3023
17993.6, 3022
18056.31, 3021
18061.62, 3020
18066.99, 3019
18068.11, 3018
18069.7, 3017
18070.43, 3016
18091.99, 3015
18108.26, 3014
18115.1, 3013
18124.34, 3012
18125.7, 3011
18144.1, 3010
18145.32, 3009
18158.3, 3008
18165.13, 3007
18171.77, 3006
18189.09, 3005
18196.73, 3004
18205.32, 3003
18213.76, 3002
18220.59, 3001
18223.68, 3000
18263.56, 2999
18270.65, 2998
18290.36, 2997
18292.13, 2996
18293.37, 2995
18294.6, 2994
18302.31, 2993
18309.12, 2992
18310.27, 2991
18333.71, 2990
18335.76, 2989
18345.48, 2988
18348.63, 2987
18353.49, 2986
18359.2, 2985
18365.71, 2984
18374.08, 2983
18385.1, 2982
18389.8, 2981
18404.43, 2980
18430.58, 2979
18431.75, 2978
18452.66, 2977
18453.89, 2976
18457.69, 2975
18464.85, 2974
18472.19, 2973
18484.33, 2972
18489.27, 2971
18497.53, 2970
18529.62, 2969
18530.79, 2968
18535.64, 2967
18549.6, 2966
18580.05, 2965
18588.74, 2964
18592.88, 2963
18594.08, 2962
18595.31, 2961
18603.45, 2960
18618.14, 2959
18624.19, 2958
18645.96, 2957
18647.19, 2956
18648.37, 2955
18649.58, 2954
18668.32, 2953
18706.03, 2952
18706.92, 2951
18710.85, 2950
18730.1, 2949
18742.01, 2948
18744.96, 2947
18783.73, 2946
18797.34, 2945
18797.62, 2944
18808.9, 2943
18810.11, 2942
18816.07, 2941
18840.4, 2940
18845.31, 2939
18853.89, 2938
18860.44, 2937
18862.57, 2936
18869.84, 2935
18882.61, 2934
18888.47, 2933
18893.18, 2932
18908.45, 2931
18913.17, 2930
18919.61, 2929
18923.97, 2928
18932.36, 2927
18937.98, 2926
18946.97, 2925
18955.2, 2924
18956.39, 2923
18988.03, 2922
18998.63, 2921
19026.05, 2920
19027.23, 2919
19028.61, 2918
19029.6, 2917
19042.79, 2916
19061.77, 2915
19061.88, 2914
19110.91, 2913
19115.01, 2912
19120.89, 2911
19145.44, 2910
19146.45, 2909
19147.63, 2908
19156.32, 2907
19159.23, 2906
19167.59, 2905
19186.55, 2904
19222.13, 2903
19225.3, 2902
19226.3, 2901
19236.24, 2900
19240.21, 2899
19244.99, 2898
19251.36, 2897
19258.82, 2896
19262.12, 2895
19270.01, 2894
19288.68, 2893
19293.49, 2892
19314.43, 2891
19315.91, 2890
19316.82, 2889
19324.8, 2888
19325.92, 2887
19333.07, 2886
19354.19, 2885
19355.91, 2884
19369.97, 2883
19381.38, 2882
19386.3, 2881
19395.09, 2880
19402.68, 2879
19407.27, 2878
19417.89, 2877
19433.12, 2876
19436.72, 2875
19445.97, 2874
19452.65, 2873
19453.81, 2872
19463.89, 2871
19487.28, 2870
19488.62, 2869
19496.98, 2868
19508.96, 2867
19520.99, 2866
19524.29, 2865
19558.27, 2864
19571.11, 2863
19572.23, 2862
19573.43, 2861
19574.77, 2860
19575.86, 2859
19615.45, 2858
19619.97, 2857
19621.18, 2856
19622.39, 2855
19623.58, 2854
19630.73, 2853
19636.74, 2852
19644.57, 2851
19645.72, 2850
19670.14, 2849
19673.36, 2848
19686.61, 2847
19728.19, 2846
19734.08, 2845
19739.0, 2844
19750.83, 2843
19770.06, 2842
19771.25, 2841
19772.45, 2840
19796.18, 2839
19797.44, 2838
19798.68, 2837
19799.89, 2836
19812.78, 2835
19814.08, 2834
19818.94, 2833
19828.16, 2832
19831.95, 2831
19837.3, 2830
19840.01, 2829
19861.86, 2828
19863.13, 2827
19871.86, 2826
19891.78, 2825
19911.46, 2824
19915.98, 2823
19926.65, 2822
19931.71, 2821
19940.76, 2820
19970.5, 2819
19981.01, 2818
19986.56, 2817
20001.76, 2816
20014.26, 2815
20020.69, 2814
20021.92, 2813
20023.82, 2812
20029.61, 2811
20043.04, 2810
20050.84, 2809
20069.18, 2808
20075.63, 2807
20079.77, 2806
20087.95, 2805
20092.28, 2804
20097.64, 2803
20109.54, 2802
20123.82, 2801
20127.64, 2800
20139.12, 2799
20153.35, 2798
20163.9, 2797
20163.97, 2796
20204.95, 2795
20211.05, 2794
20212.28, 2793
20213.49, 2792
20214.7, 2791
20216.73, 2790
20249.46, 2789
20250.68, 2788
20275.86, 2787
20280.5, 2786
20288.06, 2785
20289.32, 2784
20331.74, 2783
20333.17, 2782
20334.8, 2781
20342.6, 2780
20350.3, 2779
20354.52, 2778
20360.59, 2777
20371.86, 2776
20376.44, 2775
20384.9, 2774
20391.5, 2773
20392.64, 2772
20435.11, 2771
20441.28, 2770
20449.28, 2769
20465.01, 2768
20470.52, 2767
20478.1, 2766
20498.89, 2765
20501.06, 2764
20509.25, 2763
20513.39, 2762
20522.79, 2761
20534.31, 2760
20535.62, 2759
20547.82, 2758
20551.77, 2757
20557.91, 2756
20588.49, 2755
20594.17, 2754
20597.51, 2753
20598.77, 2752
20615.18, 2751
20622.31, 2750
20625.98, 2749
20627.17, 2748
20652.27, 2747
20654.09, 2746
20671.36, 2745
20694.33, 2744
20707.04, 2743
20727.06, 2742
20733.1, 2741
20738.68, 2740
20745.36, 2739
20760.1, 2738
20770.52, 2737
20775.1, 2736
20776.36, 2735
20792.9, 2734
20800.72, 2733
20808.73, 2732
20828.35, 2731
20837.15, 2730
20852.62, 2729
20877.49, 2728
20893.04, 2727
20897.62, 2726
20901.13, 2725
20911.62, 2724
20918.37, 2723
20921.86, 2722
20943.43, 2721
20947.97, 2720
20953.71, 2719
20959.46, 2718
20967.06, 2717
20971.89, 2716
20996.39, 2715
21003.49, 2714
21011.06, 2713
21012.43, 2712
21021.91, 2711
21041.16, 2710
21055.69, 2709
21056.95, 2708
21076.66, 2707
21082.11, 2706
21100.32, 2705
21104.96, 2704
21113.05, 2703
21120.09, 2702
21126.23, 2701
21147.92, 2700
21156.6, 2699
21170.91, 2698
21180.96, 2697
21209.41, 2696
21214.09, 2695
21217.77, 2694
21237.52, 2693
21240.94, 2692
21254.19, 2691
21259.69, 2690
21264.77, 2689
21289.65, 2688
21294.47, 2687
21299.22, 2686
21306.66, 2685
21311.41, 2684
21317.59, 2683
21333.41, 2682
21350.77, 2681
21354.56, 2680
21357.99, 2679
21375.84, 2678
21377.62, 2677
21390.69, 2676
21400.78, 2675
21405.97, 2674
21409.74, 2673
21430.15, 2672
21436.16, 2671
21441.0, 2670
21452.99, 2669
21458.08, 2668
21461.39, 2667
21475.36, 2666
21485.65, 2665
21486.72, 2664
21536.75, 2663
21536.8, 2662
21536.8, 2661
21561.39, 2660
21570.49, 2659
21573.5, 2658
21574.68, 2657
21575.87, 2656
21605.13, 2655
21627.31, 2654
21628.29, 2653
21629.48, 2652
21641.22, 2651
21642.4, 2650
21650.84, 2649
21683.63, 2648
21690.55, 2647
21694.68, 2646
21703.43, 2645
21709.53, 2644
21713.13, 2643
21728.69, 2642
21738.52, 2641
21749.72, 2640
21780.27, 2639
21786.37, 2638
21790.89, 2637
21859.59, 2636
21866.58, 2635
21871.12, 2634
21872.33, 2633
21873.54, 2632
21874.75, 2631
21884.67, 2630
21885.25, 2629
21892.15, 2628
21906.69, 2627
21914.51, 2626
21921.13, 2625
21928.65, 2624
21951.48, 2623
21957.11, 2622
21971.74, 2621
21982.17, 2620
22051.1, 2619
22052.31, 2618
22053.69, 2617
22054.68, 2616
22111.4, 2615
22112.51, 2614
22113.74, 2613
22114.98, 2612
22116.24, 2611
22171.96, 2610
22173.27, 2609
22174.42, 2608
22175.61, 2607
22176.71, 2606
22204.64, 2605
22226.6, 2604
22228.26, 2603
22229.44, 2602
22230.63, 2601
22231.81, 2600
22241.77, 2599
22245.91, 2598
22264.91, 2597
22276.74, 2596
22278.08, 2595
22293.52, 2594
22294.76, 2593
22301.06, 2592
22343.37, 2591
22346.35, 2590
22380.83, 2589
22389.6, 2588
22392.79, 2587
22413.15, 2586
22414.42, 2585
22415.71, 2584
22446.26, 2583
22464.3, 2582
22483.57, 2581
22489.61, 2580
22499.19, 2579
22530.62, 2578
22535.55, 2577
22563.19, 2576
22563.23, 2575
22563.24, 2574
22573.23, 2573
22574.55, 2572
22597.65, 2571
22598.83, 2570
22600.05, 2569
22616.98, 2568
22618.13, 2567
22621.67, 2566
22632.55, 2565
22647.16, 2564
22650.92, 2563
22659.07, 2562
22669.95, 2561
22681.29, 2560
22685.26, 2559
22692.77, 2558
22699.35, 2557
22708.13, 2556
22767.36, 2555
22774.17, 2554
22778.76, 2553
22821.03, 2552
22828.37, 2551
22849.66, 2550
22871.12, 2549
22888.88, 2548
22892.87, 2547
22894.82, 2546
22911.33, 2545
22919.28, 2544
22922.44, 2543
22933.53, 2542
22940.12, 2541
22945.34, 2540
22962.04, 2539
22976.03, 2538
22990.23, 2537
22990.51, 2536
23003.14, 2535
23003.22, 2534
23009.26, 2533
23014.85, 2532
23022.05, 2531
23027.99, 2530
23063.21, 2529
23067.82, 2528
23080.83, 2527
23091.08, 2526
23096.81, 2525
23102.36, 2524
23109.33, 2523
23125.47, 2522
23133.31, 2521
23155.34, 2520
23167.51, 2519
23193.69, 2518
23199.53, 2517
23208.88, 2516
23218.5, 2515
23224.08, 2514
23228.51, 2513
23239.65, 2512
23265.07, 2511
23270.65, 2510
23273.73, 2509
23287.4, 2508
23295.25, 2507
23307.24, 2506
23313.56, 2505
23333.58, 2504
23336.55, 2503
23352.85, 2502
23358.71, 2501
23364.48, 2500
23369.8, 2499
23384.36, 2498
23398.06, 2497
23410.36, 2496
23431.66, 2495
23448.82, 2494
23453.45, 2493
23461.99, 2492
23464.03, 2491
23482.39, 2490
23486.98, 2489
23494.86, 2488
23505.97, 2487
23509.73, 2486
23516.68, 2485
23524.92, 2484
23531.05, 2483
23566.99, 2482
23575.57, 2481
23608.66, 2480
23646.43, 2479
23676.06, 2478
23677.75, 2477
23683.16, 2476
23703.52, 2475
23707.9, 2474
23711.74, 2473
23742.52, 2472
23744.98, 2471
23745.02, 2470
23768.19, 2469
23777.83, 2468
23779.46, 2467
23789.34, 2466
23818.04, 2465
23818.09, 2464
23819.19, 2463
23830.38, 2462
23833.59, 2461
23839.33, 2460
23867.11, 2459
23875.11, 2458
23881.67, 2457
23904.86, 2456
23906.06, 2455
23907.27, 2454
23912.95, 2453
23917.06, 2452
23924.98, 2451
23947.47, 2450
23955.68, 2449
23976.32, 2448
23985.47, 2447
23991.56, 2446
24005.2, 2445
24026.16, 2444
24049.22, 2443
24063.87, 2442
24085.11, 2441
24087.48, 2440
24108.26, 2439
24109.5, 2438
24110.73, 2437
24116.17, 2436
24121.98, 2435
24152.8, 2434
24157.45, 2433
24172.57, 2432
24179.2, 2431
24190.71, 2430
24218.83, 2429
24223.35, 2428
24224.52, 2427
24233.77, 2426
24237.99, 2425
24248.42, 2424
24260.08, 2423
24268.07, 2422
24275.11, 2421
24287.13, 2420
24294.3, 2419
24305.76, 2418
24309.61, 2417
24315.95, 2416
24325.57, 2415
24337.42, 2414
24342.75, 2413
24366.87, 2412
24391.95, 2411
24409.27, 2410
24414.96, 2409
24418.82, 2408
24420.76, 2407
24449.39, 2406
24457.71, 2405
24463.28, 2404
24464.38, 2403
24471.33, 2402
24476.72, 2401
24497.09, 2400
24522.57, 2399
24526.52, 2398
24531.11, 2397
24552.86, 2396
24559.07, 2395
24565.64, 2394
24566.83, 2393
24568.01, 2392
24569.22, 2391
24609.09, 2390
24632.3, 2389
24635.86, 2388
24637.26, 2387
24638.37, 2386
24639.64, 2385
24647.36, 2384
24652.62, 2383
24653.91, 2382
24664.41, 2381
24678.45, 2380
24698.24, 2379
24704.23, 2378
24705.47, 2377
24717.1, 2376
24724.6, 2375
24732.13, 2374
24739.18, 2373
24768.22, 2372
24783.72, 2371
24788.21, 2370
24794.86, 2369
24799.67, 2368
24809.59, 2367
24847.4, 2366
24854.93, 2365
24860.32, 2364
24861.63, 2363
24868.49, 2362
24875.37, 2361
24893.58, 2360
24899.98, 2359
24904.39, 2358
24909.25, 2357
24915.94, 2356
24939.51, 2355
24952.5, 2354
24958.56, 2353
24959.77, 2352
24968.46, 2351
24983.11, 2350
24990.46, 2349
25001.61, 2348
25009.04, 2347
25016.45, 2346
25025.37, 2345
25033.75, 2344
25039.38, 2343
25088.06, 2342
25096.81, 2341
25103.0, 2340
25104.08, 2339
25129.54, 2338
25130.7, 2337
25139.96, 2336
25143.22, 2335
25151.19, 2334
25156.68, 2333
25177.82, 2332
25190.0, 2331
25194.88, 2330
25210.17, 2329
25216.26, 2328
25218.79, 2327
25240.2, 2326
25255.03, 2325
25257.76, 2324
25266.11, 2323
25275.93, 2322
25298.96, 2321
25309.21, 2320
25325.64, 2319
25331.53, 2318
25335.41, 2317
25346.59, 2316
25352.58, 2315
25358.55, 2314
25378.18, 2313
25379.39, 2312
25397.35, 2311
25402.88, 2310
25413.11, 2309
25419.08, 2308
25423.33, 2307
25428.87, 2306
25441.92, 2305
25461.43, 2304
25463.02, 2303
25471.68, 2302
25476.99, 2301
25483.13, 2300
25489.2, 2299
25500.12, 2298
25518.45, 2297
25524.34, 2296
25532.39, 2295
25533.61, 2294
25564.38, 2293
25565.61, 2292
25566.8, 2291
25587.66, 2290
25588.88, 2289
25590.1, 2288
25606.98, 2287
25630.11, 2286
25635.88, 2285
25637.31, 2284
25650.85, 2283
25652.11, 2282
25653.15, 2281
25668.7, 2280
25686.43, 2279
25687.63, 2278
25688.82, 2277
25701.6, 2276
25758.99, 2275
25760.16, 2274
25769.5, 2273
25770.52, 2272
25809.11, 2271
25815.96, 2270
25827.77, 2269
25841.07, 2268
25842.28, 2267
25843.48, 2266
25866.83, 2265
25890.9, 2264
25896.53, 2263
25900.08, 2262
25933.47, 2261
25936.86, 2260
25956.7, 2259
25973.12, 2258
25994.66, 2257
26000.71, 2256
26008.55, 2255
26029.58, 2254
26030.67, 2253
26052.33, 2252
26052.35, 2251
26063.51, 2250
26069.7, 2249
26078.23, 2248
26080.44, 2247
26098.61, 2246
26107.98, 2245
26125.78, 2244
26131.3, 2243
26136.6, 2242
26141.59, 2241
26148.91, 2240
26154.53, 2239
26166.91, 2238
26180.99, 2237
26189.4, 2236
26193.44, 2235
26200.31, 2234
26206.65, 2233
26212.23, 2232
26226.41, 2231
26235.89, 2230
26237.88, 2229
26250.02, 2228
26252.6, 2227
26290.68, 2226
26291.84, 2225
26293.11, 2224
26323.16, 2223
26324.32, 2222
26325.53, 2221
26345.56, 2220
26353.42, 2219
26371.54, 2218
26372.67, 2217
26382.27, 2216
26390.15, 2215
26395.5, 2214
26408.88, 2213
26412.77, 2212
26413.98, 2211
26418.72, 2210
26477.54, 2209
26491.27, 2208
26499.13, 2207
26503.43, 2206
26524.79, 2205
26530.86, 2204
26537.84, 2203
26544.62, 2202
26551.32, 2201
26555.38, 2200
26563.74, 2199
26594.61, 2198
26599.56, 2197
26603.41, 2196
26626.42, 2195
26655.85, 2194
26663.0, 2193
26670.85, 2192
26672.08, 2191
26673.28, 2190
26705.24, 2189
26709.75, 2188
26716.25, 2187
26742.23, 2186
26742.94, 2185
26753.8, 2184
26758.04, 2183
26764.72, 2182
26775.3, 2181
26802.95, 2180
26808.58, 2179
26819.64, 2178
26840.38, 2177
26847.11, 2176
26853.67, 2175
26860.12, 2174
26875.68, 2173
26917.55, 2172
26944.21, 2171
26945.36, 2170
26946.4, 2169
26947.61, 2168
26965.64, 2167
26972.77, 2166
26976.62, 2165
27003.91, 2164
27005.48, 2163
27007.8, 2162
27007.88, 2161
27009.14, 2160
27037.63, 2159
27038.83, 2158
27050.18, 2157
27057.08, 2156
27073.04, 2155
27088.08, 2154
27107.86, 2153
27109.13, 2152
27110.42, 2151
27132.25, 2150
27135.07, 2149
27149.05, 2148
27160.13, 2147
27166.58, 2146
27173.96, 2145
27183.22, 2144
27187.23, 2143
27198.63, 2142
27234.02, 2141
27250.14, 2140
27273.15, 2139
27274.34, 2138
27275.53, 2137
27292.2, 2136
27298.07, 2135
27304.8, 2134
27321.87, 2133
27328.92, 2132
27333.32, 2131
27354.05, 2130
27358.03, 2129
27363.94, 2128
27371.14, 2127
27375.26, 2126
27378.01, 2125
27421.43, 2124
27425.41, 2123
27426.66, 2122
27435.06, 2121
27446.03, 2120
27465.66, 2119
27473.54, 2118
27480.08, 2117
27484.84, 2116
27520.54, 2115
27521.69, 2114
27522.89, 2113
27557.75, 2112
27564.68, 2111
27568.8, 2110
27570.03, 2109
27571.34, 2108
27587.31, 2107
27598.34, 2106
27608.94, 2105
27611.36, 2104
27637.67, 2103
27645.04, 2102
27651.9, 2101
27685.35, 2100
27693.39, 2099
27699.46, 2098
27706.81, 2097
27716.24, 2096
27720.56, 2095
27740.74, 2094
27748.65, 2093
27768.81, 2092
27774.64, 2091
27781.03, 2090
27794.98, 2089
27815.81, 2088
27822.23, 2087
27830.14, 2086
27854.52, 2085
27861.86, 2084
27871.61, 2083
27894.11, 2082
27905.64, 2081
27909.72, 2080
27924.45, 2079
27939.9, 2078
27941.32, 2077
28002.01, 2076
28011.98, 2075
28019.05, 2074
28023.01, 2073
28045.39, 2072
28046.49, 2071
28084.86, 2070
28090.55, 2069
28102.28, 2068
28103.37, 2067
28104.57, 2066
28125.27, 2065
28134.48, 2064
28135.78, 2063
28143.55, 2062
28155.67, 2061
28190.28, 2060
28192.6, 2059
28203.19, 2058
28208.77, 2057
28220.37, 2056
28225.38, 2055
28238.14, 2054
28242.48, 2053
28246.73, 2052
28287.26, 2051
28292.88, 2050
28327.73, 2049
28353.9, 2048
28355.04, 2047
28367.58, 2046
28368.78, 2045
28375.08, 2044
28393.44, 2043
28411.6, 2042
28417.46, 2041
28424.64, 2040
28438.04, 2039
28443.55, 2038
28448.54, 2037
28475.3, 2036
28481.96, 2035
28488.7, 2034
28492.11, 2033
28502.06, 2032
28506.32, 2031
28526.16, 2030
28534.86, 2029
28546.65, 2028
28549.3, 2027
28558.89, 2026
28574.58, 2025
28588.67, 2024
28591.89, 2023
28605.46, 2022
28617.86, 2021
28624.9, 2020
28630.05, 2019
28651.18, 2018
28652.39, 2017
28660.12, 2016
28679.43, 2015
28684.97, 2014
28698.2, 2013
28742.97, 2012
28752.42, 2011
28754.07, 2010
28764.22, 2009
28767.41, 2008
28786.68, 2007
28803.11, 2006
28809.18, 2005
28818.97, 2004
28823.67, 2003
28842.82, 2002
28842.85, 2001
28848.84, 2000
28875.95, 1999
28877.89, 1998
28905.5, 1997
28931.89, 1996
28937.33, 1995
28951.83, 1994
28962.62, 1993
28970.09, 1992
29049.37, 1991
29050.66, 1990
29051.8, 1989
29057.92, 1988
29057.95, 1987
29098.04, 1986
29099.03, 1985
29100.23, 1984
29101.45, 1983
29158.57, 1982
29159.82, 1981
29160.99, 1980
29162.1, 1979
29163.28, 1978
29174.95, 1977
29195.33, 1976
29195.9, 1975
29197.09, 1974
29213.25, 1973
29213.83, 1972
29222.27, 1971
29236.69, 1970
29238.13, 1969
29246.59, 1968
29266.45, 1967
29274.55, 1966
29286.52, 1965
29288.95, 1964
29295.56, 1963
29315.65, 1962
29326.32, 1961
29340.51, 1960
29344.38, 1959
29364.49, 1958
29373.48, 1957
29406.37, 1956
29425.59, 1955
29426.84, 1954
29428.04, 1953
29429.49, 1952
29430.39, 1951
29455.14, 1950
29518.26, 1949
29529.42, 1948
29536.71, 1947
29541.02, 1946
29547.6, 1945
29588.81, 1944
29591.26, 1943
29591.36, 1942
29618.25, 1941
29628.95, 1940
29631.64, 1939
29631.66, 1938
29638.81, 1937
29654.91, 1936
29701.7, 1935
29708.49, 1934
29717.91, 1933
29732.61, 1932
29737.26, 1931
29744.8, 1930
29770.97, 1929
29781.95, 1928
29783.46, 1927
29820.99, 1926
29825.13, 1925
29846.55, 1924
29847.79, 1923
29857.0, 1922
29863.72, 1921
29875.46, 1920
29882.91, 1919
29899.91, 1918
29907.68, 1917
29913.18, 1916
29923.41, 1915
29933.23, 1914
29943.08, 1913
29951.87, 1912
29982.53, 1911
29984.68, 1910
29991.58, 1909
30007.36, 1908
30008.56, 1907
30019.3, 1906
30049.61, 1905
30057.59, 1904
30075.23, 1903
30092.33, 1902
30109.02, 1901
30129.52, 1900
30143.2, 1899
30161.34, 1898
30170.31, 1897
30188.22, 1896
30195.56, 1895
30198.61, 1894
30210.89, 1893
30218.32, 1892
30225.16, 1891
30242.04, 1890
30247.22, 1889
30253.71, 1888
30296.25, 1887
30300.56, 1886
30307.85, 1885
30338.38, 1884
30342.82, 1883
30349.36, 1882
30356.64, 1881
30369.62, 1880
30373.64, 1879
30379.32, 1878
30390.82, 1877
30409.5, 1876
30411.41, 1875
30468.92, 1874
30495.12, 1873
30496.22, 1872
30508.26, 1871
30512.79, 1870
30526.56, 1869
30533.47, 1868
30540.38, 1867
30546.23, 1866
30569.57, 1865
30574.58, 1864
30585.32, 1863
30591.98, 1862
30606.71, 1861
30608.57, 1860
30615.77, 1859
30625.9, 1858
30642.33, 1857
30663.21, 1856
30668.38, 1855
30674.24, 1854
30684.49, 1853
30691.47, 1852
30695.84, 1851
30721.04, 1850
30732.23, 1849
30740.66, 1848
30752.42, 1847
30764.58, 1846
30769.21, 1845
30791.3, 1844
30796.89, 1843
30808.93, 1842
30814.6, 1841
30820.68, 1840
30835.22, 1839
30846.23, 1838
30847.47, 1837
30861.2, 1836
30906.85, 1835
30908.06, 1834
30909.21, 1833
30943.53, 1832
30944.79, 1831
30946.01, 1830
30947.22, 1829
30963.49, 1828
30974.87, 1827
31023.89, 1826
31030.83, 1825
31070.19, 1824
31082.65, 1823
31089.02, 1822
31090.28, 1821
31119.02, 1820
31126.85, 1819
31133.42, 1818
31140.18, 1817
31148.74, 1816
31157.91, 1815
31195.02, 1814
31200.0, 1813
31203.01, 1812
31214.1, 1811
31224.86, 1810
31232.28, 1809
31246.62, 1808
31271.1, 1807
31276.88, 1806
31302.4, 1805
31312.84, 1804
31358.12, 1803
31358.16, 1802
31358.17, 1801
31387.06, 1800
31392.33, 1799
31398.72, 1798
31423.89, 1797
31454.97, 1796
31460.1, 1795
31466.25, 1794
31477.34, 1793
31479.99, 1792
31494.04, 1791
31528.98, 1790
31532.95, 1789
31540.44, 1788
31551.58, 1787
31557.19, 1786
31564.95, 1785
31588.3, 1784
31593.93, 1783
31606.65, 1782
31611.09, 1781
31620.3, 1780
31631.0, 1779
31653.19, 1778
31663.54, 1777
31670.48, 1776
31692.32, 1775
31699.54, 1774
31713.75, 1773
31724.01, 1772
31732.31, 1771
31740.94, 1770
31751.66, 1769
31755.57, 1768
31790.89, 1767
31811.12, 1766
31826.67, 1765
31853.43, 1764
31853.47, 1763
31855.12, 1762
31873.54, 1761
31884.17, 1760
31897.68, 1759
31917.19, 1758
31922.61, 1757
31927.32, 1756
31965.9, 1755
31972.66, 1754
31977.53, 1753
32028.68, 1752
32045.39, 1751
32049.76, 1750
32073.73, 1749
32073.75, 1748
32075.98, 1747
32105.93, 1746
32111.18, 1745
32137.13, 1744
32155.05, 1743
32158.89, 1742
32167.56, 1741
32168.79, 1740
32186.36, 1739
32187.65, 1738
32216.93, 1737
32218.24, 1736
32225.63, 1735
32234.29, 1734
32246.53, 1733
32252.33, 1732
32290.41, 1731
32292.66, 1730
32305.82, 1729
32307.04, 1728
32322.43, 1727
32342.65, 1726
32370.94, 1725
32379.77, 1724
32391.66, 1723
32398.46, 1722
32409.5, 1721
32423.88, 1720
32448.1, 1719
32462.67, 1718
32471.26, 1717
32504.08, 1716
32515.54, 1715
32516.8, 1714
32532.83, 1713
32538.78, 1712
32545.41, 1711
32558.63, 1710
32566.05, 1709
32599.15, 1708
32627.74, 1707
32648.53, 1706
32664.77, 1705
32670.6, 1704
32685.65, 1703
32691.22, 1702
32706.84, 1701
32717.22, 1700
32725.74, 1699
32731.21, 1698
32774.17, 1697
32775.35, 1696
32793.51, 1695
32804.05, 1694
32808.97, 1693
32830.83, 1692
32837.84, 1691
32838.89, 1690
32848.32, 1689
32880.02, 1688
32889.82, 1687
32931.75, 1686
32940.23, 1685
32953.07, 1684
32963.54, 1683
32974.24, 1682
32982.08, 1681
33021.55, 1680
33051.72, 1679
33057.96, 1678
33066.02, 1677
33079.59, 1676
33087.97, 1675
33094.42, 1674
33138.56, 1673
33140.81, 1672
33140.85, 1671
33153.84, 1670
33160.28, 1669
33179.76, 1668
33198.7, 1667
33213.98, 1666
33229.23, 1665
33233.42, 1664
33241.12, 1663
33279.96, 1662
33291.56, 1661
33304.7, 1660
33305.89, 1659
33329.1, 1658
33340.01, 1657
33367.15, 1656
33373.07, 1655
33383.25, 1654
33383.28, 1653
33400.54, 1652
33404.51, 1651
33422.12, 1650
33487.47, 1649
33496.98, 1648
33502.49, 1647
33516.78, 1646
33526.86, 1645
33533.15, 1644
33545.84, 1643
33549.97, 1642
33557.65, 1641
33590.21, 1640
33596.85, 1639
33603.19, 1638
33623.27, 1637
33629.99, 1636
33641.89, 1635
33688.57, 1634
33719.32, 1633
33724.67, 1632
33774.94, 1631
33779.4, 1630
33796.85, 1629
33807.11, 1628
33814.57, 1627
33823.6, 1626
33831.04, 1625
33835.91, 1624
33854.78, 1623
33874.24, 1622
33892.34, 1621
33908.06, 1620
33928.38, 1619
33934.11, 1618
33959.33, 1617
34011.09, 1616
34013.6, 1615
34019.57, 1614
34028.13, 1613
34038.79, 1612
34053.32, 1611
34074.07, 1610
34076.73, 1609
34090.09, 1608
34102.25, 1607
34107.45, 1606
34122.3, 1605
34138.23, 1604
34145.09, 1603
34157.17, 1602
34165.79, 1601
34179.51, 1600
34180.08, 1599
34194.45, 1598
34201.69, 1597
34216.93, 1596
34229.16, 1595
34237.9, 1594
34245.7, 1593
34313.25, 1592
34324.03, 1591
34346.7, 1590
34357.99, 1589
34364.64, 1588
34380.98, 1587
34383.12, 1586
34398.08, 1585
34434.33, 1584
34441.45, 1583
34447.82, 1582
34467.6, 1581
34476.94, 1580
34484.13, 1579
34500.15, 1578
34507.24, 1577
34512.12, 1576
34608.38, 1575
34608.41, 1574
34614.23, 1573
34640.79, 1572
34647.69, 1571
34653.37, 1570
34672.53, 1569
34691.91, 1568
34714.41, 1567
34758.95, 1566
34783.05, 1565
34812.63, 1564
34819.61, 1563
34827.46, 1562
34838.61, 1561
34875.65, 1560
34882.5, 1559
34887.52, 1558
34891.54, 1557
34914.72, 1556
34919.3, 1555
34953.42, 1554
34956.04, 1553
34972.4, 1552
34973.42, 1551
34974.66, 1550
34993.19, 1549
35016.79, 1548
35024.29, 1547
35032.07, 1546
35050.77, 1545
35066.74, 1544
35069.02, 1543
35076.0, 1542
35086.38, 1541
35097.64, 1540
35115.49, 1539
35118.83, 1538
35143.36, 1537
35183.2, 1536
35223.57, 1535
35225.07, 1534
35231.36, 1533
35246.62, 1532
35257.41, 1531
35286.25, 1530
35336.96, 1529
35357.08, 1528
35369.89, 1527
35390.69, 1526
35398.23, 1525
35408.42, 1524
35419.81, 1523
35425.8, 1522
35433.47, 1521
35457.58, 1520
35466.82, 1519
35492.97, 1518
35515.47, 1517
35521.47, 1516
35528.47, 1515
35559.1, 1514
35566.13, 1513
35591.28, 1512
35626.12, 1511
35634.16, 1510
35641.83, 1509
35658.6, 1508
35668.31, 1507
35673.87, 1506
35716.94, 1505
35721.4, 1504
35739.4, 1503
35750.03, 1502
35757.06, 1501
35766.32, 1500
35773.73, 1499
35791.99, 1498
35808.48, 1497
35819.79, 1496
35826.98, 1495
35842.09, 1494
35858.74, 1493
35866.85, 1492
35874.71, 1491
35891.15, 1490
35899.51, 1489
35907.29, 1488
35933.53, 1487
35933.79, 1486
35942.69, 1485
35961.88, 1484
35972.03, 1483
36013.88, 1482
36043.39, 1481
36058.65, 1480
36066.23, 1479
36076.12, 1478
36084.62, 1477
36091.21, 1476
36135.45, 1475
36144.02, 1474
36159.64, 1473
36227.15, 1472
36231.8, 1471
36238.31, 1470
36259.99, 1469
36267.53, 1468
36276.76, 1467
36305.4, 1466
36309.08, 1465
36333.96, 1464
36344.03, 1463
36349.5, 1462
36366.87, 1461
36368.05, 1460
36388.85, 1459
36438.37, 1458
36480.62, 1457
36489.61, 1456
36496.64, 1455
36504.68, 1454
36512.88, 1453
36521.36, 1452
36528.28, 1451
36567.59, 1450
36575.84, 1449
36590.31, 1448
36599.62, 1447
36621.31, 1446
36655.87, 1445
36664.54, 1444
36680.26, 1443
36691.95, 1442
36706.31, 1441
36715.68, 1440
36724.5, 1439
36735.9, 1438
36741.0, 1437
36761.97, 1436
36771.92, 1435
36778.39, 1434
36790.58, 1433
36818.09, 1432
36980.07, 1431
37529.96, 1430
37604.3, 1429
37632.5, 1428
37640.67, 1427
37644.61, 1426
37658.55, 1425
37666.39, 1424
37670.52, 1423
37725.07, 1422
37725.11, 1421
37734.55, 1420
37767.99, 1419
37769.38, 1418
37792.72, 1417
37802.5, 1416
37803.36, 1415
37814.19, 1414
37836.81, 1413
37848.83, 1412
37868.79, 1411
37887.17, 1410
37888.8, 1409
37899.83, 1408
37908.18, 1407
37916.39, 1406
37926.82, 1405
37965.51, 1404
37976.89, 1403
37982.62, 1402
37996.89, 1401
38003.25, 1400
38009.32, 1399
38052.59, 1398
38059.94, 1397
38065.79, 1396
38086.94, 1395
38088.16, 1394
38089.39, 1393
38121.1, 1392
38132.75, 1391
38144.97, 1390
38153.64, 1389
38162.33, 1388
38177.73, 1387
38215.07, 1386
38242.59, 1385
38254.17, 1384
38256.6, 1383
38270.97, 1382
38279.19, 1381
38291.76, 1380
38471.35, 1379
57540.74, 1378
58045.68, 1377
