14141.48, 20910
14150.07, 20906
14178.79, 20706
14184.39, 20703
14198.6, 20702
14230.15, 20504
14261.5, 20503
14276.42, 20502
14290.39, 20501
14334.78, 20500
14353.8, 20499
14376.94, 20304
14417.03, 20302
14430.82, 20301
14475.51, 20300
14516.42, 20299
14535.93, 20298
14560.81, 20297
14598.09, 20106
14609.66, 20103
14627.72, 20102
14676.81, 20101
14685.74, 20100
14727.14, 20099
14746.59, 20098
14760.97, 20097
14788.88, 20096
14828.1, 19910
14844.77, 19906
14891.09, 19904
14918.38, 19903
14949.69, 19902
14957.03, 19901
14968.92, 19900
15020.09, 19899
15037.02, 19898
15055.36, 19897
15086.81, 19896
15109.54, 19716
15127.91, 19711
15180.86, 19708
15204.02, 19707
15228.04, 19705
15239.12, 19704
15275.23, 19703
15317.19, 19702
15325.14, 19701
15336.93, 19700
15390.53, 19699
15419.41, 19698
15435.09, 19697
15469.87, 19524
15488.19, 19518
15521.88, 19514
15546.87, 19513
15567.84, 19512
15585.45, 19510
15590.78, 19509
15623.93, 19508
15637.4, 19507
15647.89, 19506
15675.09, 19505
15698.11, 19504
15721.23, 19503
15734.9, 19502
15750.37, 19501
15771.25, 19500
15801.04, 19499
15821.37, 19334
15848.56, 19327
15864.59, 19322
15881.98, 19321
15897.95, 19319
15938.06, 19317
15947.05, 19316
15978.2, 19315
15998.81, 19314
16023.61, 19313
16059.65, 19312
16095.5, 19311
16114.45, 19310
16135.72, 19309
16163.11, 19308
16185.37, 19307
16208.9, 19306
16264.88, 19305
16291.37, 19304
16338.24, 19303
16356.39, 19302
16397.37, 19146
16461.99, 19138
16499.53, 19132
16542.04, 19131
16557.54, 19128
16591.9, 19126
16599.12, 19125
16629.06, 19123
16671.14, 19122
16691.21, 19121
16736.76, 19120
16757.85, 19119
16814.83, 19118
16832.47, 19117
16859.29, 19116
16887.32, 19115
16903.36, 19114
16926.76, 19113
16976.97, 19112
16985.59, 19111
17039.69, 19110
17073.72, 19109
17098.81, 19108
17119.08, 19107
17136.86, 19106
17190.9, 18960
17237.92, 18951
17254.14, 18944
17268.21, 18943
17289.54, 18939
17309.79, 18937
17319.85, 18936
17389.27, 18933
17412.74, 18932
17425.05, 18931
17457.16, 18930
17505.58, 18929
17523.61, 18928
17576.56, 18927
17613.51, 18926
17650.08, 18925
17688.69, 18924
17697.57, 18923
17717.31, 18922
17725.43, 18921
17758.12, 18920
17772.12, 18919
17794.9, 18918
17819.79, 18917
17838.94, 18916
17874.95, 18915
17908.2, 18914
17925.91, 18913
17987.66, 18912
18012.37, 18911
18067.42, 18776
18076.58, 18766
18136.67, 18758
18141.12, 18757
18166.54, 18752
18172.93, 18750
18242.61, 18749
18297.19, 18748
18319.52, 18745
18339.37, 18744
18357.51, 18743
18386.57, 18742
18406.79, 18740
18414.78, 18739
18454.32, 18738
18497.75, 18737
18508.77, 18736
18601.96, 18735
18632.93, 18734
18653.04, 18733
18676.52, 18732
18680.86, 18731
18698.36, 18730
18732.43, 18729
18753.37, 18728
18761.54, 18727
18781.95, 18726
18798.09, 18725
18810.77, 18724
18830.84, 18723
18860.53, 18722
18865.04, 18721
18939.52, 18720
18969.37, 18719
18997.22, 18718
19020.46, 18717
19069.84, 18594
19074.07, 18583
19089.69, 18574
19102.19, 18573
19123.78, 18567
19136.48, 18565
19155.33, 18564
19166.9, 18562
19175.08, 18559
19188.44, 18558
19201.8, 18557
19218.79, 18556
19232.49, 18555
19269.43, 18553
19287.4, 18552
19306.77, 18551
19311.01, 18550
19327.61, 18549
19361.19, 18547
19365.75, 18546
19389.91, 18545
19394.03, 18544
19437.45, 18543
19473.63, 18542
19477.72, 18541
19488.95, 18540
19502.32, 18539
19515.26, 18538
19532.92, 18537
19618.34, 18536
19631.46, 18535
19658.68, 18534
19699.66, 18533
19735.89, 18532
19789.77, 18531
19816.52, 18530
19828.97, 18529
19842.74, 18528
19864.57, 18527
19878.28, 18526
19892.54, 18525
19936.76, 18414
19941.06, 18402
19959.11, 18392
19974.51, 18391
19982.51, 18384
20004.74, 18382
20008.48, 18381
20058.01, 18378
20081.4, 18375
20145.45, 18374
20156.31, 18373
20168.29, 18372
20197.46, 18370
20218.49, 18368
20222.89, 18367
20286.96, 18366
20298.55, 18365
20353.52, 18364
20375.1, 18363
20399.6, 18361
20432.04, 18360
20456.72, 18359
20461.12, 18358
20474.37, 18357
20504.02, 18356
20530.17, 18355
20534.82, 18354
20566.85, 18353
20571.24, 18352
20594.58, 18351
20657.27, 18350
20661.59, 18349
20681.41, 18348
20690.57, 18347
20728.5, 18346
20752.33, 18345
20756.67, 18344
20790.27, 18343
20794.57, 18342
20818.67, 18341
20885.63, 18340
20895.8, 18339
20917.89, 18338
20966.37, 18337
20985.03, 18336
21004.29, 18335
21027.79, 18334
21044.66, 18333
21094.76, 18236
21112.94, 18223
21142.9, 18212
21163.28, 18211
21183.76, 18203
21188.17, 18201
21216.44, 18200
21219.12, 18196
21232.97, 18193
21256.3, 18192
21260.9, 18191
21284.55, 18190
21377.51, 18187
21404.17, 18185
21408.46, 18184
21420.53, 18183
21442.8, 18182
21447.25, 18181
21476.26, 18180
21480.65, 18179
21506.23, 18177
21509.99, 18176
21534.43, 18175
21538.62, 18174
21549.56, 18173
21629.39, 18172
21642.12, 18171
21652.26, 18170
21683.05, 18169
21686.58, 18168
21764.05, 18167
21768.24, 18166
21795.51, 18165
21805.02, 18164
21832.97, 18163
21837.14, 18162
21856.76, 18161
21860.96, 18160
21897.22, 18159
21901.7, 18158
21923.54, 18157
21927.89, 18156
21977.67, 18155
22011.26, 18154
22014.83, 18153
22065.26, 18152
22088.69, 18151
22139.04, 18150
22157.15, 18149
22179.12, 18148
22200.31, 18147
22209.17, 18146
22215.64, 18145
22252.43, 18144
22333.68, 18143
22353.98, 18142
22358.29, 18141
22401.04, 18060
22418.28, 18046
22434.05, 18034
22438.35, 18033
22460.82, 18024
22466.48, 18022
22542.24, 18021
22597.79, 18016
22661.74, 18013
22675.48, 18012
22679.8, 18011
22710.75, 18010
22715.11, 18006
22740.92, 18004
22745.19, 18003
22755.16, 18002
22792.87, 18001
22810.44, 18000
22815.02, 17999
22855.63, 17998
22859.7, 17997
22885.61, 17995
22933.69, 17994
22965.13, 17993
22969.57, 17992
22993.24, 17991
23567.63, 17990
23614.67, 17989
23639.75, 17988
23644.62, 17987
23682.55, 17986
23688.97, 17985
23708.74, 17984
23713.4, 17983
23743.63, 17982
23766.03, 17981
23777.71, 17980
23797.91, 17979
23819.26, 17978
23834.33, 17977
23838.65, 17976
23880.99, 17975
23885.31, 17974
23908.74, 17973
23913.08, 17972
23950.04, 17971
23954.13, 17970
23995.83, 17969
24000.01, 17968
24028.73, 17967
24033.1, 17966
24056.86, 17965
24061.15, 17964
24118.35, 17963
24133.77, 17962
24147.03, 17961
24180.52, 17960
24184.77, 17959
24235.15, 17958
24251.54, 17957
24255.94, 17956
24283.1, 17955
24313.77, 17954
24318.26, 17953
24333.98, 17952
24433.33, 17886
24437.78, 17871
24450.11, 17858
24466.07, 17857
24488.62, 17847
24493.05, 17845
24512.98, 17844
24539.14, 17838
24543.48, 17835
24571.25, 17834
24575.45, 17833
24591.04, 17832
24626.14, 17831
24638.34, 17827
24653.6, 17825
24684.13, 17824
24688.44, 17823
24751.87, 17822
24756.21, 17821
24828.06, 17820
24856.54, 17818
24860.71, 17817
24881.84, 17815
24886.17, 17814
24903.31, 17813
24915.09, 17812
24988.32, 17811
24995.46, 17809
25025.47, 17808
25029.86, 17807
25071.83, 17806
25094.89, 17805
25116.27, 17804
25120.62, 17803
25139.29, 17802
25159.79, 17801
25173.97, 17800
25206.04, 17799
25210.29, 17798
25266.56, 17797
25286.15, 17796
25290.49, 17795
25307.28, 17794
25354.67, 17793
25384.19, 17792
25388.43, 17791
25409.66, 17790
25427.65, 17789
25463.67, 17788
25481.6, 17787
25519.0, 17786
25526.0, 17785
25534.99, 17784
25620.19, 17783
25624.57, 17782
25648.66, 17781
25652.41, 17780
25677.98, 17779
25695.28, 17778
25699.63, 17777
25781.8, 17776
25798.51, 17775
25813.48, 17774
25836.26, 17773
25840.58, 17772
25886.43, 17771
25917.26, 17770
25953.64, 17769
25979.63, 17768
25998.51, 17767
26019.7, 17766
26073.41, 17765
26081.01, 17764
26130.75, 17763
26154.22, 17762
26199.77, 17714
26204.1, 17698
26225.17, 17684
26229.49, 17683
26257.04, 17672
26261.51, 17670
26298.28, 17669
26316.82, 17662
26337.54, 17659
26358.92, 17658
26363.16, 17657
26383.06, 17656
26434.36, 17654
26463.96, 17650
26496.35, 17648
26500.72, 17647
26525.23, 17646
26577.44, 17645
26602.46, 17644
26606.83, 17643
26636.07, 17640
26653.21, 17639
26671.66, 17637
26676.0, 17636
26691.11, 17635
26714.15, 17634
26718.42, 17633
26778.95, 17632
26795.5, 17630
26799.71, 17629
26856.05, 17628
26872.84, 17627
26880.73, 17626
26898.71, 17625
26909.44, 17624
26930.51, 17623
26940.15, 17622
26964.19, 17621
27027.74, 17620
27065.97, 17619
27070.12, 17618
27103.83, 17617
27121.3, 17616
27125.35, 17615
27149.81, 17614
27175.57, 17613
27204.3, 17612
27252.18, 17611
27295.54, 17610
27308.24, 17609
27324.78, 17608
27337.78, 17607
27354.8, 17606
27375.78, 17605
27405.05, 17604
27411.9, 17603
27434.95, 17602
27454.02, 17601
27458.29, 17600
27499.27, 17599
27528.18, 17598
27579.04, 17597
27583.44, 17596
27646.55, 17595
27650.8, 17594
27695.14, 17593
27732.73, 17592
27736.91, 17591
27763.62, 17590
27769.43, 17589
27783.43, 17588
27802.93, 17587
27847.89, 17586
27852.37, 17585
27892.91, 17584
27933.01, 17583
27950.15, 17582
27976.98, 17581
27994.18, 17580
28007.88, 17579
28030.0, 17578
28040.67, 17577
28064.29, 17576
28079.47, 17575
28095.3, 17574
28203.52, 17544
28207.66, 17527
28220.43, 17512
28240.89, 17511
28261.93, 17499
28266.26, 17497
28278.29, 17496
28299.58, 17488
28307.42, 17485
28333.24, 17484
28337.95, 17483
28437.87, 17482
28452.0, 17479
28473.6, 17475
28487.15, 17473
28491.43, 17472
28523.14, 17471
28525.86, 17470
28590.47, 17469
28594.75, 17468
28621.39, 17467
28675.92, 17464
28690.42, 17463
28714.1, 17461
28723.77, 17460
28739.78, 17459
28755.47, 17458
28770.71, 17457
28837.12, 17456
28857.23, 17455
28869.13, 17453
28882.66, 17452
28902.67, 17451
28924.18, 17450
28927.87, 17449
28952.52, 17448
28956.88, 17447
28972.4, 17446
29029.27, 17445
29078.64, 17444
29091.87, 17443
29128.75, 17442
29151.34, 17441
29155.57, 17440
29167.45, 17439
29210.43, 17438
29231.67, 17437
29250.97, 17436
29302.38, 17435
29312.63, 17434
29325.66, 17433
29344.36, 17432
29359.17, 17431
29461.79, 17430
29466.26, 17429
29503.37, 17428
29518.65, 17427
29546.0, 17426
29550.35, 17425
29575.11, 17424
29587.66, 17423
29600.89, 17422
29632.46, 17421
29661.68, 17420
29668.67, 17419
29694.3, 17418
29771.54, 17417
29791.63, 17416
29828.54, 17415
29847.83, 17414
29852.02, 17413
29904.39, 17412
29984.42, 17411
30006.65, 17410
30010.85, 17409
30036.68, 17408
30041.19, 17407
30057.63, 17406
30084.24, 17405
30097.79, 17404
30144.42, 17403
30158.13, 17402
30181.55, 17401
30200.28, 17400
30225.07, 17399
30269.92, 17398
30298.77, 17397
30326.62, 17396
30356.19, 17395
30360.65, 17394
30377.63, 17393
30396.02, 17392
30408.24, 17391
30438.68, 17390
30442.1, 17389
30483.19, 17388
30517.39, 17387
30561.39, 17376
30591.82, 17358
30600.37, 17342
30617.7, 17341
30638.08, 17328
30670.12, 17326
30681.47, 17325
30706.36, 17316
30710.31, 17313
30731.78, 17312
30743.72, 17311
30775.38, 17310
30787.82, 17306
30829.19, 17302
30842.0, 17300
30868.46, 17299
30877.08, 17298
30895.29, 17297
30899.63, 17296
30936.36, 17295
30976.34, 17293
30980.69, 17290
31007.61, 17289
31011.62, 17287
31036.6, 17286
31045.01, 17285
31058.49, 17284
31076.14, 17283
31153.51, 17282
31175.22, 17281
31192.28, 17280
31210.37, 17278
31214.92, 17277
31244.02, 17276
31248.35, 17275
31262.48, 17274
31282.87, 17273
31308.11, 17272
31312.43, 17271
31339.4, 17270
31374.34, 17269
31394.96, 17268
31415.06, 17267
31419.29, 17266
31452.17, 17265
31456.42, 17264
31511.38, 17263
31528.47, 17262
31594.7, 17261
31599.09, 17260
31617.86, 17259
31646.16, 17258
31674.7, 17257
31678.92, 17256
31714.13, 17255
31735.89, 17254
31740.24, 17253
31761.8, 17252
31766.21, 17251
31800.9, 17250
31831.47, 17249
31835.73, 17248
31851.03, 17247
31908.34, 17246
31927.25, 17245
31955.28, 17244
31959.6, 17243
31976.69, 17242
31999.5, 17241
32025.07, 17240
32061.12, 17239
32083.49, 17238
32087.7, 17237
32115.25, 17236
32135.54, 17235
32139.95, 17234
32159.75, 17233
32182.69, 17232
32207.44, 17231
32233.71, 17230
32239.29, 17229
32272.15, 17228
32283.63, 17227
32304.12, 17226
32345.0, 17225
32349.67, 17224
32366.09, 17223
32394.21, 17222
32409.69, 17221
32431.09, 17220
32520.68, 17219
32525.19, 17218
32579.64, 17217
32595.75, 17216
32606.64, 17215
32637.44, 17214
32657.1, 17213
32678.17, 17212
32682.57, 17211
32742.31, 17210
32746.6, 17209
32765.24, 17208
32797.08, 17207
32835.5, 17206
32840.15, 17205
32897.03, 17204
32901.41, 17203
32912.62, 17202
32980.15, 17191
32984.41, 17174
32997.01, 17173
33023.52, 17172
33046.46, 17159
33052.33, 17157
33061.74, 17156
33094.27, 17146
33106.12, 17143
33146.2, 17142
33150.49, 17141
33174.33, 17140
33195.05, 17135
33200.06, 17131
33231.89, 17129
33255.0, 17128
33259.21, 17127
33289.01, 17126
33293.26, 17125
33318.6, 17124
33339.2, 17121
33380.19, 17118
33384.53, 17117
33420.51, 17115
33424.71, 17114
33454.9, 17113
33459.26, 17112
33470.83, 17111
33535.77, 17109
33541.32, 17108
33558.78, 17107
33580.4, 17105
33603.46, 17104
33631.42, 17103
33651.86, 17102
33658.33, 17101
33702.35, 17100
33706.57, 17099
33719.94, 17098
33742.44, 17097
33776.3, 17096
33798.33, 17095
33802.73, 17094
33842.82, 17093
33847.26, 17092
33864.69, 17091
33935.12, 17090
33941.93, 17089
33984.12, 17088
33996.69, 17087
34001.13, 17086
34033.69, 17085
34053.65, 17084
34067.37, 17083
34071.75, 17082
34121.25, 17081
34139.73, 17080
34144.17, 17079
34163.33, 17078
34176.51, 17077
34219.43, 17076
34246.42, 17075
34277.86, 17074
34282.11, 17073
34299.41, 17072
34318.12, 17071
34357.95, 17070
34373.38, 17069
34391.68, 17068
34425.06, 17067
34432.68, 17066
34476.12, 17065
34507.87, 17064
34548.22, 17063
34569.7, 17062
34591.82, 17061
34611.61, 17060
34616.21, 17059
34667.35, 17058
34692.07, 17057
34692.11, 17056
34728.95, 17055
34773.94, 17054
34782.17, 17053
34785.27, 17052
34800.93, 17051
34823.17, 17050
34828.9, 17049
34853.12, 17048
34912.55, 17047
34939.23, 17046
34942.16, 17045
34958.49, 17044
34986.55, 17043
35003.08, 17042
35018.07, 17041
35061.39, 17040
35095.91, 17039
35124.14, 17038
35128.46, 17037
35165.66, 17036
35190.15, 17035
35224.83, 17034
35234.03, 17033
35262.04, 17032
35270.45, 17031
35294.39, 17030
35323.94, 17029
35367.18, 17028
35377.86, 17027
35390.51, 17026
35433.1, 17025
35440.27, 17024
35494.79, 17023
35499.26, 17022
35515.02, 17021
35527.8, 17020
35582.12, 17019
35603.38, 17018
35636.72, 17017
35658.41, 17016
35718.11, 17008
35748.6, 17007
35767.6, 17006
35810.92, 16992
35815.44, 16990
35841.11, 16989
35865.02, 16978
35869.53, 16975
35880.44, 16974
35910.99, 16973
35915.34, 16972
35934.87, 16966
35947.3, 16962
35968.91, 16960
35990.81, 16959
35995.17, 16958
36026.4, 16957
36030.68, 16956
36043.92, 16955
36069.48, 16951
36093.9, 16948
36098.63, 16947
36127.75, 16945
36142.8, 16944
36171.72, 16943
36195.58, 16942
36221.15, 16941
36256.05, 16938
36264.35, 16937
36311.42, 16936
36315.78, 16934
36355.4, 16933
36359.64, 16932
36395.73, 16931
36399.95, 16930
36414.93, 16929
36423.97, 16928
36445.89, 16927
36470.09, 16926
36505.69, 16925
36509.58, 16924
36533.83, 16923
36543.9, 16922
36558.22, 16921
36575.86, 16920
36597.65, 16919
36609.95, 16918
36630.16, 16917
36650.96, 16916
36682.09, 16915
36708.07, 16914
36736.19, 16913
36763.67, 16912
36787.38, 16911
37086.16, 16910
37090.97, 16909
37101.42, 16908
37136.73, 16907
37140.18, 16906
37163.19, 16905
37167.46, 16904
37188.35, 16903
37223.51, 16902
37226.11, 16901
37267.51, 16900
37272.97, 16899
37284.75, 16898
37326.38, 16897
37330.77, 16896
37363.21, 16895
37367.73, 16894
37407.9, 16893
37431.51, 16892
37441.32, 16891
37463.75, 16890
37506.3, 16889
37520.9, 16888
37545.49, 16887
37576.33, 16886
37580.63, 16885
37614.57, 16884
37618.86, 16883
37632.11, 16882
37653.74, 16881
37706.42, 16880
37710.68, 16879
37735.67, 16878
37768.86, 16877
37782.75, 16876
37795.09, 16875
37851.64, 16874
37856.46, 16873
37869.72, 16872
37915.05, 16871
37933.99, 16870
37974.29, 16869
37978.68, 16868
37993.64, 16867
38012.76, 16866
38034.14, 16865
38048.0, 16864
38068.6, 16863
38087.98, 16862
38121.6, 16861
38131.84, 16860
38158.28, 16859
38162.79, 16858
38180.64, 16857
38236.63, 16856
38243.21, 16855
38263.67, 16854
38291.42, 16853
38295.71, 16852
38316.63, 16851
38346.62, 16850
38356.08, 16849
38383.36, 16848
38405.61, 16847
38409.92, 16846
38446.57, 16845
38478.26, 16844
38482.52, 16843
38495.33, 16842
38539.52, 16841
38543.24, 16840
38570.12, 16839
38602.22, 16838
38616.52, 16837
38635.73, 16836
38661.69, 16835
38687.85, 16834
38705.73, 16833
38719.39, 16832
38789.49, 16827
38795.22, 16825
38818.51, 16824
38839.32, 16812
38859.18, 16809
38871.35, 16808
38891.05, 16807
38902.13, 16806
38937.88, 16799
38944.72, 16795
38964.11, 16793
38974.73, 16792
39001.75, 16791
39014.94, 16790
39074.93, 16789
39093.11, 16788
39130.58, 16783
39173.47, 16780
39177.95, 16779
39205.66, 16777
39217.29, 16776
39245.36, 16775
39269.98, 16774
39289.47, 16773
39323.27, 16769
39327.71, 16768
39353.37, 16767
39357.39, 16765
39385.52, 16764
39402.64, 16763
39422.36, 16762
39428.58, 16761
39442.07, 16760
39455.92, 16759
39477.01, 16758
39509.31, 16757
39567.76, 16755
39573.92, 16754
39605.43, 16753
39649.74, 16752
39658.16, 16751
39687.81, 16750
39731.61, 16749
39732.74, 16748
39747.81, 16747
39775.97, 16746
39813.95, 16745
39834.55, 16744
39875.48, 16743
39911.18, 16742
39917.16, 16741
39921.27, 16740
39946.4, 16739
39952.94, 16738
39975.2, 16737
40020.07, 16736
40036.6, 16735
40047.68, 16734
40081.49, 16733
40115.12, 16732
40129.9, 16731
40175.01, 16730
40194.94, 16729
40218.83, 16728
40226.2, 16727
40242.88, 16726
40247.32, 16725
40278.07, 16724
40294.26, 16723
40304.32, 16722
40322.19, 16721
40330.21, 16720
40368.48, 16719
40393.73, 16718
40443.5, 16717
40448.62, 16716
40468.19, 16715
40484.15, 16714
40526.57, 16713
40540.19, 16712
40558.66, 16711
40586.27, 16710
40597.5, 16709
40613.4, 16708
40650.19, 16707
40667.97, 16706
40676.79, 16705
40717.35, 16704
40739.72, 16703
40754.48, 16702
40764.63, 16701
40784.94, 16700
40813.59, 16699
40820.78, 16698
40882.92, 16697
40915.18, 16696
40928.06, 16695
40959.68, 16694
40964.7, 16693
40986.15, 16692
41003.71, 16691
41038.31, 16690
41072.67, 16689
41099.44, 16688
41111.38, 16687
41143.23, 16686
41169.74, 16685
41175.94, 16684
41191.66, 16683
41222.53, 16682
41236.14, 16681
41265.13, 16680
41326.41, 16679
41338.15, 16678
41353.42, 16677
41374.32, 16676
41390.23, 16675
41396.39, 16674
41492.92, 16673
41493.01, 16672
41510.97, 16671
41554.7, 16670
41559.16, 16669
41572.82, 16668
41629.75, 16667
41647.1, 16666
41680.26, 16665
41684.73, 16664
41725.23, 16663
41729.85, 16662
41770.32, 16661
41776.18, 16660
41786.6, 16659
41848.11, 16658
41862.33, 16657
41875.17, 16656
41904.44, 16655
41908.89, 16654
41934.19, 16653
41955.03, 16652
41972.53, 16651
41994.52, 16650
42003.64, 16649
42077.88, 16648
42094.86, 16645
42107.8, 16644
42121.65, 16643
42132.31, 16642
42175.87, 16634
42182.17, 16630
42208.41, 16628
42222.22, 16627
42251.22, 16626
42255.73, 16625
42279.71, 16624
42329.15, 16623
42333.49, 16622
42363.81, 16617
42383.87, 16614
42388.43, 16613
42426.06, 16611
42448.26, 16610
42452.65, 16609
42484.61, 16608
42489.03, 16607
42555.49, 16606
42559.83, 16602
42596.91, 16601
42609.72, 16600
42624.29, 16598
42655.13, 16597
42678.97, 16596
42706.91, 16595
42711.25, 16594
42729.42, 16593
42765.03, 16592
42790.96, 16591
42791.96, 16590
42839.98, 16589
42850.63, 16587
42864.4, 16586
42881.3, 16585
42912.47, 16584
42921.26, 16583
42984.54, 16582
43001.63, 16581
43026.75, 16580
43026.84, 16579
43038.88, 16578
43085.87, 16577
43090.27, 16576
43143.47, 16575
43160.49, 16574
43164.98, 16573
43212.95, 16572
43237.86, 16571
43241.75, 16570
43282.15, 16569
43286.54, 16568
43299.97, 16567
43312.73, 16566
43352.61, 16565
43356.96, 16564
43369.63, 16563
43384.43, 16562
43470.09, 16561
43481.58, 16560
43485.48, 16559
43524.51, 16558
43554.77, 16557
43572.08, 16556
43586.49, 16555
43616.34, 16554
43626.13, 16553
43647.13, 16552
43693.79, 16551
43713.04, 16550
43717.38, 16549
43731.37, 16548
43758.75, 16547
43789.3, 16546
43793.7, 16545
43819.29, 16544
43823.73, 16543
43850.9, 16542
43856.66, 16541
43872.28, 16540
43904.51, 16539
43908.98, 16538
43946.26, 16537
43950.6, 16536
43984.74, 16535
44033.11, 16534
44038.52, 16533
44057.47, 16532
44101.25, 16531
44105.65, 16530
44142.81, 16529
44147.24, 16528
44181.97, 16527
44193.72, 16526
44259.39, 16525
44259.49, 16524
44284.95, 16523
44285.11, 16522
44310.66, 16521
44339.95, 16520
44350.38, 16519
44373.19, 16518
44381.47, 16517
44409.68, 16516
44466.8, 16515
44472.4, 16514
44494.84, 16513
44522.06, 16512
44543.21, 16511
44547.61, 16510
44571.99, 16509
44633.8, 16508
44638.12, 16507
44669.21, 16506
44673.39, 16505
44728.43, 16504
44752.46, 16503
44778.1, 16502
44806.88, 16501
44807.93, 16500
44852.69, 16499
44869.72, 16498
44937.12, 16497
44937.95, 16496
44944.42, 16495
44966.74, 16494
44984.51, 16493
45017.98, 16492
45082.22, 16491
45096.91, 16490
45117.79, 16489
45133.75, 16488
45153.89, 16487
45158.46, 16486
45203.82, 16485
45227.55, 16484
45257.45, 16483
45261.87, 16482
45308.19, 16481
45312.67, 16480
45366.79, 16479
45404.36, 16478
45408.47, 16477
45455.93, 16476
45460.38, 16475
45473.95, 16474
45502.03, 16473
45506.41, 16472
45556.46, 16471
45576.77, 16470
45596.73, 16469
45634.36, 16468
45643.67, 16467
45745.07, 16465
45773.11, 16464
45777.33, 16463
45805.77, 16462
45810.03, 16461
45822.18, 16460
45859.54, 16458
45863.85, 16453
45915.95, 16450
45920.43, 16449
45933.06, 16447
45957.84, 16446
45962.17, 16445
46007.75, 16444
46011.92, 16443
46043.49, 16441
46061.53, 16437
46076.4, 16436
46098.96, 16435
46103.26, 16433
46145.28, 16432
46183.56, 16431
46205.53, 16430
46208.92, 16429
46235.63, 16428
46268.22, 16427
46272.61, 16426
46288.03, 16425
46313.96, 16423
46339.89, 16421
46354.4, 16420
46373.42, 16419
46395.79, 16418
46400.21, 16417
46469.52, 16416
46487.92, 16415
46499.68, 16414
46520.42, 16413
46528.79, 16412
46540.24, 16411
46594.62, 16410
46630.65, 16408
46635.04, 16407
46654.39, 16406
46678.48, 16405
46682.98, 16404
46697.63, 16403
46709.11, 16402
46731.88, 16401
46754.72, 16400
46760.34, 16399
46774.4, 16398
46849.45, 16397
46853.53, 16396
46879.89, 16395
46922.38, 16394
46946.6, 16393
46961.47, 16392
46975.29, 16391
46998.19, 16390
47021.34, 16389
47025.44, 16388
47047.4, 16387
47084.77, 16386
47118.33, 16385
47122.65, 16384
47157.37, 16383
47157.51, 16382
47171.91, 16381
47183.56, 16380
47221.11, 16379
47225.46, 16378
47253.52, 16377
47286.89, 16376
47287.23, 16375
47341.42, 16374
47356.72, 16373
47361.0, 16372
47376.14, 16371
47397.34, 16370
47407.38, 16369
47471.47, 16368
47475.72, 16367
47507.62, 16366
47546.12, 16365
47576.02, 16364
47582.58, 16363
47604.27, 16362
47623.42, 16361
47651.99, 16360
47656.54, 16359
47684.77, 16358
47689.06, 16357
47755.91, 16356
47760.02, 16355
47805.5, 16354
47813.37, 16353
47840.86, 16352
47845.47, 16351
47881.55, 16350
47885.93, 16349
47916.76, 16348
47922.18, 16347
47947.2, 16346
47980.56, 16345
48027.75, 16344
48031.76, 16343
48071.06, 16342
48075.08, 16341
48119.89, 16340
48135.8, 16339
48148.84, 16338
48181.46, 16337
48185.89, 16336
48218.29, 16335
48277.74, 16334
48282.23, 16333
48305.09, 16332
48333.21, 16331
48372.61, 16330
48376.94, 16329
48403.1, 16328
48407.4, 16327
48421.99, 16326
48457.21, 16325
48473.28, 16324
48513.83, 16323
48554.76, 16322
48559.04, 16321
48574.81, 16320
48586.89, 16319
48612.57, 16318
48631.02, 16317
48657.58, 16316
48694.85, 16315
48699.32, 16314
48737.21, 16313
48741.35, 16312
48766.1, 16311
48812.67, 16310
48822.41, 16309
48839.02, 16308
48865.02, 16307
48893.59, 16306
48915.62, 16305
48976.36, 16304
48980.83, 16303
49022.72, 16302
49051.19, 16301
49066.36, 16300
49090.66, 16299
49116.27, 16298
49124.39, 16297
49140.42, 16296
49208.82, 16295
49213.18, 16294
49237.48, 16293
49246.49, 16292
49267.73, 16291
49284.76, 16290
49304.81, 16289
49343.85, 16288
49348.18, 16287
49377.66, 16286
49466.6, 16285
49472.53, 16284
49483.37, 16283
49505.8, 16282
49510.28, 16281
49547.54, 16278
49577.61, 16274
49581.99, 16273
49600.48, 16272
49633.53, 16270
49637.92, 16269
49653.34, 16268
49681.66, 16267
49685.66, 16266
49712.85, 16265
49717.3, 16264
49750.75, 16263
49755.13, 16262
49779.95, 16261
49804.38, 16259
49810.62, 16257
49827.76, 16256
49847.27, 16255
49882.92, 16254
49887.18, 16253
49922.7, 16252
49963.46, 16251
49980.01, 16250
49984.44, 16249
50021.35, 16248
50025.68, 16247
50068.95, 16246
50073.31, 16245
50124.23, 16243
50128.78, 16242
50150.4, 16241
50690.06, 16240
50694.35, 16239
50787.69, 16238
50791.88, 16237
50804.37, 16236
50845.59, 16235
50869.76, 16234
50873.09, 16233
50889.83, 16232
50917.67, 16231
50917.72, 16230
50972.14, 16229
50974.78, 16228
51011.49, 16227
51015.77, 16226
51041.55, 16225
51055.07, 16224
51114.42, 16223
51118.71, 16222
51146.49, 16221
51185.52, 16220
51189.73, 16219
51216.06, 16218
51228.37, 16217
51233.98, 16216
51247.12, 16215
51272.5, 16214
51306.96, 16213
51316.83, 16212
51344.04, 16211
51371.3, 16210
51386.68, 16209
51390.85, 16208
51401.83, 16207
51448.19, 16206
51469.79, 16205
51479.86, 16204
51496.2, 16203
51500.39, 16202
51523.98, 16201
51561.26, 16200
51590.97, 16199
51595.58, 16198
51619.19, 16197
51631.79, 16196
51666.59, 16195
51673.43, 16194
51696.6, 16193
51700.86, 16192
51745.08, 16191
51793.86, 16190
51804.91, 16189
51819.95, 16188
51886.49, 16187
51913.86, 16186
51917.43, 16185
51936.86, 16184
51941.12, 16183
51986.04, 16182
51990.41, 16181
52018.42, 16180
52040.57, 16179
52077.39, 16178
52081.43, 16177
52107.03, 16176
52132.88, 16175
52147.97, 16174
52177.16, 16173
52181.43, 16172
52205.36, 16171
52209.63, 16170
52238.79, 16169
52256.32, 16168
52273.54, 16167
52321.84, 16166
52326.13, 16165
52348.8, 16164
52402.31, 16163
52406.73, 16162
52453.11, 16161
52481.5, 16160
52488.45, 16159
52498.37, 16158
52525.89, 16157
52545.45, 16156
52549.57, 16155
52596.2, 16154
52616.49, 16153
52632.08, 16152
52652.89, 16151
52672.8, 16150
52697.14, 16149
52753.43, 16148
52783.52, 16147
52795.69, 16146
52849.13, 16145
52853.63, 16144
52903.44, 16143
52907.78, 16142
52944.73, 16141
52966.18, 16140
52996.41, 16139
53000.7, 16138
53014.6, 16137
53062.59, 16136
53066.82, 16135
53093.21, 16134
53097.83, 16133
53130.45, 16132
53166.45, 16131
53209.35, 16130
53213.62, 16129
53282.0, 16128
53305.18, 16127
53309.11, 16126
53340.5, 16125
53361.83, 16124
53398.76, 16123
53403.22, 16122
53431.62, 16121
53449.84, 16120
53477.82, 16119
53501.89, 16118
53512.68, 16117
53545.1, 16116
53623.11, 16115
53627.83, 16114
53666.05, 16113
53687.27, 16112
53691.53, 16111
53721.52, 16110
53771.09, 16109
53788.82, 16108
53798.56, 16107
53831.08, 16106
53928.84, 16105
53933.09, 16104
53946.59, 16103
53965.49, 16102
53990.85, 16101
54038.55, 16100
54042.74, 16099
54095.35, 16097
54116.13, 16095
54121.17, 16094
54147.44, 16093
54164.74, 16092
54168.79, 16091
54198.9, 16090
54212.83, 16089
54231.86, 16088
54236.08, 16087
54256.94, 16086
54275.34, 16085
54294.02, 16084
54366.39, 16083
54370.82, 16082
54394.12, 16080
54405.2, 16079
54423.97, 16078
54428.36, 16077
54446.79, 16076
54473.88, 16075
54478.72, 16074
54514.24, 16073
54567.66, 16072
54573.19, 16071
54596.49, 16070
54616.64, 16069
54620.94, 16068
54677.72, 16067
54712.95, 16066
54717.17, 16065
54759.55, 16064
54777.99, 16063
54782.23, 16062
54837.07, 16061
54841.19, 16060
54877.53, 16059
54881.8, 16058
54921.11, 16057
54943.61, 16056
54950.75, 16055
54982.71, 16054
54986.91, 16053
55016.79, 16052
55060.43, 16051
55065.28, 16050
55121.05, 16049
55125.26, 16048
55171.26, 16047
55177.47, 16046
55199.2, 16045
55236.73, 16044
55241.06, 16043
55256.3, 16042
55314.44, 16041
55326.24, 16040
55347.66, 16039
55356.94, 16038
55378.63, 16037
55382.97, 16036
55428.91, 16035
55438.57, 16034
55457.18, 16033
55461.51, 16032
55500.49, 16031
55504.67, 16030
55528.78, 16029
55551.53, 16028
55555.84, 16027
55579.19, 16026
55600.63, 16025
55626.09, 16024
55630.38, 16023
55692.97, 16022
55781.82, 16021
55807.41, 16020
55811.72, 16019
55842.67, 16018
55852.51, 16017
55878.72, 16016
55882.96, 16015
55923.79, 16014
55928.03, 16013
55941.86, 16012
55973.55, 16011
55989.66, 16010
55993.97, 16009
56033.43, 16008
56052.01, 16007
56068.85, 16006
56102.14, 16005
56121.58, 16004
56130.91, 16003
56155.59, 16002
56181.92, 16001
56204.05, 16000
56235.78, 15999
56240.07, 15998
56273.04, 15997
56291.67, 15996
56304.5, 15995
56364.51, 15994
56381.95, 15993
56401.8, 15992
56440.28, 15991
56462.17, 15990
56469.16, 15989
56529.76, 15988
56534.74, 15987
56565.86, 15986
56596.11, 15985
56620.82, 15984
56625.05, 15983
56647.05, 15982
56686.67, 15981
56690.95, 15980
56716.51, 15979
56752.41, 15978
56782.25, 15977
56799.44, 15976
56844.89, 15975
56862.69, 15974
56867.06, 15973
56899.51, 15972
56921.01, 15971
56925.31, 15970
56973.22, 15969
56982.17, 15968
57001.02, 15967
57046.97, 15966
57066.87, 15965
57162.95, 15964
57167.25, 15963
57192.83, 15962
57206.35, 15961
57226.56, 15960
57234.58, 15959
57273.06, 15958
57317.96, 15957
57322.32, 15956
57376.8, 15955
57381.15, 15954
57406.23, 15953
57431.83, 15952
57472.51, 15951
57500.27, 15950
57504.51, 15949
57551.89, 15948
57556.18, 15947
57576.52, 15946
57617.03, 15945
57640.72, 15944
57668.47, 15943
57672.75, 15942
57703.62, 15941
57754.46, 15940
57796.28, 15939
57823.4, 15938
57827.83, 15937
57864.56, 15936
57885.61, 15935
57903.55, 15934
57926.84, 15933
57964.59, 15932
57968.52, 15931
57996.47, 15930
58000.91, 15929
58025.36, 15928
58120.83, 15927
58125.09, 15926
58143.51, 15925
58154.91, 15924
58209.61, 15922
58232.32, 15921
58266.33, 15919
58270.57, 15918
58294.45, 15917
58314.3, 15916
58335.66, 15915
58340.01, 15914
58367.7, 15913
58387.79, 15912
58404.64, 15911
58408.86, 15910
58441.66, 15909
58454.21, 15908
58519.1, 15907
58523.53, 15906
58578.42, 15905
58581.3, 15904
58614.05, 15903
58618.43, 15902
58637.69, 15901
58663.38, 15900
58670.88, 15899
58732.67, 15898
58737.44, 15897
58766.66, 15896
58770.89, 15895
58799.39, 15894
58804.33, 15893
58844.21, 15892
58880.08, 15891
58884.39, 15890
58906.71, 15889
58915.15, 15888
58978.46, 15887
59007.7, 15886
59025.77, 15885
59043.85, 15884
59048.16, 15883
59084.35, 15882
59117.5, 15881
59122.08, 15880
59148.1, 15879
59172.29, 15878
59197.1, 15877
59199.83, 15876
59225.35, 15875
59243.15, 15874
59263.96, 15873
59316.95, 15872
59324.92, 15871
59336.29, 15870
59359.21, 15869
59374.0, 15868
59390.04, 15867
59416.75, 15866
59448.8, 15865
59453.0, 15864
59496.82, 15863
59504.59, 15862
59514.18, 15861
59543.41, 15860
59555.21, 15859
59624.73, 15858
59650.91, 15857
59691.83, 15856
59696.23, 15855
59719.28, 15854
59756.33, 15853
59760.53, 15852
59811.07, 15851
59815.52, 15850
59856.01, 15849
59869.59, 15848
59882.84, 15847
59941.4, 15846
59945.73, 15845
59984.4, 15844
60003.15, 15843
60028.79, 15842
60046.45, 15841
60092.02, 15840
60133.96, 15839
60166.07, 15838
60170.37, 15837
60188.13, 15836
60217.54, 15835
60221.87, 15834
60263.94, 15833
60268.19, 15832
60297.83, 15831
60302.16, 15830
60356.78, 15829
60361.25, 15828
60409.13, 15827
60413.33, 15826
60457.57, 15825
60471.89, 15824
60494.24, 15823
60513.1, 15822
60550.26, 15821
60573.15, 15820
60579.73, 15819
60626.04, 15818
60677.26, 15817
60713.82, 15816
60748.47, 15815
60764.67, 15814
60805.22, 15813
