9085.58, 16290
9466.4, 16286
9469.91, 16110
9517.25, 16107
9522.45, 16106
9543.43, 15932
9549.5, 15931
9577.35, 15930
9581.7, 15929
9584.11, 15928
9594.33, 15927
9608.44, 15756
9625.38, 15754
9629.2, 15753
9650.37, 15752
9653.72, 15751
9657.12, 15750
9696.42, 15749
9700.22, 15582
9747.71, 15579
9751.2, 15578
9778.85, 15577
9782.31, 15576
9796.76, 15575
9803.81, 15574
9876.13, 15573
9879.55, 15572
9892.85, 15410
9895.83, 15406
9907.31, 15404
9950.57, 15403
9976.47, 15402
9979.94, 15401
10015.93, 15400
10019.53, 15399
10058.56, 15398
10075.82, 15397
10079.21, 15396
10101.25, 15240
10104.78, 15235
10116.45, 15232
10128.46, 15231
10170.31, 15229
10203.03, 15228
10256.07, 15227
10262.63, 15226
10282.24, 15225
10285.75, 15224
10300.86, 15223
10304.79, 15222
10314.19, 15221
10335.7, 15072
10349.23, 15066
10352.73, 15062
10361.7, 15061
10380.78, 15060
10445.79, 15058
10449.63, 15057
10468.84, 15056
10477.69, 15055
10488.69, 15054
10512.76, 15053
10519.9, 15052
10576.25, 15051
10608.79, 15050
10621.74, 15049
10645.85, 15048
10656.08, 15047
10672.01, 15046
10698.55, 14906
10723.71, 14899
10729.45, 14894
10772.33, 14893
10775.95, 14891
10795.49, 14889
10798.95, 14888
10819.84, 14887
10823.2, 14886
10837.14, 14885
10840.57, 14884
10900.0, 14883
10921.57, 14882
10929.79, 14881
10988.97, 14880
10995.1, 14879
11040.84, 14878
11062.41, 14877
11065.88, 14876
11076.23, 14875
11090.41, 14874
11144.13, 14742
11148.16, 14734
11162.24, 14728
11165.69, 14727
11180.6, 14724
11196.64, 14722
11266.99, 14721
11301.89, 14719
11306.24, 14718
11318.02, 14717
11328.46, 14716
11354.96, 14715
11369.06, 14714
11379.45, 14713
11389.83, 14712
11405.3, 14711
11421.42, 14710
11425.1, 14709
11445.23, 14708
11448.86, 14707
11458.43, 14706
11473.71, 14705
11486.29, 14704
11495.48, 14703
11520.87, 14702
11601.77, 14580
11613.23, 14571
11629.51, 14564
11633.39, 14563
11643.41, 14559
11662.19, 14557
11665.51, 14556
11679.98, 14553
11695.96, 14552
11699.57, 14551
11714.75, 14550
11729.83, 14549
11773.84, 14548
11791.95, 14547
11795.29, 14546
11806.43, 14545
11825.58, 14544
11841.25, 14543
11844.97, 14542
11913.54, 14541
11945.07, 14540
11948.93, 14539
11955.99, 14538
11998.72, 14537
12039.18, 14536
12063.14, 14535
12066.44, 14534
12079.17, 14533
12115.72, 14532
12120.01, 14531
12138.43, 14420
12162.57, 14410
12176.06, 14402
12179.59, 14401
12203.61, 14396
12206.88, 14394
12256.01, 14393
12258.61, 14392
12272.24, 14389
12322.39, 14388
12349.46, 14387
12353.19, 14386
12382.02, 14384
12393.83, 14383
12404.94, 14382
12415.72, 14381
12460.06, 14380
12474.89, 14379
12478.4, 14378
12507.05, 14377
12511.59, 14376
12553.43, 14375
12588.52, 14374
12591.8, 14373
12632.42, 14372
12635.61, 14371
12693.11, 14370
12701.77, 14369
12729.34, 14368
12733.34, 14367
12748.88, 14366
12763.78, 14365
12767.8, 14364
12800.92, 14363
12821.36, 14362
12824.72, 14361
12873.01, 14262
12876.12, 14251
12881.89, 14242
12899.44, 14241
12912.02, 14235
12922.95, 14233
12929.6, 14232
12943.38, 14230
12965.3, 14227
12968.88, 14226
12993.42, 14225
12996.67, 14224
13036.66, 14223
13106.39, 14221
13109.6, 14220
13139.08, 14219
13167.28, 14218
13170.74, 14217
13189.21, 14215
13196.74, 14214
13216.59, 14213
13219.95, 14212
13233.34, 14211
13269.13, 14210
13286.35, 14209
13291.82, 14208
13309.67, 14207
13313.08, 14206
13374.4, 14205
13404.34, 14204
13407.69, 14203
13432.74, 14202
13471.43, 14201
13520.4, 14200
13549.84, 14199
13572.59, 14198
13579.5, 14197
13592.5, 14196
13606.55, 14195
13631.85, 14194
13661.12, 14193
13664.87, 14192
13685.83, 14106
13733.72, 14094
13746.74, 14084
13754.73, 14083
13785.33, 14076
13819.0, 14074
13822.46, 14073
13886.78, 14070
13906.46, 14067
13926.98, 14066
13942.3, 14065
13955.37, 14064
13964.68, 14062
13983.48, 14060
13990.05, 14059
14008.19, 14058
14011.2, 14057
14027.34, 14056
14043.8, 14055
14047.31, 14053
14068.14, 14052
14072.05, 14051
14081.65, 14050
14091.6, 14049
14116.05, 14048
14120.99, 14047
14133.48, 14046
14153.46, 14045
14156.9, 14044
14168.79, 14043
14189.38, 14042
14199.68, 14041
14210.04, 14040
14216.42, 14039
14225.14, 14038
14239.69, 14037
14373.79, 14036
14393.75, 14035
14414.83, 14034
14434.7, 14033
14441.6, 14032
14451.4, 14031
14494.4, 14030
14510.2, 14029
14539.02, 14028
14554.63, 14027
14566.56, 14026
14583.0, 14025
14589.62, 14024
14636.58, 13952
14647.65, 13939
14667.14, 13928
14671.06, 13927
14685.99, 13919
14761.41, 13917
14765.18, 13916
14776.41, 13912
14789.99, 13909
14836.21, 13908
14853.7, 13907
14867.39, 13906
14892.67, 13903
14896.52, 13901
14899.89, 13900
14914.41, 13899
14921.62, 13898
14931.62, 13897
15003.94, 13896
15013.7, 13895
15026.77, 13893
15037.46, 13892
15051.18, 13891
15058.92, 13890
15068.58, 13889
15096.69, 13888
15152.4, 13887
15160.27, 13886
15193.69, 13885
15230.91, 13884
15248.47, 13883
15252.87, 13882
15368.1, 13881
15371.64, 13880
15384.75, 13879
15413.65, 13878
15424.31, 13877
15448.09, 13876
15461.9, 13875
15489.96, 13874
15511.18, 13873
15515.04, 13872
15522.83, 13871
15544.85, 13870
15558.62, 13869
15564.78, 13868
15581.23, 13867
15600.9, 13866
15604.91, 13865
15642.59, 13864
15646.08, 13863
15655.16, 13862
15665.44, 13861
15689.22, 13860
15692.78, 13859
15739.83, 13858
15743.53, 13800
15747.28, 13786
15758.0, 13774
15775.33, 13773
15781.08, 13772
15794.46, 13764
15822.22, 13762
15828.2, 13761
15844.58, 13756
15862.38, 13753
15865.6, 13752
15889.89, 13751
15893.36, 13750
15918.42, 13746
15925.9, 13744
15929.58, 13743
15959.62, 13742
15963.07, 13741
15998.68, 13740
16002.05, 13738
16068.32, 13737
16091.2, 13735
16094.61, 13734
16115.23, 13733
16118.75, 13732
16135.8, 13731
16153.39, 13730
16167.72, 13729
16198.04, 13728
16198.12, 13727
16220.05, 13726
16225.7, 13725
16299.54, 13724
16302.87, 13723
16340.66, 13722
16344.02, 13721
16362.84, 13720
16366.16, 13719
16393.02, 13718
16396.58, 13717
16427.29, 13716
16431.36, 13715
16456.49, 13714
16459.68, 13713
16472.82, 13712
16483.72, 13711
16493.42, 13710
16512.32, 13709
16527.68, 13708
16554.18, 13707
16557.86, 13706
16618.79, 13705
16624.55, 13704
16628.04, 13703
16646.53, 13702
16686.42, 13701
16702.67, 13700
16731.52, 13699
16742.01, 13698
16769.78, 13697
16804.42, 13696
16807.86, 13695
16835.54, 13694
16844.84, 13693
16880.79, 13692
16903.73, 13691
16943.31, 13650
16950.07, 13635
16966.19, 13622
16975.23, 13621
16984.53, 13620
17015.1, 13611
17018.55, 13609
17059.21, 13608
17062.61, 13602
17078.68, 13599
17087.49, 13598
17098.98, 13597
17105.2, 13596
17143.61, 13595
17146.84, 13591
17177.23, 13589
17180.69, 13588
17183.98, 13587
17225.03, 13586
17228.47, 13585
17248.87, 13582
17252.4, 13581
17278.29, 13579
17280.34, 13578
17311.72, 13577
17315.03, 13576
17354.29, 13575
17357.55, 13573
17364.14, 13572
17387.76, 13571
17391.23, 13570
17425.98, 13569
17442.15, 13568
17458.65, 13567
17462.12, 13566
17502.41, 13565
17505.91, 13564
17521.27, 13563
17541.46, 13562
17545.29, 13561
17577.84, 13560
17588.98, 13559
17592.61, 13558
17622.9, 13557
17643.53, 13556
17647.0, 13555
17693.35, 13554
17696.88, 13553
17716.84, 13552
17720.25, 13551
17743.31, 13550
17755.24, 13549
17761.16, 13548
17788.8, 13547
17795.85, 13546
17808.45, 13545
17829.34, 13544
17833.21, 13543
17870.47, 13542
17873.77, 13541
17916.93, 13540
17923.06, 13539
17942.8, 13538
17946.78, 13537
17977.61, 13536
17997.49, 13535
18008.73, 13534
18048.6, 13533
18052.05, 13532
18108.37, 13531
18108.42, 13530
18132.59, 13529
18136.2, 13528
18156.71, 13527
18200.92, 13502
18206.3, 13486
18230.22, 13472
18232.76, 13471
18256.35, 13470
18259.04, 13460
18284.52, 13458
18287.42, 13457
18295.48, 13450
18336.47, 13447
18339.85, 13446
18371.41, 13445
18384.44, 13444
18409.12, 13442
18413.78, 13438
18429.15, 13436
18432.48, 13435
18480.62, 13434
18507.53, 13433
18510.97, 13432
18523.69, 13431
18545.26, 13428
18571.61, 13427
18575.02, 13425
18592.63, 13424
18601.06, 13423
18604.96, 13422
18639.8, 13421
18643.26, 13420
18670.7, 13418
18703.59, 13417
18707.16, 13416
18710.85, 13415
18740.73, 13414
18760.49, 13413
18763.88, 13412
18767.19, 13411
18804.95, 13410
18812.92, 13409
18834.94, 13408
18838.46, 13407
18850.65, 13406
18861.44, 13405
18889.99, 13404
18892.95, 13403
18909.93, 13402
18942.17, 13401
18958.84, 13400
18981.3, 13399
19005.64, 13398
19009.33, 13397
19027.96, 13396
19039.41, 13395
19041.68, 13394
19064.88, 13393
19083.08, 13392
19111.62, 13391
19116.9, 13390
19139.7, 13389
19143.95, 13388
19159.15, 13387
19188.64, 13386
19192.47, 13385
19212.47, 13384
19216.01, 13383
19224.55, 13382
19236.92, 13381
19271.24, 13380
19274.62, 13379
19324.09, 13378
19363.93, 13377
19370.03, 13376
19373.19, 13375
19403.85, 13374
19413.73, 13373
19417.24, 13372
19456.16, 13371
19459.45, 13370
19475.78, 13369
19480.76, 13368
19518.7, 13367
19522.24, 13366
19545.55, 13365
19549.02, 13364
19567.92, 13363
19594.95, 13362
19617.7, 13356
19638.56, 13339
19642.04, 13324
19671.08, 13323
19674.76, 13322
19726.14, 13311
19729.55, 13309
19743.28, 13308
19750.4, 13300
19764.11, 13297
19775.8, 13296
19787.69, 13295
19795.15, 13294
19822.27, 13291
19841.57, 13287
19861.16, 13285
19864.61, 13284
19903.55, 13283
19934.27, 13282
19937.75, 13281
19962.06, 13279
19965.25, 13276
19974.04, 13275
20011.64, 13273
20015.82, 13272
20053.37, 13271
20056.73, 13270
20097.95, 13269
20109.46, 13268
20116.09, 13267
20145.42, 13265
20149.38, 13264
20152.47, 13263
20190.48, 13262
20193.77, 13261
20212.8, 13260
20216.42, 13259
20253.09, 13258
20256.65, 13257
20307.27, 13256
20310.74, 13255
20342.97, 13254
20346.0, 13253
20366.97, 13252
20370.78, 13251
20379.41, 13250
20400.42, 13249
20412.77, 13248
20440.37, 13247
20458.65, 13246
20463.07, 13245
20536.02, 13244
20539.59, 13243
20543.13, 13242
20584.98, 13241
20589.59, 13240
20603.08, 13239
20657.41, 13238
20661.12, 13237
20664.87, 13236
20705.74, 13235
20733.01, 13234
20736.33, 13233
20756.38, 13232
20759.85, 13231
20773.66, 13230
20817.09, 13229
20817.27, 13228
20849.85, 13227
20852.41, 13226
20860.15, 13225
20886.69, 13224
20917.83, 13223
20917.9, 13222
20930.37, 13221
20943.0, 13220
20961.98, 13219
21029.04, 13218
21509.94, 13217
21513.34, 13216
21602.48, 13215
21613.45, 13214
21622.56, 13213
21643.31, 13212
21663.1, 13211
21673.83, 13210
21706.71, 13209
21710.03, 13208
21722.61, 13207
21792.66, 13206
21801.22, 13205
21826.08, 13204
21829.38, 13203
21835.67, 13202
21847.92, 13201
21862.38, 13200
21890.48, 13199
21938.64, 13194
21950.56, 13178
21970.89, 13177
21989.13, 13176
21992.44, 13164
22030.42, 13162
22045.05, 13161
22056.7, 13152
22059.72, 13149
22065.18, 13148
22078.79, 13147
22099.56, 13146
22103.55, 13142
22148.11, 13138
22151.39, 13136
22196.31, 13135
22198.19, 13134
22201.59, 13133
22213.44, 13132
22235.53, 13129
22250.1, 13126
22254.23, 13125
22284.03, 13123
22287.52, 13122
22307.0, 13121
22310.65, 13120
22313.48, 13119
22349.5, 13118
22352.7, 13117
22364.75, 13116
22415.1, 13114
22418.34, 13113
22463.61, 13112
22468.34, 13111
22473.83, 13110
22492.83, 13109
22503.26, 13108
22522.13, 13107
22532.86, 13106
22552.82, 13105
22556.92, 13104
22564.84, 13103
22586.51, 13102
22596.42, 13101
22605.1, 13100
22659.63, 13099
22702.29, 13098
22705.74, 13097
22717.07, 13096
22758.72, 13095
22762.18, 13094
22778.85, 13093
22785.2, 13092
22843.22, 13091
22846.62, 13090
22898.62, 13089
22902.04, 13088
22916.38, 13087
22919.82, 13086
22949.39, 13085
22959.55, 13084
22979.93, 13083
22999.81, 13082
23003.67, 13081
23007.09, 13080
23028.22, 13079
23056.32, 13078
23060.2, 13077
23099.44, 13076
23102.34, 13075
23127.42, 13074
23131.09, 13073
23139.88, 13072
23158.28, 13071
23161.73, 13070
23191.63, 13069
23195.02, 13068
23229.99, 13067
23233.34, 13066
23238.01, 13065
23259.41, 13064
23300.12, 13063
23303.57, 13062
23316.67, 13061
23351.89, 13060
23355.86, 13059
23377.48, 13058
23381.21, 13057
23384.72, 13056
23417.06, 13055
23443.65, 13054
23446.6, 13053
23494.43, 13052
23498.12, 13051
23506.45, 13050
23525.72, 13049
23545.21, 13048
23549.05, 13047
23588.24, 13046
23591.64, 13045
23635.14, 13044
23639.14, 13043
23658.41, 13042
23661.77, 13041
23691.68, 13040
23697.8, 13039
23699.49, 13038
23732.96, 13037
23773.38, 13034
23806.28, 13033
23809.56, 13032
23838.41, 13019
23841.77, 13017
23871.26, 13016
23874.65, 13006
23904.54, 13003
23908.68, 13002
23912.33, 13001
23928.16, 13000
23939.32, 12995
23957.82, 12991
23961.18, 12989
23971.83, 12988
24027.5, 12987
24034.22, 12986
24039.12, 12985
24082.28, 12981
24085.4, 12978
24113.55, 12977
24116.77, 12975
24136.33, 12974
24140.39, 12973
24149.78, 12972
24171.96, 12971
24183.87, 12969
24196.21, 12968
24219.11, 12967
24225.13, 12965
24312.32, 12964
24315.75, 12963
24354.85, 12962
24357.67, 12961
24372.89, 12960
24384.94, 12959
24388.75, 12958
24440.1, 12957
24443.46, 12956
24465.04, 12955
24473.04, 12954
24489.14, 12953
24492.69, 12952
24547.31, 12951
24557.47, 12950
24583.23, 12949
24586.58, 12948
24628.07, 12947
24631.58, 12946
24643.68, 12945
24654.0, 12944
24674.49, 12943
24677.9, 12942
24709.19, 12941
24782.77, 12940
24786.85, 12939
24790.55, 12938
24818.09, 12937
24825.98, 12936
24861.1, 12935
24864.73, 12934
24906.32, 12933
24915.15, 12932
24946.79, 12931
24950.21, 12930
24966.5, 12929
24972.47, 12928
24997.72, 12927
25039.22, 12926
25042.6, 12925
25063.15, 12924
25066.76, 12923
25114.37, 12922
25117.35, 12921
25176.79, 12920
25180.2, 12919
25205.81, 12918
25209.25, 12917
25212.61, 12916
25239.25, 12915
25252.05, 12914
25279.01, 12913
25282.34, 12912
25299.17, 12911
25342.85, 12910
25342.95, 12909
25361.46, 12908
25367.78, 12907
25427.18, 12906
25472.44, 12905
25475.77, 12904
25479.19, 12903
25511.84, 12902
25515.18, 12901
25541.1, 12900
25544.6, 12899
25588.08, 12898
25591.36, 12897
25610.09, 12896
25613.49, 12895
25639.79, 12894
25643.21, 12893
25684.62, 12892
25687.93, 12891
25721.97, 12890
25725.32, 12889
25746.73, 12888
25759.65, 12887
25783.73, 12886
25805.18, 12885
25822.27, 12884
25824.89, 12883
25878.11, 12882
25903.63, 12881
25910.45, 12880
25923.39, 12879
25932.73, 12878
25945.66, 12877
25956.6, 12876
26018.62, 12874
26042.99, 12873
26046.32, 12862
26075.56, 12859
26078.91, 12858
26098.25, 12857
26101.51, 12856
26151.49, 12850
26157.74, 12846
26161.03, 12844
26200.91, 12843
26204.41, 12842
26220.8, 12841
26264.77, 12840
26268.15, 12835
26295.27, 12832
26298.69, 12831
26317.26, 12829
26320.88, 12828
26344.58, 12827
26348.22, 12826
26351.62, 12825
26411.05, 12822
26415.04, 12821
26431.91, 12820
26449.05, 12818
26452.39, 12817
26463.97, 12816
26495.08, 12815
26497.81, 12814
26524.84, 12813
26528.19, 12812
26534.24, 12811
26579.79, 12809
26603.44, 12808
26624.08, 12807
26628.95, 12806
26661.76, 12805
26665.2, 12804
26688.55, 12803
26691.87, 12802
26712.58, 12801
26716.14, 12800
26738.43, 12799
26741.99, 12798
26767.07, 12797
26791.78, 12796
26795.81, 12795
26875.43, 12794
26879.02, 12793
26892.74, 12792
26911.84, 12791
26921.8, 12790
26925.16, 12789
26967.74, 12788
26975.77, 12787
27011.86, 12786
27015.22, 12785
27039.13, 12784
27042.62, 12783
27056.42, 12782
27084.01, 12781
27090.79, 12780
27113.65, 12779
27124.75, 12778
27148.25, 12777
27151.65, 12776
27176.42, 12775
27203.41, 12774
27206.87, 12773
27229.43, 12772
27232.8, 12771
27286.67, 12770
27291.11, 12769
27294.46, 12768
27322.56, 12767
27325.96, 12766
27346.1, 12765
27368.18, 12764
27383.82, 12763
27390.08, 12762
27413.18, 12761
27427.15, 12760
27430.91, 12759
27448.69, 12758
27458.07, 12757
27470.35, 12756
27477.76, 12755
27527.3, 12754
27531.07, 12753
27558.65, 12752
27565.73, 12751
27600.07, 12750
27602.15, 12749
27642.09, 12748
27646.03, 12747
27649.68, 12746
27679.81, 12745
27703.47, 12744
27706.95, 12743
27710.88, 12742
27726.58, 12741
27762.03, 12740
27786.71, 12739
27790.71, 12738
27801.67, 12737
27822.86, 12736
27824.27, 12735
27867.79, 12734
27911.97, 12733
27950.34, 12732
27953.96, 12731
27977.31, 12730
28004.43, 12729
28015.22, 12728
28035.3, 12727
28052.88, 12726
28078.4, 12725
28082.35, 12724
28122.72, 12723
28126.09, 12722
28150.4, 12721
28154.61, 12720
28182.62, 12719
28185.21, 12718
28207.01, 12717
28276.27, 12716
28276.33, 12715
28299.13, 12714
28316.3, 12707
28336.38, 12703
28352.36, 12701
28366.23, 12700
28400.25, 12699
28403.6, 12698
28412.74, 12697
28437.38, 12696
28453.54, 12691
28456.99, 12688
28489.65, 12687
28494.93, 12685
28498.3, 12684
28511.42, 12683
28558.89, 12682
28562.44, 12681
28613.66, 12677
28620.71, 12676
28633.33, 12675
28648.21, 12673
28656.93, 12672
28677.5, 12671
28688.29, 12670
28704.83, 12669
28735.69, 12668
28739.24, 12667
28761.26, 12666
28789.28, 12665
28792.67, 12663
28812.87, 12662
28823.1, 12661
28851.97, 12660
28855.74, 12659
28883.96, 12658
28889.1, 12657
28914.48, 12656
28917.81, 12655
28921.21, 12654
28950.36, 12653
28954.57, 12652
29034.99, 12651
29038.32, 12650
29103.69, 12649
29107.58, 12648
29137.79, 12647
29141.13, 12646
29144.69, 12645
29178.98, 12644
29182.71, 12643
29240.89, 12642
29261.67, 12641
29268.27, 12640
29272.26, 12639
29321.81, 12638
29325.26, 12637
29386.62, 12636
29390.0, 12635
29393.41, 12634
29409.8, 12633
29429.1, 12632
29441.39, 12631
29484.38, 12630
29489.76, 12629
29542.27, 12628
29545.6, 12627
29560.6, 12626
29577.91, 12625
29620.48, 12624
29624.16, 12623
29635.64, 12622
29650.21, 12621
29661.25, 12620
29684.06, 12619
29685.56, 12618
29710.13, 12617
29736.04, 12616
29774.79, 12615
29778.25, 12614
29843.52, 12613
29846.99, 12612
29878.87, 12611
29882.83, 12610
29892.29, 12609
29913.09, 12608
29916.57, 12607
29934.57, 12606
29941.9, 12605
29999.54, 12604
30002.65, 12603
30048.49, 12602
30051.96, 12601
30072.73, 12600
30076.05, 12599
30151.55, 12598
30183.98, 12597
30188.96, 12596
30219.5, 12595
30223.55, 12594
30226.86, 12593
30239.01, 12592
30254.72, 12591
30274.24, 12590
30278.78, 12589
30319.25, 12588
30336.26, 12587
30337.66, 12586
30352.07, 12585
30376.53, 12584
30429.03, 12583
30432.75, 12582
30465.98, 12581
30485.76, 12580
30520.73, 12579
30525.11, 12578
30528.43, 12577
30541.71, 12576
30576.17, 12575
30579.48, 12574
30603.33, 12573
30607.36, 12572
30616.62, 12571
30655.96, 12570
30666.02, 12569
30687.44, 12568
30690.64, 12567
30735.31, 12566
30762.39, 12565
30765.77, 12564
30795.14, 12563
30797.3, 12562
30813.0, 12561
30831.6, 12560
30842.21, 12559
30861.41, 12558
30870.52, 12557
30985.37, 12556
31005.07, 12554
31009.28, 12549
31026.61, 12546
31030.35, 12545
31105.83, 12543
31109.23, 12542
31146.09, 12541
31149.55, 12540
31161.85, 12539
31208.45, 12538
31208.52, 12534
31208.53, 12533
31235.91, 12532
31243.6, 12530
31288.2, 12529
31290.91, 12528
31331.22, 12527
31334.17, 12526
31383.98, 12525
31388.94, 12524
31398.6, 12523
31435.21, 12521
31439.53, 12519
31475.68, 12518
31479.03, 12517
31516.59, 12516
31521.35, 12515
31524.71, 12514
31579.82, 12513
31583.53, 12512
31633.44, 12511
31636.84, 12510
31640.38, 12509
31679.6, 12508
31683.09, 12507
31713.12, 12506
31716.64, 12505
31720.47, 12504
31789.94, 12503
31793.35, 12502
31841.09, 12501
31844.38, 12500
31858.44, 12499
31860.16, 12498
31900.62, 12497
31906.23, 12496
31918.51, 12495
31929.2, 12494
31978.81, 12493
31982.52, 12492
32012.61, 12491
32016.09, 12490
32043.59, 12489
32043.8, 12488
32080.88, 12487
32090.29, 12486
32140.7, 12485
32160.78, 12484
32165.36, 12483
32184.41, 12482
32195.81, 12481
32224.11, 12480
32230.24, 12479
32272.46, 12478
32278.55, 12477
32307.22, 12476
32307.27, 12475
32400.6, 12474
32400.7, 12473
32432.76, 12472
32444.41, 12471
32450.55, 12470
32451.19, 12469
32474.13, 12468
32508.0, 12467
32511.43, 12466
32574.81, 12465
32578.24, 12464
32619.18, 12463
32623.69, 12462
32627.03, 12461
32650.53, 12460
32654.25, 12459
32693.93, 12458
32697.41, 12457
32731.84, 12456
32747.71, 12455
32755.05, 12454
32784.34, 12453
32796.62, 12452
32831.73, 12451
32849.08, 12450
32855.21, 12449
32858.06, 12448
32934.27, 12447
32937.96, 12446
32950.98, 12445
32986.17, 12444
32989.29, 12443
33000.35, 12442
33029.28, 12441
33033.34, 12440
33044.56, 12439
33091.46, 12438
33105.74, 12437
33144.48, 12436
33145.31, 12435
33185.87, 12434
33189.69, 12433
33208.92, 12432
33210.92, 12431
33287.77, 12430
33291.0, 12429
33356.21, 12428
33381.11, 12427
33384.59, 12426
33404.64, 12425
33408.2, 12424
33452.08, 12423
33898.24, 12422
34052.42, 12421
34055.87, 12420
34074.22, 12419
34077.31, 12418
34087.79, 12417
34117.39, 12416
34142.83, 12415
34146.31, 12414
34180.88, 12413
34184.45, 12412
34202.33, 12411
34216.4, 12410
34219.87, 12409
34260.36, 12408
34263.87, 12407
34296.05, 12406
34299.41, 12405
34316.08, 12404
34319.21, 12403
34343.99, 12402
34347.57, 12401
34374.92, 12400
34389.42, 12399
34468.85, 12397
34478.98, 12393
34482.81, 12392
34515.16, 12391
34518.48, 12389
34566.2, 12388
34566.32, 12387
34568.7, 12386
34628.29, 12385
34631.99, 12384
34635.53, 12383
34655.83, 12382
34685.83, 12381
34719.36, 12379
34722.89, 12377
34726.21, 12376
34760.34, 12375
34764.55, 12374
34795.4, 12373
34799.89, 12372
34868.01, 12371
34873.38, 12370
34875.05, 12369
34911.71, 12368
34913.63, 12367
34956.98, 12366
34961.82, 12364
34995.41, 12363
34998.72, 12362
35025.32, 12361
35042.14, 12360
35045.48, 12359
35066.64, 12358
35072.69, 12357
35092.28, 12356
35105.59, 12355
35133.22, 12354
35136.63, 12353
35139.98, 12352
35177.56, 12351
35206.36, 12350
35210.09, 12349
35231.93, 12348
35235.86, 12347
35256.7, 12346
35260.01, 12345
35296.1, 12344
35301.85, 12343
35353.4, 12342
35356.76, 12341
35374.33, 12340
35397.62, 12339
35401.39, 12338
35416.52, 12337
35460.41, 12336
35462.97, 12335
35474.31, 12334
35487.89, 12333
35496.31, 12332
35543.32, 12331
35572.34, 12330
35575.17, 12329
35600.78, 12328
35604.22, 12327
35631.9, 12326
35634.23, 12325
35641.4, 12324
35690.1, 12323
35713.55, 12322
35721.11, 12321
35740.71, 12320
35754.73, 12319
35770.79, 12318
35791.48, 12317
35806.07, 12316
35836.19, 12315
35849.35, 12314
35851.87, 12313
35895.38, 12312
35899.31, 12311
35919.93, 12310
35923.41, 12309
35977.68, 12308
35981.82, 12307
36020.15, 12306
36063.47, 12305
36065.29, 12304
36090.0, 12303
36093.41, 12302
36129.57, 12301
36144.72, 12300
36148.16, 12299
36172.28, 12298
36192.4, 12297
36205.92, 12296
36222.13, 12295
36237.17, 12294
36307.46, 12293
36310.89, 12292
36346.69, 12291
36391.54, 12290
36395.08, 12289
36401.87, 12288
36432.2, 12287
36435.98, 12286
36448.73, 12285
36473.04, 12284
36478.4, 12283
36515.77, 12282
36519.31, 12281
36560.33, 12280
36569.07, 12279
36615.28, 12278
36618.84, 12277
36650.51, 12276
36655.74, 12275
36709.37, 12274
36744.11, 12273
36747.65, 12272
36772.7, 12271
36776.14, 12270
36779.48, 12269
36841.33, 12268
36844.74, 12267
36857.24, 12266
36892.71, 12265
36902.27, 12264
36947.06, 12263
36961.32, 12262
36965.63, 12261
36988.6, 12260
37018.52, 12259
37110.69, 12258
37120.48, 12257
37120.52, 12256
37173.8, 12255
37177.21, 12254
37204.14, 12253
37207.6, 12252
37226.66, 12251
37231.71, 12250
37254.1, 12249
37273.84, 12248
37275.65, 12247
37334.28, 12246
37337.79, 12245
37361.36, 12244
37364.93, 12243
37384.38, 12242
37475.33, 12241
37478.72, 12239
37483.65, 12237
37499.48, 12236
37525.17, 12235
37528.58, 12234
37532.02, 12233
37572.07, 12232
37576.7, 12231
37598.79, 12230
37602.79, 12229
37619.94, 12228
37632.33, 12227
37654.11, 12226
37745.47, 12225
37748.95, 12223
37766.31, 12222
37769.63, 12221
37799.52, 12220
37803.49, 12219
37850.5, 12218
37854.0, 12217
37871.81, 12216
37906.01, 12215
37909.48, 12214
37912.88, 12213
37930.98, 12212
37944.67, 12211
37949.07, 12210
38004.29, 12209
38034.93, 12208
38040.04, 12207
38052.17, 12206
38077.23, 12205
38109.98, 12204
38113.34, 12203
38137.54, 12202
38141.27, 12201
38167.68, 12200
38171.29, 12199
38194.63, 12198
38198.06, 12197
38212.76, 12196
38234.57, 12195
38318.84, 12194
38319.16, 12193
38325.7, 12192
38342.74, 12191
38352.3, 12190
38368.0, 12189
38398.64, 12188
38411.05, 12187
38431.74, 12186
38449.69, 12185
38453.33, 12184
38475.56, 12183
38479.83, 12182
38483.35, 12181
38600.15, 12180
38601.25, 12179
38626.21, 12178
38629.56, 12177
38643.61, 12176
38659.69, 12175
38664.51, 12174
38687.73, 12173
38691.13, 12172
38733.96, 12171
38739.34, 12170
38789.19, 12169
38798.37, 12168
38798.49, 12167
38893.68, 12166
38897.14, 12165
38900.61, 12164
38919.2, 12163
38922.59, 12162
38956.58, 12161
38959.99, 12160
39009.65, 12159
39029.96, 12158
39045.18, 12157
39048.9, 12156
39074.54, 12155
39093.55, 12154
39115.2, 12153
39118.97, 12152
39125.22, 12151
39160.53, 12150
39165.23, 12149
39174.57, 12148
39189.25, 12147
39206.5, 12146
39214.92, 12145
39297.84, 12144
39301.2, 12143
39353.14, 12142
39356.91, 12141
39372.15, 12140
39385.08, 12139
39405.64, 12138
39409.36, 12137
39428.66, 12136
39437.97, 12135
39483.17, 12134
39486.57, 12133
39519.4, 12132
39523.05, 12131
39578.8, 12130
39582.51, 12129
39593.43, 12128
39612.14, 12127
39615.83, 12126
39686.68, 12125
39690.17, 12124
39731.04, 12123
39734.47, 12122
39755.46, 12121
39760.23, 12120
39785.97, 12119
39789.45, 12118
39807.04, 12117
39849.83, 12116
39868.31, 12115
39921.79, 12114
39921.83, 12113
39937.86, 12112
39948.54, 12111
39996.73, 12110
40018.04, 12109
40035.7, 12108
40060.49, 12107
40073.67, 12106
40078.51, 12105
40122.25, 12104
40122.32, 12103
40154.44, 12102
40181.44, 12101
40183.63, 12100
40224.32, 12099
40227.61, 12098
40258.17, 12097
40261.61, 12096
40287.68, 12095
40291.45, 12094
40305.57, 12093
40341.8, 12092
40345.31, 12091
40355.79, 12090
40373.63, 12089
40398.42, 12088
40421.63, 12087
40425.15, 12086
40507.26, 12084
40510.65, 12083
40526.5, 12082
40530.14, 12081
40622.31, 12080
40625.71, 12079
40644.57, 12078
40647.97, 12077
40668.03, 12076
40674.32, 12075
40683.4, 12074
40715.84, 12073
40719.22, 12072
40762.54, 12071
40766.0, 12070
40795.58, 12069
40798.94, 12068
40831.86, 12067
40867.23, 12066
40873.66, 12065
40881.55, 12064
40929.06, 12063
40932.41, 12062
40960.97, 12061
40972.32, 12060
40975.57, 12059
40988.95, 12058
40999.83, 12057
41076.2, 12056
41079.68, 12055
41106.72, 12054
41110.31, 12053
41123.32, 12052
41144.53, 12051
41147.89, 12050
41168.89, 12049
41192.48, 12048
41195.87, 12047
41199.3, 12046
41255.56, 12045
41266.58, 12044
41284.84, 12043
41288.15, 12042
41305.96, 12041
41310.28, 12040
41338.97, 12039
41362.5, 12038
41366.41, 12037
41405.44, 12036
41407.21, 12035
41432.72, 12034
41440.48, 12033
41440.59, 12032
41503.8, 12031
41511.93, 12030
41523.87, 12029
41533.38, 12028
41543.71, 12027
41554.65, 12026
41567.29, 12025
41600.43, 12024
41603.77, 12023
41626.65, 12022
41665.27, 12021
41668.75, 12020
41762.12, 12019
41766.71, 12018
41770.37, 12017
41790.4, 12016
41794.25, 12015
41813.21, 12014
41816.93, 12013
41848.46, 12012
41864.74, 12011
41897.71, 12010
41901.19, 12009
41950.46, 12008
41953.94, 12007
41983.24, 12006
41990.39, 12005
41993.76, 12004
42013.61, 12003
42041.81, 12002
42047.41, 12001
42116.64, 12000
42116.7, 11999
42119.39, 11998
42149.63, 11997
42153.16, 11996
42192.62, 11995
42208.27, 11994
42213.74, 11993
42274.14, 11992
42277.61, 11991
42281.02, 11990
42313.94, 11989
42333.03, 11988
42341.01, 11987
42357.99, 11986
42375.61, 11985
42398.88, 11984
42441.53, 11983
42445.16, 11982
42459.02, 11981
42462.41, 11980
42501.18, 11979
42520.8, 11978
42524.28, 11977
42558.65, 11976
42562.36, 11975
42578.43, 11974
42589.66, 11973
42603.22, 11972
42607.3, 11971
42624.98, 11970
42705.78, 11969
42748.92, 11968
42750.21, 11967
42781.81, 11966
42792.22, 11965
42815.33, 11964
42831.85, 11963
42887.17, 11962
42890.74, 11961
42906.18, 11960
42938.69, 11959
42941.79, 11958
42945.2, 11957
43023.1, 11956
43026.52, 11955
43059.1, 11954
43062.57, 11953
43093.3, 11952
43097.08, 11951
43142.81, 11950
43146.18, 11949
43178.08, 11948
43181.41, 11947
43206.51, 11946
43209.98, 11945
43241.08, 11944
43263.74, 11943
43266.91, 11942
43287.27, 11941
43306.57, 11940
43322.3, 11939
43337.29, 11938
43373.52, 11937
43389.16, 11936
43392.53, 11935
43435.52, 11934
43455.38, 11933
43473.04, 11932
43484.01, 11931
43563.24, 11930
43570.76, 11929
43591.11, 11928
43594.87, 11927
43621.69, 11926
43635.51, 11925
43639.16, 11924
43656.36, 11923
43688.65, 11922
43691.74, 11921
43710.96, 11920
43725.99, 11919
43812.31, 11918
43816.01, 11917
43855.04, 11916
43869.07, 11915
43872.79, 11914
43915.04, 11913
43931.89, 11912
43934.32, 11911
43951.63, 11910
43971.72, 11909
43975.36, 11908
43998.55, 11907
44101.12, 11906
44105.88, 11905
44136.26, 11904
44139.93, 11903
44157.2, 11902
44160.61, 11901
44203.3, 11900
44208.18, 11899
44249.84, 11898
44250.26, 11897
44290.53, 11896
44293.97, 11895
44305.39, 11894
44319.72, 11893
44324.83, 11892
44355.33, 11891
44360.59, 11890
44410.62, 11889
44415.9, 11888
44439.76, 11887
44442.84, 11886
44490.0, 11885
44493.98, 11884
44516.88, 11883
44522.79, 11882
44556.81, 11881
44566.02, 11880
44583.2, 11879
44586.58, 11878
44631.68, 11877
44646.68, 11876
44652.64, 11875
44679.82, 11874
44683.28, 11873
44742.8, 11872
44746.2, 11871
44766.54, 11870
44769.91, 11869
44798.11, 11868
44868.77, 11867
44872.3, 11866
44879.2, 11865
44907.95, 11864
44911.7, 11863
44950.1, 11862
44953.64, 11861
44974.47, 11860
44978.16, 11859
45011.64, 11858
45020.89, 11857
45039.47, 11856
45054.63, 11855
45064.73, 11854
45083.67, 11853
45108.03, 11852
45111.76, 11851
45140.3, 11850
45143.56, 11849
45205.47, 11848
45208.54, 11847
45228.59, 11846
45263.71, 11845
45266.83, 11844
45279.7, 11843
45293.76, 11842
45316.85, 11841
45335.06, 11840
45338.87, 11839
45410.32, 11838
45439.68, 11837
45443.17, 11836
45467.32, 11835
45493.65, 11834
45499.49, 11833
45521.06, 11832
45551.94, 11831
45555.5, 11830
45583.02, 11829
45586.51, 11828
45631.19, 11827
45634.56, 11826
45660.59, 11825
45687.3, 11824
45742.69, 11823
45746.3, 11822
45758.59, 11821
45773.43, 11820
45791.25, 11819
45794.99, 11818
45863.73, 11817
45906.83, 11816
45909.77, 11815
45958.88, 11814
45962.64, 11813
45977.23, 11812
45989.01, 11811
46009.24, 11810
46013.37, 11809
46042.63, 11808
46080.36, 11807
46083.54, 11806
46086.98, 11805
46104.7, 11804
46125.04, 11803
46130.62, 11802
46151.08, 11801
46201.4, 11800
46204.82, 11799
46226.71, 11798
46253.11, 11797
46256.54, 11796
46285.08, 11795
46291.56, 11794
46319.48, 11793
46323.09, 11792
46368.45, 11791
46372.21, 11790
46375.58, 11789
46397.35, 11788
46411.24, 11787
46430.47, 11786
46452.69, 11785
46457.81, 11784
46484.98, 11783
46488.88, 11782
46517.12, 11781
46699.52, 11780
46702.81, 11779
46904.31, 11778
46907.75, 11777
46978.71, 11776
46985.51, 11775
47026.78, 11774
47030.57, 11773
47034.21, 11772
47058.11, 11771
47061.55, 11770
47088.26, 11769
47091.13, 11768
47128.93, 11767
47132.44, 11766
47200.08, 11765
47203.88, 11764
47229.88, 11763
47236.02, 11762
47264.87, 11761
47268.16, 11760
47289.74, 11759
47293.39, 11758
47332.71, 11757
47334.26, 11756
47368.8, 11755
47372.23, 11754
47416.72, 11753
47421.43, 11752
47424.8, 11751
47469.02, 11750
47508.11, 11749
47511.52, 11748
47526.17, 11747
47561.94, 11746
47581.52, 11745
47585.07, 11744
47618.43, 11743
47647.65, 11742
47649.04, 11741
47662.21, 11740
47667.13, 11739
47702.39, 11738
47707.07, 11737
47728.9, 11736
47732.92, 11735
47828.96, 11734
47832.63, 11733
47855.9, 11732
47859.24, 11731
47901.26, 11730
47904.64, 11729
47935.78, 11728
47939.21, 11727
47956.48, 11726
47959.5, 11725
48003.96, 11724
48030.98, 11723
48069.05, 11722
48072.38, 11721
48075.76, 11720
48106.1, 11719
48142.86, 11718
48146.28, 11717
48168.1, 11716
48171.46, 11715
48209.15, 11714
48209.24, 11713
48250.8, 11712
48251.35, 11711
48273.52, 11710
48277.16, 11709
48308.66, 11708
48312.06, 11707
48368.43, 11706
48371.31, 11705
48379.15, 11704
48412.47, 11703
48441.07, 11702
48444.39, 11701
48457.84, 11700
48483.54, 11699
48487.25, 11698
48508.5, 11697
48536.29, 11696
48540.01, 11695
48555.82, 11694
48582.94, 11693
48590.78, 11692
48625.41, 11691
48630.29, 11690
48653.01, 11689
48695.87, 11688
48732.35, 11687
48735.49, 11686
48779.25, 11685
48782.67, 11684
48792.9, 11683
48799.25, 11682
48863.99, 11681
48878.48, 11680
48881.49, 11679
48941.35, 11678
48945.28, 11677
48975.38, 11676
48978.81, 11675
48982.13, 11674
49002.7, 11673
49052.97, 11672
49056.96, 11671
49074.58, 11670
49101.73, 11669
49143.26, 11668
49155.29, 11667
49158.45, 11666
49209.94, 11665
49214.03, 11664
49264.98, 11663
49268.22, 11662
49295.54, 11661
49299.45, 11660
49311.33, 11659
49338.84, 11658
49341.97, 11657
49360.12, 11656
49366.02, 11655
49423.17, 11654
49426.74, 11653
49453.91, 11652
49457.42, 11651
49487.97, 11650
49491.62, 11649
49535.68, 11648
49544.73, 11647
49565.6, 11646
49584.57, 11645
49621.93, 11644
49625.19, 11643
49659.24, 11642
49663.0, 11641
49694.39, 11640
49697.84, 11639
49715.8, 11638
49724.45, 11637
49749.43, 11636
49758.97, 11635
49779.92, 11634
49795.94, 11633
49810.75, 11632
49832.39, 11631
49857.35, 11630
49861.14, 11629
49867.3, 11628
49894.84, 11627
49912.37, 11626
49924.53, 11625
49934.37, 11624
50016.9, 11623
50020.69, 11622
50051.93, 11621
50068.75, 11620
50087.16, 11619
50091.07, 11618
50115.73, 11617
50135.44, 11616
50139.37, 11615
50163.09, 11614
50166.38, 11613
50199.89, 11612
50203.59, 11611
50244.56, 11610
50247.91, 11609
50284.57, 11608
50288.06, 11607
50291.51, 11606
50335.89, 11605
50340.7, 11604
50342.51, 11603
50386.11, 11602
50392.01, 11601
50395.39, 11600
50419.98, 11599
50423.41, 11598
50456.19, 11597
50458.55, 11596
50507.55, 11595
50518.52, 11594
50545.25, 11593
50549.68, 11592
50618.34, 11591
50618.53, 11590
50629.42, 11589
50660.09, 11588
50663.59, 11587
50686.88, 11586
50693.53, 11585
50696.96, 11584
50721.1, 11583
50725.29, 11582
50734.08, 11581
50778.06, 11580
50819.54, 11579
50827.59, 11578
50830.9, 11577
50862.01, 11576
50870.4, 11575
50926.99, 11574
50940.44, 11573
50943.82, 11572
50960.7, 11571
50970.99, 11570
50993.85, 11569
50997.27, 11568
51082.31, 11567
51085.53, 11566
51105.67, 11565
51109.43, 11564
51131.2, 11563
51134.53, 11562
51165.92, 11561
51169.27, 11560
51186.61, 11559
51197.2, 11558
51218.53, 11557
51223.88, 11556
51275.42, 11555
51278.81, 11554
51360.68, 11553
51372.06, 11552
51373.58, 11551
51414.49, 11550
51417.89, 11549
51461.18, 11548
51465.16, 11547
51497.52, 11546
51500.82, 11545
51505.63, 11544
51538.28, 11543
51541.72, 11542
51545.12, 11541
51601.08, 11540
51611.3, 11539
51614.68, 11538
51644.31, 11537
51656.57, 11536
51669.54, 11535
51705.9, 11534
51744.5, 11533
51748.06, 11532
51788.05, 11531
51814.88, 11530
51818.24, 11529
51841.63, 11528
51844.95, 11527
51877.22, 11526
51902.11, 11525
51943.64, 11524
51948.27, 11523
51973.68, 11522
51977.17, 11521
52038.87, 11520
52041.44, 11519
52055.97, 11518
52082.8, 11517
52086.53, 11516
52106.22, 11515
52130.28, 11514
52169.42, 11513
52172.97, 11512
52180.89, 11511
52218.61, 11510
52243.29, 11509
52263.61, 11508
52266.84, 11507
52289.53, 11506
52316.17, 11505
52319.7, 11504
52368.98, 11503
52391.39, 11502
52395.01, 11501
52401.65, 11500
52417.87, 11499
52444.35, 11498
52447.64, 11497
52502.89, 11496
52519.04, 11495
52522.56, 11494
52555.2, 11493
52558.62, 11492
52580.65, 11491
52613.56, 11490
52618.4, 11489
52630.22, 11488
52664.39, 11487
52712.22, 11486
52741.61, 11485
52744.97, 11484
52770.98, 11483
52774.36, 11482
52817.73, 11481
52822.14, 11480
52860.37, 11479
52864.97, 11478
52893.91, 11477
52897.39, 11476
52926.07, 11475
52929.47, 11474
52966.81, 11473
53072.11, 11472
53077.45, 11471
53094.14, 11470
53108.57, 11469
53112.39, 11468
53157.05, 11467
53211.48, 11466
53250.75, 11465
53278.1, 11464
53286.05, 11463
53322.16, 11462
53324.31, 11461
53328.34, 11460
53365.31, 11459
53368.54, 11458
53379.18, 11457
53396.57, 11456
53400.01, 11455
53428.72, 11454
53432.5, 11453
53508.95, 11452
53515.16, 11451
53516.1, 11450
53550.7, 11449
53554.05, 11448
53588.89, 11447
53601.6, 11446
53605.39, 11445
53660.25, 11444
53663.89, 11443
53708.68, 11442
53714.67, 11441
53752.95, 11440
53757.27, 11439
53758.22, 11438
53800.53, 11437
53806.66, 11436
53832.91, 11435
53836.14, 11434
53861.98, 11433
53865.66, 11432
53897.84, 11431
53901.24, 11430
53950.39, 11429
53954.71, 11428
53959.56, 11427
53983.1, 11426
53986.55, 11425
54009.57, 11424
54051.3, 11423
54055.2, 11422
54116.46, 11421
54134.95, 11420
54138.45, 11419
54152.98, 11418
54157.06, 11417
54184.28, 11416
54210.96, 11415
54214.35, 11414
54234.81, 11413
54238.74, 11412
54318.07, 11411
54397.75, 11410
54404.33, 11409
54421.5, 11408
54424.78, 11407
54519.35, 11406
54543.38, 11405
54547.76, 11404
54598.9, 11403
54602.2, 11402
54641.57, 11401
54644.89, 11400
54666.94, 11399
54673.72, 11398
54685.28, 11397
54709.64, 11396
54713.73, 11395
54812.61, 11394
54840.11, 11393
54845.66, 11392
54876.08, 11391
54879.89, 11390
54940.95, 11389
54944.24, 11388
54968.77, 11387
54974.61, 11386
55019.25, 11385
55022.61, 11384
55041.16, 11383
55057.59, 11382
55060.8, 11381
55158.41, 11380
55163.42, 11379
55198.95, 11378
55204.33, 11377
55207.65, 11376
55265.52, 11375
55268.74, 11374
55288.4, 11373
55295.31, 11372
55313.21, 11371
55318.08, 11370
55340.15, 11369
55376.81, 11368
55380.54, 11367
55453.27, 11366
55456.86, 11365
55498.06, 11364
55498.24, 11363
55534.61, 11362
55538.17, 11361
55582.23, 11360
55604.7, 11359
55640.1, 11358
55642.61, 11357
55664.57, 11356
55705.29, 11355
55719.18, 11354
55722.58, 11353
55743.14, 11352
55834.13, 11351
55846.02, 11350
55849.24, 11349
55901.99, 11348
55921.78, 11347
55926.78, 11346
55936.03, 11345
55993.42, 11344
55996.84, 11343
56009.75, 11342
56049.43, 11341
56053.16, 11340
56091.83, 11339
56095.11, 11338
56103.23, 11337
56146.37, 11336
56150.05, 11335
56167.85, 11334
56200.87, 11333
56204.29, 11332
56222.18, 11331
56254.14, 11330
56259.26, 11329
56333.66, 11328
56350.87, 11327
56374.37, 11326
56383.06, 11325
56405.42, 11324
56436.84, 11323
56440.78, 11322
56456.59, 11321
56557.02, 11320
56561.04, 11319
56605.41, 11318
56620.98, 11317
56624.08, 11316
56651.92, 11315
56660.44, 11314
56713.98, 11313
56722.06, 11312
56723.99, 11311
56790.16, 11310
56793.62, 11309
56870.1, 11308
56875.69, 11307
56924.86, 11306
56928.73, 11305
56937.65, 11304
56963.42, 11303
56965.38, 11302
56982.83, 11301
57010.82, 11300
57033.59, 11299
57037.6, 11298
57053.17, 11297
57056.82, 11296
57100.03, 11295
57103.48, 11294
57115.55, 11293
57143.08, 11292
57148.01, 11291
57151.43, 11290
57192.58, 11289
57196.17, 11288
57206.17, 11287
57222.75, 11286
57312.22, 11285
57315.9, 11284
57319.32, 11283
57357.25, 11282
57386.49, 11281
57408.22, 11280
57455.48, 11279
57458.91, 11278
57482.32, 11277
57486.21, 11276
57503.04, 11275
57529.3, 11274
57532.71, 11273
57557.91, 11272
57585.5, 11271
57589.15, 11270
57616.76, 11269
57621.84, 11268
57650.57, 11267
57655.28, 11266
57689.39, 11265
57745.1, 11264
57748.93, 11263
57764.64, 11262
57782.19, 11261
57785.36, 11260
57824.82, 11259
57828.13, 11258
57861.8, 11257
57865.68, 11256
57895.59, 11255
57900.9, 11254
57904.23, 11253
57932.26, 11252
57974.94, 11251
57978.8, 11250
57994.01, 11249
57998.33, 11248
58036.81, 11247
58040.19, 11246
58060.81, 11245
58079.42, 11244
58097.5, 11243
58120.53, 11242
58138.46, 11241
58189.73, 11240
58205.46, 11239
58213.61, 11238
58232.78, 11237
58240.46, 11236
58264.13, 11235
58282.46, 11234
58290.98, 11233
58338.59, 11232
58341.88, 11231
58372.02, 11230
58399.16, 11229
58443.83, 11228
58447.23, 11227
58451.15, 11226
58495.26, 11225
58533.01, 11224
58536.43, 11223
58562.97, 11222
58590.29, 11221
58593.61, 11220
58632.35, 11219
58661.29, 11218
58661.33, 11217
58682.34, 11216
58723.16, 11215
58723.21, 11214
58757.66, 11213
58757.75, 11212
58774.57, 11211
58802.58, 11210
58806.83, 11209
58858.67, 11208
58877.82, 11207
58887.78, 11206
58909.76, 11205
58921.8, 11204
58947.05, 11203
58979.8, 11202
58983.24, 11201
59009.82, 11200
59041.74, 11199
59056.89, 11198
59078.76, 11197
59084.73, 11196
59157.47, 11195
59160.87, 11194
59195.47, 11193
59199.14, 11192
59223.1, 11191
59249.09, 11190
59282.81, 11189
59286.77, 11188
59311.51, 11187
59314.78, 11186
59355.18, 11185
59357.21, 11184
59382.27, 11183
59402.1, 11182
59415.13, 11181
59463.07, 11180
59469.62, 11179
59492.91, 11178
59496.35, 11177
59509.29, 11176
59528.58, 11175
59558.94, 11174
59559.03, 11173
59603.49, 11172
59606.9, 11171
59708.95, 11170
59712.52, 11169
59729.19, 11168
59753.08, 11167
59778.48, 11166
59782.11, 11165
59814.6, 11164
59817.75, 11163
59860.95, 11162
59864.26, 11161
59884.99, 11160
59888.88, 11159
59965.11, 11158
59972.28, 11157
59988.38, 11156
59993.14, 11155
60012.46, 11154
60032.72, 11153
60036.12, 11152
60073.48, 11151
60314.19, 11150
60317.48, 11149
60471.21, 11148
60491.17, 11147
60494.85, 11146
60543.28, 11145
60547.28, 11144
60561.93, 11143
60571.37, 11142
60599.71, 11141
60603.53, 11140
60631.3, 11139
60634.54, 11138
60671.41, 11137
60675.89, 11136
60679.5, 11135
60726.86, 11134
60730.64, 11133
60749.38, 11132
60752.68, 11131
60771.46, 11130
60834.54, 11129
60861.92, 11128
60865.22, 11127
60868.59, 11126
60886.98, 11125
60905.3, 11124
60913.05, 11123
60960.19, 11122
60969.06, 11121
60972.05, 11120
60995.06, 11119
61018.18, 11118
