5051.69, 8778
5062.8, 8774
5069.82, 8646
5128.63, 8643
5130.58, 8642
5132.42, 8516
5146.75, 8515
5149.04, 8514
5161.19, 8513
5167.69, 8512
5169.95, 8511
5171.59, 8388
5179.74, 8386
5189.33, 8385
5191.48, 8384
5193.59, 8383
5199.98, 8382
5202.16, 8381
5219.01, 8262
5219.83, 8259
5221.4, 8258
5290.4, 8257
5295.02, 8256
5312.83, 8255
5331.45, 8254
5339.2, 8253
5364.53, 8252
5373.22, 8138
5379.78, 8134
5381.65, 8132
5398.7, 8131
5493.61, 8130
5503.25, 8129
5505.91, 8128
5515.51, 8127
5523.2, 8126
5525.27, 8125
5527.22, 8124
5537.4, 8016
5543.11, 8011
5548.23, 8008
5573.89, 8007
5575.79, 8005
5577.58, 8004
5593.09, 8003
5631.41, 8002
5633.37, 8001
5647.61, 8000
5679.68, 7999
5681.48, 7998
5683.26, 7997
5685.18, 7896
5700.88, 7890
5773.74, 7886
5776.61, 7885
5777.49, 7884
5781.1, 7882
5801.7, 7881
5803.5, 7880
5823.19, 7879
5825.19, 7878
5827.06, 7877
5934.04, 7876
5943.73, 7875
5949.98, 7874
5953.55, 7873
5955.83, 7872
5963.66, 7871
5979.31, 7778
5999.61, 7771
6006.97, 7766
6014.41, 7765
6022.9, 7763
6030.1, 7761
6032.49, 7760
6036.89, 7759
6042.61, 7758
6051.59, 7757
6059.37, 7756
6061.62, 7755
6072.41, 7754
6077.07, 7753
6078.84, 7752
6084.27, 7751
6093.67, 7750
6104.85, 7749
6111.22, 7748
6113.21, 7747
6115.16, 7746
6129.84, 7662
6134.48, 7654
6141.87, 7648
6143.66, 7647
6151.7, 7644
6161.29, 7642
6169.79, 7641
6177.22, 7639
6183.54, 7638
6183.61, 7637
6190.07, 7636
6198.86, 7635
6201.28, 7634
6206.69, 7633
6211.86, 7632
6346.23, 7631
6353.49, 7630
6357.48, 7629
6369.55, 7628
6372.1, 7627
6378.5, 7626
6423.19, 7625
6425.2, 7624
6473.75, 7623
6475.61, 7548
6485.03, 7547
6491.55, 7539
6497.96, 7532
6499.84, 7531
6501.66, 7527
6517.93, 7525
6519.82, 7524
6530.01, 7521
6531.97, 7520
6564.94, 7519
6571.09, 7518
6614.4, 7517
6660.81, 7516
6671.76, 7515
6673.66, 7514
6702.02, 7513
6728.48, 7512
6745.78, 7511
6752.22, 7510
6754.09, 7509
6755.91, 7508
6767.41, 7507
6770.14, 7506
6771.96, 7505
6778.66, 7504
6785.2, 7503
6795.77, 7502
6802.87, 7501
6804.71, 7500
6813.27, 7499
6823.03, 7436
6826.98, 7435
6833.95, 7426
6862.24, 7418
6864.1, 7417
6866.02, 7412
6930.13, 7410
6931.45, 7409
6933.29, 7408
6957.36, 7405
6960.26, 7404
6962.05, 7403
6982.01, 7402
6983.8, 7400
6985.83, 7399
7001.35, 7398
7003.59, 7397
7029.39, 7396
7033.46, 7395
7035.35, 7394
7045.17, 7393
7059.45, 7392
7061.59, 7391
7063.41, 7390
7098.97, 7389
7112.83, 7388
7120.46, 7387
7133.66, 7386
7141.88, 7385
7143.77, 7384
7150.55, 7383
7159.25, 7382
7164.6, 7381
7166.43, 7380
7179.76, 7379
7181.59, 7378
7196.38, 7377
7211.68, 7326
7213.59, 7325
7215.47, 7315
7299.65, 7306
7305.74, 7305
7323.06, 7299
7337.19, 7297
7344.36, 7296
7346.19, 7294
7347.98, 7291
7349.77, 7290
7365.46, 7289
7371.39, 7288
7373.24, 7287
7383.06, 7285
7384.97, 7284
7395.72, 7283
7397.51, 7282
7481.74, 7281
7494.02, 7279
7499.55, 7278
7501.24, 7277
7510.12, 7276
7516.18, 7275
7534.5, 7274
7536.26, 7273
7538.06, 7272
7634.63, 7271
7649.02, 7270
7651.53, 7269
7664.86, 7268
7670.52, 7267
7672.26, 7266
7691.16, 7265
7692.85, 7264
7694.61, 7263
7698.29, 7262
7727.57, 7261
7732.16, 7260
7733.92, 7259
7860.64, 7258
7870.74, 7257
7881.82, 7218
7889.26, 7217
7891.12, 7206
7907.87, 7196
7916.38, 7195
7918.29, 7188
7972.48, 7186
7974.37, 7185
7987.86, 7182
7989.86, 7179
7992.86, 7178
8001.84, 7177
8003.76, 7176
8021.36, 7174
8027.58, 7172
8034.71, 7171
8040.44, 7170
8043.05, 7169
8049.03, 7168
8058.08, 7167
8066.82, 7165
8070.74, 7164
8080.44, 7163
8087.11, 7162
8088.93, 7161
8102.49, 7160
8110.09, 7159
8111.61, 7158
8119.56, 7157
8134.97, 7156
8135.77, 7155
8145.49, 7154
8155.42, 7153
8156.59, 7152
8159.1, 7151
8165.44, 7150
8184.46, 7149
8189.37, 7148
8189.47, 7147
8237.36, 7146
8248.38, 7145
8250.28, 7144
8435.3, 7143
8448.99, 7142
8451.07, 7141
8456.91, 7140
8467.44, 7139
8472.11, 7138
8478.2, 7137
8496.7, 7112
8505.18, 7111
8516.59, 7099
8518.71, 7088
8520.19, 7087
8529.19, 7079
8542.2, 7077
8543.61, 7076
8545.6, 7072
8547.19, 7069
8555.13, 7068
8564.06, 7067
8573.12, 7066
8577.12, 7063
8584.46, 7061
8586.29, 7060
8596.93, 7059
8607.16, 7058
8609.06, 7057
8612.53, 7056
8629.53, 7055
8629.95, 7053
8631.75, 7052
8645.22, 7051
8645.26, 7050
8645.27, 7049
8676.88, 7048
8679.35, 7047
8875.96, 7046
8877.89, 7045
8879.76, 7044
8939.78, 7043
8954.47, 7042
8956.29, 7041
8958.78, 7040
9055.75, 7039
9063.71, 7038
9065.57, 7037
9067.98, 7036
9083.37, 7035
9094.8, 7034
9101.06, 7033
9102.96, 7032
9108.91, 7031
9155.91, 7030
9157.81, 7029
9171.64, 7028
9230.53, 7027
9285.82, 7026
9292.01, 7025
9314.13, 7024
9314.19, 7023
9316.57, 7022
9345.32, 7021
9352.71, 7020
9354.74, 7019
9356.54, 7018
9360.82, 7017
9378.4, 7008
9690.03, 7007
9699.04, 6994
9699.15, 6982
9721.7, 6981
9723.5, 6972
9725.39, 6970
9756.02, 6969
9757.8, 6964
9759.8, 6961
9779.75, 6960
9781.55, 6959
9783.52, 6958
9788.73, 6954
9812.83, 6952
9814.6, 6951
9816.65, 6950
9863.05, 6949
9863.39, 6948
9865.39, 6947
9867.01, 6946
9876.03, 6945
9896.17, 6943
9898.01, 6942
9907.49, 6941
9909.22, 6940
9911.17, 6939
9938.1, 6938
9942.2, 6937
9942.32, 6936
9943.5, 6935
9964.16, 6934
9985.43, 6933
9987.27, 6932
9989.0, 6931
10029.41, 6930
10030.57, 6929
10032.33, 6928
10034.86, 6927
10046.14, 6926
10047.95, 6925
10070.81, 6924
10082.83, 6923
10085.85, 6922
10086.15, 6921
10087.96, 6920
10110.03, 6919
10124.49, 6918
10126.47, 6917
10127.88, 6916
10154.76, 6915
10156.68, 6914
10158.82, 6913
10170.78, 6912
10193.66, 6911
10203.38, 6910
10205.15, 6909
10206.72, 6908
10229.24, 6907
10236.36, 6906
10238.1, 6905
10239.88, 6904
10241.72, 6903
10251.14, 6902
10255.46, 6901
10268.25, 6900
10300.88, 6891
10309.9, 6878
10311.58, 6877
10313.34, 6867
10315.11, 6865
10320.87, 6864
10345.47, 6858
10347.2, 6855
10349.01, 6854
10350.85, 6853
10356.04, 6852
10375.42, 6851
10377.21, 6847
10378.99, 6845
10382.82, 6844
10394.84, 6843
10401.62, 6842
10403.44, 6841
10405.21, 6840
10430.94, 6838
10432.32, 6837
10434.53, 6835
10445.13, 6834
10451.35, 6833
10471.3, 6832
10477.17, 6831
10478.87, 6829
10480.68, 6828
10493.51, 6827
10501.0, 6826
10502.8, 6825
10522.85, 6824
10524.61, 6823
10532.42, 6822
10559.61, 6821
10561.47, 6820
10563.27, 6819
10565.07, 6818
10596.57, 6817
10598.34, 6816
10600.12, 6815
10601.98, 6814
10631.89, 6813
10633.77, 6812
10635.56, 6811
10654.68, 6810
10657.8, 6809
10659.77, 6808
10675.71, 6807
10687.9, 6806
10695.8, 6805
10695.84, 6804
10719.29, 6803
10721.04, 6802
10722.87, 6801
10724.66, 6800
10735.2, 6799
10760.7, 6798
10766.81, 6797
10767.91, 6796
10769.78, 6795
10783.89, 6794
10785.83, 6793
10795.04, 6792
10806.1, 6791
10808.79, 6790
10812.23, 6789
10821.59, 6788
10841.25, 6787
10843.27, 6786
10845.02, 6785
10865.56, 6784
10867.38, 6783
10898.35, 6776
10900.19, 6775
10902.0, 6764
10903.76, 6762
10959.56, 6761
10961.3, 6754
10963.08, 6751
10964.85, 6750
10996.71, 6749
10998.46, 6748
11005.84, 6746
11007.7, 6742
11020.27, 6740
11022.04, 6739
11033.52, 6738
11035.37, 6737
11037.19, 6736
11042.32, 6735
11071.6, 6732
11081.31, 6731
11083.18, 6729
11085.0, 6728
11086.81, 6727
11113.4, 6726
11115.25, 6725
11117.17, 6724
11135.06, 6722
11144.91, 6721
11147.25, 6720
11148.52, 6719
11150.36, 6718
11163.21, 6717
11179.5, 6716
11189.15, 6715
11191.1, 6714
11193.12, 6713
11219.3, 6712
11230.53, 6711
11232.39, 6710
11234.27, 6709
11236.14, 6708
11251.91, 6707
11260.98, 6706
11262.93, 6705
11264.75, 6704
11279.59, 6703
11289.51, 6702
11292.05, 6701
11293.13, 6700
11312.15, 6699
11314.03, 6698
11316.26, 6697
11339.35, 6696
11341.58, 6695
11343.13, 6694
11395.7, 6693
11427.91, 6692
11429.73, 6691
11431.71, 6690
11469.15, 6689
11472.26, 6688
11472.38, 6687
11495.13, 6686
11506.79, 6685
11509.2, 6684
11511.94, 6683
11531.82, 6682
11535.95, 6681
11536.1, 6680
11551.28, 6679
11567.98, 6678
11569.94, 6677
11571.62, 6676
11573.45, 6675
11596.25, 6674
11598.01, 6673
11599.8, 6672
11609.94, 6671
11631.9, 6670
11633.83, 6669
11635.79, 6668
11647.14, 6667
11677.09, 6663
11678.84, 6661
11680.63, 6660
11692.26, 6652
11707.44, 6649
11707.61, 6648
11737.06, 6647
11742.23, 6646
11744.13, 6643
11745.95, 6639
11747.78, 6637
11769.04, 6636
11779.89, 6635
11781.75, 6634
11783.65, 6633
11811.39, 6632
11813.44, 6631
11815.24, 6628
11843.52, 6627
11851.52, 6625
11853.33, 6624
11855.21, 6623
11875.32, 6622
11876.86, 6621
11878.67, 6620
11890.51, 6619
11896.85, 6617
11898.7, 6616
11915.12, 6615
11928.12, 6614
11928.22, 6613
11930.49, 6612
11933.29, 6611
11943.75, 6610
11946.55, 6609
11961.91, 6608
11974.16, 6607
11977.46, 6606
12002.19, 6605
12027.2, 6604
12036.59, 6603
12042.41, 6602
12047.17, 6601
12049.07, 6600
12050.96, 6599
12060.07, 6598
12067.3, 6597
12076.83, 6596
12089.24, 6595
12091.07, 6594
12092.9, 6593
12124.45, 6592
12131.0, 6591
12132.68, 6590
12134.54, 6589
12161.58, 6588
12194.44, 6587
12196.3, 6586
12198.17, 6585
12205.94, 6584
12214.0, 6583
12214.04, 6582
12240.56, 6581
12240.86, 6580
12242.73, 6579
12255.52, 6578
12257.38, 6577
12268.38, 6576
12288.32, 6575
12302.65, 6574
12302.76, 6573
12302.77, 6572
12341.81, 6571
12341.85, 6570
12341.86, 6569
12350.75, 6568
12357.36, 6567
12362.13, 6566
12364.01, 6565
12373.87, 6564
12388.88, 6563
12390.8, 6562
12398.77, 6561
12414.62, 6560
12439.51, 6559
12443.86, 6558
12487.52, 6557
12489.39, 6556
12491.22, 6555
12505.65, 6554
12507.53, 6553
12521.32, 6552
12543.79, 6551
12569.77, 6549
12574.17, 6548
12576.02, 6547
12597.84, 6546
12612.57, 6542
12613.56, 6538
12614.55, 6536
12633.03, 6535
12636.54, 6534
12636.74, 6533
12638.55, 6532
12647.19, 6531
12663.08, 6529
12669.37, 6526
12671.16, 6525
12692.89, 6523
12692.96, 6522
12694.76, 6521
12696.75, 6520
12769.82, 6519
12780.76, 6518
12791.93, 6517
12806.85, 6516
12808.62, 6514
12810.4, 6513
12812.31, 6512
12851.9, 6511
12853.72, 6510
12855.52, 6509
12857.32, 6508
12885.31, 6507
12892.54, 6506
12894.41, 6505
12896.26, 6504
12914.19, 6503
12923.18, 6502
12924.84, 6501
12926.71, 6500
12928.53, 6499
12979.37, 6498
12983.84, 6497
12985.78, 6496
12987.55, 6495
12998.32, 6494
13000.24, 6493
13002.1, 6492
13019.52, 6491
13030.57, 6490
13032.4, 6489
13034.23, 6488
13036.0, 6487
13109.89, 6486
13113.08, 6485
13114.83, 6484
13116.69, 6483
13134.66, 6482
13136.45, 6481
13144.8, 6480
13160.69, 6479
13161.2, 6478
13162.83, 6477
13192.42, 6476
13199.0, 6475
13211.31, 6474
13217.77, 6473
13224.84, 6472
13233.65, 6471
13235.5, 6470
13237.28, 6469
13278.12, 6468
13296.41, 6467
13298.23, 6466
13300.31, 6465
13312.12, 6464
13334.25, 6463
13336.09, 6462
13346.24, 6461
13371.91, 6460
13373.81, 6459
13375.62, 6458
13377.58, 6457
13402.39, 6456
13402.84, 6455
13405.62, 6454
13415.8, 6453
13421.35, 6452
13423.25, 6451
13435.04, 6450
13446.53, 6449
13453.32, 6448
13455.21, 6447
13477.16, 6446
13478.96, 6445
13490.41, 6444
13501.14, 6443
13501.81, 6442
13512.58, 6441
13524.11, 6440
13529.19, 6439
13531.14, 6438
13582.84, 6437
13585.36, 6436
13586.48, 6435
13588.22, 6434
13594.61, 6433
13644.26, 6432
13658.98, 6429
13660.85, 6426
13662.67, 6425
13708.03, 6423
13709.86, 6422
13711.64, 6421
13713.43, 6420
13736.41, 6419
13752.61, 6417
13754.53, 6416
13756.32, 6415
13758.51, 6413
13782.29, 6412
13784.67, 6411
13785.84, 6410
13787.86, 6409
13809.0, 6408
13827.33, 6407
13829.17, 6406
13830.96, 6405
13840.36, 6404
13853.29, 6403
13855.09, 6402
13859.25, 6401
13867.11, 6400
13875.34, 6399
13883.69, 6398
13885.15, 6397
13889.34, 6396
13913.75, 6395
13915.54, 6394
13919.98, 6393
13920.26, 6392
13943.98, 6391
13953.53, 6390
13953.62, 6389
13953.64, 6388
13955.03, 6387
13975.78, 6386
13977.78, 6385
13979.54, 6384
13999.28, 6383
14001.11, 6382
14012.9, 6381
14039.09, 6380
14040.74, 6379
14042.55, 6378
14072.9, 6377
14074.76, 6376
14076.58, 6375
14078.5, 6374
14109.49, 6373
14113.32, 6372
14115.17, 6371
14147.78, 6370
14152.14, 6369
14155.96, 6368
14161.29, 6367
14175.51, 6366
14179.15, 6365
14196.67, 6364
14221.28, 6363
14221.42, 6362
14259.44, 6361
14261.3, 6360
14263.13, 6359
14285.43, 6358
14293.57, 6357
14296.42, 6356
14297.48, 6355
14319.28, 6354
14321.13, 6353
14340.74, 6352
14352.88, 6351
14354.75, 6350
14356.68, 6349
14358.26, 6348
14381.27, 6347
14383.08, 6346
14387.43, 6345
14402.63, 6344
14408.93, 6343
14416.23, 6342
14417.96, 6341
14431.31, 6340
14435.32, 6339
14444.64, 6338
14457.73, 6337
14469.0, 6336
14478.1, 6335
14478.46, 6334
14542.04, 6333
14544.05, 6332
14562.94, 6331
14564.01, 6330
14565.69, 6329
14568.05, 6328
14610.84, 6327
14618.55, 6326
14620.28, 6325
14623.28, 6324
14667.18, 6323
14669.0, 6322
14670.8, 6321
14688.48, 6318
14690.27, 6317
14696.58, 6316
14705.89, 6314
14710.97, 6313
14724.03, 6312
14792.28, 6311
14794.16, 6310
14796.33, 6309
14813.2, 6308
14822.31, 6307
14824.68, 6306
14832.06, 6305
14835.23, 6304
14837.96, 6303
14858.09, 6302
14865.39, 6301
14867.49, 6300
14893.21, 6299
14895.22, 6298
14896.86, 6297
14920.49, 6296
14923.14, 6295
14924.92, 6294
14926.81, 6293
14938.0, 6292
14943.43, 6291
14952.28, 6290
14962.73, 6289
14964.55, 6288
14970.19, 6287
14998.3, 6286
15007.24, 6285
15043.6, 6284
15057.4, 6283
15059.42, 6282
15061.01, 6281
15097.86, 6280
15099.72, 6279
15101.68, 6278
15103.32, 6277
15119.96, 6276
15126.54, 6275
15128.06, 6274
15145.15, 6273
15158.02, 6272
15159.86, 6271
15171.39, 6270
15174.9, 6269
15176.74, 6268
15178.61, 6267
15193.3, 6266
15201.47, 6265
15217.62, 6264
15219.29, 6263
15232.05, 6262
15251.74, 6261
15282.9, 6260
15284.77, 6259
15286.61, 6258
15288.33, 6257
15301.94, 6256
15308.21, 6255
15310.06, 6254
15359.35, 6253
15370.27, 6252
15372.05, 6251
15373.83, 6250
15390.04, 6249
15396.36, 6248
15398.21, 6247
15400.04, 6246
15401.86, 6245
15428.81, 6244
15430.6, 6243
15432.37, 6242
15448.06, 6241
15458.24, 6240
15678.07, 6239
15679.88, 6238
15681.72, 6237
15743.18, 6236
15744.85, 6235
15746.72, 6234
15858.74, 6233
15862.85, 6232
15864.73, 6231
15866.39, 6230
15875.8, 6229
15887.87, 6228
15898.27, 6227
15900.46, 6226
15907.98, 6225
15914.98, 6224
15924.64, 6223
15935.75, 6222
15950.19, 6221
15951.95, 6220
15954.45, 6219
15979.69, 6218
15981.47, 6217
15983.28, 6216
15990.73, 6215
15998.1, 6214
16004.86, 6213
16036.91, 6212
16055.76, 6211
16057.01, 6210
16058.89, 6209
16108.88, 6207
16120.66, 6206
16122.55, 6205
16124.32, 6204
16134.78, 6203
16136.52, 6202
16163.86, 6201
16163.97, 6200
16168.38, 6199
16168.42, 6198
16182.54, 6197
16195.18, 6196
16204.59, 6195
16213.96, 6194
16216.83, 6193
16218.11, 6192
16227.25, 6191
16306.71, 6190
16308.5, 6189
16310.27, 6188
16323.52, 6187
16332.08, 6186
16335.87, 6185
16335.96, 6184
16337.44, 6183
16351.4, 6182
16386.61, 6181
16395.53, 6180
16397.51, 6179
16399.19, 6178
16401.16, 6177
16415.95, 6176
16418.57, 6175
16425.7, 6174
16441.61, 6173
16442.21, 6172
16443.88, 6171
16447.68, 6170
16457.99, 6169
16474.09, 6168
16478.53, 6167
16480.17, 6166
16526.35, 6165
16527.42, 6164
16529.2, 6163
16563.69, 6162
16586.85, 6161
16588.75, 6160
16590.4, 6159
16592.21, 6158
16609.06, 6157
16615.56, 6156
16617.39, 6155
16626.01, 6154
16632.65, 6153
16634.63, 6152
16644.28, 6151
16650.88, 6150
16676.06, 6149
16682.07, 6148
16683.92, 6147
16738.01, 6146
16739.88, 6145
16741.62, 6144
16761.72, 6143
16763.48, 6142
16765.25, 6141
16785.04, 6140
16791.95, 6139
16793.79, 6138
16803.61, 6137
16813.08, 6136
16819.15, 6135
16837.16, 6134
16844.23, 6133
16846.03, 6132
16877.27, 6131
16887.23, 6130
16888.8, 6129
16890.56, 6128
16892.42, 6127
16914.7, 6126
16928.23, 6125
16930.85, 6124
16931.77, 6123
16946.22, 6122
16961.04, 6121
16962.86, 6120
16999.3, 6119
17011.05, 6118
17012.84, 6117
17014.6, 6116
17017.6, 6115
17081.3, 6114
17096.37, 6113
17097.22, 6112
17099.02, 6111
17120.76, 6110
17128.58, 6109
17130.4, 6108
17134.38, 6107
17169.18, 6106
17176.64, 6105
17178.48, 6104
17180.5, 6103
17182.02, 6102
17215.24, 6101
17228.57, 6100
17230.27, 6099
17252.49, 6098
17259.94, 6097
17261.85, 6096
17263.67, 6095
17283.18, 6094
17283.47, 6093
17293.3, 6092
17303.53, 6091
17305.36, 6090
17307.03, 6089
17373.04, 6088
17381.12, 6087
17382.95, 6086
17384.79, 6085
17392.06, 6084
17404.52, 6083
17406.99, 6082
17422.93, 6081
17429.66, 6080
17431.47, 6079
17433.67, 6078
17442.14, 6077
17456.68, 6076
17456.78, 6075
17463.31, 6074
17464.39, 6073
17477.9, 6072
17571.92, 6071
17573.76, 6070
17575.5, 6069
17589.49, 6068
17597.53, 6067
17605.44, 6066
17606.97, 6065
17607.41, 6064
17613.99, 6063
17629.64, 6062
17639.26, 6061
17641.12, 6060
17657.5, 6059
17664.36, 6058
17667.16, 6057
17667.91, 6056
17683.45, 6055
17685.23, 6054
17691.96, 6053
17702.56, 6052
17704.4, 6051
17714.63, 6050
17743.61, 6049
17745.4, 6048
17747.19, 6047
17757.91, 6046
17767.18, 6045
17768.45, 6044
17785.75, 6043
17797.46, 6042
17800.41, 6041
17814.89, 6040
17814.98, 6039
17864.67, 6038
17882.1, 6037
17884.44, 6036
17885.72, 6035
17887.5, 6034
17912.59, 6033
17914.47, 6032
17918.0, 6031
17939.64, 6030
17949.23, 6029
17951.04, 6028
17952.77, 6027
17984.53, 6026
17986.16, 6025
17988.08, 6024
17998.94, 6023
18034.75, 6022
18034.8, 6021
18036.73, 6020
18038.53, 6019
18053.74, 6018
18059.44, 6017
18061.29, 6016
18081.88, 6015
18100.54, 6014
18102.37, 6013
18104.16, 6012
18105.99, 6011
18140.85, 6010
18160.92, 6009
18162.68, 6008
18164.48, 6007
18166.21, 6006
18199.85, 6005
18208.87, 6004
18210.75, 6003
18212.58, 6002
18238.28, 6001
18244.86, 6000
18276.98, 5999
18283.89, 5998
18285.74, 5997
18287.49, 5996
18289.28, 5995
18313.0, 5994
18314.62, 5993
18317.72, 5992
18344.33, 5991
18364.61, 5990
18366.56, 5989
18369.86, 5988
18383.24, 5987
18388.25, 5986
18404.52, 5985
18411.04, 5984
18413.91, 5983
18431.37, 5982
18438.07, 5981
18439.85, 5980
18445.35, 5979
18454.69, 5978
18462.11, 5977
18498.72, 5976
18505.85, 5975
18531.09, 5974
18541.43, 5973
18547.78, 5972
18576.57, 5971
18578.57, 5970
18580.41, 5969
18581.93, 5968
18591.17, 5967
18598.29, 5966
18600.27, 5965
18629.3, 5964
18631.22, 5963
18633.72, 5962
18664.96, 5961
18674.38, 5960
18676.45, 5959
18678.0, 5958
18693.77, 5957
18703.64, 5956
18705.52, 5955
18707.26, 5954
18721.97, 5953
18727.79, 5952
18729.66, 5951
18772.15, 5950
18801.53, 5949
18801.67, 5948
18803.25, 5947
18805.08, 5946
18818.87, 5945
18831.31, 5944
18834.15, 5943
18834.81, 5942
18836.63, 5941
18843.77, 5940
18865.03, 5939
18881.2, 5938
18887.39, 5937
18889.2, 5936
18891.03, 5935
18902.87, 5934
18904.62, 5933
18922.01, 5932
18923.81, 5931
18943.89, 5930
18945.64, 5929
18947.51, 5928
18968.0, 5927
18977.36, 5926
18980.26, 5925
18998.9, 5924
19007.03, 5923
19008.85, 5922
19036.35, 5921
19038.21, 5920
19054.85, 5919
19066.17, 5918
19068.49, 5917
19069.61, 5916
19095.72, 5915
19097.49, 5914
19099.23, 5913
19110.54, 5912
19113.34, 5911
19118.8, 5910
19135.96, 5909
19137.9, 5908
19148.09, 5907
19178.25, 5906
19178.29, 5905
19180.84, 5904
19198.86, 5903
19199.04, 5902
19201.26, 5901
19239.19, 5900
19245.28, 5899
19258.09, 5898
19259.44, 5897
19288.34, 5896
19290.19, 5895
19292.01, 5894
19293.99, 5893
19306.82, 5892
19325.19, 5891
19334.18, 5890
19336.83, 5889
19352.04, 5888
19353.43, 5887
19354.67, 5886
19388.33, 5885
19390.06, 5884
19422.46, 5883
19431.99, 5882
19433.83, 5881
19449.86, 5880
19453.48, 5879
19463.39, 5878
19468.46, 5877
19475.43, 5876
19477.57, 5875
19513.95, 5874
19515.7, 5873
19525.54, 5872
19538.75, 5871
19540.02, 5870
19541.89, 5869
19581.79, 5868
19589.89, 5867
19591.68, 5866
19593.48, 5865
19605.67, 5864
19630.07, 5863
19631.85, 5862
19633.85, 5861
19635.4, 5860
19644.91, 5859
19658.82, 5858
19672.85, 5857
19674.63, 5856
19719.43, 5855
19722.29, 5854
19724.17, 5853
19733.79, 5852
19735.62, 5851
19737.46, 5850
19758.74, 5849
19764.37, 5848
19765.82, 5847
19773.53, 5846
19788.83, 5845
19789.21, 5844
19802.82, 5843
19818.34, 5842
19825.23, 5841
19837.79, 5840
19843.97, 5839
19846.37, 5838
19872.14, 5837
19875.06, 5836
19875.85, 5835
19892.04, 5834
19900.81, 5833
19901.47, 5832
19920.38, 5831
19922.19, 5830
19944.01, 5829
19953.83, 5828
19955.67, 5827
19957.32, 5826
19994.42, 5825
19996.28, 5824
19998.03, 5823
20027.09, 5822
20033.0, 5821
20035.0, 5820
20062.42, 5819
20064.43, 5818
20066.33, 5817
20078.48, 5816
20080.26, 5815
20082.18, 5814
20119.65, 5813
20121.48, 5812
20123.23, 5811
20141.63, 5810
20187.85, 5809
20208.38, 5808
20211.25, 5807
20213.12, 5806
20214.92, 5805
20230.67, 5804
20248.62, 5803
20256.37, 5802
20258.21, 5801
20260.04, 5800
20281.24, 5799
20314.48, 5798
20318.06, 5797
20319.69, 5796
20321.51, 5795
20332.26, 5794
20335.04, 5793
20376.87, 5792
20384.37, 5791
20386.11, 5790
20388.05, 5789
20481.73, 5788
20487.44, 5787
20489.23, 5786
20491.0, 5785
20502.17, 5784
20508.49, 5783
20523.94, 5782
20530.4, 5781
20534.22, 5780
20543.04, 5779
20547.83, 5778
20577.58, 5777
20577.73, 5776
20607.39, 5775
20609.24, 5774
20652.43, 5773
20659.37, 5772
20661.23, 5771
20680.02, 5770
20689.89, 5769
20691.71, 5768
20693.52, 5767
20695.34, 5766
20708.31, 5765
20714.48, 5764
20716.98, 5763
20720.15, 5762
20787.41, 5761
20797.3, 5760
20799.02, 5759
20800.89, 5758
20816.39, 5757
20830.37, 5756
20832.18, 5755
20834.06, 5754
20854.29, 5753
20856.35, 5752
20864.4, 5751
20871.9, 5750
20873.79, 5749
20882.44, 5748
20904.76, 5747
20919.33, 5746
20930.43, 5745
20932.24, 5744
20943.01, 5743
20944.81, 5742
20952.45, 5741
20967.58, 5740
20974.5, 5739
20995.82, 5738
20997.72, 5737
21000.29, 5736
21025.12, 5735
21026.93, 5734
21028.78, 5733
21038.77, 5732
21059.96, 5731
21060.0, 5730
21060.01, 5729
21074.11, 5728
21075.93, 5727
21084.55, 5726
21098.45, 5725
21141.3, 5724
21143.23, 5723
21144.9, 5722
21146.63, 5721
21175.98, 5720
21177.89, 5719
21200.27, 5718
21201.51, 5717
21203.25, 5716
21220.13, 5715
21221.82, 5714
21235.38, 5713
21251.13, 5712
21252.83, 5711
21254.78, 5710
21276.91, 5709
21293.36, 5708
21309.35, 5707
21317.63, 5706
21319.41, 5705
21341.92, 5704
21354.92, 5703
21366.88, 5702
21367.8, 5701
21369.57, 5700
21371.41, 5699
21402.79, 5698
21422.43, 5697
21424.26, 5696
21426.19, 5695
21447.16, 5694
21457.22, 5693
21459.12, 5692
21481.16, 5691
21498.19, 5690
21500.61, 5689
21502.1, 5688
21523.54, 5687
21530.85, 5686
21532.55, 5685
21562.46, 5684
21571.08, 5683
21572.6, 5682
21574.37, 5681
21605.4, 5680
21607.24, 5679
21609.07, 5678
21616.87, 5677
21636.42, 5676
21643.9, 5675
21645.7, 5674
21679.66, 5673
21693.73, 5672
21695.61, 5671
21697.5, 5670
21721.96, 5669
21723.65, 5668
21767.2, 5667
21774.79, 5666
21776.48, 5665
21790.05, 5664
21791.92, 5663
21793.78, 5662
21818.94, 5661
21825.33, 5660
21827.13, 5659
21860.93, 5658
21864.08, 5657
21865.71, 5656
21876.89, 5655
21902.76, 5654
21914.23, 5653
21914.31, 5652
21915.48, 5651
21917.28, 5650
21952.95, 5649
21952.99, 5648
21955.3, 5647
21957.05, 5646
21967.43, 5645
21975.49, 5644
21979.45, 5643
22000.82, 5642
22006.24, 5641
22008.39, 5640
22021.19, 5639
22039.52, 5638
22328.46, 5637
22338.62, 5636
22340.42, 5635
22342.2, 5634
22343.96, 5633
22372.53, 5632
22378.91, 5631
22380.47, 5630
22382.18, 5629
22406.5, 5628
22413.22, 5627
22415.03, 5626
22416.84, 5625
22427.42, 5624
22436.11, 5623
22437.95, 5622
22464.27, 5621
22472.56, 5620
22474.39, 5619
22476.28, 5618
22504.98, 5617
22506.79, 5616
22508.66, 5615
22510.54, 5614
22521.86, 5613
22532.2, 5612
22536.79, 5611
22538.41, 5610
22578.52, 5609
22579.05, 5608
22580.98, 5607
22602.74, 5606
22605.77, 5605
22608.28, 5604
22630.16, 5603
22642.33, 5602
22665.05, 5601
22673.98, 5600
22675.79, 5599
22698.0, 5598
22711.14, 5597
22712.99, 5596
22714.79, 5595
22747.22, 5594
22770.11, 5593
22771.92, 5592
22773.66, 5591
22778.96, 5590
22823.02, 5589
22830.8, 5588
22832.55, 5587
22834.57, 5586
22871.94, 5585
22877.5, 5584
22879.28, 5583
22881.03, 5582
22889.75, 5581
22901.44, 5580
22907.66, 5579
22921.96, 5578
22946.62, 5577
22960.73, 5576
22962.46, 5575
22964.24, 5574
22983.41, 5573
23018.88, 5572
23020.68, 5571
23022.45, 5570
23048.31, 5569
23058.18, 5568
23059.59, 5567
23061.35, 5566
23089.65, 5565
23091.44, 5564
23093.22, 5563
23095.08, 5562
23111.86, 5561
23154.31, 5560
23156.17, 5559
23168.55, 5558
23179.42, 5557
23181.25, 5556
23183.4, 5555
23204.84, 5554
23207.39, 5553
23209.16, 5552
23218.69, 5551
23241.48, 5550
23248.63, 5549
23250.46, 5548
23252.22, 5547
23354.9, 5546
23368.49, 5545
23370.6, 5544
23372.08, 5543
23393.38, 5542
23396.32, 5541
23397.51, 5540
23398.82, 5539
23418.31, 5538
23428.49, 5537
23436.08, 5536
23455.34, 5535
23470.16, 5534
23471.95, 5533
23473.7, 5532
23475.44, 5531
23489.88, 5530
23497.26, 5529
23499.09, 5528
23500.98, 5527
23514.11, 5526
23525.63, 5525
23539.93, 5524
23543.95, 5523
23552.74, 5522
23558.57, 5521
23560.4, 5520
23571.6, 5519
23577.96, 5518
23589.25, 5517
23594.85, 5516
23653.84, 5515
23655.74, 5514
23657.42, 5513
23694.05, 5512
23704.25, 5511
23706.05, 5510
23707.83, 5509
23731.36, 5508
23756.64, 5507
23758.48, 5506
23760.51, 5505
23787.53, 5504
23789.32, 5503
23791.12, 5502
23817.62, 5501
23821.54, 5500
23821.58, 5499
23828.05, 5498
23837.97, 5497
23840.25, 5496
23858.56, 5495
23878.52, 5494
23885.15, 5493
23893.06, 5492
23903.28, 5491
23920.44, 5490
23925.22, 5489
23931.96, 5488
23946.5, 5487
23969.52, 5486
23972.68, 5485
23976.46, 5484
24001.95, 5483
24037.98, 5482
24038.91, 5481
24040.74, 5480
24091.76, 5479
24092.84, 5478
24094.6, 5477
24112.76, 5476
24116.89, 5475
24131.73, 5474
24140.7, 5473
24142.56, 5472
24155.1, 5471
24161.77, 5470
24172.86, 5469
24184.82, 5468
24186.73, 5467
24188.37, 5466
24222.05, 5465
24223.81, 5464
24261.0, 5463
24284.65, 5462
24285.38, 5461
24285.44, 5460
24307.98, 5459
24309.69, 5458
24311.46, 5457
24345.14, 5456
24372.88, 5455
24382.94, 5454
24384.62, 5453
24412.32, 5452
24422.02, 5451
24423.86, 5450
24425.94, 5449
24427.66, 5448
24440.06, 5447
24470.8, 5446
24472.17, 5445
24474.07, 5444
24493.59, 5443
24502.18, 5442
24508.41, 5441
24512.73, 5440
24527.24, 5439
24533.77, 5438
24541.99, 5437
24547.63, 5436
24558.19, 5435
24564.6, 5434
24579.23, 5433
24584.87, 5432
24594.6, 5431
24604.69, 5430
24664.17, 5429
24666.13, 5428
24667.94, 5427
24669.6, 5426
24679.55, 5425
24683.93, 5424
24746.79, 5423
24769.79, 5422
24771.58, 5421
24773.33, 5420
24828.44, 5419
24835.24, 5418
24835.34, 5417
24862.64, 5416
24864.44, 5415
24866.98, 5414
24868.02, 5413
24890.03, 5412
24897.44, 5411
24904.85, 5410
24911.96, 5409
24925.43, 5408
24934.42, 5407
24940.79, 5406
24956.24, 5405
24956.34, 5404
24971.05, 5403
24973.41, 5402
24975.21, 5401
25022.72, 5400
25024.46, 5399
25026.29, 5398
25105.21, 5397
25115.77, 5396
25117.68, 5395
25119.37, 5394
25130.48, 5393
25132.3, 5392
25155.7, 5391
25157.52, 5390
25175.91, 5389
25188.73, 5388
25190.73, 5387
25201.38, 5386
25202.83, 5385
25211.11, 5384
25220.17, 5383
25261.11, 5382
25262.91, 5381
25264.66, 5380
25320.89, 5379
25322.32, 5378
25364.87, 5377
25372.83, 5376
25374.93, 5375
25376.43, 5374
25384.08, 5373
25397.56, 5372
25406.63, 5371
25419.82, 5370
25438.25, 5369
25438.66, 5368
25440.44, 5367
25442.23, 5366
25491.31, 5365
25494.08, 5364
25495.87, 5363
25514.8, 5362
25527.38, 5361
25529.22, 5360
25530.98, 5359
25560.6, 5358
25562.47, 5357
25564.32, 5356
25582.04, 5355
25585.08, 5354
25586.82, 5353
25598.44, 5352
25686.2, 5351
25693.04, 5350
25694.56, 5349
25696.4, 5348
25721.13, 5347
25722.96, 5346
25724.74, 5345
25733.45, 5344
25774.66, 5343
25776.43, 5342
25778.19, 5341
25796.2, 5340
25796.22, 5339
25812.69, 5338
25820.36, 5337
25827.63, 5336
25861.14, 5335
25868.37, 5334
25870.1, 5333
25871.92, 5332
25911.4, 5331
25921.06, 5330
25922.81, 5329
25924.59, 5328
25949.25, 5327
25951.78, 5326
25952.85, 5325
25970.18, 5324
25976.04, 5323
25977.67, 5322
25979.41, 5321
26055.23, 5320
26056.74, 5319
26058.55, 5318
26091.39, 5317
26093.21, 5316
26095.07, 5315
26118.57, 5314
26120.32, 5313
26122.24, 5312
26131.63, 5311
26140.86, 5310
26151.31, 5309
26152.96, 5308
26178.11, 5307
26197.22, 5306
26197.28, 5305
26198.87, 5304
26217.97, 5303
26219.84, 5302
26228.68, 5301
26336.03, 5300
26336.07, 5299
26336.08, 5298
26336.09, 5297
26365.27, 5296
26370.78, 5295
26372.62, 5294
26397.05, 5293
26398.85, 5292
26400.7, 5291
26427.28, 5290
26429.5, 5289
26430.87, 5288
26439.84, 5287
26470.19, 5286
26475.68, 5285
26477.5, 5284
26479.3, 5283
26486.37, 5282
26496.22, 5281
26516.96, 5280
26544.58, 5279
26551.08, 5278
26552.89, 5277
26562.76, 5276
26566.27, 5275
26572.0, 5274
26623.79, 5273
26625.6, 5272
26649.49, 5271
26651.21, 5270
26676.32, 5269
26682.8, 5268
26684.62, 5267
26728.68, 5266
26730.51, 5265
26732.29, 5264
26745.06, 5263
26755.56, 5262
26767.99, 5261
26777.0, 5260
26789.43, 5259
26805.64, 5258
26814.79, 5257
26818.39, 5256
26830.32, 5255
26840.38, 5254
26846.61, 5253
26856.61, 5252
26921.14, 5251
26922.88, 5250
26924.66, 5249
26950.42, 5248
26952.24, 5247
26954.06, 5246
26983.07, 5245
26984.65, 5244
26985.98, 5243
27012.92, 5242
27031.65, 5241
27031.7, 5240
27051.15, 5239
27051.18, 5238
27068.87, 5237
27075.13, 5236
27085.66, 5235
27125.96, 5234
27136.07, 5233
27137.9, 5232
27139.69, 5231
27204.75, 5230
27210.93, 5229
27212.75, 5228
27214.57, 5227
27235.89, 5226
27237.6, 5225
27254.34, 5224
27256.09, 5223
27287.86, 5222
27288.95, 5221
27290.63, 5220
27292.57, 5219
27309.24, 5218
27312.09, 5217
27314.17, 5216
27365.37, 5215
27374.49, 5214
27376.34, 5213
27378.17, 5212
27415.39, 5211
27425.31, 5210
27427.13, 5209
27428.94, 5208
27440.22, 5207
27447.42, 5206
27474.98, 5205
27481.83, 5204
27483.62, 5203
27534.42, 5202
27536.25, 5201
27538.05, 5200
27539.84, 5199
27611.21, 5198
27612.98, 5197
27614.78, 5196
27631.38, 5195
27689.15, 5194
27690.95, 5193
27692.79, 5192
27694.58, 5191
27714.23, 5190
27725.36, 5189
27726.79, 5188
27728.45, 5187
27775.89, 5186
27785.83, 5185
27787.67, 5184
27789.49, 5183
27791.99, 5182
27810.67, 5181
27812.9, 5180
27814.28, 5179
27835.44, 5178
27851.77, 5177
27859.26, 5176
27860.8, 5175
27888.01, 5174
27889.77, 5173
27891.62, 5172
27912.6, 5171
27934.58, 5170
27936.35, 5169
27938.15, 5168
27947.72, 5167
27953.05, 5166
27974.85, 5165
27985.76, 5164
27987.62, 5163
28012.09, 5162
28038.02, 5161
28044.03, 5160
28049.18, 5159
28052.96, 5158
28056.78, 5157
28082.33, 5156
28100.92, 5155
28108.98, 5154
28127.4, 5153
28129.15, 5152
28178.07, 5151
28179.86, 5150
28181.65, 5149
28183.44, 5148
28232.49, 5147
28258.86, 5146
28262.66, 5145
28264.32, 5144
28275.62, 5143
28294.38, 5142
28295.97, 5141
28320.78, 5140
28327.31, 5139
28329.11, 5138
28357.62, 5137
28359.39, 5136
28369.58, 5135
28378.39, 5134
28435.17, 5133
28436.79, 5132
28439.06, 5131
28458.77, 5130
28467.52, 5129
28469.64, 5128
28470.48, 5127
28485.42, 5126
28502.13, 5125
28506.45, 5124
28519.43, 5123
28526.01, 5122
28566.01, 5121
28606.15, 5120
28608.67, 5119
28620.14, 5118
28621.87, 5117
28623.63, 5116
28638.96, 5115
28658.0, 5114
28668.75, 5113
28677.96, 5112
28679.95, 5111
28701.47, 5110
28703.43, 5109
28705.35, 5108
28718.63, 5107
28728.48, 5106
28729.9, 5105
28819.15, 5104
28819.46, 5103
28821.39, 5102
28823.16, 5101
28856.13, 5100
28857.97, 5099
28859.86, 5098
28867.2, 5097
28874.87, 5096
28882.5, 5095
28912.95, 5094
28920.14, 5093
28921.9, 5092
28960.47, 5091
28964.9, 5090
28967.03, 5089
28973.75, 5088
28986.08, 5087
28987.91, 5086
29025.4, 5085
29034.16, 5084
29055.74, 5083
29055.78, 5082
29056.55, 5081
29068.61, 5080
29073.09, 5079
29083.55, 5078
29110.65, 5077
29112.42, 5076
29124.04, 5075
29131.83, 5074
29148.82, 5073
29156.98, 5072
29158.78, 5071
29205.88, 5070
29213.49, 5069
29223.64, 5068
29227.18, 5067
29229.58, 5066
29231.01, 5065
29328.11, 5064
29329.91, 5063
29331.73, 5062
29354.75, 5061
29360.18, 5060
29362.0, 5059
29370.52, 5058
29379.52, 5057
29387.18, 5056
29413.27, 5055
29421.95, 5054
29429.85, 5053
29440.26, 5052
29454.39, 5051
29460.05, 5050
29475.87, 5049
29486.25, 5048
29533.88, 5047
29536.4, 5046
29559.93, 5045
29568.1, 5044
29570.09, 5043
29578.37, 5042
29590.4, 5041
29598.56, 5040
29615.84, 5039
29624.27, 5038
29629.42, 5037
29821.49, 5036
29824.37, 5035
29824.98, 5034
29826.77, 5033
29869.52, 5032
29871.36, 5031
29873.14, 5030
29874.91, 5029
29908.14, 5028
29909.53, 5027
29911.37, 5026
29928.86, 5025
29940.79, 5024
29949.07, 5023
29950.95, 5022
29975.88, 5021
29987.27, 5020
29989.07, 5019
29990.79, 5018
30021.12, 5017
30026.69, 5016
30028.52, 5015
30034.81, 5014
30055.84, 5013
30061.66, 5012
30063.56, 5011
30108.29, 5010
30132.25, 5009
30134.17, 5008
30135.99, 5007
30137.72, 5006
30148.36, 5005
30171.59, 5004
30181.72, 5003
30189.01, 5002
30190.8, 5001
30213.98, 5000
30221.03, 4999
30222.41, 4998
30236.73, 4997
30238.45, 4996
30265.46, 4995
30295.35, 4994
30304.31, 4993
30306.13, 4992
30321.24, 4991
30331.88, 4990
30340.83, 4989
30343.06, 4988
30374.72, 4987
30383.1, 4986
30385.41, 4985
30386.69, 4984
30415.42, 4983
30444.69, 4982
30446.64, 4981
30448.15, 4980
30450.25, 4979
30490.88, 4978
30498.52, 4977
30500.32, 4976
30502.11, 4975
30522.46, 4974
30529.65, 4973
30547.55, 4972
30554.75, 4971
30586.64, 4970
30593.29, 4969
30619.52, 4968
30627.64, 4967
30646.05, 4966
30647.84, 4965
30661.19, 4964
30662.98, 4963
30707.16, 4962
30714.93, 4961
30733.89, 4960
30737.33, 4959
30739.25, 4958
30751.6, 4957
30758.37, 4956
30789.55, 4955
30800.31, 4954
30802.18, 4953
30827.83, 4952
30836.91, 4951
30839.69, 4950
30850.83, 4949
30859.24, 4948
30861.04, 4947
30934.39, 4946
30936.03, 4945
30965.2, 4944
31000.42, 4943
31002.27, 4942
31006.81, 4941
31041.35, 4940
31043.17, 4939
31071.35, 4938
31076.35, 4937
31077.67, 4936
31107.12, 4935
31108.96, 4934
31110.87, 4933
31122.59, 4932
31132.02, 4931
31170.93, 4930
31171.76, 4929
31173.4, 4928
31200.36, 4927
31201.27, 4926
31203.08, 4925
31211.33, 4924
31223.72, 4923
31245.6, 4922
31247.39, 4921
31249.18, 4920
31264.95, 4919
31269.61, 4918
31273.26, 4917
31305.69, 4916
31314.8, 4915
31325.86, 4914
31327.91, 4913
31340.51, 4912
31356.45, 4911
31404.41, 4910
31406.2, 4909
31408.05, 4908
31448.79, 4907
31468.39, 4906
31470.0, 4905
31471.81, 4904
31473.49, 4903
31497.5, 4902
31499.09, 4901
31509.65, 4900
31518.56, 4899
31520.01, 4898
31531.1, 4897
31539.5, 4896
31586.13, 4895
31606.16, 4894
31607.98, 4893
31609.77, 4892
31624.87, 4891
31626.68, 4890
31634.62, 4889
31675.85, 4888
31683.89, 4887
31685.86, 4886
31687.51, 4885
31714.22, 4884
31720.03, 4883
31721.73, 4882
31760.33, 4881
31762.22, 4880
31764.12, 4879
31776.54, 4878
31796.45, 4877
31804.58, 4876
31806.45, 4875
31821.12, 4874
31827.9, 4873
31840.76, 4872
31872.0, 4871
31887.4, 4870
31894.13, 4869
31956.4, 4868
31961.08, 4867
31962.83, 4866
32014.31, 4865
32018.11, 4864
32032.29, 4863
32040.55, 4862
32042.42, 4861
32064.42, 4860
32074.32, 4859
32090.1, 4858
32093.74, 4857
32111.68, 4856
32126.46, 4855
32128.33, 4854
32144.78, 4853
32146.62, 4852
32148.84, 4851
32173.26, 4850
32176.44, 4849
32178.32, 4848
32228.41, 4847
32254.62, 4846
32256.33, 4845
32258.29, 4844
32259.95, 4843
32293.41, 4842
32296.54, 4841
32340.84, 4840
32352.86, 4839
32355.23, 4838
32362.37, 4837
32393.98, 4836
32401.95, 4835
32404.31, 4834
32405.5, 4833
32419.31, 4832
32425.8, 4831
32479.41, 4830
32479.51, 4829
32479.52, 4828
32492.97, 4827
32515.2, 4826
32517.95, 4825
32520.15, 4824
32521.98, 4823
32525.53, 4822
32536.38, 4821
32548.29, 4820
32551.39, 4819
32595.01, 4818
32608.45, 4817
32623.34, 4816
32627.39, 4815
32643.33, 4814
32661.76, 4813
32673.78, 4812
32685.27, 4811
32685.35, 4810
32688.48, 4809
32696.21, 4808
32727.35, 4807
32754.6, 4806
32756.35, 4805
32758.68, 4804
32781.63, 4803
32783.48, 4802
32785.33, 4801
32808.48, 4800
32812.69, 4799
32814.48, 4798
32843.9, 4797
32846.4, 4796
32861.19, 4795
32902.64, 4794
32904.42, 4793
32906.22, 4792
32922.41, 4791
32925.81, 4790
32927.21, 4789
32947.77, 4788
32971.08, 4787
32985.77, 4786
33006.92, 4785
33008.69, 4784
33010.48, 4783
33012.21, 4782
33027.36, 4781
33060.88, 4780
33082.27, 4779
33084.13, 4778
33085.95, 4777
33123.03, 4776
33127.08, 4775
33128.86, 4774
33175.83, 4773
33179.56, 4772
33192.89, 4771
33212.81, 4770
33231.2, 4769
33245.98, 4768
33259.9, 4767
33286.0, 4766
33295.51, 4765
33311.69, 4764
33317.98, 4763
33335.58, 4762
33345.27, 4761
33346.98, 4760
33382.24, 4759
33393.1, 4758
33394.74, 4757
33396.54, 4756
33408.55, 4755
33418.02, 4754
33419.99, 4753
33431.58, 4752
33438.52, 4751
33454.03, 4750
33459.81, 4749
33498.27, 4748
33506.95, 4747
33543.31, 4746
33544.97, 4745
33557.79, 4744
33580.77, 4743
33582.72, 4742
33584.42, 4741
33598.12, 4740
33611.04, 4739
33620.01, 4738
33621.94, 4737
33652.12, 4736
33652.25, 4735
33652.27, 4734
33702.15, 4733
33705.97, 4732
33711.84, 4731
33716.87, 4730
33723.73, 4729
33732.23, 4728
33780.36, 4727
33792.88, 4726
33794.5, 4725
33800.36, 4724
33807.71, 4723
33815.37, 4722
33831.47, 4721
33847.47, 4720
33859.49, 4719
33898.65, 4718
33900.79, 4717
33902.24, 4716
33917.55, 4715
33919.32, 4714
33945.73, 4713
33956.86, 4712
33958.66, 4711
34020.7, 4710
34036.72, 4709
34038.49, 4708
34040.24, 4707
34064.5, 4706
34067.57, 4705
34068.2, 4704
34093.58, 4703
34098.14, 4702
34100.19, 4701
34125.34, 4700
34140.78, 4699
34153.05, 4698
34172.25, 4697
34175.98, 4696
34186.33, 4695
34195.8, 4694
34197.66, 4693
34213.16, 4692
34237.31, 4691
34243.84, 4690
34293.33, 4689
34306.72, 4688
34308.55, 4687
34310.3, 4686
34312.1, 4685
34324.47, 4684
34341.09, 4683
34377.71, 4682
34389.67, 4681
34391.5, 4680
34393.26, 4679
34409.6, 4678
34421.14, 4677
34441.89, 4676
34451.08, 4675
34455.49, 4674
34469.45, 4673
34505.76, 4672
34507.56, 4671
34526.46, 4670
34542.96, 4669
34543.9, 4668
34586.93, 4667
34588.79, 4666
34590.54, 4665
34610.81, 4664
34624.25, 4663
34625.99, 4662
34627.73, 4661
34637.72, 4660
34684.63, 4659
34688.59, 4658
34690.27, 4657
34692.06, 4656
34740.35, 4655
34749.11, 4654
34751.22, 4653
34752.83, 4652
34794.11, 4651
34834.08, 4650
34840.02, 4649
34851.9, 4648
34866.91, 4647
34878.06, 4646
34886.94, 4645
34888.67, 4644
34911.43, 4643
34922.18, 4642
34929.31, 4641
34930.94, 4640
34943.16, 4639
34951.55, 4638
34983.73, 4637
34985.96, 4636
35018.74, 4635
35041.55, 4634
35049.07, 4633
35050.91, 4632
35074.78, 4631
35084.15, 4630
35085.16, 4629
35102.58, 4628
35110.3, 4627
35112.16, 4626
35135.75, 4625
35139.39, 4624
35160.3, 4623
35164.72, 4622
35173.94, 4621
35199.39, 4620
35207.59, 4619
35221.38, 4618
35252.4, 4617
35255.23, 4616
35257.02, 4615
35274.75, 4614
35285.59, 4613
35293.31, 4612
35302.1, 4611
35318.49, 4610
35324.65, 4609
35326.46, 4608
35374.64, 4607
35397.73, 4606
35399.57, 4605
35401.36, 4604
35415.81, 4603
35436.0, 4602
35452.32, 4601
35473.37, 4600
35475.36, 4599
35477.0, 4598
35478.76, 4597
35513.72, 4596
35530.26, 4595
35542.43, 4594
35576.16, 4593
35577.99, 4592
35589.1, 4591
35596.83, 4590
35611.67, 4589
35617.84, 4588
35632.12, 4587
35653.39, 4586
35661.33, 4585
35663.17, 4584
35702.86, 4583
35714.81, 4582
35716.96, 4581
35718.44, 4580
35743.84, 4579
35745.69, 4578
35747.36, 4577
35783.31, 4576
35793.19, 4575
35795.04, 4574
35803.0, 4573
35824.66, 4572
35825.77, 4571
35834.67, 4570
35854.6, 4569
35865.54, 4568
35874.09, 4567
35875.92, 4566
35920.17, 4565
35927.23, 4564
35928.85, 4563
35930.69, 4562
35996.86, 4561
35998.69, 4560
36000.49, 4559
36010.95, 4558
36012.82, 4557
36050.29, 4556
36086.28, 4555
36101.68, 4554
36103.48, 4553
36105.25, 4552
36126.11, 4551
36138.6, 4550
36139.47, 4549
36141.32, 4548
36156.8, 4547
36162.8, 4546
36174.85, 4545
36182.15, 4544
36190.85, 4543
36214.88, 4542
36225.62, 4541
36233.65, 4540
36256.58, 4539
36265.3, 4538
36267.48, 4537
36298.84, 4536
36300.71, 4535
36302.5, 4534
36324.24, 4533
36330.13, 4532
36339.64, 4531
36367.85, 4530
36381.79, 4529
36397.08, 4528
36408.56, 4527
36421.16, 4526
36422.99, 4525
36439.47, 4524
36441.24, 4523
36467.52, 4522
36469.31, 4521
36471.08, 4520
36511.2, 4519
36525.26, 4518
36532.12, 4517
36535.14, 4516
36565.73, 4515
36574.96, 4514
36576.54, 4513
36578.34, 4512
36600.21, 4511
36608.66, 4510
36697.67, 4509
36723.47, 4508
36725.6, 4507
36727.04, 4506
36745.14, 4505
36754.24, 4504
36767.56, 4503
36769.24, 4502
36794.61, 4501
36809.04, 4500
36809.76, 4499
36843.22, 4498
36846.2, 4497
36847.99, 4496
36882.52, 4495
36887.78, 4494
36889.56, 4493
36891.43, 4492
36922.16, 4491
36923.74, 4490
36926.19, 4489
36957.03, 4488
36984.89, 4487
36985.03, 4486
37009.32, 4485
37019.43, 4484
37021.27, 4483
37037.75, 4482
37039.59, 4481
37050.45, 4480
37074.1, 4479
37079.5, 4478
37101.25, 4477
37101.84, 4476
37107.13, 4475
37158.95, 4474
37176.65, 4473
37178.29, 4472
37180.56, 4471
37239.52, 4470
37252.95, 4469
37254.76, 4468
37256.47, 4467
37265.0, 4466
37278.39, 4465
37288.07, 4464
37295.39, 4463
37306.36, 4462
37340.8, 4461
37379.33, 4460
37380.16, 4459
37401.03, 4458
37461.62, 4457
37463.96, 4456
37464.0, 4455
37466.06, 4454
37490.86, 4453
37531.3, 4452
37533.56, 4451
37535.09, 4450
37559.84, 4449
37576.43, 4448
37587.64, 4447
37587.93, 4446
37618.12, 4445
37618.66, 4444
37621.09, 4443
37694.49, 4442
37696.36, 4441
37698.76, 4440
37708.68, 4439
37708.72, 4438
37733.58, 4437
37736.75, 4436
37875.96, 4435
37890.46, 4434
37890.99, 4433
37924.93, 4432
37943.92, 4431
37943.97, 4430
38002.32, 4429
38043.1, 4428
38043.19, 4427
38043.22, 4426
38071.37, 4425
38087.12, 4424
38089.1, 4423
38090.73, 4422
38146.41, 4421
38146.83, 4420
38154.02, 4419
38164.46, 4418
38167.29, 4417
38178.88, 4416
38268.66, 4415
38271.09, 4414
38290.87, 4413
38327.65, 4412
38359.66, 4411
38378.34, 4410
38380.12, 4409
38383.69, 4408
38383.72, 4407
38440.74, 4406
38442.47, 4405
38444.61, 4404
38487.66, 4403
38489.34, 4402
38490.83, 4401
38514.92, 4400
38516.87, 4399
38532.42, 4398
38555.58, 4397
38557.28, 4396
38577.04, 4395
38580.29, 4394
38603.29, 4393
38603.51, 4392
38627.47, 4391
38634.43, 4390
38652.15, 4389
38659.6, 4388
38660.93, 4387
38673.37, 4386
38696.09, 4385
38698.52, 4384
38721.37, 4383
38738.53, 4382
38740.08, 4381
38859.68, 4380
38880.3, 4379
38881.81, 4378
38884.15, 4377
38918.41, 4376
38927.16, 4375
38930.62, 4374
38956.75, 4373
38979.2, 4372
38981.01, 4371
38990.54, 4370
39084.43, 4369
39084.59, 4368
39088.03, 4367
39112.25, 4366
39129.57, 4365
39140.57, 4364
39148.78, 4363
39175.48, 4362
39179.43, 4361
39207.19, 4360
39223.89, 4359
39223.94, 4358
39223.94, 4357
39271.64, 4356
39272.4, 4355
39274.26, 4354
39307.12, 4353
39312.22, 4352
39326.37, 4351
39337.5, 4350
39345.46, 4349
39350.67, 4348
39363.21, 4347
39385.53, 4346
39387.43, 4345
39389.1, 4344
39415.52, 4343
39436.89, 4342
39439.71, 4341
39450.79, 4340
39451.73, 4339
39476.44, 4338
39487.34, 4337
39488.69, 4336
39494.96, 4335
39655.83, 4334
39683.41, 4333
39718.36, 4332
39718.45, 4331
39719.66, 4330
39721.71, 4329
39773.15, 4328
39781.0, 4327
39783.12, 4326
39784.52, 4325
39829.79, 4324
39835.59, 4323
39835.69, 4322
39844.68, 4321
39889.38, 4320
39900.81, 4319
39901.13, 4318
39902.94, 4317
40003.67, 4316
40010.96, 4315
40012.85, 4314
40014.62, 4313
40032.29, 4312
40048.85, 4311
40063.7, 4310
40065.37, 4309
40079.8, 4308
40085.35, 4307
40090.59, 4306
40111.34, 4305
40156.91, 4304
40164.23, 4303
40166.04, 4302
40167.91, 4301
40251.74, 4300
40261.97, 4299
40263.87, 4298
40265.53, 4297
40291.02, 4296
40298.84, 4295
40300.71, 4294
40302.49, 4293
40374.62, 4292
40376.54, 4291
40384.12, 4290
40409.76, 4289
40414.39, 4288
40414.47, 4287
40455.51, 4286
40468.96, 4285
40470.78, 4284
40472.57, 4283
40504.55, 4282
40505.15, 4281
40508.8, 4280
40539.36, 4279
40546.11, 4278
40547.78, 4277
40549.58, 4276
40645.9, 4275
40648.75, 4274
40650.94, 4273
40672.43, 4272
40698.76, 4271
40738.28, 4270
40740.07, 4269
40741.84, 4268
40743.65, 4267
40817.86, 4266
40818.41, 4265
40820.34, 4264
40858.29, 4263
40858.33, 4262
40869.97, 4261
40893.48, 4260
40903.27, 4259
40904.96, 4258
40906.75, 4257
40908.72, 4256
40939.0, 4255
40972.49, 4254
40975.95, 4253
40979.95, 4252
41015.75, 4251
41017.73, 4250
41019.45, 4249
41039.35, 4248
41045.9, 4247
41067.89, 4246
41075.46, 4245
41076.55, 4244
41078.32, 4243
41159.18, 4242
41160.8, 4241
41162.42, 4240
41164.25, 4239
41214.27, 4238
41237.55, 4237
41237.76, 4236
41243.09, 4235
41279.61, 4234
41292.35, 4233
41293.8, 4232
41295.68, 4231
41381.67, 4230
41391.02, 4229
41392.82, 4228
41394.61, 4227
41412.73, 4226
41421.03, 4225
41428.92, 4224
41440.92, 4223
41454.6, 4222
41486.3, 4221
41489.23, 4220
41520.56, 4219
41523.76, 4218
41552.09, 4217
41560.38, 4216
41562.18, 4215
41563.99, 4214
41590.0, 4213
41624.92, 4212
41627.02, 4211
41638.98, 4210
41651.69, 4209
41660.02, 4208
41677.4, 4207
41711.0, 4206
41720.47, 4205
41726.48, 4204
41742.48, 4203
41761.23, 4202
41769.28, 4201
41770.77, 4200
41802.65, 4199
41804.56, 4198
41831.18, 4197
41844.05, 4196
41846.05, 4195
41847.65, 4194
41881.48, 4193
41889.4, 4192
41891.21, 4191
41893.01, 4190
41923.64, 4189
41935.81, 4188
41937.66, 4187
41939.49, 4186
41997.92, 4185
42005.21, 4184
42023.46, 4183
42037.94, 4182
42039.68, 4181
42056.6, 4180
42063.13, 4179
42120.29, 4178
42121.85, 4177
42123.73, 4176
42169.51, 4175
42181.3, 4174
42183.81, 4173
42185.02, 4172
42195.38, 4171
42228.38, 4170
42240.66, 4169
42243.55, 4168
42244.18, 4167
42260.52, 4166
42262.59, 4165
42277.02, 4164
42310.04, 4163
42317.55, 4162
42319.26, 4161
42322.45, 4160
42355.68, 4159
42357.49, 4158
42359.37, 4157
42382.45, 4156
42411.83, 4155
42418.04, 4154
42419.86, 4153
42485.42, 4152
42488.11, 4151
42489.93, 4150
42493.6, 4149
42511.03, 4148
42518.38, 4147
42519.03, 4146
42552.95, 4145
42568.83, 4144
42568.96, 4143
42634.46, 4142
42644.63, 4141
42646.44, 4140
42648.28, 4139
42698.82, 4138
42707.52, 4137
42709.49, 4136
42725.61, 4135
42739.43, 4134
42778.05, 4133
42779.86, 4132
42793.21, 4131
42814.13, 4130
42826.23, 4129
42860.85, 4128
42873.37, 4127
42875.18, 4126
42898.92, 4125
42910.11, 4124
42912.04, 4123
42914.03, 4122
42985.25, 4121
42991.26, 4120
42993.09, 4119
42996.06, 4118
43012.07, 4117
43019.92, 4116
43021.78, 4115
43067.88, 4114
43080.03, 4113
43096.85, 4112
43098.72, 4111
43101.16, 4110
43135.31, 4109
43142.89, 4108
43144.63, 4107
43202.01, 4106
43208.5, 4105
43209.72, 4104
43213.32, 4103
43222.88, 4102
43232.04, 4101
43277.04, 4100
43285.88, 4099
43287.74, 4098
43289.55, 4097
43314.78, 4096
43323.54, 4095
43337.82, 4094
43410.51, 4093
43434.07, 4092
43448.24, 4091
43455.58, 4090
43468.49, 4089
43511.65, 4088
43518.81, 4087
43520.67, 4086
43537.99, 4085
43551.24, 4084
43553.28, 4083
43622.7, 4082
43625.39, 4081
43626.23, 4080
43643.27, 4079
43653.27, 4078
43655.18, 4077
43704.2, 4076
43705.96, 4075
43707.98, 4074
43725.78, 4073
43733.46, 4072
43735.17, 4071
43768.66, 4070
43792.65, 4069
43803.69, 4068
43806.3, 4067
43807.27, 4066
43828.71, 4065
43838.38, 4064
43839.89, 4063
43855.07, 4062
43863.72, 4061
43870.94, 4060
43942.02, 4059
43963.19, 4058
43965.39, 4057
43967.45, 4056
43995.34, 4055
43998.79, 4054
44000.62, 4053
44031.42, 4052
44041.46, 4051
44055.06, 4050
44101.65, 4049
44107.59, 4048
44117.75, 4047
44142.42, 4046
44151.17, 4045
44152.66, 4044
44175.17, 4043
44183.86, 4042
44185.74, 4041
44241.72, 4040
44247.84, 4039
44274.81, 4038
44279.4, 4037
44280.23, 4036
44297.5, 4035
44301.53, 4034
44314.47, 4033
44321.44, 4032
44363.57, 4031
44370.36, 4030
44372.19, 4029
44414.07, 4028
44416.0, 4027
44417.7, 4026
44455.84, 4025
44467.52, 4024
44468.76, 4023
44484.51, 4022
44497.48, 4021
44498.82, 4020
44537.54, 4019
44540.15, 4018
44548.65, 4017
44559.38, 4016
44561.15, 4015
44607.79, 4014
44608.74, 4013
44611.23, 4012
44613.32, 4011
44648.47, 4010
44668.0, 4009
44671.67, 4008
44676.71, 4007
44689.08, 4006
44695.41, 4005
44715.79, 4004
44727.07, 4003
44736.96, 4002
44744.64, 4001
44877.37, 4000
44884.17, 3999
44885.39, 3998
44886.64, 3997
44909.3, 3996
44919.2, 3995
44926.27, 3994
44951.05, 3993
44967.48, 3992
44982.17, 3991
45019.41, 3990
45029.17, 3989
45031.49, 3988
45066.84, 3987
45067.81, 3986
45069.64, 3985
45126.64, 3984
45134.79, 3983
45136.3, 3982
45143.91, 3981
45162.72, 3980
45175.08, 3979
45186.55, 3978
45196.13, 3977
45234.99, 3976
45235.05, 3975
45235.08, 3974
45247.48, 3973
45331.58, 3972
45347.43, 3971
45349.31, 3970
45351.2, 3969
45373.87, 3968
45375.62, 3967
45393.41, 3966
45402.04, 3965
45406.75, 3964
45426.42, 3963
45433.8, 3962
45435.56, 3961
45508.61, 3960
45521.06, 3959
45522.72, 3958
45524.5, 3957
45543.73, 3956
45553.25, 3955
45555.05, 3954
45610.85, 3953
45648.29, 3952
45650.24, 3951
45651.88, 3950
45656.34, 3949
45676.47, 3948
45684.31, 3947
45686.0, 3946
45736.87, 3945
45745.08, 3944
45746.99, 3943
45772.71, 3942
45780.63, 3941
45782.22, 3940
45844.54, 3939
45877.59, 3938
45879.43, 3937
45881.53, 3936
45883.48, 3935
45897.98, 3934
45915.59, 3933
45923.38, 3932
45925.26, 3931
45965.17, 3930
45983.85, 3929
45986.13, 3928
46002.33, 3927
46014.13, 3926
46031.43, 3925
46050.41, 3924
46061.52, 3923
46088.93, 3922
46096.29, 3921
46097.94, 3920
46107.55, 3919
46119.63, 3918
46123.67, 3917
46142.88, 3916
46157.8, 3915
46165.4, 3914
46215.15, 3913
46261.21, 3912
46270.33, 3911
46272.18, 3910
46273.97, 3909
46293.37, 3908
46310.96, 3907
46324.54, 3906
46368.04, 3905
46384.23, 3904
46402.91, 3903
46415.09, 3902
46424.73, 3901
46440.0, 3900
46475.23, 3899
46485.95, 3898
46494.1, 3897
46554.28, 3896
46556.07, 3895
46557.85, 3894
46559.71, 3893
46607.78, 3892
46609.82, 3891
46611.51, 3890
46639.81, 3889
46651.46, 3888
46653.27, 3887
46679.13, 3886
46693.43, 3885
46695.24, 3884
46712.94, 3883
46719.95, 3882
46746.61, 3881
46760.01, 3880
46769.61, 3879
46803.93, 3878
46805.65, 3877
46807.41, 3876
46843.67, 3875
46894.25, 3874
46901.24, 3873
46903.16, 3872
46933.7, 3871
46938.11, 3870
46950.22, 3869
46955.65, 3868
46967.95, 3867
46977.61, 3866
46987.59, 3865
46992.96, 3864
47021.32, 3863
47023.19, 3862
47067.17, 3861
47081.56, 3860
47085.72, 3859
47110.33, 3858
47119.24, 3857
47148.33, 3856
47168.71, 3855
47231.55, 3854
47258.54, 3853
47260.55, 3852
47262.18, 3851
47273.04, 3850
47280.72, 3849
47294.47, 3848
47313.78, 3847
47331.94, 3846
47344.53, 3845
47348.79, 3844
47350.78, 3843
47389.58, 3842
47395.32, 3841
47410.31, 3840
47420.67, 3839
47427.07, 3838
47441.64, 3837
47486.23, 3836
47495.99, 3835
47596.05, 3834
47597.32, 3833
47599.3, 3832
47611.52, 3831
47625.32, 3830
47629.68, 3829
47640.74, 3828
47662.69, 3827
47670.61, 3826
47676.16, 3825
47751.62, 3824
47759.14, 3823
47790.37, 3822
47793.64, 3821
47809.88, 3820
47820.88, 3819
47853.42, 3818
47862.7, 3817
47889.11, 3816
47903.88, 3815
47915.46, 3814
47917.72, 3813
47970.59, 3812
47970.63, 3811
47970.64, 3810
47986.82, 3809
47994.28, 3808
48012.67, 3807
48027.1, 3806
48056.45, 3805
48082.12, 3804
48093.05, 3803
48105.56, 3802
48120.34, 3801
48143.57, 3800
48152.91, 3799
48171.01, 3798
48178.97, 3797
48179.01, 3796
48191.49, 3795
48237.95, 3794
48241.26, 3793
48248.54, 3792
48275.12, 3791
48284.26, 3790
48286.16, 3789
48306.55, 3788
48313.83, 3787
48315.61, 3786
48330.64, 3785
48357.86, 3784
48367.56, 3783
48434.32, 3782
48452.98, 3781
48466.85, 3780
48477.04, 3779
48490.67, 3778
48504.51, 3777
48535.99, 3776
48548.45, 3775
48581.88, 3774
48585.66, 3773
48598.92, 3772
48602.27, 3771
48617.47, 3770
48623.71, 3769
48652.06, 3768
48664.11, 3767
48672.02, 3766
48689.55, 3765
48702.83, 3764
48713.44, 3763
48714.96, 3762
48798.27, 3761
48808.24, 3760
48809.66, 3759
48829.78, 3758
48844.16, 3757
48853.42, 3756
48853.52, 3755
48877.44, 3754
48894.82, 3753
48913.1, 3752
48926.96, 3751
48952.8, 3750
48957.04, 3749
48977.49, 3748
48989.98, 3747
49017.2, 3746
49024.48, 3745
49040.65, 3744
49051.8, 3743
49063.37, 3742
49084.83, 3741
49093.69, 3740
49112.49, 3739
49118.68, 3738
49181.76, 3737
49229.64, 3736
49229.71, 3735
49240.18, 3734
49240.33, 3733
49254.15, 3732
49296.93, 3731
49336.42, 3730
49354.37, 3729
49354.59, 3728
49364.75, 3727
49387.8, 3726
49391.95, 3725
49393.74, 3724
49414.02, 3723
49422.04, 3722
49430.88, 3721
49439.58, 3720
49472.65, 3719
49499.88, 3718
49514.11, 3717
49520.97, 3716
49546.69, 3715
49548.34, 3714
49563.11, 3713
49586.08, 3712
49611.22, 3711
49626.53, 3710
49643.89, 3709
49722.99, 3708
49730.18, 3707
49744.32, 3706
49764.77, 3705
49776.4, 3704
49785.04, 3703
49798.17, 3702
49824.07, 3701
49827.94, 3700
49865.6, 3699
49872.98, 3698
49885.94, 3697
49906.65, 3696
49910.44, 3695
49923.44, 3694
49928.25, 3693
49940.21, 3692
49946.32, 3691
49987.53, 3690
49990.69, 3689
49992.47, 3688
50058.68, 3687
50076.59, 3686
50078.41, 3685
50080.19, 3684
50110.32, 3683
50162.9, 3682
50164.69, 3681
50167.36, 3680
50188.95, 3679
50199.84, 3678
50207.94, 3677
50215.18, 3676
50227.24, 3675
50258.88, 3674
50260.73, 3673
50288.35, 3672
50290.04, 3671
50301.16, 3670
50324.65, 3669
50335.64, 3668
50349.72, 3667
50357.15, 3666
50377.58, 3665
50398.57, 3664
50418.22, 3663
50424.5, 3662
50426.32, 3661
50452.21, 3660
50470.7, 3659
50472.55, 3658
50495.97, 3657
50506.9, 3656
50508.84, 3655
50539.07, 3654
50540.86, 3653
50543.03, 3652
50614.71, 3651
50639.4, 3650
50652.84, 3649
50654.64, 3648
50656.42, 3647
50697.44, 3646
50734.44, 3645
50753.84, 3644
50763.86, 3643
50765.34, 3642
50819.95, 3641
50827.31, 3640
50829.87, 3639
50830.95, 3638
50838.88, 3637
50854.33, 3636
50861.95, 3635
50901.95, 3634
50929.67, 3633
50936.81, 3632
50943.83, 3631
50970.29, 3630
50976.34, 3629
50987.35, 3628
51010.63, 3627
51063.45, 3626
51071.71, 3625
51073.5, 3624
51093.75, 3623
51101.39, 3622
51103.24, 3621
51141.62, 3620
51143.34, 3619
51182.14, 3618
51193.73, 3617
51195.52, 3616
51197.28, 3615
51242.98, 3614
51250.52, 3613
51284.24, 3612
51290.52, 3611
51298.45, 3610
51339.57, 3609
51345.03, 3608
51346.78, 3607
51355.43, 3606
51392.07, 3605
51405.06, 3604
51442.42, 3603
51452.1, 3602
51453.94, 3601
51479.72, 3600
51490.85, 3599
51492.36, 3598
51511.49, 3597
51543.57, 3596
51553.17, 3595
51562.69, 3594
51576.31, 3593
51601.97, 3592
51602.07, 3591
51644.45, 3590
51646.25, 3589
51648.04, 3588
51673.34, 3587
51678.56, 3586
51680.56, 3585
51722.26, 3584
51727.88, 3583
51738.28, 3582
51746.01, 3581
51757.8, 3580
51773.87, 3579
51789.26, 3578
51806.38, 3577
51811.57, 3576
51848.49, 3575
51859.92, 3574
51871.46, 3573
51879.75, 3572
51903.97, 3571
51920.38, 3570
51947.77, 3569
51956.84, 3568
51974.16, 3567
51997.15, 3566
52047.16, 3565
52057.08, 3564
52058.86, 3563
52087.8, 3562
52114.09, 3561
52131.42, 3560
52138.68, 3559
52140.5, 3558
52171.54, 3557
52183.14, 3556
52184.99, 3555
52208.35, 3554
52212.94, 3553
52238.24, 3552
52276.19, 3551
52290.81, 3550
52307.48, 3549
52314.87, 3548
52316.73, 3547
52347.71, 3546
52355.17, 3545
52363.29, 3544
52371.54, 3543
52382.73, 3542
52391.58, 3541
52429.36, 3540
52464.06, 3539
52475.66, 3538
52477.46, 3537
52479.28, 3536
52502.53, 3535
52508.84, 3534
52519.21, 3533
52526.95, 3532
52536.14, 3531
52585.18, 3530
52593.45, 3529
52607.3, 3528
52627.71, 3527
52635.86, 3526
52643.28, 3525
52657.45, 3524
52667.31, 3523
52675.69, 3522
52714.58, 3521
52723.91, 3520
52725.74, 3519
52742.15, 3518
52786.92, 3517
52794.86, 3516
52807.6, 3515
52816.91, 3514
52835.49, 3513
52889.8, 3512
52896.88, 3511
52905.7, 3510
52921.14, 3509
52928.64, 3508
52942.13, 3507
53004.36, 3506
53012.53, 3505
53014.33, 3504
53016.16, 3503
53018.0, 3502
53032.29, 3501
53040.3, 3500
53060.85, 3499
53077.35, 3498
53087.49, 3497
53094.53, 3496
53125.13, 3495
53132.98, 3494
53134.23, 3493
53148.07, 3492
53157.59, 3491
53172.27, 3490
53189.9, 3489
53210.6, 3488
53212.39, 3487
53214.21, 3486
53233.35, 3485
53245.93, 3484
53247.75, 3483
53278.31, 3482
53307.95, 3481
53339.49, 3480
53346.93, 3479
53369.07, 3478
53413.05, 3477
53435.59, 3476
53443.11, 3475
53491.04, 3474
53509.2, 3473
53520.66, 3472
53528.05, 3471
53537.69, 3470
53543.26, 3469
53572.3, 3468
53590.98, 3467
53607.04, 3466
53615.1, 3465
53624.01, 3464
53640.84, 3463
53662.28, 3462
53668.93, 3461
53679.55, 3460
53687.96, 3459
53694.47, 3458
53747.67, 3457
53760.94, 3456
53762.83, 3455
53764.75, 3454
53799.04, 3453
53809.25, 3452
53811.06, 3451
53825.03, 3450
53834.67, 3449
53836.53, 3448
53867.51, 3447
53893.61, 3446
53904.25, 3445
53951.51, 3444
53961.14, 3443
53969.7, 3442
53992.05, 3441
53992.59, 3440
54008.38, 3439
54044.29, 3438
54053.28, 3437
54080.99, 3436
54089.58, 3435
54091.42, 3434
54135.57, 3433
54144.39, 3432
54146.29, 3431
54148.0, 3430
54180.64, 3429
54188.24, 3428
54206.53, 3427
54216.95, 3426
54218.57, 3425
54220.88, 3424
54233.38, 3423
54265.67, 3422
54273.49, 3421
54306.34, 3420
54309.02, 3419
54322.16, 3418
54376.36, 3417
54376.4, 3416
54407.18, 3415
54422.03, 3414
54424.39, 3413
54425.53, 3412
54477.56, 3411
54480.22, 3410
54481.96, 3409
54505.77, 3408
54526.71, 3407
54557.68, 3406
54559.46, 3405
54561.43, 3404
54581.7, 3403
54591.14, 3402
54610.63, 3401
54628.61, 3400
54706.28, 3399
54727.05, 3398
54728.79, 3397
54730.61, 3396
54772.09, 3395
54776.8, 3394
54814.07, 3393
54828.19, 3392
54830.05, 3391
54831.91, 3390
54859.8, 3389
54869.21, 3388
54873.9, 3387
54914.93, 3386
54923.65, 3385
54987.43, 3384
55014.11, 3383
55015.94, 3382
55017.73, 3381
55019.47, 3380
55035.09, 3379
55055.98, 3378
55072.75, 3377
55074.57, 3376
55076.36, 3375
55123.21, 3374
55129.54, 3373
55163.49, 3372
55165.21, 3371
55167.51, 3370
55190.02, 3369
55191.89, 3368
55231.24, 3367
55241.3, 3366
55257.58, 3365
55259.54, 3364
55275.15, 3363
55307.64, 3362
55313.77, 3361
55315.52, 3360
55335.77, 3359
55344.78, 3358
55358.82, 3357
55435.19, 3356
55461.18, 3355
55462.99, 3354
55464.75, 3353
55493.43, 3352
55531.23, 3351
55537.49, 3350
55537.68, 3349
55588.7, 3348
55590.45, 3347
55592.19, 3346
55603.68, 3345
55680.19, 3344
55695.74, 3343
55697.25, 3342
55698.86, 3341
55709.65, 3340
55718.73, 3339
55739.5, 3338
55753.36, 3337
55756.91, 3336
55756.96, 3335
55812.33, 3334
55814.18, 3333
55816.66, 3332
55893.38, 3331
55909.99, 3330
55911.96, 3329
55913.85, 3328
55958.16, 3327
55987.35, 3326
55988.98, 3325
55991.06, 3324
56017.41, 3323
56019.12, 3322
56020.91, 3321
56058.23, 3320
56068.71, 3319
56069.78, 3318
56129.65, 3317
56143.85, 3316
56147.87, 3315
56199.91, 3314
56201.71, 3313
56227.55, 3312
56263.46, 3311
56265.27, 3310
56303.16, 3309
56326.19, 3308
56329.4, 3307
56329.63, 3306
56406.31, 3305
56414.5, 3304
56416.67, 3303
56442.35, 3302
56444.11, 3301
56478.04, 3300
56478.09, 3299
56478.13, 3298
56504.26, 3297
56515.39, 3296
56517.35, 3295
56576.99, 3294
56586.6, 3293
56588.4, 3292
56590.09, 3291
56631.75, 3290
56637.56, 3289
56647.63, 3288
56682.85, 3287
56688.67, 3286
56690.49, 3285
56763.41, 3284
56771.05, 3283
56772.84, 3282
56810.83, 3281
56812.64, 3280
56826.32, 3279
56832.78, 3278
56888.61, 3277
56895.56, 3276
56897.38, 3275
56900.78, 3274
56949.0, 3273
56951.71, 3272
56952.58, 3271
57023.8, 3270
57040.2, 3269
57043.84, 3268
57043.95, 3267
57125.62, 3266
57138.11, 3265
57141.04, 3264
57141.65, 3263
57179.0, 3262
57208.25, 3261
57240.45, 3260
57242.22, 3259
57244.4, 3258
57262.59, 3257
57265.29, 3256
57274.81, 3255
57300.63, 3254
57312.49, 3253
57329.07, 3252
57338.79, 3251
57358.06, 3250
57362.36, 3249
57418.63, 3248
57473.25, 3247
57475.53, 3246
57476.82, 3245
57531.3, 3244
57543.12, 3243
57544.93, 3242
57547.24, 3241
57608.41, 3240
57610.34, 3239
57612.06, 3238
57643.36, 3237
57659.57, 3236
57715.03, 3235
57735.4, 3234
57839.4, 3233
57841.72, 3232
57843.25, 3231
57845.22, 3230
57918.43, 3229
57920.67, 3228
57922.05, 3227
57941.62, 3226
57965.3, 3225
57988.38, 3224
57998.08, 3223
58005.83, 3222
58054.08, 3221
58096.16, 3220
58115.0, 3219
58116.81, 3218
58118.21, 3217
58148.04, 3216
58149.89, 3215
58204.51, 3214
58207.76, 3213
58207.83, 3212
58235.05, 3211
58251.8, 3210
58253.69, 3209
58255.51, 3208
58269.91, 3207
58292.73, 3206
58300.71, 3205
58302.42, 3204
58339.19, 3203
58345.32, 3202
58383.66, 3201
58385.56, 3200
58387.41, 3199
58389.25, 3198
58412.99, 3197
58422.48, 3196
58444.02, 3195
58454.81, 3194
58488.28, 3193
58495.74, 3192
58498.57, 3191
58555.58, 3190
58590.78, 3189
58593.05, 3188
58594.86, 3187
58639.27, 3186
58656.01, 3185
58657.93, 3184
58659.74, 3183
58689.24, 3182
58697.73, 3181
58700.84, 3180
58733.39, 3179
58736.36, 3178
58741.78, 3177
58757.04, 3176
58770.47, 3175
58813.37, 3174
58815.05, 3173
58831.31, 3172
58841.23, 3171
58852.17, 3170
58874.27, 3169
58891.75, 3168
58907.79, 3167
58921.7, 3166
58961.46, 3165
58972.26, 3164
58974.13, 3163
58984.29, 3162
58994.36, 3161
59006.9, 3160
59032.01, 3159
59038.0, 3158
59046.02, 3157
59172.65, 3156
59187.77, 3155
59202.11, 3154
59203.95, 3153
59254.36, 3152
59254.38, 3151
59255.83, 3150
59296.91, 3149
59298.54, 3148
59300.39, 3147
59318.63, 3146
59348.18, 3145
59359.54, 3144
59368.5, 3143
59412.63, 3142
59413.75, 3141
59415.38, 3140
59421.52, 3139
59440.97, 3138
59449.46, 3137
59451.39, 3136
59467.4, 3135
59509.88, 3134
59523.01, 3133
59531.3, 3132
59533.18, 3131
59559.67, 3130
59561.01, 3129
59604.17, 3128
59606.09, 3127
59619.71, 3126
59664.84, 3125
59673.41, 3124
59675.14, 3123
59758.98, 3122
59768.49, 3121
59770.34, 3120
59772.15, 3119
59782.19, 3118
59793.47, 3117
59803.6, 3116
59835.09, 3115
59848.9, 3114
59858.4, 3113
59869.94, 3112
59950.29, 3111
59951.59, 3110
59953.44, 3109
59961.63, 3108
59984.0, 3107
59992.55, 3106
59994.25, 3105
60020.59, 3104
60031.61, 3103
60034.73, 3102
60081.86, 3101
60094.37, 3100
60097.39, 3099
60114.22, 3098
60124.77, 3097
60134.28, 3096
60171.11, 3095
60172.87, 3094
60204.88, 3093
60206.55, 3092
60208.61, 3091
60230.62, 3090
60247.69, 3089
60254.85, 3088
60279.51, 3087
60291.5, 3086
60315.68, 3085
60315.71, 3084
60327.0, 3083
60336.72, 3082
60350.48, 3081
60369.75, 3080
60389.17, 3079
60395.54, 3078
60397.42, 3077
60467.91, 3076
60476.82, 3075
60508.76, 3074
60515.18, 3073
60523.15, 3072
60535.05, 3071
60538.71, 3070
60553.07, 3069
60562.73, 3068
60602.25, 3067
60624.53, 3066
60630.77, 3065
60641.27, 3064
60650.57, 3063
60663.67, 3062
60674.31, 3061
60690.35, 3060
60703.45, 3059
60710.88, 3058
60739.14, 3057
60767.34, 3056
60779.28, 3055
60801.03, 3054
60810.08, 3053
60821.5, 3052
60837.81, 3051
60854.42, 3050
60854.46, 3049
60868.98, 3048
60874.49, 3047
60929.06, 3046
60930.28, 3045
60941.84, 3044
60971.93, 3043
60977.66, 3042
60977.75, 3041
61007.38, 3040
61007.71, 3039
61023.01, 3038
61032.29, 3037
61047.71, 3036
61061.88, 3035
61069.42, 3034
61091.92, 3033
61110.46, 3032
61112.2, 3031
61119.7, 3030
61157.82, 3029
61168.05, 3028
61174.33, 3027
61187.45, 3026
61198.23, 3025
61201.75, 3024
61229.17, 3023
61257.79, 3022
61258.57, 3021
61275.72, 3020
61287.08, 3019
61295.74, 3018
61327.4, 3017
61337.77, 3016
