2515.26, 3570
2517.28, 3566
2526.2, 3486
2546.7, 3483
2569.51, 3482
2590.32, 3404
2618.6, 3403
2629.09, 3402
2634.26, 3401
2644.61, 3400
2653.75, 3399
2665.86, 3324
2696.58, 3322
2707.66, 3321
2737.94, 3320
2747.16, 3319
2758.37, 3318
2768.02, 3317
2779.76, 3246
2807.31, 3243
2835.49, 3242
2848.88, 3241
2869.61, 3240
2906.38, 3239
2914.32, 3238
2928.14, 3237
2937.83, 3236
2952.65, 3170
2979.83, 3166
2991.07, 3164
2999.3, 3163
3012.22, 3162
3040.18, 3161
3052.82, 3160
3080.89, 3159
3098.91, 3158
3110.23, 3157
3142.34, 3156
3151.93, 3096
3176.73, 3091
3190.79, 3088
3204.52, 3087
3215.7, 3085
3249.63, 3084
3262.61, 3083
3277.53, 3082
3291.22, 3081
3319.13, 3080
3357.46, 3079
3385.24, 3078
3396.74, 3077
3407.97, 3024
3417.94, 3018
3424.68, 3014
3456.06, 3013
3465.38, 3012
3476.8, 3010
3497.43, 3009
3533.11, 3008
3540.93, 3007
3568.81, 3006
3581.37, 3005
3618.24, 3004
3648.57, 3003
3680.52, 3002
3718.49, 3001
3745.75, 3000
3774.99, 2999
3788.49, 2954
3792.25, 2947
3807.54, 2942
3837.97, 2941
3850.01, 2939
3860.16, 2937
3886.82, 2936
3897.25, 2935
3907.09, 2934
3922.22, 2933
3949.5, 2932
3979.54, 2931
4012.84, 2930
4022.73, 2929
4046.99, 2928
4077.66, 2927
4094.01, 2926
4141.73, 2925
4162.43, 2924
4177.97, 2923
4207.48, 2886
4213.5, 2885
4220.14, 2878
4230.68, 2872
4241.93, 2871
4273.82, 2868
4312.58, 2866
4325.13, 2865
4334.53, 2863
4344.78, 2862
4353.0, 2861
4397.49, 2860
4413.09, 2859
4420.27, 2858
4460.7, 2857
4474.05, 2856
4486.36, 2855
4512.1, 2854
4545.67, 2853
4564.39, 2852
4581.37, 2851
4621.83, 2850
4668.59, 2849
4677.18, 2848
4709.96, 2847
4730.59, 2846
4766.0, 2820
4774.25, 2819
4781.33, 2811
4790.61, 2804
4820.43, 2803
4830.34, 2799
4844.53, 2797
4851.03, 2796
4866.04, 2793
4897.27, 2792
4911.11, 2791
4923.63, 2790
4938.58, 2789
4959.96, 2788
4991.09, 2787
5011.25, 2786
5051.66, 2785
5065.64, 2784
5076.2, 2783
5086.57, 2782
5099.89, 2781
5121.03, 2780
5151.79, 2779
5179.41, 2778
5196.91, 2777
5232.08, 2776
5251.05, 2775
5285.98, 2774
5305.14, 2773
5335.85, 2772
5346.88, 2756
5374.15, 2755
5417.45, 2746
5429.33, 2738
5437.47, 2737
5446.55, 2732
5453.68, 2730
5466.33, 2729
5497.5, 2728
5506.85, 2725
5532.29, 2724
5569.78, 2723
5579.33, 2722
5595.85, 2720
5626.89, 2719
5631.92, 2718
5646.3, 2717
5673.98, 2716
5693.93, 2715
5701.68, 2714
5737.56, 2713
5748.63, 2712
5765.11, 2711
5787.05, 2710
5816.25, 2709
5853.69, 2708
5867.49, 2707
5886.73, 2706
5914.44, 2705
5939.15, 2704
5959.43, 2703
6029.36, 2702
6049.87, 2701
6068.58, 2700
6083.1, 2699
6103.57, 2698
6121.79, 2697
6147.54, 2694
6168.33, 2693
6182.76, 2683
6193.25, 2674
6206.62, 2673
6238.89, 2667
6253.59, 2665
6263.21, 2664
6289.53, 2662
6312.82, 2659
6324.74, 2658
6334.61, 2657
6366.04, 2656
6378.55, 2655
6387.12, 2653
6411.9, 2652
6432.14, 2651
6446.03, 2650
6478.89, 2649
6491.17, 2647
6521.14, 2646
6529.4, 2645
6547.08, 2644
6588.75, 2643
6620.11, 2642
6646.75, 2641
6657.92, 2640
6693.32, 2639
6729.97, 2638
6747.15, 2637
6762.33, 2636
6789.78, 2635
6807.71, 2634
6849.84, 2633
6866.34, 2632
6884.46, 2631
6930.44, 2630
6960.94, 2629
6980.68, 2628
7021.0, 2627
7063.7, 2626
7084.4, 2625
7128.81, 2624
7140.31, 2622
7148.23, 2612
7162.07, 2611
7196.76, 2604
7214.08, 2602
7216.82, 2601
7232.03, 2598
7268.76, 2595
7279.22, 2594
7306.49, 2593
7319.17, 2592
7331.65, 2590
7339.41, 2588
7370.98, 2587
7380.28, 2586
7414.41, 2585
7430.04, 2584
7441.11, 2583
7454.58, 2581
7465.15, 2580
7491.86, 2579
7527.55, 2578
7545.21, 2577
7558.23, 2576
7568.55, 2575
7601.06, 2574
7613.76, 2573
7650.66, 2572
7663.42, 2571
7695.44, 2570
7712.82, 2569
7756.64, 2568
7773.62, 2567
7797.87, 2566
7813.5, 2565
7829.0, 2564
7861.39, 2563
7902.84, 2562
7923.37, 2561
7941.06, 2560
7997.31, 2559
8015.64, 2558
8037.21, 2557
8057.96, 2556
8094.96, 2555
8113.25, 2554
8149.64, 2553
8193.26, 2552
8207.68, 2551
8216.66, 2543
8241.47, 2541
8270.69, 2540
8305.54, 2536
8313.52, 2533
8327.32, 2532
8345.98, 2531
8367.97, 2530
8377.78, 2527
8387.19, 2525
8425.18, 2524
8438.74, 2523
8452.37, 2522
8490.38, 2521
8500.88, 2520
8513.24, 2519
8527.3, 2517
8550.86, 2516
8566.16, 2515
8592.18, 2514
8624.73, 2513
8648.4, 2512
8672.96, 2511
8685.84, 2510
8710.28, 2509
8740.98, 2508
8761.21, 2507
8772.72, 2506
8787.17, 2505
8807.06, 2504
8846.27, 2503
8865.27, 2502
8903.97, 2501
8919.17, 2500
8938.12, 2499
8947.23, 2498
8991.24, 2497
9026.36, 2496
9046.87, 2495
9068.58, 2494
9101.61, 2493
9116.76, 2492
9164.81, 2491
9196.69, 2490
9218.8, 2489
9263.46, 2488
9282.2, 2487
9311.41, 2486
9346.11, 2485
9384.55, 2484
9407.65, 2483
9428.26, 2482
9464.5, 2481
9481.37, 2476
9491.57, 2473
9512.93, 2472
9525.96, 2471
9551.46, 2470
9573.84, 2466
9595.33, 2464
9612.75, 2463
9620.98, 2462
9646.6, 2461
9682.55, 2460
9713.69, 2458
9730.17, 2457
9760.97, 2455
9765.33, 2454
9779.22, 2453
9790.67, 2452
9811.54, 2451
9835.94, 2450
9864.48, 2449
9877.76, 2448
9886.99, 2447
9918.4, 2446
9964.56, 2445
9990.82, 2444
10012.45, 2443
10051.19, 2442
10063.4, 2441
10089.43, 2440
10127.94, 2439
10145.7, 2438
10161.04, 2437
10174.12, 2436
10193.46, 2435
10227.65, 2434
10237.1, 2433
10256.6, 2432
10296.69, 2431
10330.66, 2430
10352.77, 2429
10398.0, 2428
10429.45, 2427
10445.73, 2426
10463.38, 2425
10501.89, 2424
10537.64, 2423
10556.02, 2422
10573.66, 2421
10590.28, 2420
10632.78, 2419
10678.37, 2418
10703.05, 2417
10747.88, 2416
10788.88, 2415
10813.4, 2414
10848.17, 2413
10879.2, 2412
10923.35, 2411
10941.19, 2407
10945.72, 2405
10964.62, 2404
10996.78, 2403
11005.06, 2402
11037.33, 2401
11054.65, 2398
11064.18, 2397
11079.53, 2395
11106.13, 2394
11119.5, 2393
11156.63, 2392
11167.54, 2391
11180.1, 2389
11191.56, 2388
11228.99, 2387
11241.04, 2386
11257.2, 2385
11282.2, 2384
11294.4, 2383
11329.67, 2382
11363.14, 2381
11376.77, 2380
11389.26, 2379
11401.09, 2378
11430.37, 2377
11464.64, 2376
11477.16, 2375
11514.95, 2374
11548.14, 2373
11565.53, 2372
11583.8, 2371
11605.71, 2370
11623.59, 2369
11642.5, 2368
11708.35, 2367
11724.19, 2366
11741.23, 2365
11779.57, 2364
11797.38, 2363
11842.67, 2362
11856.93, 2361
11893.41, 2360
11909.85, 2359
11929.5, 2358
11964.34, 2357
11982.19, 2356
12026.35, 2355
12078.08, 2354
12091.69, 2353
12111.49, 2352
12177.07, 2351
12194.0, 2350
12213.55, 2349
12262.19, 2348
12274.93, 2347
12296.98, 2346
12355.4, 2345
12376.06, 2344
12397.36, 2343
12437.06, 2342
12458.17, 2340
12463.03, 2339
12475.72, 2337
12497.5, 2336
12511.5, 2335
12525.36, 2334
12544.26, 2333
12552.16, 2332
12564.15, 2330
12594.15, 2329
12599.79, 2328
12611.6, 2327
12637.84, 2326
12652.15, 2325
12663.75, 2324
12682.38, 2323
12693.03, 2322
12714.72, 2321
12730.88, 2320
12745.6, 2319
12756.55, 2318
12782.66, 2317
12796.71, 2316
12812.78, 2315
12836.88, 2314
12850.74, 2313
12879.07, 2312
12894.41, 2311
12906.07, 2310
12921.85, 2309
12935.6, 2308
12963.16, 2307
12995.87, 2306
13010.76, 2305
13045.38, 2304
13059.16, 2303
13074.52, 2302
13099.64, 2301
13121.17, 2300
13154.45, 2299
13171.88, 2298
13197.0, 2297
13218.7, 2296
13246.85, 2295
13302.14, 2294
13327.28, 2293
13349.51, 2292
13382.15, 2291
13429.27, 2290
13456.65, 2289
13485.2, 2288
13530.8, 2287
13546.52, 2286
13565.75, 2285
13589.38, 2284
13628.74, 2283
13647.54, 2282
13670.1, 2281
13692.06, 2280
13746.85, 2279
13770.02, 2278
13826.04, 2277
13850.03, 2276
13893.44, 2275
13933.8, 2273
13961.78, 2272
13976.96, 2271
13986.01, 2270
13999.78, 2269
14024.45, 2268
14058.95, 2267
14073.01, 2266
14102.4, 2265
14112.74, 2264
14138.83, 2263
14150.96, 2262
14163.67, 2261
14176.37, 2260
14208.96, 2259
14223.54, 2258
14256.98, 2257
14280.12, 2256
14306.38, 2255
14334.22, 2254
14347.57, 2253
14379.9, 2252
14397.76, 2251
14412.9, 2250
14434.16, 2249
14465.98, 2248
14483.09, 2247
14501.53, 2246
14538.93, 2245
14563.39, 2244
14594.36, 2243
14608.05, 2242
14663.3, 2241
14679.85, 2240
14697.09, 2239
14741.99, 2238
14772.49, 2237
14787.29, 2236
14803.27, 2235
14832.71, 2234
14850.02, 2233
14888.53, 2232
14923.28, 2231
14938.61, 2230
14957.65, 2229
14996.23, 2228
15015.09, 2227
15044.51, 2226
15069.91, 2225
15100.82, 2224
15123.35, 2223
15179.41, 2222
15213.3, 2221
15235.53, 2220
15257.89, 2219
15296.28, 2218
15339.04, 2217
15362.42, 2216
15410.14, 2215
15429.65, 2214
15465.44, 2213
15489.9, 2212
15515.38, 2211
15585.25, 2210
15623.33, 2209
15660.92, 2208
15720.54, 2207
15738.66, 2206
15774.25, 2205
15794.69, 2204
15807.38, 2203
15822.0, 2202
15836.07, 2201
15877.05, 2200
15894.51, 2199
15904.88, 2198
15915.96, 2197
15944.83, 2196
15956.65, 2195
15997.24, 2194
16010.75, 2193
16024.36, 2192
16126.41, 2191
16127.27, 2190
16131.41, 2189
16155.41, 2188
16173.78, 2187
16185.25, 2186
16198.29, 2185
16233.12, 2184
16248.34, 2183
16264.47, 2182
16315.03, 2181
16346.35, 2180
16359.55, 2179
16377.56, 2178
16407.58, 2177
16423.54, 2176
16454.43, 2175
16479.02, 2174
16510.57, 2173
16534.1, 2172
16570.48, 2171
16586.62, 2170
16623.77, 2169
16660.98, 2168
16691.42, 2167
16722.19, 2166
16742.97, 2165
16776.95, 2164
16794.72, 2163
16834.5, 2162
16855.87, 2161
16878.91, 2160
16922.97, 2159
16965.17, 2158
16995.72, 2157
17014.73, 2156
17057.69, 2155
17079.5, 2154
17129.59, 2153
17150.4, 2152
17177.8, 2151
17228.64, 2150
17248.95, 2149
17270.19, 2148
17295.02, 2147
17346.16, 2146
17395.32, 2145
17421.48, 2144
17473.76, 2143
17498.52, 2142
17536.25, 2141
17551.16, 2140
17564.14, 2139
17593.1, 2138
17626.9, 2137
17663.46, 2136
17680.08, 2135
17696.85, 2134
17713.37, 2133
17742.14, 2132
17756.99, 2131
17784.8, 2130
17798.49, 2129
17814.12, 2128
17841.92, 2127
17857.53, 2126
17889.23, 2125
17924.84, 2124
17955.81, 2123
17995.1, 2122
18006.87, 2121
18029.66, 2120
18063.84, 2119
18099.44, 2118
18121.79, 2117
18157.01, 2116
18174.33, 2115
18215.27, 2114
18247.43, 2113
18278.8, 2112
18302.55, 2111
18319.73, 2110
18338.39, 2109
18362.83, 2108
18394.46, 2107
18425.16, 2106
18443.19, 2105
18500.39, 2104
18538.36, 2103
18605.49, 2102
18636.41, 2101
18678.14, 2100
18695.36, 2099
18726.58, 2098
18764.95, 2097
18785.32, 2096
18804.17, 2095
18851.19, 2094
18870.19, 2093
18914.02, 2092
18931.01, 2091
18980.21, 2090
19026.72, 2089
19047.65, 2088
19083.8, 2087
19127.47, 2086
19168.92, 2085
19191.26, 2084
19214.77, 2083
19262.84, 2082
19305.28, 2081
19340.64, 2080
19377.55, 2079
19418.1, 2078
19462.03, 2077
19487.77, 2076
19542.71, 2075
19557.08, 2074
19572.84, 2073
19604.01, 2072
19645.23, 2071
19662.61, 2070
19677.2, 2069
19707.85, 2068
19722.26, 2067
19737.72, 2066
19773.84, 2065
19789.67, 2064
19822.45, 2063
19841.19, 2062
19875.69, 2061
19912.47, 2060
19926.97, 2059
19966.17, 2058
19982.94, 2057
19997.95, 2056
20029.5, 2055
20079.14, 2054
20096.1, 2053
20116.23, 2052
20152.44, 2051
20181.45, 2050
20223.63, 2049
20239.99, 2048
20279.49, 2047
20298.73, 2046
20331.96, 2045
20352.21, 2044
20386.83, 2043
20406.93, 2042
20446.65, 2041
20479.21, 2040
20518.15, 2039
20538.8, 2038
20574.29, 2037
20617.62, 2036
20635.42, 2035
20657.78, 2034
20677.57, 2033
20715.85, 2032
20767.19, 2031
20798.39, 2030
20819.2, 2029
20840.32, 2028
20873.14, 2027
20919.97, 2026
20946.33, 2025
20989.81, 2024
21012.63, 2023
21036.15, 2022
21077.7, 2021
21102.23, 2020
21142.65, 2019
21177.69, 2018
21235.25, 2017
21262.99, 2016
21292.36, 2015
21357.17, 2014
21412.41, 2013
21442.28, 2012
21457.81, 2011
21491.46, 2010
21509.31, 2009
21539.81, 2008
21556.71, 2007
21587.4, 2006
21629.92, 2005
21645.42, 2004
21662.83, 2003
21678.2, 2002
21693.27, 2001
21737.45, 2000
21761.4, 1999
21801.37, 1998
21820.42, 1997
21835.19, 1996
21852.84, 1995
21886.01, 1994
21907.75, 1993
21942.58, 1992
21962.68, 1991
21980.38, 1990
22031.53, 1989
22073.19, 1988
22097.07, 1987
22120.04, 1986
22157.13, 1985
22178.49, 1984
22213.22, 1983
22234.04, 1982
22276.65, 1981
22306.39, 1980
22340.19, 1979
22379.68, 1978
22413.22, 1977
22432.74, 1976
22466.45, 1975
22505.77, 1974
22537.8, 1973
22559.44, 1972
22599.53, 1971
22619.99, 1970
22660.78, 1969
22678.93, 1968
22738.13, 1967
22744.87, 1966
22789.36, 1965
22814.93, 1964
22864.66, 1963
22907.83, 1962
22922.97, 1961
22948.89, 1960
22976.16, 1959
23005.68, 1958
23030.54, 1957
23064.61, 1956
23110.87, 1955
23153.49, 1954
23161.7, 1953
23192.46, 1952
23223.88, 1951
23255.1, 1950
23286.04, 1949
23310.86, 1948
23329.26, 1947
23358.41, 1946
23380.05, 1945
23396.44, 1944
23413.08, 1943
23431.14, 1942
23450.6, 1941
23477.09, 1940
23497.12, 1939
23518.15, 1938
23545.82, 1937
23571.45, 1936
23596.01, 1935
23613.53, 1934
23634.64, 1933
23657.75, 1932
23690.7, 1931
23712.5, 1930
23731.83, 1929
23751.32, 1928
23771.54, 1927
23827.78, 1926
23846.74, 1925
23863.86, 1924
23897.53, 1923
23929.35, 1922
23950.59, 1921
23980.35, 1920
24003.73, 1919
24029.18, 1918
24056.85, 1917
24086.39, 1916
24115.08, 1915
24140.05, 1914
24164.76, 1913
24199.36, 1912
24223.9, 1911
24246.93, 1910
24276.98, 1909
24302.08, 1908
24338.16, 1907
24362.7, 1906
24386.6, 1905
24416.93, 1904
24445.95, 1903
24468.56, 1902
24494.91, 1901
24529.39, 1900
24562.38, 1899
24586.35, 1898
24614.76, 1897
24648.65, 1896
24682.43, 1895
24726.53, 1894
24748.16, 1893
24778.92, 1892
24807.39, 1891
24846.2, 1890
24889.65, 1889
24922.79, 1888
24950.92, 1887
24972.78, 1886
24998.49, 1885
25022.53, 1884
25048.42, 1883
25064.79, 1882
25090.47, 1881
25113.35, 1880
25129.64, 1879
25165.54, 1878
25187.78, 1877
25207.85, 1876
25230.44, 1875
25255.13, 1874
25279.26, 1873
25303.25, 1872
25330.39, 1871
25348.63, 1870
25379.21, 1869
25407.53, 1868
25431.19, 1867
25464.57, 1866
25489.98, 1865
25510.82, 1864
25535.99, 1863
25564.31, 1862
25589.61, 1861
25612.77, 1860
25647.07, 1859
25673.58, 1858
25698.37, 1857
25729.44, 1856
25755.15, 1855
25776.79, 1854
25803.26, 1853
25829.14, 1852
25857.17, 1851
25881.35, 1850
25912.97, 1849
25966.07, 1848
25966.18, 1847
26001.62, 1846
26038.21, 1845
26068.28, 1844
26076.34, 1843
26098.77, 1842
26129.93, 1841
26157.99, 1840
26213.35, 1839
26248.13, 1838
26278.7, 1837
26315.49, 1836
26348.48, 1835
26378.49, 1834
26413.17, 1833
26440.41, 1832
26471.08, 1831
26509.97, 1830
26546.95, 1829
26587.72, 1828
26617.71, 1827
26643.94, 1826
26664.46, 1825
26688.84, 1824
26712.19, 1823
26730.01, 1822
26753.24, 1821
26782.14, 1820
26806.98, 1819
26839.26, 1818
26867.53, 1817
26888.5, 1816
26914.02, 1815
26946.26, 1814
26968.52, 1813
26995.28, 1812
27017.59, 1811
27035.46, 1810
27063.12, 1809
27088.97, 1808
27117.57, 1807
27145.2, 1806
27177.45, 1805
27200.38, 1804
27224.22, 1803
27244.42, 1802
27274.47, 1801
27306.59, 1800
27327.33, 1799
27370.95, 1798
27409.78, 1797
27431.48, 1796
27452.0, 1795
27479.27, 1794
27503.37, 1793
27530.74, 1792
27564.68, 1791
27589.96, 1790
27629.28, 1789
27654.99, 1788
27679.18, 1787
27706.29, 1786
27742.99, 1785
27767.74, 1784
27803.21, 1783
27830.02, 1782
27862.57, 1781
27897.86, 1780
27928.28, 1779
27967.13, 1778
27994.83, 1777
28025.98, 1776
28074.89, 1775
28105.83, 1774
28135.82, 1773
28172.9, 1772
28212.46, 1771
28247.25, 1770
28282.11, 1769
28322.82, 1768
28365.03, 1767
28397.37, 1766
28426.66, 1765
28457.59, 1764
28478.36, 1763
28504.54, 1762
28530.18, 1761
28554.68, 1760
28576.54, 1759
28599.45, 1758
28631.76, 1757
28674.25, 1756
28698.03, 1755
28715.85, 1754
28749.37, 1753
28770.96, 1752
28797.87, 1751
28831.65, 1750
28851.71, 1749
28878.26, 1748
28916.02, 1747
28950.36, 1746
28979.43, 1745
29007.77, 1744
29024.85, 1743
29055.48, 1742
29079.93, 1741
29108.6, 1740
29149.12, 1739
29185.11, 1738
29211.84, 1737
29240.84, 1736
29267.97, 1735
29306.36, 1734
29337.78, 1733
29373.61, 1732
29407.49, 1731
29432.21, 1730
29473.08, 1729
29504.66, 1728
29529.82, 1727
29572.61, 1726
29607.09, 1725
29639.05, 1724
29681.21, 1723
29709.35, 1722
29736.43, 1721
29772.75, 1720
29817.94, 1719
29845.68, 1718
29895.69, 1717
29944.09, 1716
29977.58, 1715
30008.17, 1714
30038.21, 1713
30130.88, 1712
30174.27, 1711
30209.51, 1710
30251.4, 1709
30295.84, 1708
30339.76, 1707
30371.84, 1706
30388.88, 1705
30421.53, 1704
30438.55, 1703
30463.71, 1702
30485.6, 1701
30515.26, 1700
30552.83, 1699
30589.69, 1698
30614.42, 1697
30650.06, 1696
30679.17, 1695
30703.67, 1694
30733.91, 1693
30767.15, 1692
30791.92, 1691
30817.25, 1690
30864.18, 1689
30907.14, 1688
30922.56, 1687
30950.43, 1686
30973.55, 1685
31002.55, 1684
31034.75, 1683
31080.63, 1682
31117.02, 1681
31142.7, 1680
31171.16, 1679
31217.28, 1678
31241.57, 1677
31273.0, 1676
31306.17, 1675
31348.8, 1674
31377.33, 1673
31411.54, 1672
31447.01, 1671
31475.88, 1670
31503.26, 1669
31535.84, 1668
31592.04, 1667
31620.28, 1666
31655.36, 1665
31697.62, 1664
31718.31, 1663
31764.66, 1662
31797.78, 1661
31825.61, 1660
31868.13, 1659
31907.78, 1658
31939.78, 1657
31978.13, 1656
32016.61, 1655
32063.75, 1654
32099.49, 1653
32134.59, 1652
32169.41, 1651
32227.18, 1650
32262.66, 1649
32284.98, 1648
32326.93, 1647
32351.99, 1646
32375.0, 1645
32396.72, 1644
32431.86, 1643
32463.43, 1642
32489.47, 1641
32520.3, 1640
32542.17, 1639
32572.95, 1638
32600.87, 1637
32635.06, 1636
32659.5, 1635
32691.86, 1634
32721.11, 1633
32764.6, 1632
32803.94, 1631
32828.87, 1630
32865.78, 1629
32892.62, 1628
32924.12, 1627
32954.94, 1626
32987.48, 1625
33018.29, 1624
33060.01, 1623
33086.69, 1622
33116.14, 1621
33148.79, 1620
33181.45, 1619
33209.02, 1618
33235.72, 1617
33291.68, 1616
33319.15, 1615
33354.37, 1614
33386.85, 1613
33416.63, 1612
33458.76, 1611
33495.14, 1610
33533.91, 1609
33562.57, 1608
33596.51, 1607
33640.34, 1606
33680.49, 1605
33715.96, 1604
33757.81, 1603
33793.72, 1602
33835.82, 1601
33868.0, 1600
33901.47, 1599
33946.5, 1598
34006.83, 1597
34041.98, 1596
34078.79, 1595
34112.98, 1594
34146.82, 1593
34193.57, 1592
34225.57, 1591
34263.02, 1590
34290.88, 1589
34320.86, 1588
34355.68, 1587
34379.28, 1586
34417.1, 1585
34449.04, 1584
34476.51, 1583
34500.28, 1582
34530.93, 1581
34568.51, 1580
34599.85, 1579
34640.27, 1578
34667.21, 1577
34697.03, 1576
34729.64, 1575
34755.64, 1574
34782.27, 1573
34810.73, 1572
34844.96, 1571
34891.86, 1570
34917.83, 1569
34966.03, 1568
35000.77, 1567
35041.37, 1566
35066.01, 1565
35092.21, 1564
35119.42, 1563
35149.81, 1562
35179.1, 1561
35208.99, 1560
35262.54, 1559
35299.19, 1558
35330.74, 1557
35368.02, 1556
35401.18, 1555
35433.88, 1554
35464.1, 1553
35504.57, 1552
35550.0, 1551
35589.43, 1550
35629.73, 1549
35670.01, 1548
35704.29, 1547
35741.83, 1546
35774.92, 1545
35809.96, 1544
35862.32, 1543
35901.42, 1542
35937.27, 1541
35992.54, 1540
36032.07, 1539
36072.18, 1538
36120.14, 1537
36154.03, 1536
36183.54, 1535
36217.23, 1534
36251.86, 1533
36287.06, 1532
36315.1, 1531
36341.61, 1530
36368.57, 1529
36393.59, 1528
36432.49, 1527
36475.02, 1526
36506.36, 1525
36531.82, 1524
36561.85, 1523
36591.58, 1522
36630.75, 1521
36662.26, 1520
36692.7, 1519
36727.59, 1518
36764.75, 1517
36794.35, 1516
36828.37, 1515
36877.84, 1514
36917.27, 1513
36946.49, 1512
36973.8, 1511
37007.14, 1510
37045.44, 1509
37075.99, 1508
37111.46, 1507
37153.37, 1506
37189.47, 1505
37229.42, 1504
37264.67, 1503
37301.94, 1502
37338.58, 1501
37374.19, 1500
37411.22, 1499
37441.47, 1498
37475.2, 1497
37526.82, 1496
37558.71, 1495
37591.79, 1494
37623.23, 1493
37656.49, 1492
37704.8, 1491
37739.34, 1490
37787.4, 1489
37830.58, 1488
37875.59, 1487
37914.6, 1486
37954.19, 1485
37992.25, 1484
38038.92, 1483
38077.45, 1482
38117.28, 1481
38149.72, 1480
38187.32, 1479
38222.25, 1478
38255.55, 1477
38286.54, 1476
38326.36, 1475
38356.72, 1474
38391.78, 1473
38433.21, 1472
38457.37, 1471
38484.82, 1470
38523.06, 1469
38552.57, 1468
38591.46, 1467
38629.45, 1466
38662.74, 1465
38698.06, 1464
38731.01, 1463
38761.96, 1462
38798.54, 1461
38828.53, 1460
38862.22, 1459
38890.08, 1458
38923.14, 1457
38958.19, 1456
38986.68, 1455
39018.87, 1454
39097.69, 1453
39137.67, 1452
39168.94, 1451
39203.44, 1450
39235.13, 1449
39265.38, 1448
39314.5, 1447
39346.59, 1446
39390.52, 1445
39422.57, 1444
39452.85, 1443
39483.38, 1442
39519.13, 1441
39564.98, 1440
39603.57, 1439
39647.22, 1438
39691.28, 1437
39727.16, 1436
39763.04, 1435
39803.68, 1434
39841.25, 1433
39896.11, 1432
39930.67, 1431
39971.92, 1430
40009.39, 1429
40062.2, 1428
40090.72, 1427
40126.74, 1426
40153.95, 1425
40180.7, 1424
40218.08, 1423
40250.14, 1422
40283.28, 1421
40310.26, 1420
40345.34, 1419
40370.8, 1418
40405.98, 1417
40451.75, 1416
40481.06, 1415
40526.08, 1414
40563.25, 1413
40592.68, 1412
40623.11, 1411
40654.76, 1410
40689.13, 1409
40724.91, 1408
40758.05, 1407
40802.32, 1406
40845.6, 1405
40874.55, 1404
40921.56, 1403
40950.45, 1402
40980.47, 1401
41013.65, 1400
41066.66, 1399
41100.04, 1398
41125.91, 1397
41170.77, 1396
41205.05, 1395
41241.89, 1394
41283.41, 1393
41324.87, 1392
41361.05, 1391
41399.21, 1390
41442.43, 1389
41484.21, 1388
41523.68, 1387
41561.34, 1386
41597.34, 1385
41637.2, 1384
41678.13, 1383
41716.89, 1382
41761.09, 1381
41801.94, 1380
41849.93, 1379
41888.69, 1378
41998.25, 1377
41999.08, 1376
42041.69, 1375
42074.18, 1374
42107.46, 1373
42137.09, 1372
42179.19, 1371
42210.72, 1370
42243.53, 1369
42280.21, 1368
42308.44, 1367
42346.23, 1366
42388.72, 1365
42425.3, 1364
42456.69, 1363
42493.73, 1362
42531.85, 1361
42571.59, 1360
42605.1, 1359
42634.34, 1358
42674.67, 1357
42725.02, 1356
42760.97, 1355
42788.31, 1354
42828.28, 1353
42865.31, 1352
42895.43, 1351
42938.78, 1350
42979.38, 1349
43018.85, 1348
43053.44, 1347
43090.04, 1346
43123.13, 1345
43166.39, 1344
43196.71, 1343
43240.28, 1342
43272.4, 1341
43312.17, 1340
43349.06, 1339
43381.3, 1338
43428.05, 1337
43467.53, 1336
43503.1, 1335
43539.4, 1334
43586.49, 1333
43628.89, 1332
43688.41, 1331
43722.52, 1330
43768.37, 1329
43811.51, 1328
43861.69, 1327
43907.33, 1326
43945.87, 1325
43985.0, 1324
44025.74, 1323
44062.55, 1322
44113.13, 1321
44163.59, 1320
44214.76, 1319
44245.4, 1318
44302.15, 1317
44331.26, 1316
44351.72, 1315
44364.4, 1314
44386.28, 1313
44499.98, 1312
44506.06, 1311
44526.06, 1310
44555.95, 1309
44590.22, 1308
44623.65, 1307
44690.05, 1306
44739.86, 1305
44794.68, 1304
44835.17, 1303
44872.38, 1302
44895.19, 1301
44965.66, 1300
45063.17, 1299
45067.71, 1298
45067.83, 1297
45110.23, 1296
45147.81, 1295
45209.42, 1294
45272.65, 1293
45309.3, 1292
45363.05, 1291
45396.47, 1290
45445.79, 1289
45480.76, 1288
45520.2, 1287
45563.8, 1286
45639.06, 1285
45664.91, 1284
45713.19, 1283
45764.99, 1282
45828.22, 1281
45879.21, 1280
45929.47, 1279
45972.62, 1278
46030.04, 1277
46095.84, 1276
46119.57, 1275
46164.91, 1274
46230.46, 1273
46279.25, 1272
46347.48, 1271
46376.06, 1270
46439.85, 1269
46478.22, 1268
46567.21, 1267
46590.51, 1266
46634.27, 1265
46673.8, 1264
46689.35, 1263
46775.5, 1262
46804.3, 1261
46831.27, 1260
46888.32, 1259
46914.7, 1258
46946.88, 1257
47001.76, 1256
47031.19, 1255
47107.2, 1254
47113.47, 1253
47122.86, 1252
47189.0, 1251
47272.62, 1250
47277.65, 1249
47308.94, 1248
47338.99, 1247
47414.16, 1246
47436.29, 1245
47498.23, 1244
47506.21, 1243
47564.29, 1242
47629.61, 1241
47672.78, 1240
47721.89, 1239
47784.13, 1238
47821.46, 1237
47861.61, 1236
47938.46, 1235
47946.17, 1234
47976.2, 1233
48039.43, 1232
48066.61, 1231
48115.55, 1230
48162.05, 1229
48225.89, 1228
48272.46, 1227
48348.07, 1226
48522.9, 1225
48522.95, 1224
48539.05, 1223
48567.53, 1222
48610.1, 1221
48659.31, 1220
48717.71, 1219
48754.09, 1218
48808.82, 1217
48839.6, 1216
48873.96, 1215
48917.92, 1214
48942.45, 1213
48997.77, 1212
49073.4, 1211
49113.55, 1210
49184.59, 1209
49188.35, 1208
49234.72, 1207
49283.51, 1206
49340.69, 1205
49380.51, 1204
49422.77, 1203
49450.57, 1202
49522.65, 1201
49555.38, 1200
49577.43, 1199
49650.58, 1198
49734.46, 1197
49735.44, 1196
49763.9, 1195
49797.91, 1194
49872.54, 1193
49897.2, 1192
49981.2, 1191
50009.11, 1190
50072.38, 1189
50146.94, 1188
50163.9, 1187
50231.42, 1186
50308.9, 1185
50363.49, 1184
50383.98, 1183
50431.23, 1182
50497.38, 1181
50519.28, 1180
50598.03, 1179
50632.27, 1178
50684.41, 1177
50755.45, 1176
50781.46, 1175
50862.85, 1174
50911.8, 1173
50937.24, 1172
50964.29, 1171
51014.16, 1170
51056.62, 1169
51083.4, 1168
51139.31, 1167
51180.6, 1166
51294.57, 1165
51340.24, 1164
51357.27, 1163
51407.34, 1162
51461.65, 1161
51512.54, 1160
51546.36, 1159
51597.01, 1158
51651.49, 1157
51697.87, 1156
51750.77, 1155
51796.19, 1154
51828.25, 1153
51888.58, 1152
51945.63, 1151
51972.13, 1150
52013.32, 1149
52117.66, 1148
52120.66, 1147
52171.89, 1146
52207.23, 1145
52314.82, 1144
52364.7, 1143
52422.46, 1142
52461.81, 1141
52515.1, 1140
52572.49, 1139
52593.78, 1138
52654.57, 1137
52678.2, 1136
52723.87, 1135
52764.17, 1134
52802.95, 1133
52881.8, 1132
52930.91, 1131
52979.37, 1130
53041.96, 1129
53092.12, 1128
53164.2, 1127
53213.1, 1126
53260.14, 1125
53298.87, 1124
53339.0, 1123
53378.74, 1122
53412.73, 1121
53462.92, 1120
53513.18, 1119
53572.46, 1118
53598.91, 1117
53654.52, 1116
53707.67, 1115
53744.85, 1114
53789.02, 1113
53847.79, 1112
53864.78, 1111
53921.26, 1110
53981.2, 1109
54025.76, 1108
54074.47, 1107
54094.75, 1106
54155.34, 1105
54197.81, 1104
54255.85, 1103
54312.46, 1102
54363.62, 1101
54417.45, 1100
54456.83, 1099
54506.92, 1098
54563.99, 1097
54608.75, 1096
54698.59, 1095
54733.76, 1094
54773.11, 1093
54837.9, 1092
54893.55, 1091
54953.21, 1090
54979.28, 1089
55023.3, 1088
55087.54, 1087
55137.93, 1086
55179.68, 1085
55247.36, 1084
55339.24, 1083
55378.16, 1082
55448.23, 1081
55497.01, 1080
55546.94, 1079
55611.93, 1078
55697.88, 1077
55721.35, 1076
55742.36, 1075
55782.85, 1074
55842.47, 1073
55862.32, 1072
55932.15, 1071
55964.27, 1070
56028.91, 1069
56090.08, 1068
56129.57, 1067
56173.68, 1066
56215.48, 1065
56271.97, 1064
56330.65, 1063
56396.47, 1062
56429.4, 1061
56461.05, 1060
56560.79, 1059
56578.48, 1058
56620.6, 1057
56677.65, 1056
56711.64, 1055
56798.17, 1054
56854.89, 1053
56870.29, 1052
56937.77, 1051
56992.32, 1050
57101.01, 1049
57101.13, 1048
57146.85, 1047
57198.12, 1046
57250.48, 1045
57305.09, 1044
57336.28, 1043
57379.89, 1042
57555.06, 1041
57555.17, 1040
57555.47, 1039
57589.69, 1038
57631.9, 1037
57683.52, 1036
57745.1, 1035
57781.53, 1034
57831.05, 1033
57881.55, 1032
57929.28, 1031
57969.62, 1030
58016.51, 1029
58065.11, 1028
58106.4, 1027
58190.38, 1026
58207.06, 1025
58248.39, 1024
58279.36, 1023
58329.25, 1022
58368.41, 1021
58411.1, 1020
58460.84, 1019
58509.98, 1018
58547.98, 1017
58572.82, 1016
58609.83, 1015
58663.18, 1014
58694.59, 1013
58739.61, 1012
58788.68, 1011
58831.47, 1010
58877.09, 1009
58927.47, 1008
58988.85, 1007
59020.16, 1006
59071.44, 1005
59106.26, 1004
59145.14, 1003
59183.65, 1002
59223.08, 1001
59268.95, 1000
59321.19, 999
59378.75, 998
59428.35, 997
59462.68, 996
59521.74, 995
59579.88, 994
59630.55, 993
59673.36, 992
59714.6, 991
59784.05, 990
59827.41, 989
59873.57, 988
59927.72, 987
59972.33, 986
60006.0, 985
60046.85, 984
60121.55, 983
60163.97, 982
