7487.67, 9591
7562.36, 9587
7687.82, 9453
7731.77, 9450
7769.1, 9449
7843.52, 9317
7872.35, 9316
7973.53, 9315
7984.53, 9314
8037.23, 9313
8164.58, 9312
8229.15, 9183
8309.63, 9181
8312.35, 9180
8315.31, 9179
8414.16, 9178
8416.31, 9177
8459.68, 9176
8633.97, 9051
8636.84, 9048
8638.76, 9047
8767.34, 9046
8831.36, 9045
9034.94, 9044
9037.26, 9043
9039.1, 9042
9162.79, 9041
9180.25, 8921
9182.43, 8917
9244.03, 8915
9323.51, 8914
9326.51, 8913
9424.59, 8912
9519.88, 8911
9531.5, 8910
9688.29, 8909
9697.91, 8908
9788.23, 8907
9913.68, 8793
9938.39, 8788
9940.79, 8785
10030.82, 8784
10056.5, 8782
10167.19, 8781
10193.18, 8780
10252.11, 8779
10372.57, 8778
10470.09, 8777
10530.95, 8776
10590.15, 8775
10727.54, 8774
10762.01, 8667
10823.62, 8661
10881.09, 8657
10921.24, 8656
10990.72, 8655
11031.71, 8653
11126.34, 8652
11149.51, 8651
11250.38, 8650
11298.23, 8649
11414.24, 8648
11531.34, 8647
11533.51, 8646
11646.67, 8645
11781.01, 8644
11791.73, 8643
11910.41, 8642
11942.33, 8543
12034.14, 8536
12036.55, 8531
12111.29, 8530
12227.13, 8528
12229.89, 8526
12273.14, 8525
12337.65, 8524
12436.0, 8523
12437.97, 8522
12531.31, 8521
12581.49, 8520
12643.32, 8519
12764.47, 8518
12814.5, 8517
12937.8, 8516
13023.95, 8515
13162.11, 8514
13184.29, 8513
13317.31, 8512
13454.28, 8511
13472.03, 8421
13494.3, 8413
13592.3, 8407
13641.19, 8406
13643.45, 8403
13667.7, 8401
13786.73, 8400
13829.54, 8398
13986.22, 8397
13997.45, 8396
13999.25, 8395
14088.49, 8394
14185.93, 8393
14249.8, 8392
14342.74, 8391
14391.2, 8390
14500.87, 8389
14560.94, 8388
14660.89, 8387
14777.42, 8386
14897.53, 8385
14952.36, 8384
15050.74, 8383
15148.04, 8382
15234.72, 8381
15289.42, 8301
15323.31, 8292
15373.91, 8285
15415.78, 8284
15454.04, 8280
15488.75, 8278
15530.87, 8277
15591.15, 8274
15612.69, 8273
15636.25, 8272
15722.56, 8271
15754.07, 8270
15805.07, 8269
15847.11, 8268
15931.98, 8267
16028.46, 8266
16034.6, 8265
16060.87, 8264
16115.94, 8263
16180.49, 8262
16254.05, 8261
16306.43, 8260
16402.55, 8259
16533.66, 8258
16545.07, 8257
16621.64, 8256
16760.52, 8255
16802.52, 8254
16891.62, 8253
17000.74, 8183
17013.27, 8173
17015.74, 8165
17092.22, 8164
17098.31, 8159
17133.12, 8157
17187.33, 8156
17219.02, 8155
17277.44, 8152
17344.64, 8151
17372.19, 8150
17460.74, 8149
17514.14, 8148
17564.27, 8147
17625.6, 8146
17686.46, 8145
17733.36, 8144
17788.92, 8143
17867.13, 8142
17908.21, 8141
17950.67, 8140
18009.98, 8139
18121.03, 8138
18169.34, 8137
18220.11, 8136
18305.84, 8135
18364.43, 8134
18463.25, 8133
18514.93, 8132
18606.6, 8131
18670.93, 8130
18764.6, 8129
18884.67, 8128
18979.33, 8127
19083.36, 8126
19181.02, 8125
19288.01, 8124
19342.72, 8067
19375.66, 8056
19394.07, 8047
19443.09, 8046
19498.29, 8040
19570.73, 8038
19611.51, 8037
19644.56, 8035
19687.51, 8032
19722.39, 8031
19780.99, 8030
19815.8, 8029
19914.6, 8028
19977.91, 8026
19993.74, 8025
20033.67, 8024
20122.65, 8023
20162.18, 8022
20210.36, 8020
20308.7, 8019
20377.62, 8018
20422.22, 8017
20477.39, 8016
20545.04, 8015
20604.49, 8014
20695.73, 8013
20751.33, 8012
20881.58, 8011
20947.24, 8010
20992.0, 8009
21073.25, 8008
21178.71, 8007
21190.09, 8006
21276.03, 8005
21405.77, 8004
21484.51, 8003
21570.0, 8002
21679.57, 8001
21784.43, 8000
21903.25, 7999
21964.63, 7998
22012.05, 7953
22098.36, 7941
22138.05, 7931
22194.92, 7930
22229.11, 7923
22279.55, 7921
22344.24, 7920
22387.28, 7917
22407.05, 7914
22498.36, 7913
22517.14, 7912
22556.71, 7911
22597.32, 7910
22676.9, 7909
22714.05, 7907
22809.56, 7906
22825.47, 7905
22882.11, 7904
22956.98, 7903
23031.64, 7902
23093.09, 7900
23130.93, 7899
23213.83, 7898
23263.32, 7897
23347.2, 7896
23422.29, 7895
23478.21, 7894
23556.02, 7893
23628.18, 7892
23683.5, 7891
23734.41, 7890
23829.28, 7889
23902.99, 7888
23969.99, 7887
24063.69, 7886
24130.8, 7885
24203.92, 7884
24270.48, 7883
24346.77, 7882
24437.51, 7881
24564.56, 7880
24664.63, 7879
24742.8, 7878
24825.94, 7877
24938.76, 7876
25048.86, 7875
25187.23, 7874
25245.49, 7873
25333.88, 7872
25475.16, 7871
25543.62, 7841
25588.46, 7828
25641.64, 7817
25659.07, 7816
25714.21, 7808
25748.86, 7806
25797.52, 7805
25846.8, 7801
25903.17, 7798
25939.59, 7797
25987.7, 7796
26031.34, 7795
26079.02, 7794
26125.02, 7792
26163.95, 7790
26212.16, 7789
26265.9, 7788
26321.47, 7787
26378.51, 7786
26431.63, 7785
26477.42, 7784
26517.27, 7782
26605.56, 7781
26655.93, 7780
26710.81, 7779
26773.05, 7778
26882.79, 7777
26904.83, 7776
26956.14, 7775
27023.05, 7774
27062.17, 7773
27139.92, 7772
27186.15, 7771
27252.59, 7770
27318.3, 7769
27397.72, 7768
27490.7, 7767
27562.34, 7766
27668.02, 7765
27746.24, 7764
27816.81, 7763
27890.34, 7762
27959.87, 7761
28045.35, 7760
28154.84, 7759
28235.11, 7758
28329.36, 7757
28437.31, 7756
28539.87, 7755
28629.36, 7754
28729.47, 7753
28835.42, 7752
28948.68, 7751
29070.8, 7750
29166.37, 7749
29286.19, 7748
29389.6, 7747
29497.78, 7746
29564.5, 7731
29612.78, 7717
29645.79, 7705
29687.1, 7704
29740.45, 7695
29838.79, 7693
29875.01, 7692
29917.36, 7687
29957.32, 7684
30005.07, 7683
30062.16, 7682
30147.03, 7681
30166.1, 7680
30337.7, 7677
30339.75, 7675
30341.78, 7674
30442.89, 7673
30451.33, 7672
30505.54, 7671
30570.29, 7669
30617.41, 7668
30669.92, 7666
30730.2, 7665
30795.47, 7664
30871.74, 7663
30946.93, 7662
31001.85, 7661
31072.21, 7660
31121.22, 7659
31175.2, 7658
31255.66, 7657
31300.0, 7656
31356.2, 7655
31429.36, 7654
31501.33, 7653
31558.07, 7652
31639.47, 7651
31709.66, 7650
31777.58, 7649
31851.93, 7648
31952.71, 7647
32003.92, 7646
32073.04, 7645
32118.8, 7644
32244.9, 7643
32322.71, 7642
32407.25, 7641
32510.86, 7640
32579.51, 7639
32657.67, 7638
32743.02, 7637
32855.44, 7636
32944.33, 7635
33027.43, 7634
33114.6, 7633
33222.81, 7632
33305.88, 7631
33411.92, 7630
33522.79, 7629
33612.25, 7628
33753.16, 7627
33859.32, 7626
33988.3, 7625
34105.39, 7624
34231.08, 7623
34291.81, 7608
34339.46, 7595
34385.6, 7594
34443.8, 7584
34490.82, 7582
34560.05, 7581
34594.0, 7575
34628.18, 7572
34676.02, 7571
34738.65, 7570
34792.94, 7569
34860.72, 7568
34937.77, 7564
34959.88, 7562
35005.5, 7561
35080.23, 7560
35130.78, 7559
35189.4, 7558
35236.74, 7555
35287.45, 7554
35342.27, 7552
35409.04, 7551
35458.67, 7550
35513.2, 7549
35601.24, 7548
35663.6, 7546
35724.39, 7545
35775.22, 7544
35827.65, 7543
35901.98, 7542
35970.22, 7541
36048.01, 7540
36129.45, 7539
36204.54, 7538
36315.32, 7537
36383.28, 7536
36446.26, 7535
36505.03, 7534
36574.32, 7533
36660.46, 7532
36743.73, 7531
36821.06, 7530
36900.3, 7529
36944.81, 7528
37029.57, 7527
37096.6, 7526
37195.05, 7525
37276.52, 7524
37352.37, 7523
37436.52, 7522
37510.01, 7521
37588.31, 7520
37667.05, 7519
37754.29, 7518
37840.99, 7517
37915.09, 7516
37995.8, 7515
38095.87, 7514
38220.36, 7513
38312.35, 7512
38405.99, 7511
38492.84, 7510
38610.78, 7509
38718.21, 7508
38833.65, 7507
38939.18, 7506
39044.82, 7505
39153.98, 7504
39267.7, 7503
39380.79, 7502
39492.51, 7501
39597.85, 7500
39756.11, 7499
39806.85, 7487
39871.58, 7486
39922.61, 7475
39965.88, 7473
40029.25, 7472
40068.74, 7465
40111.05, 7462
40178.3, 7461
40215.88, 7460
40260.11, 7459
40365.89, 7458
40394.65, 7457
40453.06, 7453
40488.73, 7451
40625.23, 7450
40631.67, 7449
40671.38, 7448
40738.11, 7447
40810.62, 7446
40895.45, 7443
40928.37, 7442
40964.21, 7440
41021.68, 7439
41045.78, 7438
41172.21, 7437
41191.36, 7436
41269.29, 7435
41296.55, 7433
41403.9, 7432
41421.22, 7431
41511.74, 7430
41548.88, 7429
41647.0, 7428
41692.21, 7427
41762.7, 7426
41861.41, 7425
41894.87, 7424
41986.02, 7423
42030.49, 7422
42088.63, 7421
42131.91, 7420
42226.98, 7419
42313.06, 7418
42378.43, 7417
42455.41, 7416
42529.64, 7415
42602.46, 7414
42708.66, 7413
42762.97, 7412
42839.5, 7411
42928.73, 7410
43022.16, 7409
43088.31, 7408
43179.57, 7407
43229.77, 7406
43313.89, 7405
43397.14, 7404
43507.99, 7403
43582.15, 7402
43677.25, 7401
43753.67, 7400
43814.87, 7399
43921.82, 7398
44044.84, 7397
44104.46, 7396
44246.83, 7395
44328.59, 7394
44380.44, 7393
44487.27, 7392
44606.4, 7391
44711.15, 7390
44779.14, 7389
44896.51, 7388
45013.98, 7387
45101.79, 7386
45238.36, 7385
45363.83, 7384
45448.89, 7383
45589.31, 7382
45709.6, 7381
45835.89, 7380
45976.4, 7379
46097.01, 7378
46241.87, 7377
46308.56, 7368
46354.4, 7366
46389.18, 7365
46497.63, 7357
46546.02, 7354
46591.38, 7353
46652.83, 7352
46704.75, 7351
46782.97, 7350
46841.3, 7348
46904.82, 7344
46969.4, 7342
46971.59, 7341
47014.36, 7340
47093.07, 7339
47180.91, 7338
47223.2, 7336
47249.83, 7333
47323.46, 7332
47380.1, 7330
47422.25, 7329
47520.46, 7328
47563.55, 7327
47643.32, 7326
47724.67, 7325
47758.36, 7324
47812.04, 7322
47871.4, 7321
47913.32, 7320
48007.36, 7319
48054.1, 7318
48155.93, 7317
48199.88, 7316
48359.56, 7315
48382.04, 7314
48409.59, 7313
48447.62, 7312
48528.13, 7311
48628.22, 7310
48699.01, 7309
48732.0, 7308
48905.24, 7307
48987.03, 7306
49070.82, 7305
49073.45, 7304
49144.32, 7303
49223.74, 7302
49282.8, 7301
49443.64, 7300
49463.45, 7299
49594.59, 7298
49679.95, 7297
49763.44, 7296
49850.44, 7295
49955.86, 7294
50002.69, 7293
50163.15, 7292
50165.26, 7291
50369.28, 7290
50372.1, 7289
50427.4, 7288
50544.75, 7287
50625.49, 7286
50839.78, 7285
50841.95, 7284
50843.79, 7283
50935.76, 7282
51199.79, 7281
51202.34, 7280
51204.39, 7279
51352.99, 7278
51374.81, 7277
51511.26, 7276
51628.33, 7275
51713.53, 7274
51789.54, 7273
51941.92, 7272
51995.59, 7271
52103.94, 7270
52228.7, 7269
52344.66, 7268
52431.23, 7267
52581.47, 7266
52694.47, 7265
52796.31, 7264
52941.79, 7263
53015.67, 7262
53138.49, 7261
53250.89, 7260
53406.02, 7259
53558.6, 7258
53676.31, 7257
53784.24, 7251
53786.33, 7248
53929.32, 7247
54008.86, 7246
54017.09, 7245
54017.12, 7244
54105.3, 7241
54113.05, 7237
54259.43, 7235
54261.53, 7234
54263.59, 7233
54288.86, 7232
54504.65, 7231
54523.19, 7228
54528.15, 7225
54608.61, 7224
54946.08, 7222
54947.94, 7221
54950.05, 7220
54976.73, 7219
55049.38, 7218
55266.71, 7217
55268.33, 7216
55270.4, 7215
55456.74, 7213
55492.28, 7212
55494.38, 7211
55496.44, 7210
55588.61, 7209
55596.12, 7208
55664.39, 7207
55760.58, 7206
55778.87, 7205
55878.12, 7204
55890.48, 7203
55937.41, 7202
56003.01, 7201
56126.66, 7200
56133.6, 7199
56203.9, 7198
56269.98, 7197
56353.28, 7196
56425.98, 7195
56504.15, 7194
56575.44, 7193
56609.32, 7192
56641.47, 7191
56743.43, 7190
56796.92, 7189
56846.87, 7188
56920.78, 7187
57041.36, 7186
57139.02, 7185
57194.5, 7184
57237.29, 7183
57385.15, 7182
57401.72, 7181
57471.0, 7180
57542.49, 7179
57597.41, 7178
57693.25, 7177
57808.09, 7176
57930.32, 7175
57986.24, 7174
58075.26, 7173
58183.44, 7172
58218.17, 7171
58304.87, 7170
58392.39, 7169
58510.33, 7168
58646.67, 7167
58721.14, 7166
58824.52, 7165
58920.89, 7164
59030.55, 7163
59128.03, 7162
59229.97, 7161
59453.08, 7160
59474.75, 7159
59603.85, 7158
59730.3, 7157
59843.65, 7156
59921.35, 7155
