4732.27, 7021
4765.13, 7017
4788.23, 6903
4811.96, 6900
4838.51, 6899
4860.6, 6787
4887.5, 6786
4916.25, 6785
4931.33, 6784
4976.02, 6783
5000.65, 6782
5027.32, 6673
5049.76, 6671
5089.63, 6670
5113.73, 6669
5147.53, 6668
5179.69, 6667
5208.39, 6666
5240.46, 6561
5264.72, 6558
5294.23, 6557
5325.2, 6556
5353.4, 6555
5394.97, 6554
5417.07, 6553
5464.67, 6552
5492.1, 6451
5514.29, 6447
5545.69, 6446
5577.22, 6445
5604.1, 6444
5640.08, 6443
5666.11, 6442
5719.63, 6441
5756.65, 6440
5785.13, 6439
5824.05, 6438
5864.95, 6437
5888.06, 6343
5918.03, 6338
5944.71, 6337
5971.26, 6335
6008.45, 6334
6041.69, 6332
6074.31, 6331
6114.19, 6330
6156.72, 6329
6195.12, 6328
6231.35, 6327
6281.38, 6326
6316.93, 6325
6359.06, 6324
6400.89, 6237
6422.39, 6231
6442.81, 6230
6467.74, 6227
6493.99, 6226
6540.21, 6225
6568.42, 6223
6605.62, 6222
6641.26, 6221
6667.13, 6220
6700.1, 6219
6741.74, 6218
6802.52, 6217
6847.71, 6216
6891.65, 6215
6933.29, 6214
6987.58, 6213
7023.46, 6212
7060.97, 6133
7088.56, 6126
7113.68, 6125
7140.89, 6121
7172.24, 6120
7198.23, 6118
7223.39, 6116
7266.52, 6115
7293.93, 6114
7321.28, 6113
7357.77, 6112
7404.46, 6111
7441.8, 6110
7474.48, 6109
7519.81, 6108
7557.08, 6107
7607.53, 6106
7656.37, 6105
7705.36, 6104
7754.54, 6103
7804.69, 6102
7831.58, 6031
7862.27, 6023
7891.5, 6022
7930.73, 6017
7963.45, 6016
7989.55, 6013
8024.87, 6011
8063.8, 6010
8091.91, 6008
8117.43, 6007
8157.73, 6006
8192.41, 6005
8228.65, 6004
8275.93, 6003
8305.26, 6002
8341.24, 6001
8382.64, 6000
8440.19, 5999
8484.45, 5998
8536.7, 5997
8577.91, 5996
8639.29, 5995
8692.73, 5994
8738.07, 5993
8791.98, 5992
8852.12, 5991
8880.19, 5931
8898.2, 5922
8922.03, 5921
8954.32, 5915
8978.16, 5914
9009.13, 5910
9031.9, 5908
9078.8, 5907
9104.38, 5904
9149.81, 5903
9172.36, 5902
9210.99, 5901
9250.4, 5900
9277.29, 5899
9317.97, 5898
9349.78, 5897
9383.63, 5896
9408.97, 5895
9451.05, 5894
9491.65, 5893
9538.04, 5892
9578.22, 5891
9622.41, 5890
9674.54, 5889
9711.78, 5888
9761.8, 5887
9821.29, 5886
9874.96, 5885
9938.91, 5884
9990.21, 5883
10030.16, 5833
10058.0, 5823
10086.79, 5822
10108.1, 5815
10150.56, 5814
10174.04, 5809
10198.17, 5807
10234.68, 5806
10271.5, 5805
10289.98, 5802
10311.21, 5801
10349.43, 5800
10383.01, 5799
10422.99, 5798
10453.25, 5797
10491.32, 5796
10521.42, 5795
10548.41, 5794
10587.19, 5793
10625.67, 5792
10669.77, 5791
10696.93, 5790
10737.07, 5789
10784.27, 5788
10833.82, 5787
10877.23, 5786
10919.62, 5785
10958.19, 5784
11006.24, 5783
11049.27, 5782
11104.78, 5781
11157.03, 5780
11216.03, 5779
11278.23, 5778
11346.1, 5777
11394.02, 5776
11449.86, 5775
11509.53, 5774
11543.41, 5737
11567.23, 5726
11591.65, 5725
11623.55, 5717
11661.92, 5716
11702.6, 5710
11716.43, 5708
11754.46, 5707
11787.2, 5705
11809.04, 5702
11845.6, 5701
11881.79, 5700
11924.86, 5699
11955.55, 5698
11982.16, 5697
12015.42, 5696
12041.52, 5695
12078.1, 5694
12110.29, 5693
12164.3, 5692
12201.26, 5690
12248.96, 5689
12272.92, 5688
12308.82, 5687
12354.45, 5686
12408.81, 5685
12455.58, 5684
12500.41, 5683
12556.8, 5682
12606.91, 5681
12650.48, 5680
12692.04, 5679
12727.86, 5678
12789.52, 5677
12825.21, 5676
12874.11, 5675
12933.03, 5674
12983.07, 5673
13056.48, 5672
13124.72, 5671
13200.3, 5670
13257.15, 5669
13324.48, 5668
13359.55, 5643
13394.03, 5631
13413.6, 5630
13455.65, 5621
13483.48, 5620
13515.66, 5613
13538.7, 5611
13559.41, 5610
13591.79, 5607
13617.61, 5604
13649.55, 5603
13675.67, 5602
13710.8, 5601
13753.43, 5600
13803.79, 5599
13824.22, 5598
13850.2, 5597
13877.34, 5596
13900.24, 5595
13946.76, 5594
13993.62, 5593
14034.21, 5592
14071.6, 5590
14105.55, 5589
14133.28, 5588
14169.39, 5587
14208.81, 5586
14270.29, 5585
14299.65, 5584
14331.75, 5583
14368.83, 5582
14417.83, 5581
14470.2, 5580
14508.92, 5579
14541.21, 5578
14588.16, 5577
14621.6, 5576
14659.52, 5575
14700.44, 5574
14738.29, 5573
14767.85, 5572
14814.46, 5571
14871.23, 5570
14919.38, 5569
14957.6, 5568
15007.77, 5567
15057.23, 5566
15106.22, 5565
15161.65, 5564
15214.96, 5563
15268.44, 5562
15302.51, 5551
15322.33, 5538
15352.72, 5537
15373.11, 5527
15398.34, 5526
15425.59, 5518
15446.61, 5516
15475.52, 5515
15495.07, 5511
15513.39, 5508
15535.25, 5507
15565.55, 5506
15599.86, 5505
15633.25, 5504
15667.6, 5502
15692.13, 5501
15720.53, 5500
15747.51, 5499
15766.73, 5498
15798.08, 5497
15837.32, 5496
15871.07, 5495
15928.25, 5494
15957.59, 5492
15996.07, 5491
16041.98, 5490
16082.72, 5489
16123.58, 5488
16174.95, 5487
16220.6, 5486
16247.37, 5485
16283.16, 5484
16316.68, 5483
16350.55, 5482
16403.84, 5481
16438.93, 5480
16477.37, 5479
16508.56, 5478
16550.27, 5477
16591.7, 5476
16637.62, 5475
16678.73, 5474
16724.17, 5473
16761.78, 5472
16808.01, 5471
16861.34, 5470
16911.28, 5469
16963.86, 5468
17025.52, 5467
17077.11, 5466
17141.01, 5465
17186.6, 5464
17239.1, 5463
17291.69, 5462
17356.37, 5461
17424.15, 5460
17490.9, 5459
17557.5, 5458
17633.59, 5457
17689.18, 5456
17734.07, 5447
17758.58, 5446
17784.29, 5435
17811.3, 5434
17836.72, 5425
17871.39, 5423
17910.06, 5422
17934.38, 5417
17956.53, 5414
17977.42, 5413
18004.02, 5412
18036.37, 5411
18071.03, 5410
18098.17, 5407
18122.32, 5406
18153.99, 5405
18182.63, 5404
18210.98, 5403
18252.16, 5402
18296.58, 5401
18327.97, 5400
18375.7, 5399
18400.35, 5398
18427.24, 5396
18470.29, 5395
18508.07, 5394
18536.09, 5393
18570.77, 5392
18616.26, 5391
18648.97, 5390
18691.67, 5389
18720.78, 5388
18752.96, 5387
18790.4, 5386
18850.48, 5385
18894.08, 5384
18933.21, 5383
18982.68, 5382
19013.78, 5381
19044.8, 5380
19079.3, 5379
19123.32, 5378
19171.66, 5377
19221.64, 5376
19258.29, 5375
19298.37, 5374
19341.24, 5373
19390.56, 5372
19444.41, 5371
19510.45, 5370
19559.37, 5369
19607.19, 5368
19657.4, 5367
19714.5, 5366
19770.76, 5365
19810.84, 5364
19875.03, 5363
19931.93, 5362
19988.3, 5361
20048.67, 5360
20114.86, 5359
20174.72, 5358
20229.65, 5357
20292.74, 5356
20369.56, 5355
20429.42, 5354
20497.56, 5353
20570.94, 5352
20605.34, 5345
20641.36, 5344
20668.78, 5334
20691.03, 5332
20727.39, 5331
20770.93, 5325
20791.27, 5322
20976.81, 5321
20978.45, 5320
20979.88, 5319
20981.25, 5318
20982.88, 5314
21010.62, 5313
21034.24, 5312
21057.91, 5311
21088.74, 5310
21117.1, 5309
21154.87, 5308
21197.92, 5307
21223.52, 5305
21252.08, 5304
21290.29, 5302
21316.22, 5301
21345.51, 5300
21374.52, 5299
21427.08, 5298
21472.17, 5297
21507.66, 5296
21543.57, 5295
21570.65, 5294
21608.01, 5293
21641.51, 5292
21677.13, 5291
21716.07, 5290
21757.58, 5289
21797.64, 5288
21829.03, 5287
21872.66, 5286
21908.17, 5285
21940.84, 5284
21972.88, 5283
22020.46, 5282
22068.69, 5281
22110.78, 5280
22154.41, 5279
22189.68, 5278
22232.84, 5277
22266.94, 5276
22317.95, 5275
22370.19, 5274
22415.72, 5273
22464.9, 5272
22508.35, 5271
22553.81, 5270
22608.2, 5269
22664.85, 5268
22710.4, 5267
22756.41, 5266
22805.44, 5265
22857.25, 5264
22940.63, 5263
22998.91, 5262
23050.4, 5261
23106.45, 5260
23166.21, 5259
23227.05, 5258
23287.61, 5257
23353.9, 5256
23412.23, 5255
23479.14, 5254
23541.75, 5253
23624.4, 5252
23695.35, 5251
23769.05, 5250
23798.78, 5245
23828.12, 5243
23859.79, 5242
23896.47, 5235
23915.35, 5232
23943.28, 5231
23974.49, 5230
24006.36, 5229
24037.31, 5228
24062.91, 5227
24091.46, 5223
24116.02, 5222
24170.18, 5221
24199.57, 5220
24224.39, 5219
24254.54, 5218
24297.78, 5217
24332.84, 5216
24367.94, 5215
24389.45, 5213
24419.08, 5212
24455.6, 5210
24481.89, 5209
24529.44, 5208
24564.87, 5207
24608.41, 5206
24647.5, 5205
24683.16, 5203
24722.57, 5202
24749.3, 5201
24781.96, 5200
24812.68, 5199
24842.09, 5198
24886.1, 5197
24924.81, 5196
24965.31, 5195
25000.63, 5194
25041.0, 5193
25071.2, 5192
25090.14, 5191
25131.63, 5190
25179.47, 5189
25216.99, 5188
25247.46, 5187
25269.32, 5186
25315.29, 5185
25347.45, 5184
25377.47, 5183
25435.84, 5182
25469.48, 5181
25513.5, 5180
25544.23, 5179
25591.37, 5178
25641.56, 5177
25691.3, 5176
25732.62, 5175
25776.53, 5174
25828.75, 5173
25873.39, 5172
25927.33, 5171
25973.95, 5170
26025.22, 5169
26079.07, 5168
26123.84, 5167
26188.93, 5166
26245.27, 5165
26303.48, 5164
26354.59, 5163
26409.15, 5162
26482.17, 5161
26556.1, 5160
26614.79, 5159
26670.33, 5158
26739.63, 5157
26800.44, 5156
26870.5, 5155
26938.72, 5154
27002.69, 5153
27068.46, 5152
27143.77, 5151
27209.93, 5150
27287.69, 5149
27357.92, 5148
27441.52, 5147
27483.85, 5144
27512.5, 5143
27549.83, 5142
27582.96, 5141
27621.33, 5140
27655.91, 5138
27683.83, 5134
27713.3, 5133
27738.95, 5132
27782.58, 5131
27815.98, 5130
27858.77, 5129
27894.37, 5128
27932.76, 5127
27974.52, 5126
27998.71, 5125
28024.26, 5123
28059.12, 5122
28085.41, 5120
28121.73, 5119
28167.25, 5118
28195.93, 5117
28245.49, 5116
28293.26, 5115
28356.77, 5114
28387.84, 5112
28405.4, 5111
28424.63, 5110
28448.17, 5109
28481.07, 5108
28527.1, 5107
28578.31, 5106
28632.63, 5105
28672.81, 5104
28703.15, 5103
28740.68, 5102
28772.2, 5101
28806.44, 5100
28838.87, 5099
28877.77, 5098
28924.7, 5097
28970.05, 5096
29014.46, 5095
29073.71, 5094
29102.57, 5093
29141.78, 5092
29204.99, 5091
29235.56, 5090
29292.25, 5089
29331.92, 5088
29380.01, 5087
29439.43, 5086
29503.75, 5085
29543.64, 5084
29589.24, 5083
29636.21, 5082
29675.34, 5081
29734.13, 5080
29774.44, 5079
29828.75, 5078
29881.21, 5077
29929.97, 5076
29967.32, 5075
30007.22, 5074
30062.38, 5073
30114.2, 5072
30172.83, 5071
30232.62, 5070
30274.02, 5069
30320.45, 5068
30387.97, 5067
30441.73, 5066
30515.87, 5065
30571.08, 5064
30624.34, 5063
30687.17, 5062
30741.75, 5061
30817.1, 5060
30876.72, 5059
30932.83, 5058
30997.12, 5057
31068.75, 5056
31132.42, 5055
31189.35, 5054
31269.41, 5053
31347.72, 5052
31406.15, 5051
31491.12, 5050
31574.48, 5049
31640.41, 5048
31717.95, 5047
31755.53, 5046
31799.92, 5045
31836.8, 5044
31873.44, 5043
31910.81, 5042
31944.07, 5041
31997.38, 5040
32031.42, 5038
32056.18, 5037
32077.12, 5035
32120.85, 5034
32159.52, 5032
32192.8, 5031
32221.85, 5030
32254.77, 5029
32290.15, 5028
32326.8, 5027
32381.82, 5026
32408.67, 5025
32432.82, 5023
32466.41, 5022
32504.9, 5021
32539.47, 5020
32603.33, 5019
32656.48, 5018
32721.47, 5017
32764.49, 5016
32801.16, 5015
32836.74, 5014
32861.91, 5013
32887.94, 5012
32930.5, 5011
32979.52, 5010
33014.05, 5009
33059.61, 5008
33095.93, 5007
33138.6, 5006
33192.76, 5005
33234.29, 5004
33259.86, 5003
33290.44, 5002
33337.24, 5001
33382.4, 5000
33443.74, 4999
33469.97, 4998
33513.01, 4997
33570.34, 4996
33637.66, 4995
33703.74, 4994
33741.98, 4993
33775.46, 4992
33818.47, 4991
33876.22, 4990
33926.1, 4989
33973.36, 4988
34023.95, 4987
34073.78, 4986
34132.88, 4985
34194.42, 4984
34240.37, 4983
34277.18, 4982
34330.15, 4981
34374.57, 4980
34432.17, 4979
34488.54, 4978
34548.88, 4977
34609.3, 4976
34665.12, 4975
34719.13, 4974
34771.91, 4973
34823.22, 4972
34896.17, 4971
34951.36, 4970
35016.7, 4969
35075.92, 4968
35135.83, 4967
35188.36, 4966
35262.05, 4965
35318.03, 4964
35383.48, 4963
35451.89, 4962
35505.5, 4961
35578.25, 4960
35661.93, 4959
35731.3, 4958
35793.24, 4957
35864.43, 4956
35947.77, 4955
36056.47, 4954
36142.59, 4953
36215.39, 4952
36293.68, 4951
36383.37, 4950
36476.07, 4949
36547.72, 4948
36640.28, 4947
36730.47, 4946
36778.91, 4945
36813.16, 4944
36853.28, 4943
36895.73, 4942
36948.38, 4941
36985.45, 4940
37015.7, 4939
37042.14, 4938
37065.77, 4936
37119.24, 4935
37161.62, 4934
37188.58, 4933
37222.0, 4932
37264.77, 4931
37300.95, 4930
37357.03, 4929
37396.14, 4928
37427.36, 4927
37461.48, 4926
37487.35, 4925
37524.07, 4924
37553.78, 4923
37588.05, 4922
37636.93, 4921
37670.43, 4920
37718.08, 4919
37760.01, 4918
37820.59, 4917
37861.15, 4916
37911.97, 4915
37940.75, 4914
37986.77, 4913
38034.36, 4912
38074.1, 4911
38123.08, 4910
38177.75, 4909
38213.9, 4908
38258.89, 4907
38319.55, 4906
38368.6, 4905
38413.4, 4904
38451.32, 4903
38503.83, 4902
38558.72, 4901
38607.59, 4900
38659.88, 4899
38706.9, 4898
38748.74, 4897
38806.54, 4896
38863.66, 4895
38922.66, 4894
38965.6, 4893
39014.68, 4892
39059.97, 4891
39111.72, 4890
39165.89, 4889
39217.81, 4888
39275.2, 4887
39336.73, 4886
39380.85, 4885
39438.03, 4884
39489.45, 4883
39555.33, 4882
39614.95, 4881
39665.29, 4880
39730.0, 4879
39791.67, 4878
39839.46, 4877
39897.15, 4876
39959.41, 4875
40018.73, 4874
40068.94, 4873
40137.98, 4872
40204.09, 4871
40250.74, 4870
40311.82, 4869
40362.49, 4868
40438.21, 4867
40506.23, 4866
40573.93, 4865
40647.04, 4864
40701.75, 4863
40771.73, 4862
40846.55, 4861
40913.39, 4860
40983.44, 4859
41055.05, 4858
41133.58, 4857
41201.37, 4856
41280.43, 4855
41352.9, 4854
41432.44, 4853
41507.13, 4852
41591.95, 4851
41680.53, 4850
41766.16, 4849
41848.33, 4848
41940.13, 4847
41991.21, 4846
42035.4, 4845
42077.51, 4844
42122.46, 4842
42157.31, 4841
42187.88, 4840
42222.06, 4839
42250.9, 4838
42294.1, 4837
42327.47, 4836
42371.59, 4835
42407.32, 4834
42458.62, 4833
42524.07, 4832
42568.49, 4831
42606.44, 4830
42639.97, 4829
42681.29, 4828
42705.84, 4827
42739.19, 4826
42774.68, 4825
42811.27, 4824
42854.6, 4823
42898.11, 4822
42941.48, 4821
42989.81, 4820
43032.23, 4819
43091.76, 4818
43142.82, 4817
43177.07, 4816
43217.68, 4815
43268.16, 4814
43312.12, 4813
43363.0, 4812
43400.9, 4811
43443.03, 4810
43496.91, 4809
43553.23, 4808
43606.4, 4807
43670.63, 4806
43713.33, 4805
43758.3, 4804
43809.1, 4803
43859.38, 4802
43909.65, 4801
43955.8, 4800
44013.29, 4799
44066.01, 4798
44123.33, 4797
44171.31, 4796
44220.34, 4795
44276.12, 4794
44336.43, 4793
44384.13, 4792
44431.13, 4791
44501.67, 4790
44559.54, 4789
44615.6, 4788
44670.66, 4787
44729.31, 4786
44786.26, 4785
44849.31, 4784
44901.06, 4783
44949.62, 4782
45020.42, 4781
45087.81, 4780
45133.3, 4779
45187.14, 4778
45242.55, 4777
45315.73, 4776
45375.16, 4775
45440.7, 4774
45515.44, 4773
45568.79, 4772
45622.8, 4771
45691.4, 4770
45757.98, 4769
45822.11, 4768
45904.29, 4767
45966.08, 4766
46024.25, 4765
46103.29, 4764
46174.54, 4763
46238.38, 4762
46323.09, 4761
46399.84, 4760
46494.41, 4759
46607.94, 4758
46685.72, 4757
46702.6, 4756
46800.59, 4755
46909.39, 4754
47055.8, 4753
47119.93, 4752
47273.89, 4751
47372.21, 4750
47476.71, 4749
47564.01, 4748
47597.2, 4747
47672.45, 4746
47749.41, 4745
47756.87, 4744
47849.06, 4743
47857.74, 4742
47860.37, 4741
47924.55, 4740
47980.41, 4739
48039.92, 4738
48077.21, 4737
48152.63, 4736
48253.46, 4735
48319.67, 4734
48336.23, 4733
48394.12, 4732
48453.27, 4731
48495.64, 4730
48558.6, 4729
48589.79, 4728
48641.29, 4727
48687.58, 4726
48798.98, 4725
48806.76, 4724
48879.35, 4723
48939.18, 4722
49048.18, 4721
49065.17, 4720
49130.95, 4719
49212.76, 4718
49277.74, 4717
49280.52, 4716
49285.38, 4715
49468.53, 4714
49506.59, 4713
49508.3, 4712
49599.63, 4711
49632.53, 4710
49772.84, 4709
49826.98, 4708
49831.31, 4707
49831.56, 4706
49882.5, 4705
49941.07, 4704
50054.3, 4703
50057.85, 4702
50263.44, 4701
50289.87, 4700
50291.86, 4699
50293.71, 4698
50335.26, 4697
50395.35, 4696
50448.7, 4695
50560.45, 4694
50618.67, 4693
50680.85, 4692
50766.78, 4691
50849.83, 4690
50896.02, 4689
50967.69, 4688
51052.04, 4687
51112.61, 4686
51199.84, 4685
51291.12, 4684
51366.91, 4683
51426.78, 4682
51502.07, 4681
51562.0, 4680
51639.69, 4679
51747.84, 4678
51805.68, 4677
51896.61, 4676
51947.79, 4675
52048.35, 4674
52099.32, 4673
52210.86, 4672
52310.46, 4671
52377.7, 4670
52466.07, 4669
52610.17, 4668
52660.91, 4667
52758.49, 4666
52858.37, 4665
52940.14, 4664
53030.3, 4663
53123.71, 4662
53237.75, 4661
53307.37, 4660
53401.15, 4659
53475.54, 4658
53624.34, 4657
53715.04, 4656
53841.41, 4655
53939.57, 4654
54048.61, 4653
54126.79, 4652
54224.02, 4651
54292.05, 4650
54353.29, 4649
54431.12, 4648
54431.26, 4647
54470.87, 4646
54509.92, 4645
54560.89, 4644
54616.12, 4643
54690.63, 4642
54728.1, 4641
54774.84, 4640
54841.0, 4639
54904.17, 4638
54980.08, 4637
55033.73, 4636
55087.38, 4635
55139.04, 4634
55191.56, 4633
55256.86, 4632
55321.03, 4631
55372.61, 4630
55439.35, 4629
55489.88, 4628
55543.83, 4627
55613.22, 4626
55679.05, 4625
55747.29, 4624
55788.41, 4623
55826.62, 4622
55904.6, 4621
55945.84, 4620
56013.32, 4619
56088.31, 4618
56173.72, 4617
56212.48, 4616
56273.43, 4615
56348.26, 4614
56414.71, 4613
56489.38, 4612
56560.4, 4611
56613.88, 4610
56666.56, 4609
56741.51, 4608
56801.93, 4607
56885.82, 4606
56941.66, 4605
57027.14, 4604
57104.84, 4603
57155.6, 4602
57209.65, 4601
57279.37, 4600
57330.48, 4599
57423.91, 4598
57505.05, 4597
57573.39, 4596
57664.31, 4595
57723.88, 4594
57792.94, 4593
57876.96, 4592
57940.93, 4591
58047.37, 4590
58119.97, 4589
58188.09, 4588
58274.1, 4587
58345.92, 4586
58437.43, 4585
58512.92, 4584
58581.15, 4583
58648.33, 4582
58763.67, 4581
58862.83, 4580
58935.72, 4579
59018.17, 4578
59105.74, 4577
59196.07, 4576
59297.76, 4575
59422.54, 4574
59464.67, 4573
59553.1, 4572
59637.76, 4571
59737.39, 4570
59873.19, 4569
59945.42, 4568
60020.39, 4567
60099.1, 4566
60174.64, 4565
60249.67, 4564
60330.21, 4563
60418.36, 4562
60516.24, 4561
60614.89, 4560
60691.6, 4559
60773.12, 4558
60891.22, 4557
60989.48, 4556
61051.92, 4555
61090.39, 4554
61143.13, 4553
61187.63, 4552
61235.13, 4551
61294.72, 4550
