497.22, 631
497.76, 615
498.22, 611
498.68, 607
499.13, 604
499.67, 583
501.08, 569
502.82, 568
505.11, 567
514.37, 566
516.12, 565
520.37, 564
521.33, 563
521.9, 562
551.09, 561
551.88, 560
552.42, 559
553.03, 558
553.62, 557
554.16, 556
555.1, 555
555.28, 554
555.46, 553
555.64, 552
555.81, 551
556.21, 550
556.24, 549
556.32, 548
556.51, 547
556.68, 546
556.86, 545
557.03, 544
557.21, 543
557.4, 542
557.56, 541
557.73, 540
560.77, 539
562.69, 538
563.17, 537
565.33, 536
569.38, 535
570.09, 534
572.21, 533
573.86, 532
577.63, 531
579.13, 530
581.4, 529
583.08, 528
586.25, 527
586.69, 526
588.87, 525
591.67, 524
593.27, 523
595.0, 522
596.99, 521
598.93, 520
601.04, 519
603.42, 518
605.35, 517
607.08, 516
611.02, 515
611.19, 514
613.22, 513
615.1, 512
616.57, 511
619.84, 510
620.97, 509
622.84, 508
624.75, 507
627.31, 506
628.82, 505
632.64, 504
637.93, 503
638.59, 502
639.12, 501
639.74, 500
641.93, 499
644.88, 498
646.24, 497
649.63, 496
653.3, 495
653.71, 494
655.82, 493
658.49, 492
661.12, 491
663.02, 490
665.24, 489
668.12, 488
670.91, 487
672.18, 486
674.43, 485
676.86, 484
679.07, 483
681.41, 482
683.5, 481
687.1, 480
687.55, 479
691.67, 478
692.26, 477
693.88, 476
697.51, 475
698.1, 474
704.78, 473
705.78, 472
710.09, 471
712.92, 470
726.8, 469
729.42, 468
733.74, 467
736.94, 466
737.58, 465
738.13, 464
739.95, 463
744.93, 462
745.39, 461
746.14, 460
748.42, 459
751.29, 458
753.69, 457
756.02, 456
759.27, 455
760.57, 454
763.23, 453
765.43, 452
769.69, 451
781.03, 450
802.56, 449
805.3, 448
808.04, 447
809.67, 446
811.54, 445
813.41, 444
815.61, 443
818.71, 442
820.66, 441
824.1, 440
826.1, 439
828.9, 438
832.36, 437
833.5, 436
836.36, 435
839.07, 434
840.74, 433
862.24, 432
863.55, 431
866.59, 430
870.5, 429
871.08, 428
875.18, 427
875.62, 426
878.6, 425
880.9, 424
883.74, 423
885.65, 422
887.67, 421
891.46, 420
906.63, 419
916.41, 418
929.26, 417
931.38, 416
933.66, 415
936.13, 414
937.79, 413
960.71, 412
969.32, 411
970.03, 410
970.76, 409
971.97, 408
973.49, 407
975.35, 406
977.29, 405
979.82, 404
981.96, 403
983.6, 402
985.57, 401
989.32, 400
989.74, 399
991.18, 398
992.77, 397
996.34, 396
997.41, 395
999.2, 394
1003.01, 393
1003.95, 392
1004.49, 391
1006.39, 390
1007.94, 389
1010.95, 388
1012.01, 387
1014.6, 386
1017.1, 385
1018.68, 384
1019.45, 383
1024.36, 382
1025.25, 381
1032.73, 380
1033.25, 379
1033.71, 378
1035.64, 377
1036.25, 376
1036.71, 375
1039.11, 374
1042.45, 373
1042.97, 372
1044.16, 371
1049.18, 370
1049.68, 369
1050.17, 368
1052.52, 367
1054.76, 366
1058.18, 365
1058.62, 364
1060.7, 363
1061.75, 362
1063.95, 361
1074.0, 360
1081.82, 359
1092.26, 358
1097.55, 357
1107.48, 356
1113.41, 355
1115.92, 354
1117.75, 353
1120.53, 352
1122.42, 351
1124.87, 350
1127.28, 349
1129.55, 348
1134.21, 347
1135.32, 346
1135.9, 345
1137.9, 344
1140.14, 343
1144.68, 342
1154.78, 341
1160.47, 340
1163.54, 339
1170.53, 338
1172.06, 337
1175.04, 336
1177.21, 335
1179.05, 334
1188.31, 333
1196.19, 332
1198.24, 331
1200.2, 330
1206.11, 329
1206.74, 328
1207.24, 327
1210.91, 326
1216.63, 325
1220.64, 324
1222.07, 323
1222.61, 322
1223.12, 321
1223.58, 320
1225.42, 319
1228.24, 318
1230.78, 317
1233.48, 316
1235.22, 315
1238.79, 314
1239.5, 313
1242.23, 312
1244.35, 311
1252.97, 310
1269.58, 309
1270.21, 308
1272.21, 307
1275.2, 306
1282.08, 305
1282.49, 304
1284.72, 303
1287.13, 302
1289.48, 301
1291.92, 300
1294.88, 299
1298.18, 298
1305.39, 297
1315.01, 296
1336.41, 295
1348.31, 294
1360.99, 293
1369.64, 292
1373.91, 291
1375.97, 290
1380.25, 289
1382.74, 288
1384.03, 287
1386.09, 286
1389.19, 285
1390.77, 284
1393.1, 283
1401.45, 282
1409.36, 281
1410.04, 280
1412.14, 279
1414.34, 278
1428.37, 277
1437.47, 276
1444.32, 275
1445.06, 274
1447.07, 273
1449.56, 272
1455.94, 271
1457.98, 270
1460.72, 269
1465.0, 268
1467.24, 267
1469.47, 266
1471.84, 265
1474.01, 264
1476.73, 263
1478.64, 262
1481.61, 261
1485.22, 260
1487.06, 259
1488.99, 258
1491.84, 257
1494.41, 256
1501.85, 255
1508.97, 254
1511.4, 253
1514.91, 252
1516.32, 251
1520.05, 250
1521.26, 249
1523.75, 248
1527.11, 247
1529.0, 246
1531.16, 245
1533.48, 244
1536.0, 243
1543.97, 242
1557.77, 241
1560.92, 240
1563.18, 239
1564.81, 238
1568.02, 237
1583.64, 236
1591.93, 235
1593.79, 234
1596.0, 233
1598.26, 232
1604.69, 231
1605.22, 230
1606.57, 229
1609.48, 228
1612.26, 227
1614.67, 226
1616.74, 225
1620.84, 224
1623.2, 223
1627.93, 222
1628.46, 221
1630.85, 220
1633.02, 219
1636.97, 218
1637.43, 217
1647.02, 216
1658.87, 215
1660.89, 214
1663.64, 213
1666.57, 212
1669.58, 211
1675.43, 210
1677.31, 209
1677.78, 208
1684.33, 207
1686.91, 206
1690.49, 205
1695.91, 204
1710.82, 203
1710.94, 202
1714.71, 201
1717.63, 200
1721.31, 199
1723.83, 198
1726.78, 197
1740.05, 196
1746.42, 195
1748.1, 194
1753.11, 193
1753.53, 192
1756.05, 191
1760.16, 190
1761.09, 189
1764.29, 188
1766.97, 187
1769.87, 186
1772.16, 185
1774.77, 184
1777.49, 183
1779.35, 182
1781.58, 181
1786.57, 180
1798.49, 179
1808.78, 178
1815.19, 177
1817.81, 176
1822.05, 175
1828.23, 174
1830.85, 173
1833.5, 172
1834.25, 171
1839.08, 170
1839.68, 169
1842.55, 168
1844.0, 167
1846.65, 166
1849.39, 165
1855.15, 164
1855.83, 163
1863.97, 162
1877.88, 161
1880.17, 160
1882.78, 159
1885.78, 158
1887.49, 157
1890.22, 156
1893.44, 155
1895.48, 154
1897.96, 153
1900.22, 152
1903.12, 151
1905.64, 150
1908.39, 149
1911.52, 148
1913.61, 147
1927.8, 146
1936.92, 145
1950.26, 144
1952.4, 143
1956.19, 142
1961.82, 141
1974.73, 140
1979.81, 139
1997.49, 138
1998.94, 137
2002.97, 136
2003.56, 135
2005.31, 134
2016.19, 133
2023.56, 132
2035.68, 131
2036.31, 130
2041.59, 129
2041.95, 128
2048.38, 127
2057.52, 126
2059.94, 125
2062.73, 124
2065.81, 123
2067.82, 122
2071.51, 121
2072.54, 120
2074.93, 119
2087.56, 118
2097.49, 117
2100.17, 116
2102.19, 115
2105.62, 114
2106.61, 113
2110.77, 112
2113.27, 111
2115.21, 110
2120.24, 109
2133.68, 108
2135.11, 107
2139.69, 106
2140.77, 105
2142.72, 104
2157.52, 103
2161.08, 102
2161.56, 101
2165.35, 100
2165.52, 99
2178.26, 98
2193.03, 97
2193.49, 96
2194.79, 95
2197.24, 94
2210.33, 93
2212.96, 92
2215.32, 91
2219.73, 90
2220.42, 89
2230.85, 88
2240.12, 87
2242.43, 86
2245.06, 85
2247.55, 84
2258.17, 83
2265.32, 82
2268.49, 81
2271.81, 80
2273.44, 79
2276.03, 78
2286.06, 77
2293.2, 76
2294.77, 75
2297.21, 74
2299.47, 73
2302.22, 72
2304.65, 71
2307.18, 70
2309.69, 69
2318.57, 68
2324.17, 67
2327.9, 66
2329.04, 65
2333.1, 64
2342.98, 63
2354.06, 62
2355.05, 61
2358.45, 60
2363.32, 59
2377.03, 58
2387.1, 57
2387.83, 56
2388.31, 55
2391.02, 54
2404.66, 53
2414.89, 52
2416.6, 51
2419.91, 50
2422.52, 49
2434.6, 48
2439.21, 47
2457.72, 46
2460.59, 45
2462.31, 44
2465.66, 43
2467.83, 42
2470.32, 41
2473.44, 40
2475.94, 39
2478.79, 38
2481.43, 37
2488.04, 36
2488.66, 35
2501.29, 34
2504.99, 33
2507.26, 32
2508.54, 31
2515.93, 30
2527.67, 29
2532.41, 28
2532.93, 27
2537.33, 26
2540.98, 25
2552.47, 24
2552.96, 23
2555.15, 22
2557.12, 21
2562.36, 20
2563.52, 19
2566.29, 18
2569.18, 17
2598.55, 16
2608.02, 15
2610.55, 14
2612.96, 13
2616.75, 12
2619.59, 11
2622.78, 10
2623.28, 9
2626.24, 8
2638.22, 7
2643.86, 6
2646.93, 5
2649.74, 4
2651.97, 3
2653.89, 2
2660.62, 1
2661.04, 0
