460.39, 493
462.3, 486
464.14, 462
466.45, 455
470.96, 450
484.08, 448
489.17, 443
490.0, 442
492.2, 441
494.23, 440
496.07, 439
498.45, 435
501.15, 434
503.27, 410
507.86, 405
508.37, 404
531.08, 381
531.27, 376
531.4, 375
531.54, 374
531.68, 373
531.82, 372
531.95, 371
532.09, 370
538.19, 369
540.76, 368
543.37, 367
545.17, 366
547.74, 365
549.47, 364
552.4, 363
554.22, 362
556.92, 361
559.84, 360
561.17, 359
563.9, 358
565.72, 357
568.79, 356
571.96, 355
574.03, 354
575.61, 352
579.46, 351
579.98, 350
583.38, 349
585.45, 348
588.75, 347
590.96, 346
594.82, 345
595.19, 344
599.39, 343
599.84, 342
602.03, 341
605.97, 340
607.57, 339
612.21, 338
612.7, 337
615.85, 336
618.4, 335
620.49, 334
622.51, 333
626.19, 332
628.75, 331
630.48, 330
633.88, 329
635.79, 328
638.09, 327
643.89, 326
644.49, 325
646.18, 324
649.0, 323
652.38, 322
653.62, 321
657.12, 320
659.34, 319
661.99, 318
663.46, 317
666.33, 316
671.22, 315
671.87, 314
673.79, 313
676.86, 312
678.74, 311
681.75, 310
683.53, 309
686.53, 308
690.59, 307
691.18, 306
693.27, 305
696.02, 304
702.89, 303
703.37, 302
703.79, 301
705.64, 300
712.14, 299
720.88, 298
723.78, 297
725.44, 296
732.71, 295
740.41, 294
749.96, 293
750.64, 292
751.2, 291
762.44, 290
762.97, 289
765.61, 288
769.63, 287
789.13, 286
801.72, 285
812.97, 284
813.54, 283
817.53, 282
819.87, 281
821.77, 280
824.21, 279
826.97, 278
830.54, 277
832.29, 276
836.01, 275
838.5, 274
840.33, 273
842.5, 272
844.92, 271
849.98, 270
850.53, 269
852.82, 268
857.28, 267
858.17, 266
860.89, 265
864.24, 264
865.71, 263
868.14, 262
873.57, 261
874.64, 260
877.21, 259
888.22, 258
895.94, 257
899.57, 256
901.33, 255
904.07, 254
906.93, 253
909.45, 252
913.03, 251
915.36, 250
917.91, 249
920.61, 248
923.91, 247
926.22, 246
929.37, 245
931.89, 244
934.51, 243
956.08, 242
961.01, 241
963.57, 240
966.38, 239
969.16, 238
971.66, 237
974.15, 236
976.55, 235
979.09, 234
982.05, 233
985.09, 232
987.27, 231
990.51, 230
992.23, 229
994.77, 228
998.12, 227
1005.27, 226
1012.98, 225
1018.39, 224
1026.98, 223
1027.31, 222
1029.68, 221
1033.4, 220
1035.37, 219
1038.38, 218
1045.25, 217
1047.62, 216
1063.29, 215
1070.59, 214
1073.28, 213
1075.43, 212
1081.79, 211
1090.69, 210
1092.54, 209
1095.23, 208
1102.39, 207
1120.19, 206
1126.72, 205
1127.2, 204
1130.74, 203
1133.55, 202
1135.52, 201
1138.28, 200
1141.05, 199
1151.62, 198
1162.23, 197
1162.61, 196
1166.31, 195
1167.75, 194
1170.0, 193
1174.02, 192
1178.03, 191
1178.53, 190
1183.34, 189
1183.81, 188
1186.53, 187
1190.12, 186
1192.85, 185
1202.96, 184
1221.04, 183
1229.73, 182
1234.68, 181
1236.09, 180
1238.72, 179
1242.3, 178
1249.03, 177
1249.55, 176
1250.3, 175
1259.71, 174
1260.31, 173
1260.74, 172
1261.16, 171
1267.08, 170
1267.63, 169
1270.87, 168
1274.11, 167
1277.32, 166
1288.95, 165
1293.67, 164
1299.42, 163
1300.08, 162
1320.78, 161
1338.42, 160
1340.25, 159
1343.09, 158
1347.08, 157
1350.18, 156
1353.34, 155
1370.57, 154
1371.01, 153
1375.8, 152
1379.61, 151
1394.16, 150
1405.19, 149
1405.65, 148
1406.06, 147
1409.63, 146
1410.05, 145
1414.52, 144
1417.05, 143
1422.09, 142
1423.34, 141
1425.77, 140
1429.16, 139
1432.69, 138
1435.07, 137
1438.15, 136
1441.53, 135
1451.73, 134
1461.08, 133
1464.78, 132
1468.28, 131
1471.12, 130
1483.15, 129
1487.74, 128
1491.16, 127
1493.42, 126
1519.16, 125
1526.11, 124
1528.11, 123
1533.45, 122
1535.62, 121
1537.95, 120
1541.32, 119
1545.53, 118
1546.15, 117
1549.4, 116
1555.33, 115
1556.0, 114
1560.9, 113
1561.41, 112
1565.57, 111
1578.69, 110
1580.66, 109
1583.7, 108
1587.16, 107
1601.21, 106
1619.96, 105
1631.36, 104
1633.94, 103
1637.19, 102
1640.14, 101
1643.51, 100
1646.71, 99
1649.37, 98
1652.56, 97
1657.8, 96
1658.28, 95
1661.95, 94
1665.07, 93
1669.03, 92
1670.5, 91
1673.94, 90
1690.09, 89
1702.06, 88
1702.47, 87
1706.84, 86
1711.25, 85
1711.64, 84
1714.43, 83
1717.18, 82
1721.32, 81
1724.57, 80
1725.56, 79
1736.16, 78
1743.29, 77
1746.2, 76
1749.2, 75
1754.37, 74
1754.86, 73
1758.27, 72
1761.04, 71
1786.46, 70
1789.19, 69
1794.99, 68
1795.59, 67
1797.7, 66
1801.11, 65
1804.12, 64
1807.05, 63
1810.93, 62
1813.62, 61
1816.86, 60
1818.03, 59
1821.16, 58
1823.99, 57
1827.37, 56
1829.24, 55
1832.7, 54
1836.11, 53
1854.45, 52
1858.07, 51
1861.8, 50
1866.8, 49
1870.68, 48
1871.22, 47
1873.94, 46
1877.83, 45
1881.87, 44
1883.69, 43
1908.05, 42
1914.24, 41
1916.91, 40
1920.69, 39
1923.6, 38
1926.44, 37
1929.37, 36
1934.08, 35
1935.32, 34
1940.62, 33
1941.09, 32
1945.04, 31
1947.67, 30
1951.34, 29
1961.16, 28
1969.19, 27
1972.5, 26
1975.77, 25
1979.64, 24
1981.78, 23
1984.7, 22
1987.57, 21
1990.76, 20
1993.59, 19
2005.14, 18
2007.23, 17
2013.11, 16
2013.59, 15
2037.16, 14
2037.59, 13
2042.48, 12
2046.65, 11
2074.42, 10
2085.49, 9
2085.77, 8
2086.11, 7
2088.54, 6
2091.16, 5
2094.85, 4
2103.81, 3
2107.0, 2
2110.05, 1
2113.15, 0
