7081.19, 9142
7171.48, 9118
7250.26, 9115
7351.51, 9093
7456.08, 9092
7560.49, 9072
7669.02, 9070
7765.22, 9069
7847.0, 9050
7960.94, 9048
8047.33, 9047
8154.81, 8869
8233.44, 8847
8343.12, 8846
8461.19, 8844
8564.85, 8824
8638.8, 8822
8744.47, 8821
8897.29, 8805
8940.06, 8802
9045.73, 8801
9175.26, 8800
9244.69, 8799
9331.84, 8785
9463.34, 8782
9545.72, 8781
9657.56, 8780
9745.77, 8779
9849.87, 8778
9982.74, 8777
10106.26, 8763
10184.81, 8760
10306.39, 8759
10454.45, 8758
10511.19, 8757
10602.79, 8756
10733.84, 8755
10803.41, 8741
10900.13, 8738
11023.46, 8737
11095.49, 8736
11212.26, 8735
11346.2, 8734
11454.25, 8733
11551.07, 8722
11669.18, 8719
11970.9, 8718
12073.65, 8717
12233.42, 8716
12371.47, 8715
12496.25, 8714
12612.99, 8713
12732.12, 8712
12853.22, 8711
12954.68, 8700
13045.76, 8697
13160.0, 8696
13248.25, 8695
13337.03, 8694
13404.67, 8693
13509.09, 8692
13628.76, 8691
13728.92, 8690
13827.23, 8689
13945.41, 8678
14039.88, 8675
14137.78, 8674
14220.23, 8673
14326.27, 8672
14453.39, 8671
14537.57, 8670
14630.08, 8659
14739.7, 8656
14827.33, 8655
14920.04, 8654
15015.38, 8653
15117.72, 8652
15200.7, 8651
15313.31, 8650
15413.84, 8649
15539.85, 8648
15674.33, 8637
15733.07, 8634
15815.85, 8633
15945.68, 8632
16016.06, 8631
16082.26, 8630
16214.08, 8629
16341.67, 8628
16443.66, 8627
16551.91, 8626
16639.29, 8575
16714.83, 8555
16798.49, 8553
16888.88, 8552
16970.54, 8534
17077.01, 8531
17189.7, 8530
17342.2, 8529
17505.82, 8517
17562.75, 8513
17661.08, 8511
17739.62, 8510
17847.0, 8509
17948.37, 8508
18032.77, 8499
18123.73, 8495
18204.89, 8493
18292.08, 8492
18399.74, 8491
18499.33, 8490
18612.72, 8489
18691.3, 8488
18826.47, 8487
18896.81, 8479
18992.0, 8475
19089.87, 8473
19189.24, 8472
19286.83, 8471
19386.42, 8470
19475.79, 8469
19578.78, 8468
19706.4, 8467
19792.39, 8466
19915.57, 8459
19982.4, 8455
20060.17, 8453
20180.98, 8452
20283.52, 8451
20350.97, 8450
20458.23, 8449
20558.17, 8448
20664.76, 8447
20744.95, 8446
20888.74, 8445
20981.02, 8442
21067.8, 8438
21180.0, 8436
21281.33, 8435
21375.26, 8434
21472.9, 8433
21587.88, 8432
21692.49, 8431
21815.23, 8430
21932.84, 8429
22019.59, 8428
22150.09, 8427
22268.06, 8426
22377.93, 8425
22481.77, 8424
22574.71, 8422
22671.27, 8418
22784.48, 8416
22872.01, 8415
22969.0, 8414
23072.98, 8413
23182.69, 8412
23257.56, 8411
23343.54, 8410
23444.31, 8409
23564.6, 8408
23660.24, 8407
23767.08, 8406
23866.75, 8405
24006.99, 8404
24098.56, 8403
24221.26, 8402
24309.25, 8396
24422.56, 8392
24494.56, 8390
24615.25, 8389
24706.92, 8388
24830.45, 8387
24922.09, 8386
25028.6, 8385
25127.45, 8384
25232.4, 8383
25343.57, 8382
25450.79, 8379
25549.98, 8375
25652.69, 8373
25747.34, 8372
25839.78, 8371
25957.92, 8370
26050.62, 8369
26140.3, 8368
26264.4, 8367
26345.79, 8366
26481.98, 8365
26585.9, 8364
26696.74, 8363
26805.18, 8362
26900.77, 8361
27011.02, 8359
27107.25, 8355
27193.26, 8353
27310.24, 8352
27393.51, 8351
27488.12, 8350
27581.37, 8349
27676.34, 8348
27787.61, 8347
27875.99, 8346
27989.03, 8345
28098.45, 8344
28201.51, 8343
28312.35, 8342
28414.89, 8341
28536.73, 8340
28677.12, 8339
28784.68, 8337
28878.16, 8333
28989.72, 8331
29076.87, 8330
29170.02, 8329
29253.02, 8328
29343.66, 8327
29414.7, 8326
29490.04, 8325
29574.38, 8324
29651.08, 8323
29734.27, 8322
29816.09, 8321
29898.76, 8320
29983.08, 8319
30099.62, 8318
30180.1, 8317
30259.84, 8315
30330.75, 8311
30408.5, 8309
30469.95, 8308
30548.06, 8307
30609.04, 8306
30680.6, 8305
30759.81, 8304
30832.71, 8303
30916.5, 8302
30992.34, 8301
31086.48, 8300
31178.86, 8299
31328.5, 8298
31422.28, 8297
31530.15, 8296
31671.43, 8295
31768.14, 8294
31872.65, 8293
31950.04, 8292
32035.45, 8291
32116.38, 8290
32206.86, 8289
32308.68, 8288
32405.77, 8287
32516.19, 8286
32608.15, 8285
32711.28, 8284
32805.26, 8283
32914.27, 8282
33009.95, 8281
33129.31, 8280
33219.74, 8279
33306.61, 8275
33391.93, 8273
33481.43, 8272
33570.08, 8271
33658.8, 8270
33749.46, 8269
33832.91, 8268
33928.48, 8267
34067.31, 8266
34174.7, 8265
34272.36, 8264
34390.38, 8263
34507.89, 8262
34609.1, 8261
34713.97, 8260
34825.86, 8259
34967.65, 8258
35080.32, 8257
35157.99, 8253
35245.77, 8251
35308.04, 8250
35375.73, 8249
35438.43, 8248
35530.72, 8247
35624.01, 8246
35697.88, 8245
35782.9, 8244
35863.8, 8243
35950.02, 8242
36041.95, 8241
36135.68, 8240
36236.54, 8239
36342.43, 8238
36436.7, 8237
36566.1, 8236
36674.26, 8235
36797.32, 8234
36890.44, 8233
36987.44, 8232
37082.84, 8231
37170.1, 8230
37269.4, 8229
37364.9, 8228
37480.43, 8227
37593.45, 8226
37689.46, 8225
37786.26, 8224
37886.92, 8223
38015.0, 8222
38121.17, 8218
38203.62, 8216
38296.26, 8215
38379.55, 8214
38467.12, 8213
38562.56, 8212
38654.65, 8211
38744.32, 8210
38846.83, 8209
38932.31, 8208
39023.2, 8207
39123.9, 8206
39223.45, 8205
39326.99, 8204
39435.66, 8203
39538.35, 8202
39646.04, 8201
39783.84, 8200
39886.88, 8196
39976.44, 8194
40053.8, 8193
40161.09, 8192
40248.11, 8191
40346.77, 8190
40434.7, 8189
40516.31, 8188
40622.33, 8187
40713.69, 8186
40809.41, 8185
40897.62, 8184
40986.26, 8183
41083.18, 8182
41175.84, 8181
41276.02, 8180
41367.67, 8179
41492.36, 8178
41609.16, 8177
41722.06, 8176
41836.92, 8175
41929.23, 8174
42035.69, 8173
42126.14, 8172
42212.47, 8171
42305.12, 8170
42382.44, 8169
42467.08, 8168
42556.36, 8167
42662.5, 8166
42789.04, 8165
42912.71, 8162
43007.31, 8160
43079.52, 8159
43174.53, 8158
43254.27, 8157
43345.72, 8156
43423.93, 8155
43521.35, 8154
43611.93, 8153
43699.19, 8152
43795.39, 8151
43890.15, 8150
43991.99, 8149
44090.42, 8148
44183.59, 8147
44274.02, 8146
44372.23, 8145
44470.77, 8144
44578.11, 8143
44681.01, 8140
44756.7, 8138
44830.03, 8137
44920.85, 8136
45012.81, 8135
45100.99, 8134
45178.14, 8133
45266.76, 8132
45360.11, 8131
45440.83, 8130
45523.5, 8129
45609.09, 8128
45714.3, 8127
45800.62, 8126
45893.16, 8125
45998.52, 8124
46102.52, 8123
46229.3, 8122
46352.63, 8121
46459.11, 8120
46591.32, 8119
46701.62, 8118
46832.14, 8117
46936.61, 8116
47038.49, 8115
47131.55, 8114
47229.49, 8113
47322.55, 8112
47420.61, 8111
47509.86, 8110
47626.98, 8109
47728.18, 8107
47795.23, 8105
47897.66, 8104
47975.74, 8103
48050.22, 8102
48138.82, 8101
48217.08, 8100
48292.77, 8099
48376.5, 8098
48470.45, 8097
48559.32, 8096
48657.66, 8095
48738.1, 8094
48831.97, 8093
48942.26, 8092
49026.47, 8091
49117.71, 8090
49206.45, 8089
49302.98, 8088
49420.64, 8087
49506.73, 8085
49594.45, 8083
49666.92, 8082
49763.72, 8081
49874.26, 8080
49958.07, 8079
50039.12, 8078
50141.82, 8077
50232.41, 8076
50315.19, 8075
50413.42, 8074
50515.18, 8073
50609.29, 8072
50699.7, 8071
50796.41, 8070
50892.04, 8069
50988.17, 8068
51083.13, 8067
51191.7, 8066
51292.79, 8065
51391.01, 8064
51500.46, 8063
51627.93, 8062
51736.04, 8061
51847.41, 8060
51958.94, 8059
52059.03, 8058
52148.3, 8057
52239.34, 8056
52322.14, 8055
52428.52, 8054
52498.21, 8053
52576.47, 8051
52663.82, 8050
52723.42, 8049
52805.4, 8048
52869.46, 8047
52939.09, 8046
53016.95, 8045
53105.46, 8044
53186.27, 8043
53265.2, 8042
53340.16, 8041
53441.54, 8040
53523.52, 8039
53626.05, 8038
53723.52, 8037
53825.77, 8036
53924.25, 8035
54019.17, 8034
54108.8, 8033
54226.36, 8032
54326.24, 8031
54405.3, 8029
54478.0, 8028
54569.51, 8027
54647.6, 8026
54731.68, 8025
54808.74, 8024
54915.68, 8023
54999.6, 8022
55078.34, 8021
55169.4, 8020
55252.63, 8019
55349.69, 8018
55450.34, 8017
55541.95, 8016
55641.24, 8015
55744.75, 8014
55843.95, 8013
55932.02, 8012
56030.89, 8011
56137.8, 8010
56247.05, 8009
56355.86, 8008
56471.47, 8007
56585.88, 8006
56663.44, 8005
56777.55, 8004
56903.25, 8003
57040.08, 8002
57165.53, 8001
57274.68, 8000
57408.97, 7999
57507.59, 7998
57580.59, 7997
57670.78, 7996
57755.9, 7995
57835.22, 7994
57927.32, 7993
58021.51, 7992
58115.24, 7991
58200.63, 7990
58295.8, 7989
58376.58, 7988
58476.25, 7987
58583.14, 7986
58676.74, 7985
58782.07, 7984
58893.98, 7983
58977.65, 7982
59064.03, 7981
59170.8, 7980
59266.11, 7979
59372.86, 7978
59477.93, 7976
59557.1, 7975
59650.91, 7974
59712.85, 7973
59799.36, 7972
59881.03, 7971
59950.51, 7970
60055.22, 7969
60138.62, 7968
