545.71, 758
550.47, 747
551.24, 745
552.92, 734
554.88, 733
556.56, 722
558.88, 713
560.57, 712
562.95, 710
565.2, 701
567.56, 700
571.6, 699
572.45, 697
575.08, 688
577.44, 687
580.01, 686
583.22, 679
584.75, 678
588.03, 677
589.74, 676
592.23, 669
596.41, 668
597.73, 667
599.53, 666
602.08, 665
606.43, 659
607.2, 658
609.21, 657
613.85, 656
614.63, 650
620.49, 649
623.51, 648
623.54, 647
625.56, 646
627.1, 645
630.52, 644
632.43, 638
634.79, 637
637.75, 636
639.42, 635
642.35, 634
645.95, 633
649.55, 632
649.88, 631
653.8, 625
657.46, 624
660.26, 623
664.98, 622
666.98, 621
668.99, 620
671.97, 614
673.88, 613
678.84, 612
679.17, 611
683.82, 610
685.76, 609
688.29, 606
690.02, 605
696.68, 604
696.74, 603
698.16, 602
700.86, 601
704.95, 600
706.89, 599
708.78, 598
710.55, 596
712.42, 595
717.03, 594
717.13, 593
718.39, 592
721.05, 591
723.25, 590
726.7, 589
728.84, 588
732.68, 587
732.87, 586
734.84, 584
739.96, 582
740.89, 581
743.33, 580
748.92, 579
749.22, 578
752.24, 576
754.16, 575
755.74, 574
757.83, 573
761.29, 572
767.5, 571
767.54, 570
767.55, 569
769.35, 568
772.02, 566
773.21, 565
777.39, 564
779.03, 563
782.0, 562
785.23, 561
787.36, 560
789.42, 559
795.28, 558
797.47, 557
798.06, 556
798.71, 555
800.36, 554
801.97, 553
806.01, 552
806.12, 551
809.72, 550
813.9, 549
813.95, 548
817.4, 547
822.43, 546
822.55, 545
823.34, 544
826.81, 543
828.56, 542
832.14, 541
834.16, 540
836.98, 539
839.96, 538
841.99, 537
843.83, 536
845.51, 535
847.73, 534
850.14, 533
852.9, 532
855.2, 531
858.07, 530
859.7, 529
862.64, 528
866.36, 527
868.39, 526
871.08, 525
873.24, 524
877.01, 523
880.07, 522
880.59, 521
883.12, 520
885.47, 519
887.76, 518
889.93, 517
892.64, 516
897.02, 515
899.42, 514
901.54, 513
904.4, 512
906.61, 511
913.28, 510
914.37, 509
916.8, 508
920.37, 507
924.21, 506
926.93, 505
930.07, 504
931.42, 503
934.12, 502
936.47, 501
938.97, 500
941.62, 499
945.04, 498
947.08, 497
949.42, 496
951.86, 495
955.95, 494
960.81, 493
961.59, 492
964.11, 491
965.98, 490
968.23, 489
971.26, 488
974.94, 487
980.85, 486
985.02, 485
985.22, 484
988.04, 483
991.83, 482
993.08, 481
997.64, 480
999.57, 479
1004.01, 478
1004.88, 477
1005.92, 476
1008.99, 475
1011.22, 474
1013.38, 473
1016.63, 472
1017.9, 471
1020.83, 470
1024.72, 469
1026.85, 468
1029.4, 467
1030.99, 466
1036.26, 465
1036.45, 464
1038.76, 463
1041.82, 462
1044.15, 461
1047.63, 460
1049.56, 459
1052.96, 458
1057.95, 457
1060.33, 456
1064.76, 455
1066.03, 454
1069.59, 453
1073.19, 452
1076.75, 451
1079.19, 450
1082.54, 449
1086.45, 448
1090.27, 447
1093.3, 446
1096.72, 445
1099.66, 444
1109.62, 443
1109.67, 442
1109.69, 441
1112.81, 440
1115.71, 439
1117.37, 438
1120.96, 437
1125.02, 436
1127.29, 435
1130.7, 434
1133.27, 433
1137.02, 432
1139.54, 431
1143.69, 430
1146.2, 429
1148.91, 428
1151.39, 427
1154.2, 426
1157.98, 425
1162.84, 424
1164.19, 423
1180.34, 422
1180.4, 421
1180.41, 420
1184.49, 419
1188.78, 418
1191.96, 417
1194.03, 416
1198.44, 415
1202.25, 414
1204.34, 413
1215.08, 412
1219.56, 411
1221.56, 410
1225.02, 409
1228.61, 408
1232.4, 407
1235.23, 406
1242.17, 405
1242.38, 404
1246.4, 403
1248.96, 402
1251.7, 401
1255.52, 400
1259.52, 399
1262.64, 398
1269.2, 397
1269.35, 396
1272.01, 395
1274.97, 394
1279.84, 393
1281.8, 392
1284.83, 391
1289.23, 390
1293.95, 389
1299.42, 388
1305.29, 387
1308.42, 386
1314.1, 385
1315.84, 384
1323.79, 383
1323.9, 382
1323.94, 381
1327.89, 380
1333.5, 379
1334.99, 378
1338.3, 377
1341.7, 376
1348.3, 375
1348.92, 374
1352.72, 373
1355.04, 372
1359.23, 371
1362.19, 370
1366.71, 369
1368.98, 368
1371.05, 367
1376.11, 366
1379.38, 365
1381.66, 364
1384.51, 363
1391.9, 362
1396.46, 361
1397.96, 360
1400.57, 359
1414.28, 358
1417.85, 357
1420.87, 356
1430.27, 355
1432.68, 354
1435.16, 353
1443.8, 352
1447.22, 351
1450.79, 350
1463.91, 349
1467.75, 348
1470.53, 347
1474.04, 346
1478.77, 345
1480.91, 344
1483.7, 343
1488.01, 342
1492.14, 341
1494.69, 340
1501.8, 339
1504.1, 338
1508.49, 337
1516.59, 336
1520.98, 335
1523.67, 334
1525.59, 333
1530.41, 332
1533.56, 331
1539.0, 330
1543.21, 329
1549.9, 328
1550.44, 327
1560.02, 326
1563.03, 325
1565.87, 324
1569.21, 323
1573.08, 322
1575.68, 321
1582.05, 320
1585.51, 319
1589.57, 318
1599.01, 317
1604.84, 316
1607.24, 315
1612.07, 314
1619.47, 313
1619.51, 312
1623.62, 311
1629.29, 310
1632.77, 309
1634.98, 308
1638.23, 307
1641.94, 306
1645.06, 305
1648.56, 304
1652.08, 303
1655.21, 302
1660.34, 301
1663.52, 300
1667.75, 299
1672.4, 298
1675.82, 297
1678.82, 296
1682.17, 295
1687.43, 294
1688.1, 293
1691.26, 292
1693.49, 291
1697.06, 290
1702.37, 289
1705.9, 288
1707.51, 287
1710.33, 286
1713.1, 285
1716.64, 284
1721.11, 283
1725.7, 282
1729.99, 281
1739.77, 280
1739.86, 279
1742.88, 278
1748.98, 277
1750.03, 276
1751.96, 275
1758.81, 274
1759.35, 273
1762.0, 272
1765.63, 271
1769.42, 270
1772.49, 269
1776.94, 268
1781.64, 267
1781.83, 266
1791.82, 265
1791.91, 264
1794.84, 263
1795.5, 262
1802.42, 261
1802.88, 260
1803.33, 259
1812.59, 258
1812.97, 257
1822.63, 256
1822.8, 255
1823.97, 254
1834.7, 253
1844.73, 252
1844.83, 251
1845.99, 250
1855.09, 249
1855.21, 248
1866.81, 247
1875.32, 246
1877.61, 245
1877.71, 244
1885.48, 243
1885.64, 242
1885.92, 241
1891.13, 240
1891.64, 239
1895.42, 238
1902.05, 237
1902.11, 236
1904.07, 235
1914.09, 234
1914.93, 233
1918.42, 232
1921.65, 231
1928.17, 230
1929.06, 229
1931.98, 228
1937.66, 227
1944.0, 226
1946.4, 225
1955.12, 224
1956.86, 223
1959.66, 222
1972.16, 221
1975.69, 220
1979.52, 219
1992.17, 218
1996.72, 217
1997.56, 216
2000.72, 215
2004.56, 214
2008.24, 213
2011.71, 212
2014.75, 211
2016.15, 210
2021.2, 209
2026.35, 208
2033.36, 207
2035.09, 206
2037.92, 205
2042.81, 204
2044.15, 203
2056.3, 202
2056.42, 201
2060.17, 200
2062.88, 199
2068.55, 198
2069.4, 197
2075.96, 196
2077.88, 195
2081.11, 194
2082.84, 193
2087.73, 192
2089.04, 191
2093.84, 190
2097.8, 189
2102.61, 188
2105.6, 187
2109.88, 186
2111.33, 185
2116.25, 184
2121.67, 183
2130.44, 182
2133.9, 181
2134.68, 180
2137.4, 179
2147.48, 178
2149.34, 177
2154.36, 176
2168.34, 175
2170.97, 174
2174.9, 173
2182.58, 172
2186.24, 171
2196.7, 170
2198.97, 169
2204.31, 168
2214.53, 167
2214.76, 166
2223.21, 165
2227.55, 164
2229.25, 163
2235.35, 162
2236.4, 161
2239.91, 160
2246.48, 159
2247.88, 158
2262.1, 157
2265.3, 156
2273.69, 155
2279.72, 154
2282.02, 153
2287.43, 152
2291.21, 151
2295.31, 150
2302.03, 149
2303.79, 148
2315.0, 147
2316.91, 146
2324.77, 145
2326.85, 144
2330.71, 143
2337.74, 142
2341.89, 141
2346.62, 140
2357.28, 139
2362.86, 138
2363.04, 137
2371.59, 136
2375.73, 135
2379.44, 134
2380.93, 133
2384.49, 132
2388.66, 131
2392.69, 130
2398.05, 129
2401.76, 128
2404.31, 127
2407.46, 126
2412.85, 125
2415.06, 124
2418.56, 123
2428.92, 122
2432.31, 121
2436.36, 120
2442.22, 119
2446.67, 118
2447.93, 117
2454.28, 116
2459.79, 115
2464.71, 114
2464.81, 113
2467.44, 112
2470.88, 111
2474.16, 110
2479.08, 109
2483.07, 108
2485.09, 107
2497.54, 106
2501.7, 105
2505.02, 104
2510.08, 103
2511.87, 102
2516.24, 101
2523.98, 100
2529.92, 99
2531.08, 98
2534.29, 97
2538.81, 96
2543.34, 95
2549.84, 94
2553.87, 93
2556.95, 92
2561.97, 91
2564.73, 90
2568.84, 89
2579.14, 88
2585.31, 87
2590.93, 86
2597.11, 85
2597.79, 84
2601.74, 83
2606.66, 82
2613.29, 81
2618.36, 80
2621.43, 79
2625.7, 78
2633.12, 77
2635.92, 76
2638.98, 75
2643.05, 74
2647.47, 73
2657.47, 72
2664.34, 71
2664.42, 70
2664.43, 69
2669.2, 68
2673.77, 67
2679.55, 66
2684.43, 65
2689.83, 64
2689.94, 63
2694.35, 62
2704.23, 61
2708.35, 60
2714.74, 59
2720.73, 58
2720.83, 57
2731.18, 56
2732.65, 55
2745.97, 54
2747.32, 53
2751.65, 52
2765.8, 51
2765.85, 50
2775.8, 49
2781.0, 48
2781.56, 47
2790.18, 46
2795.98, 45
2801.07, 44
2804.82, 43
2810.34, 42
2813.54, 41
2817.82, 40
2821.81, 39
2824.31, 38
2829.35, 37
2832.94, 36
2841.9, 35
2853.87, 34
2866.71, 33
2872.63, 32
2876.82, 31
2882.91, 30
2888.64, 29
2893.23, 28
2893.35, 27
2899.23, 26
2903.78, 25
2906.09, 24
2917.1, 23
2922.14, 22
2924.98, 21
2931.9, 20
2934.25, 19
2939.61, 18
2942.75, 17
2946.67, 16
2951.01, 15
2955.24, 14
2959.44, 13
2964.63, 12
2966.78, 11
2970.12, 10
2986.73, 9
2996.13, 8
2998.77, 7
3003.13, 6
3005.89, 5
3009.39, 4
3016.87, 3
3020.02, 2
3025.47, 1
3029.07, 0
