4659.2, 6184
4760.69, 6159
4809.93, 6138
4925.15, 6124
5008.75, 6103
5054.26, 6086
5101.5, 6085
5198.4, 6072
5262.54, 6055
5330.21, 6054
5387.39, 6047
5444.76, 6030
5522.29, 6029
5594.41, 6022
5643.36, 6021
5710.81, 6014
5751.03, 5997
5819.42, 5996
5907.18, 5990
5943.15, 5989
6002.5, 5982
6099.34, 5965
6120.03, 5964
6190.87, 5961
6264.5, 5960
6305.57, 5953
6364.9, 5936
6427.33, 5935
6500.56, 5934
6570.02, 5931
6637.13, 5930
6689.44, 5923
6764.56, 5906
6819.12, 5905
6861.85, 5903
6949.38, 5902
6993.97, 5895
7067.98, 5878
7151.39, 5877
7216.45, 5875
7272.93, 5874
7330.33, 5873
7393.93, 5872
7452.45, 5871
7512.54, 5870
7607.08, 5869
7635.49, 5862
7700.1, 5861
7770.21, 5847
7823.31, 5846
7878.09, 5845
7971.74, 5844
8029.65, 5838
8085.81, 5837
8131.28, 5825
8184.15, 5824
8244.57, 5823
8304.15, 5822
8366.69, 5821
8447.42, 5818
8509.66, 5817
8563.16, 5816
8617.8, 5815
8711.27, 5809
8749.08, 5808
8821.41, 5796
8870.65, 5795
8932.84, 5794
9010.99, 5793
9075.02, 5792
9117.65, 5791
9197.14, 5790
9266.75, 5789
9327.78, 5788
9402.19, 5786
9459.15, 5785
9511.83, 5784
9588.38, 5783
9641.6, 5782
9712.01, 5777
9777.45, 5776
9819.89, 5764
9876.6, 5763
9944.72, 5762
9983.77, 5761
10052.24, 5760
10119.55, 5759
10219.71, 5753
10265.94, 5751
10333.6, 5750
10397.6, 5749
10448.17, 5748
10508.88, 5747
10573.93, 5746
10634.85, 5745
10698.06, 5744
10751.47, 5743
10844.63, 5742
10903.8, 5736
10959.85, 5734
11027.03, 5733
11081.19, 5732
11138.57, 5731
11202.52, 5730
11276.02, 5729
11330.86, 5728
11402.34, 5727
11475.57, 5721
11536.36, 5719
11564.26, 5718
11627.4, 5717
11695.18, 5716
11742.38, 5715
11838.26, 5714
11927.53, 5713
11981.43, 5712
12061.46, 5711
12073.8, 5710
12151.55, 5704
12207.44, 5702
12278.84, 5701
12328.03, 5700
12414.84, 5699
12452.48, 5698
12523.79, 5697
12587.44, 5696
12649.02, 5695
12732.14, 5694
12766.86, 5693
12827.66, 5692
12904.84, 5690
12957.86, 5689
13032.48, 5688
13085.65, 5687
13142.59, 5683
13240.7, 5681
13285.51, 5680
13344.33, 5679
13426.52, 5678
13500.04, 5677
13569.27, 5676
13634.94, 5675
13720.83, 5674
13765.01, 5673
13816.05, 5672
13865.69, 5671
13954.67, 5670
14022.72, 5668
14093.87, 5667
14155.9, 5666
14223.13, 5665
14284.89, 5661
14348.63, 5659
14396.35, 5658
14450.96, 5657
14501.66, 5656
14611.88, 5655
14699.38, 5654
14772.86, 5653
14827.6, 5652
14890.56, 5650
14932.65, 5649
14980.55, 5648
15035.28, 5647
15093.31, 5643
15140.12, 5641
15184.87, 5640
15227.87, 5639
15278.6, 5638
15313.24, 5637
15361.82, 5636
15410.36, 5635
15468.91, 5633
15517.44, 5632
15556.17, 5631
15597.59, 5630
15641.53, 5629
15689.8, 5628
15743.86, 5627
15809.79, 5626
15866.93, 5624
15908.43, 5623
15954.43, 5622
16008.78, 5621
16068.74, 5617
16125.51, 5615
16161.62, 5614
16240.74, 5613
16313.99, 5612
16364.81, 5611
16420.39, 5610
16484.72, 5609
16591.99, 5608
16636.37, 5607
16682.53, 5606
16735.43, 5605
16796.0, 5604
16840.53, 5603
16904.42, 5602
16966.51, 5601
17015.02, 5600
17065.01, 5599
17148.62, 5598
17208.73, 5596
17267.32, 5594
17314.74, 5593
17380.2, 5592
17446.54, 5591
17501.01, 5590
17561.37, 5589
17610.91, 5588
17664.34, 5587
17741.36, 5586
17812.09, 5585
17868.79, 5584
17924.57, 5583
17998.33, 5582
18057.8, 5581
18115.41, 5580
18177.05, 5579
18237.47, 5578
18302.69, 5576
18355.11, 5574
18418.06, 5573
18465.96, 5572
18524.95, 5571
18570.0, 5570
18621.12, 5569
18676.15, 5568
18724.75, 5567
18796.3, 5566
18870.33, 5565
18928.52, 5564
18993.89, 5563
19070.22, 5562
19146.36, 5561
19212.71, 5560
19284.24, 5559
19339.87, 5558
19399.08, 5557
19458.34, 5556
19515.49, 5555
19586.61, 5554
19646.27, 5553
19714.17, 5552
19761.55, 5551
19826.71, 5550
19890.97, 5549
19941.02, 5548
19991.72, 5547
20059.47, 5546
20114.98, 5545
20169.76, 5544
20233.09, 5543
20314.63, 5542
20388.7, 5541
20447.88, 5540
20502.08, 5539
20555.78, 5538
20609.4, 5537
20667.06, 5536
20728.76, 5535
20779.98, 5534
20829.06, 5533
20895.39, 5532
20936.16, 5531
20975.32, 5530
21028.8, 5529
21075.75, 5528
21131.19, 5527
21182.42, 5526
21242.22, 5525
21325.72, 5524
21392.19, 5523
21462.64, 5522
21524.9, 5521
21580.24, 5520
21642.92, 5519
21700.77, 5518
21762.55, 5517
21825.46, 5516
21875.26, 5515
21926.36, 5514
21974.0, 5513
22022.78, 5512
22075.37, 5511
22131.12, 5510
22184.72, 5509
22237.74, 5508
22296.28, 5507
22356.46, 5506
22427.21, 5505
22490.94, 5504
22555.85, 5503
22608.62, 5502
22665.98, 5501
22711.29, 5500
22764.32, 5499
22827.78, 5498
22886.67, 5497
22950.57, 5496
23020.37, 5495
23102.28, 5494
23154.03, 5493
23215.78, 5492
23273.53, 5491
23335.99, 5490
23392.99, 5489
23461.05, 5488
23511.97, 5487
23568.15, 5486
23631.74, 5485
23675.25, 5484
23724.65, 5483
23777.87, 5482
23830.74, 5481
23887.19, 5480
23946.07, 5479
24003.36, 5478
24071.95, 5477
24142.55, 5476
24206.37, 5475
24259.65, 5474
24310.25, 5473
24371.09, 5472
24443.29, 5471
24506.11, 5470
24563.45, 5469
24627.48, 5468
24702.13, 5467
24761.15, 5466
24826.17, 5465
24878.36, 5464
24933.02, 5463
25000.42, 5462
25056.95, 5461
25117.18, 5460
25177.79, 5459
25241.76, 5458
25306.96, 5457
25375.41, 5456
25436.69, 5455
25499.74, 5454
25548.29, 5453
25613.18, 5452
25667.72, 5451
25745.13, 5450
25805.85, 5449
25852.96, 5448
25901.04, 5447
25957.23, 5446
26028.2, 5445
26083.47, 5444
26147.42, 5443
26202.52, 5442
26253.36, 5441
26318.86, 5440
26374.57, 5439
26433.39, 5438
26508.88, 5437
26561.58, 5436
26612.7, 5435
26678.28, 5434
26725.84, 5433
26779.15, 5432
26835.55, 5431
26890.08, 5430
26942.09, 5429
27003.63, 5428
27063.18, 5427
27127.12, 5426
27194.45, 5425
27257.28, 5424
27326.44, 5423
27394.35, 5422
27448.67, 5421
27507.15, 5420
27566.87, 5419
27626.05, 5418
27682.62, 5417
27744.23, 5416
27810.68, 5415
27865.07, 5414
27920.82, 5413
27974.79, 5412
28033.5, 5411
28101.55, 5410
28147.8, 5409
28201.12, 5408
28251.91, 5407
28310.88, 5406
28368.22, 5405
28430.85, 5404
28484.05, 5403
28557.47, 5402
28641.99, 5401
28702.56, 5400
28768.39, 5399
28831.45, 5398
28900.59, 5397
28984.46, 5396
29037.97, 5395
29101.55, 5394
29176.18, 5393
29236.57, 5392
29286.46, 5391
29347.83, 5390
29403.98, 5389
29450.92, 5388
29512.7, 5387
29569.0, 5386
29629.3, 5385
29683.48, 5384
29744.71, 5383
29809.16, 5382
29876.3, 5381
29926.9, 5380
29990.52, 5379
30059.96, 5378
30132.5, 5377
30192.78, 5376
30247.95, 5375
30304.2, 5374
30366.76, 5373
30440.32, 5372
30492.23, 5371
30554.43, 5370
30640.84, 5369
30700.82, 5368
30742.47, 5367
30809.79, 5366
30872.12, 5365
30928.07, 5364
30991.41, 5363
31058.68, 5362
31124.84, 5361
31175.82, 5360
31234.03, 5359
31283.65, 5358
31343.06, 5357
31392.27, 5356
31459.2, 5355
31511.43, 5354
31568.53, 5353
31619.39, 5352
31676.83, 5351
31740.41, 5350
31800.25, 5349
31887.21, 5348
31962.8, 5347
32017.97, 5346
32075.41, 5345
32143.38, 5344
32217.57, 5343
32277.6, 5342
32359.24, 5341
32408.16, 5340
32484.09, 5339
32539.41, 5338
32599.27, 5337
32664.68, 5336
32734.95, 5335
32807.53, 5334
32869.93, 5333
32930.42, 5332
33001.1, 5331
33068.91, 5330
33124.96, 5329
33191.92, 5328
33247.84, 5327
33299.72, 5326
33353.48, 5325
33402.25, 5324
33462.53, 5323
33514.59, 5322
33586.2, 5321
33634.67, 5320
33684.61, 5319
33744.27, 5318
33803.89, 5317
33866.83, 5316
33920.86, 5315
33993.38, 5314
34059.59, 5313
34120.7, 5312
34188.96, 5311
34253.44, 5310
34318.7, 5309
34384.65, 5308
34477.38, 5307
34529.58, 5306
34587.53, 5305
34642.67, 5304
34701.23, 5303
34756.6, 5302
34812.68, 5301
34871.81, 5300
34931.23, 5299
35001.05, 5298
35070.46, 5297
35128.61, 5296
35192.03, 5295
35245.75, 5294
35308.55, 5293
35384.53, 5292
35442.85, 5291
35501.86, 5290
35570.86, 5289
35644.48, 5288
35712.41, 5287
35767.91, 5286
35831.28, 5285
35890.55, 5284
35946.22, 5283
36022.32, 5282
36097.42, 5281
36175.77, 5280
36251.23, 5279
36328.26, 5278
36402.3, 5277
36468.21, 5276
36543.08, 5275
36610.88, 5274
36662.74, 5273
36730.68, 5272
36784.55, 5271
36841.32, 5270
36894.9, 5269
36957.12, 5268
37010.02, 5267
37068.17, 5266
37138.88, 5265
37201.26, 5264
37274.79, 5263
37347.69, 5262
37408.74, 5261
37484.82, 5260
37556.96, 5259
37631.99, 5258
37706.71, 5257
37785.98, 5256
37854.91, 5255
37923.26, 5254
38006.48, 5253
38070.71, 5252
38145.49, 5251
38202.65, 5250
38258.85, 5249
38323.85, 5248
38390.94, 5247
38444.56, 5246
38510.71, 5245
38564.72, 5244
38624.75, 5243
38681.99, 5242
38757.06, 5241
38816.06, 5240
38880.04, 5239
38941.41, 5238
39008.49, 5237
39081.34, 5236
39145.48, 5235
39222.51, 5234
39319.51, 5233
39368.03, 5232
39428.99, 5231
39507.64, 5230
39575.78, 5229
39636.49, 5228
39714.32, 5227
39779.08, 5226
39846.31, 5225
39928.09, 5224
39983.18, 5223
40046.51, 5222
40119.79, 5221
40178.81, 5220
40248.16, 5219
40315.22, 5218
40380.98, 5217
40441.83, 5216
40502.98, 5215
40565.52, 5214
40620.99, 5213
40683.18, 5212
40729.17, 5211
40780.88, 5210
40836.36, 5209
40879.89, 5208
40928.27, 5207
40985.6, 5206
41052.82, 5205
41104.25, 5204
41156.98, 5203
41214.56, 5202
41270.67, 5201
41474.15, 5200
41478.4, 5199
41484.31, 5198
41520.41, 5197
41600.79, 5196
41675.13, 5195
41748.13, 5194
41815.37, 5193
41880.67, 5192
41944.61, 5191
42010.25, 5190
42062.31, 5189
42119.89, 5188
42174.38, 5187
42230.77, 5186
42283.59, 5185
42338.83, 5184
42397.7, 5183
42460.26, 5182
42518.81, 5181
42592.18, 5180
42659.58, 5179
42718.84, 5178
42779.17, 5177
42846.07, 5176
42914.79, 5175
42977.13, 5174
43040.79, 5173
43116.58, 5172
43197.88, 5171
43266.85, 5170
43333.59, 5169
43408.25, 5168
43476.37, 5167
43556.12, 5166
43614.82, 5165
43667.51, 5164
43729.7, 5163
43783.5, 5162
43836.28, 5161
43886.34, 5160
43945.91, 5159
44000.92, 5158
44055.57, 5157
44122.85, 5156
44183.42, 5155
44234.34, 5154
44290.65, 5153
44351.17, 5152
44409.11, 5151
44459.95, 5150
44511.04, 5149
44561.27, 5148
44616.53, 5147
44667.68, 5146
44728.83, 5145
44798.39, 5144
44877.4, 5143
44959.42, 5142
45027.66, 5141
45101.75, 5140
45173.45, 5139
45236.78, 5138
45300.54, 5137
45372.91, 5136
45441.31, 5135
45510.14, 5134
45582.57, 5133
45658.03, 5132
45717.77, 5131
45776.73, 5130
45840.74, 5129
45899.35, 5128
45953.66, 5127
46012.24, 5126
46059.94, 5125
46123.5, 5124
46184.26, 5123
46264.6, 5122
46329.21, 5121
46401.0, 5120
46468.7, 5119
46535.55, 5118
46605.09, 5117
46668.3, 5116
46732.83, 5115
46805.42, 5114
46883.58, 5113
46960.47, 5112
47040.94, 5111
47093.6, 5110
47162.06, 5109
47225.46, 5108
47278.12, 5107
47343.16, 5106
47396.86, 5105
47453.59, 5104
47527.08, 5103
47584.37, 5102
47637.99, 5101
47704.9, 5100
47769.95, 5099
47832.47, 5098
47902.88, 5097
47967.16, 5096
48028.78, 5095
48102.42, 5094
48169.09, 5093
48238.79, 5092
48316.76, 5091
48400.54, 5090
48493.32, 5089
48548.19, 5088
48610.75, 5087
48676.01, 5086
48740.09, 5085
48800.3, 5084
48871.93, 5083
48926.66, 5082
48989.14, 5081
49058.79, 5080
49157.88, 5079
49240.3, 5078
49310.96, 5077
49385.97, 5076
49469.84, 5075
49574.35, 5074
49652.25, 5073
49760.18, 5072
49830.16, 5071
49932.7, 5070
50043.59, 5069
50112.46, 5068
50194.99, 5067
50281.67, 5066
50365.66, 5065
50414.43, 5064
50490.29, 5063
50565.96, 5062
50628.09, 5061
50682.53, 5060
50752.39, 5059
50818.61, 5058
50889.7, 5057
50958.22, 5056
51042.37, 5055
51114.56, 5054
51177.73, 5053
51242.93, 5052
51305.53, 5051
51372.77, 5050
51499.02, 5049
51559.89, 5048
51609.31, 5047
51659.53, 5046
51710.04, 5045
51763.33, 5044
51880.65, 5043
52012.91, 5042
52108.78, 5041
52210.97, 5040
52326.04, 5039
52377.35, 5038
52437.1, 5037
52537.11, 5036
52615.46, 5035
52699.66, 5034
52769.61, 5033
52841.65, 5032
52906.41, 5031
52979.19, 5030
53058.23, 5029
53138.96, 5028
53213.04, 5027
53287.23, 5026
53373.27, 5025
53440.51, 5024
53508.27, 5023
53576.25, 5022
53644.66, 5021
53712.26, 5020
53777.48, 5019
53862.63, 5018
53932.02, 5017
54005.19, 5016
54087.53, 5015
54157.74, 5014
54236.4, 5013
54316.0, 5012
54398.46, 5011
54494.62, 5010
54562.46, 5009
54641.34, 5008
54715.27, 5007
54807.79, 5006
54876.38, 5005
54950.76, 5004
55031.01, 5003
55107.76, 5002
55177.61, 5001
55268.15, 5000
55342.31, 4999
55424.0, 4998
55528.12, 4997
55587.02, 4996
55665.5, 4995
55726.78, 4994
55807.25, 4993
55899.37, 4992
55999.2, 4991
56056.1, 4990
56130.41, 4989
56231.52, 4988
56300.34, 4987
56364.27, 4986
56464.42, 4985
56574.58, 4984
56661.64, 4983
56749.81, 4982
56816.2, 4981
56900.06, 4980
56978.22, 4979
57064.8, 4978
57160.34, 4977
57244.33, 4976
57344.93, 4975
57432.41, 4974
57547.85, 4973
57611.66, 4972
57697.57, 4971
57773.4, 4970
57865.67, 4969
57913.57, 4968
58002.83, 4967
58082.57, 4966
58182.52, 4965
58268.8, 4964
58356.64, 4963
58435.97, 4962
58515.81, 4961
58590.1, 4960
58709.39, 4959
58786.25, 4958
58867.82, 4957
59026.03, 4956
59128.23, 4955
59187.27, 4954
59318.5, 4953
59422.66, 4952
59483.65, 4951
59572.54, 4950
59642.55, 4949
59735.42, 4948
59827.55, 4947
59900.71, 4946
60013.67, 4945
60059.06, 4944
60160.52, 4943
60235.88, 4942
60328.52, 4941
60390.85, 4940
60465.36, 4939
60531.31, 4938
60624.27, 4937
60701.74, 4936
60782.49, 4935
60864.74, 4934
