817.38, 1298
830.54, 1274
830.89, 1256
837.62, 1239
841.76, 1237
844.2, 1220
847.24, 1211
851.35, 1208
877.04, 1207
878.02, 1206
882.19, 1205
885.11, 1189
902.15, 1188
920.26, 1180
925.29, 1179
928.93, 1163
932.36, 1162
936.26, 1161
943.99, 1154
944.98, 1153
948.64, 1152
952.69, 1151
957.45, 1150
961.45, 1136
965.43, 1134
968.02, 1133
977.24, 1127
982.12, 1125
983.26, 1124
984.29, 1123
989.49, 1122
1011.02, 1111
1012.32, 1108
1021.01, 1107
1024.68, 1102
1028.81, 1099
1033.69, 1098
1037.03, 1097
1048.62, 1096
1064.28, 1095
1069.87, 1094
1073.28, 1091
1084.24, 1090
1093.82, 1089
1095.38, 1088
1099.19, 1085
1103.81, 1082
1108.31, 1081
1113.17, 1080
1114.35, 1079
1119.31, 1078
1126.17, 1077
1130.22, 1076
1136.06, 1074
1138.68, 1071
1143.54, 1070
1147.19, 1069
1150.46, 1068
1155.19, 1067
1189.58, 1066
1193.36, 1065
1198.3, 1064
1203.12, 1063
1209.05, 1060
1212.43, 1059
1216.1, 1058
1219.97, 1057
1232.03, 1056
1242.26, 1055
1247.23, 1054
1251.45, 1053
1259.2, 1052
1267.54, 1051
1280.2, 1049
1309.11, 1048
1316.76, 1047
1334.36, 1046
1340.09, 1045
1346.38, 1044
1349.53, 1043
1353.33, 1042
1360.88, 1041
1363.83, 1040
1368.0, 1039
1374.08, 1038
1389.71, 1037
1393.37, 1036
1397.62, 1035
1401.31, 1034
1404.45, 1033
1412.86, 1032
1423.97, 1031
1429.61, 1030
1431.74, 1029
1436.37, 1028
1443.37, 1027
1448.37, 1026
1452.1, 1025
1456.55, 1024
1460.59, 1023
1465.06, 1022
1485.05, 1021
1494.85, 1020
1495.82, 1019
1501.78, 1018
1512.83, 1017
1529.31, 1016
1531.38, 1015
1536.26, 1014
1541.69, 1013
1546.17, 1012
1550.26, 1011
1556.13, 1010
1570.48, 1009
1578.96, 1008
1586.43, 1007
1594.96, 1006
1606.95, 1005
1610.89, 1004
1614.91, 1003
1627.78, 1002
1632.36, 1001
1636.83, 1000
1642.52, 999
1648.42, 998
1650.29, 997
1653.78, 996
1658.93, 995
1675.41, 994
1680.45, 993
1685.4, 992
1690.32, 991
1696.5, 990
1714.14, 989
1734.74, 988
1760.57, 987
1775.93, 986
1777.0, 985
1799.53, 984
1808.09, 983
1815.91, 982
1832.42, 981
1862.09, 980
1886.84, 979
1896.92, 978
1910.88, 977
1919.66, 976
1930.13, 975
1931.31, 974
1932.09, 973
1936.24, 972
1940.83, 971
1943.98, 970
1949.19, 969
1952.41, 968
1957.17, 967
1962.39, 966
1966.23, 965
1971.75, 964
1977.16, 963
1981.51, 962
1985.29, 961
1994.34, 960
2014.59, 959
2038.66, 958
2042.55, 957
2048.66, 956
2052.35, 955
2058.36, 954
2063.68, 953
2078.42, 952
2085.43, 951
2093.7, 950
2097.12, 949
2100.93, 948
2106.36, 947
2116.75, 946
2118.46, 945
2119.35, 944
2129.38, 943
2147.92, 942
2171.11, 941
2176.36, 940
2191.41, 939
2195.31, 938
2200.57, 937
2205.44, 936
2211.94, 935
2217.54, 934
2223.3, 933
2249.4, 932
2280.77, 931
2280.83, 930
2297.11, 929
2313.13, 928
2329.66, 927
2329.69, 926
2363.35, 925
2363.39, 924
2363.4, 923
2363.41, 922
2363.42, 921
2363.42, 920
2370.79, 919
2376.0, 918
2392.03, 917
2398.79, 916
2402.45, 915
2421.01, 914
2421.28, 913
2421.6, 912
2426.72, 911
2435.23, 910
2443.83, 909
2449.75, 908
2454.24, 907
2460.31, 906
2463.87, 905
2469.05, 904
2478.43, 903
2483.07, 902
2496.37, 901
2513.15, 900
2514.95, 899
2531.18, 898
2533.73, 897
2535.31, 896
2544.92, 895
2551.34, 894
2559.52, 893
2561.23, 892
2566.22, 891
2581.18, 890
2582.27, 889
2596.67, 888
2600.74, 887
2622.25, 886
2622.62, 885
2634.64, 884
2635.0, 883
2643.43, 882
2651.38, 881
2662.16, 880
2666.34, 879
2674.59, 878
2681.98, 877
2686.52, 876
2695.94, 875
2701.27, 874
2710.64, 873
2718.08, 872
2722.08, 871
2742.74, 870
2743.85, 869
2748.4, 868
2755.98, 867
2760.87, 866
2768.09, 865
2773.84, 864
2780.36, 863
2785.8, 862
2790.89, 861
2797.16, 860
2812.01, 859
2817.14, 858
2843.87, 857
2850.48, 856
2856.45, 855
2863.69, 854
2869.61, 853
2879.38, 852
2885.13, 851
2888.1, 850
2894.75, 849
2898.0, 848
2901.66, 847
2907.47, 846
2911.66, 845
2919.23, 844
2925.4, 843
2931.31, 842
2947.11, 841
2961.25, 840
2961.38, 839
2967.66, 838
2979.55, 837
2980.36, 836
2982.81, 835
2995.94, 834
3029.48, 833
3031.34, 832
3043.53, 831
3043.86, 830
3044.41, 829
3044.44, 828
3049.96, 827
3056.12, 826
3062.01, 825
3085.97, 824
3099.76, 823
3127.26, 822
3128.62, 821
3129.03, 820
3129.32, 819
3130.01, 818
3130.06, 817
3144.67, 816
3147.75, 815
3149.11, 814
3152.1, 813
3198.13, 812
3202.32, 811
3203.4, 810
3208.55, 809
3214.84, 808
3216.41, 807
3219.16, 806
3219.25, 805
3228.31, 804
3230.57, 803
3234.74, 802
3259.62, 801
3259.8, 800
3260.08, 799
3260.53, 798
3295.12, 797
3296.0, 796
3296.81, 795
3297.26, 794
3314.67, 793
3331.84, 792
3332.13, 791
3332.47, 790
3356.55, 789
3357.32, 788
3357.81, 787
3359.76, 786
3388.24, 785
3393.39, 784
3393.51, 783
3399.2, 782
3416.8, 781
3444.98, 780
3446.1, 779
3447.29, 778
3462.96, 777
3463.4, 776
3474.2, 775
3481.9, 774
3502.88, 773
3519.02, 772
3528.37, 771
3532.82, 770
3545.01, 769
3548.07, 768
3568.14, 767
3568.53, 766
3568.89, 765
3569.2, 764
3577.57, 763
3582.72, 762
3598.71, 761
3599.29, 760
3612.43, 759
3633.49, 758
3643.46, 757
3646.02, 756
3659.07, 755
3660.66, 754
3680.06, 753
3684.11, 752
3692.5, 751
3701.6, 750
3707.86, 749
3719.91, 748
3730.06, 747
3735.62, 746
3745.88, 745
3747.92, 744
3752.95, 743
3758.93, 742
3769.39, 741
3775.75, 740
3782.16, 739
3799.4, 738
3806.2, 737
3819.5, 736
3819.59, 735
3867.46, 734
3868.31, 733
3869.56, 732
3880.13, 731
3921.57, 730
3923.0, 729
3923.29, 728
3923.68, 727
3923.92, 726
3924.29, 725
3924.59, 724
3931.44, 723
3978.79, 722
3979.39, 721
3979.92, 720
3980.06, 719
3984.84, 718
4000.6, 717
4017.71, 716
4023.23, 715
4045.67, 714
4045.77, 713
4051.04, 712
4060.77, 711
4064.67, 710
4091.37, 709
4092.26, 708
4092.28, 707
4092.28, 706
4101.44, 705
4184.0, 704
4184.24, 703
4184.47, 702
4184.5, 701
4184.58, 700
4184.97, 699
4185.22, 698
4201.53, 697
4201.59, 696
4201.96, 695
4214.31, 694
4223.8, 693
4231.85, 692
4253.87, 691
4259.07, 690
4266.17, 689
4274.13, 688
4283.76, 687
4294.34, 686
4294.67, 685
4318.66, 684
4318.95, 683
4325.13, 682
4339.93, 681
4346.92, 680
4368.04, 679
4368.25, 678
4395.38, 677
4395.57, 676
4402.71, 675
4407.33, 674
4413.76, 673
4429.18, 672
4439.26, 671
4449.71, 670
4476.86, 669
4493.01, 668
4493.13, 667
4493.15, 666
4499.13, 665
4506.58, 664
4513.53, 663
4533.95, 662
4547.14, 661
4561.73, 660
4561.83, 659
4573.67, 658
4574.22, 657
4580.03, 656
4588.81, 655
4598.06, 654
4602.53, 653
4614.63, 652
4619.06, 651
4633.49, 650
4645.29, 649
4649.74, 648
4660.48, 647
4661.43, 646
4683.42, 645
4684.24, 644
4691.81, 643
4698.11, 642
4705.92, 641
4716.63, 640
4717.19, 639
4726.51, 638
4729.61, 637
4736.21, 636
4744.93, 635
4750.65, 634
4758.5, 633
4775.96, 632
4791.84, 631
4794.16, 630
4800.41, 629
4823.65, 628
4825.41, 627
4825.46, 626
4826.5, 625
4837.39, 624
4844.02, 623
4845.87, 622
4853.45, 621
4866.47, 620
4874.76, 619
4881.97, 618
4902.98, 617
4915.3, 616
4918.75, 615
4930.35, 614
4949.92, 613
4952.5, 612
4967.72, 611
4982.91, 610
4983.86, 609
4986.25, 608
4991.35, 607
5010.33, 606
5010.64, 605
5014.33, 604
5033.56, 603
5058.69, 602
5058.74, 601
5058.75, 600
5058.77, 599
5058.78, 598
5062.49, 597
5068.9, 596
5086.43, 595
5127.56, 594
5127.87, 593
5128.18, 592
5128.5, 591
5129.34, 590
5129.37, 589
5129.57, 588
5129.75, 587
5148.05, 586
5150.43, 585
5161.44, 584
5162.53, 583
5166.48, 582
5183.83, 581
5192.24, 580
5207.1, 579
5214.84, 578
5231.6, 577
5232.05, 576
5279.77, 575
5279.82, 574
5280.13, 573
5280.58, 572
5300.23, 571
5300.98, 570
5308.33, 569
5331.65, 568
5362.18, 567
5363.32, 566
5365.81, 565
5366.84, 564
5400.64, 563
5403.42, 562
5420.08, 561
5428.31, 560
5431.37, 559
5431.9, 558
5442.0, 557
5444.71, 556
5463.97, 555
5468.07, 554
5468.12, 553
5476.78, 552
5495.54, 551
5501.97, 550
5513.75, 549
5519.57, 548
5533.57, 547
5548.91, 546
5549.18, 545
5549.53, 544
5563.35, 543
5565.42, 542
5568.33, 541
5582.69, 540
5584.4, 539
5602.23, 538
5616.27, 537
5619.71, 536
5627.86, 535
5635.35, 534
5651.11, 533
5651.67, 532
5653.29, 531
5678.15, 530
5678.22, 529
5702.12, 528
5702.36, 527
5715.52, 526
5715.61, 525
5725.89, 524
5732.3, 523
5770.3, 522
5774.88, 521
5775.66, 520
5787.15, 519
5791.67, 518
5792.64, 517
5811.05, 516
5817.62, 515
5830.05, 514
5834.61, 513
5848.96, 512
5851.04, 511
5871.06, 510
5871.31, 509
5878.76, 508
5886.56, 507
5928.6, 506
5929.93, 505
5943.24, 504
5953.06, 503
5976.78, 502
5977.36, 501
5977.37, 500
5986.2, 499
5992.61, 498
6006.35, 497
6015.83, 496
6026.04, 495
6034.43, 494
6051.26, 493
6065.96, 492
6067.3, 491
6089.19, 490
6090.76, 489
6090.77, 488
6118.08, 487
6121.74, 486
6126.19, 485
6145.12, 484
6146.69, 483
6151.88, 482
6158.82, 481
6167.16, 480
6175.84, 479
6182.81, 478
6193.55, 477
6198.75, 476
6218.11, 475
6218.56, 474
6224.25, 473
6232.97, 472
6239.45, 471
6260.57, 470
6274.77, 469
6282.0, 468
6289.81, 467
6312.86, 466
6314.67, 465
6314.75, 464
6319.8, 463
6331.82, 462
6334.81, 461
6343.14, 460
6351.79, 459
6401.68, 458
6401.74, 457
6401.74, 456
6415.9, 455
6434.37, 454
6447.91, 453
6460.73, 452
6461.85, 451
6468.26, 450
6477.32, 449
6482.54, 448
6500.03, 447
6501.35, 446
6512.6, 445
6513.68, 444
6523.34, 443
6527.88, 442
6535.32, 441
6544.45, 440
6550.39, 439
6561.19, 438
6573.17, 437
6613.94, 436
6616.16, 435
6620.84, 434
6627.52, 433
6645.07, 432
6648.42, 431
6660.62, 430
6669.31, 429
6675.85, 428
6683.49, 427
6693.17, 426
6700.98, 425
6726.37, 424
6744.0, 423
6752.5, 422
6759.71, 421
6776.23, 420
6782.15, 419
6803.37, 418
6819.6, 417
6824.58, 416
6826.14, 415
6833.79, 414
6846.37, 413
6848.92, 412
6868.51, 411
6877.2, 410
6900.44, 409
6900.7, 408
6912.23, 407
6912.57, 406
6926.74, 405
6936.78, 404
6942.84, 403
6960.18, 402
6960.2, 401
6972.66, 400
6981.9, 399
6986.0, 398
6995.7, 397
7010.34, 396
7012.55, 395
7042.06, 394
7046.79, 393
7048.76, 392
7060.24, 391
7102.44, 390
7102.49, 389
7104.85, 388
7104.87, 387
7115.04, 386
7144.41, 385
7155.24, 384
7163.38, 383
7180.01, 382
7199.54, 381
7215.93, 380
7216.78, 379
7220.38, 378
7229.47, 377
7249.81, 376
7251.0, 375
7264.71, 374
7290.12, 373
7290.64, 372
7290.96, 371
7301.83, 370
7317.75, 369
7317.85, 368
7332.01, 367
7345.67, 366
7351.37, 365
7362.49, 364
7365.46, 363
7374.68, 362
7381.62, 361
7390.17, 360
7397.2, 359
7429.39, 358
7457.9, 357
7467.17, 356
7484.55, 355
7498.96, 354
7508.94, 353
7515.66, 352
7526.83, 351
7531.92, 350
7541.02, 349
7550.73, 348
7561.66, 347
7564.97, 346
7574.26, 345
7581.26, 344
7590.7, 343
7597.58, 342
7615.35, 341
7639.21, 340
7641.11, 339
7649.32, 338
7657.16, 337
7685.31, 336
7688.18, 335
7700.95, 334
7717.63, 333
7734.67, 332
7744.63, 331
7759.48, 330
7761.08, 329
7781.46, 328
7799.55, 327
7800.46, 326
7814.72, 325
7815.74, 324
7824.4, 323
7832.38, 322
7841.84, 321
7850.23, 320
7857.17, 319
7866.22, 318
7902.03, 317
7910.28, 316
7920.27, 315
7932.67, 314
7938.99, 313
7946.84, 312
7957.02, 311
7980.42, 310
7981.12, 309
7997.94, 308
8015.14, 307
8024.41, 306
8032.44, 305
8050.92, 304
8064.64, 303
8074.11, 302
8083.06, 301
8108.17, 300
8114.03, 299
8126.14, 298
8129.48, 297
8136.83, 296
8148.24, 295
8159.54, 294
8163.06, 293
8174.98, 292
8190.03, 291
8196.38, 290
8209.85, 289
8211.49, 288
8220.19, 287
8235.2, 286
8241.98, 285
8248.15, 284
8253.66, 283
8285.04, 282
8296.42, 281
8308.1, 280
8319.19, 279
8342.05, 278
8352.6, 277
8370.37, 276
8374.01, 275
8384.97, 274
8390.91, 273
8401.97, 272
8413.19, 271
8423.25, 270
8434.86, 269
8446.49, 268
8451.81, 267
8465.03, 266
8477.68, 265
8491.57, 264
8492.79, 263
8501.46, 262
8519.56, 261
8529.83, 260
8530.33, 259
8535.78, 258
8560.91, 257
8561.07, 256
8563.62, 255
8585.68, 254
8593.21, 253
8600.73, 252
8614.65, 251
8626.98, 250
8629.85, 249
8634.65, 248
8644.8, 247
8660.19, 246
8662.73, 245
8693.83, 244
8694.79, 243
8695.21, 242
8695.99, 241
8726.93, 240
8745.44, 239
8757.93, 238
8777.1, 237
8786.11, 236
8794.08, 235
8807.28, 234
8817.03, 233
8822.87, 232
8830.8, 231
8840.2, 230
8848.82, 229
8865.85, 228
8869.98, 227
8891.72, 226
8901.11, 225
8913.5, 224
8916.7, 223
8935.45, 222
8961.74, 221
8966.98, 220
8974.39, 219
8985.03, 218
8991.89, 217
8999.82, 216
9008.46, 215
9016.05, 214
9024.41, 213
9035.08, 212
9046.4, 211
9059.15, 210
9073.68, 209
9084.72, 208
9098.44, 207
9112.37, 206
9118.57, 205
9148.43, 204
9165.42, 203
9165.7, 202
9178.94, 201
9179.93, 200
9194.24, 199
9197.99, 198
9217.7, 197
9232.06, 196
9235.12, 195
9250.88, 194
9253.8, 193
9264.62, 192
9280.31, 191
9281.56, 190
9298.7, 189
9313.64, 188
9326.75, 187
9328.53, 186
9344.72, 185
9368.01, 184
9368.13, 183
9377.19, 182
9386.73, 181
9394.24, 180
9408.87, 179
9410.58, 178
9436.92, 177
9443.55, 176
9453.25, 175
9461.19, 174
9477.87, 173
9479.79, 172
9499.39, 171
9499.97, 170
9518.81, 169
9531.85, 168
9563.59, 167
9564.56, 166
9573.09, 165
9581.51, 164
9593.26, 163
9599.89, 162
9612.74, 161
9625.23, 160
9657.4, 159
9664.42, 158
9676.32, 157
9682.43, 156
9697.98, 155
9714.52, 154
9715.57, 153
9731.73, 152
9741.43, 151
9749.49, 150
9762.24, 149
9779.07, 148
9793.41, 147
9801.37, 146
9809.6, 145
9827.56, 144
9842.5, 143
9851.27, 142
9864.55, 141
9883.67, 140
9892.03, 139
9910.43, 138
9923.31, 137
9932.48, 136
9941.56, 135
9951.69, 134
9959.14, 133
9968.27, 132
9979.3, 131
9986.68, 130
10027.97, 129
10028.82, 128
10049.54, 127
10050.59, 126
10066.23, 125
10081.69, 124
10096.94, 123
10110.71, 122
10112.11, 121
10129.97, 120
10131.49, 119
10180.03, 118
10181.97, 117
10184.16, 116
10210.11, 115
10210.17, 114
10214.57, 113
10228.97, 112
10249.42, 111
10266.92, 110
10268.2, 109
10328.4, 108
10329.21, 107
10329.67, 106
10329.94, 105
10330.29, 104
10351.61, 103
10351.87, 102
10379.29, 101
10379.6, 100
10379.81, 99
10386.54, 98
10414.25, 97
10433.43, 96
10446.66, 95
10462.57, 94
10476.33, 93
10487.09, 92
10506.0, 91
10513.28, 90
10523.77, 89
10542.05, 88
10563.26, 87
10570.67, 86
10580.33, 85
10595.8, 84
10616.83, 83
10646.24, 82
10652.86, 81
10663.75, 80
10671.47, 79
10686.42, 78
10694.78, 77
10700.96, 76
10708.88, 75
10718.82, 74
10748.76, 73
10763.55, 72
10763.58, 71
10799.46, 70
10799.49, 69
10799.67, 68
10803.71, 67
10829.72, 66
10831.12, 65
10841.54, 64
10860.56, 63
10860.66, 62
10889.62, 61
10899.61, 60
10909.89, 59
10919.51, 58
10950.85, 57
10952.39, 56
10997.88, 55
10997.92, 54
11004.95, 53
11017.83, 52
11032.15, 51
11041.33, 50
11061.76, 49
11078.16, 48
11081.11, 47
11089.27, 46
11098.6, 45
11120.05, 44
11138.14, 43
11138.39, 42
11148.1, 41
11184.7, 40
11184.78, 39
11184.81, 38
11196.79, 37
11246.49, 36
11248.84, 35
11258.24, 34
11269.98, 33
11316.76, 32
11318.53, 31
11327.92, 30
11341.38, 29
11375.99, 28
11378.41, 27
11387.5, 26
11398.13, 25
11420.05, 24
11429.51, 23
11447.73, 22
11450.71, 21
11461.16, 20
11473.34, 19
11483.34, 18
11490.84, 17
11501.84, 16
11521.54, 15
11534.14, 14
11555.13, 13
11557.47, 12
11565.55, 11
11579.57, 10
11603.06, 9
11610.2, 8
11617.87, 7
11651.14, 6
11657.98, 5
11679.32, 4
11754.45, 3
11767.51, 2
11776.12, 1
11784.15, 0
