3831.36, 5326
3863.16, 5226
3900.08, 5131
3942.2, 5130
4002.02, 5039
4026.18, 5037
4047.64, 5036
4089.0, 4954
4134.36, 4951
4149.16, 4950
4175.88, 4949
4239.66, 4948
4268.93, 4880
4286.83, 4876
4305.33, 4874
4329.6, 4873
4381.79, 4872
4405.39, 4871
4426.06, 4869
4449.98, 4867
4470.64, 4866
4510.82, 4865
4543.87, 4864
4576.25, 4863
4598.34, 4801
4653.8, 4796
4676.76, 4793
4729.83, 4792
4754.49, 4791
4791.23, 4790
4843.81, 4789
4888.59, 4788
4919.68, 4787
5019.08, 4786
5051.56, 4785
5077.11, 4783
5102.76, 4782
5123.23, 4781
5155.12, 4780
5174.64, 4724
5251.61, 4718
5283.1, 4714
5310.26, 4713
5336.73, 4711
5358.0, 4710
5402.9, 4709
5425.69, 4708
5485.48, 4707
5520.87, 4706
5573.52, 4705
5674.2, 4704
5704.91, 4700
5910.25, 4699
5911.44, 4697
5912.59, 4696
5913.69, 4695
5914.83, 4694
5936.05, 4693
5996.09, 4692
6045.32, 4691
6108.58, 4690
6167.41, 4689
6200.3, 4688
6222.33, 4687
6244.95, 4686
6309.52, 4685
6342.96, 4635
6378.51, 4628
6404.09, 4623
6427.64, 4622
6454.84, 4621
6507.88, 4619
6536.2, 4618
6571.01, 4617
6613.5, 4616
6656.43, 4615
6736.05, 4614
6773.61, 4613
6818.47, 4612
6845.0, 4611
6871.45, 4610
6925.04, 4609
6979.99, 4608
7003.71, 4607
7025.29, 4605
7054.28, 4604
7073.34, 4603
7101.95, 4602
7173.49, 4601
7193.98, 4600
7243.32, 4599
7270.74, 4598
7295.87, 4597
7325.13, 4596
7383.77, 4595
7405.42, 4594
7444.69, 4593
7501.49, 4592
7538.52, 4548
7560.53, 4540
7599.23, 4534
7636.27, 4533
7672.54, 4531
7709.49, 4529
7737.13, 4528
7776.71, 4527
7819.29, 4526
7882.56, 4525
7906.17, 4524
7943.81, 4523
7970.73, 4522
8012.0, 4521
8040.04, 4520
8067.6, 4519
8095.57, 4518
8138.76, 4517
8194.03, 4516
8250.08, 4515
8274.32, 4514
8332.77, 4513
8384.62, 4512
8420.79, 4511
8464.3, 4510
8497.39, 4509
8533.85, 4508
8554.4, 4507
8575.8, 4506
8599.16, 4505
8621.93, 4504
8649.63, 4503
8674.1, 4502
8731.03, 4501
8787.51, 4500
8828.11, 4499
8863.73, 4461
8902.24, 4452
8938.86, 4445
8962.74, 4444
8984.05, 4441
9041.94, 4439
9094.45, 4438
9119.18, 4437
9141.26, 4435
9193.16, 4434
9217.04, 4433
9285.18, 4432
9308.7, 4430
9331.47, 4429
9376.01, 4428
9433.28, 4427
9465.62, 4426
9490.21, 4425
9547.54, 4424
9581.21, 4423
9624.02, 4422
9681.04, 4421
9726.33, 4420
9777.68, 4419
9863.98, 4418
9901.84, 4417
9927.07, 4416
9965.23, 4409
9988.97, 4408
10013.04, 4405
10045.92, 4403
10088.9, 4402
10116.74, 4401
10161.88, 4399
10193.32, 4398
10234.94, 4397
10268.97, 4396
10321.47, 4394
10344.12, 4393
10369.94, 4392
10420.54, 4391
10445.58, 4390
10484.5, 4389
10522.14, 4388
10575.04, 4387
10662.28, 4386
10687.83, 4385
10719.98, 4384
10771.38, 4383
10802.3, 4382
10840.46, 4381
10894.39, 4378
10926.56, 4370
10950.66, 4369
10992.69, 4366
11015.91, 4364
11050.66, 4363
11090.34, 4362
11113.65, 4361
11147.74, 4359
11182.23, 4358
11223.65, 4357
11254.95, 4356
11296.26, 4355
11316.9, 4353
11372.38, 4352
11397.12, 4351
11422.15, 4350
11485.56, 4349
11508.57, 4348
11535.05, 4347
11586.18, 4346
11640.88, 4345
11698.32, 4344
11801.58, 4343
11856.45, 4342
11911.79, 4341
11988.18, 4340
12084.65, 4339
12125.0, 4338
12175.33, 4337
12210.01, 4336
12266.41, 4335
12292.12, 4334
12314.43, 4333
12363.89, 4330
12390.47, 4328
12406.41, 4327
12430.9, 4326
12493.35, 4325
12539.75, 4323
12559.3, 4322
12582.06, 4321
12618.92, 4320
12672.65, 4319
12694.42, 4317
12723.47, 4316
12772.68, 4315
12822.23, 4314
12864.18, 4313
12895.79, 4312
12925.16, 4311
12955.57, 4310
13007.17, 4309
13038.63, 4308
13061.1, 4307
13133.85, 4306
13174.8, 4305
13202.85, 4304
13254.9, 4303
13286.36, 4302
13357.3, 4301
13392.62, 4300
13447.54, 4299
13492.85, 4298
13543.49, 4297
13579.89, 4296
13612.77, 4295
13682.38, 4294
13724.34, 4293
13763.5, 4292
13814.42, 4291
13860.9, 4290
13909.2, 4289
13957.37, 4288
14005.88, 4287
14031.62, 4286
14057.11, 4282
14082.75, 4280
14124.36, 4279
14166.66, 4278
14207.42, 4277
14247.67, 4274
14288.61, 4273
14355.47, 4272
14390.91, 4271
14430.48, 4269
14454.34, 4267
14480.29, 4266
14523.11, 4265
14566.48, 4264
14594.26, 4263
14655.55, 4262
14688.94, 4261
14728.79, 4260
14773.28, 4259
14814.75, 4258
14847.09, 4257
14893.06, 4256
14923.57, 4255
14975.66, 4254
15014.35, 4253
15062.43, 4252
15103.14, 4251
15151.01, 4250
15191.9, 4249
15235.88, 4248
15276.95, 4247
15444.75, 4246
15515.35, 4245
15557.08, 4244
15598.76, 4243
15624.51, 4242
15648.06, 4241
15695.64, 4238
15721.74, 4237
15763.6, 4236
15820.55, 4235
15847.47, 4233
15881.15, 4231
15922.76, 4230
15955.68, 4229
15988.35, 4228
16039.27, 4227
16072.99, 4226
16111.56, 4225
16147.71, 4224
16198.07, 4223
16256.11, 4222
16281.4, 4221
16311.31, 4220
16357.4, 4219
16387.4, 4218
16446.82, 4217
16490.22, 4216
16533.07, 4215
16572.61, 4214
16613.5, 4213
16677.49, 4212
16740.43, 4211
16781.09, 4210
16839.02, 4209
16887.83, 4208
16948.16, 4207
16990.07, 4206
17028.43, 4205
17062.77, 4204
17097.44, 4202
17140.74, 4200
17169.93, 4199
17204.27, 4198
17238.02, 4197
17264.36, 4196
17301.5, 4195
17344.63, 4194
17403.23, 4193
17438.99, 4192
17472.93, 4191
17528.96, 4190
17572.95, 4189
17626.57, 4188
17661.63, 4187
17711.33, 4186
17740.0, 4185
17790.89, 4184
17840.09, 4183
17911.57, 4182
17940.53, 4181
17972.83, 4180
18065.38, 4179
18150.17, 4178
18231.1, 4177
18267.47, 4176
18327.8, 4175
18384.02, 4174
18419.7, 4173
18444.32, 4172
18492.33, 4171
18543.14, 4170
18571.6, 4168
18600.73, 4166
18640.2, 4165
18667.15, 4164
18732.56, 4163
18757.22, 4162
18806.37, 4161
18833.66, 4160
18891.03, 4159
18934.84, 4158
18974.74, 4157
19005.69, 4156
19076.01, 4155
19114.78, 4154
19176.68, 4153
19240.93, 4152
19283.39, 4151
19326.44, 4150
19371.98, 4149
19417.0, 4148
19501.16, 4147
19530.67, 4146
19580.79, 4145
19637.74, 4144
19685.53, 4143
19741.83, 4142
19791.4, 4141
19861.56, 4140
19914.5, 4139
19977.07, 4138
20067.94, 4137
20105.34, 4136
20128.56, 4135
20152.24, 4134
20201.63, 4133
20244.09, 4132
20315.65, 4131
20364.29, 4130
20408.13, 4129
20447.31, 4128
20492.76, 4127
20538.1, 4126
20599.65, 4125
20662.13, 4124
20700.89, 4123
20732.24, 4122
20764.03, 4121
20814.91, 4120
20868.69, 4119
20903.6, 4118
20946.9, 4117
21015.79, 4116
21040.72, 4115
21116.17, 4114
21168.36, 4113
21222.92, 4112
21258.1, 4111
21298.21, 4110
21360.11, 4109
21385.9, 4108
21417.71, 4106
21447.2, 4105
21494.75, 4104
21555.32, 4103
21581.07, 4102
21623.15, 4101
21653.75, 4100
21753.68, 4099
21796.88, 4098
21818.61, 4097
21848.65, 4096
21898.45, 4095
21938.0, 4094
21992.36, 4093
22015.42, 4092
22050.03, 4091
22104.55, 4090
22149.76, 4089
22220.84, 4088
22280.79, 4087
22305.51, 4086
22333.88, 4085
22387.73, 4084
22418.98, 4083
22458.87, 4082
22503.55, 4081
22531.31, 4080
22585.13, 4079
22642.31, 4078
22676.32, 4077
22734.89, 4076
22783.46, 4075
22849.83, 4074
22891.69, 4073
22952.94, 4072
22985.34, 4071
23045.92, 4070
23103.3, 4069
23154.61, 4068
23181.42, 4067
23219.36, 4066
23249.83, 4065
23279.85, 4064
23316.49, 4063
23363.8, 4062
23429.02, 4061
23461.36, 4060
23500.34, 4059
23552.28, 4058
23574.67, 4057
23610.2, 4056
23638.7, 4055
23688.71, 4054
23738.12, 4053
23773.77, 4052
23828.56, 4051
23884.43, 4050
23929.34, 4049
23959.14, 4048
23997.36, 4047
24038.85, 4046
24073.72, 4045
24120.64, 4044
24160.32, 4043
24191.65, 4042
24252.23, 4041
24294.7, 4040
24351.81, 4039
24394.53, 4038
24443.5, 4037
24504.47, 4036
24555.29, 4035
24597.79, 4034
24640.87, 4032
24689.17, 4031
24721.32, 4030
24751.23, 4029
24778.64, 4028
24823.4, 4027
24853.25, 4026
24906.53, 4025
24937.04, 4024
24959.67, 4023
24985.46, 4022
25031.31, 4021
25067.9, 4020
25114.85, 4019
25147.44, 4018
25181.04, 4017
25232.39, 4016
25271.21, 4015
25303.81, 4014
25331.61, 4013
25383.9, 4012
25410.49, 4011
25456.62, 4010
25493.2, 4009
25528.54, 4008
25559.06, 4007
25620.56, 4006
25652.63, 4005
25684.46, 4004
25731.32, 4003
25773.32, 4002
25852.94, 4001
25899.35, 4000
25950.57, 3999
25987.65, 3998
26052.48, 3997
26118.8, 3996
26155.3, 3995
26193.65, 3994
26250.55, 3993
26304.75, 3992
26345.64, 3991
26393.14, 3990
26472.99, 3989
26498.85, 3988
26535.67, 3987
26576.33, 3986
26618.75, 3985
26669.53, 3984
26720.31, 3983
26746.28, 3982
26804.25, 3981
26848.32, 3980
26902.9, 3979
26946.53, 3978
27000.92, 3977
27046.02, 3976
27073.91, 3975
27120.04, 3974
27153.93, 3973
27187.53, 3972
27224.21, 3971
27268.77, 3970
27321.82, 3969
27370.54, 3968
27415.2, 3967
27468.62, 3966
27522.86, 3965
27568.27, 3964
27631.21, 3963
27672.35, 3962
27708.46, 3961
27741.62, 3960
27781.67, 3959
27809.33, 3958
27835.08, 3957
27875.06, 3956
27901.98, 3955
27932.73, 3954
27959.48, 3953
27985.47, 3952
28021.12, 3951
28059.27, 3950
28093.08, 3949
28141.51, 3948
28167.99, 3947
28199.72, 3946
28231.61, 3945
28274.83, 3944
28302.2, 3943
28348.21, 3942
28379.6, 3941
28421.55, 3940
28448.73, 3939
28479.17, 3938
28521.13, 3937
28551.99, 3936
28597.36, 3935
28630.87, 3934
28673.25, 3933
28720.18, 3932
28751.01, 3931
28786.85, 3930
28820.06, 3929
28864.31, 3928
28909.13, 3927
28953.42, 3926
28992.73, 3925
29027.53, 3924
29065.17, 3923
29118.24, 3922
29159.82, 3921
29210.26, 3920
29252.19, 3919
29297.58, 3918
29344.58, 3917
29379.6, 3916
29417.18, 3915
29470.9, 3914
29517.75, 3913
29544.19, 3912
29570.68, 3911
29601.67, 3910
29661.04, 3909
29733.05, 3908
29776.54, 3907
29807.86, 3906
29836.51, 3905
29877.82, 3904
29910.83, 3903
29942.67, 3902
29979.46, 3901
30026.62, 3900
30108.17, 3899
30134.53, 3898
30191.83, 3897
30220.16, 3896
30261.48, 3895
30305.47, 3894
30346.77, 3893
30401.79, 3892
30452.53, 3891
30492.79, 3890
30545.75, 3889
30609.07, 3888
30657.32, 3887
30697.84, 3886
30777.28, 3885
30839.03, 3884
30879.66, 3883
30928.65, 3882
30962.77, 3881
31006.06, 3880
31046.16, 3879
31076.26, 3878
31115.21, 3877
31155.57, 3876
31189.21, 3875
31232.62, 3874
31272.22, 3873
31309.9, 3872
31340.13, 3871
31381.34, 3870
31424.05, 3869
31486.82, 3868
31536.1, 3867
31573.33, 3866
31617.98, 3865
31649.46, 3864
31688.15, 3863
31742.54, 3862
31785.98, 3861
31834.84, 3860
31885.54, 3859
31934.47, 3858
31971.75, 3857
32011.83, 3856
32064.52, 3855
32103.47, 3854
32142.85, 3853
32182.59, 3852
32207.81, 3851
32243.72, 3850
32279.2, 3849
32304.79, 3848
32340.57, 3847
32391.76, 3846
32423.91, 3845
32446.14, 3844
32479.47, 3843
32506.34, 3842
32552.17, 3841
32591.93, 3840
32637.44, 3839
32669.55, 3838
32706.74, 3837
32738.81, 3836
32772.07, 3835
32823.92, 3834
32856.54, 3833
32897.37, 3832
32944.32, 3831
32981.2, 3830
33030.4, 3829
33063.64, 3828
33098.05, 3827
33144.22, 3826
33189.72, 3825
33233.28, 3824
33274.79, 3823
33314.05, 3822
33363.86, 3821
33412.75, 3820
33469.35, 3819
33520.11, 3818
33568.66, 3817
33625.98, 3816
33671.59, 3815
33736.9, 3814
33778.32, 3813
33821.46, 3812
33867.0, 3811
33894.7, 3810
33919.18, 3809
33957.3, 3808
33994.9, 3807
34029.01, 3806
34068.58, 3805
34101.1, 3804
34138.38, 3803
34178.43, 3802
34224.3, 3801
34266.57, 3800
34308.6, 3799
34366.38, 3798
34415.3, 3797
34452.38, 3796
34488.21, 3795
34524.03, 3794
34561.66, 3793
34602.54, 3792
34639.02, 3791
34680.53, 3790
34718.3, 3789
34757.89, 3788
34820.65, 3787
34871.39, 3786
34920.96, 3785
34977.07, 3784
35026.83, 3783
35062.77, 3782
35107.04, 3781
35135.52, 3780
35169.23, 3779
35203.34, 3778
35241.65, 3777
35283.22, 3776
35331.53, 3775
35367.45, 3774
35400.84, 3773
35444.45, 3772
35486.19, 3771
35550.83, 3770
35605.8, 3769
35644.25, 3768
35696.19, 3767
35729.87, 3766
35757.05, 3765
35798.09, 3764
35830.07, 3763
35859.31, 3762
35894.85, 3761
35923.49, 3760
35958.7, 3759
35987.68, 3758
36023.96, 3757
36061.1, 3756
36104.69, 3755
36145.51, 3754
36188.0, 3753
36219.04, 3752
36259.03, 3751
36304.58, 3750
36343.43, 3749
36381.44, 3748
36437.25, 3747
36484.47, 3746
36519.77, 3745
36552.84, 3744
36595.47, 3743
36635.07, 3742
36671.15, 3741
36709.93, 3740
36755.16, 3739
36805.35, 3738
36860.62, 3737
36906.9, 3736
36953.26, 3735
36995.18, 3734
37049.36, 3733
37102.95, 3732
37144.36, 3731
37194.87, 3730
37236.55, 3729
37275.45, 3728
37310.59, 3727
37342.51, 3726
37377.27, 3725
37404.0, 3724
37437.41, 3723
37471.95, 3722
37514.03, 3721
37551.24, 3720
37587.07, 3719
37621.79, 3718
37658.55, 3717
37695.36, 3716
37726.05, 3715
37760.48, 3714
37799.73, 3713
37838.39, 3712
37875.62, 3711
37909.18, 3710
37946.97, 3709
37983.48, 3708
38041.52, 3707
38077.03, 3706
38116.56, 3705
38154.6, 3704
38194.76, 3703
38231.01, 3702
38272.86, 3701
38315.52, 3700
38356.02, 3699
38397.5, 3698
38442.89, 3697
38488.55, 3696
38533.89, 3695
38579.46, 3694
38622.68, 3693
38660.73, 3692
38701.02, 3691
38740.25, 3690
38785.36, 3689
38825.1, 3688
38864.23, 3687
38903.32, 3686
38945.73, 3685
38978.92, 3684
39006.75, 3683
39033.67, 3682
39062.62, 3681
39177.61, 3680
39178.82, 3679
39179.93, 3678
39205.44, 3677
39242.7, 3676
39276.52, 3675
39310.87, 3674
39343.93, 3673
39380.61, 3672
39413.46, 3671
39452.0, 3670
39488.46, 3669
39526.08, 3668
39563.34, 3667
39598.39, 3666
39633.42, 3665
39669.11, 3664
39708.66, 3663
39750.31, 3662
39791.1, 3661
39827.45, 3660
39870.25, 3659
39909.21, 3658
39952.17, 3657
39993.62, 3656
40040.58, 3655
40082.73, 3654
40120.81, 3653
40158.63, 3652
40200.33, 3651
40241.68, 3650
40285.05, 3649
40327.03, 3648
40368.61, 3647
40416.97, 3646
40450.87, 3645
40483.69, 3644
40514.3, 3643
40543.35, 3642
40576.77, 3641
40611.46, 3640
40638.53, 3639
40672.62, 3638
40707.44, 3637
40740.39, 3636
40772.09, 3635
40806.49, 3634
40840.71, 3633
40875.46, 3632
40907.88, 3631
40941.5, 3630
40976.68, 3629
41011.61, 3628
41048.94, 3627
41085.01, 3626
41118.61, 3625
41157.58, 3624
41193.57, 3623
41230.89, 3622
41269.48, 3621
41305.19, 3620
41346.91, 3619
41383.82, 3618
41425.03, 3617
41461.04, 3616
41503.39, 3615
41544.0, 3614
41589.36, 3613
41626.07, 3612
41673.76, 3611
41713.44, 3610
41760.96, 3609
41808.1, 3608
41854.83, 3607
41900.45, 3606
41944.43, 3605
41985.95, 3604
42020.73, 3603
42059.16, 3602
42092.73, 3601
42121.1, 3600
42156.06, 3599
42192.12, 3598
42222.35, 3597
42253.3, 3596
42281.04, 3595
42310.96, 3594
42342.23, 3593
42376.41, 3592
42409.65, 3591
42443.45, 3590
42482.26, 3589
42519.48, 3588
42548.66, 3587
42583.41, 3586
42633.01, 3585
42667.32, 3584
42704.26, 3583
42738.75, 3582
42780.97, 3581
42818.35, 3580
42852.69, 3579
42891.23, 3578
42932.85, 3577
42977.94, 3576
43018.67, 3575
43057.88, 3574
43101.04, 3573
43140.3, 3572
43186.98, 3571
43228.58, 3570
43268.84, 3569
43310.59, 3568
43355.79, 3567
43399.62, 3566
43442.98, 3565
43485.0, 3564
43532.63, 3563
43581.2, 3562
43635.54, 3561
43689.76, 3560
43730.58, 3559
43768.99, 3558
43804.92, 3557
43841.44, 3556
43873.88, 3555
43915.71, 3554
43953.53, 3553
43992.98, 3552
44026.17, 3551
44064.0, 3550
44098.51, 3549
44129.92, 3548
44167.64, 3547
44207.85, 3546
44252.97, 3545
44288.6, 3544
44325.7, 3543
44363.26, 3542
44406.62, 3541
44447.13, 3540
44485.06, 3539
44523.47, 3538
44563.62, 3537
44607.85, 3536
44650.19, 3535
44693.79, 3534
44731.42, 3533
44772.15, 3532
44812.63, 3531
44855.65, 3530
44899.08, 3529
44940.52, 3528
44984.58, 3527
45033.34, 3526
45078.25, 3525
45122.96, 3524
45170.43, 3523
45219.99, 3522
45270.35, 3521
45316.6, 3520
45355.13, 3519
45385.85, 3518
45417.83, 3517
45449.62, 3516
45484.85, 3515
45522.09, 3514
45559.1, 3513
45595.79, 3512
45631.83, 3511
45662.17, 3510
45696.55, 3509
45730.33, 3508
45764.34, 3507
45801.65, 3506
45842.04, 3505
45880.9, 3504
45915.41, 3503
45954.69, 3502
45995.8, 3501
46032.7, 3500
46074.4, 3499
46116.47, 3498
46156.75, 3497
46193.74, 3496
46230.47, 3495
46267.98, 3494
46309.98, 3493
46352.98, 3492
46394.8, 3491
46435.44, 3490
46474.5, 3489
46514.8, 3488
46557.88, 3487
46599.09, 3486
46642.0, 3485
46683.07, 3484
46723.67, 3483
46770.31, 3482
46812.74, 3481
46854.36, 3480
46901.7, 3479
46945.63, 3478
46985.99, 3477
47018.51, 3476
47053.42, 3475
47089.14, 3474
47121.31, 3473
47156.72, 3472
47189.53, 3471
47229.65, 3470
47266.3, 3469
47301.95, 3468
47340.77, 3467
47377.33, 3466
47412.68, 3465
47453.2, 3464
47492.26, 3463
47532.07, 3462
47566.68, 3461
47604.15, 3460
47642.63, 3459
47684.0, 3458
47727.27, 3457
47798.39, 3456
47840.23, 3455
47880.34, 3454
47920.92, 3453
47960.45, 3452
48009.87, 3451
48060.53, 3450
48103.31, 3449
48143.12, 3448
48183.97, 3447
48247.07, 3446
48292.83, 3445
48336.64, 3444
48379.82, 3443
48427.45, 3442
48474.06, 3441
48521.9, 3440
48564.0, 3439
48609.5, 3438
48658.21, 3437
48708.96, 3436
48764.23, 3435
48807.79, 3434
48842.4, 3433
48877.26, 3432
48913.68, 3431
48952.62, 3430
48994.5, 3429
49035.19, 3428
49068.67, 3427
49106.05, 3426
49143.74, 3425
49183.3, 3424
49224.93, 3423
49266.19, 3422
49308.12, 3421
49344.17, 3420
49381.45, 3419
49426.01, 3418
49466.13, 3417
49506.29, 3416
49549.39, 3415
49592.02, 3414
49636.34, 3413
49674.77, 3412
49716.9, 3411
49764.63, 3410
49806.54, 3409
49851.94, 3408
49895.1, 3407
49942.51, 3406
49992.94, 3405
50034.61, 3404
50080.43, 3403
50127.17, 3402
50176.16, 3401
50224.03, 3400
50274.03, 3399
50327.26, 3398
50370.82, 3397
50411.25, 3396
50444.14, 3395
50475.84, 3394
50510.92, 3393
50548.65, 3392
50584.66, 3391
50620.86, 3390
50663.32, 3389
50701.12, 3388
50736.72, 3387
50774.36, 3386
50810.48, 3385
50849.14, 3384
50891.1, 3383
50929.71, 3382
50971.71, 3381
51010.14, 3380
51046.44, 3379
51086.54, 3378
51121.53, 3377
51162.43, 3376
51205.11, 3375
51248.57, 3374
51288.84, 3373
51328.86, 3372
51368.85, 3371
51411.06, 3370
51451.75, 3369
51495.98, 3368
51541.67, 3367
51584.6, 3366
51626.01, 3365
51671.52, 3364
51719.65, 3363
51765.24, 3362
51810.7, 3361
51857.24, 3360
51907.81, 3359
51953.59, 3358
52006.82, 3357
52058.34, 3356
52112.35, 3355
52164.11, 3354
52216.66, 3353
52261.5, 3352
52295.53, 3351
52332.97, 3350
52372.16, 3349
52413.66, 3348
52453.74, 3347
52495.84, 3346
52534.99, 3345
52570.8, 3344
52608.2, 3343
52648.61, 3342
52690.0, 3341
52730.87, 3340
52775.18, 3339
52817.99, 3338
52857.69, 3337
52897.47, 3336
52941.69, 3335
52981.71, 3334
53027.25, 3333
53067.72, 3332
53111.05, 3331
53151.33, 3330
53198.09, 3329
53242.92, 3328
53290.73, 3327
53336.44, 3326
53380.1, 3325
53430.38, 3324
53473.21, 3323
53524.55, 3322
53574.18, 3321
53623.55, 3320
53672.04, 3319
53722.29, 3318
53780.83, 3317
53832.31, 3316
53879.61, 3315
53919.32, 3314
53956.13, 3313
53993.74, 3312
54036.69, 3311
54076.97, 3310
54119.14, 3309
54161.36, 3308
54200.1, 3307
54241.86, 3306
54280.95, 3305
54322.92, 3304
54366.37, 3303
54411.9, 3302
54454.3, 3301
54495.49, 3300
54539.88, 3299
54581.0, 3298
54621.55, 3297
54670.57, 3296
54714.4, 3295
54756.32, 3294
54806.19, 3293
54851.34, 3292
54901.93, 3291
54949.23, 3290
55018.46, 3289
55070.56, 3288
55121.57, 3287
55171.74, 3286
55222.07, 3285
55271.64, 3284
55320.22, 3283
55375.05, 3282
55416.32, 3281
55453.07, 3280
55492.24, 3279
55526.46, 3278
55571.35, 3277
55611.61, 3276
55651.24, 3275
55697.22, 3274
55737.04, 3273
55778.19, 3272
55817.16, 3271
55860.46, 3270
55898.61, 3269
55940.35, 3268
55985.23, 3267
56025.29, 3266
56066.17, 3265
56109.69, 3264
56151.57, 3263
56195.0, 3262
56242.85, 3261
56290.05, 3260
56334.06, 3259
56380.42, 3258
56423.24, 3257
56467.45, 3256
56513.98, 3255
56561.47, 3254
56608.15, 3253
56652.84, 3252
56698.48, 3251
56750.97, 3250
56795.58, 3249
56846.1, 3248
56898.25, 3247
56947.11, 3246
57002.77, 3245
57058.84, 3244
57108.72, 3243
57154.88, 3242
57203.87, 3241
57249.79, 3240
57296.96, 3239
57347.82, 3238
57396.29, 3237
57442.63, 3236
57491.67, 3235
57546.16, 3234
57599.25, 3233
57655.82, 3232
57700.23, 3231
57745.68, 3230
57784.54, 3229
57827.5, 3228
57869.41, 3227
57915.96, 3226
57953.77, 3225
57994.65, 3224
58040.32, 3223
58086.07, 3222
58126.67, 3221
58173.3, 3220
58219.24, 3219
58268.69, 3218
58310.24, 3217
58353.88, 3216
58398.81, 3215
58444.64, 3214
58493.91, 3213
58539.02, 3212
58586.64, 3211
58631.05, 3210
58679.1, 3209
58728.39, 3208
58775.86, 3207
58826.02, 3206
58874.12, 3205
58925.9, 3204
58974.98, 3203
59025.09, 3202
59076.5, 3201
59123.03, 3200
59163.73, 3199
59206.24, 3198
59240.9, 3197
59282.02, 3196
59319.01, 3195
59359.47, 3194
59402.52, 3193
59445.85, 3192
59491.12, 3191
59533.76, 3190
59575.9, 3189
59619.94, 3188
59663.96, 3187
59709.69, 3186
59751.66, 3185
59800.07, 3184
59848.44, 3183
59892.33, 3182
59935.2, 3181
59980.81, 3180
60027.91, 3179
60069.83, 3178
60112.26, 3177
60161.19, 3176
60208.02, 3175
60253.66, 3174
60297.33, 3173
60341.4, 3172
60389.05, 3171
60438.85, 3170
60482.22, 3169
60530.77, 3168
60580.9, 3167
