2493.51, 3344
2516.17, 3270
2553.59, 3219
2579.06, 3174
2594.9, 3173
2607.7, 3172
2648.69, 3158
2659.81, 3157
2693.4, 3113
2708.51, 3111
2727.84, 3110
2740.13, 3092
2752.97, 3090
2809.87, 3089
2837.76, 3088
2894.95, 3059
2913.98, 3056
2949.35, 3055
2966.45, 3054
3006.47, 3038
3019.76, 3035
3038.34, 3034
3106.67, 3033
3124.32, 3032
3179.34, 3031
3193.38, 3030
3205.07, 3029
3218.65, 3003
3229.53, 2999
3244.41, 2998
3254.24, 2997
3271.05, 2996
3281.43, 2984
3291.52, 2980
3304.62, 2979
3338.33, 2978
3347.62, 2977
3360.84, 2976
3402.51, 2975
3429.3, 2974
3446.43, 2966
3517.05, 2962
3546.12, 2960
3557.18, 2959
3564.74, 2958
3578.69, 2957
3611.37, 2956
3613.57, 2955
3627.44, 2954
3644.42, 2953
3654.23, 2933
3665.6, 2928
3678.86, 2926
3743.48, 2925
3743.84, 2924
3744.66, 2923
3745.4, 2922
3791.11, 2914
3791.34, 2909
3823.61, 2907
3824.07, 2906
3859.85, 2905
3862.49, 2904
3880.77, 2903
3890.38, 2902
3917.85, 2901
3925.05, 2900
3943.52, 2899
3990.62, 2898
4021.56, 2897
4059.59, 2896
4095.78, 2894
4096.57, 2889
4106.65, 2886
4134.11, 2885
4146.84, 2884
4170.53, 2883
4189.99, 2882
4211.15, 2881
4236.42, 2880
4278.98, 2879
4284.5, 2878
4291.1, 2877
4302.37, 2863
4321.21, 2857
4344.46, 2854
4392.11, 2853
4392.23, 2852
4395.11, 2851
4449.67, 2850
4450.67, 2849
4506.98, 2848
4507.53, 2844
4511.54, 2838
4545.33, 2835
4550.73, 2834
4588.36, 2833
4592.33, 2831
4620.54, 2830
4640.93, 2829
4680.73, 2828
4706.0, 2827
4707.66, 2826
4724.86, 2825
4756.48, 2824
4777.49, 2823
4792.57, 2822
4821.57, 2821
4845.06, 2820
4867.05, 2819
4896.61, 2808
4913.77, 2801
4924.79, 2797
4955.49, 2796
4959.65, 2795
4984.92, 2794
5018.08, 2793
5023.18, 2791
5059.82, 2790
5067.88, 2789
5081.72, 2782
5102.09, 2778
5127.09, 2777
5154.72, 2776
5169.46, 2775
5177.93, 2774
5189.01, 2773
5210.2, 2771
5220.55, 2770
5252.89, 2769
5262.67, 2768
5285.8, 2767
5302.36, 2766
5318.03, 2765
5345.1, 2764
5347.99, 2763
5378.68, 2762
5401.13, 2761
5412.43, 2756
5424.71, 2752
5444.31, 2751
5462.81, 2750
5494.16, 2749
5520.9, 2748
5539.76, 2747
5545.48, 2745
5586.7, 2744
5586.8, 2743
5611.01, 2742
5654.85, 2741
5655.51, 2740
5664.85, 2739
5680.97, 2738
5697.01, 2737
5714.07, 2736
5760.75, 2735
5807.81, 2734
5808.37, 2733
5809.67, 2731
5829.99, 2730
5840.47, 2728
5864.97, 2727
5946.76, 2726
5956.34, 2725
5961.5, 2724
5964.81, 2723
5969.67, 2722
5969.78, 2721
6010.98, 2720
6014.49, 2719
6041.84, 2718
6076.29, 2717
6092.56, 2716
6111.05, 2715
6130.27, 2714
6157.53, 2710
6177.8, 2709
6200.81, 2708
6204.2, 2707
6213.33, 2705
6215.48, 2704
6231.16, 2702
6245.55, 2701
6256.05, 2700
6321.63, 2699
6324.05, 2698
6328.79, 2697
6329.9, 2696
6333.62, 2695
6359.01, 2694
6407.87, 2693
6425.15, 2692
6450.72, 2691
6468.62, 2690
6507.39, 2689
6527.16, 2688
6578.82, 2687
6614.67, 2686
6618.77, 2685
6654.87, 2684
6654.94, 2682
6673.42, 2680
6694.23, 2679
6717.49, 2678
6731.61, 2677
6744.48, 2676
6760.81, 2675
6773.88, 2673
6791.14, 2672
6810.98, 2671
6841.01, 2670
6841.04, 2669
6858.11, 2668
6870.95, 2667
6899.01, 2666
6916.79, 2665
6953.68, 2664
6977.76, 2663
6995.04, 2662
7026.44, 2661
7046.29, 2660
7054.84, 2659
7073.47, 2658
7110.2, 2657
7131.45, 2656
7149.38, 2655
7161.44, 2654
7180.23, 2653
7203.87, 2652
7229.91, 2651
7257.41, 2650
7263.2, 2649
7277.62, 2648
7303.4, 2647
7327.28, 2646
7357.12, 2645
7361.98, 2644
7380.26, 2643
7397.99, 2642
7445.21, 2641
7489.88, 2640
7491.25, 2639
7513.06, 2638
7528.1, 2636
7544.51, 2635
7569.28, 2634
7578.69, 2632
7586.72, 2631
7612.5, 2630
7614.78, 2629
7634.79, 2628
7672.04, 2627
7695.81, 2626
7728.92, 2625
7746.18, 2624
7815.4, 2623
7815.89, 2622
7818.17, 2621
7818.22, 2620
7841.91, 2619
7848.54, 2618
7863.13, 2617
7918.2, 2616
7952.78, 2615
7955.31, 2614
7981.39, 2613
7993.93, 2612
8035.77, 2611
8055.77, 2610
8071.59, 2609
8089.16, 2608
8106.46, 2607
8120.71, 2606
8165.36, 2605
8180.52, 2604
8219.94, 2603
8237.09, 2601
8256.33, 2599
8277.61, 2598
8302.29, 2597
8312.57, 2596
8332.21, 2595
8346.94, 2594
8370.6, 2593
8394.96, 2592
8408.46, 2591
8441.14, 2590
8453.59, 2589
8463.03, 2588
8477.81, 2587
8493.09, 2586
8510.66, 2585
8545.17, 2584
8564.38, 2583
8580.65, 2582
8608.64, 2581
8641.49, 2580
8675.16, 2579
8706.5, 2578
8723.25, 2577
8759.71, 2576
8759.82, 2575
8791.71, 2574
8800.81, 2573
8812.23, 2572
8834.12, 2571
8905.68, 2570
8939.19, 2569
8953.84, 2568
8975.05, 2567
8994.12, 2566
9019.76, 2565
9042.88, 2564
9064.65, 2563
9088.24, 2562
9119.83, 2561
9161.37, 2560
9163.49, 2559
9189.03, 2558
9194.19, 2557
9223.13, 2556
9239.46, 2555
9253.64, 2554
9268.61, 2553
9294.5, 2552
9304.31, 2551
9329.83, 2550
9354.65, 2549
9371.41, 2548
9396.29, 2547
9409.62, 2546
9432.77, 2545
9448.13, 2544
9475.08, 2543
9513.67, 2542
9522.46, 2541
9544.35, 2540
9567.59, 2539
9589.16, 2538
9627.4, 2537
9641.69, 2536
9676.78, 2535
9694.5, 2534
9717.66, 2533
9745.3, 2532
9759.53, 2531
9781.06, 2530
9811.25, 2529
9812.02, 2528
9830.53, 2527
9852.91, 2526
9864.37, 2525
9879.86, 2524
9922.11, 2523
9960.82, 2522
9976.17, 2521
10001.4, 2520
10014.77, 2519
10034.2, 2518
10071.52, 2517
10094.41, 2516
10138.05, 2515
10159.1, 2514
10174.07, 2513
10190.73, 2512
10206.27, 2511
10231.68, 2510
10238.23, 2509
10256.78, 2508
10275.27, 2507
10310.62, 2506
10327.2, 2505
10343.13, 2504
10362.3, 2503
10377.74, 2502
10407.37, 2501
10431.5, 2500
10457.36, 2499
10467.87, 2498
10481.98, 2497
10496.69, 2496
10514.76, 2495
10560.52, 2494
10580.43, 2493
10598.24, 2492
10662.19, 2491
10662.48, 2490
10695.75, 2489
10707.41, 2488
10745.52, 2487
10781.61, 2486
10825.22, 2485
10829.46, 2484
10857.98, 2483
10858.8, 2482
10879.62, 2481
10907.42, 2480
10941.05, 2479
10978.46, 2478
10996.84, 2477
11028.16, 2476
11064.13, 2475
11091.68, 2474
11125.35, 2473
11160.82, 2472
11180.54, 2471
11219.27, 2470
11235.65, 2469
11292.91, 2468
11305.04, 2467
11356.29, 2466
11362.51, 2465
11391.64, 2464
11394.51, 2463
11411.79, 2462
11437.03, 2461
11446.59, 2460
11498.52, 2459
11527.42, 2458
11537.9, 2457
11564.45, 2456
11580.77, 2455
11594.7, 2454
11608.51, 2453
11669.42, 2452
11677.73, 2451
11700.53, 2450
11723.34, 2449
11734.54, 2448
11764.34, 2447
11777.93, 2446
11788.38, 2445
11846.8, 2444
11857.61, 2443
11907.65, 2442
11916.19, 2441
11958.56, 2440
11987.33, 2439
12008.2, 2438
12029.89, 2437
12052.91, 2436
12080.56, 2435
12089.05, 2434
12113.83, 2433
12179.44, 2432
12186.32, 2431
12187.07, 2430
12231.2, 2429
12259.73, 2428
12266.17, 2427
12313.26, 2426
12352.16, 2425
12373.23, 2424
12398.35, 2423
12429.31, 2422
12441.76, 2421
12498.33, 2420
12526.93, 2419
12555.68, 2418
12570.07, 2417
12593.96, 2416
12601.58, 2415
12627.12, 2414
12641.47, 2413
12695.53, 2412
12696.23, 2411
12729.12, 2410
12813.33, 2409
12814.86, 2408
12822.81, 2407
12855.43, 2406
12879.19, 2405
12903.87, 2404
12940.62, 2403
12977.7, 2402
12990.03, 2401
13028.77, 2400
13060.14, 2399
13085.94, 2398
13096.19, 2397
13142.34, 2396
13158.53, 2395
13197.54, 2394
13224.2, 2393
13255.86, 2392
13274.94, 2391
13298.23, 2390
13322.54, 2389
13360.81, 2388
13397.64, 2387
13411.35, 2386
13431.17, 2385
13474.21, 2384
13496.57, 2383
13523.85, 2382
13561.82, 2381
13575.12, 2380
13604.51, 2379
13622.78, 2378
13646.44, 2377
13695.15, 2376
13711.79, 2375
13736.82, 2374
13762.44, 2373
13788.3, 2372
13821.83, 2371
13858.13, 2370
13875.72, 2369
13910.7, 2368
13942.26, 2367
13954.07, 2366
13994.82, 2365
14056.85, 2364
14075.08, 2363
14097.52, 2362
14151.13, 2361
14173.21, 2360
14208.09, 2359
14229.61, 2358
14254.06, 2357
14273.63, 2356
14291.68, 2355
14312.69, 2354
14342.43, 2353
14374.27, 2352
14413.06, 2351
14439.13, 2350
14454.91, 2349
14488.72, 2348
14510.14, 2347
14527.59, 2346
14560.71, 2345
14590.61, 2344
14620.02, 2343
14655.67, 2342
14674.53, 2341
14704.15, 2340
14724.14, 2339
14757.74, 2338
14777.68, 2337
14812.12, 2336
14843.65, 2335
14874.27, 2334
14903.76, 2333
14913.66, 2332
14979.95, 2331
15007.52, 2330
15027.33, 2329
15040.77, 2328
15073.34, 2327
15101.97, 2326
15102.53, 2325
15127.86, 2324
15146.04, 2323
15181.87, 2322
15236.97, 2321
15259.71, 2320
15263.58, 2319
15295.02, 2318
15324.16, 2317
15357.7, 2316
15381.02, 2315
15416.93, 2314
15445.67, 2313
15489.44, 2312
15510.5, 2311
15538.26, 2310
15577.27, 2309
15596.4, 2308
15619.95, 2307
15644.67, 2306
15688.76, 2305
15712.77, 2304
15732.93, 2303
15809.78, 2302
15818.44, 2301
15845.12, 2300
15859.44, 2299
15875.28, 2298
15897.59, 2297
15922.64, 2296
15953.72, 2295
15972.19, 2294
16011.38, 2293
16027.92, 2292
16042.76, 2291
16092.66, 2290
16127.82, 2289
16171.56, 2288
16177.35, 2287
16209.28, 2286
16246.97, 2285
16259.46, 2284
16276.01, 2283
16293.24, 2282
16324.07, 2281
16330.69, 2280
16365.21, 2279
16377.93, 2278
16474.4, 2277
16474.52, 2276
16478.49, 2275
16497.16, 2274
16531.2, 2273
16544.08, 2272
16590.15, 2271
16609.1, 2270
16627.66, 2269
16664.94, 2268
16726.8, 2267
16738.19, 2266
16760.28, 2265
16778.43, 2264
16811.56, 2263
16848.09, 2262
16879.09, 2261
16914.5, 2260
16939.29, 2259
16962.96, 2258
16974.0, 2257
16997.51, 2256
17014.05, 2255
17047.8, 2254
17102.69, 2253
17147.69, 2252
17162.32, 2251
17187.43, 2250
17208.28, 2249
17242.92, 2248
17279.1, 2247
17310.01, 2246
17338.41, 2245
17373.29, 2244
17407.1, 2243
17426.94, 2242
17452.7, 2241
17504.15, 2240
17523.45, 2239
17561.39, 2238
17590.89, 2237
17633.35, 2236
17659.48, 2235
17681.13, 2234
17713.13, 2233
17729.94, 2232
17756.96, 2231
17815.15, 2230
17823.07, 2229
17855.38, 2228
17871.7, 2227
17907.67, 2226
17924.75, 2225
17957.58, 2224
17973.63, 2223
18008.52, 2222
18038.12, 2221
18071.87, 2220
18090.55, 2219
18126.04, 2218
18147.7, 2217
18174.75, 2216
18221.22, 2215
18240.93, 2214
18274.83, 2213
18306.38, 2212
18328.88, 2211
18356.06, 2210
18380.81, 2209
18406.88, 2208
18436.4, 2207
18461.66, 2206
18479.15, 2205
18511.96, 2204
18547.82, 2203
18554.85, 2202
18557.12, 2201
18594.81, 2200
18615.16, 2199
18639.73, 2198
18709.28, 2197
18722.54, 2196
18753.56, 2195
18780.35, 2194
18817.35, 2193
18830.1, 2192
18852.46, 2191
18922.32, 2190
18929.13, 2189
18956.38, 2188
18985.85, 2187
19013.01, 2186
19055.77, 2185
19093.8, 2184
19107.31, 2183
19142.86, 2182
19161.54, 2181
19193.88, 2180
19227.24, 2179
19252.05, 2178
19278.28, 2177
19308.15, 2176
19331.06, 2175
19353.39, 2174
19407.9, 2173
19421.94, 2172
19461.94, 2171
19477.91, 2170
19505.37, 2169
19531.49, 2168
19590.19, 2167
19613.0, 2166
19628.57, 2165
19663.19, 2164
19678.08, 2163
19693.87, 2162
19721.15, 2161
19739.16, 2160
19760.5, 2159
19774.08, 2158
19795.39, 2157
19863.84, 2156
19881.38, 2155
19908.26, 2154
19938.52, 2153
19994.49, 2152
20006.1, 2151
20031.53, 2150
20074.14, 2149
20105.32, 2148
20139.98, 2147
20162.8, 2146
20191.51, 2145
20223.74, 2144
20263.76, 2143
20309.95, 2142
20355.48, 2141
20365.06, 2140
20411.94, 2139
20470.53, 2138
20471.29, 2137
20494.29, 2136
20530.68, 2135
20560.87, 2134
20598.54, 2133
20636.49, 2132
20663.41, 2131
20693.11, 2130
20735.55, 2129
20760.43, 2128
20798.3, 2127
20830.14, 2126
20870.73, 2125
20887.34, 2124
20923.29, 2123
20961.43, 2122
20991.49, 2121
21021.85, 2120
21044.5, 2119
21088.08, 2118
21132.4, 2117
21147.18, 2116
21174.2, 2115
21195.78, 2114
21214.58, 2113
21254.46, 2112
21289.57, 2111
21315.1, 2110
21339.83, 2109
21372.24, 2108
21410.68, 2107
21437.24, 2106
21462.27, 2105
21497.46, 2104
21563.45, 2103
21581.21, 2102
21599.72, 2101
21628.62, 2100
21664.48, 2099
21688.83, 2098
21711.67, 2097
21754.84, 2096
21808.18, 2095
21808.22, 2094
21831.13, 2093
21854.91, 2092
21878.33, 2091
21924.17, 2090
21943.89, 2089
21977.01, 2088
22006.48, 2087
22058.21, 2086
22058.27, 2085
22078.71, 2084
22120.82, 2083
22120.92, 2082
22148.35, 2081
22171.07, 2080
22213.61, 2079
22256.35, 2078
22276.25, 2077
22305.27, 2076
22389.64, 2075
22403.3, 2074
22426.66, 2073
22461.86, 2072
22493.37, 2071
22517.98, 2070
22529.97, 2069
22589.81, 2068
22644.62, 2067
22700.64, 2066
22705.98, 2065
22714.96, 2064
22744.94, 2063
22762.86, 2062
22789.1, 2061
22828.66, 2060
22840.18, 2059
22870.74, 2058
22904.1, 2057
22971.24, 2056
23006.46, 2055
23060.17, 2054
23096.68, 2053
23127.73, 2052
23205.58, 2051
23205.63, 2050
23214.4, 2049
23286.69, 2048
23286.73, 2047
23326.73, 2046
23364.16, 2045
23367.76, 2044
23394.64, 2043
23431.24, 2042
23475.25, 2041
23528.09, 2040
23533.66, 2039
23574.59, 2038
23633.49, 2037
23642.03, 2036
23676.23, 2035
23698.87, 2034
23729.56, 2033
23779.65, 2032
23788.21, 2031
23833.09, 2030
23878.4, 2029
23887.22, 2028
23925.44, 2027
23949.03, 2026
23992.84, 2025
24027.35, 2024
24056.49, 2023
24120.06, 2022
24121.44, 2021
24157.51, 2020
24196.55, 2019
24209.06, 2018
24240.17, 2017
24259.28, 2016
24323.91, 2015
24364.25, 2014
24396.88, 2013
24431.8, 2012
24459.56, 2011
24498.26, 2010
24531.02, 2009
24545.01, 2008
24589.09, 2007
24594.47, 2006
24619.83, 2005
24663.06, 2004
24795.1, 2003
24795.21, 2002
24795.23, 2001
24831.21, 2000
24872.69, 1999
24931.6, 1998
24965.68, 1997
24966.27, 1996
24980.21, 1995
25028.84, 1994
25055.28, 1993
25079.64, 1992
25097.03, 1991
25122.75, 1990
25161.65, 1989
25224.85, 1988
25225.54, 1987
25257.31, 1986
25295.98, 1985
25329.41, 1984
25361.26, 1983
25392.21, 1982
25430.18, 1981
25458.32, 1980
25494.19, 1979
25528.13, 1978
25556.44, 1977
25591.36, 1976
25627.56, 1975
25656.32, 1974
25680.02, 1973
25711.16, 1972
25742.07, 1971
25804.65, 1970
25832.07, 1969
25881.56, 1968
25921.23, 1967
25923.73, 1966
25963.58, 1965
26004.24, 1964
26030.16, 1963
26078.4, 1962
26097.96, 1961
26109.57, 1960
26146.82, 1959
26172.76, 1958
26204.62, 1957
26242.94, 1956
26285.98, 1955
26340.33, 1954
26367.08, 1953
26421.41, 1952
26475.67, 1951
26506.1, 1950
26560.85, 1949
26579.7, 1948
26625.89, 1947
26664.93, 1946
26678.15, 1945
26714.91, 1944
26754.18, 1943
26792.0, 1942
26866.21, 1941
26900.96, 1940
26958.68, 1939
26992.75, 1938
27025.09, 1937
27058.37, 1936
27089.7, 1935
27121.15, 1934
27160.46, 1933
27197.49, 1932
27212.33, 1931
27246.9, 1930
27289.26, 1929
27337.33, 1928
27364.49, 1927
27390.37, 1926
27420.92, 1925
27477.17, 1924
27501.85, 1923
27614.97, 1922
27615.02, 1921
27615.03, 1920
27637.47, 1919
27676.89, 1918
27701.42, 1917
27745.05, 1916
27776.59, 1915
27809.59, 1914
27831.67, 1913
27863.43, 1912
27915.4, 1911
27963.59, 1910
28016.44, 1909
28040.8, 1908
28095.15, 1907
28125.09, 1906
28159.29, 1905
28193.87, 1904
28222.25, 1903
28258.63, 1902
28289.46, 1901
28328.86, 1900
28392.08, 1899
28423.46, 1898
28461.96, 1897
28484.58, 1896
28530.99, 1895
28555.97, 1894
28637.84, 1893
28641.69, 1892
28707.97, 1891
28714.9, 1890
28745.96, 1889
28775.12, 1888
28838.68, 1887
28849.01, 1886
28871.77, 1885
28931.37, 1884
28937.48, 1883
28976.31, 1882
29014.81, 1881
29071.06, 1880
29071.82, 1879
29111.34, 1878
29179.75, 1877
29209.62, 1876
29224.31, 1875
29248.25, 1874
29309.85, 1873
29372.12, 1872
29390.07, 1871
29438.39, 1870
29447.39, 1869
29480.08, 1868
29520.34, 1867
29569.36, 1866
29595.41, 1865
29634.19, 1864
29714.76, 1863
29715.17, 1862
29716.18, 1861
29749.46, 1860
29782.9, 1859
29811.67, 1858
29837.21, 1857
29892.17, 1856
29920.77, 1855
29959.47, 1854
30012.14, 1853
30033.6, 1852
30055.77, 1851
30109.91, 1850
30127.03, 1849
30167.28, 1848
30187.68, 1847
30209.78, 1846
30238.24, 1845
30260.96, 1844
30284.43, 1843
30346.43, 1842
30346.47, 1841
30393.23, 1840
30407.61, 1839
30439.54, 1838
30464.7, 1837
30519.08, 1836
30552.18, 1835
30578.3, 1834
30601.88, 1833
30642.83, 1832
30694.13, 1831
30771.53, 1830
30771.72, 1829
30855.87, 1828
30872.12, 1827
30908.2, 1826
30945.74, 1825
30977.02, 1824
31013.15, 1823
31030.45, 1822
31072.47, 1821
31090.67, 1820
31163.17, 1819
31194.42, 1818
31236.4, 1817
31259.48, 1816
31314.79, 1815
31341.84, 1814
31380.89, 1813
31423.26, 1812
31446.46, 1811
31506.32, 1810
31552.93, 1809
31574.8, 1808
31613.87, 1807
31645.08, 1806
31674.81, 1805
31712.31, 1804
31738.94, 1803
31773.62, 1802
31816.39, 1801
31845.45, 1800
31877.13, 1799
31927.73, 1798
31955.83, 1797
31980.24, 1796
32008.25, 1795
32045.24, 1794
32102.91, 1793
32128.0, 1792
32152.39, 1791
32225.05, 1790
32234.04, 1789
32275.18, 1788
32293.06, 1787
32364.13, 1786
32387.32, 1785
32429.19, 1784
32464.75, 1783
32507.62, 1782
32542.18, 1781
32595.46, 1780
32626.17, 1779
32658.38, 1778
32704.34, 1777
32740.32, 1776
32774.69, 1775
32808.22, 1774
32843.25, 1773
32876.71, 1772
32913.04, 1771
32960.87, 1770
32977.84, 1769
33027.16, 1768
33052.5, 1767
33089.35, 1766
33110.6, 1765
33144.56, 1764
33186.2, 1763
33203.79, 1762
33230.73, 1761
33258.54, 1760
33294.91, 1759
33331.59, 1758
33376.26, 1757
33403.78, 1756
33436.59, 1755
33464.82, 1754
33528.13, 1753
33530.58, 1752
33556.3, 1751
33596.5, 1750
33631.4, 1749
33644.01, 1748
33675.01, 1747
33713.72, 1746
33745.95, 1745
33767.6, 1744
33797.25, 1743
33830.71, 1742
33860.22, 1741
33896.31, 1740
33934.09, 1739
33976.6, 1738
34002.42, 1737
34026.25, 1736
34055.94, 1735
34094.01, 1734
34116.43, 1733
34145.43, 1732
34184.25, 1731
34205.27, 1730
34248.21, 1729
34270.79, 1728
34300.8, 1727
34327.5, 1726
34359.61, 1725
34405.39, 1724
34434.51, 1723
34476.12, 1722
34517.72, 1721
34567.77, 1720
34609.65, 1719
34637.74, 1718
34696.33, 1717
34723.52, 1716
34755.26, 1715
34803.99, 1714
34838.08, 1713
34876.98, 1712
34928.41, 1711
34969.75, 1710
35010.73, 1709
35041.01, 1708
35076.3, 1707
35112.75, 1706
35147.44, 1705
35187.97, 1704
35222.32, 1703
35239.2, 1702
35270.39, 1701
35305.27, 1700
35335.04, 1699
35387.15, 1698
35421.74, 1697
35476.19, 1696
35495.19, 1695
35522.33, 1694
35564.65, 1693
35587.51, 1692
35620.36, 1691
35692.66, 1690
35705.84, 1689
35748.24, 1688
35793.04, 1687
35828.47, 1686
35860.91, 1685
35901.12, 1684
35936.48, 1683
35980.76, 1682
36013.36, 1681
36046.81, 1680
36094.11, 1679
36121.17, 1678
36153.18, 1677
36186.6, 1676
36237.1, 1675
36280.81, 1674
36302.66, 1673
36341.63, 1672
36370.86, 1671
36398.67, 1670
36453.49, 1669
36480.66, 1668
36512.22, 1667
36572.74, 1666
36603.53, 1665
36645.99, 1664
36681.22, 1663
36713.47, 1662
36742.71, 1661
36804.16, 1660
36862.24, 1659
36875.47, 1658
36890.63, 1657
36930.97, 1656
36955.42, 1655
36988.7, 1654
37023.23, 1653
37055.09, 1652
37092.78, 1651
37120.39, 1650
37180.35, 1649
37212.45, 1648
37237.69, 1647
37276.49, 1646
37311.96, 1645
37360.02, 1644
37405.72, 1643
37436.73, 1642
37472.64, 1641
37520.5, 1640
37566.43, 1639
37586.63, 1638
37644.64, 1637
37672.81, 1636
37712.47, 1635
37746.43, 1634
37781.87, 1633
37813.45, 1632
37856.15, 1631
37903.03, 1630
37938.88, 1629
37979.95, 1628
38023.43, 1627
38061.36, 1626
38102.34, 1625
38144.9, 1624
38196.44, 1623
38224.79, 1622
38255.87, 1621
38317.43, 1620
38343.23, 1619
38376.14, 1618
38418.58, 1617
38446.14, 1616
38483.92, 1615
38517.37, 1614
38545.48, 1613
38571.56, 1612
38612.97, 1611
38644.72, 1610
38673.96, 1609
38720.88, 1608
38746.62, 1607
38777.87, 1606
38820.21, 1605
38841.98, 1604
38896.35, 1603
38966.31, 1602
38973.01, 1601
39022.4, 1600
39063.43, 1599
39090.21, 1598
39133.46, 1597
39165.32, 1596
39205.02, 1595
39244.25, 1594
39277.71, 1593
39337.26, 1592
39404.7, 1591
39445.4, 1590
39489.19, 1589
39526.4, 1588
39567.49, 1587
39613.76, 1586
39637.44, 1585
39698.62, 1584
39720.09, 1583
39755.52, 1582
39793.58, 1581
39859.92, 1580
39897.92, 1579
39958.25, 1578
39998.95, 1577
40030.8, 1576
40064.04, 1575
40110.71, 1574
40164.08, 1573
40178.27, 1572
40209.29, 1571
40230.06, 1570
40277.29, 1569
40292.56, 1568
40339.94, 1567
40389.29, 1566
40418.16, 1565
40465.96, 1564
40510.59, 1563
40521.39, 1562
40564.12, 1561
40592.93, 1560
40639.51, 1559
40688.77, 1558
40690.61, 1557
40739.36, 1556
40781.39, 1555
40811.4, 1554
40859.36, 1553
40899.24, 1552
40936.48, 1551
40972.58, 1550
41008.52, 1549
41033.25, 1548
41087.99, 1547
41125.77, 1546
41178.81, 1545
41213.24, 1544
41262.96, 1543
41306.19, 1542
41323.88, 1541
41394.71, 1540
41425.7, 1539
41501.89, 1538
41510.68, 1537
41545.42, 1536
41568.96, 1535
41613.62, 1534
41658.71, 1533
41724.45, 1532
41731.53, 1531
41781.08, 1530
41826.06, 1529
41856.28, 1528
41905.9, 1527
41939.16, 1526
41981.4, 1525
42005.94, 1524
42047.87, 1523
42111.02, 1522
42135.26, 1521
42174.77, 1520
42208.29, 1519
42260.98, 1518
42289.46, 1517
42341.18, 1516
42390.82, 1515
42428.29, 1514
42471.76, 1513
42512.28, 1512
42562.98, 1511
42601.54, 1510
42664.52, 1509
42682.48, 1508
42789.03, 1507
42895.08, 1506
43026.54, 1505
43089.96, 1504
43124.25, 1503
43207.64, 1502
43277.16, 1501
43338.71, 1500
43381.93, 1499
43420.3, 1498
43465.28, 1497
43524.2, 1496
43557.51, 1495
43611.98, 1494
43658.57, 1493
43691.7, 1492
43742.37, 1491
43810.25, 1490
43834.57, 1489
43862.12, 1488
43920.87, 1487
43947.63, 1486
43992.08, 1485
44014.96, 1484
44043.16, 1483
44072.74, 1482
44110.86, 1481
44140.67, 1480
44185.49, 1479
44225.07, 1478
44260.21, 1477
44329.95, 1476
44344.46, 1475
44375.7, 1474
44424.69, 1473
44457.92, 1472
44488.21, 1471
44543.95, 1470
44580.14, 1469
44628.04, 1468
44681.69, 1467
44703.25, 1466
44736.17, 1465
44776.27, 1464
44803.74, 1463
44841.44, 1462
44893.7, 1461
44927.26, 1460
44957.17, 1459
44997.31, 1458
45037.19, 1457
45087.3, 1456
45119.2, 1455
45164.19, 1454
45200.7, 1453
45267.25, 1452
45269.16, 1451
45303.66, 1450
45342.51, 1449
45405.92, 1448
45454.12, 1447
45499.55, 1446
45518.16, 1445
45571.07, 1444
45611.61, 1443
45672.1, 1442
45719.57, 1441
45750.42, 1440
45782.79, 1439
45847.51, 1438
45888.66, 1437
45941.86, 1436
45977.63, 1435
46011.15, 1434
46040.8, 1433
46075.85, 1432
46106.58, 1431
46166.7, 1430
46225.2, 1429
46257.84, 1428
46306.59, 1427
46336.3, 1426
46374.43, 1425
46407.7, 1424
46443.09, 1423
46509.35, 1422
46545.95, 1421
46587.19, 1420
46624.85, 1419
46672.42, 1418
46704.28, 1417
46747.87, 1416
46768.58, 1415
46827.5, 1414
46871.79, 1413
46910.99, 1412
46956.3, 1411
47006.6, 1410
47035.15, 1409
47085.48, 1408
47109.69, 1407
47172.42, 1406
47196.97, 1405
47236.57, 1404
47303.88, 1403
47320.58, 1402
47372.2, 1401
47403.81, 1400
47454.74, 1399
47491.06, 1398
47539.28, 1397
47598.28, 1396
47641.51, 1395
47673.77, 1394
47709.8, 1393
47758.55, 1392
47804.4, 1391
47848.35, 1390
47890.16, 1389
47950.78, 1388
47998.31, 1387
48031.91, 1386
48076.47, 1385
48120.05, 1384
48183.22, 1383
48239.61, 1382
48288.94, 1381
48351.06, 1380
48436.29, 1379
48514.19, 1378
48552.01, 1377
48578.53, 1376
48603.09, 1375
48641.84, 1374
48669.75, 1373
48710.43, 1372
48755.73, 1371
48795.08, 1370
48850.53, 1369
48871.31, 1368
48929.49, 1367
48972.62, 1366
49027.63, 1365
49079.68, 1364
49106.51, 1363
49160.31, 1362
49197.75, 1361
49259.61, 1360
49294.39, 1359
49342.67, 1358
49378.27, 1357
49441.04, 1356
49471.88, 1355
49509.75, 1354
49545.45, 1353
49586.06, 1352
49635.81, 1351
49693.87, 1350
49743.72, 1349
49783.74, 1348
49827.95, 1347
49852.11, 1346
49902.8, 1345
49955.72, 1344
49989.3, 1343
50050.44, 1342
50078.12, 1341
50118.3, 1340
50152.85, 1339
50194.87, 1338
50259.62, 1337
50313.6, 1336
50356.5, 1335
50406.55, 1334
50453.51, 1333
50489.2, 1332
50528.76, 1331
50588.27, 1330
50630.74, 1329
50660.18, 1328
50702.78, 1327
50754.06, 1326
50784.01, 1325
50818.88, 1324
50855.94, 1323
50918.11, 1322
50946.29, 1321
50993.7, 1320
51053.29, 1319
51077.28, 1318
51122.22, 1317
51170.32, 1316
51214.72, 1315
51259.13, 1314
51301.39, 1313
51357.05, 1312
51405.66, 1311
51428.26, 1310
51503.04, 1309
51538.96, 1308
51577.62, 1307
51611.99, 1306
51669.64, 1305
51731.65, 1304
51791.89, 1303
51828.13, 1302
51874.81, 1301
51920.39, 1300
51954.28, 1299
52011.86, 1298
52069.73, 1297
52112.06, 1296
52145.76, 1295
52174.2, 1294
52219.11, 1293
52289.58, 1292
52329.46, 1291
52369.08, 1290
52425.08, 1289
52478.12, 1288
52523.9, 1287
52553.25, 1286
52609.54, 1285
52671.49, 1284
52703.83, 1283
52752.97, 1282
52805.16, 1281
52852.92, 1280
52895.07, 1279
52945.95, 1278
52977.92, 1277
53033.19, 1276
53107.22, 1275
53134.59, 1274
53169.12, 1273
53214.12, 1272
53244.93, 1271
53293.75, 1270
53341.8, 1269
53379.01, 1268
53425.92, 1267
53469.53, 1266
53528.66, 1265
53561.15, 1264
53611.55, 1263
53653.68, 1262
53705.72, 1261
53755.41, 1260
53794.33, 1259
53855.25, 1258
53891.74, 1257
53944.87, 1256
53988.14, 1255
54016.75, 1254
54073.67, 1253
54131.68, 1252
54171.25, 1251
54225.77, 1250
54257.02, 1249
54307.94, 1248
54341.11, 1247
54402.6, 1246
54466.95, 1245
54521.61, 1244
54553.3, 1243
54581.32, 1242
54644.89, 1241
54674.46, 1240
54722.81, 1239
54758.11, 1238
54805.88, 1237
54836.22, 1236
54874.55, 1235
54941.42, 1234
54995.2, 1233
55028.86, 1232
55064.06, 1231
55116.49, 1230
55151.52, 1229
55200.58, 1228
55246.61, 1227
55320.89, 1226
55357.0, 1225
55392.72, 1224
55430.45, 1223
55512.41, 1222
55544.97, 1221
55593.92, 1220
55624.91, 1219
55679.51, 1218
55743.64, 1217
55784.37, 1216
55828.73, 1215
55872.81, 1214
55910.28, 1213
55957.89, 1212
56001.35, 1211
56037.74, 1210
56090.18, 1209
56112.57, 1208
56186.29, 1207
56221.33, 1206
56259.01, 1205
56285.33, 1204
56328.41, 1203
56371.37, 1202
56411.39, 1201
56453.02, 1200
56498.08, 1199
56537.59, 1198
56617.02, 1197
56659.05, 1196
56702.08, 1195
56760.98, 1194
56807.4, 1193
56868.16, 1192
56904.61, 1191
56956.87, 1190
57001.85, 1189
57063.39, 1188
57112.07, 1187
57159.49, 1186
57226.96, 1185
57268.85, 1184
57308.34, 1183
57356.32, 1182
57400.65, 1181
57446.23, 1180
57502.86, 1179
57568.87, 1178
57606.83, 1177
57645.35, 1176
57686.74, 1175
57712.92, 1174
57781.48, 1173
57825.4, 1172
57862.15, 1171
57905.17, 1170
57949.5, 1169
58006.59, 1168
58081.15, 1167
58105.21, 1166
58153.57, 1165
58213.96, 1164
58256.08, 1163
58312.41, 1162
58361.85, 1161
58402.05, 1160
58436.77, 1159
58475.78, 1158
58557.28, 1157
58588.58, 1156
58629.69, 1155
58677.84, 1154
58722.25, 1153
58771.99, 1152
58814.78, 1151
58852.48, 1150
58909.51, 1149
58985.21, 1148
59009.04, 1147
59046.71, 1146
59090.5, 1145
59145.77, 1144
59181.29, 1143
59230.23, 1142
59283.86, 1141
59331.8, 1140
59397.3, 1139
59437.1, 1138
59472.29, 1137
59540.52, 1136
59594.31, 1135
59711.53, 1134
59711.65, 1133
59749.76, 1132
59808.83, 1131
59833.77, 1130
59895.93, 1129
59928.14, 1128
59980.6, 1127
60039.95, 1126
60061.41, 1125
60116.78, 1124
60206.06, 1123
