2451.61, 3497
2461.67, 3450
2501.14, 3405
2518.95, 3404
2529.58, 3362
2581.12, 3360
2607.58, 3359
2620.18, 3323
2663.61, 3320
2732.56, 3319
2746.43, 3318
2763.27, 3317
2774.9, 3288
2789.24, 3284
2804.49, 3282
2851.36, 3281
2865.22, 3280
2901.18, 3279
2918.03, 3278
2966.21, 3257
2979.46, 3252
2991.74, 3249
3007.07, 3248
3021.42, 3246
3054.47, 3245
3070.64, 3244
3086.11, 3243
3103.05, 3242
3147.35, 3230
3162.53, 3224
3194.93, 3220
3208.81, 3219
3237.58, 3218
3259.98, 3216
3303.76, 3215
3319.36, 3214
3330.46, 3213
3346.54, 3212
3360.17, 3211
3376.66, 3210
3423.85, 3209
3468.26, 3207
3510.6, 3200
3546.3, 3195
3566.31, 3194
3583.87, 3192
3610.88, 3190
3637.59, 3189
3653.11, 3188
3666.98, 3187
3696.78, 3186
3711.37, 3185
3730.87, 3184
3765.58, 3183
3787.01, 3182
3806.69, 3181
3818.66, 3180
3838.22, 3179
3893.39, 3178
3912.56, 3177
3928.27, 3176
3943.21, 3175
3980.68, 3174
3995.92, 3173
4012.82, 3172
4059.0, 3170
4073.59, 3163
4086.69, 3158
4126.6, 3157
4140.8, 3155
4163.67, 3153
4190.09, 3152
4206.76, 3151
4233.38, 3150
4254.62, 3149
4269.38, 3148
4302.82, 3147
4334.79, 3146
4367.06, 3145
4404.51, 3144
4420.03, 3143
4437.59, 3142
4454.4, 3141
4473.91, 3140
4489.45, 3139
4530.01, 3138
4545.26, 3137
4561.88, 3136
4591.98, 3135
4609.3, 3133
4645.91, 3126
4659.46, 3121
4684.47, 3120
4700.47, 3118
4714.59, 3116
4748.38, 3115
4763.35, 3114
4779.57, 3113
4803.33, 3112
4832.73, 3111
4860.3, 3110
4875.1, 3109
4921.46, 3108
4945.32, 3107
4961.55, 3106
4978.38, 3105
4995.96, 3104
5038.13, 3103
5054.48, 3102
5084.2, 3101
5101.03, 3100
5117.61, 3099
5136.02, 3098
5156.83, 3091
5179.97, 3086
5195.77, 3085
5209.07, 3083
5224.76, 3081
5247.56, 3080
5267.16, 3079
5284.03, 3078
5299.62, 3077
5313.27, 3076
5330.52, 3075
5359.35, 3074
5414.69, 3073
5418.01, 3072
5433.8, 3071
5445.2, 3070
5481.54, 3069
5501.45, 3068
5532.28, 3067
5549.99, 3066
5595.68, 3065
5613.65, 3064
5626.68, 3063
5650.99, 3062
5670.86, 3061
5684.55, 3054
5709.66, 3049
5723.95, 3048
5739.37, 3046
5765.42, 3044
5796.87, 3043
5815.93, 3042
5852.7, 3041
5870.31, 3040
5883.53, 3039
5900.61, 3038
5940.76, 3037
5959.03, 3036
5998.53, 3035
6015.16, 3034
6032.93, 3033
6045.7, 3032
6084.09, 3031
6130.02, 3030
6149.87, 3029
6169.38, 3028
6193.87, 3027
6217.36, 3026
6246.4, 3025
6285.34, 3024
6298.46, 3017
6311.45, 3012
6325.37, 3011
6342.28, 3009
6354.21, 3007
6368.81, 3006
6400.65, 3005
6414.52, 3004
6443.39, 3003
6487.67, 3002
6518.59, 3001
6549.56, 3000
6565.2, 2999
6596.07, 2998
6613.26, 2997
6647.09, 2996
6662.84, 2995
6680.39, 2994
6715.78, 2993
6737.65, 2992
6755.91, 2991
6772.5, 2990
6797.22, 2989
6837.1, 2988
6853.86, 2983
6884.39, 2978
6897.25, 2977
6912.23, 2975
6927.1, 2973
6954.78, 2972
6983.98, 2971
6998.88, 2970
7016.85, 2969
7054.78, 2968
7088.49, 2967
7105.09, 2966
7122.89, 2965
7168.36, 2964
7199.72, 2963
7224.16, 2962
7241.37, 2961
7274.16, 2960
7306.7, 2959
7344.68, 2958
7362.1, 2957
7381.32, 2956
7413.9, 2955
7433.01, 2954
7449.63, 2953
7468.44, 2952
7511.65, 2951
7546.78, 2950
7564.1, 2949
7578.3, 2948
7596.99, 2943
7613.32, 2942
7667.27, 2940
7684.36, 2938
7694.32, 2937
7708.74, 2936
7729.66, 2935
7749.74, 2934
7763.69, 2933
7806.01, 2932
7825.31, 2931
7857.01, 2930
7872.13, 2929
7887.81, 2928
7910.4, 2927
7947.45, 2926
7965.5, 2925
7986.03, 2924
8016.67, 2923
8042.15, 2922
8058.35, 2921
8104.68, 2920
8132.52, 2919
8147.58, 2918
8181.57, 2917
8200.67, 2916
8220.13, 2915
8238.2, 2914
8277.18, 2913
8297.37, 2912
8317.17, 2911
8339.73, 2910
8366.99, 2909
8381.84, 2908
8400.67, 2906
8451.22, 2904
8469.12, 2903
8504.33, 2902
8517.93, 2901
8541.46, 2900
8559.11, 2899
8632.14, 2898
8668.17, 2897
8690.21, 2896
8815.01, 2895
8835.7, 2894
8860.35, 2893
8878.76, 2892
8904.02, 2891
8915.2, 2890
8932.33, 2889
8948.99, 2888
8982.3, 2887
8998.88, 2886
9041.67, 2885
9055.14, 2884
9111.64, 2883
9129.32, 2882
9146.99, 2881
9192.71, 2880
9209.68, 2879
9227.52, 2878
9262.64, 2877
9308.57, 2876
9326.62, 2875
9343.31, 2874
9387.97, 2873
9410.13, 2872
9428.17, 2871
9444.77, 2870
9466.05, 2869
9484.26, 2868
9524.57, 2867
9558.54, 2866
9576.37, 2865
9608.83, 2864
9625.6, 2863
9652.34, 2862
9697.22, 2861
9714.47, 2860
9731.34, 2859
9747.24, 2858
9762.86, 2857
9805.08, 2856
9828.0, 2855
9857.88, 2854
9878.57, 2853
9893.73, 2852
9930.47, 2851
9958.28, 2850
9966.3, 2849
10005.8, 2848
10026.04, 2847
10042.81, 2846
10062.06, 2845
10110.41, 2844
10147.8, 2843
10176.62, 2842
10192.4, 2841
10214.51, 2840
10243.88, 2839
10287.31, 2838
10309.77, 2837
10344.31, 2836
10361.78, 2835
10385.94, 2834
10417.95, 2833
10452.14, 2832
10478.02, 2831
10503.56, 2830
10531.31, 2829
10550.28, 2828
10569.31, 2827
10591.94, 2826
10614.9, 2825
10635.56, 2824
10665.86, 2823
10684.29, 2822
10725.17, 2821
10754.72, 2820
10777.14, 2819
10805.49, 2818
10827.91, 2817
10845.9, 2816
10872.75, 2815
10902.81, 2814
10928.35, 2813
10954.04, 2812
10985.65, 2811
11005.32, 2810
11052.44, 2809
11085.27, 2808
11102.26, 2807
11128.75, 2806
11151.75, 2805
11195.12, 2804
11232.66, 2803
11261.06, 2802
11283.09, 2801
11327.83, 2800
11353.72, 2799
11376.62, 2798
11400.12, 2797
11428.16, 2796
11448.6, 2795
11483.89, 2794
11504.03, 2793
11520.64, 2792
11540.59, 2791
11592.13, 2790
11610.89, 2789
11650.84, 2788
11678.01, 2787
11692.26, 2786
11711.09, 2785
11757.23, 2784
11775.97, 2783
11795.12, 2782
11818.29, 2781
11852.12, 2780
11871.43, 2779
11907.63, 2778
11928.57, 2777
11966.63, 2776
11999.33, 2775
12030.32, 2774
12068.65, 2773
12093.33, 2772
12111.59, 2771
12140.09, 2770
12172.96, 2769
12193.74, 2768
12214.43, 2767
12231.78, 2766
12259.31, 2765
12294.24, 2764
12315.91, 2763
12335.32, 2762
12353.64, 2761
12384.93, 2760
12415.05, 2759
12441.88, 2758
12469.03, 2757
12499.76, 2756
12527.94, 2755
12549.06, 2754
12568.31, 2753
12597.78, 2752
12628.19, 2751
12649.16, 2750
12691.56, 2749
12719.16, 2748
12752.28, 2747
12783.75, 2746
12820.63, 2745
12850.77, 2744
12902.56, 2743
12920.68, 2742
12948.39, 2741
12999.06, 2740
13026.52, 2739
13061.16, 2738
13079.72, 2737
13116.46, 2736
13158.19, 2735
13176.8, 2734
13202.33, 2733
13234.59, 2732
13252.47, 2731
13278.49, 2730
13317.77, 2729
13352.45, 2728
13387.02, 2727
13411.4, 2726
13448.48, 2725
13468.54, 2724
13499.99, 2723
13520.72, 2722
13560.65, 2721
13599.98, 2720
13631.93, 2719
13658.76, 2718
13693.76, 2717
13721.0, 2716
13763.36, 2715
13794.82, 2714
13818.47, 2713
13843.93, 2712
13868.63, 2711
13904.17, 2710
13949.38, 2709
13977.78, 2708
14014.62, 2707
14033.69, 2706
14061.57, 2705
14089.47, 2704
14122.26, 2703
14147.55, 2702
14183.68, 2701
14211.8, 2700
14245.08, 2699
14264.68, 2698
14294.81, 2697
14335.82, 2696
14363.36, 2695
14393.79, 2694
14426.7, 2693
14451.88, 2692
14470.87, 2691
14494.79, 2690
14535.47, 2689
14559.46, 2688
14599.44, 2687
14627.69, 2686
14715.87, 2685
14774.92, 2684
14815.59, 2683
14850.52, 2682
14897.41, 2681
14938.16, 2680
14961.78, 2679
15000.91, 2678
15031.88, 2677
15060.89, 2676
15080.75, 2675
15112.29, 2674
15139.76, 2673
15168.72, 2672
15192.46, 2671
15209.86, 2670
15255.91, 2669
15279.1, 2668
15324.95, 2667
15366.91, 2666
15391.05, 2665
15424.34, 2664
15473.64, 2663
15498.18, 2662
