5032.97, 9142
5059.59, 9118
5060.44, 9115
5062.33, 9093
5064.41, 9092
5071.7, 9072
5073.55, 9070
5094.28, 9069
5120.25, 9050
5142.41, 9048
5148.17, 9047
5150.59, 8869
5166.11, 8847
5170.64, 8846
5172.57, 8844
5174.97, 8824
5204.27, 8822
5207.95, 8821
5215.02, 8805
5222.48, 8802
5229.87, 8801
5237.35, 8800
5239.01, 8799
5244.07, 8785
5249.84, 8782
5256.67, 8781
5264.7, 8780
5264.91, 8779
5269.31, 8778
5287.47, 8777
5289.29, 8763
5291.15, 8760
5314.14, 8759
5315.48, 8758
5360.86, 8757
5374.04, 8756
5377.53, 8755
5386.31, 8741
5388.17, 8738
5396.1, 8737
5402.35, 8736
5404.23, 8735
5412.17, 8734
5415.12, 8733
5427.02, 8722
5428.94, 8719
5438.66, 8718
5440.55, 8717
5446.76, 8716
5449.8, 8715
5457.51, 8714
5463.83, 8713
5465.78, 8712
5474.94, 8711
5486.1, 8700
5488.09, 8697
5491.74, 8696
5501.55, 8695
5504.63, 8694
5506.75, 8693
5512.77, 8692
5522.45, 8691
5526.08, 8690
5530.65, 8689
5537.85, 8678
5545.48, 8675
5551.94, 8674
5591.0, 8673
5606.57, 8672
5608.47, 8671
5610.64, 8670
5620.04, 8659
5625.9, 8656
5633.67, 8655
5635.56, 8654
5642.12, 8653
5644.03, 8652
5652.91, 8651
5654.79, 8650
5717.27, 8649
5729.34, 8648
5734.47, 8637
5742.57, 8634
5783.01, 8633
5786.32, 8632
5811.04, 8631
5819.86, 8630
5823.57, 8629
5835.35, 8628
5839.03, 8627
5855.18, 8626
5865.26, 8575
5871.0, 8555
5878.55, 8553
5883.3, 8552
5886.14, 8534
5894.18, 8531
5896.05, 8530
5901.71, 8529
5908.19, 8517
5923.27, 8513
5950.51, 8511
5952.46, 8510
5979.59, 8509
5994.97, 8508
6008.37, 8499
6017.05, 8495
6018.89, 8493
6025.81, 8492
6032.7, 8491
6036.21, 8490
6048.19, 8489
6058.66, 8488
6061.49, 8487
6078.95, 8479
6088.87, 8475
6094.69, 8473
6101.86, 8472
6118.55, 8471
6124.95, 8470
6144.83, 8469
6156.32, 8468
6161.03, 8467
6169.88, 8466
6193.89, 8459
6203.09, 8455
6209.2, 8453
6211.59, 8452
6216.27, 8451
6226.81, 8450
6230.23, 8449
6235.64, 8448
6239.2, 8447
6243.13, 8446
6251.08, 8445
6260.19, 8442
6262.22, 8438
6268.44, 8436
6274.38, 8435
6281.43, 8434
6287.21, 8433
6293.52, 8432
6295.6, 8431
6303.75, 8430
6307.01, 8429
6313.17, 8428
6321.06, 8427
6327.96, 8426
6329.92, 8425
6339.63, 8424
6348.54, 8422
6350.46, 8418
6388.57, 8416
6422.17, 8415
6439.05, 8414
6450.94, 8413
6452.83, 8412
6454.77, 8411
6463.22, 8410
6465.89, 8409
6470.48, 8408
6478.48, 8407
6490.31, 8406
6493.06, 8405
6494.04, 8404
6503.03, 8403
6504.96, 8402
6520.4, 8396
6529.09, 8392
6541.82, 8390
6551.84, 8389
6583.86, 8388
6584.28, 8387
6595.04, 8386
6602.07, 8385
6638.58, 8384
6643.44, 8383
6652.28, 8382
6664.28, 8379
6704.97, 8375
6714.1, 8373
6721.84, 8372
6737.12, 8371
6743.67, 8370
6756.74, 8369
6770.34, 8368
6782.13, 8367
6792.0, 8366
6798.15, 8365
6802.78, 8364
6814.34, 8363
6819.57, 8362
6822.36, 8361
6830.04, 8359
6839.04, 8355
6840.86, 8353
6853.59, 8352
6855.51, 8351
6857.45, 8350
6861.87, 8349
6869.18, 8348
6900.06, 8347
6910.85, 8346
6920.4, 8345
6927.67, 8344
6932.92, 8343
6942.06, 8342
6945.96, 8341
6950.45, 8340
6986.57, 8339
7014.54, 8337
7030.39, 8333
7033.33, 8331
7058.77, 8330
7083.17, 8329
7109.23, 8328
7117.44, 8327
7132.0, 8326
7136.26, 8325
7144.65, 8324
7156.6, 8323
7157.48, 8322
7180.33, 8321
7184.23, 8320
7224.04, 8319
7251.46, 8318
7253.35, 8317
7267.18, 8315
7269.04, 8311
7275.37, 8309
7288.66, 8308
7292.69, 8307
7298.84, 8306
7313.8, 8305
7321.99, 8304
7333.63, 8303
7342.18, 8302
7368.06, 8301
7379.13, 8300
7381.74, 8299
7396.85, 8298
7405.27, 8297
7412.57, 8296
7416.29, 8295
7431.83, 8294
7446.51, 8293
7459.32, 8292
7478.08, 8291
7491.59, 8290
7498.86, 8289
7514.99, 8288
7534.69, 8287
7541.41, 8286
7548.74, 8285
7558.44, 8284
7562.06, 8283
7571.57, 8282
7577.93, 8281
7594.42, 8280
7610.67, 8279
7617.02, 8275
7802.83, 8273
7804.55, 8272
7806.42, 8271
7808.28, 8270
7821.36, 8269
7823.19, 8268
7829.26, 8267
7834.18, 8266
7842.42, 8265
7858.43, 8264
7860.34, 8263
7874.98, 8262
7879.44, 8261
7881.35, 8260
7883.21, 8259
7902.93, 8258
7907.82, 8257
7915.05, 8253
7923.65, 8251
7931.99, 8250
7933.81, 8249
7948.96, 8248
7950.73, 8247
7968.1, 8246
7988.94, 8245
7990.83, 8244
7992.68, 8243
7995.77, 8242
8005.48, 8241
8017.05, 8240
8029.57, 8239
8031.58, 8238
8041.04, 8237
8046.39, 8236
8064.97, 8235
8071.42, 8234
8080.15, 8233
8088.77, 8232
8092.0, 8231
8103.3, 8230
8113.17, 8229
8131.11, 8228
8148.92, 8227
8165.66, 8226
8188.42, 8225
8202.89, 8224
8207.59, 8223
8219.46, 8222
8221.44, 8218
8223.3, 8216
8227.91, 8215
8234.1, 8214
8236.79, 8213
8262.86, 8212
8272.53, 8211
8285.57, 8210
8288.78, 8209
8305.56, 8208
8312.24, 8207
8322.28, 8206
8346.93, 8205
8348.93, 8204
8363.39, 8203
8375.83, 8202
8400.6, 8201
8403.51, 8200
8417.54, 8196
8419.43, 8194
8428.23, 8193
8433.3, 8192
8439.94, 8191
8441.32, 8190
8448.39, 8189
8453.09, 8188
8463.25, 8187
8467.3, 8186
8479.21, 8185
8537.9, 8184
8558.97, 8183
8560.87, 8182
8562.83, 8181
8570.45, 8180
8577.19, 8179
8585.16, 8178
8586.75, 8177
8604.69, 8176
8618.9, 8175
8640.16, 8174
8649.76, 8173
8694.52, 8172
8701.38, 8171
8704.78, 8170
8711.31, 8169
8717.26, 8168
8724.82, 8167
8732.05, 8166
8735.94, 8165
8745.73, 8162
8751.94, 8160
8756.51, 8159
8767.85, 8158
8769.68, 8157
8774.84, 8156
8790.06, 8155
8792.64, 8154
8795.36, 8153
8814.03, 8152
8821.27, 8151
8829.91, 8150
8869.52, 8149
8872.0, 8148
8889.95, 8147
8902.53, 8146
8907.21, 8145
8912.49, 8144
8915.24, 8143
8922.16, 8140
8939.57, 8138
8942.07, 8137
8944.76, 8136
8954.3, 8135
8975.15, 8134
9004.8, 8133
9011.57, 8132
9028.62, 8131
9047.99, 8130
9051.3, 8129
9055.66, 8128
9057.57, 8127
9064.6, 8126
9069.26, 8125
9073.9, 8124
9094.69, 8123
9116.19, 8122
9129.24, 8121
9138.78, 8120
9148.7, 8119
9164.21, 8118
9166.09, 8117
9168.07, 8116
9174.09, 8115
9178.81, 8114
9183.44, 8113
9204.67, 8112
9206.55, 8111
9208.4, 8110
9224.34, 8109
9238.44, 8107
9243.81, 8105
9276.7, 8104
9304.75, 8103
9309.49, 8102
9314.22, 8101
9331.32, 8100
9339.25, 8099
9352.8, 8098
9362.39, 8097
9379.53, 8096
9397.44, 8095
9409.53, 8094
9423.23, 8093
9428.51, 8092
9452.66, 8091
9467.39, 8090
9479.06, 8089
9485.28, 8088
9496.02, 8087
9516.67, 8085
9528.16, 8083
9541.66, 8082
9552.35, 8081
9561.37, 8080
9565.6, 8079
9572.48, 8078
9574.21, 8077
9580.9, 8076
9588.95, 8075
9594.92, 8074
9599.16, 8073
9606.99, 8072
9611.39, 8071
9615.58, 8070
9622.33, 8069
9628.15, 8068
9633.9, 8067
9640.01, 8066
9644.97, 8065
9653.21, 8064
9658.38, 8063
9665.52, 8062
9671.27, 8061
9750.42, 8060
9765.31, 8059
9783.16, 8058
9818.15, 8057
9830.75, 8056
9844.72, 8055
9851.74, 8054
9880.18, 8053
9889.13, 8051
9894.77, 8050
9921.07, 8049
9947.8, 8048
9967.98, 8047
9987.18, 8046
10010.69, 8045
10013.27, 8044
10022.61, 8043
10028.65, 8042
10035.62, 8041
10040.19, 8040
10048.1, 8039
10049.93, 8038
10055.47, 8037
10070.08, 8036
10071.93, 8035
10078.86, 8034
10083.51, 8033
10088.08, 8032
10097.19, 8031
10103.17, 8029
10108.82, 8028
10113.54, 8027
10166.38, 8026
10166.86, 8025
10180.87, 8024
10186.32, 8023
10204.94, 8022
10211.82, 8021
10228.09, 8020
10241.53, 8019
10243.52, 8018
10252.3, 8017
10264.6, 8016
10279.16, 8015
10316.78, 8014
10325.54, 8013
10342.83, 8012
10349.47, 8011
10351.37, 8010
10375.03, 8009
10378.97, 8008
10444.13, 8007
10446.02, 8006
10453.52, 8005
10476.13, 8004
10478.45, 8003
10480.02, 8002
10529.03, 8001
10577.46, 8000
10586.52, 7999
10598.97, 7998
10606.24, 7997
10614.25, 7996
10618.51, 7995
10620.62, 7994
10631.08, 7993
10634.2, 7992
10637.94, 7991
10642.61, 7990
10650.79, 7989
10655.42, 7988
10661.95, 7987
10665.36, 7986
10675.94, 7985
10679.56, 7984
10684.26, 7983
10692.78, 7982
10697.58, 7981
10711.62, 7980
10729.16, 7979
10789.23, 7978
10793.66, 7976
10803.15, 7975
10804.99, 7974
10815.08, 7973
10816.9, 7972
10829.43, 7971
10836.09, 7970
10838.02, 7969
10840.78, 7968
10841.76, 7967
10864.82, 7966
10866.33, 7965
10870.94, 7964
10930.32, 7963
10936.16, 7962
11027.16, 7961
11032.69, 7960
11036.0, 7959
11052.89, 7958
11054.96, 7957
11056.8, 7956
11071.45, 7955
11122.51, 7954
11127.26, 7953
11131.96, 7952
11149.07, 7951
11153.21, 7950
11155.05, 7949
11186.81, 7948
11188.72, 7947
11190.76, 7946
11256.83, 7945
11259.65, 7944
11266.25, 7943
11273.69, 7942
11285.66, 7941
11290.11, 7940
11302.8, 7939
11307.36, 7938
11312.12, 7937
11323.2, 7936
11334.52, 7935
11339.19, 7934
11344.93, 7933
11348.42, 7932
11353.17, 7931
11374.31, 7930
11376.2, 7929
11406.53, 7928
11413.72, 7927
11415.17, 7926
11426.11, 7925
11439.05, 7924
11440.93, 7923
11452.77, 7922
11454.62, 7921
11467.51, 7920
11469.37, 7919
11497.71, 7918
11520.7, 7917
11567.59, 7916
11569.46, 7915
11585.47, 7914
11588.6, 7913
11589.89, 7912
11606.83, 7911
11609.99, 7910
11612.02, 7909
11619.86, 7908
11626.91, 7907
11628.73, 7906
11648.0, 7905
11704.57, 7904
11716.05, 7903
11732.82, 7902
11738.84, 7901
11740.77, 7900
11742.62, 7899
11761.87, 7898
11765.54, 7897
11770.45, 7896
11779.88, 7895
11786.1, 7894
11788.04, 7893
11815.52, 7892
11818.09, 7891
11822.78, 7890
11910.82, 7889
11925.03, 7888
11937.32, 7887
11942.03, 7886
11964.87, 7885
11976.54, 7884
11980.3, 7883
11996.96, 7882
12014.38, 7881
12030.55, 7880
12036.48, 7879
12044.73, 7878
12059.39, 7877
12074.2, 7876
12076.12, 7875
12108.34, 7874
12116.08, 7873
12118.11, 7872
12126.15, 7871
12130.67, 7870
12133.84, 7869
12139.32, 7868
12145.24, 7867
12172.63, 7866
12177.07, 7865
12178.99, 7864
12184.68, 7863
12199.82, 7862
12201.61, 7861
12203.46, 7860
12333.36, 7859
12336.51, 7858
12338.47, 7857
12347.66, 7856
12359.02, 7855
12367.93, 7854
12394.45, 7853
12424.31, 7852
12435.93, 7851
12437.84, 7850
12451.98, 7849
12460.77, 7848
12462.99, 7847
12464.7, 7846
12466.35, 7845
12471.13, 7844
12485.24, 7843
12488.65, 7842
12496.01, 7841
12500.85, 7840
12511.22, 7839
12518.53, 7838
12521.78, 7837
12528.31, 7836
12535.1, 7835
12549.97, 7834
12557.8, 7833
12562.02, 7832
12655.82, 7831
12663.12, 7830
12664.97, 7829
12681.0, 7828
12689.13, 7827
12691.0, 7826
12692.83, 7825
12708.92, 7824
12715.41, 7823
12733.48, 7822
12735.21, 7821
12737.14, 7820
12862.02, 7819
12881.58, 7818
12891.22, 7817
12897.04, 7816
12902.36, 7815
12909.77, 7814
12915.76, 7813
12918.81, 7812
12963.53, 7811
12968.55, 7810
12970.26, 7809
12978.06, 7808
12981.15, 7807
12996.48, 7806
13000.48, 7805
13008.82, 7804
13012.26, 7803
13014.25, 7802
13030.23, 7801
13033.47, 7800
13035.54, 7799
13137.8, 7798
13146.17, 7797
13151.95, 7796
13153.84, 7795
13164.47, 7794
13171.54, 7793
13173.37, 7792
13181.39, 7791
13190.97, 7790
13197.63, 7789
13199.59, 7788
13205.71, 7787
13216.31, 7786
13225.94, 7785
13233.66, 7784
13235.67, 7783
13266.92, 7782
13269.9, 7781
13288.21, 7780
13291.73, 7779
13293.59, 7778
13300.77, 7777
13326.32, 7776
13328.44, 7775
13330.1, 7774
13395.1, 7773
13404.01, 7772
13405.94, 7771
13407.88, 7770
13421.67, 7769
13446.83, 7768
13450.04, 7767
13451.89, 7766
13469.5, 7765
13491.25, 7764
13500.48, 7763
13502.32, 7762
13504.2, 7761
13506.4, 7760
13512.05, 7759
13524.54, 7758
13529.41, 7757
13533.09, 7756
13547.27, 7755
13552.72, 7754
13554.62, 7753
13556.47, 7752
13571.53, 7751
13576.74, 7750
13686.81, 7749
13699.62, 7748
13701.5, 7747
13771.99, 7746
13778.68, 7745
13780.55, 7744
13787.4, 7743
13792.43, 7742
13794.39, 7741
13807.51, 7740
13814.32, 7739
13822.91, 7738
13828.56, 7737
13841.69, 7736
13848.86, 7735
13850.7, 7734
13866.9, 7733
13872.04, 7732
13874.0, 7731
13905.35, 7730
13912.16, 7729
13913.99, 7728
13983.29, 7727
14011.29, 7726
14012.57, 7725
14014.5, 7724
14016.34, 7723
14033.71, 7722
14046.05, 7721
14048.29, 7720
14067.04, 7719
14068.89, 7718
14071.02, 7717
14196.79, 7716
14214.1, 7715
14224.76, 7714
14226.34, 7713
14250.51, 7712
14252.37, 7711
14271.82, 7710
14275.16, 7709
14277.24, 7708
14285.95, 7707
14288.02, 7706
14305.5, 7705
14311.09, 7704
14311.65, 7703
14321.05, 7702
14322.84, 7701
14340.29, 7700
14343.6, 7699
14345.45, 7698
14351.88, 7697
14353.91, 7696
14369.3, 7695
14376.77, 7694
14378.7, 7693
14484.0, 7692
14509.0, 7691
14515.97, 7690
14592.42, 7689
14610.69, 7688
14618.86, 7687
14626.2, 7686
14631.27, 7685
14635.88, 7684
14643.96, 7683
14651.1, 7682
14652.99, 7681
14663.27, 7680
14668.28, 7679
14677.76, 7678
14682.94, 7677
14690.58, 7676
14696.45, 7675
14706.17, 7674
14713.02, 7673
14715.29, 7672
14727.61, 7671
14729.63, 7670
14737.79, 7669
14744.88, 7668
14746.74, 7667
14753.94, 7666
14759.7, 7665
14774.13, 7664
14781.55, 7663
14792.74, 7662
14799.94, 7661
14804.6, 7660
14811.69, 7659
14816.26, 7658
14820.32, 7657
14832.4, 7656
14842.79, 7655
14844.61, 7654
14851.53, 7653
14872.92, 7652
14874.8, 7651
14876.68, 7650
14996.07, 7649
15005.56, 7648
15007.46, 7647
15025.46, 7646
15044.04, 7645
15047.12, 7644
15048.03, 7643
15219.5, 7642
15221.35, 7641
15223.2, 7640
15225.07, 7639
15241.77, 7638
15260.48, 7637
15262.29, 7636
15270.54, 7635
15291.06, 7634
15292.65, 7633
15294.52, 7632
15298.93, 7631
15305.48, 7630
15321.59, 7629
15324.08, 7628
15325.98, 7627
15336.35, 7626
15338.28, 7625
15358.93, 7624
15370.65, 7623
15379.76, 7622
15399.72, 7621
15411.75, 7620
15422.17, 7619
15441.08, 7618
15446.33, 7617
15451.95, 7616
15463.58, 7615
15477.72, 7614
15503.78, 7613
15520.91, 7612
15522.75, 7611
15530.14, 7610
15548.1, 7609
15564.82, 7608
15595.87, 7607
15612.58, 7606
15628.05, 7605
15642.06, 7604
15646.73, 7603
15652.7, 7602
15660.01, 7601
15672.5, 7600
15674.34, 7599
15681.1, 7598
15688.35, 7597
15696.43, 7596
15704.5, 7595
15711.4, 7594
15718.42, 7593
15721.67, 7592
15728.91, 7591
15734.23, 7590
15742.85, 7589
15752.11, 7588
15766.4, 7587
15772.89, 7586
15787.97, 7585
15789.82, 7584
15860.36, 7583
15879.3, 7582
15897.21, 7581
15903.83, 7580
15915.34, 7579
15920.68, 7578
15961.09, 7577
15972.29, 7576
15981.14, 7575
15985.87, 7574
15993.72, 7573
16003.57, 7572
16006.46, 7571
16013.12, 7570
16023.01, 7569
16028.87, 7568
16035.12, 7567
16042.65, 7566
16049.77, 7565
16055.45, 7564
16061.13, 7563
16072.21, 7562
16173.1, 7561
16196.74, 7560
16198.65, 7559
16215.24, 7558
16218.7, 7557
16220.54, 7556
16231.4, 7555
16245.1, 7554
16259.17, 7553
16263.52, 7552
16277.45, 7551
16291.08, 7550
16322.52, 7549
16344.35, 7548
16355.38, 7547
16362.9, 7546
16368.5, 7545
16377.06, 7544
16386.62, 7543
16392.04, 7542
16396.57, 7541
16404.18, 7540
16409.04, 7539
16414.77, 7538
16426.44, 7537
16429.91, 7536
16437.16, 7535
16447.25, 7534
16453.43, 7533
16468.43, 7532
16487.18, 7531
16489.13, 7530
16490.99, 7529
16527.84, 7528
16529.69, 7527
16574.74, 7526
16590.1, 7525
16594.87, 7524
16624.73, 7523
16656.82, 7522
16667.77, 7521
16688.04, 7520
16694.91, 7519
16703.08, 7518
16719.51, 7517
16735.98, 7516
16745.03, 7515
16760.82, 7514
16763.33, 7513
16776.39, 7512
16784.91, 7511
16790.13, 7510
16811.15, 7509
16817.13, 7508
16825.5, 7507
16829.92, 7506
16847.28, 7505
16857.76, 7504
16859.75, 7503
16882.44, 7502
16890.25, 7501
16894.38, 7500
16904.78, 7499
16909.16, 7498
16913.73, 7497
16922.98, 7496
16945.49, 7495
16978.53, 7494
16994.83, 7493
17010.91, 7492
17026.23, 7491
17056.09, 7490
17077.72, 7489
17083.8, 7488
17100.24, 7487
17119.43, 7486
17125.02, 7485
17149.59, 7484
17164.49, 7483
17181.19, 7482
17181.47, 7481
17184.58, 7480
17190.9, 7479
17201.58, 7478
17206.67, 7477
17212.0, 7476
17222.28, 7475
17244.57, 7474
17254.21, 7473
17276.25, 7472
17288.15, 7471
17318.28, 7470
17328.33, 7469
17341.85, 7468
17353.92, 7467
17368.72, 7466
17384.84, 7465
17393.77, 7464
17412.51, 7463
17451.15, 7462
17458.17, 7461
17469.08, 7460
17477.91, 7459
17487.5, 7458
17494.38, 7457
17498.23, 7456
17505.03, 7455
17510.71, 7454
17519.17, 7453
17529.91, 7452
17531.84, 7451
17538.7, 7450
17547.39, 7449
17553.48, 7448
17561.0, 7447
17566.89, 7446
17576.92, 7445
17580.95, 7444
17585.98, 7443
17592.94, 7442
17600.32, 7441
17608.12, 7440
17669.5, 7439
17671.38, 7438
17673.23, 7437
17683.74, 7436
17689.59, 7435
17704.78, 7434
17708.78, 7433
17715.02, 7432
17731.07, 7431
17744.29, 7430
17767.05, 7429
17779.96, 7428
17812.56, 7427
17837.55, 7426
17844.81, 7425
17857.95, 7424
17859.88, 7423
17887.52, 7422
17892.44, 7421
17921.52, 7420
17927.28, 7419
17938.67, 7418
17952.85, 7417
17962.62, 7416
17978.73, 7415
17985.31, 7414
17995.58, 7413
18003.75, 7412
18014.61, 7411
18038.35, 7410
18053.46, 7409
18055.72, 7408
18069.7, 7407
18070.29, 7406
18079.15, 7405
18086.56, 7404
18101.75, 7403
18113.38, 7402
18125.24, 7401
18127.1, 7400
18134.58, 7399
18145.79, 7398
18153.35, 7397
18203.48, 7396
18222.0, 7395
18237.41, 7394
18252.55, 7393
18260.68, 7392
18270.11, 7391
18275.42, 7390
18290.27, 7389
18295.96, 7388
18303.46, 7387
18305.19, 7386
18315.01, 7385
18326.31, 7384
18326.96, 7383
18337.23, 7382
18338.98, 7381
18353.61, 7380
18395.22, 7379
18397.18, 7378
18406.9, 7377
18427.71, 7376
18455.49, 7375
18473.1, 7374
18480.12, 7373
18489.51, 7372
18492.55, 7371
18502.48, 7370
18510.25, 7369
18518.37, 7368
18525.66, 7367
18527.52, 7366
18539.48, 7365
18545.1, 7364
18553.97, 7363
18556.8, 7362
18597.99, 7361
18609.27, 7360
18664.22, 7359
18687.96, 7358
18694.32, 7357
18705.3, 7356
18707.16, 7355
18713.61, 7354
18721.36, 7353
18726.14, 7352
18736.71, 7351
18741.2, 7350
18745.24, 7349
18805.91, 7348
18821.07, 7347
18827.68, 7346
18836.86, 7345
18838.73, 7344
18865.39, 7343
18876.77, 7342
18886.02, 7341
18887.89, 7340
18902.23, 7339
18919.47, 7338
18924.65, 7337
18931.65, 7336
18939.55, 7335
18947.83, 7334
18953.69, 7333
18962.81, 7332
18968.82, 7331
18977.45, 7330
18988.71, 7329
18990.46, 7328
19022.02, 7327
19058.05, 7326
19076.32, 7325
19091.86, 7324
19094.54, 7323
19127.82, 7322
19153.09, 7321
19164.94, 7320
19169.09, 7319
19185.99, 7318
19187.71, 7317
19189.43, 7316
19196.08, 7315
19204.66, 7314
19212.58, 7313
19215.5, 7312
19225.86, 7311
19228.27, 7310
19238.81, 7309
19244.86, 7308
19252.83, 7307
19263.5, 7306
19265.31, 7305
19271.72, 7304
19283.27, 7303
19285.61, 7302
19293.53, 7301
19298.73, 7300
19312.99, 7299
19314.84, 7298
19319.32, 7297
19338.69, 7296
19383.89, 7295
19405.52, 7294
19452.24, 7293
19479.36, 7292
19503.41, 7291
19510.97, 7290
19514.95, 7289
19527.95, 7288
19533.91, 7287
19538.66, 7286
19544.89, 7285
19549.99, 7284
19559.08, 7283
19569.71, 7282
19576.02, 7281
19579.15, 7280
19587.44, 7279
19649.07, 7278
19658.04, 7277
19664.34, 7276
19671.09, 7275
19678.42, 7274
19686.57, 7273
19692.22, 7272
19697.17, 7271
19706.56, 7270
19711.77, 7269
19716.25, 7268
19722.77, 7267
19742.02, 7266
19747.48, 7265
19753.97, 7264
19761.41, 7263
19770.85, 7262
19794.56, 7261
19799.61, 7260
19808.28, 7259
19813.58, 7258
19822.27, 7257
19825.6, 7256
19834.53, 7255
19838.01, 7254
19845.47, 7253
19853.47, 7252
19894.7, 7251
19939.12, 7250
19955.16, 7249
19976.75, 7248
19985.97, 7247
19996.73, 7246
20019.75, 7245
20025.37, 7244
20027.35, 7243
20047.73, 7242
20087.36, 7241
20094.52, 7240
20109.65, 7239
20122.15, 7238
20128.83, 7237
20148.74, 7236
20181.93, 7235
20188.84, 7234
20211.35, 7233
20227.44, 7232
20236.7, 7231
20278.06, 7230
20286.73, 7229
20304.36, 7228
20313.58, 7227
20327.32, 7226
20332.46, 7225
20341.66, 7224
20358.84, 7223
20372.69, 7222
20380.16, 7221
20382.05, 7220
20386.59, 7219
20398.5, 7218
20401.51, 7217
20420.95, 7216
20422.83, 7215
20424.72, 7214
20432.54, 7213
20434.33, 7212
20455.68, 7211
20461.2, 7210
20463.16, 7209
20465.59, 7208
20471.32, 7207
20483.01, 7206
20504.38, 7205
20513.08, 7204
20514.96, 7203
20522.22, 7202
20544.03, 7201
20545.91, 7200
20547.76, 7199
20610.74, 7198
20620.9, 7197
20623.14, 7196
20630.98, 7195
20646.19, 7194
20653.65, 7193
20655.37, 7192
20667.27, 7191
20768.99, 7190
20776.08, 7189
20779.82, 7188
20791.26, 7187
20793.12, 7186
20801.62, 7185
20809.01, 7184
20809.7, 7183
20824.71, 7182
20829.88, 7181
20831.79, 7180
20853.76, 7179
20855.35, 7178
20906.49, 7177
20912.24, 7176
20944.42, 7175
20945.6, 7174
21015.91, 7173
21020.18, 7172
21026.38, 7171
21032.77, 7170
21042.21, 7169
21044.79, 7168
21054.77, 7167
21056.62, 7166
21067.75, 7165
21083.45, 7164
21088.15, 7163
21115.84, 7162
21124.61, 7161
21134.35, 7160
21139.54, 7159
21145.01, 7158
21146.91, 7157
21171.72, 7156
21173.61, 7155
21175.46, 7154
21237.27, 7153
21283.79, 7152
21305.76, 7151
21307.49, 7150
21315.79, 7149
21329.6, 7148
21362.29, 7147
21373.51, 7146
21381.77, 7145
21383.71, 7144
21437.22, 7143
21440.46, 7142
21447.43, 7141
21465.22, 7140
21471.05, 7139
21475.17, 7138
21524.2, 7137
21533.41, 7136
21535.32, 7135
21537.25, 7134
21539.11, 7133
21551.22, 7132
21553.73, 7131
21565.67, 7130
21576.17, 7129
21577.95, 7128
21628.88, 7127
21634.39, 7126
21636.33, 7125
21658.03, 7124
21659.58, 7123
21660.96, 7122
21693.27, 7121
21699.45, 7120
21745.75, 7119
21751.72, 7118
21757.88, 7117
21800.33, 7116
21806.84, 7115
21808.72, 7114
21847.36, 7113
21849.28, 7112
21865.3, 7111
21867.26, 7110
21946.8, 7109
21957.46, 7108
21963.15, 7107
21968.27, 7106
21974.92, 7105
21979.38, 7104
22000.72, 7103
22006.8, 7102
22007.09, 7101
22008.92, 7100
22025.76, 7099
22029.28, 7098
22031.15, 7097
22038.11, 7096
22045.69, 7095
22057.08, 7094
22059.02, 7093
22066.19, 7092
22079.67, 7091
22085.48, 7090
22087.17, 7089
22092.52, 7088
22103.83, 7087
22105.65, 7086
22120.94, 7085
22131.58, 7084
22133.44, 7083
22145.32, 7082
22162.46, 7081
22169.3, 7080
22171.21, 7079
22184.81, 7078
22186.72, 7077
22194.98, 7076
22206.68, 7075
22230.62, 7074
22239.48, 7073
22241.4, 7072
22260.08, 7071
22267.33, 7070
22267.96, 7069
22292.14, 7068
22296.83, 7067
22371.84, 7066
22378.95, 7065
22430.79, 7064
22436.09, 7063
22437.98, 7062
22447.02, 7061
22463.39, 7060
22465.4, 7059
22471.79, 7058
22486.62, 7057
22492.14, 7056
22494.04, 7055
22501.63, 7054
22518.54, 7053
22520.38, 7052
22522.29, 7051
22535.24, 7050
22540.56, 7049
22553.62, 7048
22555.58, 7047
22571.57, 7046
22576.12, 7045
22582.64, 7044
22589.25, 7043
22652.27, 7042
22654.2, 7041
22723.65, 7040
22729.93, 7039
22731.81, 7038
22741.7, 7037
22858.34, 7036
22879.65, 7035
22881.55, 7034
22883.46, 7033
22885.44, 7032
22906.05, 7031
22907.91, 7030
22909.76, 7029
22934.61, 7028
22987.76, 7027
22989.6, 7026
23027.06, 7025
23045.08, 7024
23049.66, 7023
23051.58, 7022
23066.31, 7021
23068.12, 7020
23069.98, 7019
23115.65, 7018
23123.04, 7017
23124.96, 7016
23141.43, 7015
23142.78, 7014
23174.32, 7013
23247.1, 7012
23253.6, 7011
23265.83, 7010
23269.19, 7009
23270.66, 7008
23283.25, 7007
23292.16, 7006
23343.74, 7005
23367.86, 7004
23373.72, 7003
23375.59, 7002
23377.43, 7001
23388.2, 7000
23395.3, 6999
23397.77, 6998
23408.82, 6997
23410.74, 6996
23421.98, 6995
23436.47, 6994
23440.67, 6993
23442.52, 6992
23450.27, 6991
23455.61, 6990
23469.21, 6989
23474.93, 6988
23476.85, 6987
23483.97, 6986
23485.66, 6985
23499.86, 6984
23501.68, 6983
23532.73, 6982
23543.39, 6981
23545.1, 6980
23626.39, 6979
23633.34, 6978
23724.43, 6977
23730.22, 6976
23770.25, 6975
23796.48, 6974
23803.45, 6973
23809.72, 6972
23815.57, 6971
23825.12, 6970
23829.18, 6969
23834.04, 6968
23848.93, 6967
23850.77, 6966
23852.65, 6965
23871.61, 6964
23878.38, 6963
23878.65, 6962
23888.01, 6961
23889.84, 6960
23910.02, 6959
23911.8, 6958
23939.22, 6957
23973.29, 6956
23978.26, 6955
24010.9, 6954
24023.71, 6953
24031.59, 6952
24037.41, 6951
24045.59, 6950
24081.64, 6949
24088.04, 6948
24089.96, 6947
24107.55, 6946
24109.4, 6945
24111.27, 6944
24158.93, 6943
24160.78, 6942
24162.64, 6941
24241.34, 6940
24243.22, 6939
24255.95, 6938
24257.85, 6937
24271.15, 6936
24279.26, 6935
24281.13, 6934
24289.12, 6933
24301.04, 6932
24311.77, 6931
24312.88, 6930
24320.68, 6929
24344.38, 6928
24346.21, 6927
24430.42, 6926
24455.38, 6925
24471.46, 6924
24479.01, 6923
24480.69, 6922
24492.4, 6921
24496.89, 6920
24524.91, 6919
24534.91, 6918
24536.74, 6917
24541.69, 6916
24549.44, 6915
24555.51, 6914
24625.07, 6913
24643.28, 6912
24652.61, 6911
24658.69, 6910
24660.54, 6909
24679.56, 6908
24684.93, 6907
24685.45, 6906
24695.43, 6905
24708.47, 6904
24710.56, 6903
24712.66, 6902
24714.13, 6901
24726.16, 6900
24727.98, 6899
24738.02, 6898
24746.13, 6897
24748.01, 6896
24763.22, 6895
24769.86, 6894
24770.16, 6893
24847.09, 6892
24852.85, 6891
24865.11, 6890
24927.46, 6889
24936.33, 6888
24941.3, 6887
24965.34, 6886
24975.22, 6885
24977.14, 6884
25012.11, 6883
25024.88, 6882
25026.33, 6881
25042.05, 6880
25047.61, 6879
25049.51, 6878
25068.72, 6877
25070.55, 6876
25080.3, 6875
25096.61, 6874
25098.54, 6873
25106.04, 6872
25171.91, 6871
25179.65, 6870
25181.7, 6869
25228.73, 6868
25230.52, 6867
25244.85, 6866
25251.1, 6865
25253.94, 6864
25259.81, 6863
25269.66, 6862
25280.49, 6861
25283.73, 6860
25292.46, 6859
25304.32, 6858
25306.15, 6857
25343.04, 6856
25348.49, 6855
25355.45, 6854
25369.21, 6853
25382.57, 6852
25386.44, 6851
25392.43, 6850
25395.11, 6849
25400.06, 6848
25407.66, 6847
25409.47, 6846
25417.37, 6845
25427.31, 6844
25436.39, 6843
25441.27, 6842
25443.33, 6841
25471.81, 6840
25481.66, 6839
25543.07, 6838
25547.64, 6837
25554.53, 6836
25564.0, 6835
25571.91, 6834
25577.83, 6833
25587.72, 6832
25595.95, 6831
25601.58, 6830
25612.73, 6829
25616.86, 6828
25625.39, 6827
25632.05, 6826
25638.43, 6825
25645.2, 6824
25654.74, 6823
25710.62, 6822
25724.07, 6821
25740.06, 6820
25761.76, 6819
25786.95, 6818
25804.65, 6817
25816.97, 6816
25839.22, 6815
25848.0, 6814
25862.81, 6813
25869.93, 6812
25885.09, 6811
25886.94, 6810
25913.41, 6809
25920.14, 6808
25926.9, 6807
25957.77, 6806
25961.24, 6805
25963.19, 6804
25970.21, 6803
25977.97, 6802
25986.22, 6801
25993.84, 6800
26009.99, 6799
26052.84, 6798
26082.55, 6797
26084.35, 6796
26094.37, 6795
26103.53, 6794
26128.32, 6793
26141.74, 6792
26150.98, 6791
26167.33, 6790
26175.05, 6789
26197.17, 6788
26211.44, 6787
26217.59, 6786
26227.54, 6785
26236.73, 6784
26249.14, 6783
26251.03, 6782
26271.85, 6781
26277.73, 6780
26319.29, 6779
26321.22, 6778
26331.39, 6777
26337.79, 6776
26343.47, 6775
26350.82, 6774
26391.58, 6773
26398.26, 6772
26406.8, 6771
26419.05, 6770
26428.54, 6769
26430.29, 6768
26440.11, 6767
26444.92, 6766
26457.03, 6765
26461.68, 6764
26473.88, 6763
26478.31, 6762
26497.76, 6761
26558.22, 6760
26576.07, 6759
26583.62, 6758
26591.53, 6757
26603.21, 6756
26626.17, 6755
26638.13, 6754
26658.52, 6753
26676.04, 6752
26682.53, 6751
26692.68, 6750
26701.62, 6749
26706.94, 6748
26723.79, 6747
26729.56, 6746
26748.05, 6745
26762.28, 6744
26795.91, 6743
26806.92, 6742
26855.39, 6741
26888.25, 6740
26902.26, 6739
26913.68, 6738
26918.22, 6737
26925.02, 6736
26928.3, 6735
26941.07, 6734
26949.36, 6733
26954.78, 6732
26958.09, 6731
26964.29, 6730
26970.93, 6729
26979.47, 6728
26986.65, 6727
27001.36, 6726
27011.49, 6725
27044.15, 6724
27060.4, 6723
27064.39, 6722
27077.32, 6721
27085.78, 6720
27109.26, 6719
27125.31, 6718
27129.95, 6717
27139.44, 6716
27148.8, 6715
27152.37, 6714
27158.15, 6713
27195.05, 6712
27204.95, 6711
27213.87, 6710
27220.99, 6709
27227.45, 6708
27251.46, 6707
27270.17, 6706
27272.1, 6705
27283.3, 6704
27292.7, 6703
27311.68, 6702
27320.81, 6701
27333.53, 6700
27360.78, 6699
27384.55, 6698
27386.45, 6697
27393.57, 6696
27403.83, 6695
27408.14, 6694
27413.26, 6693
27422.69, 6692
27427.34, 6691
27433.65, 6690
27443.41, 6689
27446.74, 6688
27453.71, 6687
27470.29, 6686
27490.87, 6685
27502.34, 6684
27528.01, 6683
27568.63, 6682
27577.08, 6681
27585.67, 6680
27595.05, 6679
27604.74, 6678
27627.36, 6677
27639.16, 6676
27667.61, 6675
27686.53, 6674
27698.82, 6673
27708.49, 6672
27731.82, 6671
27754.48, 6670
27762.35, 6669
27780.03, 6668
27805.78, 6667
27807.69, 6666
27817.45, 6665
27826.85, 6664
27835.5, 6663
27848.91, 6662
27859.95, 6661
27865.86, 6660
27876.84, 6659
27884.97, 6658
27899.84, 6657
27906.84, 6656
27913.41, 6655
27920.92, 6654
27929.06, 6653
27938.01, 6652
27944.28, 6651
27950.92, 6650
27956.43, 6649
28042.67, 6648
28064.66, 6647
28083.27, 6646
28089.06, 6645
28093.59, 6644
28104.42, 6643
28117.92, 6642
28119.82, 6641
28128.32, 6640
28155.4, 6639
28173.51, 6638
28196.5, 6637
28229.47, 6636
28244.84, 6635
28248.8, 6634
28261.88, 6633
28265.16, 6632
28283.21, 6631
28299.7, 6630
28318.8, 6629
28331.06, 6628
28344.19, 6627
28349.66, 6626
28358.55, 6625
28392.29, 6624
28411.44, 6623
28417.5, 6622
28440.28, 6621
28457.94, 6620
28480.01, 6619
28493.06, 6618
28505.39, 6617
28528.07, 6616
28541.73, 6615
28556.39, 6614
28578.45, 6613
28580.29, 6612
28598.98, 6611
28614.84, 6610
28625.44, 6609
28637.51, 6608
28660.07, 6607
28669.86, 6606
28690.51, 6605
28702.9, 6604
28720.46, 6603
28731.56, 6602
28747.09, 6601
28760.59, 6600
28767.44, 6599
28775.89, 6598
28781.18, 6597
28788.38, 6596
28798.01, 6595
28821.09, 6594
28829.37, 6593
28840.42, 6592
28844.26, 6591
28857.24, 6590
28883.11, 6589
28894.87, 6588
28903.98, 6587
28909.82, 6586
28913.4, 6585
28921.93, 6584
28933.72, 6583
28940.36, 6582
28945.63, 6581
28953.3, 6580
28961.61, 6579
28968.71, 6578
28976.36, 6577
28985.78, 6576
28996.89, 6575
29004.6, 6574
29013.95, 6573
29070.38, 6572
29121.07, 6571
29128.37, 6570
29140.62, 6569
29144.77, 6568
29159.0, 6567
29159.49, 6566
29166.28, 6565
29173.72, 6564
29184.8, 6563
29218.34, 6562
29236.12, 6561
29261.67, 6560
29280.64, 6559
29302.1, 6558
29303.94, 6557
29329.59, 6556
29337.19, 6555
29339.12, 6554
29347.91, 6553
29355.44, 6552
29370.55, 6551
29407.59, 6550
29418.36, 6549
29437.07, 6548
29454.94, 6547
29475.96, 6546
29485.74, 6545
29501.88, 6544
29521.89, 6543
29528.1, 6542
29536.29, 6541
29544.4, 6540
29552.54, 6539
29559.45, 6538
29569.48, 6537
29581.05, 6536
29595.98, 6535
29599.0, 6534
29610.09, 6533
29613.9, 6532
29625.09, 6531
29631.42, 6530
29638.88, 6529
29662.0, 6528
29713.25, 6527
29729.93, 6526
29744.81, 6525
29757.3, 6524
29763.96, 6523
29769.32, 6522
29780.84, 6521
29786.47, 6520
29793.94, 6519
29827.49, 6518
29854.34, 6517
29872.55, 6516
29878.34, 6515
29895.04, 6514
29906.39, 6513
29921.16, 6512
29926.04, 6511
29938.59, 6510
29947.43, 6509
29976.17, 6508
29980.81, 6507
29990.82, 6506
30004.45, 6505
30011.69, 6504
30018.93, 6503
30028.21, 6502
30036.25, 6501
30045.06, 6500
30047.01, 6499
30054.25, 6498
30061.64, 6497
30069.95, 6496
30077.99, 6495
30088.32, 6494
30135.85, 6493
30156.64, 6492
30169.03, 6491
30170.97, 6490
30179.95, 6489
30184.24, 6488
30191.64, 6487
30199.59, 6486
30212.36, 6485
30224.26, 6484
30237.01, 6483
30238.71, 6482
30246.69, 6481
30286.5, 6480
30301.02, 6479
30302.91, 6478
30313.93, 6477
30317.55, 6476
30329.46, 6475
30335.26, 6474
30353.17, 6473
30355.03, 6472
30356.95, 6471
30387.59, 6470
30411.28, 6469
30417.89, 6468
30425.59, 6467
30467.36, 6466
30470.95, 6465
30492.56, 6464
30506.86, 6463
30548.93, 6462
30557.02, 6461
30562.04, 6460
30571.84, 6459
30579.86, 6458
30589.04, 6457
30595.88, 6456
30604.9, 6455
30614.43, 6454
30616.21, 6453
30632.79, 6452
30634.74, 6451
30674.44, 6450
30676.3, 6449
30678.3, 6448
30785.66, 6447
30787.57, 6446
30802.54, 6445
30807.62, 6444
30809.5, 6443
30827.75, 6442
30833.45, 6441
30845.7, 6440
30915.75, 6439
30924.99, 6438
30936.38, 6437
30942.13, 6436
30962.35, 6435
30974.99, 6434
30976.89, 6433
30978.79, 6432
30989.65, 6431
31151.98, 6430
31153.14, 6429
31155.01, 6428
31201.31, 6427
31203.14, 6426
31205.0, 6425
31241.15, 6424
31262.15, 6423
31264.16, 6422
31275.54, 6421
31287.16, 6420
31291.51, 6419
31299.04, 6418
31313.4, 6417
31320.02, 6416
31335.96, 6415
31359.92, 6414
31361.78, 6413
31363.64, 6412
31390.04, 6411
31401.6, 6410
31403.46, 6409
31451.31, 6408
31453.07, 6407
31458.74, 6406
31517.18, 6405
31522.42, 6404
31533.33, 6403
31547.23, 6402
31553.05, 6401
31562.46, 6400
31585.18, 6399
31587.05, 6398
31623.77, 6397
31636.08, 6396
31641.41, 6395
31643.58, 6394
31657.24, 6393
31665.95, 6392
31668.02, 6391
31698.02, 6390
31698.73, 6389
31700.58, 6388
31702.46, 6387
31713.37, 6386
31734.69, 6385
31736.59, 6384
31738.44, 6383
31764.08, 6382
31772.38, 6381
31778.58, 6380
31782.16, 6379
31796.26, 6378
31798.12, 6377
31807.96, 6376
31818.04, 6375
31828.08, 6374
31837.15, 6373
31845.02, 6372
31852.08, 6371
31867.47, 6370
31878.17, 6369
31878.29, 6368
31880.09, 6367
31910.78, 6366
31912.65, 6365
31914.42, 6364
32029.13, 6363
32061.97, 6362
32072.22, 6361
32082.09, 6360
32082.18, 6359
32200.33, 6358
32224.65, 6357
32233.39, 6356
32245.15, 6355
32321.98, 6354
32326.99, 6353
32328.9, 6352
32355.7, 6351
32364.93, 6350
32371.74, 6349
32382.12, 6348
32388.11, 6347
32397.71, 6346
32405.26, 6345
32412.93, 6344
32432.86, 6343
32442.54, 6342
32454.32, 6341
32456.19, 6340
32466.26, 6339
32479.22, 6338
32483.85, 6337
32485.76, 6336
32511.92, 6335
32513.83, 6334
32625.1, 6333
32669.05, 6332
32687.68, 6331
32702.67, 6330
32708.79, 6329
32710.71, 6328
32723.2, 6327
32733.95, 6326
32741.41, 6325
32742.44, 6324
32756.34, 6323
32782.63, 6322
32796.8, 6321
32803.62, 6320
32805.56, 6319
32813.79, 6318
32818.52, 6317
32839.12, 6316
32848.59, 6315
32850.48, 6314
32851.92, 6313
32871.81, 6312
32873.79, 6311
32875.64, 6310
32886.19, 6309
32898.35, 6308
32905.64, 6307
32919.08, 6306
32925.32, 6305
32927.22, 6304
32939.08, 6303
32961.88, 6302
32973.1, 6301
32981.71, 6300
33005.14, 6299
33007.07, 6298
33008.87, 6297
33121.62, 6296
33153.99, 6295
33160.04, 6294
33175.95, 6293
33187.64, 6292
33189.59, 6291
33208.23, 6290
33211.24, 6289
33257.8, 6288
33262.97, 6287
33268.18, 6286
33338.56, 6285
33406.35, 6284
33413.74, 6283
33422.47, 6282
33429.46, 6281
33452.27, 6280
33461.1, 6279
33473.47, 6278
33476.23, 6277
33488.03, 6276
33502.83, 6275
33512.19, 6274
33519.35, 6273
33528.93, 6272
33533.2, 6271
33579.77, 6270
33579.92, 6269
33613.15, 6268
33692.24, 6267
33704.18, 6266
33710.08, 6265
33726.43, 6264
33730.31, 6263
33732.18, 6262
33744.68, 6261
33772.82, 6260
33785.85, 6259
33792.74, 6258
33794.71, 6257
33814.46, 6256
33820.52, 6255
33822.36, 6254
33834.25, 6253
33843.73, 6252
33845.66, 6251
33863.39, 6250
33865.15, 6249
33883.75, 6248
33892.82, 6247
33894.76, 6246
33896.66, 6245
33905.62, 6244
34013.28, 6243
34018.78, 6242
34027.87, 6241
34141.87, 6240
34198.69, 6239
34206.64, 6238
34208.55, 6237
34221.54, 6236
34226.65, 6235
34234.58, 6234
34280.21, 6233
34290.0, 6232
34299.41, 6231
34307.73, 6230
34314.35, 6229
34321.95, 6228
34330.22, 6227
34338.11, 6226
34348.55, 6225
34350.46, 6224
34365.77, 6223
34367.71, 6222
34377.57, 6221
34402.8, 6220
34411.7, 6219
34420.1, 6218
34430.76, 6217
34436.53, 6216
34448.39, 6215
34460.04, 6214
34463.6, 6213
34473.56, 6212
34482.36, 6211
34491.03, 6210
34504.67, 6209
34506.58, 6208
34508.44, 6207
34525.94, 6206
34527.82, 6205
34540.48, 6204
34547.42, 6203
34550.67, 6202
34570.74, 6201
34572.59, 6200
34589.72, 6199
34591.62, 6198
34609.14, 6197
34629.24, 6196
34646.49, 6195
34654.29, 6194
34656.16, 6193
34658.02, 6192
34678.11, 6191
34687.51, 6190
34689.34, 6189
34716.34, 6188
34718.22, 6187
34739.32, 6186
34839.47, 6185
34850.26, 6184
34852.36, 6183
34854.1, 6182
34898.95, 6181
34950.89, 6180
34952.96, 6179
34960.38, 6178
34973.2, 6177
34984.63, 6176
35083.56, 6175
35085.35, 6174
35166.54, 6173
35171.76, 6172
35221.85, 6171
35231.25, 6170
35245.74, 6169
35247.68, 6168
35252.54, 6167
35266.63, 6166
35271.06, 6165
35275.47, 6164
35289.4, 6163
35298.89, 6162
35328.1, 6161
35335.25, 6160
35346.99, 6159
35354.01, 6158
35361.17, 6157
35366.17, 6156
35450.99, 6155
35467.09, 6154
35477.66, 6153
35479.53, 6152
35491.05, 6151
35502.74, 6150
35512.71, 6149
35531.91, 6148
35538.17, 6147
35561.84, 6146
35564.25, 6145
35565.64, 6144
35571.43, 6143
35588.57, 6142
35593.58, 6141
35597.44, 6140
35606.96, 6139
35618.25, 6138
35636.58, 6137
35669.73, 6136
35678.78, 6135
35702.51, 6134
35713.53, 6133
35726.19, 6132
35736.06, 6131
35737.85, 6130
35753.2, 6129
35755.1, 6128
35764.51, 6127
35771.75, 6126
35855.64, 6125
35883.08, 6124
35887.68, 6123
35908.33, 6122
35914.77, 6121
35916.52, 6120
35918.36, 6119
35939.42, 6118
35945.43, 6117
35947.4, 6116
35955.71, 6115
35960.66, 6114
36013.61, 6113
36023.09, 6112
36038.26, 6111
36096.62, 6110
36108.26, 6109
36153.58, 6108
36169.87, 6107
36195.54, 6106
36202.05, 6105
36208.58, 6104
36237.84, 6103
36245.68, 6102
36256.16, 6101
36263.85, 6100
36271.92, 6099
36282.81, 6098
36295.65, 6097
36344.53, 6096
36385.52, 6095
36395.37, 6094
36402.39, 6093
36417.4, 6092
36422.49, 6091
36428.36, 6090
36437.13, 6089
36449.86, 6088
36501.94, 6087
36513.84, 6086
36562.99, 6085
36571.89, 6084
36584.8, 6083
36610.6, 6082
36619.79, 6081
36627.58, 6080
36639.55, 6079
36646.81, 6078
36652.53, 6077
36659.91, 6076
36668.19, 6075
36681.78, 6074
36695.75, 6073
36705.04, 6072
36720.72, 6071
36738.79, 6070
36746.43, 6069
36771.53, 6068
36779.28, 6067
36791.37, 6066
36795.58, 6065
36837.65, 6064
36843.22, 6063
36849.92, 6062
36860.78, 6061
36877.84, 6060
36880.67, 6059
36901.24, 6058
36902.55, 6057
36938.5, 6056
36940.42, 6055
36946.73, 6054
36956.73, 6053
36967.29, 6052
36981.94, 6051
36995.44, 6050
37010.34, 6049
37015.71, 6048
37038.1, 6047
37059.1, 6046
37067.65, 6045
37080.15, 6044
37090.45, 6043
37138.18, 6042
37152.65, 6041
37170.16, 6040
37172.11, 6039
37191.1, 6038
37203.72, 6037
37205.67, 6036
37223.72, 6035
37236.3, 6034
37255.44, 6033
37259.14, 6032
37264.56, 6031
37271.89, 6030
37292.39, 6029
37301.29, 6028
37316.85, 6027
37318.75, 6026
37336.8, 6025
37351.16, 6024
37358.59, 6023
37370.36, 6022
37395.02, 6021
37409.03, 6020
37423.84, 6019
37437.09, 6018
37449.43, 6017
37458.12, 6016
37467.39, 6015
37485.07, 6014
37493.43, 6013
37506.39, 6012
37514.22, 6011
37520.57, 6010
37534.92, 6009
37545.75, 6008
37552.76, 6007
37560.92, 6006
37571.25, 6005
37596.7, 6004
37598.49, 6003
37607.23, 6002
37619.83, 6001
37630.65, 6000
37662.47, 5999
37668.88, 5998
37681.14, 5997
37694.94, 5996
37704.49, 5995
37713.84, 5994
37736.09, 5993
37743.92, 5992
37752.79, 5991
37770.73, 5990
37788.41, 5989
37803.01, 5988
37819.86, 5987
37827.73, 5986
37831.86, 5985
37849.67, 5984
37859.18, 5983
37871.44, 5982
37877.39, 5981
37898.54, 5980
37921.52, 5979
37936.99, 5978
37951.28, 5977
37960.51, 5976
37973.12, 5975
37988.34, 5974
37993.78, 5973
38018.99, 5972
38039.24, 5971
38055.5, 5970
38057.47, 5969
38059.33, 5968
38089.04, 5967
38090.97, 5966
38092.81, 5965
38111.74, 5964
38113.73, 5963
38134.93, 5962
38151.46, 5961
38152.48, 5960
38194.38, 5959
38203.04, 5958
38223.55, 5957
38225.48, 5956
38242.69, 5955
38252.85, 5954
38265.74, 5953
38282.33, 5952
38288.62, 5951
38303.67, 5950
38316.12, 5949
38326.65, 5948
38342.6, 5947
38356.02, 5946
38358.65, 5945
38373.35, 5944
38382.63, 5943
38392.72, 5942
38406.29, 5941
38410.24, 5940
38446.84, 5939
38463.51, 5938
38472.9, 5937
38486.81, 5936
38494.01, 5935
38510.92, 5934
38519.65, 5933
38535.95, 5932
38540.37, 5931
38551.34, 5930
38605.49, 5929
38614.33, 5928
38627.25, 5927
38636.21, 5926
38653.35, 5925
38657.06, 5924
38674.92, 5923
38685.81, 5922
38696.18, 5921
38705.51, 5920
38744.86, 5919
38755.45, 5918
38773.05, 5917
38778.25, 5916
38795.43, 5915
38822.66, 5914
38830.45, 5913
38837.83, 5912
38857.98, 5911
38874.2, 5910
38886.46, 5909
38895.08, 5908
38908.39, 5907
38913.32, 5906
38928.79, 5905
38936.21, 5904
38952.83, 5903
38960.36, 5902
38972.97, 5901
38977.37, 5900
38996.59, 5899
39024.77, 5898
39034.15, 5897
39037.59, 5896
39051.45, 5895
39063.96, 5894
39104.37, 5893
39113.35, 5892
39121.69, 5891
39138.17, 5890
39150.92, 5889
39171.93, 5888
39206.04, 5887
39210.45, 5886
39220.62, 5885
39222.55, 5884
39234.7, 5883
39246.71, 5882
39254.12, 5881
39271.19, 5880
39280.42, 5879
39286.8, 5878
39295.52, 5877
39307.78, 5876
39323.16, 5875
39338.89, 5874
39350.95, 5873
39372.6, 5872
39411.78, 5871
39423.32, 5870
39429.07, 5869
39454.58, 5868
39456.44, 5867
39468.63, 5866
39481.16, 5865
39492.46, 5864
39501.53, 5863
39510.78, 5862
39523.38, 5861
39533.84, 5860
39559.49, 5859
39561.38, 5858
39572.38, 5857
39622.83, 5856
39628.85, 5855
39641.38, 5854
39653.85, 5853
39672.18, 5852
39681.26, 5851
39689.61, 5850
39706.42, 5849
39725.11, 5848
39732.44, 5847
39760.61, 5846
39771.74, 5845
39784.02, 5844
39789.62, 5843
39802.76, 5842
39811.49, 5841
39823.45, 5840
39841.64, 5839
39860.36, 5838
39871.87, 5837
39885.59, 5836
39894.02, 5835
39900.08, 5834
39916.89, 5833
39927.35, 5832
39941.4, 5831
39963.22, 5830
39977.04, 5829
39990.15, 5828
39997.73, 5827
40016.4, 5826
40159.93, 5825
40160.51, 5824
40162.02, 5823
40164.07, 5822
40180.54, 5821
40205.73, 5820
40207.99, 5819
40221.17, 5818
40234.95, 5817
40236.84, 5816
40254.05, 5815
40255.74, 5814
40269.15, 5813
40277.0, 5812
40294.27, 5811
40305.33, 5810
40307.23, 5809
40318.42, 5808
40321.13, 5807
40338.72, 5806
40359.4, 5805
40378.62, 5804
40388.25, 5803
40404.31, 5802
40420.73, 5801
40428.28, 5800
40455.58, 5799
40462.23, 5798
40485.89, 5797
40501.96, 5796
40516.53, 5795
40539.9, 5794
40544.11, 5793
40553.93, 5792
40572.81, 5791
40587.01, 5790
40588.9, 5789
40616.1, 5788
40621.22, 5787
40623.12, 5786
40635.04, 5785
40647.11, 5784
40660.16, 5783
40671.36, 5782
40683.27, 5781
40690.54, 5780
40731.63, 5779
40738.34, 5778
40741.63, 5777
40742.12, 5776
40757.53, 5775
40771.41, 5774
40778.96, 5773
40792.72, 5772
40819.91, 5771
40841.88, 5770
40854.5, 5769
40865.54, 5768
40866.23, 5767
40876.81, 5766
40894.15, 5765
40903.15, 5764
40906.0, 5763
40922.64, 5762
40941.02, 5761
40943.39, 5760
40956.86, 5759
40962.42, 5758
40988.85, 5757
41001.45, 5756
41003.36, 5755
41046.95, 5754
41054.06, 5753
41069.14, 5752
41084.61, 5751
41097.49, 5750
41103.53, 5749
41115.58, 5748
41148.17, 5747
41153.98, 5746
41169.59, 5745
41175.31, 5744
41177.23, 5743
41203.51, 5742
41209.01, 5741
41211.2, 5740
41223.86, 5739
41247.86, 5738
41251.83, 5737
41253.7, 5736
41263.94, 5735
41275.09, 5734
41282.03, 5733
41292.07, 5732
41304.18, 5731
41313.01, 5730
41339.78, 5729
41354.15, 5728
41369.17, 5727
41374.85, 5726
41379.31, 5725
41392.57, 5724
41419.37, 5723
41433.36, 5722
41457.57, 5721
41492.63, 5720
41500.0, 5719
41512.54, 5718
41521.51, 5717
41523.38, 5716
41537.24, 5715
41552.6, 5714
41560.02, 5713
41572.75, 5712
41587.31, 5711
41600.98, 5710
41606.66, 5709
41625.2, 5708
41627.0, 5707
41645.27, 5706
41660.0, 5705
41683.18, 5704
41696.57, 5703
41698.53, 5702
41699.68, 5701
41722.2, 5700
41742.54, 5699
41747.89, 5698
41749.74, 5697
41771.95, 5696
41785.82, 5695
41787.35, 5694
41820.68, 5693
41825.54, 5692
41827.62, 5691
41847.05, 5690
41868.68, 5689
41878.33, 5688
41886.32, 5687
41900.84, 5686
41908.69, 5685
41918.57, 5684
41952.18, 5683
41968.68, 5682
41975.19, 5681
41988.49, 5680
41994.86, 5679
42000.68, 5678
42033.18, 5677
42038.59, 5676
42052.61, 5675
42073.81, 5674
42086.33, 5673
42099.62, 5672
42126.43, 5671
42135.59, 5670
42144.71, 5669
42154.04, 5668
42178.25, 5667
42190.41, 5666
42202.6, 5665
42235.14, 5664
42242.8, 5663
42253.56, 5662
42263.66, 5661
42283.15, 5660
42306.11, 5659
42310.59, 5658
42316.48, 5657
42326.03, 5656
42335.12, 5655
42346.88, 5654
42354.12, 5653
42378.17, 5652
42386.69, 5651
42402.95, 5650
42415.88, 5649
42431.32, 5648
42439.69, 5647
42459.13, 5646
42487.33, 5645
42501.34, 5644
42512.02, 5643
42521.7, 5642
42530.89, 5641
42538.58, 5640
42549.41, 5639
42562.98, 5638
42579.71, 5637
42586.36, 5636
42594.15, 5635
42603.59, 5634
42611.7, 5633
42623.18, 5632
42643.07, 5631
42649.86, 5630
42657.72, 5629
42669.19, 5628
42680.59, 5627
42687.64, 5626
42699.37, 5625
42707.82, 5624
42716.33, 5623
42758.14, 5622
42776.21, 5621
42797.39, 5620
42806.24, 5619
42817.7, 5618
42826.07, 5617
42836.08, 5616
42857.84, 5615
42878.31, 5614
42903.13, 5613
42908.45, 5612
42924.92, 5611
42934.78, 5610
42946.84, 5609
42958.1, 5608
42969.11, 5607
42982.53, 5606
42996.88, 5605
43005.43, 5604
43019.21, 5603
43031.2, 5602
43041.41, 5601
43048.17, 5600
43060.44, 5599
43072.46, 5598
43105.62, 5597
43113.39, 5596
43125.9, 5595
43135.62, 5594
43152.52, 5593
43159.62, 5592
43169.32, 5591
43179.11, 5590
43201.12, 5589
43206.33, 5588
43216.09, 5587
43222.52, 5586
43232.61, 5585
43252.7, 5584
43266.28, 5583
43278.53, 5582
43288.6, 5581
43308.52, 5580
43320.73, 5579
43333.37, 5578
43341.57, 5577
43357.8, 5576
43367.93, 5575
43376.36, 5574
43431.76, 5573
43447.3, 5572
43457.57, 5571
43477.19, 5570
43490.64, 5569
43507.29, 5568
43521.51, 5567
43537.92, 5566
43542.97, 5565
43552.59, 5564
43564.74, 5563
43574.43, 5562
43592.79, 5561
43601.45, 5560
43603.62, 5559
43623.05, 5558
43632.52, 5557
43645.04, 5556
43650.08, 5555
43660.73, 5554
43671.46, 5553
43683.23, 5552
43691.78, 5551
43710.72, 5550
43755.05, 5549
43764.41, 5548
43774.32, 5547
43788.74, 5546
43797.94, 5545
43815.26, 5544
43825.77, 5543
43835.07, 5542
43845.09, 5541
43871.97, 5540
43889.34, 5539
43906.66, 5538
43914.31, 5537
43928.15, 5536
43949.84, 5535
43971.89, 5534
43988.02, 5533
43998.9, 5532
44023.11, 5531
44031.69, 5530
44034.2, 5529
44051.76, 5528
44054.47, 5527
44095.42, 5526
44102.27, 5525
44116.06, 5524
44127.93, 5523
44134.67, 5522
44151.29, 5521
44163.81, 5520
44184.75, 5519
44204.95, 5518
44219.08, 5517
44224.67, 5516
44240.54, 5515
44263.13, 5514
44264.57, 5513
44292.3, 5512
44306.47, 5511
44310.02, 5510
44311.34, 5509
44332.73, 5508
44338.51, 5507
44350.56, 5506
44358.04, 5505
44371.46, 5504
44395.53, 5503
44415.75, 5502
44422.63, 5501
44433.22, 5500
44442.4, 5499
44475.62, 5498
44498.72, 5497
44512.02, 5496
44525.79, 5495
44534.69, 5494
44559.67, 5493
44573.18, 5492
44586.73, 5491
44592.07, 5490
44604.28, 5489
44619.5, 5488
44629.27, 5487
44634.4, 5486
44646.35, 5485
44663.33, 5484
44671.47, 5483
44683.41, 5482
44691.39, 5481
44704.75, 5480
44735.89, 5479
44745.57, 5478
44754.94, 5477
44762.76, 5476
44801.78, 5475
44816.92, 5474
44825.59, 5473
44839.24, 5472
44845.65, 5471
44866.53, 5470
44885.75, 5469
44897.65, 5468
44905.35, 5467
44920.56, 5466
44927.18, 5465
44942.0, 5464
44955.48, 5463
44960.48, 5462
44973.04, 5461
44985.22, 5460
44996.13, 5459
45001.96, 5458
45041.31, 5457
45050.44, 5456
45058.01, 5455
45078.04, 5454
45100.73, 5453
45113.11, 5452
45121.4, 5451
45133.43, 5450
45143.96, 5449
45156.4, 5448
45170.74, 5447
45197.75, 5446
45212.04, 5445
45217.7, 5444
45245.18, 5443
45262.03, 5442
45276.1, 5441
45287.52, 5440
45294.87, 5439
45304.35, 5438
45318.46, 5437
45330.46, 5436
45341.89, 5435
45361.25, 5434
45371.69, 5433
45383.78, 5432
45395.38, 5431
45405.48, 5430
45418.4, 5429
45426.62, 5428
45440.88, 5427
45452.47, 5426
45470.25, 5425
45477.64, 5424
45493.53, 5423
45522.59, 5422
45537.14, 5421
45538.72, 5420
45559.57, 5419
45573.81, 5418
45584.68, 5417
45600.83, 5416
45605.54, 5415
45620.0, 5414
45627.5, 5413
45638.53, 5412
45654.41, 5411
45667.48, 5410
45685.37, 5409
45708.65, 5408
45735.16, 5407
45748.03, 5406
45760.85, 5405
45789.82, 5404
45805.67, 5403
45813.14, 5402
45836.8, 5401
45847.31, 5400
45879.99, 5399
45888.36, 5398
45904.16, 5397
45917.24, 5396
45944.19, 5395
45960.23, 5394
45974.7, 5393
45986.71, 5392
46000.4, 5391
46008.55, 5390
46020.98, 5389
46031.99, 5388
46044.72, 5387
46054.89, 5386
46068.22, 5385
46077.98, 5384
46094.64, 5383
46119.46, 5382
46152.18, 5381
46168.89, 5380
46180.62, 5379
46191.3, 5378
46202.44, 5377
46221.02, 5376
46237.4, 5375
46244.63, 5374
46261.38, 5373
46279.62, 5372
46287.71, 5371
46297.31, 5370
46313.57, 5369
46350.14, 5368
46361.21, 5367
46380.89, 5366
46394.71, 5365
46406.67, 5364
46422.76, 5363
46437.28, 5362
46453.99, 5361
46470.1, 5360
46482.2, 5359
46502.71, 5358
46518.26, 5357
46519.85, 5356
46535.84, 5355
46559.44, 5354
46572.23, 5353
46586.91, 5352
46597.15, 5351
46619.5, 5350
46631.71, 5349
46647.94, 5348
46672.1, 5347
46677.96, 5346
46694.64, 5345
46722.78, 5344
46729.64, 5343
46748.24, 5342
46760.75, 5341
46776.09, 5340
46785.39, 5339
46806.84, 5338
46822.18, 5337
46834.89, 5336
46852.0, 5335
46870.01, 5334
46877.54, 5333
46888.06, 5332
46899.43, 5331
46921.35, 5330
46928.39, 5329
46939.27, 5328
46955.59, 5327
46982.43, 5326
47003.55, 5325
47014.36, 5324
47026.24, 5323
47050.7, 5322
47074.32, 5321
47077.75, 5320
47092.77, 5319
47103.35, 5318
47112.95, 5317
47130.11, 5316
47144.0, 5315
47158.37, 5314
47185.95, 5313
47199.82, 5312
47210.22, 5311
47234.03, 5310
47243.6, 5309
47258.58, 5308
47270.9, 5307
47286.05, 5306
47294.63, 5305
47313.58, 5304
47327.38, 5303
47343.01, 5302
47363.36, 5301
47376.4, 5300
47422.08, 5299
47431.75, 5298
47445.68, 5297
47451.98, 5296
47463.41, 5295
47474.1, 5294
47485.39, 5293
47497.83, 5292
47506.98, 5291
47522.5, 5290
47549.38, 5289
47575.07, 5288
47588.01, 5287
47604.5, 5286
47631.05, 5285
47637.19, 5284
47652.6, 5283
47665.41, 5282
47671.65, 5281
47682.7, 5280
47700.03, 5279
47716.5, 5278
47736.03, 5277
47752.6, 5276
47765.94, 5275
47786.8, 5274
47802.84, 5273
47829.35, 5272
47836.58, 5271
47844.72, 5270
47859.91, 5269
47872.17, 5268
47883.8, 5267
47894.82, 5266
47905.23, 5265
47922.3, 5264
47953.36, 5263
47968.62, 5262
47977.49, 5261
48005.05, 5260
48024.92, 5259
48033.44, 5258
48060.52, 5257
48071.3, 5256
48085.78, 5255
48096.92, 5254
48107.57, 5253
48118.87, 5252
48132.42, 5251
48146.86, 5250
48159.54, 5249
48171.55, 5248
48187.96, 5247
48204.85, 5246
48227.32, 5245
48244.67, 5244
48269.94, 5243
48277.03, 5242
48301.54, 5241
48314.44, 5240
48333.12, 5239
48351.45, 5238
48363.89, 5237
48382.36, 5236
48394.62, 5235
48418.46, 5234
48427.62, 5233
48443.16, 5232
48455.17, 5231
48468.53, 5230
48477.07, 5229
48489.22, 5228
48510.41, 5227
48520.83, 5226
48529.89, 5225
48544.57, 5224
48560.25, 5223
48575.4, 5222
48592.13, 5221
48704.3, 5220
48705.86, 5219
48707.42, 5218
48708.97, 5217
48726.5, 5216
48736.49, 5215
48745.45, 5214
48756.7, 5213
48769.48, 5212
48785.58, 5211
48794.94, 5210
48806.27, 5209
48822.31, 5208
48838.97, 5207
48850.81, 5206
48862.28, 5205
48878.13, 5204
48884.9, 5203
48896.31, 5202
48912.01, 5201
48922.94, 5200
48935.77, 5199
48950.69, 5198
48968.26, 5197
48987.61, 5196
49003.39, 5195
49019.77, 5194
49044.39, 5193
49070.03, 5192
49077.75, 5191
49086.95, 5190
49103.99, 5189
49120.0, 5188
49138.24, 5187
49154.64, 5186
49168.4, 5185
49180.57, 5184
49194.76, 5183
49212.48, 5182
49226.18, 5181
49234.31, 5180
49256.69, 5179
49273.63, 5178
49277.91, 5177
49291.22, 5176
49312.5, 5175
49334.79, 5174
49357.0, 5173
49372.64, 5172
49381.26, 5171
49392.0, 5170
49403.59, 5169
49436.74, 5168
49451.9, 5167
49463.02, 5166
49485.64, 5165
49502.7, 5164
49513.91, 5163
49527.46, 5162
49541.03, 5161
49551.95, 5160
49565.03, 5159
49578.13, 5158
49589.63, 5157
49605.28, 5156
49626.47, 5155
49638.59, 5154
49653.8, 5153
49667.98, 5152
49681.55, 5151
49696.62, 5150
49716.63, 5149
49727.98, 5148
49743.46, 5147
49754.49, 5146
49774.53, 5145
49791.68, 5144
49821.7, 5143
49837.2, 5142
49844.74, 5141
49861.25, 5140
49877.98, 5139
49890.27, 5138
49907.05, 5137
49923.87, 5136
49935.09, 5135
49943.7, 5134
49960.37, 5133
49977.69, 5132
49995.61, 5131
50008.06, 5130
50019.7, 5129
50034.38, 5128
50044.12, 5127
50058.09, 5126
50072.88, 5125
50106.19, 5124
50118.68, 5123
50141.34, 5122
50154.92, 5121
50169.05, 5120
50192.22, 5119
50225.09, 5118
50238.46, 5117
50253.91, 5116
50261.29, 5115
50277.14, 5114
50292.44, 5113
50311.16, 5112
50321.47, 5111
50334.33, 5110
50351.07, 5109
50360.48, 5108
50372.83, 5107
50387.57, 5106
50406.13, 5105
50414.41, 5104
50427.11, 5103
50444.82, 5102
50461.46, 5101
50476.93, 5100
50490.32, 5099
50511.32, 5098
50527.1, 5097
50536.43, 5096
50557.8, 5095
50586.17, 5094
50600.02, 5093
50615.69, 5092
50627.94, 5091
50639.89, 5090
50655.8, 5089
50674.91, 5088
50689.18, 5087
50700.24, 5086
50711.29, 5085
50726.94, 5084
50733.3, 5083
50742.24, 5082
50756.16, 5081
50775.68, 5080
50791.07, 5079
50798.02, 5078
50814.77, 5077
50828.55, 5076
50851.31, 5075
50867.75, 5074
50875.76, 5073
50887.73, 5072
50892.36, 5071
50925.98, 5070
50955.58, 5069
50964.33, 5068
50986.19, 5067
51003.6, 5066
51010.69, 5065
51028.97, 5064
51039.04, 5063
51051.55, 5062
51064.85, 5061
51074.74, 5060
51085.75, 5059
51100.58, 5058
51114.49, 5057
51125.57, 5056
51135.55, 5055
51150.27, 5054
51161.75, 5053
51173.29, 5052
51189.09, 5051
51201.42, 5050
51213.45, 5049
51225.69, 5048
51247.67, 5047
51269.36, 5046
51302.67, 5045
51313.14, 5044
51326.33, 5043
51338.7, 5042
51367.42, 5041
51387.63, 5040
51399.08, 5039
51414.91, 5038
51431.0, 5037
51445.18, 5036
51466.55, 5035
51488.86, 5034
51504.58, 5033
51506.55, 5032
51513.68, 5031
51526.03, 5030
51537.99, 5029
51549.81, 5028
51567.05, 5027
51582.65, 5026
51591.3, 5025
51601.48, 5024
51613.55, 5023
51625.19, 5022
51654.34, 5021
51676.23, 5020
51690.28, 5019
51702.04, 5018
51715.91, 5017
51722.89, 5016
51752.9, 5015
51768.49, 5014
51775.51, 5013
51787.24, 5012
51804.45, 5011
51821.86, 5010
51842.42, 5009
51864.07, 5008
51880.46, 5007
51892.03, 5006
51909.44, 5005
51923.26, 5004
51935.08, 5003
51946.12, 5002
51958.89, 5001
51971.18, 5000
51992.6, 4999
52012.6, 4998
52025.96, 4997
52041.96, 4996
52054.25, 4995
52071.03, 4994
52075.87, 4993
52096.49, 4992
52106.47, 4991
52117.06, 4990
52134.98, 4989
52158.04, 4988
52167.34, 4987
52188.19, 4986
52225.39, 4985
52243.02, 4984
52249.15, 4983
52263.64, 4982
52274.79, 4981
52288.96, 4980
52301.98, 4979
52310.24, 4978
52320.26, 4977
52353.22, 4976
52370.78, 4975
52394.54, 4974
52404.15, 4973
52419.56, 4972
52428.82, 4971
52448.28, 4970
52458.13, 4969
52474.92, 4968
52491.62, 4967
52506.44, 4966
52528.43, 4965
52548.15, 4964
52568.86, 4963
52586.43, 4962
52594.77, 4961
52620.47, 4960
52637.52, 4959
52652.56, 4958
52657.77, 4957
52668.4, 4956
52669.99, 4955
52712.09, 4954
52732.14, 4953
52739.88, 4952
52742.03, 4951
52769.66, 4950
52782.12, 4949
52800.25, 4948
52808.47, 4947
52831.83, 4946
52847.36, 4945
52879.16, 4944
52914.62, 4943
52923.42, 4942
52925.47, 4941
52940.96, 4940
52982.58, 4939
53004.74, 4938
53020.83, 4937
53035.06, 4936
53043.05, 4935
53054.91, 4934
53067.89, 4933
53111.61, 4932
53117.34, 4931
53129.98, 4930
53143.61, 4929
53174.73, 4928
53189.91, 4927
53191.79, 4926
53193.36, 4925
53235.88, 4924
53251.87, 4923
53253.84, 4922
53255.37, 4921
53286.95, 4920
53297.3, 4919
53298.86, 4918
53316.53, 4917
53330.95, 4916
53352.51, 4915
53372.44, 4914
53390.13, 4913
53416.47, 4912
53443.4, 4911
53459.6, 4910
53515.49, 4909
53517.09, 4908
53518.7, 4907
53532.24, 4906
53565.76, 4905
53572.79, 4904
53588.79, 4903
53595.77, 4902
53611.19, 4901
53622.22, 4900
53646.33, 4899
53672.52, 4898
53679.79, 4897
53699.45, 4896
53705.81, 4895
53719.07, 4894
53732.36, 4893
53741.45, 4892
53760.04, 4891
53770.49, 4890
53772.79, 4889
53787.84, 4888
53805.42, 4887
53869.49, 4886
53884.89, 4885
53890.93, 4884
53908.03, 4883
53921.69, 4882
53932.34, 4881
53941.2, 4880
53956.48, 4879
53978.63, 4878
54006.0, 4877
54020.36, 4876
54029.67, 4875
54057.41, 4874
54102.78, 4873
54124.04, 4872
54144.36, 4871
54158.29, 4870
54166.36, 4869
54178.58, 4868
54189.64, 4867
54203.63, 4866
54212.9, 4865
54228.31, 4864
54242.4, 4863
54249.83, 4862
54261.8, 4861
54292.99, 4860
54315.36, 4859
54324.99, 4858
54336.03, 4857
54348.52, 4856
54363.14, 4855
54385.59, 4854
54404.86, 4853
54410.45, 4852
54432.43, 4851
54455.93, 4850
54467.4, 4849
54489.35, 4848
54509.4, 4847
54555.17, 4846
54563.1, 4845
54578.5, 4844
54597.76, 4843
54619.65, 4842
54625.79, 4841
54652.31, 4840
54658.23, 4839
54699.06, 4838
54732.68, 4837
54738.57, 4836
54740.6, 4835
54742.14, 4834
54761.48, 4833
54779.61, 4832
54791.54, 4831
54811.63, 4830
54830.95, 4829
54850.25, 4828
54867.25, 4827
54887.27, 4826
54902.14, 4825
54911.24, 4824
54949.67, 4823
54963.6, 4822
54970.79, 4821
54984.32, 4820
54999.17, 4819
55017.82, 4818
55041.51, 4817
55063.78, 4816
55095.21, 4815
55111.74, 4814
55124.43, 4813
55135.32, 4812
55148.48, 4811
55156.25, 4810
55175.69, 4809
55185.56, 4808
55187.72, 4807
55205.88, 4806
55222.84, 4805
55230.56, 4804
55247.84, 4803
55282.93, 4802
55302.45, 4801
55326.89, 4800
55344.19, 4799
55359.22, 4798
55391.81, 4797
55405.28, 4796
55450.71, 4795
55471.27, 4794
55480.51, 4793
55483.14, 4792
55510.06, 4791
55518.54, 4790
55519.94, 4789
55554.53, 4788
55561.9, 4787
55561.99, 4786
55587.05, 4785
55589.46, 4784
55601.56, 4783
55621.0, 4782
55640.88, 4781
55665.86, 4780
55671.52, 4779
55695.69, 4778
55709.83, 4777
55733.88, 4776
55745.96, 4775
55756.38, 4774
55771.32, 4773
55812.45, 4772
55843.2, 4771
55855.88, 4770
55868.4, 4769
55880.84, 4768
55894.03, 4767
55909.56, 4766
55927.71, 4765
55942.27, 4764
55959.04, 4763
55987.91, 4762
56002.82, 4761
56021.05, 4760
56031.88, 4759
56045.49, 4758
56057.13, 4757
56093.1, 4756
56111.24, 4755
56126.22, 4754
56138.56, 4753
56155.15, 4752
56186.17, 4751
56200.17, 4750
56217.15, 4749
56235.31, 4748
56255.16, 4747
56273.48, 4746
56303.26, 4745
56315.86, 4744
56341.5, 4743
56347.5, 4742
56362.3, 4741
56389.7, 4740
56401.09, 4739
56411.04, 4738
56432.98, 4737
56444.21, 4736
56458.97, 4735
56471.31, 4734
56531.75, 4733
56547.15, 4732
56566.38, 4731
56572.37, 4730
56585.6, 4729
56621.36, 4728
56635.82, 4727
56644.53, 4726
56659.94, 4725
56674.57, 4724
56684.85, 4723
56702.71, 4722
56734.27, 4721
56750.89, 4720
56766.63, 4719
56781.1, 4718
56788.96, 4717
56819.61, 4716
56823.1, 4715
56849.36, 4714
56866.82, 4713
56913.24, 4712
56927.43, 4711
56940.72, 4710
56950.49, 4709
56971.59, 4708
56987.3, 4707
56999.14, 4706
57016.52, 4705
57044.05, 4704
57057.08, 4703
57063.03, 4702
57095.1, 4701
57104.52, 4700
57120.56, 4699
57142.24, 4698
57144.5, 4697
57162.69, 4696
57188.33, 4695
57203.89, 4694
57217.22, 4693
57230.43, 4692
57261.34, 4691
57313.9, 4690
57345.84, 4689
57353.5, 4688
57374.53, 4687
57394.55, 4686
57410.66, 4685
57422.99, 4684
57435.67, 4683
57464.0, 4682
57477.91, 4681
57490.31, 4680
57508.61, 4679
57519.81, 4678
57541.13, 4677
57551.1, 4676
57564.15, 4675
57585.2, 4674
57594.23, 4673
57616.7, 4672
57625.69, 4671
57642.4, 4670
57699.12, 4669
57719.67, 4668
57735.05, 4667
57752.52, 4666
57776.66, 4665
57791.47, 4664
57808.54, 4663
57822.19, 4662
57838.74, 4661
57870.11, 4660
57884.83, 4659
57899.79, 4658
57910.48, 4657
57934.84, 4656
57949.49, 4655
57958.17, 4654
57978.46, 4653
57992.79, 4652
58007.43, 4651
58028.09, 4650
58038.15, 4649
58097.25, 4648
58111.25, 4647
58137.58, 4646
58160.39, 4645
58177.58, 4644
58199.64, 4643
58207.52, 4642
58225.75, 4641
58237.13, 4640
58252.19, 4639
58270.27, 4638
58287.82, 4637
58298.53, 4636
58341.35, 4635
58342.61, 4634
58354.97, 4633
58389.31, 4632
58394.01, 4631
58411.21, 4630
58439.06, 4629
58458.64, 4628
58521.31, 4627
58538.25, 4626
58566.3, 4625
58585.32, 4624
58596.3, 4623
58610.58, 4622
58623.48, 4621
58633.58, 4620
58663.17, 4619
58670.6, 4618
58688.42, 4617
58709.11, 4616
58828.92, 4615
58834.83, 4614
58836.42, 4613
58838.06, 4612
58850.7, 4611
58859.98, 4610
58875.11, 4609
58883.79, 4608
58927.84, 4607
58944.53, 4606
58964.78, 4605
58973.92, 4604
59000.91, 4603
59012.03, 4602
59021.31, 4601
59051.93, 4600
59053.95, 4599
59071.51, 4598
59090.68, 4597
59104.35, 4596
59121.5, 4595
59140.45, 4594
59158.48, 4593
59169.18, 4592
59188.8, 4591
59194.6, 4590
59210.38, 4589
59227.89, 4588
59245.49, 4587
59289.66, 4586
59334.44, 4585
59344.28, 4584
59360.15, 4583
59367.9, 4582
59386.55, 4581
59401.32, 4580
59410.33, 4579
59425.2, 4578
59437.11, 4577
59455.94, 4576
59474.24, 4575
59497.79, 4574
59518.78, 4573
59538.32, 4572
59551.38, 4571
59566.43, 4570
59576.81, 4569
59607.99, 4568
59620.43, 4567
59637.98, 4566
59654.36, 4565
59670.13, 4564
59684.52, 4563
59758.66, 4562
59770.88, 4561
59803.67, 4560
59818.44, 4559
59827.97, 4558
59844.38, 4557
59861.76, 4556
59876.23, 4555
59886.89, 4554
59904.14, 4553
59920.47, 4552
59938.19, 4551
59950.09, 4550
59961.17, 4549
59978.11, 4548
59988.29, 4547
60000.75, 4546
60019.03, 4545
60027.91, 4544
60046.53, 4543
60077.48, 4542
60130.26, 4541
60153.93, 4540
60167.95, 4539
60188.06, 4538
60211.16, 4537
60225.6, 4536
60244.88, 4535
60257.64, 4534
60272.44, 4533
60289.45, 4532
60298.82, 4531
60311.19, 4530
60339.91, 4529
60355.97, 4528
60360.88, 4527
60374.92, 4526
60401.71, 4525
60417.9, 4524
60441.46, 4523
60452.41, 4522
60471.56, 4521
60486.92, 4520
60503.8, 4519
60556.69, 4518
60581.17, 4517
60594.25, 4516
60611.46, 4515
60626.89, 4514
60639.35, 4513
60653.42, 4512
60671.19, 4511
60692.66, 4510
60704.21, 4509
60724.12, 4508
60737.71, 4507
60752.52, 4506
60767.94, 4505
60778.16, 4504
