8135.28, 12150
8151.59, 12083
8154.88, 12082
8170.64, 12017
8175.23, 12016
8178.33, 11926
8183.98, 11859
8192.02, 11858
8199.94, 11793
8207.8, 11792
8216.25, 11704
8220.25, 11637
8305.59, 11636
8308.41, 11571
8315.05, 11570
8322.36, 11569
8331.72, 11568
8343.26, 11483
8350.13, 11416
8356.51, 11415
8362.46, 11350
8366.28, 11349
8374.03, 11348
8387.35, 11347
8389.79, 11346
8403.12, 11345
8405.2, 11263
8416.94, 11196
8419.56, 11195
8433.96, 11130
8451.79, 11129
8454.27, 11127
8471.81, 11126
8486.33, 11125
8501.15, 11124
8514.61, 11123
8519.54, 11122
8538.56, 11044
8541.16, 10977
8582.52, 10976
8592.88, 10911
8601.81, 10910
8675.22, 10907
8683.8, 10906
8686.38, 10905
8745.92, 10904
8757.07, 10903
8779.72, 10902
8794.58, 10901
8802.63, 10900
8820.87, 10899
8872.57, 10826
8895.2, 10759
8909.08, 10758
8928.51, 10693
8936.04, 10692
8983.63, 10688
8990.37, 10687
9002.4, 10685
9019.93, 10684
9028.31, 10683
9036.25, 10682
9050.93, 10681
9055.64, 10680
9077.15, 10679
9104.17, 10678
9121.4, 10677
9136.02, 10676
9145.71, 10609
9200.3, 10542
9224.24, 10541
9229.52, 10476
9244.12, 10475
9246.98, 10470
9260.2, 10469
9268.04, 10466
9285.48, 10465
9305.65, 10464
9308.38, 10463
9314.86, 10462
9346.9, 10461
9370.9, 10460
9420.83, 10459
9425.47, 10458
9428.06, 10457
9468.51, 10456
9493.94, 10455
9495.49, 10454
9510.39, 10453
9531.15, 10393
9546.8, 10326
9549.64, 10325
9567.06, 10260
9588.45, 10259
9593.56, 10253
9611.91, 10252
9614.61, 10248
9634.73, 10247
9637.27, 10246
9700.25, 10245
9702.77, 10244
9759.63, 10243
9762.63, 10242
9803.03, 10241
9907.78, 10240
9934.19, 10239
9948.33, 10238
9953.12, 10237
9965.68, 10236
9968.56, 10235
9988.34, 10234
9993.8, 10233
9996.49, 10232
10017.84, 10231
10085.67, 10216
10091.72, 10214
10094.44, 10213
10104.66, 10209
10110.06, 10207
10117.75, 10206
10127.51, 10204
10134.06, 10202
10136.65, 10201
10151.08, 10200
10153.21, 10199
10280.84, 10198
10283.39, 10197
10292.7, 10196
10301.76, 10195
10309.47, 10194
10325.63, 10193
10330.14, 10192
10332.81, 10191
10338.37, 10190
10348.01, 10189
10399.68, 10188
10402.23, 10187
10408.27, 10186
10426.47, 10185
10429.88, 10184
10447.98, 10183
10450.57, 10182
10509.23, 10181
10516.92, 10180
10536.03, 10179
10537.76, 10178
10547.44, 10177
10565.07, 10176
10567.6, 10175
10589.14, 10168
10591.57, 10166
10651.17, 10165
10674.95, 10160
10703.81, 10158
10722.69, 10157
10753.8, 10154
10756.3, 10152
10759.75, 10151
10763.68, 10150
10778.07, 10148
10863.78, 10147
10878.04, 10146
10880.62, 10145
10883.13, 10144
10906.01, 10143
10909.72, 10142
10930.67, 10141
10941.64, 10140
10945.15, 10139
10995.79, 10138
11001.95, 10137
11009.39, 10136
11023.22, 10135
11030.98, 10134
11033.56, 10133
11050.62, 10132
11052.75, 10131
11063.54, 10130
11067.77, 10129
11089.13, 10128
11097.83, 10127
11100.45, 10126
11117.65, 10125
11135.28, 10124
11137.86, 10123
11206.15, 10122
11226.43, 10121
11228.91, 10120
11249.24, 10119
11254.3, 10118
11256.85, 10117
11272.08, 10116
11274.54, 10115
11297.13, 10114
11299.29, 10113
11303.62, 10107
11319.55, 10105
11324.64, 10104
11326.93, 10100
11340.3, 10098
11342.93, 10097
11354.05, 10096
11370.17, 10095
11372.13, 10093
11395.42, 10092
11397.94, 10091
11508.56, 10090
11566.14, 10089
11578.69, 10088
11592.6, 10086
11597.53, 10085
11615.55, 10084
11625.27, 10083
11627.79, 10082
11649.86, 10081
11717.62, 10080
11739.82, 10079
11746.75, 10078
11770.03, 10077
11774.88, 10076
11812.23, 10075
11873.8, 10074
11875.95, 10073
11887.3, 10072
11912.54, 10071
11926.59, 10070
11955.76, 10069
11959.89, 10068
11974.3, 10067
11981.54, 10066
11993.7, 10065
11996.22, 10064
12017.34, 10063
12022.58, 10062
12082.55, 10061
12105.68, 10060
12142.49, 10059
12167.91, 10058
12177.37, 10056
12179.69, 10055
12194.53, 10050
12200.78, 10048
12201.92, 10047
12213.19, 10046
12222.33, 10044
12229.77, 10042
12234.97, 10041
12243.84, 10040
12246.4, 10039
12261.3, 10038
12267.9, 10037
12276.97, 10036
12287.95, 10034
12293.53, 10033
12296.16, 10032
12319.02, 10031
12374.25, 10030
12409.75, 10029
12430.86, 10028
12437.2, 10027
12439.72, 10026
12458.64, 10025
12461.14, 10024
12495.29, 10023
12610.78, 10022
12612.27, 10021
12621.64, 10020
12632.45, 10019
12638.15, 10018
12649.94, 10017
12659.95, 10016
12671.17, 10015
12678.44, 10014
12703.09, 10013
12705.86, 10012
12743.46, 10011
12755.06, 10010
12760.31, 10009
12790.19, 10008
12792.99, 10007
12837.3, 10006
12895.82, 10005
13017.0, 10004
13044.59, 10002
13049.64, 10001
13054.03, 10000
13065.89, 9999
13072.05, 9998
13113.82, 9997
13123.13, 9996
13125.87, 9995
13136.49, 9994
13139.07, 9993
13152.87, 9992
13157.21, 9991
13172.7, 9990
13175.26, 9989
13189.82, 9988
13255.34, 9987
13306.44, 9986
13313.0, 9985
13324.59, 9984
13328.99, 9983
13361.32, 9982
13365.23, 9981
13373.3, 9980
13434.91, 9979
13456.76, 9978
13460.72, 9977
13481.6, 9976
13498.89, 9975
13501.43, 9974
13536.34, 9973
13538.92, 9972
13606.45, 9971
13608.99, 9970
13646.23, 9969
13646.27, 9968
13697.62, 9967
13707.46, 9966
13731.38, 9965
13731.42, 9964
13835.32, 9963
13870.96, 9961
13900.79, 9960
13993.5, 9959
14005.75, 9958
14016.07, 9957
14030.12, 9955
14032.63, 9954
14045.57, 9953
14053.06, 9952
14061.21, 9951
14063.75, 9950
14079.43, 9949
14081.7, 9948
14095.59, 9947
14101.31, 9946
14116.54, 9945
14119.07, 9944
14130.52, 9943
14146.23, 9942
14148.8, 9941
14151.34, 9940
14180.23, 9939
14182.96, 9938
14185.98, 9937
14198.79, 9936
14201.33, 9935
14218.96, 9934
14236.49, 9933
14249.33, 9932
14252.0, 9931
14267.2, 9930
14273.73, 9929
14276.43, 9928
14284.23, 9927
14320.29, 9926
14322.8, 9925
14345.55, 9924
14348.16, 9923
14367.6, 9922
14370.14, 9921
14372.71, 9920
14386.77, 9919
14401.53, 9918
14423.66, 9917
14433.12, 9916
14435.63, 9914
14475.69, 9913
14477.41, 9912
14480.08, 9911
14503.83, 9910
14506.38, 9909
14509.59, 9908
14526.63, 9907
14560.97, 9906
14563.05, 9905
14588.69, 9904
14590.84, 9903
14613.2, 9902
14615.73, 9901
14618.31, 9900
14645.12, 9899
14648.39, 9898
14650.59, 9897
14671.21, 9896
14694.63, 9895
14714.92, 9894
14725.05, 9893
14729.85, 9892
14749.27, 9891
14751.84, 9890
14769.68, 9889
14787.25, 9888
14795.13, 9887
14809.07, 9886
14824.45, 9885
14836.27, 9884
14838.78, 9883
14893.0, 9882
14900.21, 9881
14902.69, 9880
14919.94, 9879
14948.95, 9878
14951.89, 9877
14953.97, 9876
14974.08, 9875
14986.49, 9874
15000.43, 9873
15030.67, 9872
15045.28, 9871
15069.59, 9870
15072.09, 9869
15084.35, 9868
15116.17, 9867
15122.57, 9866
15133.29, 9864
15146.77, 9863
15150.36, 9862
15160.4, 9861
15167.97, 9860
15189.84, 9859
15210.96, 9858
15217.46, 9857
15230.5, 9855
15242.95, 9854
15246.4, 9853
15295.78, 9852
15298.47, 9851
15302.77, 9850
15308.82, 9849
15321.24, 9848
15333.19, 9847
15361.05, 9846
15364.29, 9845
15371.54, 9844
15392.46, 9843
15397.22, 9842
15413.31, 9841
15449.97, 9840
15493.63, 9839
15510.08, 9838
15539.73, 9837
15546.28, 9836
15549.87, 9835
15551.56, 9834
15564.13, 9833
15570.57, 9832
15586.01, 9831
15593.85, 9830
15623.74, 9829
15635.07, 9828
15643.72, 9827
15659.15, 9826
15666.94, 9825
15675.9, 9824
15695.85, 9823
15696.06, 9822
15756.44, 9821
15758.94, 9820
15790.83, 9819
15793.47, 9818
15796.01, 9817
15806.24, 9816
15820.82, 9815
15826.03, 9814
15850.81, 9813
15886.91, 9812
15889.37, 9811
15910.11, 9810
15912.93, 9809
15915.28, 9808
15927.41, 9807
15942.54, 9806
15956.0, 9804
15977.01, 9803
16414.55, 9802
16459.85, 9801
16462.33, 9800
16465.27, 9799
16503.0, 9798
16505.52, 9797
16508.11, 9796
16546.53, 9795
16589.72, 9794
16600.85, 9793
16628.36, 9792
16640.7, 9791
16644.5, 9790
16668.2, 9789
16670.71, 9788
16688.87, 9787
16690.61, 9786
16706.73, 9785
16725.24, 9784
16737.42, 9783
16739.89, 9782
16742.41, 9781
16748.81, 9780
16774.44, 9779
16777.03, 9778
16785.21, 9777
16805.68, 9776
16815.64, 9775
16826.99, 9774
16843.38, 9773
16861.98, 9772
16869.73, 9771
16897.88, 9770
16900.38, 9769
16902.85, 9768
16914.8, 9767
16927.2, 9766
16937.52, 9765
16972.84, 9764
17002.33, 9763
17006.94, 9762
17009.53, 9761
17030.77, 9760
17033.28, 9758
17055.37, 9757
17061.97, 9756
17068.77, 9755
17071.25, 9754
17094.8, 9753
17105.53, 9752
17118.74, 9751
17137.91, 9750
17155.73, 9749
17172.87, 9748
17178.78, 9747
17193.57, 9746
17210.69, 9745
17225.06, 9744
17248.86, 9743
17251.34, 9742
17285.74, 9741
17288.3, 9740
17317.58, 9739
17341.91, 9738
17356.22, 9737
17364.47, 9736
17367.07, 9735
17385.74, 9734
17392.53, 9733
17396.1, 9732
17406.16, 9731
17419.06, 9730
17423.13, 9729
17454.47, 9728
17474.69, 9727
17477.5, 9726
17491.64, 9725
17494.11, 9724
17515.92, 9723
17521.09, 9722
17555.29, 9721
17595.82, 9720
17608.96, 9719
17617.13, 9718
17619.03, 9717
17637.33, 9716
17651.38, 9715
17663.06, 9714
17690.09, 9712
17699.79, 9711
17749.62, 9709
17791.81, 9708
17794.04, 9707
17807.44, 9706
17816.12, 9705
17818.63, 9704
17830.45, 9703
17847.32, 9702
17867.18, 9701
17880.43, 9700
17891.58, 9699
17909.35, 9698
17916.15, 9697
17916.61, 9696
17944.95, 9695
17956.55, 9694
17962.64, 9693
17986.74, 9692
18003.5, 9691
18006.0, 9690
18016.43, 9689
18055.31, 9688
18066.62, 9687
18071.39, 9686
18090.93, 9685
18120.31, 9684
18153.73, 9683
18156.58, 9682
18168.96, 9681
18179.13, 9680
18200.96, 9679
18206.92, 9678
18231.71, 9677
18242.94, 9676
18255.25, 9675
18259.29, 9674
18279.23, 9673
18282.59, 9672
18319.81, 9671
18367.79, 9670
18370.31, 9669
18382.02, 9668
18395.42, 9667
18418.55, 9666
18433.68, 9665
18441.84, 9664
18464.39, 9663
18471.04, 9662
18473.58, 9661
18487.13, 9660
18531.58, 9659
18533.46, 9658
18536.53, 9657
18543.11, 9656
18548.63, 9655
18560.83, 9654
18585.05, 9653
18585.31, 9652
18595.78, 9651
18616.6, 9650
18645.15, 9649
18656.93, 9648
18670.73, 9647
18715.08, 9646
18716.44, 9645
18720.27, 9644
18731.93, 9643
18734.51, 9642
18745.42, 9641
18773.66, 9640
18776.82, 9639
18779.59, 9638
18799.49, 9637
18800.78, 9636
18803.13, 9635
18814.12, 9634
18842.49, 9633
18850.34, 9632
18879.91, 9631
18928.79, 9630
18934.9, 9629
18937.41, 9628
18950.75, 9627
18955.91, 9626
18989.28, 9625
19000.1, 9624
19023.72, 9623
19055.54, 9622
19070.08, 9621
19071.81, 9620
19078.6, 9619
19097.15, 9618
19100.99, 9617
19123.96, 9616
19126.54, 9615
19139.17, 9614
19140.66, 9613
19154.3, 9612
19171.77, 9611
19173.92, 9610
19187.02, 9609
19194.64, 9608
19195.46, 9607
19223.29, 9606
19224.25, 9605
19250.1, 9604
19265.02, 9603
19279.03, 9602
19288.8, 9601
19295.1, 9600
19314.58, 9599
19352.59, 9598
19354.93, 9597
19396.6, 9596
19399.16, 9595
19401.69, 9594
19420.24, 9593
19436.43, 9592
19438.93, 9591
19449.39, 9590
19466.52, 9589
19467.36, 9588
19519.08, 9587
19519.19, 9586
19535.92, 9585
19546.67, 9584
19549.28, 9583
19574.31, 9582
19589.93, 9581
19595.19, 9580
19620.32, 9579
19623.24, 9578
19645.14, 9577
19647.61, 9576
19693.22, 9575
19695.71, 9574
19714.86, 9573
19724.06, 9572
19726.32, 9571
19728.96, 9570
19742.58, 9569
19756.57, 9568
19761.34, 9567
19786.75, 9566
19800.42, 9565
19802.97, 9564
19863.36, 9563
19868.54, 9562
19871.04, 9561
19920.38, 9560
19926.96, 9559
19939.77, 9558
19942.35, 9557
19944.93, 9556
19985.99, 9555
19988.51, 9554
19991.06, 9553
20005.35, 9552
20008.83, 9551
20026.03, 9549
20045.87, 9548
20050.46, 9547
20052.95, 9546
20068.72, 9545
20071.37, 9544
20110.88, 9543
20116.43, 9542
20145.97, 9541
20148.45, 9540
20178.39, 9539
20180.89, 9538
20183.76, 9537
20208.9, 9536
20211.4, 9535
20216.5, 9534
20230.74, 9533
20233.74, 9532
20252.74, 9531
20255.24, 9530
20272.82, 9529
20275.25, 9528
20289.88, 9527
20291.83, 9526
20307.63, 9525
20310.19, 9524
20326.49, 9523
20327.81, 9522
20346.7, 9521
20349.34, 9520
20367.95, 9519
20374.26, 9518
20381.93, 9517
20418.97, 9516
20440.49, 9515
20445.38, 9514
20447.9, 9513
20475.93, 9512
20479.42, 9511
20481.04, 9510
20533.6, 9509
20533.7, 9508
20556.31, 9507
20565.27, 9506
20567.88, 9505
20588.36, 9504
20605.73, 9503
20612.4, 9502
20654.21, 9501
20660.46, 9500
20663.05, 9499
20698.62, 9498
20701.24, 9497
20703.79, 9496
20749.09, 9495
20751.55, 9494
20764.17, 9493
20785.51, 9492
20788.06, 9491
20806.01, 9490
20807.73, 9489
20821.98, 9488
20824.49, 9487
20845.25, 9486
20854.18, 9485
20872.34, 9484
20893.0, 9483
20895.62, 9482
20902.64, 9481
20912.84, 9480
20919.65, 9479
20930.15, 9478
20941.35, 9477
20954.41, 9476
20960.43, 9475
20998.5, 9474
21015.05, 9472
21037.38, 9471
21039.96, 9470
21056.47, 9469
21078.47, 9468
21080.73, 9467
21083.21, 9466
21101.94, 9465
21104.48, 9464
21135.08, 9463
21139.19, 9462
21140.2, 9461
21186.33, 9460
21189.84, 9459
21204.58, 9458
21207.08, 9457
21234.72, 9456
21239.25, 9455
21251.61, 9454
21254.38, 9453
21307.35, 9452
21311.68, 9451
21312.49, 9450
21335.34, 9449
21337.26, 9448
21353.5, 9447
21366.92, 9446
21453.78, 9445
21456.41, 9444
21498.14, 9443
21501.83, 9442
21513.21, 9441
21521.37, 9440
21556.44, 9439
21561.53, 9438
21561.59, 9437
21590.19, 9436
21620.01, 9435
21622.5, 9434
21632.54, 9433
21635.32, 9432
21647.96, 9431
21657.69, 9430
21660.74, 9429
21669.34, 9428
21679.91, 9427
21707.48, 9426
21714.22, 9425
21716.73, 9424
21738.67, 9423
21741.14, 9422
21763.06, 9421
21818.71, 9420
21820.73, 9419
21835.48, 9418
21836.09, 9417
21870.25, 9416
21872.81, 9415
21878.55, 9414
21881.23, 9413
21894.48, 9412
21911.31, 9411
21913.92, 9410
21916.39, 9409
21983.77, 9408
21998.62, 9407
21999.84, 9406
22011.99, 9405
22024.57, 9404
22035.37, 9403
22037.67, 9402
22074.47, 9401
22084.47, 9400
22086.99, 9399
22145.01, 9398
22171.08, 9397
22173.54, 9396
22175.76, 9395
22203.91, 9394
22213.37, 9393
22255.79, 9392
22255.84, 9391
22255.84, 9390
22261.05, 9389
22284.89, 9388
22307.12, 9387
22309.69, 9385
22325.21, 9384
22327.9, 9383
22330.15, 9382
22372.31, 9381
22379.75, 9380
22390.64, 9379
22393.15, 9378
22423.41, 9377
22429.93, 9376
22445.2, 9375
22452.23, 9374
22454.73, 9373
22471.16, 9372
22510.04, 9371
22512.54, 9370
22549.64, 9369
22552.17, 9368
22554.71, 9367
22605.68, 9366
22615.9, 9365
22618.28, 9364
22642.22, 9363
22645.58, 9362
22648.07, 9361
22673.37, 9360
22673.41, 9359
22675.49, 9358
22699.4, 9357
22706.59, 9356
22740.97, 9355
22743.6, 9354
22756.57, 9353
22775.16, 9352
22832.32, 9351
22864.1, 9350
22885.4, 9349
22898.09, 9348
22898.52, 9347
22900.8, 9346
22911.78, 9345
22931.18, 9344
22954.99, 9343
22977.13, 9342
23016.57, 9341
23016.67, 9340
23019.38, 9339
23054.37, 9338
23070.23, 9337
23082.88, 9336
23107.33, 9335
23107.35, 9334
23130.17, 9333
23132.28, 9332
23164.14, 9331
23168.45, 9330
23198.15, 9329
23206.1, 9328
23209.94, 9327
23212.01, 9326
23229.52, 9325
23232.96, 9324
23260.0, 9323
23261.21, 9322
23279.22, 9321
23283.3, 9320
23306.97, 9319
23311.02, 9318
23347.96, 9317
23349.87, 9316
23385.44, 9315
23388.0, 9314
23390.54, 9313
23467.94, 9312
23473.37, 9311
23476.38, 9310
23504.65, 9309
23532.0, 9308
23534.8, 9307
23550.36, 9306
23555.8, 9305
23558.45, 9304
23566.42, 9303
23615.18, 9302
23617.61, 9301
23631.57, 9300
23632.02, 9299
23661.88, 9298
23664.44, 9297
23684.83, 9296
23687.95, 9295
23689.94, 9294
23712.59, 9293
23716.36, 9292
23720.32, 9291
23750.93, 9290
23764.74, 9289
23766.28, 9288
23795.21, 9287
23796.6, 9286
23799.1, 9285
23842.8, 9284
23849.85, 9283
23872.04, 9282
23877.05, 9281
23879.57, 9280
23923.1, 9279
23925.69, 9278
23946.0, 9277
23948.56, 9276
23951.03, 9275
23978.16, 9274
23980.75, 9273
24002.15, 9272
24004.87, 9271
24007.07, 9270
24035.37, 9269
24037.92, 9268
24061.12, 9267
24065.08, 9266
24068.04, 9265
24112.97, 9264
24133.85, 9263
24160.1, 9262
24163.36, 9261
24191.09, 9260
24206.11, 9259
24208.64, 9258
24254.88, 9257
24257.46, 9256
24260.0, 9255
24294.15, 9254
24296.72, 9253
24306.34, 9252
24329.36, 9251
24331.84, 9250
24334.55, 9249
24353.38, 9248
24355.82, 9247
24364.13, 9246
24393.42, 9245
24393.46, 9244
24420.86, 9243
24423.31, 9242
24437.99, 9241
24440.47, 9240
24456.76, 9239
24459.18, 9238
24470.68, 9237
24485.84, 9236
24493.01, 9235
24495.56, 9234
24512.31, 9233
24523.91, 9232
24536.46, 9231
24548.23, 9230
24557.19, 9229
24568.55, 9228
24596.15, 9227
24598.0, 9226
24646.71, 9225
24652.6, 9224
24673.64, 9223
24680.59, 9222
24704.9, 9221
24717.43, 9220
24719.99, 9219
24724.38, 9218
24741.02, 9217
24760.64, 9216
24796.67, 9215
24798.72, 9214
24821.84, 9213
24836.55, 9212
24839.07, 9211
24852.67, 9210
24862.41, 9209
24880.68, 9208
24900.24, 9207
24902.76, 9206
24926.0, 9205
24928.48, 9204
24944.62, 9203
24953.74, 9202
24966.59, 9201
24974.04, 9200
24993.8, 9199
25007.6, 9198
25032.53, 9197
25042.95, 9196
25066.13, 9195
25093.21, 9194
25110.21, 9193
25123.26, 9192
25131.0, 9191
25156.83, 9190
25397.33, 9189
25399.81, 9188
25474.81, 9187
25480.37, 9186
25491.12, 9185
25513.05, 9184
25515.0, 9183
25534.62, 9182
25541.13, 9181
25548.73, 9180
25587.83, 9179
25652.42, 9178
25655.06, 9177
25657.51, 9176
25686.86, 9175
25689.35, 9174
25697.66, 9173
25722.84, 9172
25725.39, 9171
25735.98, 9170
25752.58, 9169
25768.79, 9168
25775.56, 9167
25794.0, 9166
25796.85, 9165
25800.82, 9164
25820.76, 9163
25823.3, 9162
25870.0, 9161
25881.31, 9160
25884.06, 9159
25898.18, 9158
25900.66, 9157
25912.7, 9156
25928.85, 9155
25929.69, 9154
25976.23, 9153
25986.87, 9152
25999.78, 9151
26003.87, 9150
26013.79, 9149
26018.91, 9148
26033.77, 9147
26049.12, 9146
26062.48, 9145
26066.86, 9144
26098.71, 9143
26103.74, 9142
26114.74, 9141
26126.33, 9140
26134.18, 9139
26149.2, 9138
26155.17, 9137
26198.99, 9136
26207.2, 9135
26237.32, 9134
26249.79, 9133
26266.37, 9132
26270.75, 9131
26277.6, 9130
26286.36, 9129
26299.92, 9128
26329.47, 9127
26352.33, 9126
26378.67, 9125
26387.46, 9124
26436.31, 9123
26438.84, 9122
26441.59, 9121
26466.98, 9120
26474.15, 9119
26482.67, 9118
26486.72, 9117
26511.81, 9116
26512.42, 9115
26532.27, 9114
26532.99, 9113
26574.93, 9112
26622.05, 9111
26630.94, 9110
26647.32, 9109
26656.55, 9108
26665.58, 9107
26690.87, 9106
26693.59, 9105
26718.81, 9104
26731.91, 9103
26748.43, 9102
26757.11, 9101
26764.89, 9100
26784.83, 9099
26787.48, 9098
26820.13, 9097
26837.35, 9096
26862.56, 9095
26879.87, 9094
26880.17, 9093
26893.89, 9092
26904.19, 9091
26921.36, 9090
26965.62, 9089
26989.08, 9088
27011.98, 9087
27017.41, 9086
27026.5, 9085
27035.57, 9084
27065.83, 9083
27082.16, 9082
27092.14, 9081
27108.83, 9080
27124.23, 9079
27152.99, 9078
27161.01, 9077
27184.06, 9076
27198.12, 9075
27224.4, 9074
27232.43, 9073
27271.44, 9072
27273.91, 9071
27290.49, 9070
27305.75, 9069
27312.51, 9068
27328.97, 9067
27381.08, 9066
27395.56, 9065
27433.2, 9064
27440.38, 9063
27443.11, 9062
27470.61, 9061
27475.62, 9060
27483.79, 9059
27499.23, 9058
27528.63, 9057
27528.8, 9056
27545.1, 9055
27578.48, 9054
27583.67, 9053
27587.98, 9052
27645.47, 9051
27648.84, 9050
27653.68, 9049
27695.94, 9048
27698.34, 9047
27701.68, 9046
27722.35, 9045
27731.12, 9044
27735.86, 9043
27749.57, 9042
27752.09, 9041
27780.67, 9040
27783.13, 9039
27785.63, 9038
27797.98, 9037
27808.16, 9036
27814.66, 9035
27836.18, 9034
27839.86, 9033
27867.68, 9032
27869.06, 9031
27899.23, 9030
27899.33, 9029
27953.48, 9028
27954.67, 9027
27960.05, 9026
27999.75, 9025
28002.89, 9024
28013.63, 9023
28046.86, 9022
28060.88, 9021
28112.53, 9020
28117.31, 9019
28136.65, 9018
28138.67, 9017
28152.85, 9016
28155.31, 9015
28171.39, 9014
28173.98, 9013
28185.62, 9012
28198.01, 9011
28200.13, 9010
28217.66, 9009
28220.08, 9008
28243.9, 9007
28252.36, 9006
28254.95, 9005
28270.92, 9004
28314.28, 9003
28335.92, 9002
28354.67, 9001
28384.97, 9000
28401.78, 8999
28412.87, 8998
28423.79, 8997
28442.29, 8996
28444.78, 8995
28455.05, 8994
28459.17, 8993
28469.88, 8992
28480.57, 8991
28490.54, 8990
28499.79, 8989
28538.49, 8988
28551.35, 8987
28557.05, 8986
28583.99, 8985
28586.74, 8984
28620.21, 8983
28631.86, 8982
28649.06, 8981
28656.85, 8980
28692.29, 8979
28695.13, 8978
28709.94, 8977
28718.29, 8976
28731.55, 8975
28742.51, 8974
28757.15, 8973
28782.6, 8972
28783.42, 8971
28792.94, 8970
28805.2, 8969
28816.87, 8968
28821.66, 8967
28847.77, 8966
28847.91, 8965
28850.49, 8964
28868.68, 8963
28871.25, 8962
28910.71, 8961
28913.36, 8960
28919.72, 8959
28940.0, 8958
28955.58, 8957
28987.21, 8956
28989.75, 8955
29008.15, 8954
29019.8, 8953
29036.16, 8952
29043.74, 8951
29060.2, 8950
29081.63, 8949
29093.34, 8948
29127.8, 8947
29131.76, 8946
29160.42, 8945
29178.51, 8944
29181.46, 8943
29216.37, 8942
29220.49, 8941
29232.0, 8940
29250.91, 8939
29267.76, 8938
29284.44, 8937
29298.64, 8936
29313.02, 8935
29323.71, 8934
29336.95, 8933
29360.75, 8932
29374.11, 8931
29414.78, 8930
29423.88, 8929
29429.4, 8928
29463.97, 8927
29495.06, 8926
29503.52, 8925
29520.56, 8924
29532.51, 8923
29541.74, 8922
29558.93, 8921
29607.79, 8920
29611.34, 8919
29634.28, 8918
29636.75, 8917
29645.11, 8916
29671.75, 8915
29681.47, 8914
29690.01, 8913
29697.82, 8912
29717.51, 8911
29728.24, 8910
29762.31, 8909
29790.84, 8908
29793.59, 8907
29816.86, 8906
29848.67, 8905
29851.16, 8904
29858.05, 8903
29871.13, 8902
29915.75, 8901
29918.25, 8900
29932.23, 8899
29944.58, 8898
29957.3, 8897
29973.72, 8896
29979.0, 8895
29999.02, 8894
30003.34, 8893
30006.15, 8892
30024.93, 8891
30029.25, 8890
30056.97, 8889
30081.11, 8888
30096.66, 8887
30104.25, 8886
30128.5, 8885
30153.28, 8884
30157.76, 8883
30175.51, 8882
30184.0, 8881
30192.1, 8880
30209.59, 8879
30252.28, 8878
30256.32, 8877
30257.22, 8876
30269.81, 8875
30289.17, 8874
30301.73, 8873
30328.26, 8872
30330.42, 8871
30356.16, 8870
30380.2, 8869
30382.35, 8868
30414.28, 8867
30414.39, 8866
30425.09, 8865
30441.69, 8864
30444.2, 8863
30486.76, 8862
30489.32, 8861
30492.98, 8860
30522.14, 8859
30552.49, 8858
30557.53, 8857
30557.63, 8856
30576.75, 8855
30604.89, 8854
30626.68, 8853
30629.86, 8852
30673.0, 8851
30673.1, 8850
30691.29, 8849
30721.97, 8848
30735.81, 8847
30758.96, 8846
30782.38, 8845
30827.25, 8844
30827.28, 8843
30849.99, 8842
30852.98, 8841
30875.88, 8840
30885.91, 8839
30945.51, 8838
30955.05, 8837
30957.52, 8836
30987.9, 8835
31003.18, 8834
31011.59, 8833
31032.61, 8832
31048.72, 8831
31054.55, 8830
31066.45, 8829
31085.79, 8828
31125.34, 8827
31136.09, 8826
31155.9, 8825
31185.34, 8824
31218.08, 8823
31219.42, 8822
31251.88, 8821
31266.98, 8820
31293.36, 8819
31302.14, 8818
31312.47, 8817
31362.81, 8816
31380.58, 8815
31382.55, 8814
31392.55, 8813
31406.25, 8812
31411.65, 8811
31428.58, 8810
31469.95, 8809
31497.37, 8808
31499.68, 8807
31518.33, 8806
31518.42, 8805
31539.83, 8804
31543.58, 8803
31544.9, 8802
31591.34, 8801
31596.52, 8800
31598.43, 8799
31601.02, 8798
31624.8, 8797
31628.0, 8796
31646.37, 8795
31648.98, 8794
31662.81, 8793
31665.25, 8792
31707.18, 8791
31712.97, 8790
31736.07, 8789
31738.95, 8788
31784.78, 8787
31784.82, 8786
31820.47, 8785
31829.13, 8784
31836.63, 8783
31847.19, 8782
31881.68, 8781
31885.08, 8780
31886.77, 8779
31966.89, 8778
31968.79, 8777
32011.8, 8776
32014.4, 8775
32017.46, 8774
32057.72, 8773
32064.06, 8772
32064.11, 8771
32080.78, 8770
32102.13, 8769
32119.0, 8768
32121.41, 8767
32182.61, 8766
32185.14, 8765
32187.64, 8764
32208.72, 8763
32217.84, 8762
32220.4, 8761
32248.82, 8760
32251.72, 8759
32265.92, 8758
32312.72, 8757
32315.18, 8756
32317.7, 8755
32348.91, 8754
32352.79, 8753
32355.29, 8752
32373.73, 8751
32375.69, 8750
32416.36, 8749
32436.6, 8748
32439.72, 8747
32465.14, 8746
32467.65, 8745
32498.15, 8744
32501.25, 8743
32517.79, 8742
32525.95, 8741
32570.76, 8740
32573.36, 8739
32575.69, 8738
32591.29, 8737
32602.17, 8736
32649.44, 8735
32654.25, 8734
32698.41, 8733
32720.62, 8732
32723.12, 8731
32730.9, 8730
32748.93, 8729
32773.77, 8728
32778.19, 8727
32801.81, 8726
32801.89, 8725
32809.87, 8724
32839.43, 8723
32865.36, 8722
32867.88, 8721
32872.43, 8720
32894.54, 8719
32901.86, 8718
32920.2, 8717
32950.35, 8716
32990.23, 8715
33006.55, 8714
33009.04, 8713
33053.5, 8712
33056.01, 8711
33081.42, 8710
33087.76, 8709
33103.24, 8708
33129.06, 8707
33145.89, 8706
33148.55, 8705
33163.41, 8704
33184.13, 8703
33230.26, 8702
33241.07, 8701
33243.59, 8700
33300.11, 8699
33305.48, 8698
33311.08, 8697
33337.93, 8696
33352.11, 8695
33356.28, 8694
33373.43, 8693
33398.93, 8692
33400.98, 8691
33423.06, 8690
33424.15, 8689
33429.51, 8688
33451.11, 8687
33454.44, 8686
33456.02, 8685
33477.07, 8684
33479.63, 8683
33494.09, 8682
33542.09, 8681
33549.0, 8680
33559.5, 8679
33582.0, 8678
33601.42, 8677
33603.92, 8676
33606.35, 8675
33623.16, 8674
33625.71, 8673
33643.72, 8672
33656.57, 8671
33661.83, 8670
33673.52, 8669
33686.31, 8668
33688.85, 8667
33730.81, 8666
33795.52, 8665
33797.87, 8664
33800.31, 8663
33825.13, 8662
33828.07, 8661
33843.92, 8660
33862.47, 8659
33865.74, 8658
33870.9, 8657
33905.33, 8656
33907.89, 8655
33924.06, 8654
33929.6, 8653
33966.84, 8652
33969.33, 8651
34000.44, 8650
34009.54, 8649
34012.07, 8648
34036.67, 8647
34042.1, 8646
34044.87, 8645
34070.69, 8644
34073.16, 8643
34075.66, 8642
34095.14, 8641
34097.66, 8640
34117.35, 8639
34119.84, 8638
34137.73, 8637
34156.03, 8636
34183.77, 8635
34186.4, 8634
34198.96, 8633
34212.03, 8632
34234.32, 8631
34256.65, 8630
34260.41, 8629
34288.38, 8628
34290.81, 8627
34304.0, 8626
34308.84, 8625
34330.14, 8624
34339.32, 8623
34341.29, 8622
34353.47, 8621
34358.72, 8620
34393.64, 8619
34396.72, 8618
34406.67, 8617
34444.14, 8616
34454.23, 8615
34501.2, 8614
34530.23, 8613
34530.28, 8612
34562.38, 8611
34570.17, 8610
34590.91, 8609
34604.14, 8608
34606.66, 8607
34620.54, 8606
34622.84, 8605
34638.12, 8604
34659.28, 8603
34673.58, 8602
34691.7, 8601
34716.84, 8600
34746.49, 8599
34749.82, 8598
34751.96, 8597
34775.23, 8596
34778.38, 8595
34791.1, 8594
34800.19, 8593
34826.37, 8592
34829.03, 8591
34846.15, 8590
34848.32, 8589
34872.77, 8588
34875.24, 8587
34879.27, 8586
34899.25, 8585
34901.77, 8584
34916.22, 8583
35107.15, 8582
35115.64, 8581
35115.74, 8580
35127.54, 8579
35152.6, 8578
35155.2, 8577
35157.74, 8576
35166.77, 8575
35178.64, 8574
35190.61, 8573
35203.88, 8572
35211.03, 8571
35253.67, 8570
35256.43, 8569
35297.02, 8568
35299.55, 8567
35302.09, 8566
35323.32, 8565
35332.05, 8564
35337.36, 8563
35339.28, 8562
35373.49, 8561
35394.85, 8560
35427.45, 8559
35437.48, 8558
35439.95, 8557
35442.46, 8556
35464.77, 8555
35467.39, 8554
35493.58, 8553
35496.41, 8552
35507.38, 8551
35520.36, 8550
35550.66, 8549
35582.05, 8548
35582.72, 8547
35601.02, 8546
35604.54, 8545
35619.4, 8544
35637.5, 8543
35650.09, 8542
35672.2, 8541
35674.73, 8540
35689.78, 8539
35702.21, 8538
35704.74, 8537
35727.49, 8536
35730.97, 8535
35742.19, 8534
35782.15, 8533
35785.97, 8532
35803.67, 8531
35806.19, 8530
35835.68, 8529
35838.21, 8528
35852.48, 8527
35864.49, 8526
35874.35, 8525
35887.19, 8524
35898.49, 8523
35922.45, 8522
35939.21, 8521
35948.22, 8520
35957.12, 8519
35979.13, 8518
36007.61, 8517
36010.15, 8516
36025.51, 8515
36034.37, 8514
36069.63, 8513
36077.62, 8512
36102.91, 8511
36107.48, 8510
36120.09, 8509
36126.18, 8508
36145.1, 8507
36147.85, 8506
36178.56, 8505
36180.18, 8504
36182.59, 8503
36207.45, 8502
36216.26, 8501
36218.8, 8500
36236.96, 8499
36270.71, 8498
36279.37, 8497
36282.04, 8496
36303.16, 8495
36305.8, 8494
36332.58, 8493
36345.33, 8492
36348.66, 8491
36373.4, 8490
36382.56, 8489
36385.09, 8488
36413.74, 8487
36426.33, 8486
36443.56, 8485
36453.65, 8484
36472.76, 8483
36494.91, 8482
36497.42, 8481
36499.87, 8480
36522.64, 8479
36537.54, 8478
36540.98, 8477
36553.38, 8476
36581.22, 8475
36590.5, 8474
36593.04, 8473
36605.52, 8472
36668.98, 8471
36671.32, 8470
36694.79, 8469
36697.35, 8468
36707.52, 8467
36717.81, 8466
36729.27, 8465
36740.77, 8464
36765.21, 8463
36774.69, 8462
36784.92, 8461
36806.53, 8460
36810.15, 8459
36824.69, 8458
36834.5, 8457
36867.73, 8456
36870.25, 8455
36884.25, 8454
36886.85, 8453
36909.09, 8452
36918.08, 8451
36931.96, 8450
36949.21, 8449
36951.77, 8448
36963.67, 8447
36986.55, 8446
37014.88, 8445
37017.39, 8444
37025.88, 8443
37041.47, 8442
37056.47, 8441
37060.11, 8440
37075.71, 8439
37097.91, 8438
37100.46, 8437
37135.39, 8436
37148.62, 8435
37172.3, 8434
37174.87, 8433
37199.86, 8432
37207.92, 8431
37219.6, 8430
37237.19, 8429
37239.65, 8428
37272.91, 8427
37283.81, 8426
37295.11, 8425
37300.56, 8424
37309.62, 8423
37328.6, 8422
37353.33, 8421
37364.41, 8420
37366.03, 8419
37407.33, 8418
37416.81, 8417
37418.7, 8416
37438.7, 8415
37465.99, 8414
37470.02, 8413
37472.54, 8412
37500.87, 8411
37525.97, 8410
37541.79, 8409
37547.78, 8408
37569.88, 8407
37578.67, 8406
37578.83, 8405
37595.53, 8404
37614.33, 8403
37616.82, 8402
37631.92, 8401
37645.74, 8400
37663.01, 8399
37677.72, 8398
37703.23, 8397
37710.87, 8396
37713.76, 8395
37724.32, 8394
37745.55, 8393
37759.0, 8392
37768.55, 8391
37789.7, 8390
37819.93, 8389
37825.06, 8388
37837.36, 8387
37851.98, 8386
37869.11, 8385
37871.6, 8384
37887.27, 8383
37894.49, 8382
37914.28, 8381
37924.83, 8380
37935.33, 8379
37986.25, 8378
38013.19, 8377
38044.52, 8376
38066.24, 8375
38078.83, 8374
38087.23, 8373
38104.97, 8372
38114.23, 8371
38134.3, 8370
38145.3, 8369
38152.18, 8368
38184.82, 8367
38197.94, 8366
38215.65, 8365
38236.3, 8364
38251.06, 8363
38261.27, 8362
38275.64, 8361
38283.56, 8360
38292.81, 8359
38316.92, 8358
38337.38, 8357
38339.82, 8356
38349.52, 8355
38360.45, 8354
38383.04, 8353
38385.47, 8352
38400.97, 8351
38412.09, 8350
38425.32, 8349
38443.41, 8348
38470.95, 8347
38474.61, 8346
38483.8, 8345
38493.21, 8344
38506.86, 8343
38514.16, 8342
38526.57, 8341
38536.36, 8340
38550.47, 8339
38561.72, 8338
38578.79, 8337
38581.47, 8336
38599.55, 8335
38603.82, 8334
38677.51, 8333
38684.16, 8332
38686.71, 8331
38721.11, 8330
38723.55, 8329
38740.12, 8328
38742.64, 8327
38771.11, 8326
38782.37, 8325
38807.58, 8324
38819.31, 8323
38846.36, 8322
38875.98, 8321
38880.41, 8320
38897.03, 8319
38910.91, 8318
38931.0, 8317
38942.19, 8316
38960.53, 8315
38981.21, 8314
38995.81, 8313
39027.26, 8312
39032.93, 8311
39036.94, 8310
39049.26, 8309
39073.43, 8308
39075.94, 8307
39091.97, 8306
39094.43, 8305
39113.03, 8304
39126.77, 8303
39152.44, 8302
39173.26, 8301
39175.85, 8300
39200.66, 8299
39205.88, 8298
39230.21, 8297
39231.45, 8296
39253.41, 8295
39262.65, 8294
39285.09, 8293
39304.9, 8292
39330.31, 8291
39344.72, 8290
39346.45, 8289
39364.26, 8288
39382.09, 8287
39411.24, 8286
39417.3, 8285
39424.13, 8284
39436.13, 8283
39456.36, 8282
39532.0, 8281
39532.1, 8280
39532.13, 8279
39548.35, 8278
39565.21, 8277
39583.32, 8276
39586.02, 8275
39592.92, 8274
39603.19, 8273
39616.16, 8272
39629.16, 8271
39639.74, 8270
39643.38, 8269
39667.89, 8268
39670.57, 8267
39689.79, 8266
39700.14, 8265
39722.9, 8264
39734.94, 8263
39744.02, 8262
39746.44, 8261
39762.75, 8260
39815.13, 8259
39835.23, 8258
39855.84, 8257
39870.23, 8256
39898.72, 8255
39901.17, 8254
39941.71, 8253
39959.3, 8252
39963.34, 8251
39964.25, 8250
39989.41, 8249
40013.3, 8248
40023.01, 8247
40024.24, 8246
40051.45, 8245
40053.94, 8244
40070.65, 8243
40083.29, 8242
40099.28, 8241
40103.1, 8240
40119.97, 8239
40122.45, 8238
40176.56, 8237
40186.9, 8236
40212.51, 8235
40215.12, 8234
40217.56, 8233
40232.05, 8232
40254.39, 8231
40260.03, 8230
40274.45, 8229
40276.22, 8228
40292.84, 8227
40296.54, 8226
40324.16, 8225
40374.67, 8224
40376.98, 8223
40415.19, 8222
40416.89, 8221
40433.39, 8220
40456.14, 8219
40499.57, 8218
40502.12, 8217
40518.52, 8216
40533.82, 8215
40563.56, 8214
40566.12, 8213
40586.82, 8212
40589.25, 8211
40603.81, 8210
40617.15, 8209
40654.42, 8208
40668.55, 8207
40677.79, 8206
40710.05, 8205
40741.8, 8204
40744.44, 8203
40766.67, 8202
40771.6, 8201
40774.1, 8200
40814.16, 8199
40816.68, 8198
40855.05, 8197
40860.21, 8196
40881.07, 8195
40881.2, 8194
40914.83, 8193
40916.14, 8192
40942.75, 8191
40948.06, 8190
40965.71, 8189
40985.86, 8188
40985.91, 8187
41013.6, 8186
41015.85, 8185
41056.19, 8184
41074.12, 8183
41078.48, 8182
41095.86, 8181
41101.09, 8180
41174.38, 8179
41184.26, 8178
41186.76, 8177
41209.47, 8176
41231.89, 8175
41235.22, 8174
41268.3, 8173
41270.61, 8172
41283.94, 8171
41316.27, 8170
41318.69, 8169
41334.55, 8168
41368.21, 8167
41387.1, 8166
41397.93, 8165
41398.63, 8164
41442.95, 8163
41445.02, 8162
41448.84, 8161
41469.0, 8160
41471.05, 8159
41492.47, 8158
41506.61, 8157
41526.11, 8156
41543.79, 8155
41564.39, 8154
41566.68, 8153
41587.02, 8152
41599.05, 8151
41610.17, 8150
41636.05, 8149
41647.23, 8148
41672.93, 8147
41674.1, 8146
41695.68, 8145
41730.64, 8144
41753.74, 8143
41784.26, 8142
41804.52, 8141
41807.0, 8140
41823.85, 8139
41856.3, 8138
41869.37, 8137
41884.63, 8136
41918.4, 8135
41930.0, 8134
41942.88, 8133
41956.51, 8132
41966.72, 8131
41991.28, 8130
42005.91, 8129
42026.22, 8128
42070.23, 8127
42086.55, 8126
42093.34, 8125
42117.61, 8124
42120.91, 8123
42128.71, 8122
42150.11, 8121
42173.18, 8120
42181.28, 8119
42206.14, 8118
42224.02, 8117
42226.55, 8116
42239.98, 8115
42266.68, 8114
42278.18, 8113
42299.93, 8112
42308.4, 8111
42329.52, 8110
42332.04, 8109
42346.76, 8108
42352.52, 8107
42378.43, 8106
42396.03, 8105
42398.26, 8104
42421.19, 8103
42430.24, 8102
42446.47, 8101
42450.98, 8100
42477.49, 8099
42480.32, 8098
42515.66, 8097
42519.68, 8096
42542.18, 8095
42566.04, 8094
42568.05, 8093
42592.04, 8092
42643.09, 8091
42643.7, 8090
42662.73, 8089
42680.21, 8088
42682.64, 8087
42685.19, 8086
42712.33, 8085
42714.24, 8084
42740.95, 8083
42800.22, 8082
42802.53, 8081
42805.02, 8080
42841.49, 8079
42847.68, 8078
42850.18, 8077
42860.53, 8076
42886.82, 8075
42889.78, 8074
42914.13, 8073
42916.6, 8072
42950.68, 8071
42957.14, 8070
42959.78, 8069
42986.75, 8068
43029.86, 8067
43029.96, 8066
43051.56, 8065
43065.93, 8064
43088.2, 8063
43096.19, 8062
43116.31, 8061
43133.71, 8060
43156.16, 8059
43184.53, 8058
43187.01, 8057
43189.51, 8056
43230.82, 8055
43237.92, 8054
43240.4, 8053
43256.1, 8052
43283.08, 8051
43285.29, 8050
43286.96, 8049
43305.42, 8048
43340.37, 8047
43348.59, 8046
43351.62, 8045
43364.32, 8044
43395.71, 8043
43401.76, 8042
43454.75, 8041
43463.64, 8040
43471.26, 8039
43473.91, 8038
43488.17, 8037
43505.97, 8036
43514.77, 8035
43562.86, 8034
43562.91, 8033
43587.92, 8032
43590.41, 8031
43635.48, 8030
43637.95, 8029
43646.93, 8028
43672.83, 8027
43675.41, 8026
43721.78, 8025
43731.31, 8024
43731.96, 8023
43748.79, 8022
43769.64, 8021
43797.04, 8020
43805.41, 8019
43833.8, 8018
43837.87, 8017
43882.5, 8016
43889.69, 8015
43894.45, 8014
43944.38, 8013
43946.86, 8012
43949.37, 8011
43978.77, 8010
43982.56, 8009
43985.06, 8008
43999.87, 8007
44012.81, 8006
44015.77, 8005
44028.99, 8004
44042.33, 8003
44082.54, 8002
44086.52, 8001
44089.02, 8000
44169.79, 7999
44176.15, 7998
44179.07, 7997
44209.25, 7996
44213.88, 7995
44216.39, 7994
44232.52, 7993
44250.74, 7992
44253.19, 7991
44279.99, 7990
44285.88, 7989
44287.05, 7988
44323.03, 7987
44331.02, 7986
44333.55, 7985
44380.42, 7984
44383.0, 7983
44400.67, 7982
44416.52, 7981
44421.38, 7980
44459.14, 7979
44470.7, 7978
44507.46, 7977
44520.5, 7976
44727.92, 7975
44734.41, 7974
44833.01, 7973
44836.19, 7972
44848.68, 7971
44886.44, 7970
44888.45, 7969
44904.62, 7968
44916.64, 7967
44916.72, 7966
44934.1, 7965
44961.1, 7964
44962.08, 7963
45000.43, 7962
45018.1, 7961
45018.15, 7960
45035.23, 7959
45048.77, 7958
45083.79, 7957
45097.98, 7956
45099.58, 7955
45120.37, 7954
45122.93, 7953
45139.52, 7952
45157.2, 7951
45175.99, 7950
45181.83, 7949
45234.98, 7948
45250.48, 7947
45253.03, 7946
45269.94, 7945
45272.42, 7944
45307.47, 7943
45320.83, 7942
45335.98, 7941
45338.54, 7940
45365.19, 7939
45393.04, 7938
45417.57, 7937
45420.08, 7936
45456.77, 7935
45483.19, 7934
45486.06, 7933
45488.69, 7932
45516.57, 7931
45540.4, 7930
45562.94, 7929
45582.05, 7928
45613.84, 7927
45624.55, 7926
45646.24, 7925
45662.03, 7924
45669.55, 7923
45704.2, 7922
45712.23, 7921
45726.97, 7920
45765.1, 7919
45766.96, 7918
45776.23, 7917
45786.67, 7916
45803.98, 7915
45810.89, 7914
45822.8, 7913
45849.9, 7912
45865.16, 7911
45871.8, 7910
45893.27, 7909
45993.16, 7908
46027.37, 7907
46044.12, 7906
46050.9, 7905
46066.04, 7904
46077.72, 7903
46084.5, 7902
46093.49, 7901
46109.84, 7900
46138.27, 7899
46164.16, 7898
46185.47, 7897
46193.5, 7896
46211.61, 7895
46234.53, 7894
46283.8, 7893
46286.06, 7892
46298.92, 7891
46317.1, 7890
46319.69, 7889
46332.4, 7888
46352.51, 7887
46365.16, 7886
46382.39, 7885
46384.0, 7884
46399.36, 7883
46420.56, 7882
46443.18, 7881
46454.43, 7880
46491.33, 7879
46505.2, 7878
46515.79, 7877
46532.59, 7876
46549.02, 7875
46559.1, 7874
46570.93, 7873
46584.28, 7872
46606.39, 7871
46619.0, 7870
46635.72, 7869
46639.28, 7868
46671.62, 7867
46674.33, 7866
46690.01, 7865
46700.96, 7864
46711.2, 7863
46725.77, 7862
46739.46, 7861
46762.16, 7860
46782.6, 7859
46789.45, 7858
46827.4, 7857
46852.15, 7856
46854.65, 7855
46896.53, 7854
46914.44, 7853
46918.89, 7852
46944.61, 7851
46959.05, 7850
46981.88, 7849
46990.3, 7848
47008.39, 7847
47045.14, 7846
47065.59, 7845
47086.38, 7844
47102.18, 7843
47120.15, 7842
47143.52, 7841
47157.09, 7840
47181.58, 7839
47218.22, 7838
47226.31, 7837
47233.1, 7836
47236.99, 7835
47266.68, 7834
47284.15, 7833
47306.62, 7832
47319.22, 7831
47336.65, 7830
47338.89, 7829
47353.85, 7828
47365.47, 7827
47400.36, 7826
47428.87, 7825
47436.62, 7824
47448.6, 7823
47476.09, 7822
47498.95, 7821
47544.6, 7820
47548.52, 7819
47558.41, 7818
47572.3, 7817
47600.15, 7816
47623.64, 7815
47638.3, 7814
47650.92, 7813
47666.06, 7812
47674.1, 7811
47699.71, 7810
47702.26, 7809
47721.84, 7808
47731.9, 7807
47751.5, 7806
47786.16, 7805
47789.44, 7804
47835.95, 7803
47846.93, 7802
47867.92, 7801
47874.25, 7800
47887.28, 7799
47916.8, 7798
47924.37, 7797
47972.76, 7796
47980.73, 7795
47980.83, 7794
48022.07, 7793
48036.59, 7792
48056.05, 7791
48080.81, 7790
48098.2, 7789
48114.1, 7788
48126.52, 7787
48213.31, 7786
48233.24, 7785
48253.84, 7784
48263.05, 7783
48279.39, 7782
48298.77, 7781
48326.72, 7780
48351.41, 7779
48365.34, 7778
48379.04, 7777
48400.01, 7776
48434.56, 7775
48448.09, 7774
48460.29, 7773
48473.52, 7772
48486.58, 7771
48497.82, 7770
48517.26, 7769
48561.09, 7768
48570.27, 7767
48583.74, 7766
48640.01, 7765
48673.05, 7764
48686.86, 7763
48705.04, 7762
48719.29, 7761
48725.55, 7760
48747.26, 7759
48759.64, 7758
48783.84, 7757
48803.55, 7756
48831.27, 7755
48847.52, 7754
48865.83, 7753
48878.65, 7752
48889.41, 7751
48906.2, 7750
48914.3, 7749
48969.28, 7748
49000.77, 7747
49020.78, 7746
49025.86, 7745
49051.0, 7744
49066.29, 7743
49083.25, 7742
49093.43, 7741
49119.99, 7740
49156.81, 7739
49165.42, 7738
49184.27, 7737
49202.55, 7736
49218.74, 7735
49240.99, 7734
49257.46, 7733
49284.04, 7732
49302.85, 7731
49317.68, 7730
49342.56, 7729
49358.77, 7728
49368.96, 7727
49423.0, 7726
49429.3, 7725
49440.23, 7724
49442.75, 7723
49460.13, 7722
49469.81, 7721
49499.98, 7720
49512.6, 7719
49526.92, 7718
49534.41, 7717
49551.14, 7716
49568.22, 7715
49585.78, 7714
49588.28, 7713
49602.09, 7712
49617.91, 7711
49639.5, 7710
49657.39, 7709
49662.25, 7708
49711.6, 7707
49719.51, 7706
49750.84, 7705
49756.45, 7704
49777.73, 7703
49779.94, 7702
49822.75, 7701
49840.34, 7700
49876.76, 7699
49896.79, 7698
49913.18, 7697
49924.47, 7696
49937.13, 7695
49952.13, 7694
49991.01, 7693
49998.41, 7692
50021.38, 7691
50030.81, 7690
50060.19, 7689
50062.57, 7688
50079.56, 7687
50105.91, 7686
50111.34, 7685
50111.56, 7684
50137.38, 7683
50140.82, 7682
50154.56, 7681
50202.02, 7680
50238.09, 7679
50243.45, 7678
50245.99, 7677
50275.55, 7676
50278.32, 7675
50288.42, 7674
50302.26, 7673
50313.21, 7672
50328.12, 7671
50335.23, 7670
50353.65, 7669
50382.81, 7668
50385.26, 7667
50387.74, 7666
50439.48, 7665
50442.04, 7664
50459.61, 7663
50471.11, 7662
50516.53, 7661
50521.83, 7660
50536.55, 7659
50564.36, 7658
50566.58, 7657
50583.76, 7656
50616.09, 7655
50638.27, 7654
50651.92, 7653
50682.29, 7652
50686.81, 7651
50726.02, 7650
50744.77, 7649
50751.77, 7648
50781.3, 7647
50782.56, 7646
50790.46, 7645
50814.97, 7644
50816.8, 7643
50843.75, 7642
50870.25, 7641
50893.45, 7640
50898.39, 7639
50920.33, 7638
50922.48, 7637
50973.52, 7636
51017.96, 7635
51020.48, 7634
51039.57, 7633
51070.68, 7632
51082.13, 7631
51084.76, 7630
51093.41, 7629
51108.99, 7628
51179.98, 7627
51182.47, 7626
51185.13, 7625
51228.01, 7624
51232.64, 7623
51248.89, 7622
51271.27, 7621
51297.5, 7620
51333.02, 7619
51340.24, 7618
51343.21, 7617
51396.14, 7616
51398.63, 7615
51401.17, 7614
51438.67, 7613
51447.41, 7612
51451.67, 7611
51467.92, 7610
51479.33, 7609
51514.96, 7608
51517.71, 7607
51573.8, 7606
51576.63, 7605
51606.52, 7604
51645.73, 7603
51647.11, 7602
51657.41, 7601
51694.65, 7600
51717.77, 7599
51720.26, 7598
51747.63, 7597
51750.42, 7596
51787.2, 7595
51799.82, 7594
51826.15, 7593
51861.48, 7592
51864.1, 7591
51877.88, 7590
51917.89, 7589
51936.69, 7588
51951.18, 7587
51973.3, 7586
51977.97, 7585
52024.03, 7584
52041.1, 7583
52063.16, 7582
52080.86, 7581
52085.37, 7580
52119.31, 7579
52121.73, 7578
52174.15, 7577
52177.26, 7576
52180.61, 7575
52224.63, 7574
52251.3, 7573
52253.8, 7572
52289.36, 7571
52294.02, 7570
52294.15, 7569
52312.26, 7568
52320.03, 7567
52347.92, 7566
52357.61, 7565
52372.57, 7564
52449.18, 7563
52449.27, 7562
52470.35, 7561
52481.34, 7560
52502.57, 7559
52520.12, 7558
52526.23, 7557
52558.79, 7556
52604.0, 7555
52606.53, 7554
52620.71, 7553
52630.96, 7552
52652.21, 7551
52657.51, 7550
52669.32, 7549
52686.31, 7548
52709.02, 7547
52723.93, 7546
52781.69, 7545
52784.5, 7544
52819.7, 7543
52836.15, 7542
52866.5, 7541
52868.97, 7540
52893.36, 7539
52906.6, 7538
52910.3, 7537
52986.18, 7536
52990.76, 7535
53008.56, 7534
53016.81, 7533
53078.17, 7532
53080.58, 7531
53083.05, 7530
53105.14, 7529
53113.38, 7528
53132.78, 7527
53177.35, 7526
53179.07, 7525
53195.31, 7524
53221.04, 7523
53247.5, 7522
53247.59, 7521
53313.41, 7520
53315.31, 7519
53324.05, 7518
53343.52, 7517
53364.61, 7516
53391.95, 7515
53395.59, 7514
53412.25, 7513
53436.36, 7512
53442.87, 7511
53486.68, 7510
53488.59, 7509
53511.24, 7508
53519.19, 7507
53541.84, 7506
53552.16, 7505
53554.62, 7504
53590.02, 7503
53590.12, 7502
53631.74, 7501
53634.45, 7500
53652.06, 7499
53695.37, 7498
53700.76, 7497
53703.3, 7496
53726.03, 7495
53771.91, 7494
53788.12, 7493
53815.3, 7492
53815.34, 7491
53844.91, 7490
53846.96, 7489
53854.56, 7488
53915.52, 7487
53960.97, 7486
53984.87, 7485
53987.17, 7484
53997.23, 7483
54032.89, 7482
54054.72, 7481
54068.61, 7480
54084.04, 7479
54090.21, 7478
54107.05, 7477
54120.36, 7476
54157.75, 7475
54159.81, 7474
54163.24, 7473
54189.27, 7472
54191.46, 7471
54250.14, 7470
54257.54, 7469
54258.96, 7468
54278.12, 7467
54280.63, 7466
54296.65, 7465
54326.05, 7464
54329.35, 7463
54337.0, 7462
54377.93, 7461
54394.31, 7460
54397.74, 7459
54443.69, 7458
54446.12, 7457
54462.82, 7456
54493.25, 7455
54523.01, 7454
54534.79, 7453
54537.15, 7452
54591.89, 7451
54599.64, 7450
54658.56, 7449
54678.9, 7448
54681.41, 7447
54685.01, 7446
54743.46, 7445
54770.72, 7444
54795.67, 7443
54809.89, 7442
54826.96, 7441
54837.34, 7440
54855.39, 7439
54876.17, 7438
54889.1, 7437
54914.85, 7436
54917.36, 7435
54937.44, 7434
54948.49, 7433
54960.48, 7432
54980.51, 7431
54985.28, 7430
55019.23, 7429
55019.33, 7428
55034.93, 7427
55037.75, 7426
55075.53, 7425
55078.32, 7424
55092.65, 7423
55139.37, 7422
55167.57, 7421
55176.43, 7420
55193.2, 7419
55218.31, 7418
55240.98, 7417
55259.61, 7416
55279.02, 7415
55306.47, 7414
55307.49, 7413
55359.24, 7412
55384.83, 7411
55411.74, 7410
55437.79, 7409
55446.31, 7408
55467.2, 7407
55479.65, 7406
55495.72, 7405
55516.5, 7404
55535.91, 7403
55555.73, 7402
55584.8, 7401
55593.0, 7400
55629.64, 7399
55636.95, 7398
55650.57, 7397
55697.04, 7396
55712.32, 7395
55723.4, 7394
55779.75, 7393
55790.4, 7392
55831.81, 7391
55835.71, 7390
55847.96, 7389
55865.65, 7388
55894.85, 7387
55929.83, 7386
55941.38, 7385
55958.09, 7384
55968.92, 7383
55985.79, 7382
55994.89, 7381
56006.01, 7380
56018.24, 7379
56054.4, 7378
56088.75, 7377
56098.18, 7376
56112.5, 7375
56132.81, 7374
56143.02, 7373
56165.44, 7372
56183.47, 7371
56220.31, 7370
56240.7, 7369
56422.57, 7368
56424.12, 7367
56426.5, 7366
56447.87, 7365
56462.59, 7364
56479.19, 7363
56496.2, 7362
56498.83, 7361
56512.68, 7360
56527.11, 7359
56570.55, 7358
56570.6, 7357
56582.69, 7356
56600.54, 7355
56650.96, 7354
56663.64, 7353
56663.7, 7352
56702.28, 7351
56723.3, 7350
56739.52, 7349
56765.7, 7348
56770.65, 7347
56816.88, 7346
56816.92, 7345
56832.13, 7344
56851.15, 7343
56865.23, 7342
56902.62, 7341
56917.68, 7340
56924.44, 7339
56936.72, 7338
56949.18, 7337
56966.76, 7336
56968.71, 7335
57015.95, 7334
57016.04, 7333
57016.06, 7332
57037.91, 7331
57085.72, 7330
57088.25, 7329
57096.44, 7328
57134.81, 7327
57157.33, 7326
57183.7, 7325
57204.47, 7324
57218.84, 7323
57234.83, 7322
57303.8, 7321
57315.48, 7320
57339.88, 7319
57354.24, 7318
57368.77, 7317
57384.38, 7316
57413.96, 7315
57419.43, 7314
57433.63, 7313
57447.33, 7312
57499.21, 7311
57503.77, 7310
57534.65, 7309
57553.36, 7308
57577.65, 7307
57601.77, 7306
57624.61, 7305
57649.71, 7304
57659.62, 7303
57684.2, 7302
57713.04, 7301
57725.9, 7300
57746.83, 7299
57781.22, 7298
57792.87, 7297
57815.97, 7296
57843.22, 7295
57871.26, 7294
57892.55, 7293
57909.83, 7292
57929.86, 7291
57954.64, 7290
57957.17, 7289
57969.46, 7288
57995.54, 7287
58016.91, 7286
58033.41, 7285
58064.18, 7284
58107.33, 7283
58132.71, 7282
58146.78, 7281
58212.32, 7280
58277.1, 7279
58291.58, 7278
58333.05, 7277
58339.2, 7276
58355.05, 7275
58367.45, 7274
58434.19, 7273
58486.06, 7272
58498.75, 7271
58512.97, 7270
58538.41, 7269
58559.58, 7268
58572.91, 7267
58587.02, 7266
58601.5, 7265
58616.51, 7264
58651.02, 7263
58665.85, 7262
58690.74, 7261
58718.18, 7260
58740.96, 7259
58767.86, 7258
58797.22, 7257
58808.83, 7256
58823.12, 7255
58836.15, 7254
58849.07, 7253
58873.42, 7252
58914.79, 7251
58921.31, 7250
58951.69, 7249
58968.19, 7248
58997.6, 7247
59020.98, 7246
59031.8, 7245
59043.02, 7244
59076.21, 7243
59082.84, 7242
59120.68, 7241
59146.29, 7240
59153.14, 7239
59170.28, 7238
59203.47, 7237
59215.23, 7236
59245.05, 7235
59329.13, 7234
59335.85, 7233
59354.04, 7232
59369.16, 7231
59381.84, 7230
59390.94, 7229
59432.58, 7228
59437.44, 7227
59439.9, 7226
59456.93, 7225
59469.55, 7224
59480.79, 7223
59503.0, 7222
59514.73, 7221
59532.03, 7220
59534.47, 7219
59554.36, 7218
59576.83, 7217
59604.59, 7216
59631.72, 7215
59680.48, 7214
59734.05, 7213
59757.59, 7212
59777.22, 7211
59782.01, 7210
59798.97, 7209
59817.48, 7208
59831.99, 7207
59844.42, 7206
59854.94, 7205
59863.9, 7204
59887.23, 7203
59905.41, 7202
59913.26, 7201
59961.9, 7200
59990.9, 7199
59993.63, 7198
60003.87, 7197
60020.06, 7196
60030.76, 7195
60060.88, 7194
60074.0, 7193
60090.99, 7192
60106.09, 7191
60122.19, 7190
60136.55, 7189
60172.06, 7188
60209.85, 7187
60245.61, 7186
60251.16, 7185
60288.18, 7184
60294.27, 7183
60294.42, 7182
60329.25, 7181
60332.17, 7180
60350.5, 7179
60364.42, 7178
60405.47, 7177
60411.16, 7176
60421.67, 7175
60446.54, 7174
60450.18, 7173
60465.41, 7172
60476.55, 7171
60500.52, 7170
60529.28, 7169
60534.09, 7168
60552.56, 7167
60579.58, 7166
60614.59, 7165
60629.44, 7164
60637.05, 7163
60659.85, 7162
60670.84, 7161
