445.21, 758
445.33, 747
445.34, 745
446.68, 734
447.39, 733
447.92, 722
449.97, 713
450.46, 712
450.49, 710
452.52, 701
452.56, 700
468.65, 699
468.73, 697
470.24, 688
470.28, 687
470.29, 686
470.3, 679
470.3, 678
470.31, 677
470.31, 676
470.32, 669
470.33, 668
471.23, 667
471.25, 666
471.26, 665
471.27, 659
471.28, 658
472.28, 657
472.32, 656
472.34, 650
472.36, 649
472.38, 648
472.43, 647
474.11, 646
474.14, 645
474.16, 644
474.18, 638
474.2, 637
474.22, 636
474.23, 635
474.25, 634
474.27, 633
474.29, 632
474.48, 631
476.79, 625
477.75, 624
478.76, 623
479.13, 622
479.57, 621
480.9, 620
483.4, 614
483.44, 613
483.77, 612
484.67, 611
484.7, 610
484.71, 609
485.18, 606
485.67, 605
486.07, 604
486.53, 603
486.99, 602
487.9, 601
488.11, 600
489.77, 599
489.86, 598
491.14, 596
492.79, 595
492.86, 594
492.89, 593
493.25, 592
493.77, 591
494.34, 590
494.99, 589
495.02, 588
495.03, 587
496.51, 586
497.47, 584
497.95, 582
497.98, 581
497.99, 580
499.18, 579
501.07, 578
501.09, 576
501.1, 575
502.15, 574
503.64, 573
503.68, 572
503.72, 571
504.49, 570
505.24, 569
505.55, 568
507.43, 566
507.8, 565
508.73, 564
508.82, 563
509.64, 562
510.45, 561
510.48, 560
511.0, 559
511.31, 558
512.26, 557
514.37, 556
514.44, 555
516.47, 554
516.48, 553
516.74, 552
516.96, 551
517.06, 550
518.74, 549
519.04, 548
520.02, 547
520.6, 546
520.8, 545
521.26, 544
521.46, 543
522.28, 542
522.48, 541
524.74, 540
526.55, 539
527.08, 538
527.64, 537
528.08, 536
528.12, 535
528.26, 534
529.15, 533
529.36, 532
530.29, 531
532.21, 530
532.54, 529
532.56, 528
533.8, 527
534.04, 526
535.09, 525
535.58, 524
535.79, 523
535.98, 522
537.89, 521
538.93, 520
539.48, 519
540.02, 518
540.68, 517
541.26, 516
541.86, 515
542.44, 514
542.72, 513
543.93, 512
544.37, 511
544.91, 510
546.29, 509
546.57, 508
546.6, 507
547.58, 506
548.29, 505
550.94, 504
551.69, 503
552.28, 502
552.83, 501
553.35, 500
553.88, 499
554.61, 498
554.96, 497
555.16, 496
555.36, 495
557.23, 494
557.76, 493
558.3, 492
560.16, 491
560.35, 490
560.55, 489
560.74, 488
561.11, 487
562.18, 486
562.68, 485
564.6, 484
565.18, 483
565.86, 482
566.48, 481
569.95, 480
570.05, 479
570.09, 478
570.31, 477
570.42, 476
570.75, 475
571.6, 474
572.04, 473
572.83, 472
573.41, 471
573.99, 470
574.19, 469
575.97, 468
576.58, 467
577.65, 466
578.11, 465
578.14, 464
578.53, 463
579.14, 462
579.84, 461
581.29, 460
583.67, 459
583.9, 458
584.0, 457
584.19, 456
585.1, 455
586.02, 454
586.59, 453
588.17, 452
588.87, 451
589.49, 450
590.07, 449
590.64, 448
591.42, 447
591.65, 446
592.85, 445
593.48, 444
595.46, 443
595.49, 442
595.71, 441
597.58, 440
597.66, 439
597.83, 438
598.52, 437
599.76, 436
599.94, 435
601.5, 434
602.0, 433
603.34, 432
604.1, 431
605.13, 430
605.66, 429
606.19, 428
606.76, 427
607.11, 426
608.5, 425
610.2, 424
610.73, 423
611.96, 422
612.52, 421
613.75, 420
613.8, 419
613.81, 418
614.84, 417
615.4, 416
617.67, 415
618.13, 414
618.75, 413
619.26, 412
619.78, 411
620.36, 410
620.97, 409
623.29, 408
623.48, 407
624.93, 406
625.42, 405
626.56, 404
627.1, 403
627.68, 402
627.88, 401
628.31, 400
630.01, 399
630.66, 398
631.22, 397
631.78, 396
632.44, 395
633.49, 394
634.04, 393
635.61, 392
635.83, 391
636.89, 390
637.41, 389
637.99, 388
639.48, 387
640.14, 386
640.67, 385
641.21, 384
641.76, 383
642.49, 382
643.04, 381
644.82, 380
646.54, 379
647.05, 378
655.04, 377
655.05, 376
656.45, 375
656.47, 374
657.95, 373
662.5, 372
663.28, 371
664.0, 370
665.28, 369
665.3, 368
668.81, 367
668.89, 366
669.31, 365
672.21, 364
673.06, 363
673.1, 362
673.9, 361
674.41, 360
675.11, 359
676.03, 358
681.17, 357
681.27, 356
682.14, 355
685.21, 354
685.26, 353
685.42, 352
685.62, 351
685.85, 350
689.97, 349
690.77, 348
691.07, 347
695.86, 346
695.9, 345
698.77, 344
699.72, 343
702.2, 342
713.33, 341
713.53, 340
714.45, 339
715.13, 338
715.72, 337
716.32, 336
717.6, 335
718.79, 334
722.97, 333
725.54, 332
726.16, 331
726.75, 330
727.67, 329
727.94, 328
729.25, 327
729.85, 326
730.25, 325
731.16, 324
733.92, 323
735.48, 322
737.05, 321
737.09, 320
737.09, 319
737.89, 318
738.09, 317
739.97, 316
739.99, 315
744.38, 314
744.52, 313
745.62, 312
746.91, 311
748.15, 310
749.84, 309
749.86, 308
751.95, 307
752.51, 306
753.14, 305
753.73, 304
754.5, 303
755.24, 302
757.6, 301
760.76, 300
761.68, 299
765.73, 298
767.98, 297
768.0, 296
768.01, 295
769.05, 294
771.95, 293
772.06, 292
772.33, 291
775.25, 290
775.9, 289
776.45, 288
776.79, 287
778.04, 286
778.93, 285
780.46, 284
780.53, 283
802.19, 282
805.64, 281
811.86, 280
812.35, 279
815.18, 278
816.12, 277
817.68, 276
818.28, 275
818.83, 274
819.49, 273
821.89, 272
822.45, 271
824.76, 270
825.36, 269
826.05, 268
827.52, 267
827.99, 266
828.0, 265
830.49, 264
830.96, 263
831.65, 262
832.69, 261
835.12, 260
835.16, 259
837.18, 258
837.2, 257
838.54, 256
840.28, 255
840.43, 254
840.62, 253
841.3, 252
842.35, 251
844.34, 250
844.55, 249
844.74, 248
845.78, 247
847.46, 246
847.72, 245
849.27, 244
849.86, 243
852.18, 242
852.37, 241
852.57, 240
854.6, 239
855.14, 238
855.65, 237
857.72, 236
857.89, 235
859.35, 234
859.99, 233
861.57, 232
862.08, 231
862.58, 230
870.25, 229
872.12, 228
872.8, 227
873.71, 226
874.29, 225
875.22, 224
877.35, 223
877.69, 222
879.67, 221
880.79, 220
881.48, 219
883.01, 218
883.61, 217
886.04, 216
886.56, 215
887.12, 214
887.46, 213
891.16, 212
891.4, 211
891.57, 210
891.76, 209
892.39, 208
893.42, 207
896.58, 206
896.94, 205
898.32, 204
898.34, 203
899.42, 202
900.47, 201
902.9, 200
911.69, 199
920.62, 198
922.63, 197
924.39, 196
924.6, 195
927.39, 194
928.05, 193
930.36, 192
936.03, 191
940.3, 190
942.12, 189
944.05, 188
946.99, 187
948.39, 186
948.93, 185
951.29, 184
951.31, 183
952.43, 182
953.44, 181
956.12, 180
956.76, 179
957.86, 178
960.06, 177
960.53, 176
961.99, 175
962.98, 174
965.65, 173
966.75, 172
968.81, 171
968.98, 170
970.35, 169
971.48, 168
975.41, 167
977.19, 166
979.56, 165
980.06, 164
984.43, 163
984.46, 162
984.52, 161
996.08, 160
996.99, 159
999.98, 158
1000.74, 157
1001.66, 156
1002.84, 155
1007.47, 154
1010.54, 153
1011.04, 152
1012.52, 151
1012.66, 150
1014.32, 149
1016.35, 148
1021.2, 147
1021.51, 146
1021.66, 145
1022.86, 144
1024.64, 143
1024.8, 142
1026.73, 141
1028.28, 140
1029.15, 139
1029.84, 138
1031.3, 137
1031.34, 136
1035.02, 135
1035.21, 134
1035.68, 133
1052.01, 132
1053.56, 131
1054.11, 130
1061.85, 129
1062.69, 128
1064.44, 127
1065.12, 126
1067.59, 125
1067.74, 124
1071.44, 123
1071.62, 122
1077.78, 121
1079.5, 120
1080.27, 119
1085.15, 118
1085.19, 117
1085.19, 116
1086.01, 115
1086.77, 114
1089.9, 113
1096.33, 112
1099.7, 111
1102.39, 110
1104.7, 109
1111.12, 108
1111.21, 107
1111.4, 106
1111.56, 105
1112.9, 104
1114.94, 103
1116.61, 102
1116.82, 101
1118.95, 100
1122.26, 99
1122.8, 98
1124.67, 97
1124.84, 96
1128.0, 95
1128.13, 94
1129.46, 93
1131.0, 92
1134.28, 91
1134.42, 90
1139.46, 89
1142.98, 88
1144.94, 87
1145.99, 86
1147.6, 85
1149.8, 84
1149.82, 83
1158.19, 82
1160.12, 81
1160.69, 80
1161.71, 79
1164.27, 78
1165.51, 77
1173.3, 76
1174.68, 75
1179.78, 74
1186.42, 73
1187.63, 72
1187.8, 71
1189.99, 70
1191.99, 69
1192.14, 68
1194.32, 67
1196.35, 66
1196.39, 65
1204.77, 64
1206.28, 63
1209.5, 62
1209.62, 61
1211.14, 60
1214.13, 59
1217.04, 58
1219.41, 57
1219.95, 56
1221.52, 55
1224.01, 54
1228.68, 53
1230.31, 52
1240.69, 51
1240.86, 50
1241.31, 49
1244.21, 48
1245.18, 47
1246.31, 46
1247.5, 45
1251.44, 44
1252.18, 43
1252.96, 42
1254.11, 41
1267.22, 40
1274.64, 39
1276.93, 38
1277.59, 37
1279.29, 36
1280.97, 35
1286.43, 34
1288.13, 33
1290.25, 32
1291.28, 31
1294.99, 30
1299.41, 29
1301.02, 28
1302.3, 27
1304.46, 26
1306.52, 25
1307.62, 24
1312.55, 23
1318.55, 22
1323.71, 21
1325.91, 20
1328.32, 19
1333.64, 18
1334.89, 17
1336.2, 16
1340.7, 15
1342.79, 14
1344.32, 13
1353.88, 12
1354.9, 11
1356.84, 10
1358.46, 9
1360.46, 8
1369.81, 7
1380.77, 6
1389.75, 5
1391.08, 4
1392.77, 3
1394.38, 2
1396.14, 1
1398.31, 0
