1063.81, 2189
1065.73, 2172
1066.2, 2169
1067.92, 2167
1069.94, 2166
1100.73, 2164
1101.19, 2163
1101.78, 2160
1102.16, 2158
1102.63, 2157
1103.11, 2155
1103.59, 2153
1104.08, 2152
1104.62, 2151
1105.08, 2150
1105.59, 2149
1106.11, 2148
1106.63, 2147
1109.36, 2146
1109.96, 2145
1112.2, 2144
1112.78, 2143
1114.46, 2142
1117.57, 2141
1118.02, 2140
1119.86, 2139
1123.33, 2138
1123.8, 2137
1125.1, 2136
1126.61, 2135
1128.55, 2134
1129.94, 2133
1132.07, 2132
1133.48, 2131
1135.73, 2130
1136.18, 2129
1140.87, 2128
1142.41, 2127
1144.65, 2126
1146.54, 2125
1148.98, 2124
1149.49, 2123
1152.25, 2122
1153.65, 2121
1155.15, 2120
1157.2, 2119
1157.75, 2118
1159.4, 2117
1160.84, 2116
1163.73, 2115
1166.89, 2114
1169.79, 2113
1170.29, 2112
1170.76, 2111
1171.24, 2110
1171.72, 2109
1173.59, 2108
1175.47, 2107
1176.21, 2106
1178.51, 2105
1179.26, 2104
1183.05, 2103
1183.48, 2102
1183.96, 2101
1186.58, 2100
1187.05, 2099
1190.07, 2098
1193.93, 2097
1195.05, 2096
1196.61, 2095
1198.83, 2094
1200.85, 2093
1201.35, 2092
1207.65, 2091
1208.14, 2090
1208.63, 2089
1209.12, 2088
1211.0, 2087
1211.94, 2086
1213.4, 2085
1217.69, 2084
1221.82, 2083
1223.36, 2082
1225.57, 2081
1226.21, 2080
1229.94, 2079
1234.54, 2078
1235.03, 2077
1235.51, 2076
1238.71, 2075
1240.21, 2074
1241.67, 2073
1249.16, 2072
1250.08, 2071
1250.17, 2070
1251.26, 2069
1254.54, 2068
1255.05, 2067
1259.26, 2066
1259.74, 2065
1261.34, 2064
1263.29, 2063
1267.16, 2062
1267.43, 2061
1267.91, 2060
1280.98, 2059
1286.52, 2058
1289.22, 2057
1296.37, 2056
1298.33, 2055
1298.61, 2054
1302.58, 2053
1303.34, 2052
1303.67, 2051
1307.73, 2050
1309.23, 2049
1309.74, 2048
1310.78, 2047
1313.64, 2046
1315.26, 2045
1316.85, 2044
1318.36, 2043
1321.16, 2042
1322.4, 2041
1322.95, 2040
1324.22, 2039
1326.17, 2038
1327.61, 2037
1329.27, 2036
1333.28, 2035
1333.76, 2034
1334.53, 2033
1336.08, 2032
1338.76, 2031
1340.03, 2030
1342.4, 2029
1342.88, 2028
1345.56, 2027
1346.51, 2026
1350.01, 2025
1351.39, 2024
1352.85, 2023
1354.27, 2022
1356.45, 2021
1361.31, 2020
1369.35, 2019
1369.85, 2018
1372.82, 2017
1374.31, 2016
1380.07, 2015
1381.94, 2014
1385.78, 2013
1386.55, 2012
1389.52, 2011
1392.79, 2010
1401.05, 2009
1401.59, 2008
1402.08, 2007
1407.38, 2006
1417.48, 2005
1421.1, 2004
1422.99, 2003
1424.44, 2002
1425.9, 2001
1428.44, 2000
1431.09, 1999
1432.79, 1998
1435.04, 1997
1436.88, 1996
1438.45, 1995
1439.86, 1994
1442.55, 1993
1443.07, 1992
1444.99, 1991
1445.59, 1990
1446.78, 1989
1449.33, 1988
1451.71, 1987
1453.69, 1986
1455.52, 1985
1457.15, 1984
1458.78, 1983
1459.72, 1982
1462.5, 1981
1462.68, 1980
1473.68, 1979
1477.71, 1978
1486.51, 1977
1492.77, 1976
1493.28, 1975
1498.65, 1974
1507.15, 1973
1511.25, 1972
1513.37, 1971
1516.73, 1970
1517.52, 1969
1519.65, 1968
1522.1, 1967
1523.64, 1966
1528.16, 1965
1530.11, 1964
1530.9, 1963
1533.17, 1962
1535.51, 1961
1536.41, 1960
1539.42, 1959
1540.81, 1958
1542.52, 1957
1544.46, 1956
1545.83, 1955
1548.49, 1954
1551.35, 1953
1552.77, 1952
1554.81, 1951
1556.67, 1950
1558.12, 1949
1560.91, 1948
1562.28, 1947
1565.88, 1946
1566.35, 1945
1569.15, 1944
1569.99, 1943
1579.04, 1942
1581.98, 1941
1583.38, 1940
1584.78, 1939
1586.17, 1938
1587.88, 1937
1589.51, 1936
1591.09, 1935
1592.48, 1934
1594.24, 1933
1595.75, 1932
1597.33, 1931
1599.95, 1930
1602.24, 1929
1603.12, 1928
1605.18, 1927
1607.26, 1926
1608.82, 1925
1609.61, 1924
1628.54, 1923
1629.17, 1922
1632.76, 1921
1636.57, 1920
1637.05, 1919
1638.6, 1918
1639.96, 1917
1642.65, 1916
1644.16, 1915
1645.81, 1914
1656.74, 1913
1661.2, 1912
1666.23, 1911
1673.44, 1910
1673.9, 1909
1676.1, 1908
1678.45, 1907
1680.37, 1906
1685.55, 1905
1685.58, 1904
1703.91, 1903
1714.53, 1902
1726.28, 1901
1729.48, 1900
1734.01, 1899
1736.41, 1898
1740.52, 1897
1741.17, 1896
1745.68, 1895
1746.66, 1894
1750.03, 1893
1752.03, 1892
1753.4, 1891
1757.06, 1890
1758.66, 1889
1760.99, 1888
1764.12, 1887
1765.98, 1886
1768.85, 1885
1770.41, 1884
1771.99, 1883
1774.18, 1882
1775.16, 1881
1779.18, 1880
1782.18, 1879
1783.91, 1878
1785.97, 1877
1787.9, 1876
1789.55, 1875
1791.17, 1874
1792.99, 1873
1800.45, 1872
1802.6, 1871
1804.54, 1870
1806.09, 1869
1808.39, 1868
1809.29, 1867
1814.96, 1866
1816.7, 1865
1820.37, 1864
1829.23, 1863
1838.3, 1862
1838.78, 1861
1845.39, 1860
1848.07, 1859
1852.82, 1858
1854.71, 1857
1857.91, 1856
1859.24, 1855
1867.93, 1854
1870.0, 1853
1872.92, 1852
1873.55, 1851
1875.66, 1850
1876.34, 1849
1882.46, 1848
1888.0, 1847
1891.87, 1846
1893.64, 1845
1895.87, 1844
1905.84, 1843
1910.43, 1842
1912.7, 1841
1914.33, 1840
1917.63, 1839
1921.58, 1838
1923.94, 1837
1931.67, 1836
1936.35, 1835
1945.35, 1834
1946.76, 1833
1952.54, 1832
1956.08, 1831
1957.47, 1830
1961.2, 1829
1962.68, 1828
1963.09, 1827
1964.97, 1826
1969.77, 1825
1970.28, 1824
1973.09, 1823
1974.58, 1822
1976.73, 1821
1987.28, 1820
1987.98, 1819
1990.52, 1818
1994.03, 1817
1996.67, 1816
2000.12, 1815
2002.63, 1814
2002.66, 1813
2003.39, 1812
2005.22, 1811
2009.43, 1810
2009.95, 1809
2013.34, 1808
2016.1, 1807
2018.57, 1806
2019.71, 1805
2021.81, 1804
2023.37, 1803
2026.27, 1802
2027.9, 1801
2029.79, 1800
2031.16, 1799
2033.26, 1798
2034.79, 1797
2039.1, 1796
2039.89, 1795
2043.66, 1794
2044.7, 1793
2045.71, 1792
2047.1, 1791
2053.34, 1790
2053.42, 1789
2053.81, 1788
2054.51, 1787
2056.82, 1786
2060.38, 1785
2061.49, 1784
2062.33, 1783
2062.88, 1782
2065.32, 1781
2067.84, 1780
2069.48, 1779
2070.55, 1778
2073.49, 1777
2076.1, 1776
2076.59, 1775
2078.7, 1774
2082.11, 1773
2082.88, 1772
2085.05, 1771
2088.65, 1770
2090.04, 1769
2092.4, 1768
2093.99, 1767
2097.17, 1766
2097.99, 1765
2100.15, 1764
2103.39, 1763
2106.4, 1762
2108.85, 1761
2110.55, 1760
2111.41, 1759
2113.77, 1758
2116.35, 1757
2119.54, 1756
2120.04, 1755
2121.79, 1754
2123.99, 1753
2125.43, 1752
2128.22, 1751
2130.25, 1750
2135.43, 1749
2135.48, 1748
2137.62, 1747
2138.11, 1746
2141.24, 1745
2142.76, 1744
2144.43, 1743
2147.57, 1742
2148.77, 1741
2152.42, 1740
2153.95, 1739
2156.51, 1738
2159.44, 1737
2162.04, 1736
2166.38, 1735
2172.5, 1734
2195.85, 1733
2202.84, 1732
2209.41, 1731
2211.89, 1730
2238.67, 1729
2240.11, 1728
2252.72, 1727
2254.85, 1726
2257.36, 1725
2259.4, 1724
2263.47, 1723
2265.66, 1722
2269.93, 1721
2270.39, 1720
2273.82, 1719
2275.94, 1718
2281.55, 1717
2283.48, 1716
2287.65, 1715
2290.68, 1714
2294.2, 1713
2295.6, 1712
2299.56, 1711
2302.75, 1710
2306.74, 1709
2317.22, 1708
2323.74, 1707
2336.62, 1706
2342.26, 1705
2358.2, 1704
2368.59, 1703
2378.87, 1702
2380.42, 1701
2386.63, 1700
2387.07, 1699
2394.09, 1698
2394.71, 1697
2401.91, 1696
2403.04, 1695
2409.51, 1694
2409.99, 1693
2417.54, 1692
2418.85, 1691
2421.66, 1690
2427.77, 1689
2428.96, 1688
2433.58, 1687
2437.93, 1686
2440.11, 1685
2459.95, 1684
2461.61, 1683
2462.37, 1682
2468.69, 1681
2471.79, 1680
2477.72, 1679
2479.23, 1678
2484.41, 1677
2486.2, 1676
2488.35, 1675
2491.9, 1674
2493.64, 1673
2498.43, 1672
2500.08, 1671
2500.82, 1670
2503.05, 1669
2507.1, 1668
2509.53, 1667
2510.01, 1666
2514.7, 1665
2518.84, 1664
2519.74, 1663
2523.95, 1662
2536.15, 1661
2538.57, 1660
2543.41, 1659
2544.21, 1658
2545.65, 1657
2558.48, 1656
2559.4, 1655
2572.61, 1654
2576.11, 1653
2583.09, 1652
2584.61, 1651
2586.11, 1650
2589.35, 1649
2593.02, 1648
2593.5, 1647
2597.44, 1646
2604.38, 1645
2606.27, 1644
2609.47, 1643
2624.28, 1642
2624.34, 1641
2633.37, 1640
2635.93, 1639
2635.96, 1638
2644.89, 1637
2644.95, 1636
2644.97, 1635
2644.98, 1634
2656.13, 1633
2656.17, 1632
2656.18, 1631
2656.19, 1630
2656.2, 1629
2669.79, 1628
2669.86, 1627
2669.88, 1626
2669.9, 1625
2682.63, 1624
2682.72, 1623
2682.75, 1622
2689.2, 1621
2689.26, 1620
2689.28, 1619
2694.87, 1618
2694.93, 1617
2702.37, 1616
2719.83, 1615
2719.92, 1614
2719.94, 1613
2719.96, 1612
2733.16, 1611
2733.19, 1610
2735.49, 1609
2735.51, 1608
2743.93, 1607
2743.99, 1606
2745.56, 1605
2746.13, 1604
2750.56, 1603
2751.33, 1602
2755.72, 1601
2757.31, 1600
2760.98, 1599
2764.78, 1598
2768.11, 1597
2770.57, 1596
2777.28, 1595
2779.27, 1594
2784.47, 1593
2785.51, 1592
2788.55, 1591
2798.7, 1590
2802.29, 1589
2804.64, 1588
2807.39, 1587
2809.46, 1586
2810.9, 1585
2812.47, 1584
2824.2, 1583
2826.15, 1582
2833.1, 1581
2835.29, 1580
2839.45, 1579
2842.64, 1578
2845.13, 1577
2848.28, 1576
2850.93, 1575
2853.76, 1574
2854.99, 1573
2856.03, 1572
2859.24, 1571
2862.02, 1570
2863.37, 1569
2867.94, 1568
2870.36, 1567
2871.53, 1566
2873.28, 1565
2876.3, 1564
2881.67, 1563
2884.22, 1562
2886.66, 1561
2890.68, 1560
2894.21, 1559
2897.71, 1558
2901.56, 1557
2902.02, 1556
2906.43, 1555
2907.89, 1554
2912.19, 1553
2913.54, 1552
2914.41, 1551
2917.98, 1550
2919.73, 1549
2925.99, 1548
2926.51, 1547
2933.23, 1546
2940.19, 1545
2949.3, 1544
2950.9, 1543
2953.57, 1542
2967.6, 1541
2968.98, 1540
2970.35, 1539
2974.45, 1538
2975.86, 1537
2977.43, 1536
2979.51, 1535
2982.8, 1534
2983.46, 1533
2987.39, 1532
2990.62, 1531
2991.16, 1530
2993.75, 1529
3001.93, 1528
3009.36, 1527
3013.4, 1526
3016.26, 1525
3019.7, 1524
3024.04, 1523
3025.29, 1522
3028.67, 1521
3032.81, 1520
3036.82, 1519
3040.25, 1518
3042.8, 1517
3050.78, 1516
3054.73, 1515
3058.87, 1514
3065.5, 1513
3066.7, 1512
3069.89, 1511
3071.85, 1510
3084.73, 1509
3092.82, 1508
3102.36, 1507
3107.48, 1506
3109.1, 1505
3113.26, 1504
3115.47, 1503
3122.02, 1502
3122.46, 1501
3125.13, 1500
3128.64, 1499
3130.72, 1498
3135.11, 1497
3137.02, 1496
3141.54, 1495
3144.32, 1494
3146.67, 1493
3159.59, 1492
3171.9, 1491
3176.56, 1490
3177.07, 1489
3181.83, 1488
3186.3, 1487
3190.64, 1486
3199.93, 1485
3204.73, 1484
3213.74, 1483
3215.86, 1482
3225.78, 1481
3227.65, 1480
3236.04, 1479
3236.07, 1478
3241.03, 1477
3245.14, 1476
3250.1, 1475
3253.31, 1474
3255.46, 1473
3261.41, 1472
3267.23, 1471
3274.0, 1470
3275.24, 1469
3282.01, 1468
3283.96, 1467
3292.77, 1466
3293.23, 1465
3334.17, 1464
3334.65, 1463
3338.34, 1462
3341.96, 1461
3350.32, 1460
3351.29, 1459
3355.05, 1458
3357.25, 1457
3372.32, 1456
3375.74, 1455
3377.58, 1454
3381.73, 1453
3384.04, 1452
3390.51, 1451
3392.7, 1450
3414.13, 1449
3418.93, 1448
3425.68, 1447
3427.63, 1446
3433.95, 1445
3436.22, 1444
3437.5, 1443
3440.78, 1442
3446.61, 1441
3449.26, 1440
3455.79, 1439
3462.67, 1438
3465.88, 1437
3469.25, 1436
3476.07, 1435
3484.28, 1434
3485.64, 1433
3512.75, 1432
3513.26, 1431
3513.74, 1430
3514.22, 1429
3514.7, 1428
3515.24, 1427
3519.92, 1426
3528.49, 1425
3530.96, 1424
3536.04, 1423
3537.11, 1422
3550.6, 1421
3554.19, 1420
3560.62, 1419
3573.93, 1418
3575.35, 1417
3590.72, 1416
3595.1, 1415
3603.89, 1414
3606.54, 1413
3609.99, 1412
3617.53, 1411
3629.03, 1410
3633.16, 1409
3634.71, 1408
3636.66, 1407
3642.66, 1406
3649.63, 1405
3650.71, 1404
3658.95, 1403
3668.5, 1402
3672.4, 1401
3674.5, 1400
3676.08, 1399
3680.87, 1398
3697.65, 1397
3698.8, 1396
3712.23, 1395
3714.2, 1394
3717.14, 1393
3729.03, 1392
3731.81, 1391
3734.18, 1390
3735.87, 1389
3749.2, 1388
3752.04, 1387
3753.5, 1386
3758.36, 1385
3759.41, 1384
3762.02, 1383
3767.45, 1382
3770.68, 1381
3774.36, 1380
3783.21, 1379
3786.24, 1378
3790.4, 1377
3792.75, 1376
3807.29, 1375
3809.13, 1374
3814.69, 1373
3818.35, 1372
3823.6, 1371
3828.94, 1370
3831.53, 1369
3834.06, 1368
3835.61, 1367
3838.45, 1366
3840.56, 1365
3844.34, 1364
3845.82, 1363
3852.46, 1362
3856.81, 1361
3859.14, 1360
3862.0, 1359
3866.84, 1358
3868.96, 1357
3871.8, 1356
3878.75, 1355
3884.92, 1354
3892.82, 1353
3895.89, 1352
3908.36, 1351
3910.95, 1350
3920.54, 1349
3922.06, 1348
3924.41, 1347
3926.26, 1346
3930.71, 1345
3934.19, 1344
3934.65, 1343
3939.06, 1342
3940.55, 1341
3942.65, 1340
3946.01, 1339
3954.32, 1338
3970.16, 1337
3976.31, 1336
3979.84, 1335
3982.07, 1334
3988.61, 1333
3990.41, 1332
3992.05, 1331
3994.96, 1330
3996.94, 1329
4001.67, 1328
4003.3, 1327
4006.16, 1326
4007.66, 1325
4010.68, 1324
4013.44, 1323
4017.68, 1322
4019.54, 1321
4022.08, 1320
4025.17, 1319
4027.29, 1318
4028.96, 1317
4031.4, 1316
4054.92, 1315
4058.15, 1314
4061.25, 1313
4067.04, 1312
4068.38, 1311
4071.28, 1310
4077.06, 1309
4084.3, 1308
4084.45, 1307
4088.36, 1306
4090.57, 1305
4092.9, 1304
4100.33, 1303
4103.16, 1302
4106.63, 1301
4108.78, 1300
4111.02, 1299
4113.31, 1298
4119.04, 1297
4119.54, 1296
4121.84, 1295
4124.06, 1294
4126.66, 1293
4129.3, 1292
4132.52, 1291
4135.66, 1290
4137.33, 1289
4140.59, 1288
4142.73, 1287
4145.12, 1286
4149.93, 1285
4151.93, 1284
4161.87, 1283
4176.24, 1282
4182.58, 1281
4187.18, 1280
4190.51, 1279
4194.1, 1278
4196.78, 1277
4211.56, 1276
4214.17, 1275
4215.69, 1274
4229.12, 1273
4231.85, 1272
4237.64, 1271
4244.34, 1270
4253.74, 1269
4260.74, 1268
4266.42, 1267
4267.11, 1266
4273.4, 1265
4275.8, 1264
4284.01, 1263
4295.81, 1262
4300.03, 1261
4303.56, 1260
4309.64, 1259
4312.26, 1258
4317.29, 1257
4322.79, 1256
4330.86, 1255
4342.87, 1254
4345.85, 1253
4354.15, 1252
4357.22, 1251
4358.5, 1250
4368.18, 1249
4371.59, 1248
4377.08, 1247
4384.94, 1246
4392.47, 1245
4405.89, 1244
4409.14, 1243
4425.69, 1242
4426.15, 1241
4442.48, 1240
4445.57, 1239
4461.59, 1238
4463.6, 1237
4468.44, 1236
4476.28, 1235
4479.27, 1234
4487.78, 1233
4490.58, 1232
4500.95, 1231
4503.27, 1230
4507.07, 1229
4517.5, 1228
4519.86, 1227
4527.74, 1226
4530.53, 1225
4540.11, 1224
4542.84, 1223
4556.07, 1222
4558.47, 1221
4560.81, 1220
4566.78, 1219
4574.02, 1218
4575.91, 1217
4585.91, 1216
4588.48, 1215
4642.88, 1214
4644.42, 1213
4662.05, 1212
4668.81, 1211
4677.11, 1210
4679.34, 1209
4692.56, 1208
4694.32, 1207
4731.84, 1206
4740.57, 1205
4753.67, 1204
4756.65, 1203
4775.65, 1202
4776.08, 1201
4792.93, 1200
4795.41, 1199
4798.9, 1198
4801.79, 1197
4805.8, 1196
4807.56, 1195
4811.01, 1194
4817.95, 1193
4818.43, 1192
4821.42, 1191
4825.89, 1190
4826.24, 1189
4829.06, 1188
4833.4, 1187
4834.74, 1186
4839.01, 1185
4842.22, 1184
4846.62, 1183
4850.86, 1182
4851.32, 1181
4857.22, 1180
4858.72, 1179
4862.47, 1178
4868.26, 1177
4869.66, 1176
4875.91, 1175
4877.06, 1174
4883.51, 1173
4886.24, 1172
4891.61, 1171
4895.21, 1170
4901.97, 1169
4902.53, 1168
4906.48, 1167
4942.57, 1166
4956.67, 1165
4975.84, 1164
4979.97, 1163
4996.71, 1162
5000.98, 1161
5008.41, 1160
5018.26, 1159
5021.91, 1158
5031.8, 1157
5035.38, 1156
5042.89, 1155
5054.58, 1154
5068.03, 1153
5070.03, 1152
5078.06, 1151
5081.52, 1150
5092.16, 1149
5101.71, 1148
5121.67, 1147
5126.25, 1146
5141.52, 1145
5143.41, 1144
5152.01, 1143
5155.74, 1142
5161.62, 1141
5176.25, 1140
5179.6, 1139
5185.38, 1138
5186.45, 1137
5190.51, 1136
5192.49, 1135
5200.39, 1134
5201.49, 1133
5206.28, 1132
5208.17, 1131
5209.59, 1130
5214.03, 1129
5216.2, 1128
5221.13, 1127
5223.26, 1126
5227.28, 1125
5230.04, 1124
5233.81, 1123
5253.28, 1122
5255.82, 1121
5259.45, 1120
5263.92, 1119
5280.14, 1118
5291.25, 1117
5295.06, 1116
5297.24, 1115
5301.91, 1114
5306.65, 1113
5309.26, 1112
5314.81, 1111
5319.09, 1110
5322.02, 1109
5325.53, 1108
5327.76, 1107
5331.98, 1106
5334.45, 1105
5336.59, 1104
5345.39, 1103
5353.33, 1102
5356.32, 1101
5365.25, 1100
5369.13, 1099
5383.89, 1098
5386.4, 1097
5390.68, 1096
5394.05, 1095
5397.29, 1094
5401.15, 1093
5403.13, 1092
5407.06, 1091
5409.33, 1090
5416.21, 1089
5418.7, 1088
5419.24, 1087
5424.02, 1086
5426.39, 1085
5430.17, 1084
5434.15, 1083
5437.45, 1082
5440.32, 1081
5441.65, 1080
5447.39, 1079
5449.14, 1078
5452.5, 1077
5456.28, 1076
5461.7, 1075
5463.18, 1074
5465.71, 1073
5467.88, 1072
5472.37, 1071
5476.52, 1070
5479.53, 1069
5482.42, 1068
5484.97, 1067
5487.74, 1066
5490.94, 1065
5538.03, 1064
5543.73, 1063
5545.71, 1062
5548.87, 1061
5552.65, 1060
5563.59, 1059
5568.34, 1058
5570.8, 1057
5578.15, 1056
5591.75, 1055
5599.28, 1054
5614.9, 1053
5632.7, 1052
5634.41, 1051
5636.46, 1050
5639.53, 1049
5643.16, 1048
5646.79, 1047
5653.26, 1046
5655.49, 1045
5658.04, 1044
5664.18, 1043
5666.09, 1042
5668.41, 1041
5674.05, 1040
5677.83, 1039
5683.63, 1038
5686.54, 1037
5693.08, 1036
5694.5, 1035
5698.16, 1034
5705.01, 1033
5708.11, 1032
5717.65, 1031
5721.31, 1030
5724.81, 1029
5732.94, 1028
5740.0, 1027
5741.55, 1026
5744.78, 1025
5748.52, 1024
5750.64, 1023
5758.17, 1022
5761.74, 1021
5768.02, 1020
5768.04, 1019
5778.56, 1018
5780.13, 1017
5781.5, 1016
5788.12, 1015
5791.22, 1014
5797.0, 1013
5800.77, 1012
5803.74, 1011
5812.51, 1010
5815.24, 1009
5825.39, 1008
5827.19, 1007
5830.47, 1006
5837.92, 1005
5840.0, 1004
5847.79, 1003
5851.5, 1002
5859.68, 1001
5862.85, 1000
5869.89, 999
5872.67, 998
5980.43, 997
5983.36, 996
5994.82, 995
5998.92, 994
6002.01, 993
6006.09, 992
6015.57, 991
6020.06, 990
6023.92, 989
6036.57, 988
6037.93, 987
6067.57, 986
6069.62, 985
6074.59, 984
6081.12, 983
6083.82, 982
6087.48, 981
6094.15, 980
6096.12, 979
6102.25, 978
6108.08, 977
6114.61, 976
6115.6, 975
6120.69, 974
6128.94, 973
6129.6, 972
6137.48, 971
6140.67, 970
6148.5, 969
6152.63, 968
6206.07, 967
6206.56, 966
6217.9, 965
6254.65, 964
6264.73, 963
6268.44, 962
6277.06, 961
6282.41, 960
6290.07, 959
6294.28, 958
6299.88, 957
6334.02, 956
6339.63, 955
6392.12, 954
6399.33, 953
6407.04, 952
6410.9, 951
6420.19, 950
6422.26, 949
6425.9, 948
6435.56, 947
6438.98, 946
6449.29, 945
6451.46, 944
6456.63, 943
6463.28, 942
6463.32, 941
6466.12, 940
6469.62, 939
6474.31, 938
6479.49, 937
6481.89, 936
6486.47, 935
6495.08, 934
6499.08, 933
6513.35, 932
6515.62, 931
6518.22, 930
6520.21, 929
6522.95, 928
6529.86, 927
6533.68, 926
6533.72, 925
6537.93, 924
6542.98, 923
6545.38, 922
6551.76, 921
6552.88, 920
6556.4, 919
6565.22, 918
6565.3, 917
6568.16, 916
6572.16, 915
6577.87, 914
6579.6, 913
6584.2, 912
6586.86, 911
6591.36, 910
6596.2, 909
6598.42, 908
6623.84, 907
6627.38, 906
6629.84, 905
6635.29, 904
6638.13, 903
6641.48, 902
6646.04, 901
6649.8, 900
6654.72, 899
6656.94, 898
6663.69, 897
6666.19, 896
6668.37, 895
6674.41, 894
6677.23, 893
6680.9, 892
6684.49, 891
6690.83, 890
6692.54, 889
6695.85, 888
6700.55, 887
6703.09, 886
6704.98, 885
6712.15, 884
6714.88, 883
6718.23, 882
6722.19, 881
6797.82, 880
6799.42, 879
6823.91, 878
6826.92, 877
6831.92, 876
6833.15, 875
6837.18, 874
6841.22, 873
6844.69, 872
6853.07, 871
6855.16, 870
6857.25, 869
6860.74, 868
6867.22, 867
6881.4, 866
6884.9, 865
6889.91, 864
6894.41, 863
6899.02, 862
6902.4, 861
6905.81, 860
6910.46, 859
6912.99, 858
6917.68, 857
6919.66, 856
6923.96, 855
6927.24, 854
6932.78, 853
6943.66, 852
6953.48, 851
6954.96, 850
6962.57, 849
6962.85, 848
6990.38, 847
6991.9, 846
6997.82, 845
6998.98, 844
7000.32, 843
7001.51, 842
7002.99, 841
7007.16, 840
7012.59, 839
7019.12, 838
7020.38, 837
7024.56, 836
7061.12, 835
7068.59, 834
7072.02, 833
7077.78, 832
7081.88, 831
7083.61, 830
7090.8, 829
7093.61, 828
7097.71, 827
7101.1, 826
7106.48, 825
7112.84, 824
7117.47, 823
7122.16, 822
7127.82, 821
7154.83, 820
7165.3, 819
7167.73, 818
7170.35, 817
7173.77, 816
7176.55, 815
7182.24, 814
7187.23, 813
7189.88, 812
7197.91, 811
7201.6, 810
7232.78, 809
7243.03, 808
7243.07, 807
7246.87, 806
7254.65, 805
7259.88, 804
7262.14, 803
7267.71, 802
7271.63, 801
7277.42, 800
7281.16, 799
7286.9, 798
7291.06, 797
7295.53, 796
7300.41, 795
7304.35, 794
7310.1, 793
7315.77, 792
7321.57, 791
7327.61, 790
7331.25, 789
7337.3, 788
7341.1, 787
7347.14, 786
7350.92, 785
7358.9, 784
7364.63, 783
7422.27, 782
7451.69, 781
7457.6, 780
7468.31, 779
7470.53, 778
7473.06, 777
7476.15, 776
7483.76, 775
7485.65, 774
7492.86, 773
7537.6, 772
7552.93, 771
7554.42, 770
7565.15, 769
7566.45, 768
7574.74, 767
7576.62, 766
7586.02, 765
7589.88, 764
7599.3, 763
7602.77, 762
7611.38, 761
7621.0, 760
7621.04, 759
7632.21, 758
7635.1, 757
7640.49, 756
7646.03, 755
7648.06, 754
7652.61, 753
7657.93, 752
7668.28, 751
7671.95, 750
7676.63, 749
7719.19, 748
7735.98, 747
7738.93, 746
7743.99, 745
7753.61, 744
7757.19, 743
7761.29, 742
7769.95, 741
7775.65, 740
7789.72, 739
7795.05, 738
7797.75, 737
7820.81, 736
7827.36, 735
7839.77, 734
7842.39, 733
7851.71, 732
7859.69, 731
7864.02, 730
7880.75, 729
7883.75, 728
7896.87, 727
7901.34, 726
7904.82, 725
7945.2, 724
7951.28, 723
7955.42, 722
7962.39, 721
7969.25, 720
7971.61, 719
7977.74, 718
7981.65, 717
7988.7, 716
7991.06, 715
7996.81, 714
8001.82, 713
8007.94, 712
8011.92, 711
8020.96, 710
8022.72, 709
8028.79, 708
8033.11, 707
8066.69, 706
8067.13, 705
8067.54, 704
8067.94, 703
8068.34, 702
8068.75, 701
8069.18, 700
8069.59, 699
8073.52, 698
8080.58, 697
8083.92, 696
8087.44, 695
8091.09, 694
8095.98, 693
8099.92, 692
8138.14, 691
8139.77, 690
8146.54, 689
8149.4, 688
8155.51, 687
8158.65, 686
8166.28, 685
8169.83, 684
8207.16, 683
8210.47, 682
8215.88, 681
8221.6, 680
8223.05, 679
8231.34, 678
8234.37, 677
8245.79, 676
8250.53, 675
8254.66, 674
8259.22, 673
8263.28, 672
8267.93, 671
8274.34, 670
8334.15, 669
8349.85, 668
8356.38, 667
8364.22, 666
8364.26, 665
8370.65, 664
8375.17, 663
8378.79, 662
8386.65, 661
8388.14, 660
8393.28, 659
8398.51, 658
8403.13, 657
8407.76, 656
8413.48, 655
8415.93, 654
8422.69, 653
8426.03, 652
8431.61, 651
8437.05, 650
8442.74, 649
8450.38, 648
8456.15, 647
8464.33, 646
8467.38, 645
8471.37, 644
8479.69, 643
8481.15, 642
8484.42, 641
8521.41, 640
8524.91, 639
8556.98, 638
8560.58, 637
8568.44, 636
8590.5, 635
8623.21, 634
8625.01, 633
8629.9, 632
8638.03, 631
8640.69, 630
8647.24, 629
8651.47, 628
8655.6, 627
8662.59, 626
8666.36, 625
8674.06, 624
8679.17, 623
8683.44, 622
8689.34, 621
8693.45, 620
8700.61, 619
8702.34, 618
8709.33, 617
8715.38, 616
8720.98, 615
8724.74, 614
8730.9, 613
8735.04, 612
8739.62, 611
8745.64, 610
8747.89, 609
8753.98, 608
8759.44, 607
8772.28, 606
8774.47, 605
8775.96, 604
8778.81, 603
8785.13, 602
8791.48, 601
8799.94, 600
8802.75, 599
8803.18, 598
8809.48, 597
8813.91, 596
8818.38, 595
8883.09, 594
8887.17, 593
8892.31, 592
8901.41, 591
8904.03, 590
8908.46, 589
8916.49, 588
8918.47, 587
8924.72, 586
8963.96, 585
8967.63, 584
9006.38, 583
9013.66, 582
9018.96, 581
9025.43, 580
9027.81, 579
9033.31, 578
9039.6, 577
9070.62, 576
9083.18, 575
9083.97, 574
9086.23, 573
9097.12, 572
9100.39, 571
9105.93, 570
9113.03, 569
9117.14, 568
9122.13, 567
9129.43, 566
9135.39, 565
9149.47, 564
9167.88, 563
9171.76, 562
9181.18, 561
9187.6, 560
9194.86, 559
9205.27, 558
9224.09, 557
9234.77, 556
9242.4, 555
9258.37, 554
9264.01, 553
9277.22, 552
9280.33, 551
9286.52, 550
9291.03, 549
9296.2, 548
9302.08, 547
9308.12, 546
9335.42, 545
9342.36, 544
9345.82, 543
9352.96, 542
9357.25, 541
9362.44, 540
9368.02, 539
9373.76, 538
9380.45, 537
9385.39, 536
9390.71, 535
9398.79, 534
9403.99, 533
9407.9, 532
9415.44, 531
9418.98, 530
9442.28, 529
9446.47, 528
9452.2, 527
9510.38, 526
9516.19, 525
9523.06, 524
9526.09, 523
9534.31, 522
9539.72, 521
9544.39, 520
9549.4, 519
9555.02, 518
9564.06, 517
9565.56, 516
9571.08, 515
9577.12, 514
9582.46, 513
9587.53, 512
9597.98, 511
9599.5, 510
9604.55, 509
9665.52, 508
9671.04, 507
9678.35, 506
9684.39, 505
9690.23, 504
9695.26, 503
9703.78, 502
9707.82, 501
9762.23, 500
9799.22, 499
9804.5, 498
9812.08, 497
9818.26, 496
9820.51, 495
9829.05, 494
9834.94, 493
9846.96, 492
9848.57, 491
9853.46, 490
9861.51, 489
9864.98, 488
9874.59, 487
9880.58, 486
9883.11, 485
9931.9, 484
9940.35, 483
9949.11, 482
9950.72, 481
9956.52, 480
9961.22, 479
9966.76, 478
9973.01, 477
9981.16, 476
9990.77, 475
9995.07, 474
10003.11, 473
10007.05, 472
10015.59, 471
10018.82, 470
10025.7, 469
10032.27, 468
10040.16, 467
10047.11, 466
10051.91, 465
10056.62, 464
10063.17, 463
10071.54, 462
10078.87, 461
10082.45, 460
10091.37, 459
10096.78, 458
10164.67, 457
10172.96, 456
10176.22, 455
10182.55, 454
10191.53, 453
10198.24, 452
10203.21, 451
10228.45, 450
10236.08, 449
10243.43, 448
10251.36, 447
10260.15, 446
10267.0, 445
10275.96, 444
10283.15, 443
10288.65, 442
10298.71, 441
10307.73, 440
10312.65, 439
10320.26, 438
10331.42, 437
10336.55, 436
10340.45, 435
10347.07, 434
10352.97, 433
10359.19, 432
10366.73, 431
10394.23, 430
10409.39, 429
10424.21, 428
10440.82, 427
10445.46, 426
10456.11, 425
10481.77, 424
10488.29, 423
10494.43, 422
10503.12, 421
10509.35, 420
10517.76, 419
10531.8, 418
10550.18, 417
10558.1, 416
10573.53, 415
10582.37, 414
10590.4, 413
10601.03, 412
10608.35, 411
10622.25, 410
10629.32, 409
10636.21, 408
10641.49, 407
10647.13, 406
10660.8, 405
10668.87, 404
10680.35, 403
10692.48, 402
10700.38, 401
10711.28, 400
10718.44, 399
10727.76, 398
10742.53, 397
10748.33, 396
10756.82, 395
10766.18, 394
10774.65, 393
10789.85, 392
10799.21, 391
10805.0, 390
10812.06, 389
10818.33, 388
10825.85, 387
10839.65, 386
10844.19, 385
10852.13, 384
10859.61, 383
10865.6, 382
10872.26, 381
10877.63, 380
10884.89, 379
10892.39, 378
10898.87, 377
10905.49, 376
10912.16, 375
10919.64, 374
10925.28, 373
10933.5, 372
10943.82, 371
10983.96, 370
10999.01, 369
11010.29, 368
11025.18, 367
11037.56, 366
11048.28, 365
11057.68, 364
11066.77, 363
11071.49, 362
11087.19, 361
11094.52, 360
11103.02, 359
11122.12, 358
11135.67, 357
11145.67, 356
11156.88, 355
11163.36, 354
11174.06, 353
11183.99, 352
11194.24, 351
11206.5, 350
11218.22, 349
11225.01, 348
11232.56, 347
11237.5, 346
11247.33, 345
11252.56, 344
11262.62, 343
11270.55, 342
11280.01, 341
11286.13, 340
11293.64, 339
11301.68, 338
11307.72, 337
11313.62, 336
11322.06, 335
11327.51, 334
11336.08, 333
11386.47, 332
11403.71, 331
11409.17, 330
11419.9, 329
11426.03, 328
11440.19, 327
11446.13, 326
11458.72, 325
11465.21, 324
11490.95, 323
11506.29, 322
11517.82, 321
11526.19, 320
11539.93, 319
11545.2, 318
11552.35, 317
11564.69, 316
11590.04, 315
11610.96, 314
11620.64, 313
11639.37, 312
11653.51, 311
11659.44, 310
11674.67, 309
11683.56, 308
11690.77, 307
11700.51, 306
11708.1, 305
11721.46, 304
11731.75, 303
11741.39, 302
11750.15, 301
11762.43, 300
11769.83, 299
11778.46, 298
11785.03, 297
11792.81, 296
11800.0, 295
11806.04, 294
11813.65, 293
11821.37, 292
11836.3, 291
11874.17, 290
11878.26, 289
11885.69, 288
11901.8, 287
11916.56, 286
11922.33, 285
11937.16, 284
11956.92, 283
11967.07, 282
11974.41, 281
11996.78, 280
12011.76, 279
12025.39, 278
12041.07, 277
12052.01, 276
12066.45, 275
12074.99, 274
12086.37, 273
12097.51, 272
12104.61, 271
12123.55, 270
12137.8, 269
12145.58, 268
12154.29, 267
12168.93, 266
12181.93, 265
12200.62, 264
12227.65, 263
12235.93, 262
12245.8, 261
12265.18, 260
12276.04, 259
12289.0, 258
12300.77, 257
12309.14, 256
12318.42, 255
12335.72, 254
12346.49, 253
12369.28, 252
12377.32, 251
12384.7, 250
12409.02, 249
12417.6, 248
12425.39, 247
12433.1, 246
12442.45, 245
12450.57, 244
12459.34, 243
12481.52, 242
12506.88, 241
12515.82, 240
12528.57, 239
12544.38, 238
12554.14, 237
12565.75, 236
12582.67, 235
12591.61, 234
12602.89, 233
12612.58, 232
12624.09, 231
12642.13, 230
12652.96, 229
12676.03, 228
12689.49, 227
12706.59, 226
12716.9, 225
12726.24, 224
12748.58, 223
12761.08, 222
12783.25, 221
12798.97, 220
12821.95, 219
12833.05, 218
12842.71, 217
12856.19, 216
12873.1, 215
12886.97, 214
12899.01, 213
12907.55, 212
12915.7, 211
12934.11, 210
12951.69, 209
12963.59, 208
12972.94, 207
12989.49, 206
13008.31, 205
13018.76, 204
13029.24, 203
13055.3, 202
13065.33, 201
13092.76, 200
13103.21, 199
13111.41, 198
13120.22, 197
13128.58, 196
13136.09, 195
13145.8, 194
13156.78, 193
13179.33, 192
13216.49, 191
13236.65, 190
13249.44, 189
13263.28, 188
13276.1, 187
13285.32, 186
