11185.43, 14624
11198.71, 14623
11203.62, 14601
11211.65, 14600
11238.45, 14599
11247.74, 14579
11264.75, 14578
11267.95, 14577
11293.15, 14561
11310.76, 14560
11365.48, 14559
11393.83, 14539
11411.12, 14538
11421.17, 14537
11436.91, 14533
11446.72, 14532
11462.89, 14531
11470.49, 14511
11483.21, 14510
11497.37, 14509
11514.78, 14507
11536.66, 14506
11564.74, 14505
11583.92, 14485
11646.37, 14484
11670.53, 14483
11715.51, 14482
11733.21, 14473
11737.02, 14472
11739.23, 14471
11769.19, 14470
11793.67, 14469
11815.01, 14449
11820.59, 14448
11872.2, 14447
11874.5, 14446
11897.06, 14445
11918.31, 14444
11921.53, 14443
11931.43, 14397
11936.95, 14396
11954.44, 14374
11957.6, 14373
11964.77, 14372
11969.45, 14352
11983.46, 14351
11995.75, 14350
11999.52, 14336
12030.72, 14335
12036.61, 14334
12048.95, 14314
12076.39, 14313
12108.08, 14312
12111.49, 14311
12125.83, 14310
12154.96, 14309
12182.72, 14308
12184.49, 14288
12257.15, 14287
12261.8, 14286
12310.19, 14285
12313.15, 14284
12332.26, 14264
12335.91, 14263
12350.28, 14262
12364.22, 14261
12427.74, 14260
12453.99, 14259
12469.73, 14258
12506.64, 14252
12513.17, 14251
12520.27, 14250
12525.93, 14249
12683.53, 14248
12690.07, 14247
12694.64, 14246
12716.27, 14230
12721.97, 14229
12727.81, 14228
12763.46, 14227
12766.62, 14226
12835.56, 14225
12838.12, 14224
12886.01, 14223
12895.14, 14222
12923.16, 14221
12952.59, 14220
12954.54, 14219
12967.49, 14218
12970.02, 14216
12987.43, 14215
12990.71, 14214
12997.8, 14196
13004.82, 14195
13013.67, 14194
13021.85, 14193
13030.27, 14192
13038.67, 14191
13048.77, 14184
13057.56, 14183
13065.87, 14182
13074.04, 14181
13082.27, 14180
13090.34, 14179
13098.77, 14178
13108.58, 14160
13117.15, 14159
13125.58, 14158
13133.83, 14157
13141.99, 14156
13150.29, 14155
13158.69, 14154
13167.1, 14153
13175.41, 14152
13184.0, 14104
13192.61, 14103
13201.39, 14083
13210.03, 14082
13218.29, 14081
13227.07, 14063
13235.71, 14062
13243.95, 14061
13252.14, 14060
13260.28, 14059
13269.31, 14045
13277.95, 14044
13286.38, 14043
13295.02, 14025
13303.33, 14024
13311.62, 14023
13319.83, 14022
13327.99, 14021
13336.14, 14020
13345.63, 14019
13354.06, 14018
13362.33, 14017
13370.89, 13999
13379.45, 13998
13388.03, 13997
13396.05, 13996
13404.3, 13995
13412.67, 13994
13420.85, 13993
13430.48, 13975
13439.18, 13974
13447.65, 13973
13455.98, 13972
13464.4, 13971
13472.89, 13970
13481.61, 13969
13489.82, 13968
13498.11, 13967
13509.49, 13963
13518.74, 13962
13526.51, 13961
13536.06, 13960
13545.43, 13959
13551.79, 13958
13565.32, 13957
13569.5, 13956
13578.28, 13955
13588.96, 13941
13605.69, 13940
13611.08, 13939
13621.21, 13938
13625.5, 13937
13631.07, 13936
13641.16, 13935
13652.91, 13934
13661.05, 13933
13666.26, 13932
13677.25, 13931
13685.28, 13930
13695.08, 13929
13700.45, 13928
13713.92, 13927
13732.84, 13926
13736.65, 13925
13751.81, 13924
13754.43, 13923
13769.98, 13922
13777.3, 13921
13786.09, 13920
13793.61, 13919
13802.71, 13918
13810.92, 13868
13822.19, 13867
13828.73, 13847
13839.4, 13846
13851.5, 13845
13861.87, 13827
13869.19, 13826
13887.7, 13825
13899.36, 13824
13915.33, 13823
13915.89, 13811
13931.75, 13810
13941.15, 13809
13956.19, 13791
13960.52, 13790
13976.73, 13789
13981.79, 13788
13989.51, 13787
14011.33, 13786
14011.61, 13785
14013.77, 13767
14037.32, 13766
14063.7, 13765
14085.22, 13764
14089.51, 13763
14092.53, 13762
14122.39, 13761
14143.05, 13760
14147.11, 13759
14166.53, 13745
14186.83, 13744
14190.87, 13743
14433.56, 13742
14450.12, 13741
14458.13, 13740
14460.3, 13739
14486.11, 13738
14490.2, 13737
14493.93, 13736
14509.46, 13735
14513.68, 13734
14547.69, 13733
14550.62, 13732
14572.27, 13731
14574.45, 13730
14590.71, 13729
14604.48, 13728
14610.58, 13727
14613.5, 13726
14636.86, 13725
14644.72, 13724
14663.29, 13723
14668.44, 13713
14686.3, 13712
14690.37, 13711
14694.56, 13710
14708.6, 13709
14751.37, 13708
14762.53, 13707
14773.08, 13706
14791.44, 13705
14794.57, 13704
14817.42, 13703
14836.94, 13702
14842.59, 13701
14854.47, 13700
14859.11, 13699
14881.99, 13698
14889.04, 13697
14925.47, 13696
14962.79, 13695
14978.76, 13692
14983.26, 13691
14995.19, 13690
15037.63, 13689
15042.17, 13688
15048.38, 13687
15061.69, 13686
15066.95, 13685
15080.8, 13684
15086.42, 13683
15103.07, 13682
15107.09, 13681
15110.03, 13680
15126.3, 13679
15133.7, 13678
15136.66, 13677
15157.36, 13676
15162.22, 13675
15172.74, 13674
15204.05, 13671
15219.66, 13670
15230.27, 13669
15244.8, 13668
15247.77, 13667
15259.13, 13666
15275.64, 13665
15281.39, 13664
15306.41, 13663
15322.91, 13662
15329.51, 13661
15369.05, 13660
15373.0, 13659
15398.79, 13658
15402.79, 13657
15405.74, 13656
15425.27, 13655
15429.43, 13654
15447.46, 13653
15452.08, 13652
15476.86, 13649
15482.02, 13648
15506.38, 13647
15512.46, 13646
15551.81, 13645
15581.75, 13644
15587.69, 13643
15597.26, 13642
15603.05, 13641
15620.53, 13640
15625.89, 13639
15627.71, 13638
15649.07, 13637
15655.27, 13636
15696.37, 13635
15708.41, 13634
15737.89, 13633
15743.08, 13632
15755.57, 13631
15770.52, 13629
15773.45, 13628
15789.83, 13627
15794.75, 13626
15797.41, 13625
15818.53, 13624
15825.81, 13623
15881.16, 13622
15913.51, 13621
15918.36, 13620
15952.97, 13619
15971.02, 13618
15978.43, 13617
15995.31, 13616
15999.45, 13615
16002.45, 13614
16021.08, 13613
16026.11, 13612
16029.8, 13611
16084.85, 13610
16096.43, 13608
16112.52, 13607
16116.81, 13606
16131.54, 13605
16137.58, 13604
16140.53, 13603
16211.9, 13602
16215.27, 13601
16217.82, 13600
16234.61, 13599
16236.92, 13598
16254.09, 13597
16259.05, 13596
16262.03, 13595
16281.74, 13594
16295.42, 13593
16295.51, 13592
16318.87, 13591
16346.49, 13590
16353.92, 13589
16372.11, 13587
16379.11, 13586
16394.79, 13585
16398.15, 13584
16460.86, 13583
16488.75, 13582
16493.0, 13581
16507.48, 13580
16529.62, 13579
16556.5, 13578
16563.98, 13577
16577.81, 13576
16600.52, 13575
16605.68, 13574
16649.26, 13573
16669.49, 13572
16674.64, 13571
16686.93, 13570
16691.76, 13569
16701.62, 13568
16716.0, 13567
16732.82, 13565
16737.33, 13564
16755.5, 13563
16758.35, 13562
16808.96, 13561
16842.69, 13560
16847.71, 13559
16859.1, 13558
16863.29, 13557
16879.62, 13556
16884.32, 13555
16887.23, 13554
16910.27, 13553
16934.81, 13552
16979.18, 13551
16984.14, 13550
16987.01, 13549
17003.49, 13548
17007.18, 13547
17028.66, 13546
17079.01, 13545
17085.29, 13544
17097.46, 13543
17103.36, 13542
17112.52, 13541
17117.22, 13540
17131.97, 13539
17136.36, 13538
17150.4, 13537
17157.11, 13536
17160.72, 13535
17173.39, 13534
17179.59, 13533
17189.28, 13532
17192.22, 13531
17213.14, 13530
17253.39, 13529
17303.32, 13528
17308.73, 13527
17365.92, 13526
17370.03, 13525
17381.97, 13513
17398.63, 13512
17401.46, 13511
17451.46, 13510
17454.39, 13495
17468.7, 13494
17473.02, 13492
17476.06, 13491
17490.07, 13490
17502.38, 13489
17504.27, 13488
17510.36, 13487
17538.91, 13486
17563.96, 13471
17570.34, 13470
17594.79, 13468
17617.79, 13467
17625.03, 13466
17636.67, 13465
17642.34, 13464
17653.09, 13463
17659.52, 13462
17669.3, 13461
17676.52, 13449
17690.23, 13448
17708.9, 13446
17716.69, 13445
17726.01, 13444
17736.74, 13443
17745.01, 13442
17752.16, 13441
17784.99, 13440
17787.55, 13439
17822.79, 13438
17826.41, 13437
17849.28, 13436
17866.45, 13434
17878.31, 13433
17897.71, 13432
17908.85, 13431
17924.93, 13430
17928.21, 13429
17939.88, 13428
17943.6, 13427
17966.39, 13426
17972.29, 13425
17988.62, 13417
18003.91, 13416
18015.37, 13414
18029.11, 13413
18033.44, 13412
18046.14, 13411
18049.14, 13410
18069.46, 13409
18072.49, 13408
18075.75, 13407
18100.33, 13406
18117.92, 13405
18140.06, 13404
18156.15, 13403
18160.13, 13402
18163.15, 13401
18176.97, 13400
18193.37, 13399
18213.01, 13398
18234.52, 13397
18237.3, 13396
18271.96, 13395
18274.69, 13394
18307.35, 13393
18333.1, 13392
18362.69, 13391
18370.02, 13390
18386.09, 13389
18389.1, 13388
18392.94, 13387
18403.85, 13386
18416.2, 13385
18426.2, 13384
18429.23, 13383
18443.23, 13382
18463.72, 13381
18470.67, 13380
18508.33, 13379
18513.61, 13378
18536.29, 13377
18540.78, 13376
18565.0, 13375
18567.49, 13374
18577.67, 13373
18586.11, 13372
18594.59, 13371
18609.05, 13370
18613.19, 13369
18625.34, 13368
18628.53, 13367
18641.81, 13366
18695.22, 13365
18714.35, 13364
18725.06, 13363
18728.13, 13362
18737.12, 13361
18752.48, 13360
18755.49, 13359
18769.16, 13358
18787.37, 13357
18814.0, 13356
18835.88, 13355
18869.79, 13354
18873.24, 13353
18899.33, 13352
18902.3, 13351
18910.08, 13350
18928.71, 13349
18936.73, 13348
18952.54, 13347
18974.78, 13346
18991.94, 13345
18996.27, 13344
19011.62, 13343
19025.81, 13342
19036.55, 13341
19050.56, 13340
19078.08, 13339
19092.02, 13338
19095.21, 13337
19103.15, 13336
19121.29, 13335
19131.62, 13334
19145.38, 13333
19169.78, 13332
19199.71, 13331
19203.68, 13330
19215.56, 13329
19220.26, 13328
19232.07, 13327
19238.86, 13326
19247.12, 13325
19273.05, 13324
19286.82, 13323
19310.6, 13322
19331.12, 13321
19339.4, 13320
19354.57, 13319
19363.74, 13318
19384.16, 13317
19408.39, 13316
19413.7, 13315
19432.98, 13314
19435.48, 13313
19446.08, 13312
19453.58, 13311
19478.01, 13310
19499.33, 13309
19504.42, 13308
19521.6, 13307
19525.81, 13306
19553.27, 13305
19560.11, 13304
19584.92, 13303
19606.52, 13302
19613.09, 13301
19637.87, 13300
19656.76, 13299
19661.54, 13298
19670.61, 13297
19694.54, 13296
19703.41, 13295
19744.91, 13294
19753.69, 13293
19761.93, 13292
19778.62, 13291
19782.49, 13290
19819.78, 13289
19822.72, 13288
19835.32, 13287
19858.51, 13286
19866.37, 13285
19878.37, 13284
19885.3, 13283
19902.39, 13282
19905.4, 13281
19918.3, 13280
19921.12, 13279
19948.72, 13278
19952.94, 13277
19985.57, 13276
19992.44, 13275
20024.89, 13274
20031.21, 13273
20057.53, 13272
20064.23, 13271
20070.46, 13270
20081.34, 13269
20093.11, 13268
20109.54, 13267
20134.71, 13266
20153.66, 13265
20165.75, 13264
20168.83, 13263
20179.51, 13262
20192.3, 13261
20199.37, 13260
20203.9, 13259
20221.16, 13258
20224.65, 13257
20258.62, 13256
20276.18, 13255
20292.47, 13254
20309.99, 13253
20321.96, 13252
20339.94, 13251
20343.61, 13250
20361.38, 13249
20385.75, 13248
20408.19, 13247
20412.71, 13246
20420.44, 13245
20435.9, 13244
20449.76, 13243
20459.96, 13242
20468.68, 13241
20491.49, 13240
20499.72, 13239
20517.29, 13238
20521.03, 13237
20548.11, 13236
20551.22, 13235
20560.56, 13234
20604.86, 13233
20608.14, 13232
20634.57, 13231
20643.67, 13230
20652.21, 13229
20665.5, 13228
20686.08, 13227
20698.96, 13226
20716.52, 13225
20726.79, 13224
20743.95, 13223
20767.21, 13222
20769.79, 13221
20784.62, 13220
20787.6, 13219
20794.49, 13218
20808.76, 13217
20825.49, 13216
20834.64, 13215
20852.69, 13214
20866.49, 13213
20897.86, 13212
20900.81, 13211
20910.21, 13210
20919.95, 13209
20959.72, 13208
20969.37, 13207
20977.86, 13206
20992.36, 13205
21015.59, 13204
21018.35, 13203
21039.64, 13202
21045.4, 13201
21054.3, 13200
21068.87, 13199
21083.54, 13198
21112.14, 13197
21118.21, 13196
21142.6, 13195
21161.33, 13194
21180.52, 13193
21183.58, 13192
21196.18, 13191
21203.97, 13190
21207.07, 13189
21219.61, 13188
21242.57, 13187
21258.74, 13186
21269.59, 13185
21288.73, 13184
21302.52, 13183
21328.1, 13182
21348.7, 13181
21358.95, 13180
21382.03, 13179
21386.33, 13178
21393.15, 13177
21401.02, 13176
21418.04, 13175
21441.79, 13174
21460.82, 13173
21465.92, 13172
21485.22, 13171
21500.06, 13170
21532.69, 13169
21551.5, 13168
21554.55, 13167
21570.62, 13166
21586.08, 13165
21587.58, 13164
21596.48, 13163
21616.16, 13162
21630.99, 13161
21635.75, 13160
21660.51, 13159
21690.69, 13158
21702.86, 13157
21724.13, 13156
21734.65, 13155
21753.65, 13154
21760.0, 13153
21778.62, 13152
21789.35, 13151
21803.94, 13150
21808.13, 13149
21819.18, 13148
21824.31, 13147
21838.93, 13146
21854.74, 13145
21863.49, 13144
21879.41, 13143
21882.49, 13142
21901.74, 13141
21927.4, 13140
21962.75, 13139
21974.59, 13138
21990.19, 13137
22002.87, 13136
22009.96, 13135
22052.21, 13134
22055.2, 13133
22065.24, 13132
22076.03, 13131
22086.87, 13130
22092.72, 13129
22101.5, 13128
22135.84, 13127
22143.13, 13126
22157.6, 13125
22176.1, 13124
22201.57, 13123
22221.9, 13122
22249.67, 13121
22251.79, 13120
22268.9, 13119
22271.88, 13118
22277.55, 13117
22284.46, 13116
22296.92, 13115
22303.77, 13114
22321.35, 13113
22338.09, 13112
22368.45, 13111
22372.91, 13110
22387.07, 13109
22406.08, 13108
22432.3, 13107
22446.47, 13106
22449.57, 13105
22465.5, 13104
22473.22, 13103
22482.37, 13102
22502.23, 13101
22510.33, 13100
22529.6, 13099
22552.66, 13098
22556.7, 13097
22569.4, 13096
22597.7, 13095
22620.68, 13094
22623.65, 13093
22628.63, 13092
22670.5, 13091
22680.07, 13090
22702.26, 13089
22719.74, 13088
22737.82, 13087
22757.76, 13086
22760.94, 13085
22775.83, 13084
22784.77, 13083
22798.43, 13082
22810.44, 13081
22813.9, 13080
22826.06, 13079
22833.54, 13078
22837.7, 13077
22853.53, 13076
22858.18, 13075
22879.81, 13074
22882.97, 13073
22959.88, 13072
22980.9, 13071
22986.71, 13070
22989.23, 13069
23008.24, 13068
23012.99, 13067
23182.55, 13066
23184.98, 13065
23228.16, 13064
23250.37, 13063
23255.24, 13062
23278.14, 13061
23281.07, 13060
23298.07, 13059
23301.2, 13058
23389.22, 13057
23405.35, 13056
23419.95, 13055
23429.02, 13054
23438.78, 13053
23441.13, 13052
23460.77, 13051
23463.68, 13050
23482.57, 13049
23487.57, 13048
23520.91, 13047
23554.52, 13046
23559.59, 13045
23576.24, 13044
23579.13, 13043
23604.83, 13042
23607.76, 13041
23631.37, 13040
23690.33, 13039
23699.74, 13038
23734.81, 13037
23737.67, 13036
23800.06, 13035
23806.07, 13034
23809.0, 13033
23821.06, 13032
23843.86, 13031
23847.04, 13030
23864.05, 13029
23868.71, 13028
23890.14, 13027
23893.99, 13026
23959.16, 13025
23962.29, 13024
23984.88, 13023
24048.04, 13022
24052.53, 13021
24069.59, 13020
24073.65, 13019
24076.59, 13018
24090.29, 13017
24099.21, 13016
24108.68, 13015
24119.73, 13014
24125.06, 13013
24132.25, 13012
24157.15, 13011
24161.98, 13010
24205.97, 13009
24208.67, 13008
24251.72, 13007
24254.6, 13006
24285.35, 13005
24300.55, 13004
24325.65, 13003
24332.75, 13002
24335.74, 13001
24349.32, 13000
24356.52, 12999
24374.43, 12998
24377.5, 12997
24460.3, 12996
24476.86, 12995
24490.92, 12994
24495.39, 12993
24510.85, 12992
24515.52, 12991
24518.0, 12990
24541.47, 12989
24545.94, 12988
24603.05, 12987
24605.95, 12986
24610.71, 12985
24654.29, 12984
24657.43, 12983
24684.67, 12982
24712.13, 12981
24715.9, 12980
24795.86, 12979
24801.0, 12978
24815.13, 12977
24819.22, 12976
24837.2, 12975
24857.51, 12974
24860.37, 12973
24873.23, 12972
24876.2, 12971
24896.0, 12970
24900.36, 12969
24953.95, 12968
24956.91, 12967
24977.78, 12966
24982.08, 12965
24985.06, 12964
25007.71, 12963
25010.65, 12962
25052.05, 12961
25055.02, 12960
25116.95, 12959
25177.98, 12958
25204.1, 12957
25211.04, 12956
25212.37, 12955
25236.44, 12954
25242.56, 12953
25244.23, 12952
25262.2, 12951
25269.36, 12950
25304.74, 12949
25320.28, 12948
25377.92, 12947
25384.78, 12946
25387.72, 12945
25410.96, 12944
25415.61, 12943
25452.36, 12942
25455.26, 12941
25465.09, 12940
25474.06, 12939
25494.26, 12938
25498.91, 12937
25501.62, 12936
25523.67, 12935
25546.49, 12934
25557.5, 12933
25657.14, 12932
25660.07, 12931
25697.09, 12930
25722.94, 12929
25728.39, 12928
25746.97, 12927
25749.85, 12926
25787.65, 12925
25812.02, 12924
25816.54, 12923
25831.41, 12922
25835.76, 12921
25838.74, 12920
25860.65, 12919
25863.52, 12918
25866.45, 12917
25878.9, 12916
25970.74, 12915
25975.4, 12914
26017.18, 12913
26022.38, 12912
26025.35, 12911
26047.24, 12910
26051.44, 12909
26054.35, 12908
26073.25, 12907
26077.72, 12906
26082.68, 12905
26101.93, 12904
26106.44, 12903
26195.57, 12902
26251.65, 12901
26282.94, 12900
26286.71, 12899
26302.69, 12898
26307.84, 12897
26310.5, 12896
26331.29, 12895
26335.69, 12894
26353.19, 12893
26366.95, 12892
26371.73, 12891
26393.86, 12890
26396.86, 12889
26461.46, 12888
26465.68, 12887
26512.58, 12886
26521.77, 12885
26527.49, 12884
26527.81, 12883
26536.83, 12882
26566.77, 12881
26589.83, 12880
26607.0, 12879
26613.47, 12878
26629.39, 12877
26632.18, 12876
26701.26, 12875
26704.2, 12874
26720.42, 12873
26725.26, 12872
26735.08, 12871
26752.87, 12870
26757.21, 12869
26806.36, 12868
26820.03, 12867
26830.86, 12866
26844.63, 12865
26858.77, 12864
26872.95, 12863
26894.08, 12862
26900.95, 12861
26919.73, 12860
26924.43, 12859
26926.91, 12858
26938.41, 12857
26954.17, 12856
26959.33, 12855
26970.77, 12854
26975.1, 12853
26999.74, 12852
27018.52, 12851
27119.61, 12850
27123.93, 12849
27145.59, 12848
27151.7, 12847
27158.36, 12846
27187.45, 12845
27193.27, 12844
27256.56, 12843
27285.62, 12842
27290.43, 12841
27297.11, 12840
27310.88, 12839
27315.37, 12838
27344.28, 12837
27347.43, 12836
27403.21, 12835
27409.38, 12834
27417.89, 12833
27425.67, 12832
27514.06, 12831
27517.01, 12830
27529.61, 12829
27554.05, 12828
27557.02, 12827
27573.72, 12826
27580.79, 12825
27587.51, 12824
27600.18, 12823
27606.38, 12822
27630.86, 12821
27636.13, 12820
27651.94, 12819
27654.93, 12818
27661.6, 12817
27667.14, 12816
27682.29, 12815
27686.63, 12814
27697.79, 12813
27714.12, 12812
27718.99, 12811
27756.87, 12810
27777.41, 12809
27783.84, 12808
27806.08, 12807
27812.54, 12806
27820.53, 12805
27837.36, 12804
27871.22, 12803
27880.95, 12802
27895.04, 12801
27912.63, 12800
27928.12, 12799
27945.23, 12798
27985.58, 12797
27988.51, 12796
27995.65, 12795
28003.69, 12794
28012.57, 12793
28021.34, 12792
28030.6, 12791
28050.55, 12790
28054.11, 12789
28093.1, 12788
28109.35, 12787
28118.57, 12786
28126.53, 12785
28135.77, 12784
28148.24, 12783
28158.58, 12782
28168.84, 12781
28180.17, 12780
28210.31, 12779
28256.82, 12778
28269.69, 12777
28282.02, 12776
28301.95, 12775
28325.19, 12774
28359.84, 12773
28370.71, 12772
28382.36, 12771
28388.93, 12770
28395.26, 12769
28403.95, 12768
28438.43, 12767
28442.7, 12766
28464.05, 12765
28478.66, 12764
28496.06, 12763
28510.68, 12762
28517.59, 12761
28526.39, 12760
28551.16, 12759
28561.87, 12758
28582.69, 12757
28597.4, 12756
28610.03, 12755
28635.83, 12754
28663.16, 12753
28670.38, 12752
28677.27, 12751
28695.82, 12750
28698.8, 12749
28712.19, 12748
28726.58, 12747
28752.74, 12746
28755.64, 12745
28767.25, 12744
28783.79, 12743
28793.32, 12742
28821.42, 12741
28824.67, 12740
28835.7, 12739
28843.36, 12738
28858.36, 12737
28861.44, 12736
28908.74, 12735
28951.11, 12734
28978.53, 12733
28987.12, 12732
29003.61, 12731
29009.73, 12730
29034.96, 12729
29044.83, 12728
29055.52, 12727
29063.91, 12726
29070.05, 12725
29084.59, 12724
29087.62, 12723
29103.01, 12722
29105.95, 12721
29122.32, 12720
29125.32, 12719
29141.8, 12718
29186.92, 12717
29205.97, 12716
29222.72, 12715
29235.8, 12714
29253.91, 12713
29269.29, 12712
29272.37, 12711
29295.09, 12710
29302.21, 12709
29309.5, 12708
29320.33, 12707
29352.43, 12706
29358.43, 12705
29370.26, 12704
29379.82, 12703
29392.03, 12702
29400.22, 12701
29409.03, 12700
29442.31, 12699
29475.85, 12698
29494.71, 12697
29507.49, 12696
29511.81, 12695
29520.81, 12694
29535.92, 12693
29552.28, 12692
29569.59, 12691
29576.43, 12690
29585.21, 12689
29591.06, 12688
29613.2, 12687
29627.76, 12686
29636.42, 12685
29670.45, 12684
29703.25, 12683
29719.91, 12682
29743.91, 12681
29764.1, 12680
29766.99, 12679
29782.26, 12678
29785.27, 12677
29811.45, 12676
29834.5, 12675
29839.19, 12674
29853.54, 12673
29857.0, 12672
29882.56, 12671
29907.01, 12670
29926.07, 12669
29951.08, 12668
29965.82, 12667
29973.88, 12666
29978.45, 12665
30011.89, 12664
30032.64, 12663
30045.32, 12662
30052.98, 12661
30059.45, 12660
30078.68, 12659
30092.24, 12658
30105.23, 12657
30108.2, 12656
30116.83, 12655
30142.71, 12654
30163.08, 12653
30194.68, 12652
30203.77, 12651
30210.13, 12650
30228.7, 12649
30255.86, 12648
30276.59, 12647
30295.4, 12646
30317.98, 12645
30330.26, 12644
30347.89, 12643
30354.53, 12642
30363.5, 12641
30385.25, 12640
30410.12, 12639
30422.39, 12638
30439.61, 12637
30458.19, 12636
30465.01, 12635
30478.98, 12634
30502.07, 12633
30522.55, 12632
30527.84, 12631
30530.61, 12630
30542.89, 12629
30555.62, 12628
30566.89, 12627
30582.44, 12626
30590.86, 12625
30615.1, 12624
30627.51, 12623
30634.46, 12622
30645.57, 12621
30651.16, 12620
30677.39, 12619
30710.41, 12618
30720.48, 12617
30737.31, 12616
30763.91, 12615
30778.64, 12614
30805.37, 12613
30813.16, 12612
30829.43, 12611
30847.91, 12610
30876.72, 12609
30884.49, 12608
30899.3, 12607
30903.54, 12606
30922.82, 12605
30930.82, 12604
30931.95, 12603
30946.37, 12602
30949.32, 12601
30963.23, 12600
30980.3, 12599
30996.83, 12598
30999.82, 12597
31031.26, 12596
31035.35, 12595
31076.45, 12594
31087.66, 12593
31102.33, 12592
31110.21, 12591
31135.99, 12590
31166.95, 12589
31175.23, 12588
31182.96, 12587
31195.75, 12586
31215.06, 12585
31237.95, 12584
31252.84, 12583
31255.88, 12582
31264.79, 12581
31275.99, 12580
31315.65, 12579
31342.69, 12578
31353.23, 12577
31367.01, 12576
31370.02, 12575
31380.21, 12574
31400.27, 12573
31429.49, 12572
31450.27, 12571
31455.74, 12570
31467.02, 12569
31469.98, 12568
31501.33, 12567
31530.44, 12566
31537.74, 12565
31560.66, 12564
31577.13, 12563
31587.84, 12562
31593.57, 12561
31611.63, 12560
31626.6, 12559
31663.52, 12558
31677.0, 12557
31691.09, 12556
31694.18, 12555
31712.34, 12554
31748.33, 12553
31775.2, 12552
31783.65, 12551
31800.41, 12550
31803.58, 12549
31819.81, 12548
31823.17, 12547
31828.45, 12546
31841.44, 12545
31844.5, 12544
31876.49, 12543
31912.23, 12542
31918.14, 12541
31931.8, 12540
31934.71, 12539
31947.46, 12538
31963.07, 12537
31968.03, 12536
31993.83, 12535
32007.31, 12534
32058.61, 12533
32061.65, 12532
32084.83, 12531
32087.89, 12530
32090.84, 12529
32125.73, 12528
32129.0, 12527
32153.75, 12526
32161.89, 12525
32176.17, 12524
32189.71, 12523
32192.65, 12522
32207.51, 12521
32210.5, 12520
32219.71, 12519
32228.72, 12518
32242.01, 12517
32278.44, 12516
32281.31, 12515
32313.81, 12514
32342.85, 12513
32366.79, 12512
32399.23, 12511
32403.63, 12510
32414.78, 12509
32425.04, 12508
32429.14, 12507
32442.14, 12506
32454.12, 12505
32457.29, 12504
32468.74, 12503
32503.07, 12502
32524.7, 12501
32534.77, 12500
32543.87, 12499
32557.94, 12498
32561.65, 12497
32572.05, 12496
32583.35, 12495
32589.93, 12494
32624.53, 12493
32639.63, 12492
32653.05, 12491
32657.85, 12490
32670.03, 12489
32709.27, 12488
32710.94, 12487
32728.11, 12486
32732.66, 12485
32750.67, 12484
32756.13, 12483
32818.18, 12482
32834.57, 12481
32868.52, 12480
32870.21, 12479
32891.44, 12478
32895.27, 12477
32948.03, 12476
32953.86, 12475
32967.76, 12474
32972.06, 12473
32992.73, 12472
33146.99, 12471
33150.07, 12470
33193.13, 12469
33204.69, 12468
33207.67, 12467
33239.47, 12466
33242.19, 12465
33304.62, 12464
33307.58, 12463
33328.58, 12462
33336.22, 12461
33339.11, 12460
33349.01, 12459
33386.9, 12458
33397.31, 12457
33433.73, 12456
33438.31, 12455
33460.67, 12454
33464.75, 12453
33485.39, 12452
33490.97, 12451
33539.72, 12450
33549.43, 12449
33571.37, 12448
33599.16, 12447
33640.89, 12446
33661.51, 12445
33672.37, 12444
33675.69, 12443
33687.99, 12442
33692.25, 12441
33704.96, 12440
33718.45, 12439
33721.38, 12438
33749.6, 12437
33752.76, 12436
33835.38, 12435
33885.13, 12434
33889.47, 12433
33905.07, 12432
33928.99, 12431
33932.89, 12430
33973.83, 12429
33982.87, 12428
33985.04, 12427
34007.71, 12426
34013.27, 12425
34069.88, 12424
34091.63, 12423
34098.72, 12422
34101.64, 12421
34129.48, 12420
34129.52, 12419
34156.89, 12418
34168.53, 12417
34250.24, 12416
34290.35, 12415
34328.39, 12414
34344.14, 12413
34390.33, 12412
34394.61, 12411
34397.64, 12410
34410.92, 12409
34417.75, 12408
34427.53, 12407
34433.64, 12406
34451.82, 12405
34454.76, 12404
34472.38, 12403
34475.87, 12402
34478.15, 12401
34513.23, 12400
34515.91, 12399
34538.36, 12398
34541.15, 12397
34544.07, 12396
34565.4, 12395
34567.43, 12394
34570.93, 12393
34599.22, 12392
34603.06, 12391
34639.67, 12390
34644.81, 12389
34655.86, 12388
34660.47, 12387
34674.23, 12386
34677.19, 12385
34711.14, 12384
34716.48, 12383
34751.94, 12382
34780.47, 12381
34785.27, 12380
34813.63, 12379
34817.73, 12378
34820.66, 12377
34840.89, 12376
34844.93, 12375
34879.03, 12374
34883.16, 12373
34902.46, 12372
34905.39, 12371
34928.84, 12370
34956.21, 12369
34964.73, 12368
34966.46, 12367
34978.18, 12366
35026.01, 12365
35030.46, 12364
35046.29, 12363
35051.02, 12362
35053.84, 12361
35065.36, 12360
35073.44, 12359
35087.53, 12358
35097.82, 12357
35119.21, 12356
35122.1, 12355
35138.85, 12354
35164.74, 12353
35217.42, 12352
35220.32, 12351
35224.84, 12350
35244.99, 12349
35249.95, 12348
35252.91, 12347
35267.34, 12346
35271.72, 12345
35285.16, 12344
35297.94, 12343
35333.39, 12342
35352.42, 12341
35358.56, 12340
35368.55, 12339
35371.53, 12338
35394.8, 12337
35397.67, 12336
35420.67, 12335
35466.02, 12334
35470.95, 12333
35476.34, 12332
35495.94, 12331
35518.29, 12330
35521.19, 12329
35526.42, 12328
35545.08, 12327
35548.04, 12326
35593.93, 12325
35639.87, 12324
35647.98, 12323
35650.88, 12322
35671.18, 12321
35694.22, 12320
35707.8, 12319
35726.46, 12318
35755.81, 12317
35759.86, 12316
35769.85, 12315
35787.09, 12314
35793.15, 12313
35800.6, 12312
35822.74, 12311
35826.8, 12310
35876.63, 12309
35904.3, 12308
35909.28, 12307
35912.25, 12306
35929.0, 12305
35932.96, 12304
35946.58, 12303
35952.14, 12302
35967.21, 12301
35971.72, 12300
35974.64, 12299
35994.55, 12298
36024.33, 12297
36026.39, 12296
36054.14, 12295
36060.66, 12294
36120.26, 12293
36142.24, 12292
36147.02, 12291
36165.2, 12290
36185.11, 12289
36189.17, 12288
36203.86, 12287
36208.15, 12286
36225.35, 12285
36228.33, 12284
36240.66, 12283
36248.66, 12282
36251.63, 12281
36269.52, 12280
36274.77, 12279
36282.29, 12278
36301.01, 12277
36306.42, 12276
36348.86, 12275
36372.44, 12274
36401.67, 12273
36405.89, 12272
36440.4, 12271
36458.13, 12270
36465.37, 12269
36478.26, 12268
36496.41, 12267
36506.8, 12266
36511.53, 12265
36531.05, 12264
36534.21, 12263
36590.42, 12262
36594.74, 12261
36601.97, 12260
36667.37, 12259
36672.79, 12258
36695.09, 12257
36697.88, 12256
36709.68, 12255
36725.99, 12254
36787.34, 12253
36794.03, 12252
36796.23, 12251
36817.48, 12250
36821.4, 12249
36845.51, 12248
36886.88, 12247
36890.68, 12246
36904.3, 12245
36909.29, 12244
36929.43, 12243
36936.7, 12242
36968.06, 12241
36972.95, 12240
36977.61, 12239
36996.85, 12238
37021.37, 12237
37032.58, 12236
37052.06, 12235
37056.47, 12234
37076.98, 12233
37085.01, 12232
37110.44, 12231
37114.88, 12230
37138.13, 12229
37142.48, 12228
37162.75, 12227
37165.89, 12226
37168.87, 12225
37205.87, 12224
37212.28, 12223
37279.72, 12222
37282.61, 12221
37307.1, 12220
37311.53, 12219
37314.49, 12218
37325.27, 12217
37340.43, 12216
37345.22, 12215
37360.57, 12214
37364.93, 12213
37380.73, 12212
37383.91, 12211
37483.14, 12210
37487.62, 12209
37490.59, 12208
37516.44, 12207
37519.3, 12206
37550.03, 12205
37554.25, 12204
37589.61, 12203
37605.88, 12202
37665.54, 12201
37683.2, 12200
37687.74, 12199
37700.45, 12198
37726.73, 12197
37729.97, 12196
37732.14, 12195
37753.54, 12194
37756.5, 12193
37800.4, 12192
37825.94, 12191
37828.91, 12190
37853.93, 12189
37873.04, 12188
37884.21, 12187
37887.09, 12186
37905.16, 12185
37910.15, 12184
37923.68, 12183
37933.98, 12182
37974.08, 12181
37984.59, 12180
37990.15, 12179
38027.26, 12178
38053.43, 12177
38073.51, 12176
38084.67, 12175
38101.32, 12174
38111.13, 12173
38130.27, 12172
38132.9, 12171
38157.84, 12170
38162.66, 12169
38193.72, 12168
38211.15, 12167
38245.66, 12166
38254.12, 12165
38268.48, 12164
38276.82, 12163
38292.11, 12162
38319.34, 12161
38326.7, 12160
38353.31, 12159
38389.01, 12158
38399.26, 12157
38409.91, 12156
38426.84, 12155
38437.27, 12154
38446.15, 12153
38458.74, 12152
38470.38, 12151
38496.45, 12150
38515.85, 12149
38523.24, 12148
38546.72, 12147
38549.72, 12146
38568.03, 12145
38571.0, 12144
38592.92, 12143
38629.3, 12142
38640.02, 12141
38663.28, 12140
38675.91, 12139
38685.45, 12138
38708.31, 12137
38713.58, 12136
38724.52, 12135
38732.91, 12134
38743.36, 12133
38753.19, 12132
38761.98, 12131
38774.41, 12130
38777.45, 12129
38826.72, 12128
38860.02, 12127
38892.85, 12126
38899.47, 12125
38914.33, 12124
38917.24, 12123
38934.74, 12122
38937.58, 12121
38944.69, 12120
38955.78, 12119
38968.51, 12118
38974.48, 12117
39003.14, 12116
39025.28, 12115
39043.34, 12114
39050.71, 12113
39066.79, 12112
39069.73, 12111
39076.24, 12110
39083.84, 12109
39093.07, 12108
39103.76, 12107
39113.51, 12106
39135.09, 12105
39138.03, 12104
39211.95, 12103
39227.89, 12102
39238.22, 12101
39247.25, 12100
39259.52, 12099
39269.54, 12098
39285.94, 12097
39316.02, 12096
39328.19, 12095
39333.49, 12094
39339.19, 12093
39351.54, 12092
39391.14, 12091
39393.76, 12090
39410.98, 12089
39423.09, 12088
39437.29, 12087
39461.14, 12086
39478.6, 12085
39491.3, 12084
39523.22, 12083
39541.3, 12082
39546.1, 12081
39552.79, 12080
39560.93, 12079
39575.03, 12078
39578.2, 12077
39597.66, 12076
39614.6, 12075
39616.07, 12074
39627.03, 12073
39671.47, 12072
39686.81, 12071
39701.8, 12070
39717.18, 12069
39720.19, 12068
39728.28, 12067
39749.51, 12066
39778.52, 12065
39792.93, 12064
39810.58, 12063
39834.45, 12062
39849.58, 12061
39861.38, 12060
39871.36, 12059
39886.51, 12058
39903.25, 12057
39936.45, 12056
39942.56, 12055
39963.8, 12054
39995.18, 12053
40016.89, 12052
40019.72, 12051
40044.99, 12050
40055.32, 12049
40080.34, 12048
40119.97, 12047
40122.98, 12046
40131.44, 12045
40158.4, 12044
40181.65, 12043
40192.66, 12042
40203.65, 12041
40228.9, 12040
40246.29, 12039
40264.78, 12038
40283.71, 12037
40285.14, 12036
40311.53, 12035
40342.54, 12034
40351.26, 12033
40359.0, 12032
40366.33, 12031
40387.04, 12030
40400.36, 12029
40409.76, 12028
40425.72, 12027
40437.31, 12026
40452.6, 12025
40461.3, 12024
40471.05, 12023
40478.45, 12022
40511.63, 12021
40520.39, 12020
40549.7, 12019
40574.35, 12018
40580.11, 12017
40601.76, 12016
40604.77, 12015
40633.77, 12014
40641.53, 12013
40659.36, 12012
40677.56, 12011
40703.61, 12010
40715.37, 12009
40726.65, 12008
40759.84, 12007
40776.39, 12006
40807.96, 12005
40815.96, 12004
40835.37, 12003
40853.49, 12002
40859.99, 12001
40871.84, 12000
40901.49, 11999
40914.53, 11998
40917.57, 11997
40929.53, 11996
40936.6, 11995
40943.95, 11994
40958.3, 11993
40961.3, 11992
40970.41, 11991
40983.14, 11990
40992.47, 11989
41000.55, 11988
41009.88, 11987
41020.26, 11986
41060.64, 11985
41094.27, 11984
41103.08, 11983
41124.32, 11982
41132.49, 11981
41142.32, 11980
41167.72, 11979
41168.65, 11978
41183.22, 11977
41219.16, 11976
41222.07, 11975
41243.49, 11974
41267.71, 11973
41286.26, 11972
41307.59, 11971
41342.83, 11970
41353.92, 11969
41376.8, 11968
41380.7, 11967
41394.3, 11966
41410.27, 11965
41418.64, 11964
41421.83, 11963
41432.83, 11962
41442.07, 11961
41448.28, 11960
41469.64, 11959
41476.58, 11958
41491.61, 11957
41508.45, 11956
41537.76, 11955
41559.78, 11954
41594.91, 11953
41611.85, 11952
41622.08, 11951
41636.99, 11950
41646.7, 11949
41678.42, 11948
41692.08, 11947
41696.83, 11946
41703.63, 11945
41736.33, 11944
41753.62, 11943
41763.21, 11942
41775.37, 11941
41782.53, 11940
41826.07, 11939
41841.27, 11938
41856.89, 11937
41863.47, 11936
41872.39, 11935
41880.46, 11934
41908.48, 11933
41915.66, 11932
41925.95, 11931
41934.23, 11930
41943.4, 11929
41971.49, 11928
42011.31, 11927
42013.34, 11926
42046.5, 11925
42062.42, 11924
42084.25, 11923
42100.96, 11922
42109.03, 11921
42118.92, 11920
42128.86, 11919
42145.83, 11918
42159.63, 11917
42162.56, 11916
42197.11, 11915
42216.29, 11914
42230.66, 11913
42242.81, 11912
42252.64, 11911
42287.25, 11910
42318.23, 11909
42363.38, 11908
42374.64, 11907
42384.83, 11906
42398.9, 11905
42411.56, 11904
42412.45, 11903
42421.15, 11902
42431.37, 11901
42442.68, 11900
42449.38, 11899
42469.34, 11898
42478.87, 11897
42490.25, 11896
42515.98, 11895
42538.91, 11894
42553.72, 11893
42568.21, 11892
42585.64, 11891
42595.33, 11890
42622.81, 11889
42634.11, 11888
42643.84, 11887
42663.25, 11886
42706.31, 11885
42718.77, 11884
42746.47, 11883
42747.07, 11882
42778.67, 11881
42787.8, 11880
42811.45, 11879
42849.75, 11878
42862.38, 11877
43018.1, 11876
43021.02, 11875
43062.14, 11874
43064.13, 11873
43093.03, 11872
43106.12, 11871
43109.24, 11870
43156.29, 11869
43160.74, 11868
43226.15, 11867
43229.14, 11866
43248.55, 11865
43252.91, 11864
43273.98, 11863
43295.54, 11862
43301.1, 11861
43314.31, 11860
43330.68, 11859
43334.5, 11858
43349.71, 11857
43354.0, 11856
43356.94, 11855
43373.15, 11854
43380.22, 11853
43394.15, 11852
43398.88, 11851
43441.27, 11850
43461.83, 11849
43502.88, 11848
43505.82, 11847
43523.78, 11846
43538.97, 11845
43541.95, 11844
43557.64, 11843
43560.65, 11842
43659.44, 11841
43677.85, 11840
43692.82, 11839
43699.52, 11838
43754.49, 11837
43759.0, 11836
43762.01, 11835
43776.2, 11834
43834.86, 11833
43837.8, 11832
43868.35, 11831
43882.0, 11830
43886.48, 11829
43903.88, 11828
43908.82, 11827
43941.24, 11826
43944.08, 11825
43979.54, 11824
43983.68, 11823
44001.85, 11822
44006.58, 11821
44013.67, 11820
44019.59, 11819
44042.68, 11818
44046.57, 11817
44060.1, 11816
44155.53, 11815
44159.88, 11814
44182.97, 11813
44188.04, 11812
44230.74, 11811
44275.56, 11810
44296.98, 11809
44319.18, 11808
44322.56, 11807
44376.49, 11806
44379.43, 11805
44452.85, 11804
44457.99, 11803
44469.29, 11802
44490.49, 11801
44495.17, 11800
44530.0, 11799
44567.29, 11798
44571.9, 11797
44581.18, 11796
44587.45, 11795
44603.6, 11794
44608.28, 11793
44626.97, 11792
44631.8, 11791
44644.82, 11790
44650.19, 11789
44661.91, 11788
44675.95, 11787
44689.84, 11786
44692.86, 11785
44709.15, 11784
44716.48, 11783
44737.27, 11782
44742.16, 11781
44771.26, 11780
44775.54, 11779
44846.94, 11778
44863.46, 11777
44876.78, 11776
44884.41, 11775
44893.27, 11774
44907.91, 11773
44912.25, 11772
44934.55, 11771
44938.78, 11770
44944.66, 11769
44967.86, 11768
44970.28, 11767
45094.97, 11766
45107.91, 11765
45110.86, 11764
45121.0, 11763
45142.48, 11762
45146.58, 11761
45158.98, 11760
45171.07, 11759
45191.85, 11758
45198.15, 11757
45200.82, 11756
45239.36, 11755
45242.49, 11754
45269.96, 11753
45287.42, 11752
45320.56, 11751
45393.87, 11750
45422.28, 11749
45439.15, 11748
45446.35, 11747
45449.28, 11746
45456.75, 11745
45478.38, 11744
45483.03, 11743
45495.38, 11742
45501.49, 11741
45519.56, 11740
45537.5, 11739
45541.52, 11738
45544.48, 11737
45564.97, 11736
45569.01, 11735
45586.01, 11734
45610.07, 11733
45695.03, 11732
45711.44, 11731
45715.56, 11730
45735.73, 11729
45739.69, 11728
45756.58, 11727
45760.96, 11726
45782.64, 11725
45785.57, 11724
45804.89, 11723
45807.84, 11722
45831.3, 11721
45836.26, 11720
45904.23, 11719
45908.51, 11718
45941.32, 11717
45944.52, 11716
45992.47, 11715
46004.43, 11714
46011.9, 11713
46027.96, 11712
46036.23, 11711
46045.69, 11710
46112.13, 11709
46152.94, 11708
46159.36, 11707
46225.84, 11706
46228.81, 11705
46265.75, 11704
46303.04, 11703
46307.04, 11702
46341.41, 11701
46344.36, 11700
46356.44, 11699
46364.17, 11698
46383.96, 11697
46388.27, 11696
46402.71, 11695
46407.55, 11694
46428.41, 11693
46449.26, 11692
46452.12, 11691
46465.26, 11690
46468.16, 11689
46481.34, 11688
46560.04, 11687
46598.93, 11686
46610.91, 11685
46658.19, 11684
46670.72, 11683
46675.26, 11682
46697.76, 11681
46702.17, 11680
46705.18, 11679
46729.16, 11678
46729.93, 11677
46787.59, 11676
46803.91, 11675
46808.3, 11674
46833.04, 11673
46836.05, 11672
46848.15, 11671
46852.6, 11670
46864.02, 11669
46884.85, 11668
46896.1, 11667
46916.46, 11666
46920.69, 11665
46945.14, 11664
46947.11, 11663
47003.45, 11662
47008.39, 11661
47011.36, 11660
47037.17, 11659
47041.21, 11658
47061.77, 11657
47114.83, 11656
47119.78, 11655
47136.86, 11654
47141.19, 11653
47144.14, 11652
47170.88, 11651
47187.68, 11650
47211.46, 11649
47223.75, 11648
47232.14, 11647
47261.36, 11646
47279.2, 11645
47282.37, 11644
47302.4, 11643
47305.19, 11642
47350.81, 11641
47393.96, 11640
47402.59, 11639
47405.5, 11638
47421.11, 11637
47430.15, 11636
47489.5, 11635
47501.36, 11634
47507.01, 11633
47511.27, 11632
47531.29, 11631
47536.39, 11630
47539.34, 11629
47557.09, 11628
47560.23, 11627
47629.26, 11626
47661.88, 11625
47665.03, 11624
47689.6, 11623
47711.89, 11622
47714.91, 11621
47765.49, 11620
47768.46, 11619
47780.61, 11618
47787.9, 11617
47804.57, 11616
47808.67, 11615
47814.11, 11614
47856.73, 11613
47864.69, 11612
47877.93, 11611
47886.33, 11610
47891.3, 11609
47900.03, 11608
47909.99, 11607
47921.26, 11606
47940.28, 11605
47991.82, 11604
48027.6, 11603
48050.27, 11602
48067.95, 11601
48070.85, 11600
48074.96, 11599
48103.67, 11598
48117.96, 11597
48132.06, 11596
48136.13, 11595
48144.7, 11594
48160.2, 11593
48183.3, 11592
48213.61, 11591
48220.53, 11590
48236.97, 11589
48250.4, 11588
48260.16, 11587
48283.89, 11586
48299.43, 11585
48331.91, 11584
48351.13, 11583
48374.91, 11582
48394.8, 11581
48411.38, 11580
48426.62, 11579
48443.35, 11578
48462.16, 11577
48479.06, 11576
48525.45, 11575
48539.95, 11574
48545.82, 11573
48557.43, 11572
48580.85, 11571
48594.67, 11570
48603.55, 11569
48622.55, 11568
48629.86, 11567
48651.67, 11566
48669.68, 11565
48676.69, 11564
48688.93, 11563
48716.47, 11562
48725.2, 11561
48740.27, 11560
48746.93, 11559
48761.9, 11558
48768.52, 11557
48811.84, 11556
48821.21, 11555
48830.27, 11554
48867.81, 11553
48885.48, 11552
48893.02, 11551
48907.92, 11550
48935.24, 11549
48946.13, 11548
48963.69, 11547
48991.3, 11546
49005.19, 11545
49017.29, 11544
49041.83, 11543
49053.07, 11542
49060.15, 11541
49086.51, 11540
49095.18, 11539
49108.66, 11538
49128.82, 11537
49168.48, 11536
49183.29, 11535
49195.52, 11534
49208.16, 11533
49227.16, 11532
49233.21, 11531
49245.66, 11530
49258.45, 11529
49265.42, 11528
49307.2, 11527
49319.97, 11526
49330.79, 11525
49342.71, 11524
49367.25, 11523
49376.38, 11522
49389.23, 11521
49398.51, 11520
49415.74, 11519
49438.95, 11518
49450.97, 11517
49470.54, 11516
49504.24, 11515
49513.58, 11514
49545.62, 11513
49576.01, 11512
49601.89, 11511
49614.18, 11510
49629.58, 11509
49644.45, 11508
49653.17, 11507
49692.63, 11506
49702.78, 11505
49715.49, 11504
49722.79, 11503
49738.87, 11502
49769.38, 11501
49777.84, 11500
49813.79, 11499
49845.24, 11498
49857.94, 11497
49864.86, 11496
49877.64, 11495
49892.01, 11494
49942.95, 11493
49957.49, 11492
49962.36, 11491
49990.7, 11490
50013.34, 11489
50030.2, 11488
50043.55, 11487
50059.21, 11486
50067.86, 11485
50102.21, 11484
50118.59, 11483
50128.53, 11482
50165.17, 11481
50175.92, 11480
50186.32, 11479
50205.63, 11478
50225.25, 11477
50234.21, 11476
50254.16, 11475
50282.78, 11474
50294.11, 11473
50313.38, 11472
50331.31, 11471
50363.64, 11470
50390.62, 11469
50403.05, 11468
50417.12, 11467
50433.38, 11466
50462.98, 11465
50476.18, 11464
50491.12, 11463
50503.71, 11462
50521.98, 11461
50533.51, 11460
50558.71, 11459
50574.86, 11458
50592.57, 11457
50608.33, 11456
50613.73, 11455
50630.54, 11454
50647.09, 11453
50663.16, 11452
50678.57, 11451
50710.39, 11450
50734.7, 11449
50768.16, 11448
50774.01, 11447
50783.36, 11446
50803.55, 11445
50825.84, 11444
50845.8, 11443
50867.3, 11442
50881.88, 11441
50898.89, 11440
50923.69, 11439
50936.73, 11438
50956.0, 11437
50975.99, 11436
50986.79, 11435
50997.32, 11434
51007.77, 11433
51020.39, 11432
51029.5, 11431
51042.32, 11430
51066.43, 11429
51099.08, 11428
51123.95, 11427
51145.74, 11426
51162.54, 11425
51183.68, 11424
51198.53, 11423
51213.1, 11422
51242.41, 11421
51257.59, 11420
51270.14, 11419
51280.2, 11418
51295.45, 11417
51306.57, 11416
51320.57, 11415
51335.09, 11414
51358.29, 11413
51381.8, 11412
51408.81, 11411
51422.34, 11410
51434.86, 11409
51450.02, 11408
51470.48, 11407
51485.0, 11406
51525.23, 11405
51544.85, 11404
51557.68, 11403
51573.06, 11402
51591.07, 11401
51613.74, 11400
51636.32, 11399
51651.59, 11398
51684.55, 11397
51696.62, 11396
51714.85, 11395
51721.35, 11394
51733.51, 11393
51743.48, 11392
51759.85, 11391
51774.37, 11390
51788.52, 11389
51813.18, 11388
51831.81, 11387
51845.87, 11386
51874.63, 11385
51892.89, 11384
51952.02, 11383
51976.46, 11382
51996.98, 11381
52007.67, 11380
52018.11, 11379
52042.17, 11378
52078.32, 11377
52092.02, 11376
52102.62, 11375
52112.91, 11374
52129.27, 11373
52140.2, 11372
52151.29, 11371
52168.53, 11370
52182.41, 11369
52218.85, 11368
52241.18, 11367
52253.59, 11366
52266.69, 11365
52286.44, 11364
52304.7, 11363
52339.7, 11362
52378.47, 11361
52390.46, 11360
52401.25, 11359
52411.42, 11358
52436.78, 11357
52459.69, 11356
52480.48, 11355
52500.46, 11354
52512.86, 11353
52546.02, 11352
52560.26, 11351
52574.06, 11350
52585.95, 11349
52602.5, 11348
52619.19, 11347
52639.98, 11346
52651.72, 11345
52662.95, 11344
52675.69, 11343
52701.5, 11342
52751.1, 11341
52773.67, 11340
52789.36, 11339
52797.32, 11338
52810.0, 11337
52818.53, 11336
52828.96, 11335
52872.61, 11334
52938.76, 11333
52971.47, 11332
52988.4, 11331
52990.59, 11330
53002.25, 11329
53023.48, 11328
53026.75, 11327
53037.18, 11326
53053.84, 11325
53058.21, 11324
53081.43, 11323
53086.19, 11322
53089.16, 11321
53108.68, 11320
53111.6, 11319
53184.97, 11318
53214.42, 11317
53220.4, 11316
53245.89, 11315
53269.1, 11314
53273.68, 11313
53292.58, 11312
53300.35, 11311
53338.75, 11310
53343.56, 11309
53355.42, 11308
53368.55, 11307
53381.18, 11306
53391.66, 11305
53413.54, 11304
53460.83, 11303
53471.39, 11302
53491.53, 11301
53520.35, 11300
53525.85, 11299
53547.22, 11298
53563.25, 11297
53583.93, 11296
53608.05, 11295
53614.87, 11294
53650.1, 11293
53653.12, 11292
53727.72, 11291
53732.92, 11290
53770.04, 11289
53814.35, 11288
53825.27, 11287
53829.64, 11286
53876.95, 11285
53955.42, 11284
53961.32, 11283
54135.01, 11282
54138.09, 11281
54154.79, 11280
54157.42, 11279
54176.57, 11278
54185.53, 11277
54206.31, 11276
54219.28, 11275
54239.05, 11274
54312.14, 11273
54316.27, 11272
54355.45, 11271
54359.65, 11270
54372.4, 11269
54384.44, 11268
54403.63, 11267
54406.55, 11266
54428.28, 11265
54432.84, 11264
54511.8, 11263
54516.44, 11262
54529.46, 11261
54555.39, 11260
54559.11, 11259
54576.65, 11258
54580.83, 11257
54631.58, 11256
54668.59, 11255
54673.51, 11254
54699.57, 11253
54704.33, 11252
54721.73, 11251
54743.37, 11250
54750.29, 11249
54794.48, 11248
54797.07, 11247
54837.25, 11246
54844.65, 11245
54847.57, 11244
54875.73, 11243
54877.5, 11242
54893.23, 11241
54923.77, 11240
54933.19, 11239
54936.21, 11238
55003.28, 11237
55008.79, 11236
55024.27, 11235
55041.95, 11234
55049.2, 11233
55091.19, 11232
55115.38, 11231
55124.57, 11230
55140.77, 11229
55143.41, 11228
55151.41, 11227
55172.26, 11226
55178.35, 11225
55190.24, 11224
55193.23, 11223
55218.88, 11222
55225.98, 11221
55260.17, 11220
55267.09, 11219
55284.57, 11218
55293.03, 11217
55302.62, 11216
55342.97, 11215
55377.34, 11214
55417.16, 11213
55426.27, 11212
55442.28, 11211
55451.62, 11210
55467.81, 11209
55470.7, 11208
55482.46, 11207
55499.71, 11206
55506.37, 11205
55538.48, 11204
55543.74, 11203
55575.42, 11202
55577.79, 11201
55580.76, 11200
55594.0, 11199
55620.09, 11198
55622.99, 11197
55630.2, 11196
55706.22, 11195
55709.21, 11194
55723.97, 11193
55728.43, 11192
55751.32, 11191
55756.72, 11190
55769.14, 11189
55792.83, 11188
55812.98, 11187
55840.4, 11186
55846.07, 11185
55861.43, 11184
55875.17, 11183
55893.19, 11182
55896.71, 11181
55929.94, 11180
55933.36, 11179
55957.17, 11178
55989.47, 11177
55993.76, 11176
56007.16, 11175
56032.04, 11174
56060.6, 11173
56064.72, 11172
56085.77, 11171
56089.82, 11170
56125.26, 11169
56130.18, 11168
56133.19, 11167
56154.88, 11166
56195.96, 11165
56208.31, 11164
56219.84, 11163
56233.03, 11162
56235.88, 11161
56261.41, 11160
56264.43, 11159
56299.83, 11158
56304.9, 11157
56324.41, 11156
56337.47, 11155
56340.47, 11154
56365.79, 11153
56395.58, 11152
56400.14, 11151
56413.85, 11150
56448.32, 11149
56451.25, 11148
56466.82, 11147
56507.67, 11146
56539.16, 11145
56544.51, 11144
56567.83, 11143
56570.54, 11142
56585.28, 11141
56601.01, 11140
56605.14, 11139
56626.57, 11138
56691.58, 11137
56695.74, 11136
56745.69, 11135
56748.43, 11134
56763.91, 11133
56766.88, 11132
56812.34, 11131
56818.63, 11130
56835.91, 11129
56846.82, 11128
56853.98, 11127
56868.98, 11126
56891.27, 11125
56895.59, 11124
56929.54, 11123
56935.31, 11122
56956.58, 11121
56961.26, 11120
56988.64, 11119
56991.1, 11118
56997.69, 11117
57059.5, 11116
57097.67, 11115
57125.1, 11114
57128.26, 11113
57131.2, 11112
57168.52, 11111
57194.65, 11110
57202.77, 11109
57220.42, 11108
57223.42, 11107
57234.72, 11106
57267.9, 11105
57287.72, 11104
57329.02, 11103
57331.95, 11102
57360.0, 11101
57361.34, 11100
57379.03, 11099
57381.83, 11098
57419.64, 11097
57423.54, 11096
57450.04, 11095
57454.55, 11094
57461.81, 11093
57482.61, 11092
57511.3, 11091
57518.74, 11090
57536.47, 11089
57539.38, 11088
57573.29, 11087
57622.2, 11086
57628.16, 11085
57659.16, 11084
57660.63, 11083
57703.94, 11082
57722.99, 11081
57737.29, 11080
57752.01, 11079
57755.51, 11078
57779.08, 11077
57790.86, 11076
57822.11, 11075
57828.96, 11074
57853.98, 11073
57856.92, 11072
57870.55, 11071
57884.06, 11070
57911.44, 11069
57926.15, 11068
57944.3, 11067
57958.79, 11066
57983.88, 11065
57997.81, 11064
58020.18, 11063
58026.76, 11062
58041.97, 11061
58059.53, 11060
58072.35, 11059
58111.17, 11058
58129.01, 11057
58158.01, 11056
58200.53, 11055
58218.73, 11054
58227.61, 11053
58245.37, 11052
58256.89, 11051
58288.79, 11050
58307.76, 11049
58326.4, 11048
58336.09, 11047
58347.1, 11046
58359.94, 11045
58376.52, 11044
58401.08, 11043
58444.71, 11042
58452.96, 11041
58475.8, 11040
58485.96, 11039
58503.54, 11038
58510.85, 11037
58525.72, 11036
58542.28, 11035
58556.99, 11034
58580.04, 11033
58590.98, 11032
58597.13, 11031
58660.83, 11030
58686.22, 11029
58713.95, 11028
58728.35, 11027
58760.02, 11026
58763.0, 11025
58783.33, 11024
58799.26, 11023
58819.69, 11022
58867.04, 11021
58879.17, 11020
58900.29, 11019
58903.32, 11018
58919.39, 11017
58933.42, 11016
58963.63, 11015
58980.56, 11014
59000.38, 11013
59012.14, 11012
59035.92, 11011
59055.34, 11010
59065.41, 11009
59090.73, 11008
59114.21, 11007
59127.62, 11006
59142.3, 11005
59154.95, 11004
59253.16, 11003
59268.46, 11002
59278.27, 11001
59291.33, 11000
59316.47, 10999
59328.27, 10998
59375.22, 10997
59386.17, 10996
59400.79, 10995
59412.9, 10994
59430.86, 10993
59440.62, 10992
59459.09, 10991
59473.36, 10990
59485.58, 10989
59504.63, 10988
59513.62, 10987
59530.07, 10986
59547.47, 10985
59562.46, 10984
59583.09, 10983
59611.46, 10982
59621.39, 10981
59640.48, 10980
59672.26, 10979
59677.96, 10978
59769.78, 10977
59789.29, 10976
59803.61, 10975
59819.2, 10974
59836.57, 10973
59848.22, 10972
59900.81, 10971
59903.37, 10970
59919.1, 10969
59943.44, 10968
59960.09, 10967
59973.48, 10966
60003.09, 10965
60020.03, 10964
60022.98, 10963
60056.9, 10962
60074.88, 10961
60084.29, 10960
60119.61, 10959
60122.66, 10958
60129.44, 10957
60145.12, 10956
60165.98, 10955
60184.81, 10954
60209.31, 10953
60227.06, 10952
60262.39, 10951
60341.98, 10950
60345.84, 10949
60357.73, 10948
60370.14, 10947
60383.42, 10946
60398.86, 10945
60453.3, 10944
60462.85, 10943
60485.49, 10942
60489.86, 10941
60516.62, 10940
60518.83, 10939
60558.88, 10938
60573.65, 10937
60601.49, 10936
60605.47, 10935
60628.17, 10934
60631.2, 10933
60647.16, 10932
60694.5, 10931
60700.17, 10930
60703.15, 10929
60736.3, 10928
60739.32, 10927
60751.97, 10926
60768.18, 10925
60849.66, 10924
60856.67, 10923
60859.7, 10922
60883.84, 10921
60901.0, 10920
60912.16, 10919
60970.14, 10918
60973.07, 10917
60994.22, 10916
61038.75, 10915
61038.85, 10914
61057.26, 10913
61084.09, 10912
61095.51, 10911
61116.06, 10910
61131.29, 10909
61179.9, 10908
61192.56, 10907
61204.95, 10906
61223.96, 10905
61236.03, 10904
61255.26, 10903
61266.14, 10902
61280.52, 10901
61303.25, 10900
61313.99, 10899
61345.3, 10898
61367.46, 10897
61451.79, 10896
61462.72, 10895
61490.45, 10894
61494.38, 10893
61511.35, 10892
61531.75, 10891
61582.0, 10890
61600.68, 10889
61618.23, 10888
61635.07, 10887
61650.28, 10886
61673.87, 10885
61693.83, 10884
61703.11, 10883
