8831.79, 14590
8898.06, 14589
8898.11, 14567
8913.88, 14566
8923.45, 14565
8923.56, 14545
8931.84, 14544
8978.11, 14543
9000.47, 14527
9004.91, 14526
9018.0, 14525
9022.0, 14505
9043.68, 14504
9046.77, 14503
9112.45, 14499
9122.91, 14498
9139.62, 14497
9153.51, 14477
9187.03, 14476
9194.54, 14475
9246.63, 14473
9274.01, 14472
9280.97, 14471
9284.03, 14451
9299.59, 14450
9304.02, 14449
9321.66, 14448
9381.19, 14439
9388.82, 14438
9391.97, 14437
9403.36, 14436
9410.31, 14435
9422.15, 14415
9427.25, 14414
9443.4, 14413
9448.18, 14412
9451.12, 14411
9466.29, 14410
9472.72, 14409
9476.11, 14363
9499.34, 14362
9507.12, 14340
9585.23, 14339
9589.58, 14338
9592.62, 14318
9610.14, 14317
9615.0, 14316
9619.01, 14302
9634.78, 14301
9637.75, 14300
9694.41, 14280
9760.57, 14279
9765.66, 14278
9777.2, 14277
9782.04, 14276
9796.58, 14275
9800.44, 14274
9818.79, 14254
9822.61, 14253
9846.45, 14252
9850.58, 14251
9864.52, 14250
9868.19, 14230
9878.24, 14229
9894.27, 14228
9897.37, 14227
9956.3, 14226
9996.54, 14225
10004.48, 14224
10005.76, 14218
10025.64, 14217
10028.76, 14216
10066.99, 14215
10069.99, 14214
10092.06, 14213
10096.54, 14212
10143.26, 14196
10148.86, 14195
10153.51, 14194
10169.41, 14193
10175.24, 14192
10186.05, 14191
10219.83, 14190
10225.16, 14189
10304.8, 14188
10309.03, 14187
10322.89, 14186
10327.16, 14185
10343.52, 14184
10347.36, 14183
10371.61, 14181
10374.6, 14180
10394.83, 14179
10398.87, 14161
10402.04, 14160
10416.37, 14159
10421.43, 14158
10429.81, 14157
10452.89, 14156
10455.87, 14149
10491.45, 14148
10513.64, 14147
10538.63, 14146
10541.5, 14145
10560.3, 14144
10565.2, 14143
10569.0, 14125
10607.48, 14124
10659.22, 14123
10663.23, 14122
10674.08, 14121
10676.92, 14120
10698.69, 14119
10701.68, 14118
10825.99, 14117
10847.24, 14069
10889.91, 14068
10892.91, 14048
10902.98, 14047
10912.61, 14046
10925.51, 14028
10939.55, 14027
10968.26, 14026
10980.41, 14025
10984.88, 14024
10998.59, 14010
11002.81, 14009
11014.41, 14008
11018.63, 13990
11026.73, 13989
11041.16, 13988
11045.6, 13987
11059.08, 13986
11063.25, 13985
11066.4, 13984
11124.76, 13983
11141.77, 13982
11144.87, 13964
11147.73, 13963
11163.54, 13962
11203.15, 13961
11206.14, 13960
11216.88, 13959
11223.38, 13958
11240.9, 13940
11243.95, 13939
11276.26, 13938
11279.31, 13937
11327.01, 13936
11373.92, 13935
11463.56, 13934
11482.86, 13933
11490.02, 13932
11493.0, 13928
11512.59, 13927
11515.19, 13926
11536.39, 13925
11539.43, 13924
11554.21, 13923
11568.74, 13922
11582.07, 13921
11604.72, 13920
11607.43, 13906
11631.51, 13905
11634.72, 13904
11674.48, 13903
11677.05, 13902
11693.95, 13901
11696.95, 13900
11709.33, 13899
11720.37, 13898
11722.75, 13897
11743.07, 13896
11746.02, 13895
11813.24, 13894
11819.14, 13893
11849.05, 13892
11854.16, 13891
11856.3, 13890
11876.96, 13889
11880.65, 13888
11956.68, 13887
11959.35, 13886
12030.51, 13885
12033.5, 13884
12096.45, 13883
12100.35, 13833
12110.9, 13832
12117.04, 13812
12124.76, 13811
12132.52, 13810
12149.61, 13792
12154.32, 13791
12157.46, 13790
12182.58, 13789
12186.56, 13788
12243.99, 13776
12248.38, 13775
12264.36, 13774
12268.48, 13756
12271.5, 13755
12298.3, 13754
12302.65, 13753
12345.86, 13752
12373.63, 13751
12373.67, 13750
12408.23, 13732
12412.81, 13731
12424.09, 13730
12428.43, 13729
12443.34, 13728
12448.09, 13727
12450.99, 13726
12471.87, 13725
12475.13, 13724
12531.84, 13710
12569.96, 13709
12807.77, 13708
12879.71, 13707
12908.27, 13706
12912.59, 13705
12954.18, 13704
12972.06, 13703
12981.6, 13702
13011.68, 13701
13015.82, 13700
13031.43, 13699
13043.03, 13698
13052.13, 13697
13063.96, 13696
13066.93, 13695
13080.81, 13694
13083.72, 13693
13094.05, 13692
13105.13, 13691
13116.68, 13690
13119.23, 13689
13136.26, 13688
13145.83, 13678
13148.78, 13677
13171.29, 13676
13174.22, 13675
13231.7, 13674
13264.39, 13673
13267.31, 13672
13284.45, 13671
13288.75, 13670
13300.36, 13669
13310.04, 13668
13312.2, 13667
13337.79, 13666
13353.31, 13665
13381.34, 13664
13389.35, 13663
13414.41, 13662
13419.8, 13661
13422.77, 13660
13447.17, 13657
13452.28, 13656
13455.29, 13655
13472.86, 13654
13486.93, 13653
13489.58, 13652
13517.51, 13651
13522.79, 13650
13539.01, 13649
13543.71, 13648
13627.35, 13647
13630.32, 13646
13678.2, 13645
13695.95, 13644
13706.96, 13643
13716.07, 13642
13733.42, 13641
13740.21, 13640
13762.91, 13639
13765.85, 13636
13776.91, 13635
13796.84, 13634
13799.82, 13633
13809.77, 13632
13849.73, 13631
13860.8, 13630
13863.8, 13629
13880.84, 13628
13884.21, 13627
13918.72, 13626
13939.49, 13625
13963.84, 13624
13971.81, 13623
13992.71, 13622
13997.24, 13621
14006.0, 13620
14018.58, 13619
14022.01, 13618
14056.72, 13617
14083.78, 13614
14094.96, 13613
14109.3, 13612
14116.7, 13611
14133.85, 13610
14158.99, 13609
14170.37, 13608
14178.23, 13607
14189.91, 13606
14200.92, 13605
14211.77, 13604
14227.64, 13603
14230.6, 13602
14241.33, 13601
14255.46, 13600
14271.38, 13599
14297.67, 13598
14326.1, 13597
14335.93, 13596
14369.73, 13594
14383.0, 13593
14414.09, 13592
14428.64, 13591
14442.5, 13590
14446.58, 13589
14457.73, 13588
14465.12, 13587
14472.4, 13586
14486.65, 13585
14495.7, 13584
14498.64, 13583
14548.72, 13582
14567.38, 13581
14573.81, 13580
14593.85, 13579
14596.75, 13578
14618.98, 13577
14631.7, 13576
14640.58, 13575
14660.39, 13573
14679.96, 13572
14682.96, 13571
14703.21, 13570
14718.43, 13569
14743.55, 13568
14752.4, 13567
14763.52, 13566
14779.25, 13565
14787.05, 13564
14826.32, 13563
14830.87, 13562
14836.96, 13561
14846.29, 13560
14855.23, 13559
14864.85, 13558
14870.22, 13557
14884.36, 13556
14887.39, 13555
14896.91, 13554
14930.61, 13552
14938.89, 13551
14947.31, 13550
15002.07, 13549
15019.65, 13548
15034.94, 13547
15037.99, 13546
15044.36, 13545
15054.49, 13544
15067.26, 13543
15072.2, 13542
15080.3, 13541
15097.4, 13540
15119.45, 13539
15130.47, 13538
15165.45, 13537
15181.13, 13536
15184.36, 13535
15192.79, 13534
15203.56, 13533
15212.49, 13532
15231.87, 13530
15236.93, 13529
15247.53, 13528
15255.58, 13527
15266.84, 13526
15270.33, 13525
15283.87, 13524
15287.64, 13523
15300.6, 13522
15337.07, 13521
15347.16, 13520
15353.54, 13519
15365.84, 13518
15372.2, 13517
15387.28, 13516
15390.11, 13515
15402.52, 13514
15486.5, 13513
15496.01, 13512
15502.49, 13511
15535.77, 13510
15541.74, 13509
15549.75, 13508
15561.34, 13507
15570.27, 13506
15595.67, 13505
15598.57, 13504
15603.2, 13503
15611.63, 13502
15634.42, 13501
15636.37, 13500
15684.76, 13499
15695.88, 13498
15704.93, 13497
15724.89, 13496
15730.06, 13495
15737.1, 13494
15760.91, 13493
15773.93, 13492
15787.41, 13491
15813.58, 13490
15817.81, 13489
15827.17, 13477
15838.56, 13476
15850.12, 13475
15872.79, 13474
15890.53, 13459
15897.42, 13458
15903.8, 13456
15912.0, 13455
15937.23, 13454
15945.19, 13453
15955.2, 13452
15966.66, 13451
15988.92, 13450
16002.58, 13435
16012.79, 13434
16040.16, 13432
16053.71, 13431
16073.47, 13430
16092.3, 13429
16096.81, 13428
16101.17, 13427
16114.39, 13426
16121.4, 13425
16136.73, 13413
16188.38, 13412
16190.95, 13410
16208.67, 13409
16226.15, 13408
16236.89, 13407
16254.22, 13406
16257.26, 13405
16262.04, 13404
16273.65, 13403
16287.6, 13402
16306.25, 13401
16321.29, 13400
16353.32, 13398
16356.42, 13397
16368.83, 13396
16375.53, 13395
16386.96, 13394
16417.26, 13393
16435.84, 13392
16456.42, 13391
16475.2, 13390
16479.69, 13389
16482.71, 13381
16497.93, 13380
16500.97, 13378
16509.48, 13377
16520.84, 13376
16530.44, 13375
16535.88, 13374
16569.58, 13373
16587.14, 13372
16612.63, 13371
16631.0, 13370
16650.52, 13369
16663.26, 13368
16678.95, 13367
16691.46, 13366
16695.34, 13365
16711.25, 13364
16719.69, 13363
16736.68, 13362
16755.51, 13361
16766.83, 13360
16786.53, 13359
16804.61, 13358
16820.56, 13357
16838.77, 13356
16850.2, 13355
16855.45, 13354
16870.09, 13353
16887.3, 13352
16912.38, 13351
16915.4, 13350
16923.16, 13349
16935.91, 13348
16963.44, 13347
16970.18, 13346
16979.72, 13345
16988.71, 13344
17003.63, 13343
17029.75, 13342
17032.94, 13341
17035.92, 13340
17052.03, 13339
17059.69, 13338
17071.09, 13337
17103.56, 13336
17113.2, 13335
17150.45, 13334
17170.97, 13333
17187.56, 13332
17209.76, 13331
17234.83, 13330
17246.82, 13329
17258.03, 13328
17264.2, 13327
17277.66, 13326
17280.71, 13325
17292.47, 13324
17300.96, 13323
17323.53, 13322
17335.05, 13321
17358.06, 13320
17393.84, 13319
17396.43, 13318
17412.55, 13317
17439.77, 13316
17446.92, 13315
17461.37, 13314
17470.93, 13313
17483.38, 13312
17487.02, 13311
17520.1, 13310
17530.81, 13309
17544.92, 13308
17560.59, 13307
17570.29, 13306
17581.03, 13305
17602.96, 13304
17622.1, 13303
17631.99, 13302
17644.42, 13301
17652.57, 13300
17662.22, 13299
17675.42, 13298
17698.09, 13297
17705.94, 13296
17720.44, 13295
17731.31, 13294
17739.7, 13293
17764.01, 13292
17812.84, 13291
17827.26, 13290
17839.19, 13289
17851.04, 13288
17862.5, 13287
17871.68, 13286
17896.33, 13285
17911.58, 13284
17920.25, 13283
17930.83, 13282
17940.09, 13281
17951.83, 13280
17958.49, 13279
17992.07, 13278
18005.51, 13277
18039.84, 13276
18060.08, 13275
18064.43, 13274
18073.88, 13273
18080.82, 13272
18096.21, 13271
18112.28, 13270
18115.28, 13269
18122.8, 13268
18135.03, 13267
18172.16, 13266
18197.34, 13265
18210.1, 13264
18230.88, 13263
18240.14, 13262
18255.35, 13261
18289.4, 13260
18292.5, 13259
18313.48, 13258
18335.43, 13257
18345.32, 13256
18366.74, 13255
18386.26, 13254
18408.04, 13253
18418.25, 13252
18422.53, 13251
18430.95, 13250
18438.86, 13249
18450.43, 13248
18462.84, 13247
18465.89, 13246
18477.27, 13245
18496.1, 13244
18532.35, 13243
18546.6, 13242
18552.63, 13241
18570.04, 13240
18578.52, 13239
18605.9, 13238
18622.04, 13237
18630.35, 13236
18655.57, 13235
18693.36, 13234
18712.18, 13233
18727.35, 13232
18730.31, 13231
18738.28, 13230
18755.06, 13229
18758.04, 13228
18769.72, 13227
18796.29, 13226
18799.31, 13225
18819.57, 13224
18830.37, 13223
18838.07, 13222
18854.31, 13221
18862.04, 13220
18865.88, 13219
18893.61, 13218
18896.56, 13217
18909.53, 13216
18929.08, 13215
18932.44, 13214
19011.19, 13213
19014.24, 13212
19034.58, 13211
19057.83, 13210
19074.25, 13209
19078.65, 13208
19081.69, 13207
19093.43, 13206
19112.6, 13205
19115.57, 13204
19228.53, 13203
19232.87, 13202
19247.22, 13201
19250.28, 13200
19267.12, 13199
19271.7, 13198
19294.81, 13197
19299.16, 13196
19331.97, 13195
19369.38, 13194
19372.09, 13193
19394.31, 13192
19442.71, 13191
19445.49, 13190
19482.89, 13189
19503.27, 13188
19507.41, 13187
19528.72, 13186
19532.55, 13185
19545.18, 13184
19549.27, 13183
19556.58, 13182
19574.33, 13181
19580.14, 13180
19582.96, 13179
19598.83, 13178
19602.98, 13177
19615.18, 13176
19619.63, 13175
19634.76, 13174
19640.28, 13173
19643.03, 13172
19666.13, 13171
19668.39, 13170
19757.33, 13169
19800.42, 13168
19844.43, 13167
19847.39, 13166
19863.72, 13165
19869.27, 13164
19871.15, 13163
19893.14, 13162
19896.16, 13161
19936.67, 13160
19962.52, 13159
19969.62, 13158
20026.53, 13157
20037.55, 13156
20093.44, 13155
20096.13, 13154
20112.84, 13153
20117.56, 13152
20127.86, 13151
20143.97, 13150
20147.08, 13149
20170.67, 13148
20171.85, 13147
20201.01, 13146
20205.11, 13145
20271.73, 13144
20290.46, 13143
20300.67, 13142
20307.66, 13141
20387.47, 13140
20392.83, 13139
20395.44, 13138
20416.89, 13137
20423.02, 13136
20426.07, 13135
20448.0, 13134
20467.57, 13133
20474.43, 13132
20489.16, 13131
20493.55, 13130
20510.48, 13129
20513.52, 13128
20529.94, 13127
20538.29, 13126
20554.0, 13125
20556.96, 13124
20567.95, 13123
20619.93, 13122
20622.86, 13121
20665.86, 13120
20668.92, 13119
20699.92, 13118
20702.9, 13117
20725.42, 13116
20728.51, 13115
20761.91, 13114
20781.79, 13113
20784.64, 13112
20842.1, 13111
20863.4, 13110
20866.34, 13109
20894.9, 13108
20913.73, 13107
20924.79, 13106
20943.89, 13105
20946.91, 13104
20954.67, 13103
20974.09, 13102
20978.94, 13101
20981.94, 13100
20993.17, 13099
21005.7, 13098
21010.28, 13097
21029.76, 13096
21038.5, 13095
21093.65, 13094
21109.54, 13093
21125.59, 13092
21129.5, 13091
21132.5, 13090
21144.9, 13089
21160.36, 13088
21164.5, 13087
21178.0, 13086
21199.15, 13085
21230.82, 13084
21235.1, 13083
21254.45, 13082
21258.63, 13081
21261.44, 13080
21277.69, 13079
21282.15, 13078
21310.35, 13077
21320.01, 13076
21336.69, 13075
21363.11, 13074
21429.02, 13073
21435.49, 13072
21438.47, 13071
21450.73, 13070
21465.39, 13069
21480.56, 13068
21487.38, 13067
21488.94, 13066
21506.75, 13065
21515.23, 13064
21517.79, 13063
21533.76, 13062
21536.93, 13061
21554.0, 13060
21560.92, 13059
21602.45, 13058
21620.16, 13057
21626.6, 13056
21629.51, 13055
21658.34, 13054
21669.38, 13053
21673.52, 13052
21682.12, 13051
21702.54, 13050
21704.3, 13049
21720.03, 13048
21735.17, 13047
21738.29, 13046
21744.39, 13045
21770.47, 13044
21773.33, 13043
21817.19, 13042
21820.17, 13041
21859.17, 13040
21861.95, 13039
21877.95, 13038
21883.19, 13037
21887.67, 13036
21915.03, 13035
21918.04, 13034
21941.0, 13033
21971.17, 13032
22147.8, 13031
22151.06, 13030
22175.54, 13029
22180.12, 13028
22200.59, 13027
22211.6, 13026
22214.23, 13025
22255.4, 13024
22259.6, 13023
22270.23, 13022
22321.43, 13021
22329.48, 13020
22344.77, 13019
22367.6, 13018
22373.49, 13017
22386.93, 13016
22389.94, 13015
22404.0, 13014
22409.48, 13013
22427.36, 13012
22432.61, 13011
22452.53, 13010
22482.83, 13009
22495.39, 13008
22498.75, 13007
22501.41, 13006
22517.93, 13005
22545.85, 13004
22549.02, 13003
22563.4, 13002
22567.44, 13001
22581.33, 13000
22585.81, 12999
22594.51, 12998
22620.11, 12997
22623.02, 12996
22668.57, 12995
22671.58, 12994
22703.92, 12993
22709.43, 12992
22732.94, 12991
22741.55, 12990
22744.53, 12989
22757.28, 12988
22780.24, 12987
22783.19, 12986
22798.45, 12985
22804.58, 12984
22818.09, 12983
22820.64, 12982
22847.17, 12981
22851.91, 12980
22928.93, 12979
22933.35, 12978
22947.45, 12977
22950.51, 12976
22964.34, 12975
22967.27, 12974
22980.63, 12973
23002.93, 12972
23005.91, 12971
23040.91, 12970
23045.46, 12969
23105.35, 12968
23159.88, 12967
23163.6, 12966
23166.58, 12965
23190.02, 12964
23192.7, 12963
23233.97, 12962
23238.46, 12961
23243.2, 12960
23268.82, 12959
23272.9, 12958
23288.47, 12957
23293.39, 12956
23296.33, 12955
23310.24, 12954
23331.53, 12953
23337.87, 12952
23344.13, 12951
23401.72, 12950
23404.31, 12949
23414.12, 12948
23492.22, 12947
23519.7, 12946
23523.58, 12945
23536.41, 12944
23542.75, 12943
23564.68, 12942
23572.32, 12941
23610.76, 12940
23616.43, 12939
23662.38, 12938
23667.22, 12937
23682.11, 12936
23704.3, 12935
23708.26, 12934
23759.57, 12933
23772.35, 12932
23791.81, 12931
23794.71, 12930
23812.1, 12929
23816.3, 12928
23819.29, 12927
23833.28, 12926
23837.35, 12925
23846.81, 12924
23867.34, 12923
23873.79, 12922
23876.72, 12921
23898.55, 12920
23901.59, 12919
23926.32, 12918
23929.3, 12917
24007.54, 12916
24065.78, 12915
24077.58, 12914
24086.57, 12913
24107.93, 12912
24110.69, 12911
24113.63, 12910
24128.57, 12909
24131.45, 12908
24144.06, 12907
24149.07, 12906
24158.94, 12905
24169.86, 12904
24177.04, 12903
24186.88, 12902
24196.67, 12901
24206.5, 12900
24216.9, 12899
24229.91, 12898
24241.75, 12897
24253.93, 12896
24258.91, 12895
24278.69, 12894
24310.17, 12893
24358.2, 12892
24361.2, 12891
24380.47, 12890
24383.33, 12889
24394.56, 12888
24397.51, 12887
24408.95, 12886
24421.75, 12885
24427.81, 12884
24477.92, 12883
24486.6, 12882
24494.94, 12881
24510.52, 12880
24513.47, 12879
24523.22, 12878
24544.7, 12877
24553.05, 12876
24560.19, 12875
24571.77, 12874
24584.22, 12873
24644.39, 12872
24659.05, 12871
24677.98, 12870
24687.12, 12869
24697.39, 12868
24708.33, 12867
24718.05, 12866
24728.34, 12865
24734.26, 12864
24742.8, 12863
24752.95, 12862
24761.7, 12861
24775.32, 12860
24826.55, 12859
24843.66, 12858
24864.36, 12857
24875.74, 12856
24889.55, 12855
24897.25, 12854
24907.69, 12853
24922.26, 12852
24923.22, 12851
24939.65, 12850
24943.47, 12849
24952.51, 12848
24959.92, 12847
24969.11, 12846
24986.66, 12845
25028.35, 12844
25046.7, 12843
25062.01, 12842
25064.98, 12841
25073.04, 12840
25090.64, 12839
25093.62, 12838
25113.08, 12837
25128.64, 12836
25131.59, 12835
25144.87, 12834
25154.69, 12833
25194.26, 12832
25223.2, 12831
25245.97, 12830
25253.89, 12829
25269.22, 12828
25309.85, 12827
25312.9, 12826
25330.12, 12825
25347.28, 12824
25391.07, 12823
25402.81, 12822
25411.95, 12821
25434.23, 12820
25437.29, 12819
25451.25, 12818
25454.36, 12817
25462.27, 12816
25471.9, 12815
25491.05, 12814
25515.98, 12813
25528.68, 12812
25531.62, 12811
25559.35, 12810
25576.4, 12809
25594.58, 12808
25605.3, 12807
25622.04, 12806
25653.12, 12805
25665.32, 12804
25678.25, 12803
25696.64, 12802
25703.16, 12801
25722.66, 12800
25751.38, 12799
25784.89, 12798
25789.02, 12797
25801.9, 12796
25810.24, 12795
25818.16, 12794
25830.12, 12793
25835.69, 12792
25844.1, 12791
25853.28, 12790
25863.24, 12789
25871.82, 12788
25883.7, 12787
25889.99, 12786
25912.12, 12785
25918.03, 12784
25976.6, 12783
25993.04, 12782
25996.01, 12781
26010.88, 12780
26013.84, 12779
26024.65, 12778
26027.63, 12777
26038.21, 12776
26056.41, 12775
26058.74, 12774
26063.79, 12773
26072.77, 12772
26098.44, 12771
26101.46, 12770
26158.99, 12769
26162.01, 12768
26188.47, 12767
26220.02, 12766
26227.69, 12765
26261.94, 12764
26269.42, 12763
26276.02, 12762
26287.28, 12761
26297.01, 12760
26303.48, 12759
26311.78, 12758
26320.46, 12757
26331.34, 12756
26338.83, 12755
26350.82, 12754
26357.1, 12753
26375.89, 12752
26380.07, 12751
26394.1, 12750
26402.88, 12749
26405.89, 12748
26415.61, 12747
26426.05, 12746
26471.47, 12745
26501.99, 12744
26506.48, 12743
26530.25, 12742
26533.31, 12741
26562.55, 12740
26579.39, 12739
26588.89, 12738
26608.15, 12737
26649.6, 12736
26658.4, 12735
26680.58, 12734
26701.9, 12733
26707.49, 12732
26724.79, 12731
26739.54, 12730
26759.94, 12729
26770.75, 12728
26786.68, 12727
26798.9, 12726
26807.64, 12725
26829.01, 12724
26851.87, 12723
26865.1, 12722
26867.97, 12721
26878.81, 12720
26888.92, 12719
26919.34, 12718
26980.01, 12717
26986.25, 12716
26995.62, 12715
27017.09, 12714
27036.98, 12713
27058.3, 12712
27077.25, 12711
27085.5, 12710
27115.59, 12709
27120.0, 12708
27142.75, 12707
27152.46, 12706
27164.53, 12705
27179.98, 12704
27198.08, 12703
27214.8, 12702
27252.59, 12701
27256.15, 12700
27286.08, 12699
27301.42, 12698
27322.0, 12697
27350.51, 12696
27359.18, 12695
27370.42, 12694
27402.62, 12693
27427.3, 12692
27431.88, 12691
27462.11, 12690
27465.07, 12689
27473.65, 12688
27485.74, 12687
27532.4, 12686
27551.76, 12685
27560.5, 12684
27577.16, 12683
27579.74, 12682
27596.96, 12681
27623.34, 12680
27644.72, 12679
27647.12, 12678
27661.46, 12677
27673.73, 12676
27702.6, 12675
27710.1, 12674
27737.5, 12673
27749.85, 12672
27753.5, 12671
27762.23, 12670
27770.24, 12669
27780.72, 12668
27789.27, 12667
27798.04, 12666
27807.28, 12665
27819.02, 12664
27836.02, 12663
27872.86, 12662
27885.75, 12661
27888.58, 12660
27923.67, 12659
27936.02, 12658
27953.27, 12657
28003.36, 12656
28031.4, 12655
28041.3, 12654
28050.83, 12653
28060.92, 12652
28073.25, 12651
28089.77, 12650
28098.04, 12649
28119.51, 12648
28133.46, 12647
28153.62, 12646
28156.59, 12645
28166.29, 12644
28179.44, 12643
28186.49, 12642
28196.21, 12641
28203.03, 12640
28240.75, 12639
28269.56, 12638
28277.03, 12637
28290.04, 12636
28301.81, 12635
28308.79, 12634
28318.68, 12633
28336.34, 12632
28370.14, 12631
28391.59, 12630
28418.75, 12629
28421.73, 12628
28429.84, 12627
28443.24, 12626
28453.39, 12625
28457.11, 12624
28474.69, 12623
28503.37, 12622
28532.49, 12621
28548.16, 12620
28564.19, 12619
28586.73, 12618
28600.33, 12617
28604.71, 12616
28657.94, 12615
28669.28, 12614
28684.86, 12613
28704.19, 12612
28719.68, 12611
28746.43, 12610
28749.4, 12609
28769.62, 12608
28778.08, 12607
28796.03, 12606
28812.84, 12605
28828.16, 12604
28841.64, 12603
28853.69, 12602
28861.17, 12601
28869.07, 12600
28877.87, 12599
28888.84, 12598
28899.24, 12597
28909.46, 12596
28912.51, 12595
28986.44, 12594
29010.53, 12593
29021.74, 12592
29024.71, 12591
29033.98, 12590
29049.6, 12589
29055.13, 12588
29064.05, 12587
29084.15, 12586
29087.14, 12585
29185.1, 12584
29216.57, 12583
29220.93, 12582
29228.51, 12581
29240.17, 12580
29250.67, 12579
29275.84, 12578
29317.07, 12577
29321.55, 12576
29324.61, 12575
29338.33, 12574
29340.38, 12573
29352.72, 12572
29359.32, 12571
29372.07, 12570
29382.72, 12569
29392.79, 12568
29398.1, 12567
29409.78, 12566
29428.52, 12565
29432.76, 12564
29453.77, 12563
29456.71, 12562
29470.8, 12561
29475.06, 12560
29482.47, 12559
29494.98, 12558
29512.09, 12557
29515.06, 12556
29610.63, 12555
29676.16, 12554
29679.17, 12553
29690.84, 12552
29702.22, 12551
29724.48, 12550
29729.46, 12549
29737.92, 12548
29751.51, 12547
29756.02, 12546
29800.61, 12545
29814.01, 12544
29817.04, 12543
29842.38, 12542
29846.48, 12541
29865.95, 12540
29870.42, 12539
29918.23, 12538
29921.72, 12537
29939.79, 12536
29979.32, 12535
29982.27, 12534
30037.64, 12533
30042.12, 12532
30056.21, 12531
30081.7, 12530
30085.75, 12529
30103.97, 12528
30108.0, 12527
30159.51, 12526
30180.01, 12525
30182.86, 12524
30199.73, 12523
30216.04, 12522
30219.88, 12521
30225.45, 12520
30255.5, 12519
30260.22, 12518
30301.59, 12517
30361.91, 12516
30365.11, 12515
30386.6, 12514
30404.51, 12513
30409.99, 12512
30479.14, 12511
30482.4, 12510
30543.76, 12509
30546.85, 12508
30559.83, 12507
30577.26, 12506
30583.38, 12505
30586.41, 12504
30599.77, 12503
30604.11, 12502
30616.18, 12501
30619.16, 12500
30635.71, 12499
30640.04, 12498
30669.14, 12497
30674.67, 12496
30733.39, 12495
30741.35, 12494
30754.35, 12493
30759.7, 12492
30770.39, 12491
30776.3, 12490
30825.98, 12489
30828.78, 12488
30869.24, 12487
30873.48, 12486
30882.88, 12485
30898.75, 12484
30931.26, 12483
30934.19, 12482
31003.92, 12481
31006.92, 12480
31016.34, 12479
31041.39, 12478
31044.3, 12477
31071.29, 12476
31075.26, 12475
31140.03, 12474
31166.44, 12473
31171.59, 12472
31178.46, 12471
31194.14, 12470
31198.97, 12469
31213.02, 12468
31216.01, 12467
31230.77, 12466
31272.17, 12465
31275.19, 12464
31324.22, 12463
31326.9, 12462
31351.58, 12461
31363.9, 12460
31427.19, 12459
31463.89, 12458
31469.16, 12457
31480.34, 12456
31488.85, 12455
31500.63, 12454
31511.12, 12453
31514.12, 12452
31526.16, 12451
31543.36, 12450
31550.81, 12449
31566.95, 12448
31571.96, 12447
31581.2, 12446
31585.5, 12445
31614.81, 12444
31619.53, 12443
31696.07, 12442
31706.54, 12441
31712.66, 12440
31726.39, 12439
31729.06, 12438
31744.83, 12437
31766.25, 12436
32000.26, 12435
32007.47, 12434
32031.19, 12433
32033.87, 12432
32052.42, 12431
32055.39, 12430
32058.31, 12429
32074.21, 12428
32093.22, 12427
32096.18, 12426
32116.47, 12425
32125.51, 12424
32128.47, 12423
32132.61, 12422
32155.57, 12421
32159.7, 12420
32181.43, 12419
32184.35, 12418
32222.58, 12417
32226.91, 12416
32287.06, 12415
32313.91, 12414
32317.97, 12413
32320.95, 12412
32357.83, 12411
32362.43, 12410
32393.53, 12409
32420.48, 12408
32445.42, 12407
32479.39, 12406
32496.05, 12405
32498.9, 12404
32508.26, 12403
32531.24, 12402
32535.75, 12401
32538.54, 12400
32565.29, 12399
32583.14, 12398
32587.74, 12397
32654.49, 12396
32707.86, 12395
32728.28, 12394
32731.47, 12393
32737.09, 12392
32750.61, 12391
32770.62, 12390
32773.33, 12389
32779.63, 12388
32792.78, 12387
32800.79, 12386
32809.5, 12385
32828.76, 12384
32831.55, 12383
32842.98, 12382
32853.13, 12381
32863.41, 12380
32881.19, 12379
32886.09, 12378
32889.08, 12377
32907.38, 12376
32915.03, 12375
32918.0, 12374
32939.93, 12373
32944.44, 12372
32972.98, 12371
32974.82, 12370
33061.64, 12369
33064.62, 12368
33079.71, 12367
33120.26, 12366
33173.4, 12365
33177.35, 12364
33209.42, 12363
33256.3, 12362
33258.98, 12361
33277.32, 12360
33277.86, 12359
33284.73, 12358
33298.08, 12357
33301.04, 12356
33320.42, 12355
33323.45, 12354
33329.17, 12353
33347.56, 12352
33352.47, 12351
33355.4, 12350
33364.14, 12349
33381.92, 12348
33400.97, 12347
33405.75, 12346
33416.78, 12345
33419.97, 12344
33450.08, 12343
33453.39, 12342
33524.65, 12341
33545.3, 12340
33556.7, 12339
33559.6, 12338
33576.82, 12337
33581.15, 12336
33584.36, 12335
33602.31, 12334
33606.81, 12333
33695.13, 12332
33711.33, 12331
33719.06, 12330
33726.11, 12329
33733.29, 12328
33749.98, 12327
33764.06, 12326
33768.61, 12325
33794.22, 12324
33798.43, 12323
33816.34, 12322
33855.69, 12321
33858.6, 12320
33888.1, 12319
33895.54, 12318
33908.47, 12317
33932.5, 12316
33958.7, 12315
33961.71, 12314
33976.75, 12313
33979.67, 12312
33988.04, 12311
34012.76, 12310
34016.98, 12309
34049.95, 12308
34052.94, 12307
34090.16, 12306
34093.11, 12305
34105.02, 12304
34112.42, 12303
34132.99, 12302
34177.51, 12301
34180.46, 12300
34197.3, 12299
34219.92, 12298
34226.16, 12297
34237.79, 12296
34243.93, 12295
34254.84, 12294
34265.3, 12293
34269.12, 12292
34278.37, 12291
34285.99, 12290
34297.15, 12289
34312.22, 12288
34315.11, 12287
34370.39, 12286
34382.63, 12285
34395.74, 12284
34404.14, 12283
34415.86, 12282
34421.6, 12281
34483.68, 12280
34505.94, 12279
34527.46, 12278
34545.34, 12277
34560.34, 12276
34563.38, 12275
34570.2, 12274
34579.48, 12273
34587.71, 12272
34596.18, 12271
34611.37, 12270
34654.35, 12269
34677.45, 12268
34686.78, 12267
34703.62, 12266
34719.31, 12265
34729.46, 12264
34747.04, 12263
34761.58, 12262
34768.75, 12261
34775.36, 12260
34788.85, 12259
34801.71, 12258
34812.84, 12257
34831.05, 12256
34847.48, 12255
34852.95, 12254
34856.25, 12253
34898.09, 12252
34906.08, 12251
34921.71, 12250
34933.11, 12249
34947.11, 12248
34956.78, 12247
34963.86, 12246
34980.16, 12245
34986.25, 12244
35007.57, 12243
35017.32, 12242
35026.38, 12241
35039.7, 12240
35053.28, 12239
35082.35, 12238
35102.66, 12237
35118.55, 12236
35130.29, 12235
35145.26, 12234
35156.42, 12233
35166.5, 12232
35176.04, 12231
35189.31, 12230
35197.19, 12229
35211.81, 12228
35221.37, 12227
35246.07, 12226
35253.33, 12225
35267.15, 12224
35280.42, 12223
35296.66, 12222
35304.76, 12221
35318.05, 12220
35330.48, 12219
35343.38, 12218
35369.97, 12217
35380.52, 12216
35389.53, 12215
35399.46, 12214
35419.39, 12213
35433.61, 12212
35444.32, 12211
35453.85, 12210
35456.74, 12209
35485.23, 12208
35502.95, 12207
35511.39, 12206
35532.34, 12205
35543.81, 12204
35553.49, 12203
35562.86, 12202
35574.69, 12201
35588.87, 12200
35601.89, 12199
35619.04, 12198
35644.19, 12197
35655.8, 12196
35673.01, 12195
35680.25, 12194
35701.01, 12193
35704.02, 12192
35720.03, 12191
35736.65, 12190
35757.67, 12189
35773.65, 12188
35795.66, 12187
35827.41, 12186
35846.11, 12185
35881.5, 12184
35902.43, 12183
35918.51, 12182
35927.82, 12181
35943.21, 12180
35963.34, 12179
35979.58, 12178
35994.73, 12177
36003.66, 12176
36018.66, 12175
36027.1, 12174
36036.05, 12173
36080.42, 12172
36086.72, 12171
36128.66, 12170
36142.87, 12169
36153.55, 12168
36165.65, 12167
36178.82, 12166
36189.75, 12165
36203.46, 12164
36212.72, 12163
36245.16, 12162
36269.16, 12161
36286.23, 12160
36292.33, 12159
36313.54, 12158
36322.92, 12157
36330.49, 12156
36340.1, 12155
36361.63, 12154
36377.08, 12153
36387.09, 12152
36394.51, 12151
36403.55, 12150
36432.7, 12149
36448.27, 12148
36469.03, 12147
36485.81, 12146
36502.65, 12145
36509.98, 12144
36519.43, 12143
36538.34, 12142
36545.73, 12141
36565.26, 12140
36587.21, 12139
36619.28, 12138
36627.29, 12137
36634.69, 12136
36644.94, 12135
36685.46, 12134
36701.33, 12133
36707.83, 12132
36726.99, 12131
36746.34, 12130
36757.16, 12129
36766.27, 12128
36781.14, 12127
36803.57, 12126
36812.64, 12125
36822.96, 12124
36836.87, 12123
36863.6, 12122
36900.9, 12121
36906.5, 12120
36919.83, 12119
36922.86, 12118
36934.94, 12117
36939.63, 12116
36954.46, 12115
36969.04, 12114
36978.79, 12113
36990.52, 12112
37026.8, 12111
37029.83, 12110
37034.33, 12109
37060.08, 12108
37078.62, 12107
37089.76, 12106
37102.04, 12105
37115.37, 12104
37130.39, 12103
37139.93, 12102
37172.79, 12101
37186.99, 12100
37201.76, 12099
37218.64, 12098
37232.17, 12097
37248.55, 12096
37263.81, 12095
37273.08, 12094
37288.88, 12093
37300.9, 12092
37312.86, 12091
37332.01, 12090
37344.27, 12089
37351.43, 12088
37369.95, 12087
37380.33, 12086
37400.38, 12085
37412.1, 12084
37419.69, 12083
37435.29, 12082
37453.52, 12081
37491.73, 12080
37512.28, 12079
37519.78, 12078
37530.4, 12077
37539.35, 12076
37547.03, 12075
37555.06, 12074
37563.7, 12073
37581.42, 12072
37596.45, 12071
37602.99, 12070
37612.33, 12069
37620.04, 12068
37628.05, 12067
37636.9, 12066
37646.8, 12065
37660.93, 12064
37685.48, 12063
37703.74, 12062
37727.98, 12061
37744.39, 12060
37762.41, 12059
37773.89, 12058
37790.36, 12057
37805.43, 12056
37818.25, 12055
37830.3, 12054
37842.67, 12053
37854.04, 12052
37875.46, 12051
37886.66, 12050
37896.5, 12049
37912.43, 12048
37930.89, 12047
37930.94, 12046
37939.81, 12045
37953.03, 12044
37966.35, 12043
37975.97, 12042
37983.54, 12041
37997.09, 12040
38011.38, 12039
38034.63, 12038
38045.07, 12037
38051.19, 12036
38059.95, 12035
38069.74, 12034
38080.5, 12033
38090.61, 12032
38099.85, 12031
38118.11, 12030
38134.64, 12029
38149.22, 12028
38173.0, 12027
38184.04, 12026
38196.41, 12025
38213.28, 12024
38232.69, 12023
38239.77, 12022
38262.11, 12021
38313.35, 12020
38322.95, 12019
38333.44, 12018
38345.25, 12017
38369.78, 12016
38384.48, 12015
38403.43, 12014
38415.26, 12013
38426.05, 12012
38439.58, 12011
38451.67, 12010
38456.6, 12009
38468.76, 12008
38475.82, 12007
38505.16, 12006
38520.1, 12005
38548.25, 12004
38563.38, 12003
38571.69, 12002
38583.73, 12001
38593.49, 12000
38612.44, 11999
38622.59, 11998
38645.46, 11997
38660.73, 11996
38672.23, 11995
38682.66, 11994
38692.22, 11993
38699.02, 11992
38711.07, 11991
38720.15, 11990
38730.45, 11989
38738.96, 11988
38769.16, 11987
38786.4, 11986
38805.93, 11985
38818.17, 11984
38837.24, 11983
38846.69, 11982
38855.74, 11981
38866.49, 11980
38883.01, 11979
38888.78, 11978
38900.31, 11977
38927.34, 11976
38938.94, 11975
38963.18, 11974
38980.65, 11973
38992.21, 11972
39000.64, 11971
39015.76, 11970
39027.42, 11969
39034.56, 11968
39045.13, 11967
39087.36, 11966
39117.99, 11965
39140.11, 11964
39160.26, 11963
39195.52, 11962
39221.51, 11961
39229.06, 11960
39235.57, 11959
39244.51, 11958
39266.99, 11957
39274.95, 11956
39299.89, 11955
39302.86, 11954
39354.09, 11953
39361.13, 11952
39364.07, 11951
39372.35, 11950
39388.23, 11949
39395.78, 11948
39398.81, 11947
39416.64, 11946
39419.7, 11945
39430.16, 11944
39453.07, 11943
39470.24, 11942
39473.19, 11941
39486.7, 11940
39487.45, 11939
39497.54, 11938
39511.25, 11937
39515.4, 11936
39542.32, 11935
39545.3, 11934
39564.22, 11933
39566.84, 11932
39600.74, 11931
39614.58, 11930
39627.99, 11929
39674.7, 11928
39685.25, 11927
39687.74, 11926
39702.82, 11925
39705.79, 11924
39722.7, 11923
39736.71, 11922
39747.48, 11921
39751.73, 11920
39769.11, 11919
39795.67, 11918
39798.59, 11917
39825.62, 11916
39842.0, 11915
39846.88, 11914
39876.37, 11913
39879.42, 11912
39910.16, 11911
39931.41, 11910
39936.32, 11909
39954.76, 11908
39957.82, 11907
39979.76, 11906
40012.82, 11905
40059.52, 11904
40083.36, 11903
40088.5, 11902
40116.98, 11901
40119.3, 11900
40138.35, 11899
40160.84, 11898
40183.63, 11897
40187.53, 11896
40208.43, 11895
40211.42, 11894
40242.59, 11893
40245.63, 11892
40260.23, 11891
40263.17, 11890
40293.71, 11889
40299.88, 11888
40319.19, 11887
40326.95, 11886
40359.98, 11885
40363.89, 11884
40381.53, 11883
40392.68, 11882
40394.97, 11881
40403.86, 11880
40417.78, 11879
40426.53, 11878
40445.88, 11877
40449.98, 11876
40452.95, 11875
40464.59, 11874
40474.84, 11873
40480.81, 11872
40517.12, 11871
40546.19, 11870
40550.54, 11869
40580.45, 11868
40585.69, 11867
40617.77, 11866
40628.05, 11865
40647.44, 11864
40651.82, 11863
40673.74, 11862
40733.67, 11861
40744.72, 11860
40746.68, 11859
40764.31, 11858
40767.31, 11857
40803.17, 11856
40806.15, 11855
40827.26, 11854
40845.99, 11853
40850.08, 11852
40853.16, 11851
40883.22, 11850
40899.67, 11849
40962.19, 11848
40965.87, 11847
40970.92, 11846
40988.99, 11845
40995.77, 11844
41030.53, 11843
41080.84, 11842
41086.15, 11841
41102.99, 11840
41258.44, 11839
41270.48, 11838
41273.4, 11837
41317.27, 11836
41323.92, 11835
41326.92, 11834
41352.77, 11833
41364.0, 11832
41366.91, 11831
41389.1, 11830
41392.31, 11829
41405.65, 11828
41406.83, 11827
41430.79, 11826
41444.77, 11825
41464.3, 11824
41467.44, 11823
41482.11, 11822
41495.11, 11821
41498.03, 11820
41500.97, 11819
41510.68, 11818
41543.36, 11817
41567.35, 11816
41571.71, 11815
41574.65, 11814
41582.65, 11813
41606.46, 11812
41608.84, 11811
41661.43, 11810
41684.34, 11809
41698.21, 11808
41720.49, 11807
41733.98, 11806
41739.38, 11805
41751.24, 11804
41768.51, 11803
41790.31, 11802
41793.28, 11801
41833.78, 11800
41864.64, 11799
41869.38, 11798
41876.12, 11797
41893.34, 11796
41900.18, 11795
41903.17, 11794
41926.3, 11793
41930.1, 11792
41967.08, 11791
41975.44, 11790
41978.38, 11789
42011.33, 11788
42015.79, 11787
42049.47, 11786
42086.01, 11785
42089.01, 11784
42105.14, 11783
42168.92, 11782
42223.57, 11781
42231.55, 11780
42248.26, 11779
42255.14, 11778
42270.68, 11777
42273.18, 11776
42307.47, 11775
42341.68, 11774
42355.23, 11773
42358.1, 11772
42369.62, 11771
42380.0, 11770
42386.37, 11769
42410.01, 11768
42414.02, 11767
42457.15, 11766
42461.42, 11765
42484.77, 11764
42510.47, 11763
42513.25, 11762
42545.64, 11761
42549.68, 11760
42586.26, 11759
42613.24, 11758
42617.11, 11757
42648.5, 11756
42656.66, 11755
42706.71, 11754
42709.13, 11753
42751.38, 11752
42754.46, 11751
42773.68, 11750
42778.04, 11749
42790.57, 11748
42814.07, 11747
42818.91, 11746
42867.05, 11745
42923.97, 11744
42929.31, 11743
42945.55, 11742
42979.88, 11741
42983.48, 11740
43016.66, 11739
43069.85, 11738
43072.02, 11737
43082.83, 11736
43112.11, 11735
43115.07, 11734
43164.23, 11733
43198.78, 11732
43203.1, 11731
43235.65, 11730
43239.21, 11729
43291.54, 11728
43329.76, 11727
43365.42, 11726
43371.02, 11725
43379.58, 11724
43397.3, 11723
43403.98, 11722
43422.02, 11721
43425.82, 11720
43464.45, 11719
43467.61, 11718
43489.62, 11717
43511.31, 11716
43526.28, 11715
43528.42, 11714
43534.13, 11713
43577.09, 11712
43627.81, 11711
43630.79, 11710
43642.72, 11709
43666.15, 11708
43677.3, 11707
43681.42, 11706
43704.11, 11705
43744.52, 11704
43749.38, 11703
43781.03, 11702
43785.56, 11701
43816.77, 11700
43846.03, 11699
43873.57, 11698
43935.17, 11697
43954.81, 11696
43965.35, 11695
43969.42, 11694
43995.99, 11693
44001.64, 11692
44023.01, 11691
44029.25, 11690
44046.45, 11689
44050.44, 11688
44065.29, 11687
44069.48, 11686
44086.64, 11685
44095.15, 11684
44111.13, 11683
44113.78, 11682
44127.96, 11681
44137.25, 11680
44148.32, 11679
44162.19, 11678
44172.65, 11677
44180.19, 11676
44191.03, 11675
44206.54, 11674
44233.18, 11673
44304.56, 11672
44335.82, 11671
44374.38, 11670
44395.3, 11669
44398.28, 11668
44412.0, 11667
44427.45, 11666
44442.17, 11665
44447.03, 11664
44456.17, 11663
44468.25, 11662
44479.19, 11661
44534.11, 11660
44547.27, 11659
44563.56, 11658
44593.55, 11657
44615.51, 11656
44630.57, 11655
44639.64, 11654
44649.46, 11653
44664.24, 11652
44690.49, 11651
44705.07, 11650
44713.83, 11649
44728.22, 11648
44753.69, 11647
44768.23, 11646
44787.48, 11645
44816.68, 11644
44843.54, 11643
44853.14, 11642
44880.35, 11641
44896.75, 11640
44904.68, 11639
44914.48, 11638
44932.43, 11637
44952.38, 11636
44973.47, 11635
44992.96, 11634
44997.82, 11633
45027.1, 11632
45062.17, 11631
45065.18, 11630
45081.09, 11629
45113.16, 11628
45130.58, 11627
45150.48, 11626
45160.4, 11625
45168.74, 11624
45188.98, 11623
45194.5, 11622
45206.33, 11621
45231.43, 11620
45246.42, 11619
45249.39, 11618
45262.76, 11617
45282.67, 11616
45289.18, 11615
45304.06, 11614
45337.89, 11613
45341.03, 11612
45355.61, 11611
45367.07, 11610
45389.8, 11609
45407.61, 11608
45431.33, 11607
45446.92, 11606
45458.86, 11605
45487.29, 11604
45521.78, 11603
45524.62, 11602
45552.95, 11601
45555.97, 11600
45571.67, 11599
45580.53, 11598
45615.57, 11597
45630.57, 11596
45643.75, 11595
45652.89, 11594
45703.08, 11593
45709.97, 11592
45721.07, 11591
45728.62, 11590
45747.28, 11589
45759.31, 11588
45769.23, 11587
45793.68, 11586
45802.57, 11585
45821.36, 11584
45829.19, 11583
45838.68, 11582
45851.4, 11581
45872.97, 11580
45891.48, 11579
45923.19, 11578
45926.19, 11577
45946.65, 11576
45949.16, 11575
45963.59, 11574
45974.79, 11573
45981.19, 11572
45997.69, 11571
46016.71, 11570
46038.86, 11569
46083.33, 11568
46088.56, 11567
46111.07, 11566
46114.1, 11565
46120.27, 11564
46153.92, 11563
46163.64, 11562
46189.82, 11561
46207.83, 11560
46258.13, 11559
46260.55, 11558
46300.76, 11557
46332.75, 11556
46337.23, 11555
46378.08, 11554
46394.4, 11553
46411.02, 11552
46444.26, 11551
46448.47, 11550
46479.41, 11549
46526.5, 11548
46545.38, 11547
46548.44, 11546
46585.97, 11545
46592.77, 11544
46602.03, 11543
46640.36, 11542
46673.42, 11541
46697.23, 11540
46705.82, 11539
46734.41, 11538
46751.16, 11537
46763.43, 11536
46772.13, 11535
46784.41, 11534
46799.77, 11533
46805.55, 11532
46818.12, 11531
46879.58, 11530
46900.26, 11529
46909.54, 11528
46930.11, 11527
46933.1, 11526
46940.53, 11525
46956.89, 11524
46970.19, 11523
46973.22, 11522
46996.07, 11521
47020.19, 11520
47023.16, 11519
47061.19, 11518
47130.45, 11517
47165.36, 11516
47188.62, 11515
47199.66, 11514
47230.21, 11513
47275.79, 11512
47289.84, 11511
47308.83, 11510
47326.26, 11509
47332.47, 11508
47349.93, 11507
47364.82, 11506
47374.99, 11505
47388.06, 11504
47396.73, 11503
47412.88, 11502
47447.4, 11501
47503.0, 11500
47525.04, 11499
47531.37, 11498
47546.3, 11497
47557.38, 11496
47571.59, 11495
47615.25, 11494
47621.08, 11493
47641.75, 11492
47679.16, 11491
47691.3, 11490
47727.69, 11489
47733.55, 11488
47757.37, 11487
47772.25, 11486
47797.12, 11485
47800.2, 11484
47826.12, 11483
47830.57, 11482
47860.32, 11481
47889.67, 11480
47921.18, 11479
47933.31, 11478
47941.46, 11477
47985.2, 11476
48003.16, 11475
48029.38, 11474
48051.69, 11473
48069.19, 11472
48085.02, 11471
48105.53, 11470
48129.9, 11469
48132.85, 11468
48147.18, 11467
48173.1, 11466
48175.19, 11465
48186.9, 11464
48199.01, 11463
48233.55, 11462
48249.64, 11461
48255.6, 11460
48272.88, 11459
48290.61, 11458
48327.79, 11457
48330.8, 11456
48345.47, 11455
48357.85, 11454
48388.59, 11453
48410.27, 11452
48433.58, 11451
48446.39, 11450
48462.6, 11449
48468.68, 11448
48489.86, 11447
48507.63, 11446
48516.22, 11445
48533.72, 11444
48546.73, 11443
48567.49, 11442
48612.15, 11441
48628.08, 11440
48631.13, 11439
48651.06, 11438
48654.98, 11437
48665.67, 11436
48674.08, 11435
48700.18, 11434
48720.48, 11433
48729.08, 11432
48737.58, 11431
48747.3, 11430
48761.54, 11429
48790.5, 11428
48816.5, 11427
48816.56, 11426
48823.74, 11425
48845.09, 11424
48864.69, 11423
48887.68, 11422
48953.08, 11421
48995.36, 11420
49016.97, 11419
49026.98, 11418
49040.62, 11417
49049.2, 11416
49062.27, 11415
49077.11, 11414
49102.04, 11413
49122.45, 11412
49125.47, 11411
49139.86, 11410
49161.06, 11409
49215.06, 11408
49242.8, 11407
49273.72, 11406
49344.01, 11405
49348.78, 11404
49352.44, 11403
49395.82, 11402
49486.91, 11401
49502.69, 11400
49516.69, 11399
49528.22, 11398
49533.21, 11397
49550.82, 11396
49553.78, 11395
49580.46, 11394
49583.41, 11393
49611.27, 11392
49629.41, 11391
49651.36, 11390
49655.19, 11389
49719.11, 11388
49722.41, 11387
49738.61, 11386
49742.7, 11385
49765.23, 11384
49768.17, 11383
49796.01, 11382
49798.99, 11381
49826.32, 11380
49976.06, 11379
49980.92, 11378
49998.31, 11377
50002.52, 11376
50016.36, 11375
50085.49, 11374
50104.36, 11373
50111.67, 11372
50134.37, 11371
50137.86, 11370
50165.73, 11369
50179.7, 11368
50199.3, 11367
50204.38, 11366
50224.06, 11365
50227.36, 11364
50241.52, 11363
50257.35, 11362
50261.06, 11361
50267.02, 11360
50296.27, 11359
50299.24, 11358
50387.26, 11357
50412.06, 11356
50422.63, 11355
50428.88, 11354
50442.57, 11353
50458.45, 11352
50465.93, 11351
50488.54, 11350
50491.48, 11349
50541.94, 11348
50558.73, 11347
50672.7, 11346
50675.7, 11345
50693.4, 11344
50696.38, 11343
50754.44, 11342
50757.84, 11341
50780.41, 11340
50785.5, 11339
50798.71, 11338
50824.66, 11337
50827.71, 11336
50990.73, 11335
50994.87, 11334
51008.85, 11333
51013.07, 11332
51030.27, 11331
51035.73, 11330
51049.87, 11329
51065.14, 11328
51079.66, 11327
51111.89, 11326
51130.36, 11325
51136.92, 11324
51214.47, 11323
51219.42, 11322
51228.13, 11321
51242.9, 11320
51304.94, 11319
51307.93, 11318
51322.73, 11317
51343.4, 11316
51349.38, 11315
51352.38, 11314
51397.96, 11313
51400.91, 11312
51510.94, 11311
51525.0, 11310
51582.26, 11309
51593.76, 11308
51597.89, 11307
51616.36, 11306
51626.02, 11305
51646.42, 11304
51729.33, 11303
51733.6, 11302
51746.93, 11301
51757.88, 11300
51838.15, 11299
51884.35, 11298
51904.27, 11297
51909.18, 11296
51921.04, 11295
51945.23, 11294
51945.25, 11293
51962.24, 11292
51967.6, 11291
51983.62, 11290
51993.93, 11289
52018.97, 11288
52021.33, 11287
52090.85, 11286
52096.87, 11285
52118.79, 11284
52125.38, 11283
52137.6, 11282
52151.68, 11281
52173.33, 11280
52200.75, 11279
52211.56, 11278
52215.98, 11277
52279.96, 11276
52335.39, 11275
52436.99, 11274
52441.56, 11273
52489.29, 11272
52527.48, 11271
52531.87, 11270
52542.82, 11269
52556.45, 11268
52560.76, 11267
52574.62, 11266
52621.4, 11265
52663.14, 11264
52666.13, 11263
52681.02, 11262
52708.45, 11261
52720.27, 11260
52724.98, 11259
52777.44, 11258
52780.37, 11257
52903.76, 11256
52949.89, 11255
52973.17, 11254
52976.22, 11253
52990.71, 11252
53016.86, 11251
53025.89, 11250
53069.71, 11249
53076.66, 11248
53079.6, 11247
53126.87, 11246
53141.91, 11245
53157.47, 11244
53317.98, 11243
53320.85, 11242
53424.66, 11241
53448.85, 11240
53477.02, 11239
53478.18, 11238
53509.2, 11237
53535.88, 11236
53567.84, 11235
53572.21, 11234
53600.29, 11233
53642.32, 11232
53649.31, 11231
53673.64, 11230
53676.67, 11229
53687.21, 11228
53728.13, 11227
53732.87, 11226
53758.06, 11225
53767.35, 11224
53801.76, 11223
53805.44, 11222
53904.0, 11221
53988.21, 11220
54004.29, 11219
54040.98, 11218
54078.36, 11217
54098.19, 11216
54103.76, 11215
54154.8, 11214
54157.79, 11213
54214.36, 11212
54219.07, 11211
54229.01, 11210
54269.89, 11209
54271.61, 11208
54304.31, 11207
54337.84, 11206
54360.64, 11205
54384.75, 11204
54426.37, 11203
54437.96, 11202
54463.81, 11201
54483.26, 11200
54495.95, 11199
54500.09, 11198
54538.71, 11197
54617.72, 11196
54637.63, 11195
54648.53, 11194
54651.56, 11193
54674.2, 11192
54681.03, 11191
54699.23, 11190
54702.29, 11189
54713.75, 11188
54734.16, 11187
54737.26, 11186
54746.69, 11185
54760.95, 11184
54826.59, 11183
54842.99, 11182
54850.69, 11181
54880.71, 11180
54881.93, 11179
54887.82, 11178
54941.35, 11177
54971.56, 11176
55021.98, 11175
55034.47, 11174
55077.9, 11173
55110.48, 11172
55134.04, 11171
55164.2, 11170
55208.03, 11169
55229.62, 11168
55236.95, 11167
55251.52, 11166
55302.41, 11165
55308.75, 11164
55320.24, 11163
55330.69, 11162
55347.62, 11161
55358.93, 11160
55411.62, 11159
55469.01, 11158
55519.79, 11157
55538.92, 11156
55544.01, 11155
55555.06, 11154
55568.4, 11153
55582.25, 11152
55591.86, 11151
55603.27, 11150
55670.12, 11149
55697.91, 11148
55708.04, 11147
55743.65, 11146
55768.64, 11145
55787.53, 11144
55822.51, 11143
55843.04, 11142
55926.29, 11141
55988.19, 11140
56028.87, 11139
56047.3, 11138
56072.06, 11137
56087.2, 11136
56093.66, 11135
56103.78, 11134
56134.74, 11133
56218.54, 11132
56223.95, 11131
56243.29, 11130
56248.54, 11129
56330.48, 11128
56349.82, 11127
56355.22, 11126
56368.74, 11125
56385.06, 11124
56398.31, 11123
56480.01, 11122
56495.9, 11121
56500.73, 11120
56525.54, 11119
56529.65, 11118
56611.59, 11117
56683.71, 11116
56688.47, 11115
56758.39, 11114
56780.38, 11113
56798.38, 11112
56842.39, 11111
56846.35, 11110
56864.73, 11109
56881.16, 11108
56884.84, 11107
56924.29, 11106
56932.61, 11105
57051.33, 11104
57081.56, 11103
57085.74, 11102
57138.64, 11101
57150.33, 11100
57166.11, 11099
57199.21, 11098
57204.01, 11097
57249.53, 11096
57317.86, 11095
57346.85, 11094
57352.3, 11093
57377.39, 11092
57380.78, 11091
57398.42, 11090
57426.68, 11089
57479.14, 11088
57559.81, 11087
57617.99, 11086
57631.88, 11085
57649.6, 11084
57662.93, 11083
57678.2, 11082
57690.62, 11081
57700.69, 11080
57751.2, 11079
57760.72, 11078
57771.63, 11077
57890.46, 11076
57933.8, 11075
57977.16, 11074
57987.14, 11073
58011.73, 11072
58044.79, 11071
58078.5, 11070
58102.42, 11069
58172.86, 11068
58189.01, 11067
58192.0, 11066
58238.52, 11065
58278.95, 11064
58292.4, 11063
58301.66, 11062
58309.48, 11061
58320.34, 11060
58342.07, 11059
58346.51, 11058
58369.63, 11057
58461.39, 11056
58486.22, 11055
58502.31, 11054
58525.47, 11053
58528.43, 11052
58548.04, 11051
58551.02, 11050
58663.14, 11049
58700.05, 11048
58709.13, 11047
58754.87, 11046
58765.92, 11045
58777.23, 11044
58785.82, 11043
58800.76, 11042
58891.89, 11041
58906.57, 11040
58911.46, 11039
59046.48, 11038
59048.02, 11037
59065.38, 11036
59073.58, 11035
59079.99, 11034
59097.73, 11033
59114.32, 11032
59115.46, 11031
59130.37, 11030
59141.01, 11029
59158.14, 11028
59308.84, 11027
59313.16, 11026
59333.0, 11025
59412.59, 11024
59423.71, 11023
59437.85, 11022
59442.99, 11021
59466.65, 11020
59471.84, 11019
59490.39, 11018
59629.31, 11017
59647.27, 11016
59700.87, 11015
59703.72, 11014
59724.09, 11013
59754.22, 11012
59785.15, 11011
59789.33, 11010
59813.83, 11009
59819.39, 11008
59835.24, 11007
59843.08, 11006
59864.44, 11005
59868.75, 11004
59877.6, 11003
59894.72, 11002
59918.44, 11001
59961.18, 11000
59978.4, 10999
60023.24, 10998
60088.51, 10997
60128.91, 10996
60133.19, 10995
60137.52, 10994
60155.04, 10993
60194.81, 10992
60209.25, 10991
60213.3, 10990
60232.69, 10989
60275.23, 10988
60277.75, 10987
