11130.46, 17793
11139.86, 17712
11146.0, 17691
11167.3, 17612
11281.72, 17611
11351.08, 17539
11359.93, 17538
11376.55, 17512
11379.71, 17510
11399.39, 17509
11403.63, 17439
11410.6, 17437
11429.53, 17436
11433.38, 17434
11455.48, 17433
11459.66, 17363
11597.29, 17361
11605.9, 17360
11657.58, 17353
11711.04, 17351
11742.78, 17350
11767.12, 17348
11770.96, 17347
11798.01, 17277
11802.03, 17275
11859.75, 17274
11888.55, 17208
11911.22, 17206
11915.11, 17205
11932.2, 17204
11954.12, 17166
11976.86, 17164
12009.72, 17163
12094.72, 17162
12113.55, 17154
12117.73, 17152
12166.33, 17151
12253.32, 17150
12257.1, 17112
12277.73, 17110
12298.14, 17109
12310.34, 17108
12329.52, 17083
12334.03, 17081
12379.62, 17080
12414.25, 17079
12443.05, 17078
12455.17, 17041
12491.3, 17039
12495.26, 17038
12539.99, 17037
12543.66, 17036
12628.93, 17029
12632.42, 17027
12696.82, 17026
12700.39, 17025
12748.87, 17024
12751.14, 16987
12767.79, 16985
12843.14, 16984
12847.1, 16983
12920.06, 16982
12929.42, 16964
12945.27, 16961
12949.28, 16960
12969.84, 16959
13017.61, 16958
13028.51, 16957
13055.59, 16952
13059.27, 16949
13077.33, 16948
13080.49, 16947
13105.56, 16946
13226.47, 16945
13246.09, 16910
13249.61, 16907
13304.3, 16906
13307.92, 16905
13331.39, 16904
13335.14, 16903
13360.12, 16874
13363.91, 16872
13377.23, 16871
13381.21, 16870
13418.9, 16869
13479.37, 16868
13594.25, 16867
13621.28, 16851
13625.32, 16848
13722.41, 16847
13722.54, 16846
13745.64, 16845
13749.69, 16844
13772.79, 16843
13776.51, 16842
13875.4, 16839
13879.15, 16836
13952.1, 16835
13956.14, 16834
14032.61, 16833
14036.6, 16832
14079.09, 16831
14102.55, 16830
14150.94, 16797
14154.65, 16794
14177.23, 16793
14181.12, 16792
14264.34, 16791
14302.0, 16790
14305.74, 16789
14370.91, 16788
14386.07, 16787
14393.57, 16786
14422.0, 16773
14439.1, 16770
14523.33, 16769
14527.04, 16768
14601.18, 16767
14605.01, 16766
14618.99, 16765
14633.45, 16764
14637.41, 16763
14655.9, 16762
14659.69, 16761
14678.04, 16758
14683.95, 16757
14703.15, 16756
14704.91, 16755
14724.55, 16754
14731.41, 16753
14872.18, 16752
14876.0, 16751
14903.85, 16750
14907.6, 16749
14969.81, 16719
14973.53, 16716
14992.66, 16715
14996.38, 16714
15054.91, 16713
15058.64, 16712
15125.22, 16711
15140.79, 16710
15144.52, 16709
15186.97, 16708
15190.71, 16707
15219.7, 16701
15222.84, 16698
15273.4, 16697
15288.86, 16696
15305.05, 16695
15335.48, 16694
15339.17, 16693
15479.36, 16692
15490.65, 16691
15535.32, 16690
15554.67, 16689
15560.56, 16688
15576.15, 16687
15592.25, 16686
15613.22, 16677
15616.84, 16674
15664.44, 16673
15676.84, 16672
15691.03, 16671
15696.59, 16670
15711.17, 16669
15716.48, 16668
15742.87, 16667
15746.87, 16666
15838.43, 16665
15842.12, 16664
15937.69, 16663
15942.58, 16660
15958.18, 16659
15973.24, 16658
16016.45, 16657
16026.0, 16656
16051.51, 16655
16055.22, 16654
16069.2, 16653
16098.39, 16652
16102.3, 16651
16126.66, 16650
16182.52, 16623
16189.31, 16620
16196.62, 16619
16226.27, 16618
16233.55, 16617
16264.73, 16616
16297.03, 16615
16314.46, 16614
16361.62, 16613
16409.02, 16612
16411.52, 16611
16431.75, 16610
16457.25, 16609
16480.7, 16608
16486.51, 16607
16508.42, 16606
16554.42, 16605
16558.2, 16604
16576.47, 16578
16587.85, 16574
16594.74, 16573
16608.21, 16572
16616.12, 16571
16624.91, 16570
16688.29, 16569
16723.17, 16568
16726.87, 16567
16772.82, 16566
16799.29, 16565
16816.41, 16564
16831.64, 16563
16848.2, 16562
16857.92, 16561
16886.82, 16560
16924.78, 16554
16945.61, 16550
16973.25, 16549
17015.33, 16548
17049.99, 16547
17054.82, 16546
17103.23, 16545
17147.26, 16544
17180.51, 16543
17184.27, 16542
17197.29, 16541
17231.23, 16540
17244.84, 16539
17277.57, 16538
17280.88, 16537
17300.09, 16536
17324.15, 16535
17335.89, 16534
17353.57, 16533
17384.69, 16532
17424.31, 16531
17444.96, 16530
17458.59, 16529
17474.39, 16528
17478.05, 16527
17511.44, 16526
17529.34, 16525
17581.37, 16524
17603.64, 16523
17626.85, 16522
17650.14, 16521
17654.0, 16520
17678.53, 16519
17682.37, 16518
17692.84, 16517
17721.12, 16495
17727.6, 16490
17731.88, 16488
17744.76, 16487
17763.8, 16486
17767.45, 16485
17785.23, 16484
17789.04, 16483
17810.79, 16482
17814.66, 16481
17828.41, 16480
17840.69, 16479
17853.17, 16478
17882.81, 16477
17885.11, 16476
17892.8, 16475
17922.62, 16474
17926.41, 16473
17967.71, 16472
17972.07, 16471
18003.29, 16466
18007.02, 16464
18025.58, 16463
18029.44, 16462
18045.84, 16461
18055.83, 16460
18065.53, 16459
18091.54, 16458
18095.34, 16457
18117.33, 16456
18120.88, 16455
18141.32, 16454
18173.67, 16453
18177.43, 16452
18194.38, 16451
18201.19, 16450
18228.33, 16449
18242.96, 16448
18255.86, 16447
18302.8, 16430
18306.7, 16425
18334.52, 16423
18338.33, 16422
18352.78, 16420
18374.45, 16419
18378.2, 16418
18394.63, 16417
18398.25, 16416
18430.25, 16415
18448.68, 16414
18473.95, 16413
18478.0, 16412
18491.98, 16411
18500.8, 16410
18521.87, 16409
18525.69, 16408
18537.55, 16407
18556.42, 16406
18593.2, 16405
18599.38, 16404
18625.57, 16403
18641.16, 16401
18644.78, 16399
18666.93, 16398
18683.87, 16396
18687.6, 16395
18722.1, 16394
18725.9, 16393
18757.95, 16392
18761.73, 16391
18775.72, 16390
18781.18, 16389
18817.14, 16388
18821.03, 16387
18842.52, 16386
18846.19, 16385
18868.24, 16384
18883.58, 16383
18885.65, 16382
18896.09, 16381
18916.74, 16380
18920.53, 16379
18949.92, 16378
18953.77, 16377
18992.82, 16376
18998.15, 16374
19014.51, 16373
19029.79, 16372
19046.75, 16371
19050.57, 16370
19074.67, 16369
19079.43, 16368
19109.53, 16367
19141.36, 16366
19173.94, 16365
19177.66, 16364
19194.45, 16363
19198.22, 16362
19221.37, 16361
19225.03, 16360
19251.63, 16359
19255.36, 16358
19270.92, 16357
19279.05, 16356
19312.61, 16340
19317.04, 16335
19331.66, 16333
19336.15, 16332
19371.2, 16330
19378.77, 16329
19393.87, 16328
19397.82, 16327
19428.44, 16326
19433.39, 16325
19443.74, 16324
19474.17, 16323
19491.97, 16322
19507.15, 16321
19507.84, 16320
19532.15, 16319
19535.89, 16318
19564.18, 16317
19568.05, 16316
19588.69, 16315
19592.45, 16314
19624.62, 16313
19628.4, 16312
19659.28, 16311
19663.17, 16309
19689.3, 16308
19693.28, 16306
19715.69, 16305
19737.61, 16304
19741.5, 16303
19758.14, 16302
19775.46, 16301
19785.03, 16300
19808.94, 16299
19821.96, 16298
19830.1, 16297
19869.26, 16296
19872.82, 16295
19903.39, 16294
19907.2, 16293
19924.33, 16292
19940.82, 16291
19944.87, 16290
19972.9, 16289
19976.79, 16288
19992.79, 16287
20004.63, 16286
20044.96, 16285
20060.23, 16284
20084.34, 16283
20088.19, 16282
20122.95, 16281
20128.2, 16280
20150.38, 16279
20154.27, 16278
20177.06, 16277
20181.46, 16276
20211.55, 16275
20228.68, 16274
20241.64, 16273
20251.14, 16272
20262.56, 16271
20284.75, 16270
20306.31, 16269
20310.06, 16268
20339.77, 16266
20343.61, 16265
20389.53, 16264
20396.0, 16262
20407.73, 16261
20446.43, 16260
20449.52, 16259
20484.01, 16258
20487.72, 16257
20514.15, 16256
20516.43, 16255
20537.15, 16254
20555.43, 16253
20586.31, 16252
20591.74, 16251
20612.4, 16250
20624.96, 16249
20628.65, 16248
20645.24, 16247
20649.03, 16246
20703.39, 16245
20710.66, 16244
20715.03, 16243
20735.39, 16242
20771.56, 16241
20775.67, 16240
20796.45, 16239
20809.01, 16238
20849.43, 16237
20849.58, 16236
20879.96, 16235
20907.0, 16234
20910.7, 16233
20923.48, 16232
20944.08, 16231
20971.84, 16230
20975.69, 16229
20997.41, 16228
20999.86, 16227
21047.27, 16226
21051.2, 16225
21072.78, 16224
21076.48, 16223
21110.88, 16222
21114.93, 16221
21138.33, 16220
21142.25, 16219
21184.59, 16218
21188.33, 16216
21205.29, 16215
21209.71, 16214
21244.03, 16212
21265.83, 16211
21293.93, 16210
21299.02, 16209
21319.95, 16208
21323.16, 16207
21364.1, 16206
21368.03, 16205
21386.91, 16204
21390.54, 16203
21417.89, 16202
21422.0, 16201
21436.52, 16200
21442.73, 16199
21459.96, 16198
21484.12, 16197
21487.8, 16196
21534.88, 16195
21572.46, 16194
21591.15, 16193
21594.93, 16192
21651.05, 16191
21653.67, 16190
21675.03, 16189
21679.58, 16188
21700.19, 16187
21703.96, 16186
21716.32, 16185
21739.73, 16184
21743.54, 16183
21772.87, 16182
21776.57, 16181
21816.26, 16180
21819.96, 16179
21849.22, 16178
21853.05, 16177
21876.47, 16176
21880.36, 16175
21906.3, 16174
21941.76, 16173
21946.13, 16172
21972.88, 16170
21997.37, 16169
22053.07, 16168
22056.85, 16167
22063.63, 16166
22079.03, 16165
22105.67, 16164
22126.41, 16163
22129.98, 16162
22139.22, 16161
22147.87, 16160
22158.75, 16159
22170.86, 16158
22182.21, 16157
22203.41, 16156
22215.68, 16153
22226.44, 16152
22237.73, 16151
22249.1, 16149
22263.82, 16148
22562.04, 16146
22565.03, 16145
22575.76, 16143
22587.08, 16142
22606.47, 16141
22622.83, 16140
22626.46, 16139
22635.21, 16138
22646.16, 16137
22657.41, 16136
22668.42, 16135
22683.83, 16134
22711.05, 16133
22713.71, 16132
22725.59, 16131
22749.74, 16130
22753.71, 16129
22789.39, 16128
22792.57, 16127
22809.85, 16126
22819.04, 16125
22829.54, 16124
22834.78, 16123
22857.6, 16122
22858.82, 16121
22877.4, 16120
22887.72, 16119
22900.34, 16118
22917.32, 16117
22919.3, 16116
22952.0, 16115
22954.43, 16114
22967.99, 16113
22987.81, 16112
22998.06, 16111
23009.8, 16110
23025.38, 16108
23031.44, 16107
23059.4, 16105
23063.09, 16104
23071.88, 16102
23086.4, 16101
23101.2, 16100
23115.14, 16099
23133.92, 16098
23140.32, 16097
23153.55, 16096
23172.41, 16095
23176.75, 16094
23192.65, 16093
23202.93, 16092
23214.89, 16091
23232.92, 16090
23242.42, 16089
23250.12, 16088
23265.62, 16087
23275.85, 16086
23301.03, 16085
23311.99, 16084
23322.25, 16083
23344.13, 16082
23349.54, 16081
23357.7, 16080
23373.11, 16079
23386.78, 16078
23402.4, 16077
23423.05, 16076
23435.62, 16075
23446.26, 16074
23470.72, 16073
23486.46, 16072
23498.03, 16071
23505.94, 16070
23517.52, 16069
23534.09, 16068
23568.76, 16067
23584.58, 16066
23592.82, 16065
23607.34, 16064
23623.08, 16063
23626.69, 16062
23659.08, 16061
23662.82, 16060
23685.61, 16059
23689.44, 16058
23701.59, 16057
23721.06, 16056
23741.9, 16055
23745.4, 16054
23760.89, 16053
23779.29, 16052
23799.27, 16051
23809.7, 16050
23818.26, 16048
23825.77, 16047
23840.32, 16045
23873.29, 16044
23897.72, 16043
23901.22, 16041
23929.55, 16040
23932.32, 16039
23958.11, 16038
23961.7, 16037
23990.35, 16036
23995.42, 16035
24016.42, 16034
24020.21, 16033
24047.04, 16032
24049.63, 16031
24075.04, 16030
24101.08, 16029
24105.08, 16028
24132.1, 16027
24135.69, 16026
24153.11, 16025
24156.8, 16024
24225.44, 16023
24229.04, 16022
24247.38, 16021
24251.6, 16020
24265.2, 16019
24288.54, 16018
24292.23, 16017
24314.09, 16016
24317.56, 16015
24325.8, 16014
24370.49, 16013
24374.16, 16012
24388.86, 16011
24392.53, 16010
24422.24, 16009
24425.9, 16008
24447.12, 16007
24450.81, 16006
24471.74, 16005
24475.13, 16004
24501.63, 16003
24505.21, 16002
24530.97, 16001
24552.4, 16000
24585.39, 15999
24589.28, 15998
24599.04, 15997
24618.35, 15996
24639.21, 15995
24642.81, 15994
24677.51, 15993
24707.44, 15992
24711.06, 15991
24736.28, 15990
24739.91, 15989
24761.19, 15988
24764.64, 15987
24790.08, 15986
24807.45, 15985
24813.02, 15984
24833.64, 15983
24837.61, 15982
24859.22, 15981
24897.89, 15980
24901.54, 15978
24923.32, 15977
24926.95, 15975
24950.96, 15974
24955.32, 15973
24988.75, 15972
24992.7, 15970
25015.99, 15969
25043.81, 15968
25047.66, 15967
25071.56, 15966
25073.52, 15965
25100.85, 15964
25118.43, 15963
25122.04, 15962
25146.03, 15961
25156.78, 15960
25157.18, 15959
25180.85, 15958
25187.31, 15957
25219.97, 15956
25223.51, 15955
25267.0, 15954
25270.65, 15953
25293.35, 15952
25297.24, 15951
25322.7, 15950
25332.4, 15949
25353.84, 15948
25357.82, 15947
25376.25, 15946
25403.23, 15945
25406.34, 15944
25419.84, 15943
25433.27, 15942
25457.77, 15941
25461.77, 15940
25494.27, 15939
25497.96, 15938
25509.53, 15937
25526.4, 15936
25530.07, 15935
25559.73, 15934
25563.19, 15933
25589.18, 15932
25592.87, 15931
25617.47, 15930
25621.16, 15929
25642.18, 15928
25645.8, 15927
25671.8, 15926
25675.53, 15925
25723.86, 15923
25727.24, 15922
25756.16, 15921
25759.76, 15920
25777.87, 15918
25781.52, 15917
25803.38, 15916
25818.06, 15915
25827.75, 15914
25853.24, 15913
25856.89, 15912
25886.3, 15911
25926.99, 15910
25930.28, 15909
25938.68, 15908
25953.01, 15907
25977.98, 15906
25981.61, 15905
26004.62, 15904
26031.1, 15903
26034.32, 15902
26044.75, 15901
26057.24, 15900
26078.97, 15899
26082.64, 15898
26122.79, 15897
26126.44, 15896
26145.98, 15895
26149.92, 15894
26166.92, 15893
26172.68, 15892
26198.28, 15891
26202.66, 15890
26210.14, 15889
26222.69, 15888
26241.22, 15887
26269.3, 15886
26292.53, 15885
26301.64, 15884
26351.97, 15883
26352.86, 15882
26366.0, 15881
26380.5, 15880
26389.2, 15879
26403.07, 15878
26415.78, 15877
26423.39, 15876
26445.67, 15875
26463.49, 15874
26501.63, 15873
26523.58, 15872
26535.09, 15871
26552.4, 15870
26558.35, 15869
26578.48, 15868
26588.98, 15867
26609.84, 15866
26632.6, 15865
26649.57, 15864
26662.61, 15863
26669.32, 15862
26680.65, 15861
26699.44, 15860
26718.31, 15859
26733.81, 15857
26750.15, 15856
26774.65, 15855
26783.72, 15854
26807.33, 15853
26810.93, 15852
26822.17, 15851
26835.65, 15850
26844.12, 15849
26874.75, 15848
26887.3, 15847
26907.52, 15846
26928.38, 15845
26942.77, 15844
26958.51, 15843
26974.97, 15842
26990.77, 15841
27005.36, 15840
27025.33, 15839
27031.08, 15838
27036.65, 15837
27053.06, 15836
27069.38, 15835
27072.94, 15834
27085.12, 15833
27097.88, 15832
27123.24, 15831
27125.77, 15830
27149.75, 15829
27167.58, 15828
27180.62, 15827
27199.16, 15826
27213.52, 15825
27234.72, 15824
27241.33, 15823
27274.46, 15822
27283.59, 15821
27303.12, 15820
27343.93, 15819
27352.6, 15818
27365.87, 15817
27383.7, 15816
27398.34, 15815
27410.95, 15814
27424.73, 15813
27441.59, 15812
27462.57, 15811
27492.73, 15810
27507.65, 15809
27521.43, 15808
27535.05, 15807
27551.8, 15806
27566.86, 15805
27578.27, 15804
27594.25, 15803
27603.0, 15802
27622.24, 15801
27635.44, 15800
27649.6, 15799
27682.7, 15798
27704.64, 15796
27710.48, 15795
27730.93, 15794
27746.69, 15793
27758.4, 15792
27773.27, 15791
27784.18, 15790
27797.36, 15789
27814.39, 15788
27835.2, 15787
27843.78, 15786
27855.42, 15785
27865.51, 15784
27877.36, 15783
27887.87, 15782
27903.36, 15781
27913.97, 15780
27924.86, 15779
27939.42, 15778
27956.03, 15777
27970.68, 15776
27999.14, 15775
28011.88, 15774
28041.29, 15773
28049.76, 15772
28058.32, 15771
28073.39, 15770
28108.04, 15769
28112.81, 15768
28124.94, 15767
28130.81, 15766
28151.35, 15765
28165.14, 15764
28176.96, 15763
28197.67, 15762
28206.44, 15761
28214.14, 15760
28229.93, 15759
28243.36, 15758
28258.26, 15757
28287.52, 15756
28300.39, 15755
28315.85, 15754
28334.11, 15753
28358.11, 15752
28369.54, 15751
28379.69, 15750
28391.44, 15749
28430.21, 15748
28448.74, 15747
28466.14, 15746
28484.79, 15745
28498.55, 15744
28519.69, 15743
28531.92, 15742
28550.1, 15741
28564.9, 15740
28577.32, 15739
28588.81, 15738
28601.13, 15737
28625.67, 15736
28642.37, 15735
28657.26, 15734
28690.51, 15733
28698.21, 15732
28711.07, 15731
28727.49, 15730
28747.72, 15729
28761.64, 15728
28795.58, 15727
28810.87, 15726
28830.28, 15725
28839.74, 15724
28854.51, 15723
28868.12, 15722
28879.84, 15721
28890.52, 15720
28899.79, 15719
28942.31, 15718
28949.31, 15717
28972.45, 15716
28989.16, 15715
29006.26, 15714
29018.88, 15713
29035.92, 15712
29052.7, 15711
29061.54, 15710
29087.11, 15709
29124.59, 15708
29140.45, 15707
29145.12, 15706
29175.34, 15705
29184.99, 15704
29202.91, 15703
29214.72, 15702
29260.51, 15701
29280.28, 15700
29288.95, 15699
29303.48, 15698
29319.6, 15697
29335.76, 15696
29354.59, 15695
29370.42, 15694
29387.23, 15693
29403.04, 15692
29418.17, 15691
29447.23, 15690
29455.65, 15689
29473.38, 15688
29497.82, 15687
29502.24, 15686
29529.97, 15685
29533.71, 15684
29550.38, 15683
29556.67, 15682
29573.04, 15681
29594.48, 15680
29615.6, 15679
29624.54, 15678
29642.06, 15677
29655.06, 15676
29670.37, 15675
29689.05, 15674
29701.76, 15673
29720.6, 15672
29749.47, 15671
29769.09, 15670
29795.28, 15669
29808.97, 15668
29817.42, 15667
29830.86, 15666
29841.74, 15665
29851.33, 15664
29905.13, 15663
29932.99, 15662
29947.89, 15661
29972.05, 15660
29984.13, 15659
29999.29, 15658
30016.38, 15657
30031.14, 15656
30046.74, 15655
30066.05, 15654
30081.25, 15653
30097.2, 15652
30127.88, 15651
30141.36, 15650
30156.85, 15649
30180.03, 15648
30194.03, 15647
30212.87, 15646
30223.37, 15645
30241.64, 15644
30255.73, 15643
30273.12, 15642
30288.95, 15641
30298.37, 15640
30313.88, 15639
30336.38, 15638
30356.23, 15637
30360.33, 15636
30373.02, 15635
30392.97, 15634
30418.92, 15633
30428.93, 15632
30442.06, 15631
30456.97, 15630
30473.82, 15629
30478.52, 15628
30492.68, 15627
30502.86, 15626
30513.65, 15625
30549.7, 15624
30554.68, 15623
30589.11, 15622
30603.98, 15621
30614.4, 15620
30624.72, 15619
30637.42, 15618
30649.16, 15617
30686.41, 15616
30700.57, 15615
30713.68, 15614
30729.68, 15613
30743.94, 15612
30749.33, 15611
30760.38, 15610
30775.05, 15609
30785.33, 15608
30797.19, 15607
30821.87, 15606
30833.2, 15605
30848.06, 15604
30866.0, 15603
30880.62, 15602
30908.6, 15601
30924.78, 15600
30928.45, 15599
30980.62, 15598
30992.84, 15597
31024.57, 15596
31039.72, 15595
31068.07, 15594
31073.12, 15593
31104.98, 15592
31116.07, 15591
31133.27, 15590
31156.64, 15589
31160.24, 15588
31188.75, 15587
31198.58, 15586
31219.97, 15585
31223.71, 15584
31237.87, 15583
31276.65, 15582
31280.28, 15581
31299.31, 15580
31302.76, 15579
31334.3, 15578
31337.68, 15577
31372.74, 15576
31376.44, 15575
31383.77, 15574
31416.19, 15573
31419.9, 15572
31433.52, 15571
31446.67, 15570
31458.93, 15569
31475.82, 15568
31507.62, 15567
31513.03, 15566
31519.84, 15565
31551.73, 15564
31559.66, 15563
31564.11, 15562
31581.09, 15561
31592.03, 15560
31634.43, 15559
31638.1, 15558
31669.51, 15557
31672.65, 15556
31707.22, 15555
31710.8, 15554
31732.9, 15553
31736.59, 15552
31790.43, 15551
31793.97, 15550
31809.97, 15549
31829.02, 15548
31837.62, 15547
31889.17, 15546
31892.85, 15545
31929.71, 15544
31932.4, 15543
31963.89, 15542
31967.42, 15541
31995.59, 15540
31999.28, 15539
32008.65, 15538
32028.57, 15537
32032.25, 15536
32044.46, 15535
32054.21, 15534
32071.87, 15533
32101.41, 15532
32103.7, 15531
32113.25, 15530
32181.99, 15529
32188.91, 15528
32201.52, 15527
32219.74, 15526
32223.3, 15525
32250.15, 15524
32253.93, 15523
32268.51, 15522
32281.14, 15521
32294.18, 15520
32312.06, 15519
32316.52, 15518
32337.16, 15517
32364.1, 15516
32367.65, 15515
32381.13, 15514
32409.33, 15513
32414.88, 15512
32420.65, 15511
32767.73, 15510
32795.78, 15509
32806.59, 15508
32852.48, 15507
32856.1, 15506
32888.59, 15505
32903.73, 15504
32925.2, 15503
32929.1, 15502
32937.76, 15501
32951.33, 15500
32974.1, 15499
32977.69, 15498
33008.6, 15497
33029.61, 15496
33033.28, 15495
33053.22, 15494
33060.31, 15493
33089.73, 15492
33092.55, 15491
33108.82, 15490
33123.54, 15489
33127.0, 15488
33166.12, 15487
33169.62, 15486
33198.97, 15485
33202.55, 15484
33237.22, 15483
33240.79, 15482
33271.03, 15481
33274.72, 15480
33314.1, 15479
33317.25, 15478
33325.68, 15477
33348.42, 15476
33357.71, 15475
33371.91, 15474
33382.96, 15473
33413.21, 15472
33414.39, 15471
33423.51, 15470
33450.62, 15469
33454.12, 15468
33497.17, 15467
33498.41, 15466
33524.44, 15465
33529.89, 15464
33541.25, 15463
33571.01, 15462
33574.2, 15461
33615.05, 15460
33618.65, 15459
33642.32, 15458
33646.66, 15457
33671.74, 15456
33675.29, 15455
33693.14, 15454
33696.84, 15453
33719.66, 15452
33736.39, 15451
33764.5, 15450
33768.21, 15449
33789.46, 15448
33793.13, 15447
33821.78, 15446
33825.44, 15445
33839.94, 15444
33862.72, 15443
33866.33, 15442
33882.76, 15441
33905.86, 15440
33915.98, 15439
33944.27, 15438
33948.74, 15437
33972.18, 15436
33979.37, 15435
34033.38, 15434
34037.16, 15433
34075.59, 15432
34084.87, 15431
34112.42, 15430
34116.1, 15429
34155.91, 15428
34159.56, 15427
34182.35, 15426
34185.94, 15425
34212.77, 15424
34236.17, 15423
34239.78, 15422
34266.89, 15421
34270.46, 15420
34296.04, 15419
34299.15, 15418
34314.24, 15417
34342.39, 15416
34346.04, 15415
34379.46, 15414
34382.36, 15413
34396.04, 15412
34424.57, 15411
34428.13, 15410
34441.55, 15409
34465.22, 15408
34468.61, 15407
34491.43, 15406
34495.16, 15405
34518.83, 15404
34522.47, 15403
34543.19, 15402
34554.13, 15401
34595.0, 15400
34598.04, 15399
34620.29, 15398
34637.79, 15397
34645.73, 15396
34667.34, 15395
34671.02, 15394
34696.75, 15393
34700.36, 15392
34722.99, 15391
34726.63, 15390
34775.06, 15389
34792.65, 15388
34803.41, 15387
34824.52, 15386
34836.36, 15385
34844.28, 15384
34861.13, 15383
34870.58, 15382
34917.66, 15381
34921.39, 15380
34948.51, 15379
34950.16, 15378
34960.7, 15377
34989.18, 15376
35012.1, 15375
35015.77, 15374
35037.01, 15373
35040.64, 15372
35053.99, 15371
35082.44, 15370
35084.63, 15369
35103.77, 15368
35107.55, 15367
35143.47, 15366
35158.25, 15365
35179.72, 15364
35183.37, 15363
35199.37, 15362
35203.09, 15361
35236.54, 15360
35239.87, 15359
35285.52, 15358
35289.18, 15357
35318.84, 15356
35322.44, 15355
35332.11, 15354
35348.71, 15353
35359.16, 15352
35392.48, 15351
35411.88, 15350
35416.85, 15349
35438.18, 15348
35441.61, 15347
35458.25, 15346
35490.67, 15345
35521.5, 15344
35525.19, 15343
35547.59, 15342
35574.77, 15341
35578.44, 15340
35594.53, 15339
35609.22, 15338
35612.48, 15337
35654.29, 15336
35657.88, 15335
35674.93, 15334
35704.71, 15333
35722.5, 15332
35749.83, 15331
35756.94, 15330
35760.41, 15329
35791.67, 15328
35795.41, 15327
35817.05, 15326
35842.77, 15325
35846.28, 15324
35865.39, 15323
35866.86, 15322
35880.42, 15321
35902.71, 15320
35911.0, 15319
35936.66, 15318
35953.51, 15317
35959.63, 15316
35980.52, 15315
36026.3, 15314
36029.93, 15313
36046.84, 15312
36068.46, 15311
36072.18, 15310
36088.69, 15309
36109.49, 15308
36113.08, 15307
36134.49, 15306
36139.43, 15305
36158.16, 15304
36176.2, 15303
36191.07, 15302
36219.16, 15301
36246.43, 15300
36264.33, 15299
36289.78, 15298
36309.66, 15297
36321.31, 15296
36339.11, 15295
36342.72, 15294
36355.97, 15293
36375.07, 15292
36397.2, 15291
36440.8, 15290
36456.03, 15289
36478.27, 15288
36481.97, 15287
36497.03, 15286
36508.1, 15285
36529.03, 15284
36547.52, 15283
36567.44, 15282
36578.57, 15281
36608.99, 15280
36624.9, 15279
36639.97, 15278
36650.0, 15277
36684.93, 15276
36697.56, 15275
36703.23, 15274
36717.72, 15273
36732.62, 15272
36747.34, 15271
36762.58, 15270
36776.05, 15269
36794.13, 15268
36806.76, 15267
36838.56, 15266
36849.68, 15265
36864.96, 15264
36878.75, 15263
36898.22, 15262
36924.75, 15261
36930.51, 15260
36957.6, 15259
36961.51, 15258
36970.52, 15257
36995.54, 15256
37031.69, 15255
37047.73, 15254
37068.3, 15253
37083.53, 15252
37094.5, 15251
37106.0, 15250
37117.65, 15249
37134.17, 15248
37145.62, 15247
37158.72, 15246
37172.76, 15245
37181.03, 15244
37198.8, 15243
37215.28, 15242
37224.96, 15241
37236.84, 15240
37263.66, 15239
37276.36, 15238
37289.9, 15237
37299.39, 15236
37314.1, 15235
37325.18, 15234
37347.49, 15233
37351.01, 15232
37364.39, 15231
37397.02, 15230
37421.0, 15229
37439.21, 15228
37456.38, 15227
37480.05, 15226
37488.26, 15225
37508.6, 15224
37521.51, 15223
37542.17, 15222
37557.03, 15221
37567.37, 15220
37579.81, 15219
37599.0, 15218
37615.85, 15217
37634.44, 15216
37650.54, 15215
37686.69, 15214
37717.47, 15213
37741.43, 15212
37757.65, 15211
37777.57, 15210
37802.84, 15209
37816.75, 15208
37842.55, 15207
37857.4, 15206
37867.41, 15205
37881.42, 15204
37893.85, 15203
37905.47, 15202
37919.82, 15201
37931.63, 15200
37946.39, 15199
37976.58, 15198
37980.23, 15197
37997.95, 15196
38011.32, 15195
38040.39, 15194
38055.46, 15193
38082.53, 15192
38096.73, 15191
38113.51, 15190
38125.57, 15189
38141.41, 15188
38153.18, 15187
38195.06, 15186
38200.28, 15185
38216.09, 15184
38233.75, 15183
38252.1, 15182
38289.89, 15181
38305.51, 15180
38315.94, 15179
38330.79, 15178
38348.15, 15177
38367.82, 15176
38381.5, 15175
38391.59, 15174
38410.59, 15173
38413.14, 15172
38430.75, 15171
38441.28, 15170
38449.5, 15169
38464.53, 15168
38480.87, 15167
38505.11, 15166
38522.1, 15165
38537.96, 15164
38556.95, 15163
38577.12, 15162
38605.56, 15161
38620.95, 15160
38640.18, 15159
38654.48, 15158
38675.81, 15157
38704.75, 15156
38716.2, 15155
38731.32, 15154
38747.67, 15153
38777.62, 15152
38794.8, 15151
38805.53, 15150
38820.47, 15149
38862.08, 15148
38866.28, 15147
38880.47, 15146
38891.72, 15145
38908.39, 15144
38932.31, 15143
38941.77, 15142
38952.31, 15141
38967.79, 15140
38980.5, 15139
38995.37, 15138
39023.13, 15137
39043.51, 15136
39059.82, 15135
39092.49, 15134
39101.29, 15133
39124.78, 15132
39138.21, 15131
39155.24, 15130
39170.94, 15129
39187.28, 15128
39212.3, 15127
39223.95, 15126
39245.52, 15125
39282.15, 15124
39294.18, 15123
39306.35, 15122
39334.22, 15121
39349.19, 15120
39365.55, 15119
39383.01, 15118
39401.43, 15117
39420.49, 15116
39446.82, 15115
39460.1, 15114
39479.66, 15113
39493.68, 15112
39506.41, 15111
39528.22, 15110
39548.12, 15109
39562.17, 15108
39583.21, 15107
39625.37, 15106
39625.7, 15105
39640.92, 15104
39656.3, 15103
39672.02, 15102
39689.24, 15101
39692.91, 15100
39711.19, 15099
39720.9, 15098
39742.09, 15097
39762.15, 15096
39773.95, 15095
39799.02, 15094
39814.78, 15093
39844.12, 15092
39852.16, 15091
39868.48, 15090
39891.88, 15089
39901.62, 15088
39916.02, 15087
39931.0, 15086
39956.85, 15085
39969.48, 15084
39996.7, 15083
40007.58, 15082
40038.57, 15081
40043.97, 15080
40051.34, 15079
40067.46, 15078
40122.77, 15077
40131.27, 15076
40149.82, 15075
40166.53, 15074
40179.27, 15073
40195.88, 15072
40212.72, 15071
40227.95, 15070
40246.41, 15069
40261.05, 15068
40280.19, 15067
40293.59, 15066
40306.93, 15065
40321.45, 15064
40330.9, 15063
40362.93, 15062
40366.73, 15061
40384.09, 15060
40406.66, 15059
40419.65, 15058
40441.94, 15057
40463.61, 15056
40474.57, 15055
40490.44, 15054
40517.98, 15053
40534.39, 15052
40560.01, 15051
40571.46, 15050
40595.92, 15049
40604.1, 15048
40623.53, 15047
40632.76, 15046
40650.75, 15045
40664.01, 15044
40672.68, 15043
40683.88, 15042
40697.39, 15041
40713.42, 15040
40732.62, 15039
40741.1, 15038
40786.09, 15037
40814.95, 15036
40834.56, 15035
40850.39, 15034
40879.65, 15033
40883.26, 15032
40901.25, 15031
40918.69, 15030
40934.77, 15029
40951.16, 15028
40977.93, 15027
40992.43, 15026
41020.15, 15025
41031.23, 15024
41045.99, 15023
41080.67, 15022
41097.41, 15021
41108.93, 15020
41140.44, 15019
41158.28, 15018
41166.39, 15017
41189.85, 15016
41208.22, 15015
41226.49, 15014
41230.33, 15013
41240.76, 15012
41250.55, 15011
41285.85, 15010
41289.58, 15009
41318.94, 15008
41345.1, 15007
41386.36, 15006
41396.17, 15005
41399.81, 15004
41412.38, 15003
41442.84, 15002
41446.57, 15001
41464.67, 15000
41485.82, 14999
41489.43, 14998
41517.36, 14997
41520.98, 14996
41554.07, 14995
41557.73, 14994
41587.73, 14993
41591.4, 14992
41626.94, 14991
41649.59, 14990
41653.41, 14989
41680.62, 14988
41702.36, 14987
41704.07, 14986
41731.84, 14985
41734.96, 14984
41759.34, 14983
41765.14, 14982
41773.21, 14981
41809.06, 14980
41812.56, 14979
41826.79, 14978
41854.57, 14977
41875.89, 14976
41911.27, 14975
41914.94, 14974
41939.36, 14973
41966.75, 14972
41968.83, 14971
41989.37, 14970
41992.95, 14969
42001.59, 14968
42023.43, 14967
42045.31, 14966
42049.0, 14965
42068.09, 14964
42071.84, 14963
42097.41, 14962
42101.1, 14961
42129.41, 14960
42133.05, 14959
42162.44, 14958
42166.13, 14957
42200.96, 14956
42236.51, 14955
42266.0, 14954
42269.62, 14953
42293.44, 14952
42299.71, 14951
42325.43, 14950
42329.09, 14949
42352.32, 14948
42355.95, 14947
42396.58, 14946
42406.25, 14945
42426.44, 14944
42449.67, 14943
42471.98, 14942
42475.68, 14941
42510.77, 14940
42537.73, 14939
42541.37, 14938
42566.02, 14937
42569.82, 14936
42580.92, 14935
42607.51, 14934
42631.35, 14933
42641.62, 14932
42687.45, 14931
42713.31, 14930
42715.91, 14929
42743.7, 14928
42747.72, 14927
42758.61, 14926
42784.9, 14925
42788.78, 14924
42820.32, 14923
42823.95, 14922
42832.02, 14921
42858.21, 14920
42891.54, 14919
42895.79, 14918
42915.93, 14917
42936.19, 14916
42942.37, 14915
42953.33, 14914
42980.8, 14913
42998.11, 14912
43002.17, 14911
43027.67, 14910
43031.41, 14909
43041.27, 14908
43079.83, 14907
43083.56, 14906
43111.51, 14905
43115.16, 14904
43122.77, 14903
43148.28, 14902
43182.48, 14901
43186.14, 14900
43209.66, 14899
43213.37, 14898
43233.13, 14897
43260.12, 14896
43263.84, 14895
43293.86, 14894
43297.71, 14893
43319.42, 14892
43322.92, 14891
43343.42, 14890
43355.25, 14889
43589.82, 14888
43593.47, 14887
43631.96, 14886
43638.94, 14885
43655.18, 14884
43676.93, 14883
43682.83, 14882
43707.82, 14881
43736.97, 14880
43740.59, 14879
43762.32, 14878
43765.23, 14877
43822.07, 14876
43824.61, 14875
43844.66, 14874
43848.0, 14873
43874.74, 14872
43878.48, 14871
43915.62, 14870
43919.35, 14869
43950.13, 14868
43953.83, 14867
43977.24, 14866
43981.01, 14865
43995.72, 14864
44015.1, 14863
44041.05, 14862
44059.1, 14861
44063.19, 14860
44078.35, 14859
44086.92, 14858
44136.8, 14857
44140.9, 14856
44157.27, 14855
44163.9, 14854
44199.94, 14853
44227.27, 14852
44234.35, 14851
44258.79, 14850
44267.36, 14849
44318.53, 14848
44322.19, 14847
44336.99, 14846
44356.09, 14845
44374.05, 14844
44400.89, 14843
44404.48, 14842
44423.5, 14841
44428.53, 14840
44453.93, 14839
44457.58, 14838
44467.14, 14837
44488.1, 14836
44515.85, 14835
44550.4, 14834
44560.79, 14833
44579.5, 14832
44604.45, 14831
44608.12, 14830
44636.93, 14829
44665.65, 14828
44669.21, 14827
44679.19, 14826
44705.13, 14825
44709.58, 14824
44733.13, 14823
44736.74, 14822
44766.25, 14821
44769.71, 14820
44781.66, 14819
44799.8, 14818
44813.32, 14817
44856.92, 14816
44860.54, 14815
44893.96, 14814
44897.59, 14813
44915.87, 14812
44939.55, 14811
44943.18, 14810
44958.2, 14809
44964.72, 14808
44985.9, 14807
44989.54, 14806
45009.55, 14805
45029.51, 14804
45049.58, 14803
45078.26, 14802
45081.92, 14801
45096.23, 14800
45126.37, 14799
45130.87, 14798
45189.81, 14797
45193.49, 14796
45235.54, 14795
45239.37, 14794
45260.85, 14793
45264.57, 14792
45294.39, 14791
45309.18, 14790
45321.85, 14789
45325.03, 14788
45348.69, 14787
45377.03, 14786
45392.73, 14785
45396.29, 14784
45433.01, 14783
45443.51, 14782
45458.89, 14781
45519.24, 14780
45522.92, 14779
45539.5, 14778
45557.35, 14777
45561.09, 14776
45583.45, 14775
45587.51, 14774
45609.88, 14773
45624.77, 14772
45660.11, 14771
45670.61, 14770
45674.22, 14769
45688.05, 14768
45716.9, 14767
45721.84, 14766
45737.76, 14765
45769.72, 14764
45777.05, 14763
45796.07, 14762
45805.51, 14761
45827.77, 14760
45837.84, 14759
45857.09, 14758
45868.25, 14757
45882.53, 14756
45918.88, 14755
45924.41, 14754
45950.96, 14753
45954.62, 14752
45985.36, 14751
46015.67, 14750
46020.15, 14749
46037.34, 14748
46072.04, 14747
46075.67, 14746
46103.28, 14745
46109.55, 14744
46122.3, 14743
46140.93, 14742
46171.29, 14741
46174.93, 14740
46189.72, 14739
46218.07, 14738
46224.5, 14737
46251.41, 14736
46262.02, 14735
46266.69, 14734
46314.21, 14733
46330.0, 14732
46339.85, 14731
46358.35, 14730
46387.86, 14729
46428.6, 14728
46440.29, 14727
46456.67, 14726
46472.78, 14725
46509.92, 14724
46523.23, 14723
46537.44, 14722
46551.19, 14721
46565.68, 14720
46580.03, 14719
46594.87, 14718
46607.71, 14717
46630.0, 14716
46667.13, 14715
46688.15, 14714
46701.48, 14713
46715.98, 14712
46741.33, 14711
46764.94, 14710
46774.69, 14709
46806.66, 14708
46810.26, 14707
46828.92, 14706
46840.8, 14705
46862.29, 14704
46895.47, 14703
46906.47, 14702
46923.62, 14701
46939.24, 14700
46956.94, 14699
46966.02, 14698
46982.22, 14697
47008.45, 14696
47023.65, 14695
47040.93, 14694
47057.17, 14693
47074.83, 14692
47090.99, 14691
47109.52, 14690
47132.26, 14689
47157.94, 14688
47179.68, 14687
47191.2, 14686
47206.87, 14685
47223.07, 14684
47257.71, 14683
47278.66, 14682
47289.28, 14681
47304.72, 14680
47315.35, 14679
47333.13, 14678
47340.98, 14677
47357.01, 14676
47371.94, 14675
47391.14, 14674
47409.21, 14673
47429.59, 14672
47441.54, 14671
47461.55, 14670
47481.32, 14669
47498.69, 14668
47512.96, 14667
47529.83, 14666
47557.13, 14665
47584.02, 14664
47587.72, 14663
47613.37, 14662
47635.43, 14661
47650.08, 14660
47672.21, 14659
47678.13, 14658
47701.41, 14657
47740.65, 14656
47744.26, 14655
47815.55, 14654
47819.11, 14653
47829.91, 14652
47845.81, 14651
47871.35, 14650
47886.7, 14649
47911.36, 14648
47928.57, 14647
47942.9, 14646
47967.44, 14645
47980.07, 14644
48011.91, 14643
48018.17, 14642
48041.71, 14641
48054.21, 14640
48084.75, 14639
48100.17, 14638
48125.1, 14637
48132.12, 14636
48149.45, 14635
48187.76, 14634
48191.55, 14633
48222.74, 14632
48243.13, 14631
48257.96, 14630
48282.18, 14629
48302.62, 14628
48330.97, 14627
48334.79, 14626
48348.06, 14625
48388.38, 14624
48407.57, 14623
48413.42, 14622
48429.89, 14621
48457.88, 14620
48477.46, 14619
48492.67, 14618
48507.01, 14617
48524.08, 14616
48550.04, 14615
48564.73, 14614
48580.92, 14613
48597.34, 14612
48606.03, 14611
48631.52, 14610
48641.42, 14609
48666.64, 14608
48703.86, 14607
48712.04, 14606
48731.21, 14605
48759.92, 14604
48782.36, 14603
48808.2, 14602
48830.53, 14601
48843.1, 14600
48880.38, 14599
48890.91, 14598
48919.25, 14597
48943.46, 14596
48966.28, 14595
48981.57, 14594
48998.59, 14593
49020.63, 14592
49040.02, 14591
49050.93, 14590
49074.54, 14589
49087.86, 14588
49106.68, 14587
49137.77, 14586
49151.52, 14585
49163.75, 14584
49178.44, 14583
49197.97, 14582
49211.89, 14581
49228.61, 14580
49247.19, 14579
49260.66, 14578
49272.82, 14577
49289.41, 14576
49298.58, 14575
49314.35, 14574
49366.78, 14573
49381.12, 14572
49409.69, 14571
49413.38, 14570
49433.15, 14569
49458.21, 14568
49481.4, 14567
49490.97, 14566
49511.96, 14565
49529.95, 14564
49541.08, 14563
49556.0, 14562
49566.2, 14561
49605.51, 14560
49617.82, 14559
49639.03, 14558
49663.99, 14557
49681.87, 14556
49702.18, 14555
49716.01, 14554
49749.1, 14553
49758.86, 14552
49797.33, 14551
49800.95, 14550
49815.72, 14549
49830.29, 14548
49846.87, 14547
49862.99, 14546
49880.16, 14545
49896.07, 14544
49907.56, 14543
49930.92, 14542
49945.01, 14541
49964.07, 14540
49979.28, 14539
49992.16, 14538
50017.4, 14537
50040.76, 14536
50074.09, 14535
50088.38, 14534
50102.27, 14533
50116.02, 14532
50132.87, 14531
50156.25, 14530
50175.92, 14529
50190.64, 14528
50202.11, 14527
50241.31, 14526
50271.46, 14525
50277.63, 14524
50298.36, 14523
50319.09, 14522
50337.35, 14521
50356.23, 14520
50366.11, 14519
50397.52, 14518
50408.69, 14517
50421.66, 14516
50438.29, 14515
50456.64, 14514
50463.95, 14513
50482.27, 14512
50497.86, 14511
50523.76, 14510
50533.77, 14509
50564.31, 14508
50618.28, 14507
50633.85, 14506
50655.02, 14505
50669.71, 14504
50679.7, 14503
50707.75, 14502
50724.44, 14501
50741.12, 14500
50747.72, 14499
50759.85, 14498
50804.15, 14497
50820.21, 14496
50830.88, 14495
50857.39, 14494
50875.04, 14493
50899.95, 14492
50914.57, 14491
50922.24, 14490
50941.39, 14489
50961.82, 14488
50974.51, 14487
51000.07, 14486
51021.34, 14485
51038.59, 14484
51052.42, 14483
51066.87, 14482
51091.07, 14481
51102.97, 14480
51115.43, 14479
51127.94, 14478
51167.27, 14477
51191.16, 14476
51210.91, 14475
51233.92, 14474
51243.8, 14473
51272.94, 14472
51283.53, 14471
51306.33, 14470
51328.26, 14469
51345.68, 14468
51381.05, 14467
51383.0, 14466
51414.71, 14465
51417.8, 14464
51447.58, 14463
51451.45, 14462
51464.98, 14461
51532.82, 14460
51536.5, 14459
51566.6, 14458
51570.24, 14457
51592.5, 14456
51596.18, 14455
51624.19, 14454
51633.75, 14453
51658.2, 14452
51677.39, 14451
51681.05, 14450
51696.13, 14449
51734.34, 14448
51738.27, 14447
51790.79, 14446
51813.49, 14445
51817.06, 14444
51829.6, 14443
51860.82, 14442
51880.45, 14441
51908.77, 14440
51912.37, 14439
51940.62, 14438
51944.26, 14437
51975.66, 14436
51979.34, 14435
52012.2, 14434
52051.25, 14433
52058.97, 14432
52088.11, 14431
52095.79, 14430
52111.45, 14429
52135.51, 14428
52139.11, 14427
52153.4, 14426
52175.56, 14425
52186.6, 14424
52202.38, 14423
52213.12, 14422
52241.99, 14421
52245.71, 14420
52257.03, 14419
52277.93, 14418
52307.61, 14417
52312.93, 14416
52318.32, 14415
52347.67, 14414
52350.29, 14413
52379.3, 14412
52382.95, 14411
52407.16, 14410
52410.81, 14409
52438.06, 14408
52463.27, 14407
52466.82, 14406
52488.62, 14405
52492.18, 14404
52516.39, 14403
52532.62, 14402
52548.91, 14401
52560.99, 14400
52582.93, 14399
52633.25, 14398
52636.84, 14397
52665.93, 14396
52672.74, 14395
52697.04, 14394
52700.21, 14393
52734.51, 14392
52738.2, 14391
52768.76, 14390
52772.02, 14389
52801.5, 14388
52805.13, 14387
52842.32, 14386
52845.99, 14385
52873.96, 14384
52903.1, 14383
52905.45, 14382
52940.13, 14381
52943.76, 14380
52962.44, 14379
52996.97, 14378
53000.96, 14377
53032.88, 14376
53036.2, 14375
53055.89, 14374
53099.8, 14373
53120.79, 14372
53124.46, 14371
53163.69, 14370
53167.93, 14369
53193.41, 14368
53214.13, 14367
53218.97, 14366
53242.95, 14365
53255.73, 14364
53263.26, 14363
53283.02, 14362
53286.95, 14361
53306.48, 14360
53367.42, 14359
53371.05, 14358
53398.02, 14357
53401.71, 14356
53434.93, 14355
53438.57, 14354
53466.04, 14353
53480.44, 14352
53490.38, 14351
53518.37, 14350
53565.55, 14349
53569.28, 14348
53596.93, 14347
53603.28, 14346
53616.32, 14345
53637.2, 14344
53652.93, 14343
53668.08, 14342
53687.56, 14341
53691.21, 14340
53730.57, 14339
53734.9, 14338
53754.12, 14337
53786.88, 14336
53791.0, 14335
53818.59, 14334
53823.68, 14333
53846.47, 14332
53865.31, 14331
53886.34, 14330
53908.04, 14329
53958.83, 14328
53961.81, 14327
53982.69, 14326
53986.28, 14325
54014.62, 14324
54018.14, 14323
54057.7, 14322
54062.44, 14321
54080.53, 14320
54084.23, 14319
54126.15, 14318
54129.79, 14317
54156.54, 14316
54160.26, 14315
54181.3, 14314
54184.87, 14313
54207.24, 14312
54235.54, 14311
54275.26, 14310
54327.84, 14309
54331.24, 14308
54367.12, 14307
54370.84, 14306
54396.14, 14305
54411.0, 14304
54432.37, 14303
54452.0, 14302
54479.32, 14301
54482.86, 14300
54504.76, 14299
54557.0, 14298
54560.69, 14297
54591.57, 14296
54606.92, 14295
54617.45, 14294
54621.02, 14293
54647.73, 14292
54668.28, 14291
54671.95, 14290
54703.2, 14289
54706.83, 14288
54734.53, 14287
54738.21, 14286
54777.17, 14285
54781.03, 14284
54801.61, 14283
54847.47, 14282
54852.62, 14281
54884.41, 14280
54924.68, 14279
54928.37, 14278
54949.09, 14277
54965.96, 14276
54969.96, 14275
54994.89, 14274
55005.49, 14273
55023.26, 14272
55037.54, 14271
55041.39, 14270
55057.43, 14269
55082.98, 14268
55086.58, 14267
55574.43, 14266
55579.71, 14265
55593.6, 14264
55622.04, 14263
55625.63, 14262
55649.67, 14261
55652.89, 14260
55684.35, 14259
55687.3, 14258
55703.96, 14257
55710.39, 14256
55743.06, 14255
55749.0, 14254
55765.8, 14253
55779.31, 14252
55815.37, 14251
55817.6, 14250
55839.37, 14249
55843.04, 14248
55888.46, 14247
55890.85, 14246
55913.64, 14245
55937.1, 14244
55942.81, 14243
55968.93, 14242
55972.49, 14241
55993.22, 14240
55996.9, 14239
56023.26, 14238
56026.89, 14237
56053.95, 14236
56057.53, 14235
56106.01, 14234
56109.72, 14233
56157.78, 14232
56171.29, 14231
56175.49, 14230
56184.83, 14229
56217.17, 14228
56219.64, 14227
56247.84, 14226
56251.6, 14225
56269.36, 14224
56272.6, 14223
56306.74, 14222
56358.98, 14221
56362.91, 14220
56375.47, 14219
56387.88, 14218
56458.53, 14217
56468.04, 14216
56471.74, 14215
56489.84, 14214
56497.26, 14213
56513.13, 14212
56526.78, 14211
56543.44, 14210
56554.98, 14209
56574.14, 14208
56585.6, 14207
56614.38, 14206
56618.07, 14205
56645.24, 14204
56666.8, 14203
56688.25, 14202
56724.25, 14201
56743.37, 14200
56769.83, 14199
56788.96, 14198
56792.64, 14197
56814.22, 14196
56840.74, 14195
56857.97, 14194
56867.65, 14193
56889.3, 14192
56907.96, 14191
56928.41, 14190
56948.88, 14189
56966.39, 14188
56982.25, 14187
56996.92, 14186
57007.41, 14185
57020.13, 14184
57075.09, 14183
57096.9, 14182
57132.7, 14181
57149.39, 14180
57169.19, 14179
57201.67, 14178
57215.5, 14177
57241.67, 14176
57253.64, 14175
57297.1, 14174
57306.53, 14173
57325.65, 14172
57344.65, 14171
57358.19, 14170
57380.39, 14169
57384.07, 14168
57405.83, 14167
57423.92, 14166
57441.54, 14165
57510.31, 14164
57515.42, 14163
57526.04, 14162
57554.21, 14161
57562.92, 14160
57577.26, 14159
57597.67, 14158
57627.68, 14157
57649.92, 14156
57653.59, 14155
57668.48, 14154
57693.78, 14153
57721.77, 14152
57729.88, 14151
57753.54, 14150
57773.7, 14149
57789.51, 14148
57799.4, 14147
57826.12, 14146
57848.24, 14145
57871.65, 14144
57910.5, 14143
57921.01, 14142
57942.1, 14141
57957.27, 14140
57974.16, 14139
57985.19, 14138
57998.92, 14137
58027.36, 14136
58057.73, 14135
58061.46, 14134
58086.65, 14133
58090.31, 14132
58117.34, 14131
58155.5, 14130
58159.25, 14129
58206.32, 14128
58207.35, 14127
58222.22, 14126
58239.42, 14125
58272.16, 14124
58275.85, 14123
58304.74, 14122
58308.43, 14121
58329.76, 14120
58337.71, 14119
58361.83, 14118
58379.03, 14117
58389.79, 14116
58450.78, 14115
58462.29, 14114
58471.75, 14113
58489.87, 14112
58512.84, 14111
58524.62, 14110
58551.0, 14109
58563.56, 14108
58588.55, 14107
58606.38, 14106
58623.14, 14105
58638.91, 14104
58656.71, 14103
58686.79, 14102
58690.55, 14101
58704.71, 14100
58724.65, 14099
58749.69, 14098
58760.96, 14097
58821.41, 14096
58841.28, 14095
58848.94, 14094
58871.47, 14093
58887.91, 14092
58905.2, 14091
58922.5, 14090
58933.09, 14089
58955.77, 14088
58962.31, 14087
58989.8, 14086
59013.59, 14085
59024.86, 14084
59046.34, 14083
59073.66, 14082
59077.44, 14081
59098.54, 14080
59115.17, 14079
59141.94, 14078
59160.77, 14077
59169.66, 14076
59181.97, 14075
59207.74, 14074
59227.67, 14073
59231.45, 14072
59263.5, 14071
59267.02, 14070
59298.66, 14069
59302.34, 14068
59331.07, 14067
59334.23, 14066
59364.56, 14065
59368.4, 14064
59390.49, 14063
59423.31, 14062
59437.26, 14061
59474.25, 14060
59490.1, 14059
59517.12, 14058
59520.56, 14057
59544.71, 14056
59598.87, 14055
59613.29, 14054
59660.18, 14053
59671.86, 14052
59682.35, 14051
59706.16, 14050
59726.35, 14049
59733.32, 14048
59760.71, 14047
59769.37, 14046
59806.77, 14045
59811.28, 14044
59830.9, 14043
59834.57, 14042
59874.9, 14041
59893.0, 14040
59915.85, 14039
59930.28, 14038
59949.09, 14037
59959.24, 14036
59990.97, 14035
60003.12, 14034
60023.05, 14033
60052.91, 14032
60056.67, 14031
60084.75, 14030
60088.41, 14029
60105.72, 14028
60126.04, 14027
60140.96, 14026
60164.3, 14025
60243.97, 14024
60262.44, 14023
60272.01, 14022
60290.27, 14021
60313.83, 14020
60326.52, 14019
60341.17, 14018
60363.14, 14017
60384.3, 14016
60413.82, 14015
60436.08, 14014
60445.29, 14013
60471.84, 14012
60484.33, 14011
60497.76, 14010
60524.92, 14009
60542.39, 14008
60577.75, 14007
60581.51, 14006
60597.46, 14005
60613.59, 14004
60631.35, 14003
60638.85, 14002
60660.34, 14001
60672.56, 14000
60682.51, 13999
60694.92, 13998
60715.76, 13997
60738.04, 13996
60754.59, 13995
60775.22, 13994
60802.87, 13993
60815.9, 13992
60832.23, 13991
60848.84, 13990
60870.08, 13989
60908.28, 13988
60928.28, 13987
60945.31, 13986
60957.66, 13985
60969.88, 13984
61039.46, 13983
61056.99, 13982
61075.77, 13981
61095.68, 13980
61115.8, 13979
61137.4, 13978
61164.19, 13977
61174.48, 13976
61208.91, 13975
61231.79, 13974
61252.41, 13973
61270.56, 13972
61315.69, 13971
