9380.67, 17130
9393.45, 17075
9399.19, 17063
9410.0, 17008
9431.46, 17001
9448.8, 16946
9452.69, 16945
9471.86, 16938
9475.61, 16883
9489.82, 16876
9500.81, 16875
9504.86, 16874
9514.71, 16868
9532.51, 16813
9536.43, 16812
9562.04, 16758
9608.11, 16756
9626.14, 16742
9645.51, 16741
9649.52, 16687
9677.34, 16685
9680.89, 16639
9727.42, 16637
9730.27, 16636
9784.19, 16631
9787.82, 16629
9800.22, 16628
9822.61, 16583
9826.63, 16581
9879.42, 16580
9882.65, 16579
9901.7, 16538
9905.62, 16536
9925.82, 16535
9929.49, 16534
9951.2, 16532
9959.76, 16531
9979.3, 16526
9981.12, 16524
9998.29, 16523
10030.91, 16478
10093.16, 16476
10096.69, 16475
10115.22, 16474
10128.3, 16433
10163.12, 16431
10166.9, 16430
10217.77, 16429
10225.9, 16396
10246.29, 16394
10249.86, 16393
10272.38, 16392
10275.98, 16351
10312.7, 16349
10331.95, 16348
10357.92, 16347
10361.28, 16346
10373.14, 16327
10391.89, 16325
10395.87, 16324
10415.96, 16323
10419.66, 16322
10441.19, 16321
10457.34, 16282
10513.87, 16280
10517.58, 16279
10542.1, 16278
10546.22, 16277
10557.21, 16276
10602.48, 16275
10606.4, 16251
10645.26, 16250
10649.04, 16249
10667.88, 16248
10671.45, 16247
10694.84, 16246
10699.77, 16245
10739.3, 16244
10752.32, 16243
10862.09, 16227
10865.68, 16226
10875.63, 16225
10889.67, 16224
10892.95, 16223
10904.8, 16222
10927.6, 16221
10931.19, 16220
10940.78, 16219
10969.03, 16182
10972.64, 16181
10987.37, 16180
10998.19, 16179
11013.73, 16178
11017.36, 16177
11060.91, 16176
11064.47, 16175
11082.42, 16174
11099.68, 16173
11117.92, 16172
11140.58, 16171
11171.38, 16170
11175.05, 16169
11191.37, 16168
11207.88, 16167
11224.32, 16166
11274.74, 16165
11279.4, 16164
11294.25, 16129
11320.14, 16128
11340.08, 16126
11370.27, 16125
11387.46, 16124
11391.19, 16123
11444.5, 16122
11447.91, 16121
11459.68, 16120
11485.0, 16119
11489.33, 16118
11504.78, 16117
11516.35, 16116
11524.13, 16115
11547.42, 16080
11564.35, 16079
11568.04, 16077
11641.33, 16076
11645.1, 16075
11667.69, 16074
11671.52, 16073
11715.66, 16072
11743.47, 16071
11746.94, 16070
11772.36, 16069
11775.86, 16068
11789.85, 16067
11825.7, 16066
11839.71, 16053
11859.32, 16052
11863.58, 16050
11924.03, 16049
11930.01, 16048
11940.98, 16047
11951.05, 16046
11963.91, 16045
11977.45, 16044
11986.21, 16043
11997.93, 16042
12010.58, 16041
12042.32, 16040
12058.21, 16039
12089.96, 16038
12126.81, 16004
12151.18, 16003
12154.92, 16001
12173.83, 16000
12177.1, 15999
12202.65, 15998
12206.25, 15997
12242.8, 15996
12248.57, 15995
12252.41, 15994
12276.96, 15993
12317.68, 15992
12321.31, 15991
12351.76, 15990
12372.15, 15989
12375.63, 15988
12398.84, 15968
12421.9, 15966
12425.39, 15965
12451.85, 15963
12473.31, 15962
12496.65, 15961
12500.24, 15960
12523.86, 15959
12532.06, 15958
12552.74, 15957
12566.54, 15956
12580.46, 15955
12600.56, 15954
12616.77, 15953
12620.66, 15952
12631.0, 15951
12643.86, 15950
12650.59, 15949
12672.53, 15941
12683.48, 15939
12693.05, 15938
12701.73, 15936
12712.8, 15935
12722.54, 15933
12731.25, 15932
12742.48, 15931
12750.83, 15930
12776.43, 15929
12779.94, 15928
12851.97, 15927
12927.68, 15926
12941.72, 15925
12947.17, 15924
12960.84, 15923
12971.9, 15922
12996.14, 15892
12999.72, 15890
13008.67, 15889
13020.81, 15887
13039.55, 15886
13043.05, 15884
13103.85, 15883
13107.35, 15882
13147.13, 15881
13150.73, 15880
13178.16, 15879
13248.78, 15878
13265.2, 15877
13288.17, 15876
13291.71, 15875
13314.54, 15874
13318.66, 15873
13376.84, 15872
13380.49, 15871
13407.47, 15870
13411.4, 15869
13463.83, 15868
13483.86, 15867
13487.59, 15866
13521.71, 15865
13525.48, 15864
13562.81, 15863
13566.39, 15862
13649.83, 15861
13653.36, 15860
13677.51, 15854
13681.1, 15852
13697.73, 15851
13712.13, 15849
13715.64, 15848
13731.27, 15846
13748.05, 15845
13751.57, 15844
13778.54, 15843
13782.19, 15842
13794.17, 15841
13809.83, 15840
13838.58, 15839
13841.41, 15838
13864.59, 15837
13871.17, 15836
13887.95, 15835
13910.69, 15834
13925.77, 15833
13960.64, 15805
13971.02, 15803
13992.48, 15802
14013.54, 15800
14030.05, 15799
14047.76, 15797
14067.06, 15796
14088.22, 15795
14109.19, 15794
14122.01, 15793
14134.05, 15792
14143.35, 15791
14156.49, 15790
14174.53, 15789
14188.55, 15788
14198.99, 15787
14207.93, 15786
14235.66, 15785
14252.24, 15784
14268.4, 15783
14288.83, 15782
14314.16, 15780
14323.43, 15779
14347.67, 15777
14364.22, 15776
14391.29, 15775
14406.69, 15774
14436.34, 15773
14455.87, 15772
14460.65, 15771
14470.39, 15770
14491.43, 15769
14512.02, 15768
14530.1, 15767
14544.08, 15766
14555.25, 15765
14571.6, 15764
14581.28, 15763
14636.79, 15736
14652.73, 15734
14663.37, 15733
14675.78, 15731
14691.43, 15730
14713.4, 15728
14730.3, 15727
14747.45, 15726
14761.01, 15725
14778.53, 15724
14792.72, 15723
14821.72, 15722
14838.79, 15721
14851.64, 15720
14866.49, 15719
14887.51, 15718
14896.36, 15717
14905.56, 15716
14915.9, 15715
14934.11, 15714
14946.92, 15713
14955.25, 15712
15008.13, 15711
15022.02, 15710
15052.02, 15709
15061.92, 15708
15074.27, 15707
15086.2, 15706
15096.07, 15705
15106.86, 15704
15117.99, 15703
15136.16, 15702
15159.04, 15701
15175.97, 15700
15202.51, 15699
15214.71, 15698
15224.17, 15697
15260.6, 15696
15277.68, 15695
15297.79, 15694
15320.88, 15693
15336.2, 15692
15347.64, 15691
15356.78, 15690
15388.0, 15689
15404.55, 15688
15413.07, 15687
15425.29, 15686
15439.78, 15685
15470.89, 15684
15486.06, 15683
15501.02, 15682
15512.93, 15681
15537.46, 15656
15555.63, 15654
15569.52, 15653
15595.3, 15651
15610.54, 15650
15634.32, 15648
15652.4, 15647
15671.67, 15646
15686.2, 15645
15707.04, 15644
15720.95, 15643
15744.69, 15642
15764.76, 15641
15781.2, 15640
15801.43, 15639
15805.07, 15638
15821.68, 15637
15825.8, 15636
15844.23, 15635
15857.39, 15634
15880.28, 15633
15897.25, 15632
15923.3, 15631
15940.26, 15630
15957.36, 15629
15964.46, 15628
15996.98, 15611
16013.17, 15609
16026.48, 15608
16047.78, 15606
16071.21, 15605
16096.14, 15603
16108.65, 15602
16120.97, 15601
16136.98, 15600
16151.94, 15599
16163.35, 15598
16190.74, 15597
16209.62, 15596
16224.59, 15595
16235.71, 15594
16250.36, 15593
16261.48, 15592
16270.22, 15591
16281.99, 15590
16291.68, 15589
16305.33, 15588
16341.0, 15587
16362.34, 15586
16374.34, 15585
16388.79, 15584
16412.14, 15583
16423.86, 15582
16433.27, 15581
16453.65, 15580
16471.98, 15558
16485.64, 15556
16520.57, 15555
16536.38, 15553
16562.3, 15551
16574.88, 15549
16590.59, 15547
16602.4, 15546
16613.44, 15545
16621.61, 15544
16631.76, 15543
16646.41, 15542
16655.23, 15541
16664.93, 15540
16674.97, 15539
16691.83, 15538
16701.33, 15537
16712.15, 15536
16721.57, 15535
16732.92, 15534
16772.66, 15533
16792.17, 15532
16827.84, 15531
16844.3, 15530
16857.27, 15529
16874.43, 15528
16898.06, 15527
16907.98, 15526
16937.57, 15513
16948.31, 15511
16964.21, 15510
16988.7, 15508
17012.69, 15506
17029.24, 15504
17042.16, 15502
17059.22, 15501
17077.27, 15500
17094.08, 15499
17121.67, 15498
17138.43, 15497
17149.31, 15496
17165.55, 15495
17182.22, 15494
17209.06, 15493
17224.24, 15492
17245.61, 15491
17250.99, 15490
17264.18, 15489
17271.98, 15488
17284.4, 15487
17292.41, 15486
17307.15, 15485
17338.84, 15484
17369.33, 15483
17375.72, 15482
17388.62, 15481
17397.57, 15480
17420.43, 15479
17453.74, 15478
17463.07, 15476
17493.37, 15475
17517.47, 15473
17540.26, 15471
17557.86, 15469
17570.93, 15467
17589.14, 15466
17603.03, 15465
17622.15, 15464
17647.7, 15463
17655.33, 15462
17669.52, 15461
17679.93, 15460
17688.48, 15459
17699.91, 15458
17713.52, 15457
17740.85, 15456
17767.11, 15455
17786.79, 15454
17801.89, 15453
17822.06, 15452
17832.2, 15451
17849.84, 15450
17864.95, 15449
17886.71, 15448
17902.45, 15447
17911.02, 15446
17922.01, 15445
17933.72, 15444
17944.73, 15443
17998.43, 15433
18015.48, 15431
18025.67, 15430
18051.86, 15428
18062.51, 15426
18086.57, 15424
18107.9, 15422
18122.09, 15421
18139.5, 15420
18155.42, 15419
18180.1, 15418
18193.32, 15417
18204.56, 15416
18219.13, 15415
18232.93, 15414
18250.18, 15413
18262.71, 15412
18287.55, 15411
18297.91, 15410
18308.02, 15409
18336.21, 15408
18349.42, 15407
18365.85, 15406
18373.94, 15405
18396.15, 15404
18420.97, 15403
18437.74, 15402
18463.82, 15401
18480.31, 15400
18493.12, 15399
18512.64, 15398
18538.34, 15397
18555.26, 15396
18565.57, 15395
18599.0, 15394
18620.42, 15393
18645.08, 15392
18663.63, 15391
18689.3, 15390
18702.96, 15389
18713.49, 15388
18723.49, 15387
18738.2, 15386
18753.74, 15385
18762.23, 15384
18772.86, 15383
18787.92, 15382
18808.18, 15381
18837.74, 15380
18855.48, 15379
18887.9, 15373
18902.18, 15370
18920.85, 15367
18943.81, 15365
18959.98, 15363
18984.6, 15361
18988.1, 15360
19032.83, 15359
19036.38, 15358
19066.06, 15357
19069.56, 15356
19077.35, 15355
19089.12, 15354
19155.54, 15353
19159.21, 15352
19193.9, 15351
19197.5, 15350
19215.48, 15349
19219.04, 15348
19256.82, 15347
19260.23, 15346
19271.03, 15345
19278.13, 15344
19300.91, 15343
19304.56, 15342
19359.51, 15341
19365.39, 15340
19383.17, 15339
19386.55, 15338
19410.75, 15337
19414.35, 15336
19460.13, 15335
19460.38, 15334
19494.32, 15333
19497.91, 15332
19544.68, 15331
19548.36, 15330
19560.95, 15329
19580.08, 15328
19583.81, 15327
19603.61, 15326
19607.32, 15325
19672.34, 15324
19690.95, 15323
19694.97, 15322
19705.36, 15321
19721.3, 15320
19735.66, 15319
19760.83, 15315
19764.4, 15312
19787.53, 15309
19791.17, 15307
19859.0, 15305
19862.83, 15303
19882.7, 15302
19886.36, 15301
19905.14, 15300
19909.01, 15299
19928.42, 15298
19932.12, 15297
19956.61, 15296
19960.18, 15295
20028.8, 15294
20032.29, 15293
20050.41, 15292
20054.38, 15291
20076.26, 15290
20079.85, 15289
20123.16, 15288
20126.98, 15287
20139.69, 15286
20145.14, 15285
20180.56, 15284
20184.13, 15283
20244.88, 15282
20248.53, 15281
20276.65, 15280
20279.21, 15279
20302.78, 15278
20306.32, 15277
20662.69, 15276
20665.15, 15275
20687.08, 15274
20728.4, 15273
20731.97, 15272
20761.81, 15271
20782.5, 15270
20801.35, 15268
20804.86, 15267
20826.04, 15266
20830.31, 15265
20875.29, 15264
20880.67, 15263
20906.18, 15262
20910.07, 15261
20932.08, 15260
20935.81, 15259
20956.18, 15258
20959.7, 15257
21000.44, 15256
21004.22, 15255
21031.55, 15254
21035.27, 15253
21057.45, 15252
21060.92, 15251
21082.22, 15250
21086.47, 15249
21107.65, 15248
21111.47, 15247
21125.39, 15246
21140.81, 15245
21144.32, 15244
21161.15, 15243
21185.69, 15242
21206.34, 15241
21209.78, 15240
21231.69, 15239
21235.14, 15238
21264.45, 15237
21300.63, 15236
21331.1, 15235
21335.3, 15234
21355.18, 15233
21359.76, 15232
21376.97, 15231
21408.66, 15230
21412.16, 15229
21445.46, 15228
21467.04, 15227
21470.81, 15226
21516.02, 15225
21565.93, 15223
21570.36, 15222
21591.39, 15219
21595.51, 15216
21610.61, 15215
21623.85, 15212
21633.36, 15210
21653.98, 15209
21673.65, 15208
21677.54, 15207
21697.86, 15206
21701.74, 15205
21724.05, 15204
21727.51, 15203
21780.0, 15202
21783.8, 15201
21800.27, 15200
21821.8, 15199
21833.12, 15198
21836.82, 15197
21862.76, 15196
21866.31, 15195
21889.63, 15194
21904.08, 15193
21910.4, 15192
21930.0, 15191
21933.91, 15190
21974.65, 15189
21996.33, 15188
22008.12, 15187
22012.2, 15186
22050.29, 15185
22053.82, 15184
22092.96, 15183
22095.35, 15182
22143.17, 15181
22146.69, 15180
22165.22, 15179
22168.96, 15178
22175.94, 15177
22230.77, 15176
22251.33, 15175
22254.36, 15174
22262.48, 15173
22285.39, 15172
22288.85, 15171
22303.77, 15170
22357.45, 15169
22360.84, 15168
22372.35, 15167
22387.74, 15166
22391.23, 15165
22413.6, 15164
22417.15, 15163
22446.77, 15162
22455.71, 15161
22466.66, 15160
22489.79, 15159
22492.8, 15158
22546.93, 15157
22550.66, 15156
22596.59, 15155
22600.1, 15154
22622.69, 15153
22626.09, 15152
22659.99, 15151
22670.73, 15150
22719.45, 15149
22723.32, 15148
22743.88, 15147
22747.52, 15146
22772.04, 15145
22775.62, 15144
22805.45, 15143
22809.4, 15142
22833.9, 15141
22837.52, 15140
22912.77, 15137
22930.98, 15134
22934.62, 15132
22945.57, 15129
22968.07, 15127
22971.75, 15126
22991.06, 15125
23055.71, 15124
23057.34, 15123
23096.62, 15122
23100.27, 15121
23131.43, 15120
23135.39, 15119
23144.07, 15118
23166.21, 15117
23169.72, 15116
23179.61, 15115
23201.96, 15114
23207.26, 15113
23289.54, 15112
23293.02, 15111
23312.65, 15110
23316.59, 15109
23330.76, 15108
23341.88, 15107
23366.37, 15106
23369.89, 15105
23409.47, 15104
23413.47, 15103
23434.52, 15102
23438.09, 15101
23458.24, 15100
23461.45, 15099
23509.69, 15098
23516.48, 15097
23548.5, 15096
23551.93, 15095
23575.0, 15094
23578.57, 15093
23598.98, 15092
23602.85, 15091
23641.08, 15090
23644.73, 15089
23702.23, 15088
23717.53, 15087
23721.04, 15086
23744.6, 15085
23761.53, 15084
23774.64, 15083
23785.46, 15082
23807.09, 15081
23814.67, 15080
23824.58, 15079
23839.28, 15078
23860.59, 15077
23876.94, 15076
23891.64, 15075
23906.08, 15074
23924.09, 15073
23927.77, 15072
23946.48, 15071
23977.57, 15070
24001.35, 15069
24014.49, 15068
24031.51, 15067
24047.37, 15066
24063.99, 15065
24071.01, 15064
24082.14, 15063
24106.5, 15062
24119.31, 15060
24151.76, 15057
24170.68, 15056
24197.65, 15054
24215.59, 15053
24226.02, 15052
24248.31, 15051
24262.8, 15050
24267.17, 15049
24287.58, 15048
24304.02, 15047
24322.13, 15046
24333.24, 15045
24346.18, 15044
24354.86, 15043
24367.4, 15042
24377.59, 15041
24389.52, 15040
24398.81, 15039
24408.91, 15038
24420.9, 15037
24432.03, 15036
24441.95, 15035
24471.61, 15034
24486.54, 15033
24499.66, 15032
24523.16, 15031
24541.41, 15030
24557.48, 15029
24603.64, 15028
24618.35, 15027
24635.92, 15026
24652.46, 15025
24662.94, 15024
24686.94, 15023
24704.4, 15022
24716.89, 15021
24734.6, 15020
24743.75, 15019
24760.76, 15018
24776.0, 15017
24796.32, 15016
24807.2, 15015
24820.41, 15014
24835.98, 15013
24859.55, 15012
24878.69, 15011
24896.2, 15010
24923.19, 15009
24948.39, 15008
24962.11, 15007
24992.44, 15006
25008.8, 15005
25045.21, 15004
25056.7, 15003
25067.91, 15002
25079.91, 15001
25088.58, 15000
25102.04, 14999
25111.75, 14998
25123.26, 14997
25136.68, 14996
25170.99, 14995
25187.82, 14994
25205.59, 14993
25240.17, 14992
25254.86, 14991
25265.59, 14990
25277.76, 14989
25296.67, 14988
25315.42, 14987
25330.29, 14986
25352.69, 14985
25374.07, 14984
25391.89, 14983
25405.36, 14982
25437.43, 14981
25444.92, 14980
25457.55, 14979
25491.29, 14978
25504.4, 14977
25516.07, 14975
25539.78, 14974
25555.27, 14973
25588.53, 14972
25604.35, 14971
25620.96, 14970
25638.9, 14969
25648.78, 14968
25659.65, 14967
25674.87, 14966
25704.62, 14965
25721.35, 14964
25732.1, 14963
25744.4, 14962
25757.75, 14961
25778.32, 14960
25796.44, 14959
25816.4, 14958
25833.08, 14957
25855.13, 14956
25865.4, 14955
25875.71, 14954
25885.56, 14953
25904.86, 14952
25920.63, 14951
25937.78, 14950
25961.23, 14949
25973.99, 14948
25985.81, 14947
26007.74, 14946
26022.02, 14945
26032.26, 14944
26043.67, 14943
26054.7, 14942
26087.55, 14941
26105.13, 14940
26124.63, 14939
26137.75, 14938
26154.08, 14937
26164.7, 14936
26174.32, 14935
26190.02, 14934
26204.08, 14933
26225.89, 14932
26246.15, 14931
26263.73, 14930
26291.69, 14929
26304.93, 14928
26323.75, 14927
26359.17, 14926
26387.12, 14925
26396.2, 14924
26411.49, 14923
26438.33, 14922
26453.07, 14921
26462.55, 14920
26478.0, 14919
26488.6, 14918
26499.65, 14917
26510.66, 14916
26535.34, 14915
26547.58, 14914
26584.19, 14913
26605.17, 14912
26620.95, 14911
26636.92, 14910
26655.22, 14909
26666.6, 14908
26723.89, 14906
26740.01, 14905
26754.36, 14903
26768.94, 14902
26780.77, 14900
26797.26, 14898
26807.93, 14897
26832.07, 14896
26851.74, 14895
26862.08, 14894
26873.26, 14893
26888.03, 14892
26912.94, 14891
26926.59, 14890
26938.36, 14889
26948.94, 14888
26958.11, 14887
26971.52, 14886
26985.4, 14885
26996.44, 14884
27004.66, 14883
27034.55, 14882
27049.6, 14881
27070.75, 14880
27088.06, 14879
27097.48, 14878
27107.91, 14877
27121.13, 14876
27144.72, 14875
27160.61, 14874
27171.99, 14873
27183.02, 14872
27196.81, 14871
27209.96, 14870
27233.45, 14869
27254.44, 14868
27273.96, 14867
27294.85, 14866
27313.59, 14865
27328.3, 14864
27338.62, 14863
27351.73, 14862
27370.36, 14861
27386.88, 14860
27401.59, 14859
27417.24, 14858
27427.51, 14857
27443.63, 14856
27465.92, 14855
27469.67, 14854
27515.14, 14853
27527.59, 14852
27547.26, 14851
27550.56, 14850
27596.3, 14849
27599.79, 14848
27629.78, 14846
27662.35, 14845
27667.64, 14844
27708.2, 14843
27729.32, 14842
27743.77, 14841
27756.1, 14840
27760.52, 14839
27780.75, 14838
27784.6, 14837
27810.63, 14836
27813.3, 14835
27850.03, 14834
27857.36, 14833
27898.64, 14832
27902.01, 14831
27921.19, 14830
27944.46, 14829
27947.59, 14828
27967.06, 14827
27971.48, 14826
28008.56, 14825
28021.72, 14824
28023.13, 14823
28046.42, 14822
28049.69, 14821
28084.82, 14820
28088.49, 14819
28105.59, 14818
28129.99, 14817
28134.99, 14816
28146.61, 14815
28182.93, 14814
28184.83, 14813
28197.35, 14812
28221.8, 14811
28247.6, 14810
28251.02, 14809
28292.44, 14808
28297.21, 14807
28343.8, 14806
28381.11, 14805
28393.96, 14804
28414.22, 14803
28417.77, 14802
28439.16, 14801
28459.19, 14800
28460.52, 14799
28478.18, 14798
28483.55, 14797
28517.24, 14796
28527.32, 14795
28536.47, 14794
28554.72, 14793
28574.39, 14792
28589.32, 14791
28605.98, 14790
28624.58, 14789
28632.7, 14788
28654.84, 14787
28678.79, 14786
28682.72, 14785
28718.14, 14784
28720.56, 14783
28736.71, 14782
28761.29, 14781
28774.64, 14780
28791.68, 14779
28796.17, 14778
28819.76, 14777
28846.52, 14776
28850.09, 14775
28864.12, 14774
28868.21, 14773
28890.15, 14772
28931.11, 14771
28934.67, 14770
28953.4, 14768
28974.96, 14767
28988.79, 14766
29010.67, 14765
29015.4, 14764
29033.53, 14763
29051.42, 14762
29076.32, 14761
29081.39, 14760
29099.73, 14759
29104.02, 14758
29120.64, 14757
29137.65, 14756
29141.62, 14755
29154.42, 14754
29168.98, 14753
29183.74, 14752
29213.3, 14751
29239.7, 14750
29252.7, 14749
29267.12, 14748
29281.16, 14747
29300.6, 14746
29304.18, 14745
29326.25, 14744
29329.25, 14743
29366.51, 14742
29382.02, 14741
29386.05, 14740
29413.98, 14739
29417.47, 14738
29426.91, 14737
29446.72, 14736
29450.3, 14735
29480.29, 14734
29483.85, 14733
29508.08, 14732
29511.6, 14731
29523.89, 14730
29564.74, 14729
29568.26, 14728
29584.75, 14727
29588.98, 14726
29611.42, 14725
29659.37, 14724
29665.49, 14723
29683.85, 14722
29689.97, 14721
29716.88, 14720
29737.04, 14719
29740.56, 14718
29766.25, 14717
29780.98, 14716
29799.76, 14715
29814.14, 14714
29857.33, 14713
29880.65, 14711
29884.43, 14710
29900.64, 14709
29904.52, 14708
29925.99, 14707
29949.88, 14706
29953.57, 14705
29971.05, 14704
29989.66, 14703
29993.41, 14702
30017.29, 14701
30023.17, 14700
30041.05, 14699
30045.11, 14698
30063.58, 14697
30067.35, 14696
30099.56, 14695
30121.61, 14694
30136.0, 14693
30146.29, 14692
30169.29, 14691
30174.82, 14690
30192.88, 14689
30213.11, 14688
30216.62, 14687
30233.19, 14686
30242.1, 14685
30268.65, 14684
30282.32, 14683
30285.84, 14682
30311.6, 14681
30315.08, 14680
30340.58, 14679
30346.68, 14678
30363.34, 14677
30382.48, 14676
30387.28, 14675
30414.94, 14674
30418.52, 14673
30440.3, 14672
30456.78, 14671
30492.21, 14670
30496.5, 14669
30519.54, 14668
30528.22, 14667
30553.47, 14666
30577.46, 14665
30582.98, 14664
30613.71, 14663
30617.37, 14662
30644.84, 14661
30648.49, 14660
30665.17, 14659
30686.18, 14658
30721.02, 14657
30726.58, 14656
30758.91, 14655
30762.74, 14654
30784.54, 14653
30788.28, 14652
30840.84, 14651
30844.05, 14650
30867.99, 14649
30871.78, 14648
30892.49, 14647
30899.66, 14646
30926.12, 14645
30929.7, 14644
30947.48, 14643
30951.41, 14642
30968.99, 14641
30991.32, 14640
31014.01, 14639
31017.99, 14638
31047.35, 14637
31051.93, 14636
31077.25, 14635
31080.8, 14634
31097.99, 14633
31313.63, 14632
31317.44, 14631
31334.95, 14630
31340.28, 14629
31367.05, 14628
31373.79, 14627
31377.21, 14626
31401.13, 14625
31407.99, 14624
31424.15, 14623
31427.87, 14622
31448.38, 14621
31455.44, 14620
31473.23, 14619
31477.02, 14618
31496.62, 14617
31500.91, 14616
31515.07, 14615
31524.02, 14614
31544.61, 14613
31551.0, 14612
31568.25, 14611
31583.58, 14610
31608.88, 14609
31612.87, 14608
31638.14, 14607
31641.97, 14606
31653.97, 14605
31667.95, 14604
31700.99, 14603
31721.53, 14602
31727.9, 14601
31752.85, 14600
31790.17, 14599
31796.7, 14598
31823.5, 14597
31828.3, 14596
31872.05, 14595
31877.65, 14594
31917.22, 14593
31922.54, 14592
31950.97, 14591
31956.36, 14590
31976.92, 14589
31999.16, 14588
32024.53, 14587
32041.31, 14586
32045.77, 14585
32065.64, 14584
32073.79, 14583
32092.85, 14582
32096.97, 14581
32112.1, 14580
32116.29, 14579
32141.75, 14578
32147.08, 14577
32164.86, 14576
32168.83, 14575
32189.51, 14574
32210.09, 14573
32225.57, 14572
32247.08, 14571
32269.11, 14570
32272.62, 14569
32296.44, 14568
32299.94, 14567
32328.46, 14566
32332.81, 14565
32358.44, 14564
32361.19, 14563
32383.61, 14562
32387.33, 14561
32401.91, 14560
32405.41, 14559
32431.85, 14558
32436.9, 14557
32461.64, 14556
32476.35, 14555
32499.05, 14554
32533.48, 14553
32538.79, 14552
32556.27, 14551
32560.17, 14550
32583.83, 14549
32587.35, 14548
32612.19, 14547
32616.21, 14546
32679.32, 14545
32702.4, 14544
32706.87, 14543
32742.61, 14542
32763.84, 14541
32768.41, 14540
32788.64, 14539
32794.28, 14538
32816.22, 14537
32821.05, 14536
32842.18, 14535
32847.41, 14534
32864.51, 14533
32885.31, 14532
32904.44, 14531
32908.55, 14530
32931.24, 14529
32946.79, 14528
32951.58, 14527
32970.5, 14526
33005.18, 14525
33011.13, 14524
33027.92, 14523
33031.67, 14522
33052.43, 14521
33057.78, 14520
33092.26, 14519
33099.87, 14518
33114.29, 14517
33118.0, 14516
33141.29, 14515
33160.8, 14514
33164.89, 14513
33183.44, 14512
33203.97, 14511
33209.0, 14510
33238.68, 14509
33249.76, 14508
33271.79, 14507
33286.7, 14506
33293.49, 14505
33319.08, 14504
33324.42, 14503
33346.51, 14502
33373.21, 14501
33418.09, 14500
33435.4, 14499
33438.74, 14498
33463.27, 14497
33481.84, 14496
33501.6, 14495
33523.83, 14494
33528.02, 14493
33552.95, 14492
33556.58, 14491
33577.12, 14490
33592.79, 14489
33614.17, 14488
33639.06, 14487
33663.89, 14486
33680.06, 14485
33685.64, 14484
33705.04, 14483
33762.72, 14482
33766.4, 14481
33787.62, 14480
33791.45, 14479
33812.82, 14478
33816.43, 14477
33834.31, 14476
33838.95, 14475
33867.62, 14474
33894.41, 14473
33898.91, 14472
33929.88, 14471
33948.49, 14470
33956.49, 14469
33985.01, 14468
33989.12, 14467
34013.2, 14466
34019.37, 14465
34050.65, 14464
34057.68, 14463
34077.43, 14462
34080.16, 14461
34111.09, 14460
34113.91, 14459
34134.12, 14458
34139.7, 14457
34157.66, 14456
34185.31, 14455
34201.35, 14454
34216.08, 14453
34219.63, 14452
34241.53, 14451
34245.35, 14450
34275.16, 14449
34278.54, 14448
34311.27, 14447
34331.36, 14446
34335.85, 14445
34363.72, 14444
34367.28, 14443
34398.23, 14442
34401.74, 14441
34446.94, 14440
34450.46, 14439
34468.33, 14438
34529.73, 14437
34550.1, 14436
34558.98, 14435
34562.29, 14434
34583.73, 14433
34587.28, 14432
34627.96, 14431
34634.46, 14430
34644.01, 14429
34672.69, 14428
34672.92, 14427
34700.51, 14426
34704.41, 14425
34730.27, 14424
34771.94, 14423
34775.95, 14422
34782.06, 14421
34813.5, 14420
34818.94, 14419
34845.53, 14418
34852.04, 14417
34856.81, 14416
34879.62, 14415
34901.03, 14414
34905.79, 14413
34934.57, 14412
34948.43, 14411
34999.83, 14410
35024.52, 14409
35027.86, 14408
35058.2, 14407
35084.47, 14406
35088.05, 14405
35111.32, 14404
35114.96, 14403
35132.06, 14402
35163.77, 14401
35167.34, 14400
35189.24, 14399
35191.8, 14398
35233.71, 14397
35239.16, 14396
35250.65, 14395
35276.7, 14394
35282.19, 14393
35315.17, 14392
35325.56, 14391
35331.66, 14390
35383.52, 14389
35390.82, 14388
35414.56, 14387
35433.41, 14386
35461.34, 14385
35464.91, 14384
35490.8, 14383
35492.44, 14382
35508.56, 14381
35534.12, 14380
35537.85, 14379
35563.17, 14378
35567.28, 14377
35593.01, 14376
35596.86, 14375
35613.73, 14374
35643.43, 14373
35647.0, 14372
35662.0, 14371
35693.2, 14370
35696.83, 14369
35720.43, 14368
35724.65, 14367
35750.96, 14366
35755.14, 14365
35781.32, 14364
35805.68, 14363
35817.18, 14362
35822.75, 14361
35840.84, 14360
35843.91, 14359
35870.65, 14358
35884.89, 14357
35893.96, 14356
35912.09, 14355
35930.88, 14354
35959.77, 14353
35963.32, 14352
35980.76, 14351
35993.42, 14350
36017.52, 14349
36048.14, 14348
36051.97, 14347
36074.01, 14346
36077.62, 14345
36129.94, 14344
36147.79, 14343
36151.23, 14342
36177.05, 14341
36209.94, 14340
36213.6, 14339
36240.27, 14338
36279.21, 14337
36283.59, 14336
36297.95, 14335
36319.94, 14334
36326.83, 14333
36344.2, 14332
36372.33, 14331
36375.92, 14330
36403.45, 14329
36408.41, 14328
36450.49, 14327
36481.64, 14326
36485.89, 14325
36504.89, 14324
36508.7, 14323
36582.46, 14322
36586.11, 14321
36611.43, 14320
36615.01, 14319
36637.55, 14318
36641.94, 14317
36664.7, 14316
36668.21, 14315
36686.1, 14314
36713.96, 14313
36720.57, 14312
36739.89, 14311
36743.4, 14310
36766.75, 14309
36780.98, 14308
36799.71, 14307
36817.21, 14306
36821.03, 14305
36861.8, 14304
36865.61, 14303
36888.13, 14302
36899.5, 14301
36923.47, 14300
36926.63, 14299
36948.61, 14298
36952.62, 14297
36982.13, 14296
37009.39, 14295
37013.42, 14294
37043.85, 14293
37047.51, 14292
37064.57, 14291
37091.13, 14290
37104.43, 14289
37120.45, 14288
37125.06, 14287
37159.62, 14286
37160.55, 14285
37178.67, 14284
37205.46, 14283
37229.68, 14282
37233.18, 14281
37257.16, 14280
37260.47, 14279
37293.05, 14278
37318.77, 14277
37322.46, 14276
37342.42, 14275
37367.25, 14274
37379.87, 14273
37412.33, 14272
37447.04, 14271
37461.04, 14270
37479.29, 14269
37482.79, 14268
37506.97, 14267
37520.67, 14266
37541.3, 14265
37544.37, 14264
37573.88, 14263
37576.78, 14262
37602.79, 14261
37617.2, 14260
37640.24, 14259
37647.45, 14258
37669.06, 14257
37681.95, 14256
37699.44, 14255
37702.24, 14254
37763.48, 14253
37770.3, 14252
37789.56, 14251
37817.67, 14250
37822.94, 14249
37844.79, 14248
37862.44, 14247
37886.54, 14246
37917.06, 14245
37922.81, 14244
37965.58, 14243
37969.12, 14242
37995.42, 14241
37998.93, 14240
38014.79, 14239
38018.26, 14238
38045.5, 14237
38049.49, 14236
38064.9, 14235
38084.46, 14234
38087.95, 14233
38123.11, 14232
38137.26, 14231
38140.84, 14230
38180.19, 14229
38183.54, 14228
38204.96, 14227
38208.32, 14226
38251.37, 14225
38254.92, 14224
38276.02, 14223
38311.58, 14222
38340.35, 14221
38344.29, 14220
38362.29, 14219
38386.07, 14218
38403.32, 14217
38406.96, 14216
38436.55, 14215
38440.51, 14214
38460.18, 14213
38479.42, 14212
38495.91, 14211
38499.47, 14210
38529.57, 14209
38534.82, 14208
38574.68, 14207
38578.26, 14206
38608.74, 14205
38612.53, 14204
38637.57, 14203
38642.07, 14202
38664.31, 14201
38685.42, 14200
38690.15, 14199
38732.49, 14198
38747.93, 14197
38768.68, 14196
38772.94, 14195
38796.53, 14194
38822.08, 14193
38825.67, 14192
38879.48, 14191
38882.65, 14190
38915.59, 14189
38922.36, 14188
38938.24, 14187
38941.81, 14186
38963.72, 14185
38991.11, 14184
39009.81, 14183
39035.67, 14182
39040.07, 14181
39067.63, 14180
39073.95, 14179
39096.63, 14178
39108.73, 14177
39112.66, 14176
39165.71, 14175
39174.35, 14174
39201.21, 14173
39215.3, 14172
39238.65, 14171
39244.03, 14170
39267.62, 14169
39300.56, 14168
39313.48, 14167
39317.0, 14166
39343.92, 14165
39360.07, 14164
39377.7, 14163
39400.63, 14162
39407.74, 14161
39431.52, 14160
39436.52, 14159
39465.08, 14158
39479.17, 14157
39496.94, 14156
39500.64, 14155
39530.62, 14154
39534.26, 14153
39555.1, 14152
39572.69, 14151
39577.88, 14150
39604.14, 14149
39632.72, 14148
39637.26, 14147
39664.18, 14146
39683.61, 14145
39698.31, 14144
39710.35, 14143
39727.44, 14142
39743.78, 14141
39759.24, 14140
39762.95, 14139
39781.5, 14138
39801.22, 14137
39804.73, 14136
39825.72, 14135
39835.41, 14134
39850.61, 14133
39872.5, 14132
39895.6, 14131
39913.37, 14130
39934.89, 14129
39955.57, 14128
39979.03, 14127
39982.32, 14126
40003.69, 14125
40017.89, 14124
40060.22, 14123
40080.9, 14122
40084.41, 14121
40104.87, 14120
40108.39, 14119
40134.29, 14118
40151.1, 14117
40169.13, 14116
40172.7, 14115
40189.47, 14114
40209.77, 14113
40213.32, 14112
40237.14, 14111
40251.6, 14110
40271.18, 14109
40275.03, 14108
40291.47, 14107
40314.35, 14106
40317.87, 14105
40342.18, 14104
40346.18, 14103
40366.45, 14102
40372.09, 14101
40389.68, 14100
40393.59, 14099
40415.98, 14098
40440.01, 14097
40443.48, 14096
40465.55, 14095
40469.3, 14094
40507.78, 14093
40516.33, 14092
40541.96, 14091
40546.04, 14090
40567.28, 14089
40570.87, 14088
40603.17, 14087
40606.65, 14086
40650.58, 14085
40690.28, 14084
40709.77, 14083
40731.69, 14082
40737.91, 14081
40765.26, 14080
40771.69, 14079
40784.29, 14078
40797.36, 14077
40801.12, 14076
40831.13, 14075
40863.45, 14074
40881.91, 14073
40901.33, 14072
40946.16, 14071
40950.42, 14070
40966.92, 14069
40984.81, 14068
40990.13, 14067
41010.75, 14066
41016.15, 14065
41048.47, 14064
41053.02, 14063
41083.55, 14062
41106.73, 14061
41110.33, 14060
41145.78, 14059
41149.47, 14058
41167.4, 14057
41171.45, 14056
41203.09, 14055
41217.98, 14054
41238.97, 14053
41243.69, 14052
41265.55, 14051
41290.13, 14050
41310.07, 14049
41314.6, 14048
41337.61, 14047
41359.09, 14046
41362.39, 14045
41380.67, 14044
41385.46, 14043
41408.51, 14042
41425.97, 14041
41447.66, 14040
41465.24, 14039
41469.22, 14038
41485.92, 14037
41500.7, 14036
41523.28, 14035
41548.88, 14034
41564.97, 14033
41587.13, 14032
41591.24, 14031
41625.74, 14030
41644.55, 14029
41663.14, 14028
41669.93, 14027
41699.21, 14026
41705.08, 14025
41726.73, 14024
41730.34, 14023
41802.6, 14022
41807.63, 14021
41825.46, 14020
41829.36, 14019
41851.79, 14018
42054.5, 14017
42058.07, 14016
42075.23, 14015
42081.53, 14014
42100.01, 14013
42123.88, 14012
42134.99, 14011
42149.06, 14010
42184.55, 14009
42188.27, 14008
42211.32, 14007
42216.09, 14006
42232.96, 14005
42248.45, 14004
42255.25, 14003
42272.67, 14002
42285.1, 14001
42290.12, 14000
42309.39, 13999
42331.75, 13998
42335.48, 13997
42359.64, 13996
42367.54, 13995
42384.4, 13994
42403.89, 13993
42415.36, 13992
42434.51, 13991
42449.68, 13990
42463.5, 13989
42499.34, 13988
42503.92, 13987
42527.3, 13986
42546.34, 13985
42557.36, 13984
42579.95, 13983
42585.05, 13982
42609.4, 13981
42613.33, 13980
42632.62, 13979
42649.15, 13978
42671.24, 13977
42689.49, 13976
42705.0, 13975
42725.26, 13974
42753.84, 13973
42758.04, 13972
42773.44, 13971
42796.58, 13970
42811.3, 13969
42829.17, 13968
42832.63, 13967
42861.22, 13966
42881.15, 13965
42900.25, 13964
42922.91, 13963
42926.23, 13962
42944.09, 13961
43009.74, 13960
43014.12, 13959
43039.05, 13958
43065.93, 13957
43069.79, 13956
43089.51, 13955
43093.01, 13954
43120.79, 13953
43125.69, 13952
43151.51, 13951
43156.37, 13950
43179.42, 13949
43196.61, 13948
43215.03, 13947
43225.45, 13946
43242.28, 13945
43271.22, 13944
43286.3, 13943
43303.78, 13942
43308.08, 13941
43334.56, 13940
43356.9, 13939
43374.38, 13938
43379.55, 13937
43408.15, 13936
43411.87, 13935
43430.64, 13934
43449.46, 13933
43515.2, 13932
43529.07, 13931
43547.09, 13930
43566.54, 13929
43570.27, 13928
43592.43, 13927
43616.88, 13926
43644.45, 13925
43648.03, 13924
43676.26, 13923
43697.05, 13922
43712.43, 13921
43730.89, 13920
43734.67, 13919
43751.07, 13918
43771.7, 13917
43796.32, 13916
43811.12, 13915
43826.43, 13914
43839.31, 13913
43868.17, 13912
43871.66, 13911
43889.47, 13910
43940.12, 13909
43943.6, 13908
43961.13, 13907
43977.38, 13906
44012.67, 13905
44032.79, 13904
44032.88, 13903
44066.03, 13902
44073.7, 13901
44077.25, 13900
44095.13, 13899
44123.2, 13898
44141.07, 13897
44145.53, 13896
44158.39, 13895
44196.52, 13894
44201.33, 13893
44225.21, 13892
44234.29, 13891
44252.16, 13890
44283.13, 13889
44306.73, 13888
44325.26, 13887
44334.75, 13886
44357.4, 13885
44373.2, 13884
44400.44, 13883
44416.44, 13882
44463.5, 13881
44468.9, 13880
44503.19, 13879
44508.44, 13878
44527.95, 13877
44552.76, 13876
44557.05, 13875
44570.59, 13874
44599.45, 13873
44603.07, 13872
44627.28, 13871
44642.86, 13870
44669.97, 13869
44696.26, 13868
44699.94, 13867
44716.73, 13866
44737.07, 13865
44752.89, 13864
44764.87, 13863
44784.9, 13862
44804.87, 13861
44809.15, 13860
44830.78, 13859
44849.62, 13858
44880.25, 13857
44898.61, 13856
44902.25, 13855
44968.08, 13854
44972.01, 13853
44994.98, 13852
44999.37, 13851
45027.88, 13850
45045.02, 13849
45060.65, 13848
45064.61, 13847
45086.2, 13846
45113.12, 13845
45135.74, 13844
45157.9, 13843
45169.21, 13842
45185.03, 13841
45216.83, 13840
45233.1, 13839
45236.99, 13838
45267.34, 13837
45286.7, 13836
45313.6, 13835
45331.34, 13834
45335.51, 13833
45355.8, 13832
45362.96, 13831
45382.48, 13830
45386.2, 13829
45409.34, 13828
45425.03, 13827
45439.36, 13826
45459.73, 13825
45479.7, 13824
45484.59, 13823
45524.91, 13822
45547.46, 13821
45550.97, 13820
45591.55, 13819
45595.31, 13818
45618.6, 13817
45651.07, 13816
45666.54, 13815
45681.34, 13814
45697.28, 13813
45725.5, 13812
45732.25, 13811
45761.98, 13810
45778.58, 13809
45782.08, 13808
45798.91, 13807
45822.08, 13806
45874.7, 13805
45879.9, 13804
45898.4, 13803
45913.56, 13802
45918.0, 13801
45945.32, 13800
45965.87, 13799
45982.08, 13798
46012.35, 13797
46016.63, 13796
46045.99, 13795
46062.42, 13794
46066.1, 13793
46090.78, 13792
46095.21, 13791
46122.35, 13790
46141.98, 13789
46145.91, 13788
46169.04, 13787
46193.69, 13786
46212.5, 13785
46229.0, 13784
46232.58, 13783
46267.19, 13782
46271.53, 13781
46298.01, 13780
46317.33, 13779
46347.73, 13778
46365.69, 13777
46369.46, 13776
46403.09, 13775
46425.99, 13774
46429.94, 13773
46449.53, 13772
46453.39, 13771
46480.23, 13770
46507.66, 13769
46529.35, 13768
46601.78, 13767
46612.36, 13766
46629.52, 13765
46634.57, 13764
46665.86, 13763
46679.73, 13762
46697.05, 13761
46702.23, 13760
46749.59, 13759
46756.51, 13758
46770.33, 13757
46786.36, 13756
46797.68, 13755
46820.66, 13754
46845.28, 13753
46848.52, 13752
46871.02, 13751
46895.81, 13750
46899.45, 13749
46926.4, 13748
46947.82, 13747
46951.87, 13746
46984.35, 13745
47005.42, 13744
47010.54, 13743
47032.11, 13742
47035.79, 13741
47068.99, 13740
47073.27, 13739
47087.66, 13738
47117.02, 13737
47156.84, 13736
47158.86, 13735
47184.35, 13734
47211.46, 13733
47234.88, 13732
47249.74, 13731
47268.19, 13730
47272.22, 13729
47298.27, 13728
47301.93, 13727
47336.42, 13726
47352.52, 13725
47357.41, 13724
47384.81, 13723
47403.4, 13722
47414.75, 13721
47432.51, 13720
47442.5, 13719
47502.12, 13718
47520.69, 13717
47536.72, 13716
47547.61, 13715
47583.53, 13714
47587.12, 13713
47615.37, 13712
47619.19, 13711
47645.98, 13710
47661.02, 13709
47665.24, 13708
47688.91, 13707
47693.19, 13706
47721.78, 13705
47733.0, 13704
47754.46, 13703
47771.1, 13702
47791.66, 13701
47812.89, 13700
47816.58, 13699
47834.23, 13698
47859.45, 13697
47863.33, 13696
47885.02, 13695
47902.51, 13694
47906.92, 13693
47950.86, 13692
47982.0, 13691
48015.29, 13690
48035.44, 13689
48039.21, 13688
48061.62, 13687
48065.36, 13686
48097.99, 13685
48136.34, 13684
48158.05, 13683
48174.33, 13682
48176.48, 13681
48200.09, 13680
48229.34, 13679
48239.06, 13678
48271.66, 13677
48287.16, 13676
48311.31, 13675
48315.06, 13674
48332.23, 13673
48340.61, 13672
48358.54, 13671
48386.91, 13670
48417.93, 13669
48422.64, 13668
48440.92, 13667
48464.49, 13666
48476.97, 13665
48510.21, 13664
48522.4, 13663
48531.85, 13662
48551.11, 13661
48555.05, 13660
48578.95, 13659
48582.69, 13658
48636.41, 13657
48663.49, 13656
48681.35, 13655
48711.25, 13654
48734.7, 13653
48757.2, 13652
48774.43, 13651
48788.68, 13650
48810.86, 13649
48815.07, 13648
48843.89, 13647
48865.92, 13646
48882.94, 13645
48899.09, 13644
48904.88, 13643
48951.94, 13642
48955.72, 13641
49007.86, 13640
49028.06, 13639
49042.6, 13638
49067.76, 13637
49071.97, 13636
49101.61, 13635
49166.9, 13634
49170.92, 13633
49186.01, 13632
49198.05, 13631
49214.98, 13630
49218.67, 13629
49278.13, 13628
49300.73, 13627
49305.21, 13626
49325.84, 13625
49329.2, 13624
49347.57, 13623
49364.85, 13622
49383.79, 13621
49413.68, 13620
49437.03, 13619
49456.78, 13618
49478.57, 13617
49505.19, 13616
49510.96, 13615
49558.54, 13614
49577.51, 13613
49601.62, 13612
49614.97, 13611
49645.17, 13610
49651.41, 13609
49667.92, 13608
49691.94, 13607
49745.83, 13606
49762.73, 13605
49783.49, 13604
49814.96, 13603
49819.53, 13602
49844.99, 13601
49877.93, 13600
49881.67, 13599
49906.61, 13598
49911.48, 13597
49931.27, 13596
49951.52, 13595
49966.69, 13594
49988.62, 13593
50019.5, 13592
50045.8, 13591
50053.13, 13590
50070.36, 13589
50084.21, 13588
50109.42, 13587
50132.96, 13586
50149.91, 13585
50166.34, 13584
50191.61, 13583
50196.57, 13582
50217.56, 13581
50263.45, 13580
50266.95, 13579
50283.87, 13578
50289.68, 13577
50320.43, 13576
50324.08, 13575
50346.54, 13574
50350.51, 13573
50384.09, 13572
50446.04, 13571
50465.96, 13570
50469.7, 13569
50500.49, 13568
50517.83, 13567
50537.0, 13566
50561.39, 13565
50583.75, 13564
50605.16, 13563
50617.06, 13562
50642.18, 13561
50645.64, 13560
50670.94, 13559
50697.39, 13558
50705.62, 13557
50759.39, 13556
50763.01, 13555
50782.04, 13554
50799.19, 13553
50803.41, 13552
50831.21, 13551
50862.67, 13550
50890.45, 13549
50895.32, 13548
50933.92, 13547
50949.65, 13546
50962.93, 13545
50979.78, 13544
50983.43, 13543
51011.31, 13542
51015.82, 13541
51032.41, 13540
51063.98, 13539
51067.5, 13538
51096.16, 13537
51101.12, 13536
51129.92, 13535
51169.68, 13534
51182.36, 13533
51223.54, 13532
51228.18, 13531
51251.72, 13530
51260.4, 13529
51283.9, 13528
51290.59, 13527
51324.5, 13526
51328.08, 13525
51347.5, 13524
51365.91, 13523
51415.78, 13522
51436.63, 13521
51453.4, 13520
51471.31, 13519
51478.73, 13518
51514.76, 13517
51566.23, 13516
51570.55, 13515
51594.31, 13514
51614.22, 13513
51617.88, 13512
51653.19, 13511
51672.79, 13510
51691.86, 13509
51696.0, 13508
51720.71, 13507
51737.59, 13506
51758.06, 13505
51782.9, 13504
51807.66, 13503
51811.51, 13502
51843.35, 13501
51851.15, 13500
51902.77, 13499
51934.9, 13498
51939.84, 13497
51964.9, 13496
51969.81, 13495
51991.36, 13494
52012.2, 13493
52017.87, 13492
52049.58, 13491
52067.11, 13490
52070.81, 13489
52092.0, 13488
52123.58, 13487
52154.34, 13486
52183.53, 13485
52200.66, 13484
52204.4, 13483
52222.85, 13482
52253.03, 13481
52273.8, 13480
52314.86, 13479
52332.57, 13478
52356.09, 13477
52360.71, 13476
52379.09, 13475
52393.36, 13474
52409.33, 13473
52437.58, 13472
52443.91, 13471
52474.21, 13470
52479.93, 13469
52519.06, 13468
52533.13, 13467
52536.79, 13466
52567.02, 13465
52600.05, 13464
52603.78, 13463
52633.15, 13462
52660.96, 13461
52664.68, 13460
52685.57, 13459
52689.55, 13458
52718.4, 13457
52742.69, 13456
52747.6, 13455
52767.2, 13454
52788.0, 13453
52791.8, 13452
52859.56, 13451
52863.24, 13450
52905.3, 13449
52908.34, 13448
52931.05, 13447
52934.8, 13446
52990.28, 13445
53004.81, 13444
53008.18, 13443
53026.93, 13442
53043.98, 13441
53053.02, 13440
53063.44, 13439
53086.99, 13438
53099.8, 13437
53117.03, 13436
53142.62, 13435
53162.33, 13434
53166.13, 13433
53186.31, 13432
53212.93, 13431
53216.44, 13430
53249.7, 13429
53268.04, 13428
53296.39, 13427
53304.94, 13426
53320.27, 13425
53340.91, 13424
53345.23, 13423
53364.23, 13422
53379.86, 13421
53401.01, 13420
53424.62, 13419
53440.99, 13418
53480.23, 13417
53492.06, 13416
53510.18, 13415
53564.3, 13414
53567.83, 13413
53595.95, 13412
53616.59, 13411
53637.5, 13410
53641.36, 13409
53674.95, 13408
53678.52, 13407
53746.4, 13406
53750.41, 13405
53785.26, 13404
53809.13, 13403
54032.23, 13402
54035.72, 13401
54058.03, 13400
54083.19, 13399
54089.73, 13398
54093.26, 13397
54140.77, 13396
54140.82, 13395
54164.66, 13394
54183.83, 13393
54187.33, 13392
54207.62, 13391
54231.21, 13390
54263.07, 13389
54265.55, 13388
54281.61, 13387
54285.26, 13386
54320.18, 13385
54334.73, 13384
54341.07, 13383
54361.15, 13382
54364.8, 13381
54386.72, 13380
54391.18, 13379
54442.61, 13378
54446.1, 13377
54468.27, 13376
54494.86, 13375
54528.41, 13374
54532.39, 13373
54580.68, 13372
54606.32, 13371
54616.59, 13370
54621.38, 13369
54638.43, 13368
54661.51, 13367
54679.49, 13366
54699.16, 13365
54704.56, 13364
54744.48, 13363
54748.69, 13362
54780.19, 13361
54807.19, 13360
54819.96, 13359
54842.86, 13358
54865.39, 13357
54902.33, 13356
54926.45, 13355
54939.69, 13354
54962.45, 13353
54976.63, 13352
54981.48, 13351
55005.79, 13350
55010.32, 13349
55036.46, 13348
55049.22, 13347
55083.7, 13346
55087.53, 13345
55117.77, 13344
55167.82, 13343
55191.6, 13342
55195.36, 13341
55220.89, 13340
55255.08, 13339
55284.38, 13338
55303.09, 13337
55323.45, 13336
55332.4, 13335
55360.83, 13334
55382.87, 13333
55391.56, 13332
55415.69, 13331
55434.58, 13330
55445.3, 13329
55463.62, 13328
55472.78, 13327
55509.51, 13326
55530.58, 13325
55534.49, 13324
55570.49, 13323
55593.29, 13322
55597.55, 13321
55670.84, 13320
55696.7, 13319
55719.35, 13318
55723.45, 13317
55747.71, 13316
55752.65, 13315
55773.05, 13314
55810.45, 13313
55830.48, 13312
55864.0, 13311
55881.69, 13310
55893.67, 13309
55918.82, 13308
55935.5, 13307
55952.81, 13306
55957.14, 13305
55984.77, 13304
55988.53, 13303
56016.61, 13302
56022.29, 13301
56043.62, 13300
56059.09, 13299
56064.13, 13298
56095.36, 13297
56123.58, 13296
56127.28, 13295
56167.02, 13294
56170.97, 13293
56197.14, 13292
56200.86, 13291
56229.2, 13290
56284.12, 13289
56287.85, 13288
56320.31, 13287
56325.01, 13286
56354.98, 13285
56367.09, 13284
56393.27, 13283
56411.61, 13282
56428.8, 13281
56450.68, 13280
56455.21, 13279
56482.05, 13278
56486.85, 13277
56520.6, 13276
56537.34, 13275
56561.84, 13274
56595.67, 13273
56603.27, 13272
56645.28, 13271
56660.88, 13270
56680.12, 13269
56691.95, 13268
56712.2, 13267
56736.8, 13266
56763.05, 13265
56792.55, 13264
56796.59, 13263
56819.95, 13262
56845.04, 13261
56848.72, 13260
56870.39, 13259
56879.86, 13258
56900.12, 13257
56923.78, 13256
56941.44, 13255
56966.76, 13254
56980.12, 13253
56991.86, 13252
57019.17, 13251
57029.27, 13250
57050.09, 13249
57070.49, 13248
57101.59, 13247
57121.33, 13246
57134.91, 13245
57148.52, 13244
57166.92, 13243
57182.93, 13242
57199.78, 13241
57227.52, 13240
57232.51, 13239
57252.19, 13238
57281.43, 13237
57305.88, 13236
57331.17, 13235
57349.32, 13234
57375.11, 13233
57403.54, 13232
57407.81, 13231
57433.17, 13230
57470.4, 13229
57474.02, 13228
57503.54, 13227
57523.34, 13226
57561.67, 13225
57587.96, 13224
57595.05, 13223
57632.29, 13222
57649.36, 13221
57667.52, 13220
57692.84, 13219
57698.94, 13218
57724.63, 13217
57728.14, 13216
57749.99, 13215
57769.16, 13214
57773.06, 13213
57802.0, 13212
57820.32, 13211
57835.16, 13210
57868.51, 13209
57886.02, 13208
57891.16, 13207
57915.69, 13206
57919.5, 13205
57942.1, 13204
57945.83, 13203
57993.6, 13202
58016.87, 13201
58020.9, 13200
58044.86, 13199
58055.24, 13198
58082.09, 13197
58085.63, 13196
58126.21, 13195
58156.15, 13194
58182.6, 13193
58201.85, 13192
58233.12, 13191
58236.7, 13190
58267.84, 13189
58285.62, 13188
58309.46, 13187
58346.92, 13186
58386.88, 13185
58399.88, 13184
58415.39, 13183
58438.06, 13182
58453.08, 13181
58474.6, 13180
58512.13, 13179
58516.27, 13178
58538.46, 13177
58563.45, 13176
58565.46, 13175
58583.32, 13174
58592.87, 13173
58633.92, 13172
58680.13, 13171
58684.2, 13170
58697.82, 13169
58712.81, 13168
58736.66, 13167
58749.83, 13166
58766.96, 13165
58788.97, 13164
58797.98, 13163
58816.75, 13162
58834.59, 13161
58849.91, 13160
58881.9, 13159
58901.17, 13158
58925.9, 13157
58929.68, 13156
58948.88, 13155
58954.21, 13154
58970.8, 13153
58992.96, 13152
59013.49, 13151
59041.61, 13150
59077.51, 13149
59080.78, 13148
59114.25, 13147
59151.49, 13146
59176.07, 13145
59200.09, 13144
59235.13, 13143
59263.02, 13142
59291.28, 13141
59295.04, 13140
59336.86, 13139
59340.28, 13138
59364.83, 13137
59380.36, 13136
59405.94, 13135
59409.42, 13134
59436.63, 13133
59458.12, 13132
59463.46, 13131
59482.6, 13130
59486.86, 13129
59534.11, 13128
59538.61, 13127
59559.95, 13126
59584.94, 13125
59588.36, 13124
59617.29, 13123
59623.69, 13122
59643.72, 13121
59647.64, 13120
59675.0, 13119
59678.93, 13118
59700.34, 13117
59730.42, 13116
59734.0, 13115
59759.9, 13114
59784.27, 13113
59787.81, 13112
59811.41, 13111
59817.89, 13110
59837.39, 13109
59843.97, 13108
59871.16, 13107
59900.84, 13106
59914.08, 13105
59963.56, 13104
59967.06, 13103
59984.95, 13102
60047.61, 13101
60068.24, 13100
60074.49, 13099
60112.37, 13098
60117.63, 13097
60136.17, 13096
60140.02, 13095
60170.4, 13094
