3426.39, 6184
3429.3, 6159
3435.47, 6138
3438.27, 6124
3453.47, 6103
3469.23, 6086
3474.81, 6085
3481.09, 6072
3488.01, 6055
3498.04, 6054
3501.68, 6047
3507.15, 6030
3512.6, 6029
3521.8, 6022
3526.28, 6021
3529.69, 6014
3533.96, 5997
3538.29, 5996
3543.55, 5990
3546.03, 5989
3551.9, 5982
3562.82, 5965
3573.26, 5964
3587.41, 5961
3608.64, 5960
3613.96, 5953
3618.14, 5936
3625.72, 5935
3630.55, 5934
3642.5, 5931
3647.38, 5930
3653.32, 5923
3658.6, 5906
3662.5, 5905
3690.37, 5903
3694.98, 5902
3704.63, 5895
3705.91, 5878
3710.57, 5877
3717.14, 5875
3721.5, 5874
3726.77, 5873
3737.11, 5872
3742.48, 5871
3754.37, 5870
3755.72, 5869
3758.23, 5862
3761.22, 5861
3764.98, 5847
3769.49, 5846
3772.07, 5845
3775.9, 5844
3782.71, 5838
3786.59, 5837
3791.79, 5825
3794.65, 5824
3800.07, 5823
3801.42, 5822
3805.19, 5821
3817.68, 5818
3821.69, 5817
3829.65, 5816
3833.16, 5815
3840.91, 5809
3844.66, 5808
3848.23, 5796
3852.73, 5795
3855.86, 5794
3859.28, 5793
3863.03, 5792
3871.06, 5791
3874.69, 5790
3877.65, 5789
3881.16, 5788
3887.84, 5786
3891.55, 5785
3895.78, 5784
3901.36, 5783
3937.14, 5782
3950.8, 5777
3961.24, 5776
3970.5, 5764
3971.87, 5763
3977.09, 5762
3986.02, 5761
3992.57, 5760
4002.09, 5759
4013.6, 5753
4018.62, 5751
4019.64, 5750
4023.68, 5749
4027.72, 5748
4031.03, 5747
4038.39, 5746
4044.71, 5745
4048.55, 5744
4052.91, 5743
4063.64, 5742
4077.32, 5736
4082.0, 5734
4086.41, 5733
4093.07, 5732
4096.73, 5731
4100.35, 5730
4110.87, 5729
4112.21, 5728
4117.15, 5727
4137.53, 5721
4141.43, 5719
4147.61, 5718
4154.25, 5717
4162.92, 5716
4167.52, 5715
4180.82, 5714
4190.68, 5713
4197.26, 5712
4206.72, 5711
4213.57, 5710
4227.06, 5704
4228.38, 5702
4236.7, 5701
4241.52, 5700
4247.58, 5699
4252.94, 5698
4264.4, 5697
4270.44, 5696
4274.42, 5695
4277.8, 5694
4282.61, 5693
4287.04, 5692
4398.01, 5690
4399.39, 5689
4400.61, 5688
4401.88, 5687
4403.26, 5683
4404.38, 5681
4409.76, 5680
4414.92, 5679
4418.32, 5678
4422.9, 5677
4428.5, 5676
4435.66, 5675
4444.53, 5674
4447.86, 5673
4453.32, 5672
4454.84, 5671
4458.61, 5670
4468.25, 5668
4471.08, 5667
4476.95, 5666
4478.19, 5665
4487.97, 5661
4491.61, 5659
4494.41, 5658
4500.9, 5657
4505.5, 5656
4506.87, 5655
4510.82, 5654
4514.0, 5653
4522.61, 5652
4529.98, 5650
4536.17, 5649
4540.8, 5648
4543.05, 5647
4557.37, 5643
4558.7, 5641
4559.95, 5640
4561.29, 5639
4577.98, 5638
4584.32, 5637
4597.14, 5636
4601.43, 5635
4614.38, 5633
4624.57, 5632
4631.08, 5631
4633.64, 5630
4633.67, 5629
4638.34, 5628
4642.43, 5627
4646.53, 5626
4656.7, 5624
4658.63, 5623
4663.85, 5622
4665.71, 5621
4677.98, 5617
4679.35, 5615
4690.81, 5614
4697.9, 5613
4699.26, 5612
4702.1, 5611
4706.96, 5610
4719.06, 5609
4730.64, 5608
4738.88, 5607
4739.46, 5606
4743.46, 5605
4746.31, 5604
4752.39, 5603
4758.74, 5602
4763.23, 5601
4770.37, 5600
4771.65, 5599
4776.03, 5598
4790.96, 5596
4805.59, 5594
4811.48, 5593
4824.64, 5592
4828.09, 5591
4837.44, 5590
4842.45, 5589
4844.42, 5588
4852.64, 5587
4864.31, 5586
4878.07, 5585
4883.67, 5584
4892.66, 5583
4900.01, 5582
4904.02, 5581
4911.45, 5580
4916.71, 5579
4923.65, 5578
4930.67, 5576
4935.95, 5574
4937.45, 5573
4940.34, 5572
4944.66, 5571
4960.99, 5570
4964.53, 5569
4968.81, 5568
4981.3, 5567
4985.41, 5566
4997.82, 5565
5012.05, 5564
5016.66, 5563
5026.7, 5562
5031.97, 5561
5038.38, 5560
5046.89, 5559
5050.24, 5558
5055.13, 5557
5060.65, 5556
5061.95, 5555
5072.89, 5554
5075.48, 5553
5079.82, 5552
5081.03, 5551
5085.92, 5550
5087.6, 5549
5091.49, 5548
5094.68, 5547
5098.51, 5546
5102.44, 5545
5106.25, 5544
5108.97, 5543
5113.01, 5542
5119.5, 5541
5126.56, 5540
5130.49, 5539
5136.13, 5538
5137.47, 5537
5140.89, 5536
5148.59, 5535
5155.33, 5534
5160.0, 5533
5162.37, 5532
5164.06, 5531
5167.84, 5530
5202.99, 5529
5204.26, 5528
5208.75, 5527
5230.22, 5526
5239.25, 5525
5245.92, 5524
5248.91, 5523
5261.21, 5522
5271.97, 5521
5277.18, 5520
5281.13, 5519
5292.32, 5518
5294.88, 5517
5304.72, 5516
5305.95, 5515
5311.78, 5514
5314.07, 5513
5320.83, 5512
5322.14, 5511
5330.71, 5510
5338.52, 5509
5344.71, 5508
5350.3, 5507
5354.36, 5506
5371.58, 5505
5377.62, 5504
5393.83, 5503
5396.34, 5502
5400.48, 5501
5405.81, 5500
5407.73, 5499
5411.56, 5498
5414.43, 5497
5417.73, 5496
5421.82, 5495
5434.51, 5494
5450.2, 5493
5453.57, 5492
5460.61, 5491
5475.29, 5490
5476.64, 5489
5494.2, 5488
5502.18, 5487
5509.81, 5486
5524.4, 5485
5527.13, 5484
5532.22, 5483
5538.08, 5482
5544.4, 5481
5550.94, 5480
5551.04, 5479
5552.11, 5478
5558.36, 5477
5563.24, 5476
5588.21, 5475
5595.09, 5474
5601.23, 5473
5608.76, 5472
5613.58, 5471
5619.7, 5470
5621.98, 5469
5626.29, 5468
5637.29, 5467
5649.19, 5466
5657.98, 5465
5661.17, 5464
5669.9, 5463
5693.45, 5462
5706.92, 5461
5708.31, 5460
5709.57, 5459
5710.82, 5458
5713.6, 5457
5724.36, 5456
5725.6, 5455
5726.87, 5454
5728.13, 5453
5734.97, 5452
5736.21, 5451
5740.17, 5450
5747.02, 5449
5758.01, 5448
5760.56, 5447
5761.9, 5446
5770.24, 5445
5774.88, 5444
5776.3, 5443
5784.13, 5442
5792.79, 5441
5796.17, 5440
5797.52, 5439
5798.84, 5438
5810.16, 5437
5814.41, 5436
5815.67, 5435
5818.68, 5434
5824.14, 5433
5825.38, 5432
5829.68, 5431
5835.69, 5430
5836.57, 5429
5842.22, 5428
5844.73, 5427
5849.35, 5426
5851.64, 5425
5859.6, 5424
5865.23, 5423
5871.01, 5422
5872.38, 5421
5885.34, 5420
5889.65, 5419
5894.08, 5418
5895.14, 5417
5902.13, 5416
5907.47, 5415
5923.39, 5414
5924.72, 5413
5926.01, 5412
5927.28, 5411
5967.2, 5410
5981.42, 5409
5983.93, 5408
5985.23, 5407
5993.91, 5406
5998.78, 5405
5999.52, 5404
6000.78, 5403
6007.71, 5402
6013.96, 5401
6027.27, 5400
6028.64, 5399
6054.83, 5398
6054.87, 5397
6071.0, 5396
6071.33, 5395
6076.64, 5394
6089.02, 5393
6090.3, 5392
6091.59, 5391
6092.85, 5390
6094.15, 5389
6105.84, 5388
6109.77, 5387
6111.5, 5386
6113.21, 5385
6114.07, 5384
6119.99, 5383
6120.73, 5382
6139.92, 5381
6145.97, 5380
6150.04, 5379
6151.26, 5378
6152.51, 5377
6154.33, 5376
6158.13, 5375
6161.82, 5374
6166.16, 5373
6167.4, 5372
6184.11, 5371
6186.49, 5370
6246.77, 5369
6246.98, 5368
6248.02, 5367
6254.2, 5366
6255.63, 5365
6261.81, 5364
6265.58, 5363
6269.41, 5362
6281.16, 5361
6282.19, 5360
6283.44, 5359
6288.92, 5358
6295.4, 5357
6300.05, 5356
6301.38, 5355
6333.57, 5354
6334.84, 5353
6340.39, 5352
6355.04, 5351
6383.54, 5350
6388.0, 5349
6395.19, 5348
6395.57, 5347
6415.49, 5346
6441.16, 5345
6451.98, 5344
6457.5, 5343
6463.45, 5342
6476.45, 5341
6479.81, 5340
6481.06, 5339
6487.73, 5338
6490.29, 5337
6495.87, 5336
6502.61, 5335
6509.58, 5334
6513.94, 5333
6515.23, 5332
6522.5, 5331
6532.32, 5330
6532.33, 5329
6558.61, 5328
6571.3, 5327
6573.97, 5326
6579.02, 5325
6591.52, 5324
6594.71, 5323
6596.31, 5322
6597.22, 5321
6601.23, 5320
6608.26, 5319
6613.2, 5318
6614.14, 5317
6616.9, 5316
6623.98, 5315
6625.24, 5314
6632.49, 5313
6636.58, 5312
6639.5, 5311
6648.41, 5310
6657.42, 5309
6668.37, 5308
6672.38, 5307
6673.7, 5306
6674.97, 5305
6692.15, 5304
6693.79, 5303
6694.69, 5302
6695.96, 5301
6721.41, 5300
6752.56, 5299
6767.89, 5298
6770.86, 5297
6770.9, 5296
6771.74, 5295
6784.84, 5294
6786.28, 5293
6787.75, 5292
6788.91, 5291
6797.71, 5290
6801.7, 5289
6816.23, 5288
6818.26, 5287
6818.93, 5286
6827.87, 5285
6830.75, 5284
6832.14, 5283
6837.46, 5282
6838.4, 5281
6849.85, 5280
6851.6, 5279
6858.15, 5278
6862.6, 5277
6863.93, 5276
6880.75, 5275
6880.77, 5274
6882.16, 5273
6888.82, 5272
6897.59, 5271
6901.17, 5270
6902.35, 5269
6903.14, 5268
6960.09, 5267
6961.34, 5266
6968.66, 5265
6972.99, 5264
6987.32, 5263
6988.73, 5262
6989.84, 5261
7017.79, 5260
7037.11, 5259
7038.66, 5258
7039.67, 5257
7040.95, 5256
7072.37, 5255
7084.17, 5254
7088.95, 5253
7090.28, 5252
7091.51, 5251
7104.7, 5250
7105.95, 5249
7108.07, 5248
7108.49, 5247
7118.65, 5246
7123.13, 5245
7128.53, 5244
7129.15, 5243
7130.07, 5242
7148.17, 5241
7150.97, 5240
7151.01, 5239
7152.07, 5238
7154.07, 5237
7160.87, 5236
7164.77, 5235
7166.03, 5234
7188.54, 5233
7189.79, 5232
7191.07, 5231
7192.34, 5230
7205.2, 5229
7215.53, 5228
7215.62, 5227
7215.63, 5226
7215.85, 5225
7218.21, 5224
7243.11, 5223
7259.3, 5222
7295.49, 5221
7307.09, 5220
7311.6, 5219
7312.93, 5218
7314.19, 5217
7320.89, 5216
7322.12, 5215
7334.09, 5214
7338.3, 5213
7348.55, 5212
7349.81, 5211
7398.47, 5210
7400.38, 5209
7401.31, 5208
7413.06, 5207
7413.93, 5206
7415.04, 5205
7421.84, 5204
7426.4, 5203
7433.36, 5202
7434.62, 5201
7435.89, 5200
7465.22, 5199
7471.16, 5198
7474.96, 5197
7476.26, 5196
7486.64, 5195
7492.91, 5194
7496.01, 5193
7503.16, 5192
7521.93, 5191
7563.17, 5190
7623.31, 5189
7628.25, 5188
7631.41, 5187
7632.7, 5186
7633.96, 5185
7635.3, 5184
7641.87, 5183
7653.1, 5182
7656.49, 5181
7657.84, 5180
7659.14, 5179
7660.32, 5178
7668.95, 5177
7674.83, 5176
7677.59, 5175
7679.44, 5174
7680.15, 5173
7688.12, 5172
7694.77, 5171
7709.77, 5170
7717.64, 5169
7720.66, 5168
7721.82, 5167
7727.44, 5166
7728.72, 5165
7735.85, 5164
7749.48, 5163
7754.4, 5162
7757.41, 5161
7758.84, 5160
7759.95, 5159
7808.04, 5158
7820.4, 5157
7821.89, 5156
7822.96, 5155
7824.23, 5154
7870.4, 5153
7871.67, 5152
7882.39, 5151
7886.47, 5150
7889.46, 5149
7890.77, 5148
7897.17, 5147
7898.12, 5146
7907.28, 5145
7908.54, 5144
7921.47, 5143
7926.0, 5142
7930.85, 5141
7944.41, 5140
7945.22, 5139
7955.13, 5138
7956.67, 5137
7972.09, 5136
7988.3, 5135
7991.33, 5134
7996.08, 5133
8022.09, 5132
8022.93, 5131
8026.84, 5130
8029.88, 5129
8041.87, 5128
8047.81, 5127
8052.29, 5126
8059.65, 5125
8067.39, 5124
8073.4, 5123
8088.79, 5122
8095.38, 5121
8096.49, 5120
8109.43, 5119
8113.46, 5118
8118.75, 5117
8127.82, 5116
8131.3, 5115
8141.74, 5114
8156.17, 5113
8174.79, 5112
8197.01, 5111
8205.94, 5110
8211.23, 5109
8216.25, 5108
8217.57, 5107
8218.85, 5106
8230.61, 5105
8241.19, 5104
8242.46, 5103
8243.93, 5102
8244.98, 5101
8246.28, 5100
8271.93, 5099
8277.99, 5098
8282.69, 5097
8283.99, 5096
8285.27, 5095
8308.52, 5094
8310.96, 5093
8312.23, 5092
8350.25, 5091
8354.19, 5090
8374.04, 5089
8381.05, 5088
8384.41, 5087
8385.71, 5086
8387.72, 5085
8388.31, 5084
8389.47, 5083
8401.6, 5082
8405.71, 5081
8413.64, 5080
8414.97, 5079
8416.19, 5078
8417.43, 5077
8455.62, 5076
8459.6, 5075
8463.28, 5074
8466.0, 5073
8467.18, 5072
8486.87, 5071
8488.14, 5070
8496.35, 5069
8503.23, 5068
8504.19, 5067
8508.69, 5066
8514.94, 5065
8516.26, 5064
8525.41, 5063
8533.73, 5062
8536.34, 5061
8537.72, 5060
8538.91, 5059
8540.22, 5058
8544.11, 5057
8560.07, 5056
8561.46, 5055
8562.59, 5054
8592.54, 5053
8593.98, 5052
8595.12, 5051
8671.6, 5050
8687.0, 5049
8690.96, 5048
8696.21, 5047
8696.58, 5046
8696.6, 5045
8701.15, 5044
8706.05, 5043
8708.44, 5042
8711.93, 5041
8718.72, 5040
8723.95, 5039
8728.19, 5038
8733.87, 5037
8739.51, 5036
8743.98, 5035
8757.61, 5034
8758.91, 5033
8766.37, 5032
8767.63, 5031
8775.99, 5030
8783.16, 5029
8790.68, 5028
8800.32, 5027
8889.32, 5026
8890.6, 5025
8891.86, 5024
8893.11, 5023
8901.32, 5022
8902.27, 5021
8904.0, 5020
8949.5, 5019
8988.58, 5018
8989.88, 5017
8991.7, 5016
8992.41, 5015
8993.71, 5014
9013.64, 5013
9018.96, 5012
9021.97, 5011
9035.56, 5010
9036.83, 5009
9038.04, 5008
9044.89, 5007
9065.0, 5006
9066.44, 5005
9067.55, 5004
9068.93, 5003
9070.06, 5002
9088.78, 5001
9095.89, 5000
9105.33, 4999
9106.62, 4998
9108.47, 4997
9119.83, 4996
9139.91, 4995
9141.43, 4994
9142.49, 4993
9143.94, 4992
9168.27, 4991
9177.68, 4990
9187.78, 4989
9189.01, 4988
9217.18, 4987
9231.4, 4986
9232.79, 4985
9238.77, 4984
9241.35, 4983
9256.41, 4982
9262.26, 4981
9262.46, 4980
9291.45, 4979
9296.68, 4978
9301.18, 4977
9309.22, 4976
9311.75, 4975
9311.78, 4974
9334.85, 4973
9338.82, 4972
9340.2, 4971
9341.46, 4970
9354.3, 4969
9355.56, 4968
9356.87, 4967
9358.11, 4966
9374.73, 4965
9378.9, 4964
9388.4, 4963
9389.67, 4962
9390.92, 4961
9392.19, 4960
9393.45, 4959
9410.08, 4958
9412.14, 4957
9413.38, 4956
9415.26, 4955
9423.96, 4954
9433.43, 4953
9440.1, 4952
9475.16, 4951
9481.53, 4950
9485.82, 4949
9501.82, 4948
9524.68, 4947
9531.15, 4946
9607.71, 4945
9609.04, 4944
9631.28, 4943
9637.39, 4942
9638.36, 4941
9639.63, 4940
9640.88, 4939
9646.85, 4938
9650.57, 4937
9655.68, 4936
9662.13, 4935
9667.33, 4934
9668.56, 4933
9676.02, 4932
9686.22, 4931
9689.46, 4930
9702.49, 4929
9703.78, 4928
9705.05, 4927
9710.65, 4926
9716.96, 4925
9722.9, 4924
9730.89, 4923
9732.15, 4922
9744.68, 4921
9775.93, 4920
9790.86, 4919
9791.95, 4918
9793.2, 4917
9794.56, 4916
9836.8, 4915
9850.47, 4914
9854.12, 4913
9854.75, 4912
9855.98, 4911
9857.24, 4910
9867.12, 4909
9873.22, 4908
9876.13, 4907
9889.82, 4906
9890.98, 4905
9900.49, 4904
9915.75, 4903
9918.59, 4902
9919.86, 4901
9921.09, 4900
9937.99, 4899
9939.03, 4898
9940.33, 4897
9941.57, 4896
9942.78, 4895
9952.34, 4894
9959.82, 4893
9963.91, 4892
9965.34, 4891
9966.41, 4890
9972.56, 4889
9990.33, 4888
9994.39, 4887
9995.42, 4886
9996.68, 4885
10078.08, 4884
10133.35, 4883
10134.69, 4882
10137.37, 4881
10137.4, 4880
10166.15, 4879
10208.06, 4878
10220.81, 4877
10225.22, 4876
10234.46, 4875
10235.88, 4874
10237.09, 4873
10238.7, 4872
10245.23, 4871
10250.75, 4870
10254.72, 4869
10258.8, 4868
10271.25, 4867
10275.84, 4866
10280.57, 4865
10282.1, 4864
10283.04, 4863
10293.09, 4862
10309.73, 4861
10314.05, 4860
10318.58, 4859
10319.82, 4858
10321.09, 4857
10342.08, 4856
10343.54, 4855
10427.87, 4854
10431.94, 4853
10439.31, 4852
10440.66, 4851
10445.25, 4850
10446.55, 4849
10461.8, 4848
10466.09, 4847
10476.48, 4846
10484.76, 4845
10487.61, 4844
10488.91, 4843
10490.17, 4842
10503.74, 4841
10506.24, 4840
10507.59, 4839
10508.77, 4838
10514.22, 4837
10520.57, 4836
10525.96, 4835
10535.14, 4834
10536.4, 4833
10554.12, 4832
10555.38, 4831
10567.64, 4830
10574.6, 4829
10575.84, 4828
10585.32, 4827
10586.03, 4826
10587.34, 4825
10625.95, 4824
10629.94, 4823
10629.97, 4822
10629.98, 4821
10643.96, 4820
10660.4, 4819
10669.57, 4818
10677.49, 4817
10682.53, 4816
10721.4, 4815
10727.29, 4814
10737.2, 4813
10740.82, 4812
10745.98, 4811
10753.49, 4810
10755.46, 4809
10764.24, 4808
10777.32, 4807
10779.76, 4806
10785.21, 4805
10788.45, 4804
10792.86, 4803
10796.36, 4802
10801.75, 4801
10806.19, 4800
10810.66, 4799
10814.71, 4798
10822.02, 4797
10824.71, 4796
10830.28, 4795
10835.07, 4794
10838.3, 4793
10847.02, 4792
10852.32, 4791
10859.54, 4790
10871.46, 4789
10875.4, 4788
10880.74, 4787
10885.65, 4786
10891.19, 4785
10892.48, 4784
10897.1, 4783
10901.46, 4782
10931.0, 4781
10956.36, 4780
10965.98, 4779
10978.12, 4778
10980.01, 4777
10987.1, 4776
10991.51, 4775
11004.96, 4774
11025.67, 4773
11029.92, 4772
11034.41, 4771
11046.46, 4770
11059.93, 4769
11066.54, 4768
11071.91, 4767
11097.14, 4766
11109.66, 4765
11114.56, 4764
11118.96, 4763
11125.05, 4762
11127.76, 4761
11147.46, 4760
11155.62, 4759
11167.06, 4758
11171.23, 4757
11177.84, 4756
11184.33, 4755
11192.86, 4754
11212.43, 4753
11218.14, 4752
11227.77, 4751
11241.84, 4750
11246.14, 4749
11248.77, 4748
11264.16, 4747
11271.95, 4746
11275.47, 4745
11286.27, 4744
11297.59, 4743
11302.9, 4742
11307.87, 4741
11323.23, 4740
11328.19, 4739
11332.28, 4738
11343.09, 4737
11352.5, 4736
11360.61, 4735
11365.2, 4734
11381.52, 4733
11393.78, 4732
11396.22, 4731
11402.17, 4730
11405.14, 4729
11410.91, 4728
11414.33, 4727
11419.51, 4726
11437.59, 4725
11444.46, 4724
11470.94, 4723
11476.17, 4722
11480.34, 4721
11486.1, 4720
11493.03, 4719
11496.89, 4718
11514.22, 4717
11519.15, 4716
11525.71, 4715
11543.79, 4714
11555.65, 4713
11560.87, 4712
11575.68, 4711
11591.96, 4710
11597.66, 4709
11606.08, 4708
11611.24, 4707
11618.57, 4706
11621.16, 4705
11625.75, 4704
11629.49, 4703
11634.15, 4702
11642.67, 4701
11651.69, 4700
11660.11, 4699
11663.33, 4698
11668.74, 4697
11687.92, 4696
11700.19, 4695
11717.03, 4694
11723.39, 4693
11731.28, 4692
11746.29, 4691
11752.19, 4690
11771.26, 4689
11777.66, 4688
11785.87, 4687
11793.99, 4686
11796.99, 4685
11802.7, 4684
11811.35, 4683
11820.8, 4682
11826.57, 4681
11834.4, 4680
11845.23, 4679
11847.22, 4678
11858.94, 4677
11866.68, 4676
11884.1, 4675
11888.73, 4674
11906.42, 4673
11919.1, 4672
11928.01, 4671
11929.7, 4670
11944.87, 4669
11955.3, 4668
11975.63, 4667
11983.56, 4666
11988.52, 4665
11997.81, 4664
12003.68, 4663
12009.96, 4662
12011.53, 4661
12017.55, 4660
12021.74, 4659
12027.76, 4658
12033.39, 4657
12040.04, 4656
12042.85, 4655
12064.12, 4654
12073.43, 4653
12080.25, 4652
12088.05, 4651
12102.62, 4650
12108.75, 4649
12121.79, 4648
12126.95, 4647
12130.16, 4646
12143.56, 4645
12154.25, 4644
12175.74, 4643
12181.25, 4642
12186.89, 4641
12202.66, 4640
12207.99, 4639
12220.05, 4638
12228.13, 4637
12238.13, 4636
12244.48, 4635
12251.42, 4634
12255.21, 4633
12260.34, 4632
12263.64, 4631
12269.33, 4630
12277.17, 4629
12279.4, 4628
12283.9, 4627
12296.66, 4626
12309.62, 4625
12314.05, 4624
12334.87, 4623
12341.5, 4622
12361.24, 4621
12372.29, 4620
12379.4, 4619
12389.86, 4618
12408.93, 4617
12418.89, 4616
12427.98, 4615
12437.33, 4614
12443.93, 4613
12447.37, 4612
12454.69, 4611
12455.93, 4610
12461.42, 4609
12465.09, 4608
12473.1, 4607
12475.56, 4606
12480.92, 4605
12494.29, 4604
12499.34, 4603
12502.6, 4602
12509.68, 4601
12524.52, 4600
12527.98, 4599
12531.2, 4598
12536.18, 4597
12542.08, 4596
12544.56, 4595
12550.83, 4594
12554.46, 4593
12561.37, 4592
12565.2, 4591
12588.15, 4590
12589.46, 4589
12610.68, 4588
12613.37, 4587
12630.39, 4586
12646.96, 4585
12650.07, 4584
12655.47, 4583
12675.57, 4582
12680.41, 4581
12685.4, 4580
12693.78, 4579
12708.43, 4578
12713.58, 4577
12717.22, 4576
12721.31, 4575
12727.19, 4574
12730.81, 4573
12752.62, 4572
12760.41, 4571
12763.35, 4570
12771.39, 4569
12777.03, 4568
12791.7, 4567
12797.9, 4566
12802.99, 4565
12814.58, 4564
12825.45, 4563
12834.75, 4562
12841.7, 4561
12863.69, 4560
12874.52, 4559
12882.67, 4558
12914.26, 4557
12925.72, 4556
12927.96, 4555
12937.69, 4554
12944.19, 4553
12950.67, 4552
12954.14, 4551
12959.76, 4550
12963.98, 4549
12970.21, 4548
12974.99, 4547
12977.12, 4546
12982.61, 4545
12986.09, 4544
12996.19, 4543
13002.31, 4542
13011.64, 4541
13027.16, 4540
13037.41, 4539
13058.01, 4538
13077.98, 4537
13105.33, 4536
13110.25, 4535
13113.9, 4534
13118.68, 4533
13124.12, 4532
13130.36, 4531
13146.57, 4530
13152.39, 4529
13158.61, 4528
13170.81, 4527
13175.91, 4526
13178.35, 4525
13185.05, 4524
13191.94, 4523
13199.63, 4522
13204.89, 4521
13210.48, 4520
13215.36, 4519
13231.93, 4518
13270.7, 4517
13273.71, 4516
13277.75, 4515
13287.04, 4514
13296.21, 4513
13314.48, 4512
13321.99, 4511
13331.28, 4510
13344.59, 4509
13345.86, 4508
13352.53, 4507
13355.15, 4506
13359.24, 4505
13364.39, 4504
13373.83, 4503
13375.64, 4502
13392.07, 4501
13395.67, 4500
13408.61, 4499
13410.98, 4498
13467.79, 4497
13476.8, 4496
13481.1, 4495
13488.31, 4494
13493.97, 4493
13506.24, 4492
13511.44, 4491
13519.35, 4490
13524.56, 4489
13533.3, 4488
13536.77, 4487
13540.18, 4486
13546.44, 4485
13551.27, 4484
13560.45, 4483
13563.49, 4482
13569.15, 4481
13575.61, 4480
13580.29, 4479
13584.48, 4478
13592.09, 4477
13597.68, 4476
13604.25, 4475
13609.76, 4474
13613.69, 4473
13667.56, 4472
13670.6, 4471
13682.89, 4470
13693.89, 4469
13707.89, 4468
13715.16, 4467
13720.82, 4466
13727.06, 4465
13744.26, 4464
13748.37, 4463
13760.61, 4462
13770.78, 4461
13776.4, 4460
13781.29, 4459
13788.53, 4458
13793.46, 4457
13799.16, 4456
13803.62, 4455
13807.79, 4454
13821.48, 4453
13829.59, 4452
13838.04, 4451
13844.83, 4450
13851.58, 4449
13871.37, 4448
13883.13, 4447
13891.85, 4446
13908.53, 4445
13920.68, 4444
13926.59, 4443
13929.88, 4442
13938.57, 4441
13974.45, 4440
13977.89, 4439
13984.53, 4438
13991.83, 4437
14003.23, 4436
14010.37, 4435
14021.38, 4434
14027.84, 4433
14041.78, 4432
14046.85, 4431
14051.65, 4430
14055.1, 4429
14064.76, 4428
14074.19, 4427
14084.95, 4426
14104.12, 4425
14111.46, 4424
14116.77, 4423
14127.9, 4422
14135.71, 4421
14138.31, 4420
14144.55, 4419
14171.39, 4418
14179.51, 4417
14187.89, 4416
14197.81, 4415
14204.51, 4414
14210.77, 4413
14214.05, 4412
14222.49, 4411
14227.88, 4410
14237.22, 4409
14259.37, 4408
14270.84, 4407
14277.89, 4406
14314.59, 4405
14321.88, 4404
14327.25, 4403
14331.85, 4402
14347.58, 4401
14358.95, 4400
14367.84, 4399
14371.58, 4398
14378.04, 4397
14386.63, 4396
14392.11, 4395
14398.96, 4394
14406.38, 4393
14412.7, 4392
14419.75, 4391
14427.26, 4390
14433.12, 4389
14444.25, 4388
14488.42, 4387
14570.82, 4386
14578.1, 4385
14579.4, 4384
14580.65, 4383
14581.88, 4382
14587.92, 4381
14588.61, 4380
14596.26, 4379
14600.51, 4378
14607.59, 4377
14611.49, 4376
14618.59, 4375
14621.61, 4374
14627.59, 4373
14630.94, 4372
14636.2, 4371
14662.27, 4370
14671.1, 4369
14686.42, 4368
14692.07, 4367
14705.56, 4366
14710.4, 4365
14718.46, 4364
14723.99, 4363
14727.44, 4362
14734.71, 4361
14746.48, 4360
14754.29, 4359
14798.47, 4358
14814.29, 4357
14816.54, 4356
14822.07, 4355
14827.74, 4354
14832.87, 4353
14838.44, 4352
14847.21, 4351
14860.35, 4350
14862.91, 4349
14868.76, 4348
14873.76, 4347
14877.8, 4346
14888.23, 4345
14899.91, 4344
14904.38, 4343
14915.32, 4342
14937.54, 4341
14944.16, 4340
14953.64, 4339
14961.36, 4338
14969.2, 4337
14997.57, 4336
15002.68, 4335
15007.81, 4334
15012.62, 4333
15018.52, 4332
15024.37, 4331
15026.53, 4330
15039.71, 4329
15058.76, 4328
15064.32, 4327
15069.66, 4326
15085.39, 4325
15096.91, 4324
15100.68, 4323
15109.55, 4322
15113.61, 4321
15119.32, 4320
15137.66, 4319
15138.88, 4318
15163.22, 4317
15169.68, 4316
15176.27, 4315
15201.93, 4314
15207.83, 4313
15210.3, 4312
15214.58, 4311
15219.72, 4310
15225.73, 4309
15231.03, 4308
15246.58, 4307
15252.09, 4306
15268.52, 4305
15271.49, 4304
15276.1, 4303
15284.56, 4302
15289.28, 4301
15294.41, 4300
15300.64, 4299
15309.04, 4298
15320.52, 4297
15331.74, 4296
15338.18, 4295
15373.4, 4294
15381.53, 4293
15388.5, 4292
15408.46, 4291
15413.02, 4290
15421.17, 4289
15435.94, 4288
15442.23, 4287
15447.84, 4286
15455.05, 4285
15465.5, 4284
15470.51, 4283
15488.44, 4282
15498.02, 4281
15503.72, 4280
15511.44, 4279
15521.45, 4278
15528.03, 4277
15538.3, 4276
15539.45, 4275
15555.04, 4274
15562.28, 4273
15569.96, 4272
15577.42, 4271
15584.2, 4270
15588.34, 4269
15599.14, 4268
15600.07, 4267
15605.05, 4266
15610.78, 4265
15615.03, 4264
15619.29, 4263
15624.0, 4262
15661.29, 4261
15667.18, 4260
15683.83, 4259
15691.0, 4258
15701.83, 4257
15725.93, 4256
15742.33, 4255
15748.2, 4254
15754.53, 4253
15759.95, 4252
15767.29, 4251
15773.66, 4250
15775.33, 4249
15784.61, 4248
15795.11, 4247
15797.38, 4246
15798.11, 4245
15799.36, 4244
15820.67, 4243
15821.79, 4242
15823.05, 4241
15829.75, 4240
15851.08, 4239
15854.57, 4238
15854.59, 4237
15859.08, 4236
15918.3, 4235
15922.44, 4234
15936.57, 4233
15963.89, 4232
15969.26, 4231
15979.56, 4230
15987.57, 4229
15992.5, 4228
20302.31, 4227
20310.63, 4226
20317.03, 4225
20326.11, 4224
20336.7, 4223
20356.9, 4222
20375.39, 4221
20390.09, 4220
20397.4, 4219
20403.2, 4218
20408.28, 4217
20416.76, 4216
20426.87, 4215
20428.44, 4214
20428.93, 4213
20437.9, 4212
20442.99, 4211
20451.74, 4210
20455.81, 4209
24915.25, 4208
24927.28, 4207
24935.7, 4206
24936.96, 4205
24951.23, 4204
24969.88, 4203
24984.29, 4202
24992.43, 4201
24994.75, 4200
25011.36, 4199
25014.98, 4198
25022.41, 4197
25035.1, 4196
25035.54, 4195
25036.82, 4194
25052.18, 4193
25077.4, 4192
25078.9, 4191
25084.65, 4190
25122.2, 4189
25126.28, 4188
25131.55, 4187
25131.6, 4186
25131.6, 4185
29212.51, 4184
29222.66, 4183
29228.47, 4182
29233.96, 4181
29238.66, 4180
29248.43, 4179
29267.49, 4178
29276.59, 4177
29285.47, 4176
29307.43, 4175
29311.75, 4174
29320.7, 4173
29324.79, 4172
29328.7, 4171
29332.19, 4170
29341.14, 4169
29345.13, 4168
29351.74, 4167
29356.59, 4166
29366.59, 4165
29371.62, 4164
29375.36, 4163
29381.56, 4162
29390.93, 4161
29395.13, 4160
31475.22, 4159
31480.42, 4158
31491.24, 4157
31495.71, 4156
31501.06, 4155
31507.79, 4154
31523.23, 4153
31538.57, 4152
31543.88, 4151
31551.02, 4150
31582.98, 4149
31588.18, 4148
31591.82, 4147
31593.12, 4146
31610.55, 4145
31624.77, 4144
31635.0, 4143
31637.61, 4142
31638.87, 4141
31659.49, 4140
31665.13, 4139
31665.48, 4138
31672.61, 4137
31679.92, 4136
31691.96, 4135
31708.59, 4134
31718.34, 4133
31720.85, 4132
31732.7, 4131
31737.6, 4130
31742.68, 4129
31753.21, 4128
31757.9, 4127
31760.65, 4126
31762.01, 4125
31772.01, 4124
31787.06, 4123
31791.95, 4122
31797.21, 4121
31805.3, 4120
31821.39, 4119
31826.09, 4118
31831.67, 4117
31842.49, 4116
