4631.21, 8710
4659.07, 8677
4661.1, 8662
4668.5, 8629
4680.21, 8628
4688.44, 8597
4691.45, 8596
4697.82, 8577
4713.93, 8576
4722.28, 8545
4726.67, 8544
4731.16, 8519
4739.91, 8518
4745.54, 8495
4747.96, 8494
4757.14, 8469
4760.77, 8468
4770.5, 8460
4775.1, 8459
4781.23, 8436
4797.61, 8435
4814.36, 8434
4826.06, 8433
4844.33, 8414
4847.5, 8413
4849.34, 8405
4859.62, 8404
4875.14, 8381
4881.14, 8380
4908.13, 8379
4913.16, 8378
4916.9, 8377
4930.62, 8376
4942.52, 8375
4946.9, 8356
4954.25, 8355
4956.63, 8347
4966.31, 8346
4990.61, 8323
4996.5, 8322
4998.81, 8321
5000.25, 8320
5010.04, 8304
5028.11, 8303
5031.04, 8302
5035.08, 8301
5047.08, 8300
5057.4, 8299
5064.55, 8298
5089.49, 8279
5091.63, 8278
5102.29, 8270
5106.77, 8269
5110.71, 8246
5123.38, 8245
5125.92, 8244
5127.69, 8243
5142.32, 8239
5149.36, 8238
5152.47, 8230
5179.48, 8229
5192.2, 8206
5193.97, 8205
5222.2, 8204
5231.09, 8203
5258.04, 8201
5261.97, 8200
5267.61, 8177
5275.16, 8176
5281.11, 8175
5288.96, 8174
5293.32, 8173
5304.76, 8172
5308.16, 8171
5314.27, 8170
5323.54, 8169
5334.97, 8163
5353.76, 8162
5361.88, 8161
5364.38, 8160
5374.65, 8139
5380.46, 8138
5382.36, 8137
5389.04, 8136
5395.88, 8135
5398.07, 8134
5404.66, 8133
5409.97, 8132
5420.15, 8131
5422.77, 8110
5432.29, 8109
5434.13, 8108
5461.72, 8107
5469.06, 8106
5471.12, 8105
5472.35, 8104
5507.29, 8103
5511.48, 8102
5514.78, 8101
5520.58, 8100
5534.17, 8089
5536.01, 8088
5541.67, 8087
5564.39, 8086
5574.13, 8085
5580.42, 8084
5584.16, 8083
5607.37, 8082
5625.96, 8081
5631.05, 8080
5640.74, 8079
5642.56, 8078
5653.27, 8077
5656.38, 8076
5665.28, 8075
5671.16, 8074
5675.66, 8073
5684.79, 8072
5696.57, 8071
5707.75, 8070
5725.58, 8061
5736.64, 8059
5742.14, 8058
5750.35, 8057
5758.24, 8056
5765.26, 8055
5771.54, 8054
5779.58, 8053
5782.25, 8052
5788.07, 8051
5806.59, 8050
5810.14, 8049
5828.8, 8048
5841.53, 8047
5857.02, 8037
5858.84, 8036
5874.2, 8035
5876.03, 8034
5877.83, 8033
5900.12, 8032
5907.85, 8031
5928.24, 8030
5930.94, 8029
5942.41, 8028
5957.24, 8027
5974.26, 8026
5976.06, 8025
5980.79, 8024
5995.72, 8016
5997.96, 8015
6024.02, 8014
6029.45, 8013
6031.29, 8012
6046.46, 8011
6058.45, 8010
6065.51, 8009
6073.44, 8008
6075.26, 8007
6080.89, 8006
6096.09, 8005
6102.99, 8004
6105.65, 8003
6113.56, 8002
6115.45, 8001
6123.48, 8000
6130.27, 7999
6137.97, 7998
6144.42, 7997
6147.73, 7996
6157.79, 7995
6159.57, 7994
6187.42, 7988
6207.53, 7986
6214.49, 7985
6224.33, 7984
6236.12, 7983
6248.49, 7982
6254.02, 7981
6255.79, 7980
6262.9, 7979
6264.75, 7978
6273.04, 7977
6275.68, 7976
6281.14, 7975
6305.75, 7974
6307.86, 7973
6321.31, 7972
6333.53, 7971
6342.39, 7967
6346.82, 7965
6354.38, 7964
6355.1, 7963
6380.14, 7962
6383.01, 7961
6390.94, 7960
6397.03, 7959
6410.13, 7958
6426.44, 7957
6431.75, 7956
6438.94, 7955
6439.05, 7954
6445.01, 7953
6456.42, 7952
6458.28, 7951
6460.08, 7950
6474.73, 7948
6476.55, 7945
6499.51, 7944
6501.31, 7943
6540.36, 7942
6556.72, 7941
6569.69, 7940
6570.21, 7939
6575.12, 7938
6591.72, 7937
6593.4, 7936
6600.96, 7935
6625.33, 7934
6631.89, 7933
6640.82, 7932
6646.94, 7931
6662.41, 7930
6664.59, 7929
6674.33, 7928
6679.94, 7927
6690.89, 7924
6704.19, 7923
6710.66, 7922
6712.53, 7921
6732.02, 7920
6750.66, 7919
6755.26, 7918
6757.14, 7917
6767.74, 7916
6776.5, 7915
6778.66, 7914
6780.23, 7913
6784.05, 7912
6792.25, 7911
6812.5, 7910
6816.2, 7909
6828.44, 7908
6834.03, 7907
6847.78, 7906
6864.46, 7905
6866.49, 7904
6873.66, 7903
6877.32, 7902
6887.71, 7901
6891.16, 7900
6892.94, 7899
6897.94, 7898
6906.8, 7897
6913.41, 7896
6931.26, 7895
6939.69, 7894
6946.1, 7893
6954.4, 7892
6956.18, 7891
6973.67, 7890
6975.52, 7889
6997.91, 7888
7007.61, 7887
7024.26, 7886
7030.2, 7885
7048.23, 7884
7061.7, 7883
7064.26, 7882
7074.82, 7881
7076.64, 7880
7102.9, 7879
7113.8, 7878
7122.83, 7877
7130.7, 7876
7139.21, 7875
7142.84, 7874
7153.48, 7873
7169.8, 7872
7181.88, 7871
7193.4, 7870
7201.6, 7869
7211.44, 7868
7214.13, 7867
7221.42, 7866
7226.87, 7865
7236.55, 7864
7239.95, 7863
7249.72, 7862
7251.17, 7861
7258.89, 7860
7280.14, 7859
7283.0, 7858
7297.45, 7857
7301.6, 7856
7313.55, 7855
7322.1, 7854
7330.52, 7853
7341.77, 7852
7347.82, 7851
7351.46, 7850
7360.75, 7849
7364.01, 7848
7367.24, 7847
7381.0, 7846
7420.99, 7845
7434.79, 7844
7449.48, 7843
7461.74, 7842
7463.46, 7841
7465.31, 7840
7476.87, 7839
7480.47, 7838
7482.32, 7837
7497.09, 7836
7499.91, 7835
7508.67, 7834
7531.47, 7833
7542.45, 7832
7547.75, 7831
7549.66, 7830
7555.23, 7829
7563.63, 7828
7584.0, 7827
7587.64, 7826
7613.37, 7825
7620.75, 7824
7627.46, 7823
7629.44, 7822
7655.91, 7821
7656.38, 7820
7687.48, 7819
7690.88, 7818
7692.71, 7817
7851.28, 7816
7857.65, 7815
7859.39, 7814
7861.14, 7813
7875.34, 7812
7877.07, 7811
7882.25, 7810
7888.89, 7809
7890.72, 7808
7899.4, 7807
7905.18, 7806
7907.01, 7805
7915.7, 7804
7918.64, 7803
7929.63, 7802
7931.49, 7801
7940.5, 7800
7947.24, 7799
7955.63, 7798
7957.31, 7797
7961.1, 7796
7970.01, 7795
7988.1, 7794
7989.76, 7793
7991.52, 7792
7998.55, 7791
8012.27, 7790
8017.57, 7789
8026.19, 7788
8030.45, 7787
8048.86, 7786
8059.58, 7785
8063.8, 7784
8072.86, 7783
8094.2, 7782
8099.17, 7781
8107.58, 7780
8131.13, 7779
8141.7, 7778
8150.64, 7777
8157.04, 7776
8158.79, 7775
8169.22, 7774
8175.98, 7773
8177.99, 7772
8184.12, 7771
8215.84, 7770
8228.49, 7769
8233.79, 7768
8245.42, 7767
8259.23, 7766
8263.53, 7765
8265.41, 7764
8282.96, 7763
8294.45, 7762
8299.14, 7761
8305.86, 7760
8315.93, 7759
8323.29, 7758
8339.54, 7757
8347.25, 7756
8358.3, 7755
8378.02, 7754
8388.15, 7753
8390.02, 7752
8397.1, 7751
8419.29, 7750
8424.68, 7749
8426.41, 7748
8438.41, 7747
8440.0, 7746
8443.9, 7745
8452.33, 7744
8457.93, 7743
8473.2, 7742
8475.07, 7741
8480.32, 7740
8486.67, 7739
8490.86, 7738
8524.46, 7737
8546.44, 7736
8562.76, 7735
8579.15, 7734
8591.2, 7733
8593.68, 7732
8595.49, 7731
8604.96, 7730
8610.27, 7729
8611.93, 7728
8621.21, 7727
8623.05, 7726
8632.64, 7725
8646.09, 7724
8646.12, 7723
8664.03, 7722
8673.54, 7721
8675.37, 7720
8683.87, 7719
8705.71, 7718
8721.73, 7717
8747.82, 7716
8757.38, 7715
8781.07, 7714
8789.98, 7713
8796.23, 7712
8797.97, 7711
8806.48, 7710
8808.3, 7709
8814.46, 7708
8821.43, 7707
8824.62, 7706
8834.54, 7705
8836.35, 7704
8842.09, 7703
8853.13, 7702
8861.49, 7701
8870.89, 7700
8880.91, 7699
8890.69, 7698
8899.86, 7697
8901.67, 7696
8913.25, 7695
8919.7, 7694
8934.72, 7693
8947.78, 7692
8952.53, 7691
8968.04, 7690
8975.08, 7689
8983.99, 7688
9000.53, 7687
9008.34, 7686
9030.92, 7685
9035.45, 7684
9039.22, 7683
9047.84, 7682
9049.64, 7681
9058.84, 7680
9077.36, 7679
9079.13, 7678
9080.93, 7677
9135.37, 7676
9149.72, 7675
9151.55, 7674
9166.64, 7673
9195.2, 7672
9216.99, 7671
9222.6, 7670
9224.26, 7669
9235.55, 7668
9241.46, 7667
9260.92, 7666
9268.58, 7665
9270.47, 7664
9288.46, 7663
9294.86, 7662
9296.78, 7661
9326.49, 7660
9333.47, 7659
9339.83, 7658
9365.25, 7657
9375.01, 7656
9418.39, 7655
9424.64, 7654
9426.45, 7653
9436.45, 7652
9442.88, 7651
9444.06, 7650
9446.4, 7649
9468.62, 7648
9491.4, 7647
9493.22, 7646
9501.66, 7645
9519.75, 7644
9525.82, 7643
9527.82, 7642
9529.4, 7641
9536.7, 7640
9544.08, 7639
9555.59, 7638
9557.87, 7637
9570.16, 7636
9577.86, 7635
9579.81, 7634
9625.21, 7633
9648.74, 7632
9656.34, 7631
9658.15, 7630
9659.92, 7629
9727.65, 7628
9752.02, 7627
9758.0, 7626
9759.83, 7625
9761.65, 7624
9773.57, 7623
9779.62, 7622
9782.24, 7621
9783.13, 7620
9804.46, 7619
9810.21, 7618
9812.0, 7617
9821.75, 7616
9826.95, 7615
9828.79, 7614
9838.67, 7613
9844.82, 7612
9851.0, 7611
9862.02, 7610
9866.45, 7609
9870.72, 7608
9906.84, 7607
9912.54, 7606
9915.54, 7605
9916.08, 7604
9925.81, 7603
9932.35, 7602
9934.15, 7601
9942.72, 7600
9952.52, 7599
9961.8, 7598
9964.2, 7597
9982.55, 7596
9984.3, 7595
9986.04, 7594
10044.16, 7593
10045.18, 7592
10053.3, 7591
10059.5, 7590
10080.27, 7589
10082.31, 7588
10083.94, 7587
10165.8, 7586
10169.93, 7585
10186.16, 7584
10187.89, 7583
10251.41, 7582
10263.66, 7581
10271.45, 7580
10273.23, 7579
10277.94, 7578
10283.89, 7577
10292.98, 7576
10302.25, 7575
10304.02, 7574
10309.79, 7573
10316.57, 7572
10319.56, 7571
10338.05, 7570
10343.41, 7569
10345.07, 7568
10368.5, 7567
10378.62, 7566
10379.77, 7565
10418.99, 7564
10420.72, 7563
10422.47, 7562
10457.05, 7561
10463.66, 7560
10465.64, 7559
10467.2, 7558
10476.68, 7557
10482.77, 7556
10502.61, 7555
10504.44, 7554
10506.22, 7553
10536.22, 7552
10549.57, 7551
10556.3, 7550
10591.78, 7549
10594.22, 7548
10595.2, 7547
10644.92, 7546
10652.82, 7545
10678.83, 7544
10683.09, 7543
10684.81, 7542
10693.82, 7541
10697.42, 7540
10705.88, 7539
10711.73, 7538
10719.64, 7537
10726.23, 7536
10787.99, 7535
10809.82, 7534
10818.85, 7533
10820.68, 7532
10822.38, 7531
10852.64, 7530
10854.46, 7529
10856.24, 7528
10883.44, 7527
10903.88, 7526
10909.99, 7525
10919.45, 7524
10928.51, 7523
10930.29, 7522
10932.05, 7521
10942.56, 7520
10952.45, 7519
10954.25, 7518
10965.93, 7517
10973.96, 7516
10975.78, 7515
10977.55, 7514
10994.21, 7513
10996.17, 7512
10997.87, 7511
10999.73, 7510
11019.98, 7509
11026.91, 7508
11028.73, 7507
11030.49, 7506
11032.22, 7505
11061.82, 7504
11115.73, 7503
11126.59, 7502
11128.31, 7501
11138.58, 7500
11140.37, 7499
11177.83, 7498
11185.41, 7497
11187.18, 7496
11188.95, 7495
11201.04, 7494
11211.91, 7493
11213.7, 7492
11217.52, 7491
11217.63, 7490
11229.13, 7489
11236.33, 7488
11238.11, 7487
11307.9, 7486
11314.13, 7485
11315.94, 7484
11332.04, 7483
11333.81, 7482
11373.94, 7481
11383.88, 7480
11383.97, 7479
11385.42, 7478
11411.37, 7477
11419.93, 7476
11421.73, 7475
11471.41, 7474
11503.03, 7473
11508.52, 7472
11510.33, 7471
11521.11, 7470
11526.68, 7469
11539.11, 7468
11544.83, 7467
11546.64, 7466
11560.88, 7465
11562.56, 7464
11590.65, 7463
11592.43, 7462
11594.19, 7461
11601.33, 7460
11607.9, 7459
11609.68, 7458
11625.37, 7457
11638.22, 7456
11640.4, 7455
11641.82, 7454
11728.49, 7453
11737.99, 7452
11744.82, 7451
11747.18, 7450
11759.74, 7449
11761.53, 7448
11763.3, 7447
11777.63, 7446
11809.43, 7445
11847.05, 7444
11848.62, 7443
11850.33, 7442
11860.62, 7441
11865.72, 7440
11874.08, 7439
11875.87, 7438
11886.17, 7437
11887.35, 7436
11893.62, 7435
11902.82, 7434
11904.26, 7433
11919.13, 7432
11933.06, 7431
11934.82, 7430
11936.61, 7429
11959.51, 7428
11967.18, 7427
12046.07, 7426
12074.27, 7425
12076.05, 7424
12086.87, 7423
12092.61, 7422
12094.29, 7421
12103.45, 7420
12109.14, 7419
12110.96, 7418
12117.91, 7417
12136.64, 7416
12138.38, 7415
12140.17, 7414
12141.91, 7413
12156.99, 7412
12158.79, 7411
12160.57, 7410
12167.88, 7409
12174.68, 7408
12192.86, 7407
12194.63, 7406
12196.45, 7405
12200.8, 7404
12207.23, 7403
12221.52, 7402
12228.29, 7401
12230.13, 7400
12231.94, 7399
12244.55, 7398
12247.76, 7397
12262.59, 7396
12268.98, 7395
12270.83, 7394
12293.24, 7393
12295.88, 7392
12297.68, 7391
12332.38, 7390
12334.11, 7389
12421.27, 7388
12427.24, 7387
12429.03, 7386
12443.97, 7385
12445.11, 7384
12528.84, 7383
12542.78, 7382
12552.65, 7381
12558.3, 7380
12560.85, 7379
12569.95, 7378
12577.87, 7377
12579.71, 7376
12590.35, 7375
12604.1, 7374
12609.69, 7373
12611.48, 7372
12622.71, 7371
12633.0, 7370
12638.13, 7369
12640.11, 7368
12659.83, 7367
12665.11, 7366
12669.59, 7365
12694.51, 7364
12708.49, 7363
12710.64, 7362
12712.05, 7361
12722.0, 7360
12739.24, 7359
12745.42, 7358
12747.26, 7357
12760.72, 7356
12767.93, 7355
12769.71, 7354
12771.49, 7353
12791.45, 7352
12811.34, 7351
12813.2, 7350
12860.66, 7349
12879.1, 7348
12900.01, 7347
12900.3, 7346
12902.14, 7345
12903.95, 7344
12931.79, 7343
12942.47, 7342
12944.68, 7341
12946.47, 7340
12955.89, 7339
12977.77, 7338
12988.57, 7337
12993.04, 7336
12994.99, 7335
13048.86, 7334
13077.34, 7333
13082.83, 7332
13084.67, 7331
13092.78, 7330
13104.98, 7329
13115.27, 7328
13117.06, 7327
13118.84, 7326
13143.19, 7325
13153.13, 7324
13154.95, 7323
13249.28, 7322
13257.51, 7321
13262.91, 7320
13264.76, 7319
13272.42, 7318
13281.31, 7317
13286.79, 7316
13290.19, 7315
13298.92, 7314
13306.74, 7313
13322.47, 7312
13330.73, 7311
13339.14, 7310
13340.98, 7309
13391.23, 7308
13423.95, 7307
13430.34, 7306
13432.14, 7305
13441.88, 7304
13449.17, 7303
13450.47, 7302
13461.23, 7301
13467.94, 7300
13469.69, 7299
13479.66, 7298
13481.45, 7297
13492.16, 7296
13497.54, 7295
13500.49, 7294
13508.27, 7293
13514.55, 7292
13516.36, 7291
13529.93, 7290
13544.31, 7289
13545.52, 7288
13591.27, 7287
13611.97, 7286
13620.81, 7285
13620.91, 7284
13676.08, 7283
13682.73, 7282
13684.53, 7281
13699.3, 7280
13700.22, 7279
13701.97, 7278
13706.84, 7277
13799.2, 7276
13803.89, 7275
13812.36, 7274
13818.62, 7273
13820.45, 7272
13832.7, 7271
13838.06, 7270
13840.83, 7269
13844.02, 7268
13857.91, 7267
13873.15, 7266
13874.48, 7265
13875.73, 7264
13971.76, 7263
13977.91, 7262
13991.51, 7261
14004.34, 7260
14008.04, 7259
14013.04, 7258
14024.69, 7257
14039.79, 7256
14043.77, 7255
14064.47, 7254
14070.72, 7253
14080.24, 7252
14090.96, 7251
14097.83, 7250
14108.17, 7249
14114.49, 7248
14123.09, 7247
14130.72, 7246
14142.47, 7245
14157.5, 7244
14168.25, 7243
14180.13, 7242
14190.25, 7241
14204.89, 7240
14224.62, 7239
14247.44, 7238
14254.12, 7237
14257.71, 7236
14263.86, 7235
14272.95, 7234
14305.82, 7233
14311.26, 7232
14328.79, 7231
14333.89, 7230
14360.09, 7229
14366.28, 7228
14373.9, 7227
14380.57, 7226
14385.71, 7225
14391.53, 7224
14401.92, 7223
14403.75, 7222
14407.98, 7221
14422.77, 7220
14430.41, 7219
14440.81, 7218
14465.95, 7217
14506.22, 7216
14512.57, 7215
14521.81, 7214
14532.03, 7213
14541.14, 7212
14544.82, 7211
14673.19, 7210
14675.0, 7209
14676.77, 7208
14682.59, 7207
14692.38, 7206
14698.1, 7205
14709.05, 7204
14710.8, 7203
14723.84, 7202
14732.42, 7201
14738.24, 7200
14747.18, 7199
14755.39, 7198
14757.24, 7197
14780.31, 7196
14781.41, 7195
14783.26, 7194
14791.66, 7193
14799.36, 7192
14813.92, 7191
14823.51, 7190
14836.62, 7189
14847.66, 7188
14858.41, 7187
14863.96, 7186
14880.41, 7185
14903.1, 7184
14925.36, 7183
14927.1, 7182
14937.27, 7181
14944.36, 7180
14947.6, 7179
14957.36, 7178
14967.32, 7177
14980.93, 7176
14996.72, 7175
14999.65, 7174
15007.19, 7173
15027.05, 7172
15042.52, 7171
15044.27, 7170
15058.21, 7169
15066.73, 7168
15079.1, 7167
15099.94, 7166
15110.74, 7165
15128.72, 7164
15131.48, 7163
15138.35, 7162
15143.34, 7161
15154.6, 7160
15192.75, 7159
15197.16, 7158
15212.04, 7157
15214.33, 7156
15224.11, 7155
15232.03, 7154
15263.31, 7153
15266.99, 7152
15295.34, 7151
15307.33, 7150
15309.12, 7149
15318.33, 7148
15328.34, 7147
15335.56, 7146
15337.59, 7145
15343.47, 7144
15350.32, 7143
15364.49, 7142
15367.04, 7141
15377.21, 7140
15380.99, 7139
15391.58, 7138
15414.54, 7137
15435.74, 7136
15443.76, 7135
15449.06, 7134
15465.92, 7133
15492.26, 7132
15493.99, 7131
15541.41, 7130
15543.14, 7129
15557.97, 7128
15591.01, 7127
15596.64, 7126
15612.27, 7125
15623.11, 7124
15624.87, 7123
15628.65, 7122
15639.2, 7121
15643.84, 7120
15665.81, 7119
15675.32, 7118
15689.2, 7117
15692.52, 7116
15723.7, 7115
15736.35, 7114
15740.95, 7113
15747.3, 7112
15755.58, 7111
15766.14, 7110
15790.76, 7109
15805.73, 7108
15828.52, 7107
15832.77, 7106
15837.07, 7105
15842.89, 7104
15856.43, 7103
15864.55, 7102
15874.81, 7101
15884.65, 7100
15891.02, 7099
15916.55, 7098
15927.89, 7097
15931.12, 7096
15949.11, 7095
15959.43, 7094
15967.1, 7093
15973.96, 7092
15979.99, 7091
15986.07, 7090
15999.25, 7089
16027.5, 7088
16058.17, 7087
16061.15, 7086
16067.57, 7085
16082.19, 7084
16090.35, 7083
16097.67, 7082
16102.29, 7081
16111.42, 7080
16141.64, 7079
16143.45, 7078
16166.63, 7077
16182.82, 7076
16191.83, 7075
16204.11, 7074
16215.53, 7073
16231.18, 7072
16240.75, 7071
16247.0, 7070
16267.29, 7069
16291.74, 7068
16316.11, 7067
16330.63, 7066
16340.34, 7065
16356.27, 7064
16363.33, 7063
16371.28, 7062
16375.89, 7061
16381.17, 7060
16388.11, 7059
16397.14, 7058
16407.04, 7057
16410.27, 7056
16416.47, 7055
16419.27, 7054
16450.57, 7053
16461.9, 7052
16500.64, 7051
16502.76, 7050
16515.0, 7049
16516.9, 7048
16559.01, 7047
16562.85, 7046
16569.18, 7045
16579.51, 7044
16588.44, 7043
16590.15, 7042
16596.89, 7041
16603.83, 7040
16608.34, 7039
16616.25, 7038
16625.57, 7037
16631.98, 7036
16636.77, 7035
16673.94, 7034
16682.87, 7033
16684.62, 7032
16697.42, 7031
16709.41, 7030
16718.71, 7029
16748.0, 7028
16755.53, 7027
16763.19, 7026
16767.24, 7025
16773.23, 7024
16783.01, 7023
16790.78, 7022
16792.58, 7021
16797.84, 7020
16805.31, 7019
16864.07, 7018
16867.34, 7017
16874.77, 7016
16881.06, 7015
16917.99, 7014
16925.13, 7013
16935.29, 7012
16942.49, 7011
16946.2, 7010
16954.88, 7009
16956.87, 7008
16968.47, 7007
16975.55, 7006
17017.48, 7005
17030.99, 7004
17036.66, 7003
17046.3, 7002
17095.25, 7001
17100.35, 7000
17113.05, 6999
17120.06, 6998
17145.23, 6997
17149.56, 6996
17157.66, 6995
17167.15, 6994
17169.62, 6993
17179.47, 6992
17190.33, 6991
17200.94, 6990
17208.15, 6989
17216.59, 6988
17231.19, 6987
17253.67, 6986
17274.19, 6985
17296.6, 6984
17297.65, 6983
17322.79, 6982
17324.66, 6981
17330.32, 6980
17334.95, 6979
17351.18, 6978
17366.99, 6977
17375.08, 6976
17381.06, 6975
17395.44, 6974
17414.61, 6973
17416.44, 6972
17429.71, 6971
17432.92, 6970
17449.66, 6969
17465.29, 6968
17498.54, 6967
17507.09, 6966
17539.41, 6965
17543.14, 6964
17555.64, 6963
17557.47, 6962
17571.68, 6961
17582.59, 6960
17589.33, 6959
17597.28, 6958
17608.76, 6957
17614.06, 6956
17649.1, 6955
17663.25, 6954
17668.35, 6953
17688.4, 6952
17690.13, 6951
17699.57, 6950
17706.22, 6949
17714.28, 6948
17718.14, 6947
17742.45, 6946
17751.96, 6945
17760.92, 6944
17769.44, 6943
17777.28, 6942
17779.78, 6941
17790.84, 6940
17794.06, 6939
17826.36, 6938
17835.11, 6937
17836.92, 6936
17865.09, 6935
17875.3, 6934
17889.3, 6933
17915.24, 6932
17933.7, 6931
17942.76, 6930
17947.41, 6929
17964.72, 6928
17974.84, 6927
18001.41, 6926
18009.91, 6925
18033.12, 6924
18039.51, 6923
18047.93, 6922
18061.14, 6921
18083.69, 6920
18113.08, 6919
18114.86, 6918
18116.66, 6917
18123.14, 6916
18135.43, 6915
18145.49, 6914
18166.5, 6913
18180.09, 6912
18186.01, 6911
18196.8, 6910
18201.55, 6909
18225.89, 6908
18247.36, 6907
18255.9, 6906
18263.14, 6905
18271.6, 6904
18275.05, 6903
18280.9, 6902
18289.86, 6901
18324.76, 6900
18326.62, 6899
18338.74, 6898
18342.84, 6897
18361.08, 6896
18379.66, 6895
18397.5, 6894
18413.8, 6893
18430.39, 6892
18438.4, 6891
18441.58, 6890
18447.03, 6889
18453.23, 6888
18477.01, 6887
18480.44, 6886
18488.49, 6885
18498.43, 6884
18500.26, 6883
18518.45, 6882
18538.66, 6881
18561.25, 6880
18567.96, 6879
18578.38, 6878
18583.21, 6877
18586.21, 6876
18600.92, 6875
18612.28, 6874
18618.01, 6873
18622.02, 6872
18655.42, 6871
18661.94, 6870
18696.62, 6869
18704.46, 6868
18711.51, 6867
18721.11, 6866
18722.95, 6865
18748.11, 6864
18763.04, 6863
18768.26, 6862
18778.01, 6861
18780.81, 6860
18789.53, 6859
18793.72, 6858
18826.4, 6857
18837.88, 6856
18855.54, 6855
18861.62, 6854
18864.46, 6853
18872.14, 6852
18884.42, 6851
18891.07, 6850
18892.77, 6849
18918.26, 6848
18947.09, 6847
18951.9, 6846
18964.31, 6845
18971.98, 6844
18982.39, 6843
18996.72, 6842
19000.8, 6841
19006.72, 6840
19017.63, 6839
19092.02, 6838
19105.12, 6837
19106.97, 6836
19108.76, 6835
19137.01, 6834
19142.81, 6833
19144.63, 6832
19164.5, 6831
19170.84, 6830
19172.64, 6829
19174.43, 6828
19192.14, 6827
19242.88, 6826
19244.65, 6825
19256.91, 6824
19267.25, 6823
19269.08, 6822
19270.85, 6821
19278.66, 6820
19293.03, 6819
19301.65, 6818
19302.21, 6817
19321.2, 6816
19336.69, 6815
19339.06, 6814
19345.75, 6813
19351.6, 6812
19359.84, 6811
19368.47, 6810
19375.07, 6809
19394.48, 6808
19407.55, 6807
19409.36, 6806
19495.99, 6805
19519.35, 6804
19531.59, 6803
19564.0, 6802
19587.83, 6801
19595.12, 6800
19601.41, 6799
19608.98, 6798
19620.57, 6797
19628.85, 6796
19636.45, 6795
19645.76, 6794
19659.33, 6793
19665.83, 6792
19665.87, 6791
19675.2, 6790
19686.69, 6789
19689.07, 6788
19711.64, 6787
19718.69, 6786
19721.08, 6785
19735.63, 6784
19741.63, 6783
19743.46, 6782
19745.24, 6781
19757.74, 6780
19763.69, 6779
19765.5, 6778
19794.67, 6777
19800.19, 6776
19801.97, 6775
19905.98, 6774
19929.05, 6773
19930.82, 6772
19939.86, 6771
19949.04, 6770
19961.96, 6769
19974.79, 6768
19986.88, 6767
19992.99, 6766
19994.79, 6765
20008.51, 6764
20010.31, 6763
20022.65, 6762
20025.53, 6761
20028.31, 6760
20038.61, 6759
20045.93, 6758
20047.78, 6757
20078.95, 6756
20086.88, 6755
20088.72, 6754
20188.02, 6753
20194.86, 6752
20196.67, 6751
20203.6, 6750
20223.41, 6749
20228.86, 6748
20230.69, 6747
20254.94, 6746
20268.32, 6745
20269.2, 6744
20270.95, 6743
20292.39, 6742
20294.34, 6741
20296.87, 6740
20401.64, 6739
20409.16, 6738
20411.28, 6737
20417.0, 6736
20423.63, 6735
20431.2, 6734
20449.01, 6733
20457.1, 6732
20458.9, 6731
20460.66, 6730
20472.96, 6729
20480.63, 6728
20482.52, 6727
20508.18, 6726
20519.64, 6725
20521.1, 6724
20523.02, 6723
20541.24, 6722
20553.88, 6721
20619.52, 6720
20629.08, 6719
20630.92, 6718
20642.99, 6717
20647.71, 6716
20649.48, 6715
20659.52, 6714
20678.19, 6713
20679.84, 6712
20695.89, 6711
20704.92, 6710
20706.73, 6709
20708.51, 6708
20718.1, 6707
20725.69, 6706
20727.51, 6705
20759.53, 6704
20768.64, 6703
20808.76, 6702
20822.37, 6701
20853.57, 6700
20858.29, 6699
20860.08, 6698
20889.28, 6697
20933.2, 6696
20934.96, 6695
20936.77, 6694
20942.35, 6693
20956.74, 6692
20962.84, 6691
20965.76, 6690
20995.55, 6689
20998.25, 6688
20999.85, 6687
21010.03, 6686
21017.68, 6685
21023.44, 6684
21027.26, 6683
21032.42, 6682
21042.43, 6681
21054.54, 6680
21060.47, 6679
21062.29, 6678
21081.91, 6677
21089.65, 6676
21091.42, 6675
21093.23, 6674
21102.62, 6673
21104.42, 6672
21108.36, 6671
21120.44, 6670
21127.97, 6669
21134.37, 6668
21142.93, 6667
21160.14, 6666
21161.91, 6665
21163.74, 6664
21194.24, 6663
21206.45, 6662
21210.81, 6661
21222.69, 6660
21224.9, 6659
21226.7, 6658
21257.13, 6657
21263.12, 6656
21265.78, 6655
21266.58, 6654
21276.5, 6653
21284.72, 6652
21308.14, 6651
21318.3, 6650
21321.24, 6649
21334.91, 6648
21336.69, 6647
21338.46, 6646
21351.51, 6645
21357.19, 6644
21359.02, 6643
21385.57, 6642
21387.39, 6641
21401.32, 6640
21410.68, 6639
21412.45, 6638
21423.41, 6637
21430.92, 6636
21431.8, 6635
21457.84, 6634
21501.99, 6633
21503.86, 6632
21511.18, 6631
21517.78, 6630
21526.75, 6629
21532.47, 6628
21534.3, 6627
21553.45, 6626
21571.14, 6625
21572.93, 6624
21585.02, 6623
21591.84, 6622
21593.98, 6621
21609.42, 6620
21618.8, 6619
21620.63, 6618
21622.42, 6617
21649.48, 6616
21649.99, 6615
21651.78, 6614
21680.53, 6613
21703.75, 6612
21709.2, 6611
21710.98, 6610
21738.76, 6609
21742.69, 6608
21751.27, 6607
21779.07, 6606
21879.05, 6605
21880.94, 6604
21883.91, 6603
21894.71, 6602
21916.23, 6601
21918.01, 6600
21919.79, 6599
21934.72, 6598
21953.65, 6597
21955.99, 6596
21985.78, 6595
21990.89, 6594
21991.73, 6593
22004.72, 6592
22021.1, 6591
22022.9, 6590
22024.65, 6589
22033.23, 6588
22062.47, 6587
22085.93, 6586
22087.72, 6585
22107.19, 6584
22131.28, 6583
22133.0, 6582
22147.52, 6581
22149.29, 6580
22155.44, 6579
22161.5, 6578
22172.65, 6577
22186.96, 6576
22188.82, 6575
22211.85, 6574
22217.94, 6573
22219.76, 6572
22227.28, 6571
22235.77, 6570
22249.09, 6569
22250.89, 6568
22252.67, 6567
22259.4, 6566
22262.37, 6565
22276.19, 6564
22279.61, 6563
22295.82, 6562
22302.96, 6561
22304.76, 6560
22306.56, 6559
22333.17, 6558
22353.5, 6557
22444.46, 6556
22454.83, 6555
22456.08, 6554
22467.48, 6553
22476.45, 6552
22489.63, 6551
22503.17, 6550
22508.82, 6549
22510.72, 6548
22512.76, 6547
22534.22, 6546
22540.74, 6545
22542.58, 6544
22544.67, 6543
22555.49, 6542
22561.06, 6541
22564.51, 6540
22572.21, 6539
22634.49, 6538
22662.29, 6537
22682.69, 6536
22689.67, 6535
22691.46, 6534
22703.39, 6533
22709.28, 6532
22711.12, 6531
22725.01, 6530
22730.17, 6529
22784.85, 6528
22793.83, 6527
22795.69, 6526
22817.45, 6525
22829.99, 6524
22837.98, 6523
22850.1, 6522
22856.55, 6521
22858.1, 6520
22870.42, 6519
22875.84, 6518
22877.68, 6517
22888.56, 6516
22894.22, 6515
22931.73, 6514
22933.49, 6513
22981.1, 6512
22989.98, 6511
23007.14, 6510
23017.37, 6509
23027.12, 6508
23028.71, 6507
23030.44, 6506
23043.19, 6505
23048.84, 6504
23050.75, 6503
23073.62, 6502
23082.29, 6501
23084.04, 6500
23094.45, 6499
23104.64, 6498
23110.88, 6497
23124.76, 6496
23126.52, 6495
23154.4, 6494
23195.43, 6493
23213.34, 6492
23214.89, 6491
23227.69, 6490
23277.07, 6489
23283.14, 6488
23284.97, 6487
23301.34, 6486
23307.04, 6485
23308.86, 6484
23318.1, 6483
23327.99, 6482
23404.67, 6481
23410.87, 6480
23412.21, 6479
23422.48, 6478
23428.24, 6477
23434.47, 6476
23443.04, 6475
23461.78, 6474
23472.97, 6473
23474.76, 6472
23485.4, 6471
23489.45, 6470
23507.68, 6469
23513.88, 6468
23520.56, 6467
23532.96, 6466
23535.27, 6465
23544.37, 6464
23552.9, 6463
23554.64, 6462
23573.91, 6461
23592.84, 6460
23597.02, 6459
23598.73, 6458
23608.7, 6457
23618.18, 6456
23620.0, 6455
23648.1, 6454
23662.48, 6453
23667.5, 6452
23667.62, 6451
23675.66, 6450
23684.62, 6449
23686.37, 6448
23692.35, 6447
23708.4, 6446
23714.75, 6445
23716.58, 6444
23824.13, 6443
23835.61, 6442
23840.36, 6441
23857.71, 6440
23865.85, 6439
23874.83, 6438
23876.64, 6437
23891.91, 6436
23899.5, 6435
23901.3, 6434
23908.22, 6433
23923.68, 6432
23934.38, 6431
23935.64, 6430
23946.25, 6429
23955.69, 6428
23964.0, 6427
23965.77, 6426
23976.25, 6425
23983.32, 6424
24005.21, 6423
24006.94, 6422
24025.45, 6421
24031.27, 6420
24036.17, 6419
24069.76, 6418
24135.07, 6417
24136.87, 6416
24156.59, 6415
24162.46, 6414
24172.91, 6413
24174.92, 6412
24182.2, 6411
24239.77, 6410
24246.12, 6409
24247.81, 6408
24249.58, 6407
24255.82, 6406
24278.18, 6405
24279.56, 6404
24281.22, 6403
24288.35, 6402
24308.9, 6401
24322.25, 6400
24324.01, 6399
24342.74, 6398
24356.6, 6397
24358.14, 6396
24388.64, 6395
24413.13, 6394
24463.08, 6393
24480.28, 6392
24493.08, 6391
24499.51, 6390
24513.09, 6389
24523.53, 6388
24537.05, 6387
24546.9, 6386
24556.19, 6385
24564.98, 6384
24588.17, 6383
24591.24, 6382
24594.12, 6381
24605.02, 6380
24611.54, 6379
24619.37, 6378
24622.58, 6377
24630.97, 6376
24647.11, 6375
24653.88, 6374
24663.16, 6373
24667.95, 6372
24740.05, 6371
24754.8, 6370
24759.72, 6369
24773.77, 6368
24797.91, 6367
24814.27, 6366
24826.18, 6365
24830.67, 6364
24842.09, 6363
24853.33, 6362
24861.98, 6361
24868.23, 6360
24879.02, 6359
24885.2, 6358
24896.13, 6357
24904.95, 6356
24912.55, 6355
24919.51, 6354
24949.25, 6353
24987.07, 6352
25001.27, 6351
25006.4, 6350
25008.19, 6349
25046.36, 6348
25068.41, 6347
25070.27, 6346
25088.81, 6345
25125.98, 6344
25138.36, 6343
25153.59, 6342
25178.19, 6341
25186.05, 6340
25195.47, 6339
25205.8, 6338
25216.1, 6337
25240.85, 6336
25260.41, 6335
25270.35, 6334
25279.43, 6333
25297.93, 6332
25311.36, 6331
25322.9, 6330
25333.45, 6329
25339.8, 6328
25345.88, 6327
25374.51, 6326
25397.31, 6325
25423.34, 6324
25446.6, 6323
25474.01, 6322
25485.6, 6321
25495.15, 6320
25503.44, 6319
25511.25, 6318
25520.61, 6317
25532.6, 6316
25543.05, 6315
25551.26, 6314
25563.07, 6313
25567.24, 6312
25579.1, 6311
25583.62, 6310
25595.45, 6309
25600.25, 6308
25606.88, 6307
25617.31, 6306
25626.79, 6305
25639.71, 6304
25646.89, 6303
25658.11, 6302
25722.03, 6301
25726.37, 6300
25735.91, 6299
25746.64, 6298
25756.33, 6297
25764.43, 6296
25771.42, 6295
25778.75, 6294
25793.1, 6293
25821.24, 6292
25832.05, 6291
25857.75, 6290
25894.43, 6289
25907.41, 6288
25930.29, 6287
25938.32, 6286
25971.3, 6285
26003.89, 6284
26023.94, 6283
26034.11, 6282
26050.43, 6281
26074.02, 6280
26084.26, 6279
26096.73, 6278
26106.39, 6277
26114.09, 6276
26148.52, 6275
26154.88, 6274
26170.49, 6273
26181.85, 6272
26207.44, 6271
26231.3, 6270
26240.25, 6269
26247.63, 6268
26280.87, 6267
26296.26, 6266
26302.24, 6265
26313.58, 6264
26340.38, 6263
26356.04, 6262
26380.25, 6261
26389.75, 6260
26407.02, 6259
26439.98, 6258
26463.79, 6257
26479.57, 6256
26496.33, 6255
26525.12, 6254
26547.73, 6253
26559.97, 6252
26573.1, 6251
26591.28, 6250
26605.24, 6249
26624.5, 6248
26646.49, 6247
26679.63, 6246
26687.97, 6245
26701.31, 6244
26714.13, 6243
26724.59, 6242
26763.67, 6241
26773.63, 6240
26800.6, 6239
26813.43, 6238
26817.42, 6237
26829.59, 6236
26833.65, 6235
26846.22, 6234
26853.32, 6233
26859.42, 6232
26869.42, 6231
26878.28, 6230
26891.32, 6229
26897.06, 6228
26911.61, 6227
26921.16, 6226
26949.3, 6225
26981.23, 6224
26990.24, 6223
27008.02, 6222
27024.76, 6221
27038.73, 6220
27073.1, 6219
27097.64, 6218
27111.99, 6217
27122.21, 6216
27129.64, 6215
27164.1, 6214
27178.9, 6213
27196.5, 6212
27200.04, 6211
27213.89, 6210
27226.96, 6209
27230.64, 6208
27238.82, 6207
27248.68, 6206
27255.31, 6205
27263.56, 6204
27280.22, 6203
27330.98, 6202
27337.18, 6201
27345.68, 6200
27354.06, 6199
27361.25, 6198
27369.88, 6197
27424.87, 6196
27445.38, 6195
27460.69, 6194
27496.43, 6193
27507.63, 6192
27520.93, 6191
27542.96, 6190
27570.32, 6189
27580.07, 6188
27599.39, 6187
27604.59, 6186
27636.5, 6185
27642.74, 6184
27654.15, 6183
27666.84, 6182
27687.33, 6181
27712.87, 6180
27728.07, 6179
27740.43, 6178
27745.01, 6177
27785.17, 6176
27786.96, 6175
27807.48, 6174
27812.9, 6173
27821.66, 6172
27831.43, 6171
27838.34, 6170
27849.43, 6169
27885.4, 6168
27895.64, 6167
27928.64, 6166
27972.64, 6165
27981.69, 6164
27995.22, 6163
28006.84, 6162
28011.65, 6161
28030.23, 6160
28038.43, 6159
28059.48, 6158
28065.75, 6157
28073.65, 6156
28083.6, 6155
28090.37, 6154
28177.49, 6153
28193.0, 6152
28220.16, 6151
28229.57, 6150
28235.7, 6149
28250.88, 6148
28258.44, 6147
28273.73, 6146
28278.98, 6145
28288.16, 6144
28295.79, 6143
28311.42, 6142
28337.84, 6141
28366.81, 6140
28391.52, 6139
28407.56, 6138
28426.73, 6137
28436.32, 6136
28445.02, 6135
28460.95, 6134
28468.6, 6133
28491.4, 6132
28528.21, 6131
28539.63, 6130
28580.0, 6129
28589.78, 6128
28592.5, 6127
28615.03, 6126
28628.89, 6125
28661.44, 6124
28665.94, 6123
28697.67, 6122
28705.5, 6121
28715.08, 6120
28724.66, 6119
28743.31, 6118
28751.4, 6117
28767.04, 6116
28779.6, 6115
28785.86, 6114
28797.33, 6113
28802.84, 6112
28813.85, 6111
28836.69, 6110
28886.72, 6109
28899.47, 6108
28913.79, 6107
28922.02, 6106
28931.14, 6105
28935.99, 6104
28944.84, 6103
28952.69, 6102
28980.32, 6101
29008.04, 6100
29016.98, 6099
29054.69, 6098
29068.04, 6097
29080.32, 6096
29087.33, 6095
29096.25, 6094
29106.61, 6093
29116.67, 6092
29122.79, 6091
29147.25, 6090
29154.68, 6089
29161.51, 6088
29169.91, 6087
29174.61, 6086
29187.43, 6085
29192.12, 6084
29197.5, 6083
29204.57, 6082
29218.7, 6081
29226.25, 6080
29231.29, 6079
29241.69, 6078
29267.62, 6077
29268.94, 6076
29276.39, 6075
29282.3, 6074
29295.71, 6073
29297.41, 6072
29300.99, 6071
29316.51, 6070
29330.67, 6069
29341.27, 6068
29346.33, 6067
29359.46, 6066
29364.74, 6065
29376.7, 6064
29471.38, 6063
29474.8, 6062
29485.47, 6061
29502.42, 6060
29508.31, 6059
29535.07, 6058
29574.06, 6057
29585.54, 6056
29586.38, 6055
29593.56, 6054
29608.54, 6053
29615.28, 6052
29625.09, 6051
29633.43, 6050
29652.94, 6049
29659.09, 6048
29663.84, 6047
29793.95, 6046
29805.55, 6045
29816.32, 6044
29833.64, 6043
29841.52, 6042
29843.25, 6041
29857.55, 6040
29863.79, 6039
29888.49, 6038
29894.52, 6037
29896.29, 6036
29915.8, 6035
29960.97, 6034
29969.26, 6033
29995.43, 6032
30001.19, 6031
30003.27, 6030
30112.92, 6029
30120.83, 6028
30133.61, 6027
30145.61, 6026
30148.97, 6025
30164.47, 6024
30171.63, 6023
30173.43, 6022
30187.01, 6021
30192.33, 6020
30201.58, 6019
30209.46, 6018
30211.26, 6017
30230.99, 6016
30231.43, 6015
30243.01, 6014
30259.69, 6013
30265.88, 6012
30274.82, 6011
30292.43, 6010
30301.41, 6009
30321.26, 6008
30343.05, 6007
30351.2, 6006
30353.01, 6005
30354.76, 6004
30374.53, 6003
30374.64, 6002
30376.23, 6001
30485.26, 6000
30487.03, 5999
30518.95, 5998
30531.79, 5997
30538.02, 5996
30549.46, 5995
30599.77, 5994
30617.97, 5993
30619.65, 5992
30624.48, 5991
30636.93, 5990
30660.8, 5989
30677.13, 5988
30678.94, 5987
30680.72, 5986
30694.37, 5985
30695.67, 5984
30707.19, 5983
30718.03, 5982
30735.21, 5981
30744.96, 5980
30746.81, 5979
30748.55, 5978
30765.52, 5977
30782.67, 5976
30782.83, 5975
30801.19, 5974
30801.95, 5973
30817.87, 5972
30834.72, 5971
30836.46, 5970
30857.33, 5969
30862.43, 5968
30880.92, 5967
30882.62, 5966
30884.37, 5965
30900.34, 5964
30905.8, 5963
30916.75, 5962
30925.59, 5961
30943.47, 5960
31019.58, 5959
31025.7, 5958
31027.52, 5957
31035.1, 5956
31052.53, 5955
31059.66, 5954
31063.57, 5953
31068.13, 5952
31111.32, 5951
31123.23, 5950
31142.26, 5949
31191.47, 5948
31193.3, 5947
31195.05, 5946
31208.58, 5945
31213.98, 5944
31290.02, 5943
31300.68, 5942
31306.21, 5941
31314.57, 5940
31320.18, 5939
31344.7, 5938
31352.01, 5937
31353.79, 5936
31368.25, 5935
31376.12, 5934
31377.9, 5933
31392.47, 5932
31406.09, 5931
31410.93, 5930
31412.45, 5929
31417.97, 5928
31432.09, 5927
31456.59, 5926
31458.32, 5925
31460.45, 5924
31471.52, 5923
31482.99, 5922
31511.46, 5921
31514.56, 5920
31516.38, 5919
31541.06, 5918
31547.16, 5917
31547.68, 5916
31558.99, 5915
31560.78, 5914
31576.11, 5913
31591.64, 5912
31598.67, 5911
31600.84, 5910
31607.65, 5909
31615.62, 5908
31644.25, 5907
31646.0, 5906
31713.7, 5905
31715.48, 5904
31721.86, 5903
31746.69, 5902
31764.62, 5901
31769.47, 5900
31778.47, 5899
31791.17, 5898
31809.34, 5897
31815.33, 5896
31825.43, 5895
31842.24, 5894
31849.22, 5893
31880.34, 5892
31889.71, 5891
31895.15, 5890
31968.24, 5889
31971.14, 5888
31989.46, 5887
31996.15, 5886
31997.72, 5885
32008.72, 5884
32018.75, 5883
32024.16, 5882
32049.74, 5881
32060.35, 5880
32066.06, 5879
32077.61, 5878
32095.71, 5877
32097.57, 5876
32197.27, 5875
32203.63, 5874
32220.22, 5873
32231.53, 5872
32241.55, 5871
32253.67, 5870
32257.28, 5869
32283.78, 5868
32289.32, 5867
32301.13, 5866
32310.06, 5865
32327.36, 5864
32331.72, 5863
32343.44, 5862
32350.15, 5861
32368.74, 5860
32386.34, 5859
32389.99, 5858
32412.65, 5857
32426.86, 5856
32515.42, 5855
32523.51, 5854
32535.82, 5853
32541.6, 5852
32544.37, 5851
32558.99, 5850
32565.34, 5849
32587.55, 5848
32594.83, 5847
32597.63, 5846
32603.62, 5845
32620.29, 5844
32631.57, 5843
32654.03, 5842
32657.13, 5841
32657.51, 5840
32678.67, 5839
32685.68, 5838
32693.96, 5837
32706.73, 5836
32708.51, 5835
32748.22, 5834
32754.26, 5833
32756.03, 5832
32771.28, 5831
32778.01, 5830
32781.33, 5829
32796.21, 5828
32820.88, 5827
32828.55, 5826
32830.3, 5825
32832.03, 5824
32866.49, 5823
32867.38, 5822
32881.21, 5821
32974.91, 5820
32998.08, 5819
33034.29, 5818
33042.06, 5817
33073.36, 5816
33081.81, 5815
33090.44, 5814
33096.87, 5813
33161.74, 5812
33180.37, 5811
33194.9, 5810
33200.43, 5809
33202.3, 5808
33213.51, 5807
33227.58, 5806
33237.15, 5805
33240.81, 5804
33250.72, 5803
33261.59, 5802
33273.13, 5801
33286.95, 5800
33294.58, 5799
33306.72, 5798
33315.58, 5797
33321.24, 5796
33351.59, 5795
33352.61, 5794
33357.87, 5793
33368.03, 5792
33377.61, 5791
33392.93, 5790
33403.83, 5789
33412.07, 5788
33430.07, 5787
33436.37, 5786
33440.36, 5785
33472.41, 5784
33478.84, 5783
33512.78, 5782
33536.69, 5781
33538.52, 5780
33566.16, 5779
33567.92, 5778
33569.73, 5777
33655.95, 5776
33669.15, 5775
33683.73, 5774
33687.94, 5773
33697.12, 5772
33701.75, 5771
33711.19, 5770
33746.24, 5769
33754.03, 5768
33767.59, 5767
33789.41, 5766
33795.41, 5765
33797.21, 5764
33848.16, 5763
33866.21, 5762
33873.6, 5761
33875.37, 5760
33888.28, 5759
33898.96, 5758
33905.53, 5757
33930.8, 5756
33930.94, 5755
33930.96, 5754
33955.47, 5753
33961.44, 5752
33963.84, 5751
33992.0, 5750
34001.12, 5749
34001.35, 5748
34003.1, 5747
34011.39, 5746
34026.61, 5745
34032.73, 5744
34041.85, 5743
34055.11, 5742
34060.3, 5741
34072.05, 5740
34162.07, 5739
34167.35, 5738
34178.21, 5737
34190.44, 5736
34247.26, 5735
34258.72, 5734
34273.08, 5733
34288.46, 5732
34294.06, 5731
34300.42, 5730
34329.59, 5729
34366.21, 5728
34388.2, 5727
34406.02, 5726
34423.04, 5725
34434.17, 5724
34464.26, 5723
34473.95, 5722
34507.95, 5721
34521.18, 5720
34540.81, 5719
34545.94, 5718
34553.57, 5717
34568.86, 5716
34580.1, 5715
34597.58, 5714
34608.05, 5713
34617.18, 5712
34629.55, 5711
34635.98, 5710
34650.87, 5709
34667.07, 5708
34674.94, 5707
34686.27, 5706
34692.81, 5705
34713.03, 5704
34741.03, 5703
34771.95, 5702
34796.79, 5701
34827.91, 5700
34838.67, 5699
34856.16, 5698
34879.07, 5697
34887.25, 5696
34913.2, 5695
34932.18, 5694
34947.83, 5693
34997.74, 5692
35018.73, 5691
35029.79, 5690
35034.62, 5689
35046.33, 5688
35055.15, 5687
35061.47, 5686
35069.68, 5685
35096.05, 5684
35104.76, 5683
35111.08, 5682
35120.04, 5681
35129.71, 5680
35141.22, 5679
35147.15, 5678
35155.54, 5677
35190.95, 5676
35213.32, 5675
35239.08, 5674
35247.74, 5673
35262.88, 5672
35275.06, 5671
35288.13, 5670
35306.05, 5669
35309.38, 5668
35333.82, 5667
35347.03, 5666
35355.63, 5665
35367.48, 5664
35405.79, 5663
35429.82, 5662
35447.69, 5661
35462.89, 5660
35472.55, 5659
35480.14, 5658
35507.35, 5657
35522.11, 5656
35530.17, 5655
35566.53, 5654
35579.67, 5653
35596.29, 5652
35609.82, 5651
35614.34, 5650
35644.09, 5649
35665.15, 5648
35674.18, 5647
35680.94, 5646
35707.57, 5645
35724.0, 5644
35730.98, 5643
35751.34, 5642
35758.59, 5641
35768.03, 5640
35783.66, 5639
35793.83, 5638
35814.43, 5637
35824.54, 5636
35834.03, 5635
35846.01, 5634
35863.23, 5633
35872.41, 5632
35900.48, 5631
35912.01, 5630
35919.98, 5629
35940.83, 5628
35967.01, 5627
35997.53, 5626
36008.99, 5625
36027.16, 5624
36037.3, 5623
36061.68, 5622
36079.29, 5621
36089.81, 5620
36097.78, 5619
36117.44, 5618
36134.34, 5617
36159.88, 5616
36170.54, 5615
36204.25, 5614
36237.22, 5613
36256.47, 5612
36264.0, 5611
36274.85, 5610
36291.15, 5609
36359.55, 5608
36369.87, 5607
36377.66, 5606
36388.89, 5605
36406.81, 5604
36432.88, 5603
36439.55, 5602
36467.04, 5601
36474.49, 5600
36483.4, 5599
36491.31, 5598
36521.68, 5597
36530.96, 5596
36549.18, 5595
36558.01, 5594
36567.08, 5593
36603.56, 5592
36623.2, 5591
36630.95, 5590
36658.07, 5589
36674.28, 5588
36680.13, 5587
36696.91, 5586
36709.86, 5585
36740.64, 5584
36762.81, 5583
36771.46, 5582
36777.37, 5581
36784.06, 5580
36796.2, 5579
36800.71, 5578
36816.82, 5577
36824.18, 5576
36843.1, 5575
36863.11, 5574
36905.41, 5573
36932.48, 5572
36947.48, 5571
36967.06, 5570
36983.12, 5569
36990.23, 5568
37005.62, 5567
37030.29, 5566
37034.54, 5565
37063.32, 5564
37080.66, 5563
37093.66, 5562
37100.08, 5561
37111.28, 5560
37116.58, 5559
37124.89, 5558
37139.3, 5557
37163.3, 5556
37182.75, 5555
37204.3, 5554
37231.45, 5553
37244.26, 5552
37263.3, 5551
37270.39, 5550
37283.74, 5549
37296.01, 5548
37311.92, 5547
37339.36, 5546
37347.91, 5545
37356.13, 5544
37365.58, 5543
37396.58, 5542
37402.17, 5541
37424.45, 5540
37428.56, 5539
37458.05, 5538
37489.8, 5537
37497.92, 5536
37507.44, 5535
37516.07, 5534
37530.91, 5533
37563.06, 5532
37575.16, 5531
37592.31, 5530
37604.94, 5529
37614.49, 5528
37640.0, 5527
37655.59, 5526
37663.72, 5525
37671.64, 5524
37680.73, 5523
37691.07, 5522
37712.97, 5521
37730.72, 5520
37747.64, 5519
37756.65, 5518
37775.4, 5517
37796.78, 5516
37812.26, 5515
37826.08, 5514
37847.73, 5513
37864.27, 5512
37879.05, 5511
37889.2, 5510
37907.66, 5509
37915.68, 5508
37924.61, 5507
37942.39, 5506
37972.79, 5505
37996.04, 5504
38002.13, 5503
38016.99, 5502
38028.47, 5501
38067.68, 5500
38097.91, 5499
38110.5, 5498
38124.11, 5497
38152.04, 5496
38170.26, 5495
38198.11, 5494
38200.66, 5493
38214.17, 5492
38221.87, 5491
38277.36, 5490
38286.12, 5489
38300.69, 5488
38317.9, 5487
38338.46, 5486
38357.16, 5485
38400.36, 5484
38412.83, 5483
38425.84, 5482
38434.41, 5481
38450.12, 5480
38480.63, 5479
38487.44, 5478
38498.62, 5477
38504.53, 5476
38514.03, 5475
38530.87, 5474
38590.16, 5473
38605.13, 5472
38629.96, 5471
38637.02, 5470
38683.3, 5469
38693.59, 5468
38700.6, 5467
38710.69, 5466
38727.56, 5465
38753.9, 5464
38798.98, 5463
38814.25, 5462
38833.13, 5461
38843.13, 5460
38868.12, 5459
38901.46, 5458
38909.84, 5457
38933.09, 5456
38947.61, 5455
38959.14, 5454
38972.41, 5453
38997.38, 5452
39049.36, 5451
39055.0, 5450
39061.73, 5449
39069.63, 5448
39079.69, 5447
39137.89, 5446
39146.9, 5445
39155.33, 5444
39164.16, 5443
39171.85, 5442
39212.54, 5441
39231.91, 5440
39252.62, 5439
39271.47, 5438
39286.09, 5437
39321.58, 5436
39328.39, 5435
39340.36, 5434
39361.64, 5433
39370.32, 5432
39389.69, 5431
39440.97, 5430
39445.24, 5429
39464.58, 5428
39474.76, 5427
39483.75, 5426
39528.31, 5425
39557.12, 5424
39561.04, 5423
39570.29, 5422
39584.76, 5421
39586.28, 5420
39658.74, 5419
39661.66, 5418
39667.24, 5417
39679.93, 5416
39714.52, 5415
39751.44, 5414
39765.02, 5413
39772.08, 5412
39776.12, 5411
39840.42, 5410
39845.19, 5409
39857.85, 5408
39863.85, 5407
39873.8, 5406
39894.92, 5405
39919.33, 5404
39932.29, 5403
39947.27, 5402
39977.52, 5401
40018.99, 5400
40025.89, 5399
40034.85, 5398
40069.73, 5397
40087.68, 5396
40195.76, 5395
40198.26, 5394
40199.32, 5393
40232.12, 5392
40252.65, 5391
40252.75, 5390
40308.48, 5389
40314.52, 5388
40316.25, 5387
40334.22, 5386
40336.0, 5385
40340.88, 5384
40369.2, 5383
40370.97, 5382
40384.82, 5381
40398.33, 5380
40399.92, 5379
40419.96, 5378
40432.62, 5377
40442.36, 5376
40457.42, 5375
40475.65, 5374
40482.78, 5373
40492.89, 5372
40499.58, 5371
40507.96, 5370
40526.35, 5369
40535.63, 5368
40584.75, 5367
40593.76, 5366
40609.84, 5365
40617.19, 5364
40627.63, 5363
40635.85, 5362
40642.29, 5361
40655.12, 5360
40666.23, 5359
40751.37, 5358
40753.17, 5357
40755.01, 5356
40763.82, 5355
40808.37, 5354
40819.29, 5353
40846.69, 5352
40856.68, 5351
40864.17, 5350
40877.59, 5349
40883.07, 5348
40901.71, 5347
40910.81, 5346
40919.33, 5345
40928.3, 5344
40938.49, 5343
40945.63, 5342
41008.77, 5341
41015.02, 5340
41051.47, 5339
41062.6, 5338
41074.4, 5337
41093.7, 5336
41139.93, 5335
41155.36, 5334
41165.3, 5333
41179.66, 5332
41197.49, 5331
41203.18, 5330
41212.16, 5329
41223.03, 5328
41241.35, 5327
41248.27, 5326
41255.69, 5325
41263.79, 5324
41276.1, 5323
41282.82, 5322
41346.12, 5321
41348.0, 5320
41369.67, 5319
41371.15, 5318
41412.46, 5317
41433.16, 5316
41449.12, 5315
41456.36, 5314
41524.53, 5313
41531.84, 5312
41540.09, 5311
41570.64, 5310
41603.2, 5309
41610.86, 5308
41623.37, 5307
41661.42, 5306
41669.56, 5305
41671.37, 5304
41688.95, 5303
41705.09, 5302
41706.87, 5301
41733.18, 5300
41742.72, 5299
41747.49, 5298
41788.27, 5297
41796.19, 5296
41812.37, 5295
41825.09, 5294
41832.8, 5293
41847.58, 5292
41856.73, 5291
41867.67, 5290
41879.56, 5289
41905.41, 5288
41908.73, 5287
41921.28, 5286
41929.39, 5285
41935.9, 5284
41953.22, 5283
41963.85, 5282
41970.48, 5281
41978.03, 5280
41991.03, 5279
41998.97, 5278
42011.18, 5277
42023.85, 5276
42028.48, 5275
42042.36, 5274
42050.56, 5273
42068.29, 5272
42074.94, 5271
42078.37, 5270
42095.48, 5269
42105.03, 5268
42122.66, 5267
42132.71, 5266
42144.5, 5265
42283.55, 5264
42290.77, 5263
42312.4, 5262
42329.82, 5261
42331.55, 5260
42356.47, 5259
42368.03, 5258
42375.03, 5257
42382.0, 5256
42393.26, 5255
42402.17, 5254
42417.68, 5253
42423.28, 5252
42432.68, 5251
42443.46, 5250
42464.26, 5249
42482.62, 5248
42487.92, 5247
42499.81, 5246
42509.18, 5245
42519.59, 5244
42538.36, 5243
42544.67, 5242
42561.67, 5241
42570.43, 5240
42572.25, 5239
42708.54, 5238
42717.33, 5237
42727.59, 5236
42739.03, 5235
42750.53, 5234
42774.49, 5233
42778.4, 5232
42789.78, 5231
42817.78, 5230
42822.09, 5229
42830.7, 5228
42842.75, 5227
42849.05, 5226
42866.97, 5225
42877.75, 5224
42891.81, 5223
42902.6, 5222
42909.61, 5221
42919.06, 5220
42927.48, 5219
42937.62, 5218
43098.38, 5217
43112.35, 5216
43122.43, 5215
43132.98, 5214
43134.79, 5213
43169.8, 5212
43177.5, 5211
43191.11, 5210
43194.05, 5209
43198.75, 5208
43234.78, 5207
43251.95, 5206
43258.12, 5205
43281.78, 5204
43283.82, 5203
43295.85, 5202
43334.9, 5201
43423.89, 5200
43440.66, 5199
43451.11, 5198
43458.67, 5197
43473.41, 5196
43483.06, 5195
43496.13, 5194
43502.21, 5193
43513.29, 5192
43533.09, 5191
43542.56, 5190
43548.16, 5189
43560.72, 5188
43570.49, 5187
43584.73, 5186
43623.27, 5185
43628.43, 5184
43630.26, 5183
43690.86, 5182
43736.23, 5181
43745.22, 5180
43758.93, 5179
43767.58, 5178
43777.92, 5177
43795.18, 5176
43807.4, 5175
43811.85, 5174
43826.6, 5173
43833.08, 5172
43840.17, 5171
43862.37, 5170
43881.35, 5169
43882.38, 5168
43890.46, 5167
44010.94, 5166
44028.02, 5165
44039.29, 5164
44051.03, 5163
44059.2, 5162
44071.86, 5161
44086.11, 5160
44097.78, 5159
44101.02, 5158
44110.51, 5157
44128.14, 5156
44145.37, 5155
44157.45, 5154
44163.85, 5153
44225.6, 5152
44243.59, 5151
44264.13, 5150
44278.21, 5149
44281.57, 5148
44291.1, 5147
44330.78, 5146
44356.78, 5145
44378.58, 5144
44431.3, 5143
44446.97, 5142
44488.72, 5141
44507.67, 5140
44519.91, 5139
44524.56, 5138
44563.5, 5137
44574.7, 5136
44585.99, 5135
44598.01, 5134
44618.04, 5133
44639.46, 5132
44651.26, 5131
44675.25, 5130
44680.06, 5129
44689.79, 5128
44697.75, 5127
44709.52, 5126
44717.05, 5125
44727.15, 5124
44796.4, 5123
44822.1, 5122
44830.54, 5121
44843.31, 5120
44847.62, 5119
44862.94, 5118
44883.52, 5117
44918.59, 5116
44943.23, 5115
44956.1, 5114
44963.53, 5113
44971.33, 5112
44983.17, 5111
45024.18, 5110
45046.08, 5109
45061.98, 5108
45078.05, 5107
45091.2, 5106
45129.88, 5105
45140.53, 5104
45146.76, 5103
45161.89, 5102
45164.34, 5101
45194.88, 5100
45218.34, 5099
45236.0, 5098
45246.97, 5097
45254.27, 5096
45280.87, 5095
45292.7, 5094
45303.66, 5093
45328.59, 5092
45354.67, 5091
45387.16, 5090
45407.79, 5089
45421.4, 5088
45430.56, 5087
45493.05, 5086
45517.74, 5085
45530.27, 5084
45539.03, 5083
45547.65, 5082
45558.27, 5081
45564.5, 5080
45572.81, 5079
45622.03, 5078
45630.84, 5077
45640.51, 5076
45653.62, 5075
45663.25, 5074
45668.01, 5073
45698.72, 5072
45711.19, 5071
45746.89, 5070
45755.87, 5069
45763.28, 5068
45770.44, 5067
45781.22, 5066
45792.62, 5065
45839.88, 5064
45866.51, 5063
45878.57, 5062
45896.6, 5061
45938.17, 5060
45952.93, 5059
45960.23, 5058
45979.87, 5057
46000.59, 5056
46038.74, 5055
46054.88, 5054
46067.4, 5053
46091.08, 5052
46100.35, 5051
46109.57, 5050
46120.42, 5049
46151.78, 5048
46162.89, 5047
46191.24, 5046
46200.03, 5045
46208.91, 5044
46226.94, 5043
46241.95, 5042
46246.62, 5041
46271.71, 5040
46293.16, 5039
46299.38, 5038
46305.44, 5037
46322.94, 5036
46343.7, 5035
46348.96, 5034
46369.81, 5033
46381.39, 5032
46394.46, 5031
46409.82, 5030
46417.13, 5029
46430.12, 5028
46444.36, 5027
46470.07, 5026
46500.57, 5025
46507.98, 5024
46521.25, 5023
46535.31, 5022
46542.39, 5021
46562.92, 5020
46575.88, 5019
46597.83, 5018
46602.25, 5017
46613.14, 5016
46625.61, 5015
46639.07, 5014
46658.07, 5013
46680.96, 5012
46708.16, 5011
46716.28, 5010
46725.23, 5009
46739.02, 5008
46759.63, 5007
46770.48, 5006
46796.62, 5005
46798.43, 5004
46806.91, 5003
46822.3, 5002
46846.59, 5001
46853.1, 5000
46861.94, 4999
46908.32, 4998
46917.54, 4997
46944.63, 4996
46960.96, 4995
46963.48, 4994
46976.81, 4993
47014.5, 4992
47026.5, 4991
47046.98, 4990
47053.04, 4989
47067.68, 4988
47080.9, 4987
47125.82, 4986
47137.62, 4985
47139.43, 4984
47146.44, 4983
47161.08, 4982
47171.74, 4981
47187.11, 4980
47198.48, 4979
47211.09, 4978
47235.29, 4977
47237.07, 4976
47260.85, 4975
47271.69, 4974
47281.19, 4973
47308.82, 4972
47339.58, 4971
47344.23, 4970
47356.86, 4969
47373.87, 4968
47384.64, 4967
47414.21, 4966
47423.65, 4965
47502.31, 4964
47508.79, 4963
47513.31, 4962
47521.04, 4961
47530.28, 4960
47541.45, 4959
47563.13, 4958
47579.47, 4957
47590.64, 4956
47604.53, 4955
47627.97, 4954
47634.2, 4953
47649.81, 4952
47659.0, 4951
47690.61, 4950
47712.17, 4949
47725.66, 4948
47733.69, 4947
47754.33, 4946
47765.06, 4945
47824.82, 4944
47836.72, 4943
47840.21, 4942
47851.37, 4941
47864.37, 4940
47880.39, 4939
47904.32, 4938
47919.54, 4937
47921.4, 4936
47941.57, 4935
47948.47, 4934
47955.58, 4933
47971.07, 4932
47985.43, 4931
48007.25, 4930
48028.59, 4929
48038.61, 4928
48053.94, 4927
48061.74, 4926
48071.17, 4925
48100.03, 4924
48129.35, 4923
48131.19, 4922
48149.41, 4921
48164.56, 4920
48177.01, 4919
48206.02, 4918
48223.33, 4917
48237.27, 4916
48246.06, 4915
48257.09, 4914
48268.35, 4913
48287.27, 4912
48302.62, 4911
48314.33, 4910
48329.61, 4909
48339.5, 4908
48356.63, 4907
48374.4, 4906
48383.09, 4905
48406.51, 4904
48414.27, 4903
48424.0, 4902
48443.44, 4901
48453.98, 4900
48463.27, 4899
48482.44, 4898
48495.51, 4897
48549.42, 4896
48561.49, 4895
48576.66, 4894
48588.71, 4893
48598.21, 4892
48614.71, 4891
48623.16, 4890
48637.74, 4889
48642.3, 4888
48651.57, 4887
48666.78, 4886
48682.26, 4885
48703.96, 4884
48714.42, 4883
48743.36, 4882
48756.48, 4881
48767.59, 4880
48781.7, 4879
48788.89, 4878
48806.36, 4877
48835.82, 4876
48857.02, 4875
48864.34, 4874
48873.94, 4873
48889.13, 4872
48898.63, 4871
48912.0, 4870
48916.37, 4869
48926.99, 4868
48936.17, 4867
48956.81, 4866
48973.21, 4865
48981.1, 4864
49002.43, 4863
49024.46, 4862
49036.07, 4861
49036.12, 4860
49057.24, 4859
49087.63, 4858
49089.56, 4857
49102.44, 4856
49116.34, 4855
49130.42, 4854
49142.63, 4853
49149.52, 4852
49160.42, 4851
49178.09, 4850
49183.7, 4849
49199.57, 4848
49204.43, 4847
49213.81, 4846
49222.1, 4845
49252.62, 4844
49258.73, 4843
49272.07, 4842
49291.18, 4841
49304.81, 4840
49321.91, 4839
49339.85, 4838
49347.77, 4837
49388.69, 4836
49399.77, 4835
49422.02, 4834
49425.68, 4833
49445.05, 4832
49448.41, 4831
49456.43, 4830
49469.33, 4829
49510.85, 4828
49512.89, 4827
49514.39, 4826
49536.93, 4825
49557.53, 4824
49577.08, 4823
49582.68, 4822
49618.19, 4821
49628.27, 4820
49629.82, 4819
49641.77, 4818
49654.55, 4817
49661.5, 4816
49674.13, 4815
49686.17, 4814
49698.96, 4813
49703.81, 4812
49717.49, 4811
49738.23, 4810
49752.52, 4809
49760.44, 4808
49774.03, 4807
49812.22, 4806
49815.71, 4805
49817.22, 4804
49837.62, 4803
49846.35, 4802
49848.38, 4801
49867.93, 4800
49869.39, 4799
49896.74, 4798
49907.93, 4797
49939.07, 4796
49944.67, 4795
49961.52, 4794
49973.33, 4793
49985.44, 4792
49994.92, 4791
50207.42, 4790
50209.96, 4789
50210.3, 4788
50211.75, 4787
50251.79, 4786
50253.23, 4785
50254.75, 4784
50289.84, 4783
50291.35, 4782
50292.83, 4781
50297.91, 4780
50323.83, 4779
50325.27, 4778
50354.41, 4777
50368.31, 4776
50392.76, 4775
50394.24, 4774
50395.71, 4773
50413.43, 4772
50414.89, 4771
50423.72, 4770
50453.2, 4769
50463.95, 4768
50478.87, 4767
50492.93, 4766
50505.79, 4765
50510.28, 4764
50525.03, 4763
50547.09, 4762
50554.07, 4761
50560.14, 4760
50574.13, 4759
50581.36, 4758
50600.58, 4757
50621.74, 4756
50626.7, 4755
50644.16, 4754
50654.54, 4753
50655.98, 4752
50691.69, 4751
50698.34, 4750
50713.04, 4749
50737.99, 4748
50752.47, 4747
50761.69, 4746
50776.46, 4745
50796.15, 4744
50806.97, 4743
50818.96, 4742
50831.99, 4741
50843.84, 4740
50846.36, 4739
50887.4, 4738
50891.36, 4737
50941.95, 4736
50966.94, 4735
50984.49, 4734
50991.11, 4733
50997.55, 4732
51008.97, 4731
51024.06, 4730
51028.97, 4729
51035.62, 4728
51053.56, 4727
51058.89, 4726
51103.23, 4725
51108.52, 4724
51115.68, 4723
51135.8, 4722
51144.86, 4721
51157.74, 4720
51167.2, 4719
51179.14, 4718
51186.96, 4717
51203.02, 4716
51204.51, 4715
51228.39, 4714
51250.99, 4713
51263.1, 4712
51278.67, 4711
51289.02, 4710
51305.02, 4709
51317.08, 4708
51331.61, 4707
51355.75, 4706
51369.01, 4705
51370.55, 4704
51400.25, 4703
51406.95, 4702
51427.11, 4701
51450.54, 4700
51460.25, 4699
51476.86, 4698
51488.52, 4697
51495.52, 4696
51508.54, 4695
51514.56, 4694
51534.44, 4693
51544.64, 4692
51553.8, 4691
51591.08, 4690
51597.23, 4689
51604.41, 4688
51612.09, 4687
51623.63, 4686
51631.5, 4685
51676.97, 4684
51691.6, 4683
51697.92, 4682
51715.64, 4681
51720.01, 4680
51738.41, 4679
51743.34, 4678
51773.53, 4677
51778.93, 4676
51789.19, 4675
51800.48, 4674
51830.23, 4673
51856.85, 4672
51884.77, 4671
51896.53, 4670
51908.4, 4669
51922.69, 4668
51931.93, 4667
51945.65, 4666
51955.87, 4665
51971.32, 4664
51976.14, 4663
51988.92, 4662
51990.48, 4661
52005.17, 4660
52058.1, 4659
52074.04, 4658
52081.97, 4657
52084.22, 4656
52096.88, 4655
52120.41, 4654
52129.01, 4653
52134.95, 4652
52151.5, 4651
52158.21, 4650
52165.01, 4649
52184.29, 4648
52209.36, 4647
52212.77, 4646
52226.07, 4645
52230.94, 4644
52240.66, 4643
52255.43, 4642
52273.14, 4641
52277.48, 4640
52284.07, 4639
52312.32, 4638
52313.9, 4637
52337.98, 4636
52348.79, 4635
52357.77, 4634
52365.3, 4633
52394.38, 4632
52401.36, 4631
52420.69, 4630
52428.94, 4629
52441.48, 4628
52466.28, 4627
52467.22, 4626
52489.72, 4625
52491.05, 4624
52498.33, 4623
52523.67, 4622
52528.34, 4621
52529.83, 4620
52562.39, 4619
52588.56, 4618
52590.63, 4617
52601.24, 4616
52607.82, 4615
52616.62, 4614
52632.48, 4613
52638.3, 4612
52648.05, 4611
52657.9, 4610
52668.7, 4609
52678.87, 4608
52706.32, 4607
52755.76, 4606
52767.05, 4605
52769.29, 4604
52775.91, 4603
52787.01, 4602
52806.22, 4601
52807.68, 4600
52821.21, 4599
52827.34, 4598
52870.09, 4597
52895.02, 4596
52903.11, 4595
52905.43, 4594
52923.71, 4593
52923.81, 4592
52938.77, 4591
52973.23, 4590
52988.1, 4589
53001.63, 4588
53009.17, 4587
53017.02, 4586
53027.64, 4585
53042.45, 4584
53050.8, 4583
53058.11, 4582
53069.45, 4581
53078.02, 4580
53121.18, 4579
53128.89, 4578
53139.48, 4577
53144.47, 4576
53188.91, 4575
53190.95, 4574
53218.89, 4573
53225.6, 4572
53236.95, 4571
53249.0, 4570
53268.39, 4569
53275.81, 4568
53279.22, 4567
53292.78, 4566
53304.52, 4565
53341.97, 4564
53360.7, 4563
53371.92, 4562
53372.55, 4561
53445.25, 4560
53452.95, 4559
53516.24, 4558
53524.7, 4557
53531.25, 4556
53550.09, 4555
53561.65, 4554
53572.52, 4553
53580.8, 4552
53587.98, 4551
53598.95, 4550
53611.71, 4549
53644.71, 4548
53653.51, 4547
53664.78, 4546
53676.98, 4545
53692.03, 4544
53705.12, 4543
53734.04, 4542
53778.26, 4541
53790.76, 4540
53805.92, 4539
53811.03, 4538
53822.16, 4537
53861.44, 4536
53871.0, 4535
53883.95, 4534
53890.84, 4533
53939.45, 4532
53953.74, 4531
53965.9, 4530
53990.67, 4529
53991.71, 4528
54000.04, 4527
54012.82, 4526
54026.22, 4525
54040.52, 4524
54050.25, 4523
54061.02, 4522
54088.67, 4521
54099.4, 4520
54113.04, 4519
54137.96, 4518
54175.12, 4517
54182.91, 4516
54274.66, 4515
54280.48, 4514
54297.53, 4513
54312.82, 4512
54340.71, 4511
54346.39, 4510
54355.78, 4509
54366.77, 4508
54373.55, 4507
54381.7, 4506
54423.39, 4505
54427.6, 4504
54438.07, 4503
54448.0, 4502
54469.63, 4501
54479.15, 4500
54505.23, 4499
54516.05, 4498
54545.46, 4497
54558.37, 4496
54569.11, 4495
54587.5, 4494
54601.54, 4493
54612.88, 4492
54657.93, 4491
54673.05, 4490
54694.24, 4489
54714.44, 4488
54721.67, 4487
54730.71, 4486
54753.67, 4485
54764.25, 4484
54771.65, 4483
54790.28, 4482
54807.63, 4481
54824.47, 4480
54830.82, 4479
54841.54, 4478
54857.87, 4477
54870.43, 4476
54915.24, 4475
54930.86, 4474
54945.76, 4473
54955.56, 4472
54999.02, 4471
55014.48, 4470
55024.89, 4469
55035.9, 4468
55074.14, 4467
55087.23, 4466
55107.78, 4465
55121.93, 4464
55157.03, 4463
55171.35, 4462
55180.82, 4461
55197.13, 4460
55214.61, 4459
55227.63, 4458
55262.48, 4457
55276.53, 4456
55316.74, 4455
55330.0, 4454
55337.42, 4453
55347.27, 4452
55365.72, 4451
55375.75, 4450
55385.68, 4449
55394.82, 4448
55420.03, 4447
55439.75, 4446
55454.75, 4445
55475.04, 4444
55490.31, 4443
55500.8, 4442
55511.68, 4441
55537.29, 4440
55567.23, 4439
55576.94, 4438
55592.48, 4437
55602.26, 4436
55620.72, 4435
55638.77, 4434
55671.49, 4433
55692.02, 4432
55704.72, 4431
55713.11, 4430
55727.59, 4429
55736.4, 4428
55757.67, 4427
55763.21, 4426
55779.32, 4425
55787.83, 4424
55828.85, 4423
55837.05, 4422
55851.55, 4421
55860.2, 4420
55880.36, 4419
55895.87, 4418
55906.28, 4417
55938.16, 4416
55953.07, 4415
55967.06, 4414
55997.59, 4413
56000.97, 4412
56019.95, 4411
56033.79, 4410
56057.48, 4409
56081.41, 4408
56111.43, 4407
56119.25, 4406
56152.78, 4405
56168.92, 4404
56174.21, 4403
56189.72, 4402
56208.04, 4401
56217.52, 4400
56270.16, 4399
56283.59, 4398
56297.24, 4397
56313.28, 4396
56330.46, 4395
56346.11, 4394
56357.7, 4393
56374.08, 4392
56393.56, 4391
56396.86, 4390
56420.24, 4389
56429.34, 4388
56440.02, 4387
56453.08, 4386
56477.94, 4385
56488.18, 4384
56522.19, 4383
56532.41, 4382
56550.77, 4381
56574.21, 4380
56586.68, 4379
56596.18, 4378
56606.41, 4377
56624.3, 4376
56632.64, 4375
56709.64, 4374
56725.12, 4373
56728.84, 4372
56742.22, 4371
56758.24, 4370
56769.33, 4369
56780.67, 4368
56796.29, 4367
56806.17, 4366
56822.79, 4365
56841.14, 4364
56868.09, 4363
56881.38, 4362
56888.79, 4361
56906.49, 4360
56918.28, 4359
56946.76, 4358
56965.0, 4357
57008.51, 4356
57023.35, 4355
57057.4, 4354
57075.68, 4353
57096.8, 4352
57098.11, 4351
57107.78, 4350
57120.09, 4349
57131.78, 4348
57155.39, 4347
57166.39, 4346
57176.91, 4345
57189.31, 4344
57208.85, 4343
57223.12, 4342
57235.83, 4341
57251.61, 4340
57275.26, 4339
57301.7, 4338
57310.61, 4337
57325.25, 4336
57365.83, 4335
57378.5, 4334
57397.07, 4333
57447.05, 4332
57459.45, 4331
57474.51, 4330
57490.83, 4329
57500.36, 4328
57525.28, 4327
57570.0, 4326
57589.74, 4325
57601.05, 4324
57607.32, 4323
57630.02, 4322
57649.83, 4321
57657.09, 4320
57684.43, 4319
57692.36, 4318
57704.36, 4317
57718.56, 4316
57735.4, 4315
57748.04, 4314
57755.88, 4313
57776.05, 4312
57790.17, 4311
57832.1, 4310
57853.91, 4309
57857.1, 4308
57903.5, 4307
57908.89, 4306
57928.87, 4305
57942.79, 4304
57958.81, 4303
57974.28, 4302
57995.6, 4301
58006.17, 4300
58022.25, 4299
58052.16, 4298
58064.15, 4297
58076.74, 4296
58087.67, 4295
58099.76, 4294
58119.18, 4293
58140.7, 4292
58147.57, 4291
58163.98, 4290
58188.36, 4289
58223.4, 4288
58239.19, 4287
58257.06, 4286
58269.49, 4285
58291.33, 4284
58300.38, 4283
58313.05, 4282
58327.39, 4281
58343.0, 4280
58396.3, 4279
58411.96, 4278
58434.17, 4277
58449.01, 4276
58477.52, 4275
58488.18, 4274
58508.91, 4273
58518.75, 4272
58549.19, 4271
58561.46, 4270
58579.46, 4269
58642.97, 4268
58657.15, 4267
58672.12, 4266
58686.04, 4265
58706.45, 4264
58719.32, 4263
58738.62, 4262
58754.05, 4261
58773.66, 4260
58796.2, 4259
58804.2, 4258
58823.78, 4257
58843.93, 4256
58866.99, 4255
58875.76, 4254
58931.37, 4253
58952.69, 4252
58968.48, 4251
58988.47, 4250
59011.12, 4249
59042.02, 4248
59072.11, 4247
59089.09, 4246
59124.87, 4245
59150.25, 4244
59171.94, 4243
59174.06, 4242
59193.16, 4241
59209.4, 4240
59240.6, 4239
59253.42, 4238
59263.59, 4237
59305.43, 4236
59319.15, 4235
59327.66, 4234
59345.47, 4233
59354.64, 4232
59372.37, 4231
59402.44, 4230
59423.38, 4229
59460.81, 4228
59471.57, 4227
59480.69, 4226
59494.09, 4225
59506.3, 4224
59529.2, 4223
59585.98, 4222
59600.13, 4221
59626.49, 4220
59648.56, 4219
59705.91, 4218
59711.88, 4217
59741.22, 4216
59757.91, 4215
59768.94, 4214
59780.94, 4213
59789.57, 4212
59818.6, 4211
59846.89, 4210
59858.29, 4209
59890.93, 4208
59906.46, 4207
59931.53, 4206
59952.47, 4205
59966.24, 4204
59976.45, 4203
60034.13, 4202
60056.75, 4201
60077.39, 4200
60111.94, 4199
60122.77, 4198
60131.18, 4197
60145.26, 4196
60159.02, 4195
60184.47, 4194
60205.72, 4193
60221.93, 4192
60256.28, 4191
60270.74, 4190
60284.48, 4189
60304.88, 4188
60331.82, 4187
60350.78, 4186
