4739.31, 8619
4763.21, 8592
4776.35, 8579
4784.05, 8552
4785.14, 8539
4795.09, 8512
4809.21, 8503
4818.83, 8490
4824.73, 8463
4832.64, 8457
4845.08, 8430
4857.08, 8407
4862.87, 8406
4864.92, 8384
4872.97, 8383
4879.59, 8379
4888.66, 8378
4890.77, 8376
4892.55, 8375
4907.19, 8374
4912.57, 8371
4914.52, 8370
4917.85, 8369
4925.74, 8352
4956.18, 8351
4984.8, 8347
4989.89, 8346
4991.72, 8344
4995.7, 8343
5006.96, 8342
5012.84, 8339
5015.07, 8338
5021.26, 8337
5029.89, 8333
5037.77, 8332
5039.64, 8330
5047.32, 8329
5048.89, 8328
5058.93, 8325
5064.34, 8324
5083.95, 8323
5107.11, 8315
5112.62, 8313
5121.21, 8310
5127.64, 8308
5129.26, 8307
5148.89, 8305
5162.67, 8304
5171.97, 8302
5173.82, 8300
5205.39, 8299
5212.04, 8296
5224.58, 8294
5226.43, 8293
5228.24, 8291
5236.53, 8290
5240.29, 8288
5249.5, 8286
5254.94, 8285
5256.77, 8283
5261.82, 8282
5272.4, 8280
5277.47, 8278
5279.43, 8277
5292.56, 8275
5302.42, 8274
5304.19, 8273
5305.99, 8272
5307.82, 8271
5361.56, 8269
5370.29, 8268
5377.5, 8266
5379.37, 8264
5389.89, 8263
5398.23, 8261
5400.21, 8260
5402.0, 8259
5410.95, 8256
5422.52, 8254
5438.27, 8253
5455.48, 8251
5460.89, 8250
5471.89, 8248
5477.77, 8246
5481.23, 8245
5481.35, 8244
5504.94, 8242
5508.07, 8240
5526.76, 8239
5553.9, 8237
5558.97, 8236
5568.46, 8234
5573.52, 8232
5575.44, 8231
5577.3, 8230
5589.88, 8229
5595.42, 8228
5597.41, 8226
5606.09, 8224
5632.98, 8223
5654.02, 8221
5660.37, 8220
5662.26, 8219
5664.11, 8218
5671.62, 8217
5673.43, 8215
5696.56, 8214
5721.9, 8212
5727.45, 8210
5729.38, 8209
5739.71, 8207
5745.49, 8206
5747.38, 8205
5749.35, 8204
5761.66, 8203
5770.1, 8202
5776.16, 8200
5778.09, 8198
5788.34, 8197
5793.68, 8196
5803.53, 8194
5836.46, 8192
5850.55, 8191
5867.59, 8189
5874.94, 8188
5876.7, 8187
5878.54, 8185
5889.53, 8184
5895.06, 8183
5899.57, 8182
5941.48, 8180
5947.39, 8178
5973.92, 8177
5980.24, 8175
5982.1, 8174
5985.35, 8173
5995.35, 8172
6004.46, 8171
6010.3, 8170
6012.19, 8169
6014.01, 8168
6027.23, 8167
6036.8, 8166
6038.66, 8165
6040.45, 8164
6042.24, 8163
6057.51, 8162
6072.35, 8161
6088.71, 8160
6090.56, 8159
6092.34, 8158
6110.01, 8157
6112.34, 8156
6113.56, 8155
6125.43, 8154
6144.3, 8153
6151.97, 8152
6153.79, 8151
6194.3, 8150
6202.32, 8149
6204.51, 8148
6205.9, 8147
6221.62, 8146
6233.77, 8145
6239.57, 8143
6241.41, 8141
6243.19, 8140
6255.27, 8139
6260.71, 8137
6262.62, 8135
6275.69, 8134
6304.65, 8132
6309.69, 8131
6311.63, 8130
6320.39, 8128
6325.9, 8127
6327.87, 8126
6353.69, 8125
6359.94, 8123
6361.76, 8121
6372.16, 8120
6397.72, 8118
6411.3, 8117
6437.46, 8116
6448.8, 8115
6459.63, 8114
6482.53, 8113
6488.93, 8112
6489.77, 8111
6491.56, 8110
6503.81, 8109
6512.74, 8108
6514.58, 8107
6516.31, 8106
6540.51, 8105
6547.5, 8104
6562.99, 8103
6563.31, 8102
6577.86, 8101
6586.54, 8100
6591.45, 8099
6593.18, 8098
6614.22, 8097
6634.74, 8096
6641.16, 8095
6642.99, 8094
6644.8, 8093
6656.14, 8092
6657.92, 8091
6672.44, 8090
6675.46, 8088
6677.22, 8086
6709.28, 8085
6724.99, 8083
6730.94, 8082
6734.38, 8081
6734.62, 8080
6748.21, 8079
6753.95, 8078
6755.76, 8077
6757.54, 8076
6769.6, 8075
6775.06, 8074
6776.71, 8073
6786.08, 8072
6800.82, 8071
6819.32, 8070
6827.35, 8069
6829.25, 8068
6831.12, 8067
6852.02, 8066
6873.38, 8065
6895.64, 8064
6904.82, 8063
6906.75, 8062
6908.55, 8061
6910.31, 8060
6919.58, 8059
6924.7, 8058
6944.2, 8057
6955.37, 8056
6960.75, 8055
6962.66, 8054
6979.17, 8053
6993.14, 8052
7001.25, 8051
7010.87, 8050
7022.38, 8049
7027.43, 8048
7029.25, 8047
7046.93, 8046
7063.22, 8045
7074.19, 8044
7076.01, 8043
7077.82, 8042
7102.08, 8041
7124.12, 8040
7133.05, 8039
7134.89, 8038
7136.8, 8037
7138.46, 8036
7149.73, 8035
7157.07, 8034
7176.52, 8033
7205.22, 8032
7238.0, 8031
7243.07, 8030
7245.15, 8029
7253.35, 8028
7259.06, 8027
7260.91, 8026
7273.23, 8025
7278.86, 8024
7280.74, 8023
7290.87, 8022
7308.74, 8021
7316.13, 8020
7321.95, 8019
7327.37, 8018
7329.43, 8017
7341.19, 8016
7346.35, 8015
7348.22, 8014
7350.06, 8013
7362.75, 8012
7371.48, 8011
7377.57, 8010
7378.97, 8009
7380.85, 8008
7394.33, 8007
7396.25, 8006
7419.31, 8005
7445.82, 8004
7468.08, 8003
7479.21, 8002
7488.51, 8001
7490.14, 8000
7491.93, 7999
7506.98, 7998
7512.38, 7997
7514.25, 7996
7524.87, 7995
7537.63, 7994
7562.05, 7993
7570.45, 7992
7577.03, 7991
7601.68, 7990
7608.16, 7989
7609.95, 7988
7616.12, 7987
7631.71, 7986
7657.92, 7985
7663.46, 7984
7665.29, 7983
7679.47, 7982
7698.86, 7981
7710.36, 7980
7712.23, 7979
7714.04, 7978
7724.97, 7977
7738.54, 7976
7745.76, 7975
7749.48, 7974
7755.67, 7973
7764.81, 7972
7766.79, 7971
7768.6, 7970
7776.06, 7969
7788.78, 7968
7796.13, 7967
7798.03, 7966
7806.27, 7965
7820.09, 7964
7839.39, 7963
7844.9, 7962
7849.5, 7961
7859.94, 7960
7875.8, 7959
7883.74, 7958
7885.63, 7957
7887.34, 7956
7904.19, 7955
7906.03, 7954
7907.85, 7953
7909.68, 7952
7919.42, 7951
7921.29, 7950
7927.63, 7949
7941.76, 7948
7947.76, 7947
7949.91, 7946
7951.36, 7945
7958.8, 7944
7978.66, 7943
7998.11, 7942
8008.13, 7941
8013.35, 7940
8044.69, 7939
8056.41, 7938
8063.41, 7937
8065.26, 7936
8096.57, 7935
8108.1, 7934
8116.07, 7933
8117.76, 7932
8119.2, 7931
8120.94, 7930
8130.16, 7929
8157.58, 7928
8167.9, 7927
8168.83, 7926
8170.64, 7925
8183.4, 7924
8200.99, 7923
8220.26, 7922
8227.43, 7921
8229.22, 7920
8239.38, 7919
8247.59, 7918
8249.44, 7917
8251.25, 7916
8259.11, 7915
8264.72, 7914
8273.85, 7913
8281.38, 7912
8283.21, 7911
8285.02, 7910
8291.75, 7909
8301.52, 7908
8303.3, 7907
8324.86, 7906
8345.58, 7905
8351.37, 7904
8353.2, 7903
8360.62, 7902
8366.77, 7901
8376.15, 7900
8396.32, 7899
8565.33, 7898
8567.11, 7897
8568.89, 7896
8579.32, 7895
8585.24, 7894
8589.17, 7893
8597.77, 7892
8606.73, 7891
8608.53, 7890
8622.14, 7889
8629.5, 7888
8631.55, 7887
8633.05, 7886
8643.35, 7885
8650.73, 7884
8652.54, 7883
8669.89, 7882
8681.91, 7881
8683.71, 7880
8685.47, 7879
8701.97, 7878
8708.64, 7877
8723.62, 7876
8732.16, 7875
8733.91, 7874
8758.85, 7873
8771.35, 7872
8771.45, 7871
8771.75, 7870
8781.78, 7869
8789.46, 7868
8791.36, 7867
8793.29, 7866
8805.41, 7865
8817.14, 7864
8834.9, 7863
8852.77, 7862
8860.06, 7861
8862.33, 7860
8863.6, 7859
8865.38, 7858
8877.68, 7857
8882.93, 7856
8884.7, 7855
8886.51, 7854
8900.75, 7853
8908.25, 7852
8914.47, 7851
8916.27, 7850
8924.91, 7849
8951.69, 7848
8961.35, 7847
8963.14, 7846
8964.89, 7845
8973.57, 7844
8992.6, 7843
9005.17, 7842
9010.81, 7841
9014.73, 7840
9018.5, 7839
9022.41, 7838
9026.28, 7837
9030.48, 7836
9053.21, 7835
9072.0, 7834
9072.92, 7833
9074.93, 7832
9091.28, 7831
9109.95, 7830
9116.91, 7829
9118.79, 7828
9140.28, 7827
9170.11, 7826
9177.59, 7825
9179.37, 7824
9200.77, 7823
9205.78, 7822
9207.58, 7821
9209.37, 7820
9234.48, 7819
9242.46, 7818
9244.27, 7817
9250.66, 7816
9256.96, 7815
9271.78, 7814
9273.57, 7813
9275.33, 7812
9283.05, 7811
9290.46, 7810
9292.25, 7809
9302.86, 7808
9313.07, 7807
9314.83, 7806
9329.08, 7805
9347.19, 7804
9353.94, 7803
9355.95, 7802
9358.15, 7801
9369.84, 7800
9377.45, 7799
9381.39, 7798
9385.34, 7797
9389.06, 7796
9392.98, 7795
9417.36, 7794
9425.13, 7793
9442.64, 7792
9454.73, 7791
9463.72, 7790
9465.25, 7789
9466.97, 7788
9476.72, 7787
9487.02, 7786
9506.43, 7785
9517.03, 7784
9518.69, 7783
9520.46, 7782
9528.57, 7781
9542.26, 7780
9548.98, 7779
9550.79, 7778
9552.61, 7777
9591.14, 7776
9599.36, 7775
9601.03, 7774
9606.76, 7773
9614.82, 7772
9624.94, 7771
9626.43, 7770
9628.19, 7769
9636.97, 7768
9654.86, 7767
9666.47, 7766
9674.41, 7765
9678.37, 7764
9682.25, 7763
9723.02, 7762
9733.68, 7761
9740.38, 7760
9742.2, 7759
9744.01, 7758
9754.63, 7757
9761.01, 7756
9764.07, 7755
9764.56, 7754
9773.49, 7753
9780.05, 7752
9782.17, 7751
9796.27, 7750
9816.08, 7749
9821.89, 7748
9823.66, 7747
9863.17, 7746
9868.64, 7745
9878.62, 7744
9884.2, 7743
9888.11, 7742
9891.95, 7741
9913.4, 7740
9923.65, 7739
9934.23, 7738
9945.8, 7737
9949.04, 7736
9950.64, 7735
9965.89, 7734
9982.82, 7733
9988.66, 7732
9990.44, 7731
10001.05, 7730
10009.85, 7729
10011.63, 7728
10013.53, 7727
10015.13, 7726
10036.41, 7725
10062.34, 7724
10077.12, 7723
10082.54, 7722
10102.08, 7721
10113.61, 7720
10115.43, 7719
10149.07, 7718
10158.27, 7717
10160.05, 7716
10161.8, 7715
10169.76, 7714
10180.0, 7713
10187.11, 7712
10188.94, 7711
10191.29, 7710
10199.04, 7709
10202.72, 7708
10208.71, 7707
10218.83, 7706
10224.17, 7705
10225.87, 7704
10227.63, 7703
10259.35, 7702
10266.39, 7701
10268.16, 7700
10269.98, 7699
10280.14, 7698
10286.91, 7697
10288.74, 7696
10296.37, 7695
10303.5, 7694
10348.34, 7693
10364.78, 7692
10370.06, 7691
10386.13, 7690
10393.18, 7689
10394.98, 7688
10404.09, 7687
10411.68, 7686
10412.55, 7685
10422.81, 7684
10430.62, 7683
10432.23, 7682
10433.95, 7681
10443.39, 7680
10454.09, 7679
10467.28, 7678
10497.81, 7677
10521.77, 7676
10528.14, 7675
10530.02, 7674
10531.77, 7673
10540.65, 7672
10546.75, 7671
10548.5, 7670
10561.82, 7669
10571.42, 7668
10572.51, 7667
10574.31, 7666
10586.25, 7665
10594.68, 7664
10596.53, 7663
10599.61, 7662
10607.53, 7661
10616.49, 7660
10618.26, 7659
10628.76, 7658
10640.28, 7657
10642.06, 7656
10663.93, 7655
10677.63, 7654
10686.53, 7653
10699.99, 7652
10706.04, 7651
10710.06, 7650
10713.94, 7649
10717.94, 7648
10721.69, 7647
10732.69, 7646
10740.31, 7645
10742.1, 7644
10743.97, 7643
10746.31, 7642
10756.6, 7641
10763.33, 7640
10765.25, 7639
10773.25, 7638
10802.94, 7637
10837.35, 7636
10844.18, 7635
10845.98, 7634
10862.87, 7633
10868.2, 7632
10870.0, 7631
10879.67, 7630
10888.32, 7629
10890.1, 7628
10891.88, 7627
10900.74, 7626
10907.45, 7625
10909.17, 7624
10934.38, 7623
10952.46, 7622
10959.52, 7621
10962.62, 7620
10963.07, 7619
10991.9, 7618
11008.16, 7617
11018.51, 7616
11021.3, 7615
11021.39, 7614
11024.01, 7613
11035.77, 7612
11040.91, 7611
11051.07, 7610
11069.47, 7609
11076.67, 7608
11085.87, 7607
11098.3, 7606
11100.79, 7605
11118.26, 7604
11147.06, 7603
11154.77, 7602
11169.44, 7601
11177.56, 7600
11179.72, 7599
11188.66, 7598
11195.21, 7597
11199.41, 7596
11203.17, 7595
11216.63, 7594
11226.48, 7593
11228.25, 7592
11229.99, 7591
11231.72, 7590
11250.12, 7589
11256.17, 7588
11258.02, 7587
11283.21, 7586
11310.26, 7585
11315.93, 7584
11324.77, 7583
11337.27, 7582
11338.73, 7581
11340.77, 7580
11356.55, 7579
11367.48, 7578
11383.73, 7577
11393.35, 7576
11395.1, 7575
11396.88, 7574
11424.88, 7573
11433.54, 7572
11446.16, 7571
11454.99, 7570
11456.79, 7569
11458.61, 7568
11471.39, 7567
11480.67, 7566
11484.29, 7565
11502.95, 7564
11509.55, 7563
11511.43, 7562
11513.22, 7561
11523.99, 7560
11535.32, 7559
11539.3, 7558
11543.18, 7557
11554.39, 7556
11563.48, 7555
11567.23, 7554
11583.09, 7553
11590.74, 7552
11603.67, 7551
11616.73, 7550
11625.62, 7549
11627.48, 7548
11629.24, 7547
11649.19, 7546
11655.05, 7545
11677.63, 7544
11682.92, 7543
11687.76, 7542
11690.71, 7541
11694.77, 7540
11703.36, 7539
11723.28, 7538
11732.45, 7537
11746.65, 7536
11757.48, 7535
11766.83, 7534
11774.09, 7533
11805.31, 7532
11820.11, 7531
11832.81, 7530
11885.82, 7529
11891.12, 7528
11892.97, 7527
11906.51, 7526
11914.25, 7525
11916.08, 7524
11917.88, 7523
11926.81, 7522
11930.73, 7521
11940.03, 7520
11946.96, 7519
11953.01, 7518
11970.6, 7517
11976.64, 7516
11978.46, 7515
11991.71, 7514
11998.36, 7513
12000.14, 7512
12002.15, 7511
12011.4, 7510
12020.23, 7509
12022.06, 7508
12023.83, 7507
12035.79, 7506
12042.12, 7505
12044.33, 7504
12045.75, 7503
12055.72, 7502
12062.57, 7501
12064.48, 7500
12076.24, 7499
12107.03, 7498
12108.82, 7497
12117.17, 7496
12131.59, 7495
12137.99, 7494
12139.85, 7493
12147.46, 7492
12156.93, 7491
12157.51, 7490
12170.76, 7489
12176.27, 7488
12180.56, 7487
12205.44, 7486
12221.68, 7485
12229.37, 7484
12233.34, 7483
12238.39, 7482
12249.53, 7481
12255.42, 7480
12257.29, 7479
12259.08, 7478
12274.83, 7477
12281.8, 7476
12283.78, 7475
12285.46, 7474
12287.24, 7473
12304.54, 7472
12314.38, 7471
12327.1, 7470
12379.93, 7469
12381.81, 7468
12383.32, 7467
12395.86, 7466
12409.65, 7465
12419.34, 7464
12428.67, 7463
12430.56, 7462
12432.37, 7461
12443.76, 7460
12446.87, 7459
12448.63, 7458
12456.13, 7457
12463.7, 7456
12465.59, 7455
12475.02, 7454
12483.5, 7453
12496.14, 7452
12507.83, 7451
12558.37, 7450
12567.68, 7449
12569.44, 7448
12593.7, 7447
12607.74, 7446
12617.27, 7445
12619.12, 7444
12620.88, 7443
12622.65, 7442
12635.87, 7441
12655.53, 7440
12697.9, 7439
12705.42, 7438
12709.17, 7437
12713.11, 7436
12724.95, 7435
12735.0, 7434
12738.04, 7433
12752.64, 7432
12756.65, 7431
12767.57, 7430
12797.08, 7429
12804.1, 7428
12815.79, 7427
12824.75, 7426
12826.57, 7425
12828.4, 7424
12830.15, 7423
12852.07, 7422
12862.87, 7421
12862.97, 7420
12864.04, 7419
12871.34, 7418
12878.41, 7417
12880.26, 7416
12889.34, 7415
12898.93, 7414
12904.82, 7413
12925.06, 7412
12928.75, 7411
12930.85, 7410
12939.61, 7409
12949.3, 7408
12996.35, 7407
12999.34, 7406
13001.09, 7405
13015.97, 7404
13017.26, 7403
13019.01, 7402
13053.32, 7401
13055.14, 7400
13056.92, 7399
13075.76, 7398
13077.94, 7397
13079.84, 7396
13093.27, 7395
13121.22, 7394
13127.66, 7393
13129.45, 7392
13150.49, 7391
13174.64, 7390
13184.49, 7389
13192.25, 7388
13218.32, 7387
13221.61, 7386
13223.35, 7385
13258.59, 7384
13298.85, 7383
13306.95, 7382
13308.79, 7381
13310.58, 7380
13326.77, 7379
13340.39, 7378
13357.01, 7377
13363.78, 7376
13367.16, 7375
13367.38, 7374
13376.63, 7373
13387.1, 7372
13395.33, 7371
13397.48, 7370
13398.92, 7369
13409.16, 7368
13417.29, 7367
13418.25, 7366
13424.35, 7365
13434.43, 7364
13472.13, 7363
13480.19, 7362
13491.38, 7361
13497.11, 7360
13518.14, 7359
13537.88, 7358
13551.64, 7357
13556.73, 7356
13568.8, 7355
13592.01, 7354
13599.36, 7353
13609.73, 7352
13612.94, 7351
13613.42, 7350
13625.53, 7349
13633.76, 7348
13635.55, 7347
13637.36, 7346
13644.24, 7345
13655.64, 7344
13657.49, 7343
13659.23, 7342
13668.71, 7341
13676.1, 7340
13684.49, 7339
13722.93, 7338
13731.67, 7337
13740.62, 7336
13753.72, 7335
13753.77, 7334
13761.11, 7333
13769.74, 7332
13793.89, 7331
13815.64, 7330
13821.69, 7329
13829.0, 7328
13830.93, 7327
13844.73, 7326
13859.67, 7325
13867.05, 7324
13868.94, 7323
13875.85, 7322
13883.79, 7321
13885.63, 7320
13905.45, 7319
13913.39, 7318
14048.4, 7317
14049.69, 7316
14051.44, 7315
14053.19, 7314
14066.0, 7313
14071.9, 7312
14101.73, 7311
14101.83, 7310
14101.85, 7309
14110.17, 7308
14112.31, 7307
14114.12, 7306
14127.02, 7305
14135.89, 7304
14139.84, 7303
14143.7, 7302
14147.72, 7301
14151.62, 7300
14155.47, 7299
14170.14, 7298
14187.99, 7297
14189.84, 7296
14191.66, 7295
14221.29, 7294
14240.44, 7293
14250.43, 7292
14274.75, 7291
14282.62, 7290
14289.77, 7289
14292.6, 7288
14303.55, 7287
14309.26, 7286
14311.11, 7285
14323.74, 7284
14329.62, 7283
14333.73, 7282
14359.78, 7281
14391.76, 7280
14401.06, 7279
14402.89, 7278
14410.75, 7277
14425.52, 7276
14433.74, 7275
14435.56, 7274
14437.28, 7273
14445.05, 7272
14469.97, 7271
14508.19, 7270
14523.98, 7269
14529.95, 7268
14533.5, 7267
14541.03, 7266
14554.62, 7265
14556.45, 7264
14558.26, 7263
14575.77, 7262
14589.36, 7261
14591.2, 7260
14594.4, 7259
14603.78, 7258
14609.09, 7257
14610.71, 7256
14632.98, 7255
14700.04, 7254
14705.85, 7253
14707.69, 7252
14718.92, 7251
14725.49, 7250
14727.73, 7249
14751.89, 7248
14753.69, 7247
14761.36, 7246
14774.99, 7245
14798.09, 7244
14842.75, 7243
14852.19, 7242
14857.89, 7241
14859.34, 7240
14870.49, 7239
14875.86, 7238
14877.68, 7237
14887.9, 7236
14892.92, 7235
14894.78, 7234
14958.9, 7233
14968.09, 7232
14969.91, 7231
14971.73, 7230
14987.97, 7229
15021.01, 7228
15027.31, 7227
15029.17, 7226
15032.64, 7225
15040.82, 7224
15046.16, 7223
15048.06, 7222
15061.91, 7221
15071.8, 7220
15085.65, 7219
15102.21, 7218
15107.8, 7217
15109.58, 7216
15122.87, 7215
15135.72, 7214
15138.78, 7213
15139.35, 7212
15191.66, 7211
15197.49, 7210
15200.28, 7209
15201.1, 7208
15213.1, 7207
15224.0, 7206
15227.87, 7205
15236.59, 7204
15243.42, 7203
15268.53, 7202
15271.15, 7201
15272.26, 7200
15293.07, 7199
15321.03, 7198
15326.08, 7197
15327.92, 7196
15355.0, 7195
15372.99, 7194
15379.69, 7193
15381.5, 7192
15404.96, 7191
15419.09, 7190
15425.9, 7189
15427.73, 7188
15442.26, 7187
15455.46, 7186
15457.25, 7185
15490.32, 7184
15500.29, 7183
15506.25, 7182
15508.1, 7181
15556.13, 7180
15557.97, 7179
15578.1, 7178
15602.04, 7177
15607.54, 7176
15611.71, 7175
15615.51, 7174
15627.34, 7173
15637.71, 7172
15639.4, 7171
15641.12, 7170
15652.94, 7169
15659.49, 7168
15661.42, 7167
15686.74, 7166
15718.72, 7165
15736.36, 7164
15741.85, 7163
15743.65, 7162
15752.74, 7161
15757.37, 7160
15770.04, 7159
15772.27, 7158
15775.19, 7157
15812.06, 7156
15849.08, 7155
15854.17, 7154
15855.95, 7153
15862.36, 7152
15882.27, 7151
15918.75, 7150
15928.03, 7149
15937.57, 7148
15939.3, 7147
15953.69, 7146
15971.15, 7145
15989.02, 7144
15994.03, 7143
15995.89, 7142
16055.09, 7141
16058.69, 7140
16061.1, 7139
16079.35, 7138
16092.35, 7137
16098.91, 7136
16101.59, 7135
16118.88, 7134
16125.99, 7133
16133.32, 7132
16137.43, 7131
16149.86, 7130
16161.2, 7129
16187.66, 7128
16187.71, 7127
16206.43, 7126
16215.77, 7125
16220.65, 7124
16238.68, 7123
16244.08, 7122
16252.4, 7121
16258.76, 7120
16260.57, 7119
16274.22, 7118
16278.23, 7117
16283.04, 7116
16286.04, 7115
16325.82, 7114
16328.58, 7113
16349.39, 7112
16351.44, 7111
16370.57, 7110
16380.31, 7109
16382.08, 7108
16396.3, 7107
16452.35, 7106
16477.52, 7105
16490.78, 7104
16496.51, 7103
16501.33, 7102
16511.31, 7101
16517.99, 7100
16523.45, 7099
16532.03, 7098
16532.13, 7097
16587.75, 7096
16610.97, 7095
16632.48, 7094
16654.67, 7093
16679.85, 7092
16687.72, 7091
16689.52, 7090
16695.56, 7089
16709.21, 7088
16722.6, 7087
16728.98, 7086
16730.85, 7085
16748.98, 7084
16754.8, 7083
16756.59, 7082
16769.79, 7081
16775.25, 7080
16777.23, 7079
16791.87, 7078
16801.25, 7077
16803.5, 7076
16813.56, 7075
16817.61, 7074
16844.46, 7073
16856.08, 7072
16857.89, 7071
16859.64, 7070
16899.21, 7069
16928.1, 7068
16938.78, 7067
16956.24, 7066
16962.15, 7065
16969.54, 7064
16976.34, 7063
16986.53, 7062
16990.48, 7061
16994.57, 7060
16998.46, 7059
17007.4, 7058
17028.89, 7057
17037.64, 7056
17090.17, 7055
17095.57, 7054
17099.6, 7053
17106.76, 7052
17111.96, 7051
17167.69, 7050
17189.05, 7049
17195.63, 7048
17197.96, 7047
17208.4, 7046
17224.8, 7045
17228.5, 7044
17233.67, 7043
17236.42, 7042
17240.56, 7041
17257.05, 7040
17272.4, 7039
17275.69, 7038
17287.66, 7037
17301.86, 7036
17303.63, 7035
17367.51, 7034
17373.07, 7033
17374.99, 7032
17390.46, 7031
17399.87, 7030
17401.65, 7029
17411.61, 7028
17419.62, 7027
17421.42, 7026
17431.31, 7025
17465.11, 7024
17470.19, 7023
17472.0, 7022
17479.1, 7021
17486.39, 7020
17488.2, 7019
17518.56, 7018
17527.45, 7017
17529.28, 7016
17531.1, 7015
17557.6, 7014
17568.23, 7013
17570.02, 7012
17571.85, 7011
17595.3, 7010
17622.45, 7009
17634.02, 7008
17635.64, 7007
17637.34, 7006
17639.11, 7005
17656.88, 7004
17669.54, 7003
17687.69, 7002
17696.68, 7001
17744.35, 7000
17752.31, 6999
17760.1, 6998
17761.91, 6997
17776.13, 6996
17782.66, 6995
17794.24, 6994
17795.91, 6993
17807.54, 6992
17815.12, 6991
17816.91, 6990
17837.97, 6989
17857.96, 6988
17869.43, 6987
17878.96, 6986
17889.24, 6985
17891.02, 6984
17902.02, 6983
17909.01, 6982
17926.49, 6981
17937.97, 6980
17939.16, 6979
17945.57, 6978
17970.36, 6977
17992.58, 6976
17999.59, 6975
18001.45, 6974
18041.26, 6973
18057.27, 6972
18061.89, 6971
18069.08, 6970
18075.38, 6969
18077.23, 6968
18123.87, 6967
18133.89, 6966
18135.68, 6965
18137.57, 6964
18146.67, 6963
18191.96, 6962
18198.1, 6961
18199.92, 6960
18201.67, 6959
18212.12, 6958
18220.08, 6957
18242.15, 6956
18252.76, 6955
18254.59, 6954
18256.32, 6953
18283.05, 6952
18288.35, 6951
18290.17, 6950
18323.21, 6949
18356.35, 6948
18366.64, 6947
18368.48, 6946
18380.28, 6945
18386.14, 6944
18387.97, 6943
18397.14, 6942
18408.25, 6941
18419.0, 6940
18432.3, 6939
18437.33, 6938
18439.14, 6937
18479.7, 6936
18487.86, 6935
18489.69, 6934
18505.39, 6933
18537.08, 6932
18543.6, 6931
18545.4, 6930
18602.03, 6929
18608.09, 6928
18609.9, 6927
18621.87, 6926
18630.48, 6925
18634.82, 6924
18643.16, 6923
18650.29, 6922
18652.08, 6921
18662.44, 6920
18669.59, 6919
18671.06, 6918
18683.44, 6917
18689.15, 6916
18690.95, 6915
18755.83, 6914
18764.14, 6913
18764.29, 6912
18775.75, 6911
18782.43, 6910
18784.22, 6909
18794.56, 6908
18806.04, 6907
18817.14, 6906
18824.61, 6905
18846.3, 6904
18867.74, 6903
18901.65, 6902
18909.53, 6901
18911.32, 6900
18913.1, 6899
18925.6, 6898
18933.87, 6897
18941.07, 6896
18947.05, 6895
18959.37, 6894
18969.73, 6893
18975.18, 6892
18976.99, 6891
19001.78, 6890
19008.5, 6889
19029.05, 6888
19088.59, 6887
19099.2, 6886
19105.38, 6885
19118.06, 6884
19125.8, 6883
19137.93, 6882
19144.66, 6881
19152.24, 6880
19154.08, 6879
19155.85, 6878
19168.91, 6877
19175.44, 6876
19178.32, 6875
19188.65, 6874
19196.34, 6873
19211.35, 6872
19223.51, 6871
19229.01, 6870
19230.82, 6869
19240.66, 6868
19246.29, 6867
19264.18, 6866
19269.79, 6865
19271.6, 6864
19284.28, 6863
19292.87, 6862
19308.31, 6861
19317.16, 6860
19318.95, 6859
19320.73, 6858
19335.53, 6857
19347.55, 6856
19355.68, 6855
19357.44, 6854
19381.46, 6853
19406.68, 6852
19423.68, 6851
19428.99, 6850
19444.65, 6849
19459.26, 6848
19464.38, 6847
19466.48, 6846
19480.56, 6845
19488.23, 6844
19493.29, 6843
19503.24, 6842
19521.68, 6841
19527.58, 6840
19532.11, 6839
19535.23, 6838
19539.1, 6837
19547.99, 6836
19554.5, 6835
19583.63, 6834
19593.23, 6833
19601.81, 6832
19603.63, 6831
19610.14, 6830
19618.56, 6829
19620.32, 6828
19648.77, 6827
19659.35, 6826
19664.63, 6825
19697.79, 6824
19704.98, 6823
19706.82, 6822
19724.47, 6821
19734.29, 6820
19736.11, 6819
19741.84, 6818
19750.9, 6817
19756.58, 6816
19760.48, 6815
19764.39, 6814
19772.22, 6813
19780.34, 6812
19782.15, 6811
19797.81, 6810
19803.18, 6809
19807.85, 6808
19819.65, 6807
19833.1, 6806
19841.78, 6805
19845.33, 6804
19854.73, 6803
19883.55, 6802
19894.39, 6801
19896.23, 6800
19898.01, 6799
19917.64, 6798
19943.91, 6797
19959.51, 6796
19965.91, 6795
19972.76, 6794
19981.77, 6793
19993.41, 6792
19998.65, 6791
20000.59, 6790
20012.04, 6789
20014.45, 6788
20026.25, 6787
20036.08, 6786
20044.06, 6785
20057.84, 6784
20059.34, 6783
20068.3, 6782
20084.33, 6781
20086.88, 6780
20088.66, 6779
20097.34, 6778
20100.02, 6777
20109.91, 6776
20118.13, 6775
20188.46, 6774
20198.44, 6773
20200.09, 6772
20201.83, 6771
20224.16, 6770
20239.85, 6769
20290.57, 6768
20298.78, 6767
20300.62, 6766
20302.35, 6765
20313.08, 6764
20321.73, 6763
20325.63, 6762
20365.76, 6761
20374.61, 6760
20382.03, 6759
20383.84, 6758
20394.9, 6757
20404.35, 6756
20410.52, 6755
20413.19, 6754
20425.62, 6753
20431.57, 6752
20439.77, 6751
20461.73, 6750
20470.51, 6749
20477.84, 6748
20479.67, 6747
20493.86, 6746
20505.29, 6745
20515.01, 6744
20516.78, 6743
20530.41, 6742
20545.96, 6741
20554.66, 6740
20556.43, 6739
20610.11, 6738
20619.22, 6737
20713.43, 6736
20715.34, 6735
20716.77, 6734
20729.09, 6733
20743.37, 6732
20753.11, 6731
20754.82, 6730
20769.22, 6729
20776.4, 6728
20778.49, 6727
20788.57, 6726
20797.73, 6725
20815.24, 6724
20831.61, 6723
20837.54, 6722
20852.66, 6721
20867.93, 6720
20874.56, 6719
20876.38, 6718
20890.14, 6717
20899.23, 6716
20900.99, 6715
20902.74, 6714
20913.03, 6713
20921.69, 6712
20925.67, 6711
20936.55, 6710
20943.44, 6709
20953.35, 6708
20981.93, 6707
20992.26, 6706
21002.36, 6705
21004.36, 6704
21005.96, 6703
21021.94, 6702
21045.8, 6701
21062.97, 6700
21075.39, 6699
21082.54, 6698
21086.46, 6697
21098.43, 6696
21103.9, 6695
21105.67, 6694
21125.44, 6693
21134.47, 6692
21136.26, 6691
21138.5, 6690
21147.63, 6689
21154.4, 6688
21165.26, 6687
21170.4, 6686
21183.44, 6685
21190.11, 6684
21202.62, 6683
21212.24, 6682
21223.62, 6681
21247.91, 6680
21253.92, 6679
21255.57, 6678
21268.68, 6677
21290.22, 6676
21302.77, 6675
21305.01, 6674
21306.32, 6673
21314.7, 6672
21326.42, 6671
21336.82, 6670
21342.66, 6669
21345.57, 6668
21360.64, 6667
21399.95, 6666
21406.82, 6665
21408.71, 6664
21423.34, 6663
21428.67, 6662
21436.02, 6661
21442.73, 6660
21446.86, 6659
21456.14, 6658
21462.72, 6657
21491.3, 6656
21517.24, 6655
21523.93, 6654
21528.92, 6653
21539.32, 6652
21553.02, 6651
21554.8, 6650
21556.73, 6649
21567.29, 6648
21605.53, 6647
21609.02, 6646
21619.78, 6645
21625.27, 6644
21629.04, 6643
21642.98, 6642
21651.48, 6641
21657.98, 6640
21659.78, 6639
21668.71, 6638
21723.09, 6637
21730.37, 6636
21734.28, 6635
21753.3, 6634
21780.42, 6633
21789.24, 6632
21791.04, 6631
21798.62, 6630
21806.73, 6629
21814.19, 6628
21840.43, 6627
21852.58, 6626
21858.86, 6625
21860.62, 6624
21875.41, 6623
21880.37, 6622
21910.12, 6621
21916.72, 6620
21930.39, 6619
21940.22, 6618
21941.98, 6617
21943.84, 6616
21957.58, 6615
21965.2, 6614
21966.8, 6613
21976.17, 6612
21982.67, 6611
21988.75, 6610
22024.11, 6609
22036.25, 6608
22041.09, 6607
22044.67, 6606
22053.0, 6605
22056.63, 6604
22063.11, 6603
22077.45, 6602
22085.88, 6601
22092.13, 6600
22101.55, 6599
22106.94, 6598
22116.42, 6597
22123.86, 6596
22132.57, 6595
22137.56, 6594
22143.9, 6593
22152.51, 6592
22158.8, 6591
22167.0, 6590
22171.81, 6589
22183.12, 6588
22189.54, 6587
22199.73, 6586
22203.29, 6585
22213.95, 6584
22218.36, 6583
22224.51, 6582
22231.81, 6581
22238.21, 6580
22246.71, 6579
22253.55, 6578
22263.45, 6577
22267.67, 6576
22274.51, 6575
22281.97, 6574
22288.09, 6573
22297.27, 6572
22312.53, 6571
22323.52, 6570
22331.9, 6569
22337.46, 6568
22347.4, 6567
22352.39, 6566
22360.11, 6565
22365.18, 6564
22371.56, 6563
22379.43, 6562
22384.99, 6561
22394.75, 6560
22401.31, 6559
22410.75, 6558
22414.67, 6557
22421.44, 6556
22431.32, 6555
22435.63, 6554
22451.61, 6553
22458.74, 6552
22464.77, 6551
22471.52, 6550
22480.12, 6549
22486.86, 6548
22495.31, 6547
22500.52, 6546
22507.25, 6545
22515.67, 6544
22520.8, 6543
22531.43, 6542
22541.89, 6541
22548.81, 6540
22557.77, 6539
22565.39, 6538
22571.58, 6537
22581.44, 6536
22584.98, 6535
22591.92, 6534
22598.72, 6533
22605.72, 6532
22619.76, 6531
22626.73, 6530
22633.53, 6529
22643.39, 6528
22650.38, 6527
22659.33, 6526
22664.4, 6525
22675.18, 6524
22677.88, 6523
22684.97, 6522
22692.87, 6521
22698.92, 6520
22712.57, 6519
22722.71, 6518
22733.48, 6517
22742.18, 6516
22748.67, 6515
22755.97, 6514
22763.77, 6513
22773.4, 6512
22777.01, 6511
22784.63, 6510
22790.98, 6509
22797.56, 6508
22811.28, 6507
22818.21, 6506
22825.06, 6505
22831.76, 6504
22840.83, 6503
22847.73, 6502
22855.44, 6501
22861.5, 6500
22868.24, 6499
22875.29, 6498
22883.12, 6497
22890.95, 6496
22897.92, 6495
22912.55, 6494
22922.9, 6493
22928.16, 6492
22938.05, 6491
22943.44, 6490
22950.34, 6489
22956.45, 6488
22963.67, 6487
22970.33, 6486
22978.43, 6485
23019.97, 6484
23024.4, 6483
23035.07, 6482
23036.41, 6481
23042.92, 6480
23050.01, 6479
23058.23, 6478
23063.44, 6477
23070.39, 6476
23077.53, 6475
23084.55, 6474
23091.68, 6473
23107.82, 6472
23113.94, 6471
23129.54, 6470
23135.48, 6469
23146.72, 6468
23151.58, 6467
23158.97, 6466
23166.05, 6465
23172.85, 6464
23181.64, 6463
23189.16, 6462
23196.47, 6461
23209.79, 6460
23216.98, 6459
23223.8, 6458
23230.88, 6457
23239.43, 6456
23247.1, 6455
23255.03, 6454
23259.93, 6453
23266.88, 6452
23273.66, 6451
23280.9, 6450
23287.54, 6449
23306.02, 6448
23314.0, 6447
23319.34, 6446
23326.69, 6445
23334.89, 6444
23341.59, 6443
23357.11, 6442
23364.11, 6441
23378.47, 6440
23388.46, 6439
23393.48, 6438
23407.95, 6437
23412.35, 6436
23419.4, 6435
23426.4, 6434
23435.2, 6433
23442.35, 6432
23449.03, 6431
23464.27, 6430
23478.56, 6429
23484.97, 6428
23490.7, 6427
23500.13, 6426
23513.67, 6425
23522.19, 6424
23527.08, 6423
23533.86, 6422
23542.97, 6421
23548.67, 6420
23556.44, 6419
23565.65, 6418
23582.14, 6417
23589.58, 6416
23597.2, 6415
23611.06, 6414
23617.3, 6413
23626.1, 6412
23631.88, 6411
23639.11, 6410
23646.92, 6409
23652.77, 6408
23666.65, 6407
23678.99, 6406
23686.03, 6405
23694.64, 6404
23702.46, 6403
23713.7, 6402
23721.82, 6401
23728.96, 6400
23736.43, 6399
23745.36, 6398
23752.9, 6397
23758.89, 6396
23779.33, 6395
23797.27, 6394
23804.39, 6393
23812.66, 6392
23818.35, 6391
23824.26, 6390
23833.15, 6389
23839.73, 6388
23847.44, 6387
23854.37, 6386
23871.7, 6385
23881.0, 6384
23890.45, 6383
23897.04, 6382
23905.32, 6381
23915.46, 6380
23926.54, 6379
23938.05, 6378
23959.18, 6377
23970.71, 6376
23977.71, 6375
23980.45, 6374
23987.7, 6373
23997.27, 6372
24002.15, 6371
24011.85, 6370
24019.59, 6369
24024.74, 6368
24039.74, 6367
24046.97, 6366
24063.48, 6365
24067.87, 6364
24072.55, 6363
24079.12, 6362
24087.22, 6361
24094.45, 6360
24102.39, 6359
24109.21, 6358
24121.42, 6357
24128.34, 6356
24158.58, 6355
24167.21, 6354
24178.84, 6353
24189.76, 6352
24199.29, 6351
24207.34, 6350
24216.17, 6349
24221.22, 6348
24230.73, 6347
24263.79, 6346
24270.88, 6345
24285.38, 6344
24294.65, 6343
24304.98, 6342
24322.58, 6341
24336.81, 6340
24357.54, 6339
24365.07, 6338
24378.87, 6337
24386.51, 6336
24392.45, 6335
24399.37, 6334
24418.68, 6333
24427.66, 6332
24434.82, 6331
24445.18, 6330
24471.2, 6329
24478.76, 6328
24495.43, 6327
24498.74, 6326
24519.28, 6325
24527.47, 6324
24532.75, 6323
24539.25, 6322
24555.24, 6321
24569.6, 6320
24586.26, 6319
24600.54, 6318
24628.6, 6317
24649.78, 6316
24658.68, 6315
24664.89, 6314
24671.25, 6313
24678.71, 6312
24686.64, 6311
24692.4, 6310
24712.14, 6309
24732.03, 6308
24739.11, 6307
24746.68, 6306
24753.38, 6305
24771.71, 6304
24795.47, 6303
24803.53, 6302
24812.74, 6301
24817.83, 6300
24825.34, 6299
24864.9, 6298
24886.68, 6297
24903.58, 6296
24932.42, 6295
24945.28, 6294
24955.67, 6293
24970.88, 6292
24978.28, 6291
25010.36, 6290
25020.2, 6289
25039.23, 6288
25047.55, 6287
25063.91, 6286
25071.65, 6285
25080.06, 6284
25086.6, 6283
25098.32, 6282
25101.46, 6281
25134.68, 6280
25168.51, 6279
25182.76, 6278
25192.29, 6277
25206.63, 6276
25218.14, 6275
25228.62, 6274
25236.67, 6273
25272.37, 6272
25278.73, 6271
25294.75, 6270
25302.68, 6269
25315.74, 6268
25327.9, 6267
25331.56, 6266
25342.38, 6265
25361.08, 6264
25377.07, 6263
25385.57, 6262
25401.71, 6261
25421.55, 6260
25428.71, 6259
25453.83, 6258
25461.68, 6257
25469.93, 6256
25478.73, 6255
25492.39, 6254
25534.76, 6253
25545.18, 6252
25561.77, 6251
25606.97, 6250
25626.26, 6249
25637.75, 6248
25660.9, 6247
25672.06, 6246
25682.53, 6245
25702.2, 6244
25722.58, 6243
25731.13, 6242
25735.38, 6241
25742.59, 6240
25750.46, 6239
25757.9, 6238
25807.66, 6237
25825.74, 6236
25851.78, 6235
25857.08, 6234
25864.15, 6233
25872.02, 6232
25879.53, 6231
25884.92, 6230
25892.54, 6229
25898.85, 6228
25935.54, 6227
25955.16, 6226
25975.8, 6225
25986.99, 6224
25994.9, 6223
26001.04, 6222
26023.64, 6221
26036.6, 6220
26053.43, 6219
26071.98, 6218
26081.31, 6217
26113.83, 6216
26122.41, 6215
26128.96, 6214
26149.22, 6213
26161.3, 6212
26165.89, 6211
26181.76, 6210
26189.15, 6209
26198.03, 6208
26222.5, 6207
26275.59, 6206
26285.88, 6205
26292.42, 6204
26300.47, 6203
26309.96, 6202
26316.51, 6201
26323.71, 6200
26337.43, 6199
26347.47, 6198
26353.35, 6197
26367.6, 6196
26375.2, 6195
26381.85, 6194
26388.51, 6193
26428.55, 6192
26436.09, 6191
26444.74, 6190
26463.74, 6189
26476.85, 6188
26486.59, 6187
26494.84, 6186
26511.8, 6185
26519.05, 6184
26539.38, 6183
26553.44, 6182
26559.14, 6181
26575.38, 6180
26581.5, 6179
26589.72, 6178
26605.32, 6177
26662.37, 6176
26669.32, 6175
26689.84, 6174
26697.89, 6173
26709.07, 6172
26748.91, 6171
26761.06, 6170
26771.43, 6169
26795.59, 6168
26802.75, 6167
26813.31, 6166
26824.86, 6165
26854.43, 6164
26864.6, 6163
26873.15, 6162
26887.28, 6161
26903.16, 6160
26925.05, 6159
26938.68, 6158
26950.02, 6157
26961.12, 6156
27071.6, 6155
27073.42, 6154
27078.71, 6153
27080.56, 6152
27087.87, 6151
27096.62, 6150
27112.33, 6149
27119.26, 6148
27127.88, 6147
27134.84, 6146
27153.92, 6145
27172.21, 6144
27182.36, 6143
27188.83, 6142
27216.92, 6141
27230.9, 6140
27248.08, 6139
27272.28, 6138
27289.09, 6137
27316.78, 6136
27328.7, 6135
27340.56, 6134
27356.57, 6133
27364.51, 6132
27374.81, 6131
27395.53, 6130
27405.88, 6129
27414.43, 6128
27426.65, 6127
27438.38, 6126
27455.53, 6125
27472.11, 6124
27481.25, 6123
27491.3, 6122
27496.99, 6121
27522.43, 6120
27535.33, 6119
27555.02, 6118
27561.31, 6117
27586.36, 6116
27595.56, 6115
27608.47, 6114
27631.2, 6113
27638.87, 6112
27672.42, 6111
27695.88, 6110
27705.76, 6109
27714.69, 6108
27744.18, 6107
27768.65, 6106
27778.96, 6105
27814.51, 6104
27825.92, 6103
27840.73, 6102
27867.48, 6101
27878.06, 6100
27893.18, 6099
27908.22, 6098
27927.23, 6097
27931.55, 6096
27941.64, 6095
27970.63, 6094
27981.67, 6093
27986.75, 6092
28028.54, 6091
28036.32, 6090
28050.62, 6089
28060.91, 6088
28065.2, 6087
28078.3, 6086
28126.26, 6085
28142.99, 6084
28155.92, 6083
28167.96, 6082
28181.12, 6081
28211.18, 6080
28227.65, 6079
28236.49, 6078
28271.61, 6077
28286.54, 6076
28325.35, 6075
28339.13, 6074
28396.64, 6073
28405.31, 6072
28407.44, 6071
28436.23, 6070
28457.98, 6069
28470.28, 6068
28480.49, 6067
28485.35, 6066
28492.35, 6065
28499.15, 6064
28568.25, 6063
28573.21, 6062
28584.07, 6061
28613.56, 6060
28646.64, 6059
28659.18, 6058
28678.96, 6057
28691.45, 6056
28730.5, 6055
28734.39, 6054
28783.98, 6053
28789.83, 6052
28800.5, 6051
28825.99, 6050
28832.92, 6049
28833.96, 6048
28855.38, 6047
28869.08, 6046
28870.97, 6045
28876.96, 6044
28907.42, 6043
28912.69, 6042
28925.39, 6041
28927.32, 6040
28933.58, 6039
28947.68, 6038
28958.98, 6037
28995.32, 6036
29005.76, 6035
29009.67, 6034
29017.9, 6033
29029.96, 6032
29099.57, 6031
29105.76, 6030
29132.44, 6029
29134.02, 6028
29185.56, 6027
29188.85, 6026
29198.41, 6025
29225.46, 6024
29237.94, 6023
29260.24, 6022
29268.68, 6021
29304.56, 6020
29306.31, 6019
29370.49, 6018
29374.21, 6017
29393.77, 6016
29402.17, 6015
29408.14, 6014
29412.38, 6013
29431.36, 6012
29444.65, 6011
29456.2, 6010
29462.94, 6009
29474.35, 6008
29485.94, 6007
29503.39, 6006
29509.42, 6005
29518.64, 6004
29529.93, 6003
29529.96, 6002
29553.42, 6001
29555.12, 6000
29565.89, 5999
29584.89, 5998
29595.78, 5997
29602.93, 5996
29609.65, 5995
29617.03, 5994
29625.09, 5993
29635.8, 5992
29639.22, 5991
29664.6, 5990
29671.54, 5989
29681.5, 5988
29683.33, 5987
29701.53, 5986
29710.74, 5985
29712.49, 5984
29723.22, 5983
29728.63, 5982
29814.32, 5981
29816.15, 5980
29817.91, 5979
29828.26, 5978
29851.96, 5977
29883.13, 5976
29884.49, 5975
29918.36, 5974
29938.44, 5973
29954.76, 5972
29961.88, 5971
29964.72, 5970
29977.51, 5969
29987.9, 5968
29992.22, 5967
30000.74, 5966
30009.28, 5965
30141.95, 5964
30149.72, 5963
30160.27, 5962
30169.21, 5961
30190.99, 5960
30192.49, 5959
30207.56, 5958
30213.48, 5957
30219.27, 5956
30234.25, 5955
30235.19, 5954
30243.3, 5953
30253.86, 5952
30259.47, 5951
30266.49, 5950
30294.25, 5949
30296.03, 5948
30299.23, 5947
30311.87, 5946
30318.43, 5945
30330.99, 5944
30333.12, 5943
30345.89, 5942
30347.63, 5941
30356.51, 5940
30370.78, 5939
30372.56, 5938
30379.83, 5937
30400.92, 5936
30486.42, 5935
30540.95, 5934
30547.63, 5933
30564.66, 5932
30575.34, 5931
30580.57, 5930
30589.32, 5929
30595.87, 5928
30602.63, 5927
30615.85, 5926
30626.79, 5925
30628.95, 5924
30643.18, 5923
30652.02, 5922
30668.84, 5921
30678.31, 5920
30680.11, 5919
30688.59, 5918
30702.64, 5917
30707.18, 5916
30712.77, 5915
30796.73, 5914
30813.63, 5913
30822.27, 5912
30832.45, 5911
30837.98, 5910
30846.76, 5909
30866.33, 5908
30880.91, 5907
30891.67, 5906
30905.53, 5905
30910.88, 5904
30920.63, 5903
30938.51, 5902
30940.21, 5901
30949.39, 5900
30954.99, 5899
30964.77, 5898
31029.43, 5897
31031.22, 5896
31055.03, 5895
31061.92, 5894
31080.12, 5893
31106.95, 5892
31116.83, 5891
31118.58, 5890
31146.69, 5889
31155.08, 5888
31161.77, 5887
31170.45, 5886
31183.26, 5885
31184.27, 5884
31194.1, 5883
31204.72, 5882
31206.5, 5881
31254.78, 5880
31258.76, 5879
31274.35, 5878
31285.62, 5877
31293.03, 5876
31342.4, 5875
31348.45, 5874
31360.06, 5873
31362.78, 5872
31404.54, 5871
31406.34, 5870
31413.18, 5869
31424.6, 5868
31432.02, 5867
31440.11, 5866
31472.13, 5865
31472.8, 5864
31528.18, 5863
31535.59, 5862
31545.5, 5861
31554.57, 5860
31567.47, 5859
31574.04, 5858
31585.56, 5857
31596.76, 5856
31598.49, 5855
31608.52, 5854
31622.44, 5853
31634.27, 5852
31666.05, 5851
31674.32, 5850
31682.92, 5849
31690.47, 5848
31698.56, 5847
31703.2, 5846
31708.9, 5845
31747.45, 5844
31752.43, 5843
31755.02, 5842
31819.72, 5841
31831.77, 5840
31838.8, 5839
31855.04, 5838
31900.58, 5837
31906.22, 5836
31912.72, 5835
31922.05, 5834
31938.24, 5833
31950.03, 5832
31957.39, 5831
31965.48, 5830
31982.49, 5829
31992.9, 5828
32009.93, 5827
32048.36, 5826
32059.85, 5825
32108.15, 5824
32120.0, 5823
32126.71, 5822
32137.1, 5821
32149.45, 5820
32156.53, 5819
32165.89, 5818
32172.39, 5817
32181.68, 5816
32250.11, 5815
32268.51, 5814
32281.7, 5813
32290.48, 5812
32305.74, 5811
32318.77, 5810
32358.35, 5809
32376.71, 5808
32399.13, 5807
32415.38, 5806
32425.25, 5805
32433.68, 5804
32453.44, 5803
32462.96, 5802
32499.12, 5801
32513.2, 5800
32535.48, 5799
32543.93, 5798
32547.79, 5797
32555.64, 5796
32566.26, 5795
32579.23, 5794
32642.38, 5793
32650.12, 5792
32661.29, 5791
32663.98, 5790
32675.62, 5789
32683.59, 5788
32699.08, 5787
32746.42, 5786
32758.79, 5785
32768.47, 5784
32777.97, 5783
32788.46, 5782
32796.72, 5781
32815.35, 5780
32816.93, 5779
32899.85, 5778
32906.2, 5777
32911.42, 5776
32927.78, 5775
32930.33, 5774
32941.32, 5773
32955.73, 5772
32975.86, 5771
32983.61, 5770
33014.02, 5769
33014.3, 5768
33015.93, 5767
33031.05, 5766
33036.43, 5765
33040.39, 5764
33073.47, 5763
33084.61, 5762
33099.69, 5761
33103.47, 5760
33107.96, 5759
33121.4, 5758
33140.73, 5757
33196.83, 5756
33205.22, 5755
33237.52, 5754
33239.3, 5753
33252.22, 5752
33290.77, 5751
33322.5, 5750
33341.35, 5749
33345.16, 5748
33352.92, 5747
33360.27, 5746
33397.53, 5745
33407.58, 5744
33416.02, 5743
33423.53, 5742
33431.08, 5741
33477.99, 5740
33516.34, 5739
33528.71, 5738
33538.97, 5737
33551.52, 5736
33571.36, 5735
33578.87, 5734
33593.49, 5733
33614.89, 5732
33627.82, 5731
33645.72, 5730
33655.92, 5729
33693.9, 5728
33711.32, 5727
33720.09, 5726
33726.6, 5725
33735.28, 5724
33744.25, 5723
33776.13, 5722
33807.03, 5721
33819.5, 5720
33838.75, 5719
33854.23, 5718
33872.19, 5717
33882.71, 5716
33894.63, 5715
33922.04, 5714
33932.56, 5713
33947.66, 5712
34010.87, 5711
34041.72, 5710
34050.49, 5709
34064.21, 5708
34073.41, 5707
34078.44, 5706
34089.86, 5705
34097.42, 5704
34105.61, 5703
34114.08, 5702
34123.3, 5701
34139.16, 5700
34178.94, 5699
34206.6, 5698
34235.89, 5697
34247.24, 5696
34264.81, 5695
34289.71, 5694
34306.16, 5693
34314.6, 5692
34326.74, 5691
34338.73, 5690
34358.07, 5689
34406.88, 5688
34423.96, 5687
34431.73, 5686
34465.33, 5685
34474.59, 5684
34484.36, 5683
34497.95, 5682
34511.77, 5681
34521.63, 5680
34535.17, 5679
34547.3, 5678
34569.13, 5677
34577.56, 5676
34591.03, 5675
34612.29, 5674
34634.45, 5673
34642.69, 5672
34651.1, 5671
34658.72, 5670
34668.76, 5669
34676.75, 5668
34711.44, 5667
34735.44, 5666
34781.45, 5665
34793.7, 5664
34806.37, 5663
34814.7, 5662
34822.05, 5661
34830.72, 5660
34839.2, 5659
34851.56, 5658
34866.04, 5657
34877.32, 5656
34888.67, 5655
34907.89, 5654
34929.99, 5653
34941.22, 5652
34952.39, 5651
34971.97, 5650
34986.34, 5649
35011.42, 5648
35044.28, 5647
35054.81, 5646
35071.61, 5645
35081.34, 5644
35105.8, 5643
35113.46, 5642
35128.32, 5641
35135.11, 5640
35142.35, 5639
35150.66, 5638
35159.99, 5637
35191.43, 5636
35218.65, 5635
35250.35, 5634
35261.77, 5633
35277.39, 5632
35283.74, 5631
35292.45, 5630
35304.2, 5629
35312.68, 5628
35345.29, 5627
35366.58, 5626
35389.82, 5625
35409.96, 5624
35420.14, 5623
35433.65, 5622
35444.08, 5621
35464.64, 5620
35498.81, 5619
35509.01, 5618
35542.12, 5617
35554.26, 5616
35576.26, 5615
35586.25, 5614
35597.72, 5613
35621.24, 5612
35632.01, 5611
35645.05, 5610
35657.19, 5609
35669.27, 5608
35678.75, 5607
35701.69, 5606
35730.5, 5605
35741.61, 5604
35750.3, 5603
35765.5, 5602
35779.95, 5601
35789.09, 5600
35805.65, 5599
35851.11, 5598
35866.37, 5597
35878.77, 5596
35887.34, 5595
35897.93, 5594
35913.9, 5593
35926.67, 5592
35947.81, 5591
35965.0, 5590
35978.41, 5589
35989.2, 5588
36014.18, 5587
36034.08, 5586
36053.4, 5585
36063.64, 5584
36098.0, 5583
36108.07, 5582
36128.75, 5581
36142.96, 5580
36163.73, 5579
36181.05, 5578
36190.93, 5577
36203.14, 5576
36211.14, 5575
36312.35, 5574
36314.21, 5573
36316.02, 5572
36317.79, 5571
36330.44, 5570
36339.31, 5569
36349.52, 5568
36363.97, 5567
36376.3, 5566
36384.98, 5565
36399.41, 5564
36414.69, 5563
36434.51, 5562
36463.83, 5561
36503.46, 5560
36512.19, 5559
36521.97, 5558
36529.55, 5557
36536.82, 5556
36546.66, 5555
36554.23, 5554
36570.31, 5553
36577.12, 5552
36587.14, 5551
36597.85, 5550
36635.74, 5549
36645.47, 5548
36655.14, 5547
36671.59, 5546
36714.14, 5545
36721.7, 5544
36735.81, 5543
36741.15, 5542
36749.19, 5541
36756.73, 5540
36775.78, 5539
36782.35, 5538
36791.95, 5537
36861.84, 5536
36872.07, 5535
36883.96, 5534
36901.42, 5533
36920.7, 5532
36935.37, 5531
36948.46, 5530
36976.14, 5529
36991.55, 5528
37002.22, 5527
37012.43, 5526
37021.37, 5525
37027.0, 5524
37091.26, 5523
37102.56, 5522
37115.41, 5521
37128.81, 5520
37159.63, 5519
37172.45, 5518
37182.32, 5517
37210.03, 5516
37225.08, 5515
37236.48, 5514
37244.85, 5513
37253.82, 5512
37274.19, 5511
37279.59, 5510
37287.6, 5509
37307.88, 5508
37323.13, 5507
37328.52, 5506
37342.35, 5505
37380.1, 5504
37392.05, 5503
37411.93, 5502
37418.07, 5501
37433.71, 5500
37464.9, 5499
37474.96, 5498
37484.19, 5497
37492.41, 5496
37507.98, 5495
37513.94, 5494
37522.57, 5493
37556.36, 5492
37575.88, 5491
37598.86, 5490
37614.53, 5489
37625.4, 5488
37641.52, 5487
37685.28, 5486
37700.49, 5485
37725.17, 5484
37734.97, 5483
37741.83, 5482
37751.4, 5481
37763.94, 5480
37772.41, 5479
37781.34, 5478
37797.25, 5477
37812.28, 5476
37860.68, 5475
37870.2, 5474
37881.2, 5473
37888.96, 5472
37901.64, 5471
37960.83, 5470
37969.92, 5469
37988.39, 5468
38002.03, 5467
38019.42, 5466
38026.1, 5465
38051.5, 5464
38069.61, 5463
38077.42, 5462
38084.78, 5461
38109.43, 5460
38119.85, 5459
38138.6, 5458
38155.87, 5457
38170.67, 5456
38190.04, 5455
38201.86, 5454
38214.01, 5453
38227.51, 5452
38247.59, 5451
38266.15, 5450
38270.85, 5449
38282.04, 5448
38290.55, 5447
38301.9, 5446
38348.95, 5445
38369.58, 5444
38384.32, 5443
38394.41, 5442
38426.85, 5441
38442.43, 5440
38450.53, 5439
38459.24, 5438
38468.68, 5437
38477.44, 5436
38486.24, 5435
38493.65, 5434
38501.74, 5433
38525.91, 5432
38527.75, 5431
38529.53, 5430
38541.75, 5429
38564.27, 5428
38626.1, 5427
38639.13, 5426
38640.99, 5425
38660.26, 5424
38671.91, 5423
38693.28, 5422
38695.21, 5421
38703.49, 5420
38713.47, 5419
38723.14, 5418
38724.95, 5417
38736.43, 5416
38785.27, 5415
38791.17, 5414
38795.11, 5413
38809.52, 5412
38840.75, 5411
38852.16, 5410
38869.77, 5409
38883.72, 5408
38900.04, 5407
38920.09, 5406
38929.11, 5405
38942.42, 5404
38994.66, 5403
39002.27, 5402
39026.37, 5401
39031.66, 5400
39086.41, 5399
39091.68, 5398
39093.49, 5397
39095.31, 5396
39110.23, 5395
39120.03, 5394
39122.38, 5393
39135.64, 5392
39143.11, 5391
39152.32, 5390
39160.22, 5389
39170.46, 5388
39204.86, 5387
39212.75, 5386
39258.09, 5385
39301.75, 5384
39310.71, 5383
39333.74, 5382
39351.47, 5381
39365.24, 5380
39373.01, 5379
39380.26, 5378
39390.2, 5377
39401.38, 5376
39413.52, 5375
39415.26, 5374
39485.02, 5373
39485.1, 5372
39495.32, 5371
39503.15, 5370
39510.79, 5369
39518.92, 5368
39540.55, 5367
39604.49, 5366
39606.34, 5365
39624.69, 5364
39626.47, 5363
39639.76, 5362
39649.53, 5361
39651.33, 5360
39668.42, 5359
39670.18, 5358
39686.25, 5357
39688.07, 5356
39746.83, 5355
39751.13, 5354
39753.17, 5353
39775.22, 5352
39869.16, 5351
39873.55, 5350
39884.69, 5349
39892.08, 5348
39898.79, 5347
39909.68, 5346
39932.95, 5345
39949.08, 5344
39954.43, 5343
39967.86, 5342
39979.99, 5341
39988.36, 5340
40005.8, 5339
40011.36, 5338
40026.95, 5337
40059.94, 5336
40095.03, 5335
40098.27, 5334
40108.31, 5333
40168.81, 5332
40175.59, 5331
40177.4, 5330
40190.15, 5329
40200.62, 5328
40220.94, 5327
40238.84, 5326
40247.77, 5325
40279.93, 5324
40286.62, 5323
40300.16, 5322
40304.15, 5321
40353.28, 5320
40359.76, 5319
40384.58, 5318
40393.04, 5317
40401.6, 5316
40410.94, 5315
40440.39, 5314
40491.53, 5313
40504.01, 5312
40519.17, 5311
40526.62, 5310
40533.03, 5309
40545.6, 5308
40548.84, 5307
40565.67, 5306
40573.71, 5305
40589.53, 5304
40600.25, 5303
40620.36, 5302
40634.7, 5301
40657.49, 5300
40697.79, 5299
40717.41, 5298
40733.58, 5297
40735.41, 5296
40771.29, 5295
40782.66, 5294
40791.82, 5293
40800.73, 5292
40854.07, 5291
40865.72, 5290
40877.79, 5289
40886.26, 5288
40897.2, 5287
40903.48, 5286
40925.34, 5285
40927.27, 5284
40958.27, 5283
40990.35, 5282
41003.96, 5281
41055.04, 5280
41071.32, 5279
41073.11, 5278
41085.54, 5277
41130.96, 5276
41132.99, 5275
41141.43, 5274
41149.21, 5273
41162.49, 5272
41178.86, 5271
41205.32, 5270
41215.92, 5269
41217.75, 5268
41243.57, 5267
41249.3, 5266
41251.49, 5265
41255.43, 5264
41270.58, 5263
41271.87, 5262
41327.2, 5261
41366.83, 5260
41379.6, 5259
41409.98, 5258
41457.39, 5257
41459.22, 5256
41467.74, 5255
41490.33, 5254
41499.18, 5253
41504.88, 5252
41506.81, 5251
41532.5, 5250
41556.64, 5249
41566.95, 5248
41591.84, 5247
41595.08, 5246
41714.49, 5245
41736.53, 5244
41740.33, 5243
41766.53, 5242
41804.32, 5241
41808.56, 5240
41817.85, 5239
41832.76, 5238
41842.4, 5237
41857.52, 5236
41858.18, 5235
41895.33, 5234
41906.54, 5233
41911.88, 5232
41928.3, 5231
41941.23, 5230
41947.96, 5229
41959.62, 5228
41978.89, 5227
41980.43, 5226
41998.89, 5225
42000.82, 5224
42020.44, 5223
42032.68, 5222
42050.59, 5221
42068.49, 5220
42124.23, 5219
42139.09, 5218
42192.27, 5217
42338.04, 5216
42361.34, 5215
42377.32, 5214
42387.33, 5213
42396.56, 5212
42434.36, 5211
42447.64, 5210
42462.01, 5209
42474.8, 5208
42496.56, 5207
42560.14, 5206
42581.18, 5205
42589.26, 5204
42607.34, 5203
42615.7, 5202
42641.58, 5201
42649.36, 5200
42658.1, 5199
42683.75, 5198
42691.26, 5197
42787.33, 5196
42804.5, 5195
42811.16, 5194
42822.62, 5193
42832.83, 5192
42867.11, 5191
42901.67, 5190
42932.06, 5189
42933.8, 5188
42935.58, 5187
42941.98, 5186
42970.45, 5185
42979.64, 5184
42988.05, 5183
43008.27, 5182
43058.84, 5181
43069.8, 5180
43113.29, 5179
43135.9, 5178
43185.47, 5177
43199.83, 5176
43210.18, 5175
43218.52, 5174
43237.04, 5173
43255.4, 5172
43280.39, 5171
43286.34, 5170
43325.62, 5169
43344.56, 5168
43362.0, 5167
43384.46, 5166
43390.6, 5165
43400.77, 5164
43431.2, 5163
43442.85, 5162
43464.74, 5161
43494.33, 5160
43512.04, 5159
43551.8, 5158
43559.55, 5157
43586.78, 5156
43602.72, 5155
43614.05, 5154
43628.9, 5153
43645.74, 5152
43674.18, 5151
43728.42, 5150
43740.54, 5149
43753.27, 5148
43766.03, 5147
43801.46, 5146
43805.85, 5145
43817.6, 5144
43831.74, 5143
43844.16, 5142
43883.99, 5141
43893.78, 5140
43939.21, 5139
43947.07, 5138
43950.98, 5137
43961.76, 5136
43968.52, 5135
44016.14, 5134
44031.3, 5133
44046.26, 5132
44053.33, 5131
44064.93, 5130
44073.55, 5129
44115.85, 5128
44134.97, 5127
44155.67, 5126
44164.97, 5125
44173.21, 5124
44185.75, 5123
44204.84, 5122
44214.59, 5121
44216.28, 5120
44234.9, 5119
44245.14, 5118
44252.02, 5117
44266.74, 5116
44279.52, 5115
44292.2, 5114
44304.3, 5113
44325.16, 5112
44387.16, 5111
44394.9, 5110
44402.19, 5109
44413.22, 5108
44450.81, 5107
44457.82, 5106
44462.29, 5105
44477.37, 5104
44486.75, 5103
44514.61, 5102
44517.74, 5101
44563.31, 5100
44572.06, 5099
44578.71, 5098
44592.67, 5097
44621.05, 5096
44669.61, 5095
44677.09, 5094
44694.01, 5093
44705.16, 5092
44723.46, 5091
44742.37, 5090
44758.09, 5089
44764.61, 5088
44802.1, 5087
44837.86, 5086
44837.9, 5085
44848.66, 5084
44863.33, 5083
44875.23, 5082
44897.63, 5081
44925.71, 5080
44940.09, 5079
44967.55, 5078
44969.48, 5077
44977.01, 5076
44986.07, 5075
45016.92, 5074
45025.04, 5073
45043.15, 5072
45053.57, 5071
45085.8, 5070
45100.96, 5069
45111.67, 5068
45118.41, 5067
45142.52, 5066
45165.5, 5065
45181.14, 5064
45192.85, 5063
45216.82, 5062
45247.76, 5061
45249.82, 5060
45260.15, 5059
45271.59, 5058
45289.39, 5057
45302.76, 5056
45319.82, 5055
45331.5, 5054
45354.19, 5053
45368.54, 5052
45375.59, 5051
45399.28, 5050
45404.37, 5049
45419.96, 5048
45422.45, 5047
45431.85, 5046
45453.31, 5045
45469.97, 5044
45479.11, 5043
45492.39, 5042
45522.83, 5041
45528.8, 5040
45561.87, 5039
45572.0, 5038
45583.7, 5037
45618.43, 5036
45627.19, 5035
45642.74, 5034
45654.09, 5033
45665.27, 5032
45703.81, 5031
45714.37, 5030
45727.77, 5029
45734.94, 5028
45760.66, 5027
45763.59, 5026
45797.23, 5025
45806.1, 5024
45820.84, 5023
45862.25, 5022
45869.31, 5021
45890.52, 5020
45909.7, 5019
45918.12, 5018
45931.72, 5017
45958.17, 5016
45975.96, 5015
45983.95, 5014
45996.45, 5013
46005.1, 5012
46038.45, 5011
46050.16, 5010
46071.71, 5009
46097.72, 5008
46110.45, 5007
46122.87, 5006
46131.86, 5005
46161.54, 5004
46171.27, 5003
46194.73, 5002
46205.26, 5001
46214.09, 5000
46245.35, 4999
46264.44, 4998
46281.39, 4997
46290.03, 4996
46324.32, 4995
46348.4, 4994
46518.57, 4993
46520.18, 4992
46521.64, 4991
46523.12, 4990
46543.49, 4989
46555.18, 4988
46566.86, 4987
46576.78, 4986
46600.36, 4985
46601.83, 4984
46624.25, 4983
46629.79, 4982
46637.91, 4981
46658.2, 4980
46680.85, 4979
46695.64, 4978
46706.76, 4977
46740.25, 4976
46742.1, 4975
46749.57, 4974
46774.72, 4973
46780.83, 4972
46804.54, 4971
46819.65, 4970
46832.9, 4969
46860.45, 4968
46888.7, 4967
46916.41, 4966
46925.18, 4965
46936.17, 4964
46960.04, 4963
46968.39, 4962
47002.25, 4961
47024.96, 4960
47044.87, 4959
47057.92, 4958
47075.11, 4957
47094.41, 4956
47099.39, 4955
47172.76, 4954
47174.46, 4953
47182.59, 4952
47203.32, 4951
47220.99, 4950
47237.09, 4949
47245.92, 4948
47269.72, 4947
47282.32, 4946
47315.49, 4945
47326.83, 4944
47337.59, 4943
47368.05, 4942
47373.14, 4941
47401.53, 4940
47407.96, 4939
47426.79, 4938
47442.5, 4937
47470.38, 4936
47489.55, 4935
47506.23, 4934
47532.17, 4933
47538.92, 4932
47562.42, 4931
47574.63, 4930
47610.5, 4929
47621.71, 4928
47644.62, 4927
47673.9, 4926
47685.61, 4925
47703.52, 4924
47704.41, 4923
47752.37, 4922
47759.9, 4921
47772.13, 4920
47793.8, 4919
47812.3, 4918
47837.77, 4917
47846.74, 4916
47866.91, 4915
47878.1, 4914
47907.5, 4913
47935.38, 4912
47941.87, 4911
47959.41, 4910
47987.62, 4909
47996.76, 4908
48020.66, 4907
48036.31, 4906
48084.14, 4905
48094.4, 4904
48106.51, 4903
48135.38, 4902
48155.28, 4901
48177.72, 4900
48185.98, 4899
48204.87, 4898
48215.87, 4897
48245.52, 4896
48272.32, 4895
48285.45, 4894
48296.63, 4893
48305.31, 4892
48321.84, 4891
48348.09, 4890
48355.72, 4889
48378.42, 4888
48392.71, 4887
48427.55, 4886
48448.52, 4885
48458.79, 4884
48471.18, 4883
48482.74, 4882
48491.65, 4881
48500.32, 4880
48522.87, 4879
48543.34, 4878
48565.9, 4877
48575.21, 4876
48582.5, 4875
48608.11, 4874
48613.61, 4873
48653.49, 4872
48662.41, 4871
48686.27, 4870
48697.13, 4869
48708.99, 4868
48738.96, 4867
48741.22, 4866
48751.72, 4865
48771.36, 4864
48776.79, 4863
48801.6, 4862
48805.71, 4861
48815.97, 4860
48836.51, 4859
48837.03, 4858
48854.73, 4857
48865.95, 4856
48886.97, 4855
48902.39, 4854
48911.11, 4853
48925.01, 4852
48935.69, 4851
48954.06, 4850
48972.64, 4849
48984.71, 4848
49007.74, 4847
49022.09, 4846
49050.39, 4845
49061.33, 4844
49075.47, 4843
49087.34, 4842
49098.64, 4841
49118.35, 4840
49134.29, 4839
49138.0, 4838
49154.55, 4837
49173.77, 4836
49195.95, 4835
49198.58, 4834
49227.69, 4833
49250.13, 4832
49276.85, 4831
49310.6, 4830
49312.09, 4829
49334.7, 4828
49354.52, 4827
49359.27, 4826
49373.08, 4825
49401.72, 4824
49409.59, 4823
49426.58, 4822
49448.84, 4821
49469.86, 4820
49475.18, 4819
49505.97, 4818
49526.94, 4817
49541.6, 4816
49556.59, 4815
49566.06, 4814
49581.18, 4813
49589.65, 4812
49595.55, 4811
49613.3, 4810
49637.63, 4809
49655.46, 4808
49657.07, 4807
49680.26, 4806
49684.34, 4805
49696.95, 4804
49736.08, 4803
49742.02, 4802
49756.63, 4801
49780.01, 4800
49781.54, 4799
49804.33, 4798
49805.8, 4797
49820.04, 4796
49825.94, 4795
49835.04, 4794
49862.97, 4793
49864.52, 4792
49880.69, 4791
49894.82, 4790
49906.11, 4789
49940.9, 4788
49942.4, 4787
49943.98, 4786
49972.42, 4785
49981.42, 4784
49983.89, 4783
50003.93, 4782
50008.23, 4781
50019.17, 4780
50026.09, 4779
50049.27, 4778
50054.99, 4777
50072.65, 4776
50082.97, 4775
50090.8, 4774
50113.93, 4773
50134.9, 4772
50136.5, 4771
50161.93, 4770
50184.62, 4769
50195.61, 4768
50209.76, 4767
50220.83, 4766
50286.44, 4765
50288.44, 4764
50350.36, 4763
50356.35, 4762
50369.58, 4761
50382.98, 4760
50391.63, 4759
50401.66, 4758
50437.59, 4757
50449.98, 4756
50459.6, 4755
50486.71, 4754
50500.05, 4753
50518.61, 4752
50525.24, 4751
50540.04, 4750
50550.39, 4749
50568.87, 4748
50577.51, 4747
50590.1, 4746
50605.47, 4745
50607.25, 4744
50617.78, 4743
50639.59, 4742
50657.76, 4741
50693.61, 4740
50694.97, 4739
50696.89, 4738
50704.51, 4737
50723.47, 4736
50735.4, 4735
50741.49, 4734
50753.39, 4733
50765.12, 4732
50775.0, 4731
50784.25, 4730
50799.01, 4729
50835.04, 4728
50838.7, 4727
50857.76, 4726
50890.13, 4725
50891.64, 4724
50893.37, 4723
50905.43, 4722
50915.65, 4721
50924.6, 4720
50958.3, 4719
50974.78, 4718
51007.04, 4717
51008.47, 4716
51029.81, 4715
51055.73, 4714
51081.24, 4713
51089.52, 4712
51139.89, 4711
51150.0, 4710
51157.2, 4709
51199.17, 4708
51202.28, 4707
51202.32, 4706
51233.14, 4705
51239.68, 4704
51295.23, 4703
51342.16, 4702
51358.58, 4701
51370.31, 4700
51380.83, 4699
51395.48, 4698
51420.02, 4697
51422.45, 4696
51446.27, 4695
51471.62, 4694
51486.53, 4693
51522.75, 4692
51545.82, 4691
51556.85, 4690
51615.49, 4689
51616.18, 4688
51647.07, 4687
51647.17, 4686
51656.78, 4685
51679.01, 4684
51693.25, 4683
51712.62, 4682
51725.13, 4681
51751.34, 4680
51763.37, 4679
51829.58, 4678
51840.2, 4677
51863.86, 4676
51883.58, 4675
51886.17, 4674
51916.38, 4673
51951.82, 4672
51967.06, 4671
52009.54, 4670
52019.47, 4669
52035.19, 4668
52041.26, 4667
52053.96, 4666
52065.22, 4665
52076.57, 4664
52109.36, 4663
52116.9, 4662
52140.88, 4661
52152.47, 4660
52169.76, 4659
52176.39, 4658
52195.37, 4657
52206.68, 4656
52221.32, 4655
52230.97, 4654
52254.76, 4653
52301.35, 4652
52314.69, 4651
52332.12, 4650
52350.91, 4649
52372.46, 4648
52395.22, 4647
52427.66, 4646
52448.02, 4645
52508.36, 4644
52514.29, 4643
52519.15, 4642
52534.55, 4641
52544.34, 4640
52555.98, 4639
52568.46, 4638
52599.74, 4637
52646.65, 4636
52660.18, 4635
52684.42, 4634
52708.96, 4633
52722.83, 4632
52752.02, 4631
52765.56, 4630
52805.18, 4629
52821.31, 4628
52853.59, 4627
52876.72, 4626
52897.04, 4625
52919.37, 4624
52957.86, 4623
52974.42, 4622
53010.33, 4621
53018.82, 4620
53032.33, 4619
53041.97, 4618
53056.75, 4617
53071.67, 4616
53089.91, 4615
53101.69, 4614
53148.33, 4613
53171.14, 4612
53182.41, 4611
53211.11, 4610
53225.26, 4609
53257.77, 4608
53290.15, 4607
53303.25, 4606
53318.01, 4605
53340.49, 4604
53349.32, 4603
53362.43, 4602
53373.19, 4601
53406.7, 4600
53421.02, 4599
53434.63, 4598
53441.2, 4597
53482.71, 4596
53488.77, 4595
53504.45, 4594
53511.93, 4593
53562.67, 4592
53580.98, 4591
53597.87, 4590
53610.69, 4589
53639.76, 4588
53661.76, 4587
53700.68, 4586
53710.26, 4585
53720.68, 4584
53737.38, 4583
53746.82, 4582
53759.34, 4581
53769.47, 4580
53784.91, 4579
53801.35, 4578
53815.0, 4577
53826.13, 4576
53858.07, 4575
53867.6, 4574
53890.46, 4573
53893.95, 4572
53908.79, 4571
53925.91, 4570
53982.54, 4569
53984.09, 4568
54022.19, 4567
54042.39, 4566
54053.79, 4565
54066.69, 4564
54079.84, 4563
54086.26, 4562
54094.96, 4561
54108.35, 4560
54192.62, 4559
54202.26, 4558
54232.39, 4557
54233.26, 4556
54234.7, 4555
54245.03, 4554
54268.81, 4553
54276.47, 4552
54287.57, 4551
54323.2, 4550
54325.47, 4549
54336.55, 4548
54349.44, 4547
54382.67, 4546
54413.22, 4545
54456.22, 4544
54463.45, 4543
54485.62, 4542
54505.28, 4541
54522.01, 4540
54532.61, 4539
54558.94, 4538
54603.7, 4537
54616.03, 4536
54624.83, 4535
54632.97, 4534
54658.49, 4533
54685.85, 4532
54692.79, 4531
54705.71, 4530
54720.65, 4529
54738.35, 4528
54782.39, 4527
54792.02, 4526
54825.75, 4525
54839.27, 4524
54859.73, 4523
54875.33, 4522
54880.58, 4521
54917.51, 4520
54939.84, 4519
54960.37, 4518
54989.51, 4517
55006.79, 4516
55027.44, 4515
55054.0, 4514
55074.14, 4513
55083.8, 4512
55107.9, 4511
55120.13, 4510
55146.43, 4509
55158.54, 4508
55165.23, 4507
55179.41, 4506
55190.74, 4505
55229.11, 4504
55268.8, 4503
55277.19, 4502
55279.64, 4501
55288.43, 4500
55300.84, 4499
55322.59, 4498
55338.36, 4497
55348.24, 4496
55355.56, 4495
55401.13, 4494
55417.47, 4493
55428.97, 4492
55447.08, 4491
55474.92, 4490
55485.28, 4489
55524.73, 4488
55540.92, 4487
55575.67, 4486
55592.98, 4485
55602.56, 4484
55615.05, 4483
55624.03, 4482
55639.05, 4481
55649.21, 4480
55676.13, 4479
55692.93, 4478
55708.35, 4477
55755.99, 4476
55757.69, 4475
55759.1, 4474
55779.33, 4473
55795.18, 4472
55810.8, 4471
55825.25, 4470
55841.65, 4469
55856.02, 4468
55870.5, 4467
55882.71, 4466
55895.25, 4465
55920.27, 4464
55968.69, 4463
55987.81, 4462
56008.65, 4461
56037.17, 4460
56039.39, 4459
56055.17, 4458
56075.85, 4457
56095.92, 4456
56110.12, 4455
56138.63, 4454
56156.01, 4453
56186.26, 4452
56205.65, 4451
56218.27, 4450
56229.25, 4449
56234.77, 4448
56260.12, 4447
56269.56, 4446
56306.79, 4445
56314.38, 4444
56338.09, 4443
56354.26, 4442
56368.32, 4441
56371.77, 4440
56397.13, 4439
56409.08, 4438
56435.13, 4437
56445.06, 4436
56478.45, 4435
56492.63, 4434
56505.32, 4433
56521.05, 4432
56537.71, 4431
56549.7, 4430
56602.41, 4429
56608.71, 4428
56620.4, 4427
56652.63, 4426
56668.45, 4425
56689.36, 4424
56722.08, 4423
56748.52, 4422
56765.97, 4421
56786.62, 4420
56802.27, 4419
56840.67, 4418
56855.53, 4417
56865.67, 4416
56877.37, 4415
56887.48, 4414
56899.93, 4413
57133.88, 4412
57135.37, 4411
57136.96, 4410
57159.86, 4409
57174.7, 4408
57176.19, 4407
57194.03, 4406
57201.61, 4405
57217.65, 4404
57236.14, 4403
57240.03, 4402
57258.64, 4401
57293.12, 4400
57309.75, 4399
57312.15, 4398
57313.64, 4397
57349.69, 4396
57349.97, 4395
57358.3, 4394
57375.66, 4393
57389.02, 4392
57399.29, 4391
57421.78, 4390
57442.71, 4389
57444.52, 4388
57483.44, 4387
57484.86, 4386
57493.75, 4385
57521.55, 4384
57541.47, 4383
57556.81, 4382
57571.88, 4381
57591.25, 4380
57600.54, 4379
57635.44, 4378
57650.55, 4377
57664.4, 4376
57689.68, 4375
57706.48, 4374
57708.01, 4373
57725.46, 4372
57739.12, 4371
57744.36, 4370
57754.41, 4369
57787.87, 4368
57801.83, 4367
57818.01, 4366
57844.49, 4365
57869.47, 4364
57877.34, 4363
57888.7, 4362
57907.89, 4361
57914.59, 4360
57927.08, 4359
57955.17, 4358
57968.07, 4357
57979.15, 4356
57993.14, 4355
58028.89, 4354
58039.81, 4353
58042.61, 4352
58042.88, 4351
58057.83, 4350
58088.0, 4349
58089.47, 4348
58091.05, 4347
58157.73, 4346
58171.78, 4345
58189.73, 4344
58223.16, 4343
58235.9, 4342
58252.07, 4341
58264.54, 4340
58295.15, 4339
58308.44, 4338
58323.47, 4337
58352.79, 4336
58362.78, 4335
58380.63, 4334
58399.99, 4333
58409.84, 4332
58421.46, 4331
58439.49, 4330
58463.96, 4329
58475.68, 4328
58485.05, 4327
58495.72, 4326
58505.93, 4325
58538.07, 4324
58549.4, 4323
58561.72, 4322
58588.79, 4321
58590.0, 4320
58627.5, 4319
58643.2, 4318
58652.74, 4317
58674.28, 4316
58687.92, 4315
58726.85, 4314
58736.0, 4313
58753.67, 4312
58758.95, 4311
58767.03, 4310
58799.45, 4309
58816.71, 4308
58828.88, 4307
58837.96, 4306
58847.12, 4305
58887.41, 4304
58888.89, 4303
58921.19, 4302
58932.13, 4301
58942.15, 4300
58986.9, 4299
58992.74, 4298
59008.21, 4297
59022.88, 4296
59036.94, 4295
59053.25, 4294
59059.34, 4293
59112.0, 4292
59149.66, 4291
59174.96, 4290
59188.26, 4289
59202.67, 4288
59226.7, 4287
59240.69, 4286
59247.14, 4285
59257.94, 4284
59272.54, 4283
59305.71, 4282
59318.49, 4281
59331.19, 4280
59339.94, 4279
59355.69, 4278
59368.96, 4277
59395.32, 4276
59409.46, 4275
59413.54, 4274
59450.38, 4273
59459.15, 4272
59472.0, 4271
59482.23, 4270
59490.93, 4269
59511.33, 4268
59524.71, 4267
59554.56, 4266
59569.64, 4265
59596.54, 4264
59598.97, 4263
59611.92, 4262
59659.32, 4261
59673.23, 4260
59680.92, 4259
59683.01, 4258
59702.11, 4257
59715.37, 4256
59722.77, 4255
59741.31, 4254
59746.32, 4253
59758.75, 4252
59788.65, 4251
59806.28, 4250
59848.23, 4249
59881.11, 4248
59904.35, 4247
59913.07, 4246
59926.67, 4245
59947.72, 4244
59972.25, 4243
59984.05, 4242
59995.68, 4241
60022.45, 4240
60035.77, 4239
60052.05, 4238
60059.91, 4237
60076.91, 4236
60087.51, 4235
60101.36, 4234
60111.93, 4233
60123.78, 4232
60137.62, 4231
60167.43, 4230
60202.7, 4229
60237.89, 4228
60251.08, 4227
60274.43, 4226
60282.01, 4225
60296.57, 4224
60311.11, 4223
60327.94, 4222
60340.62, 4221
60366.55, 4220
60369.03, 4219
60430.91, 4218
60434.69, 4217
60440.25, 4216
60448.52, 4215
60467.38, 4214
60515.39, 4213
60515.45, 4212
60525.81, 4211
60539.31, 4210
60550.74, 4209
60570.66, 4208
60584.22, 4207
60594.67, 4206
60616.97, 4205
60623.2, 4204
60637.62, 4203
60652.23, 4202
60664.28, 4201
60675.21, 4200
60692.51, 4199
60747.33, 4198
60759.98, 4197
60762.72, 4196
60766.43, 4195
60787.43, 4194
60804.45, 4193
60809.99, 4192
