3819.94, 6164
3841.2, 6144
3843.94, 6141
3849.16, 6121
3850.49, 6104
3854.77, 6092
3876.61, 6075
3890.69, 6067
3898.51, 6066
3916.24, 6050
3917.84, 6049
3923.05, 6041
3930.97, 6040
3934.69, 6024
3937.62, 6023
3938.98, 6019
3947.29, 6018
3949.18, 6002
3951.52, 6001
3960.11, 5997
3964.32, 5996
3967.13, 5992
3968.17, 5991
3971.77, 5975
3978.14, 5974
3982.36, 5972
3990.61, 5971
4006.2, 5967
4007.55, 5966
4024.98, 5950
4049.03, 5949
4052.67, 5940
4057.78, 5939
4061.04, 5937
4077.23, 5936
4083.36, 5932
4090.12, 5931
4096.26, 5915
4107.41, 5914
4120.82, 5912
4124.84, 5911
4131.52, 5895
4139.25, 5894
4146.17, 5888
4158.6, 5887
4162.52, 5886
4167.88, 5883
4171.34, 5882
4174.4, 5868
4179.99, 5867
4181.79, 5866
4188.0, 5864
4191.77, 5863
4204.28, 5849
4210.1, 5848
4218.5, 5847
4234.33, 5841
4239.9, 5840
4243.51, 5839
4253.62, 5837
4261.03, 5836
4263.28, 5822
4278.36, 5821
4284.54, 5820
4290.41, 5817
4292.35, 5816
4307.18, 5815
4317.84, 5809
4319.14, 5808
4320.45, 5807
4327.15, 5805
4332.51, 5804
4335.59, 5790
4341.46, 5789
4346.47, 5788
4350.48, 5787
4355.59, 5786
4356.44, 5785
4360.24, 5784
4366.43, 5783
4374.08, 5779
4376.94, 5778
4377.85, 5777
4388.11, 5776
4389.21, 5775
4447.44, 5774
4459.96, 5773
4466.54, 5772
4467.79, 5760
4475.18, 5759
4479.96, 5758
4482.98, 5757
4498.77, 5756
4511.88, 5755
4516.49, 5754
4520.69, 5753
4534.0, 5752
4537.66, 5751
4541.48, 5739
4542.81, 5738
4557.11, 5737
4562.62, 5736
4563.88, 5735
4592.75, 5726
4594.08, 5725
4595.02, 5724
4601.59, 5723
4602.9, 5722
4609.18, 5721
4616.98, 5718
4618.32, 5717
4627.89, 5716
4629.15, 5715
4630.62, 5714
4632.07, 5713
4637.43, 5712
4639.33, 5711
4647.45, 5710
4652.19, 5705
4666.08, 5704
4670.88, 5703
4673.92, 5702
4675.3, 5701
4731.91, 5700
4736.24, 5699
4739.43, 5698
4740.94, 5697
4750.99, 5696
4764.76, 5692
4770.59, 5691
4876.54, 5690
4877.85, 5689
4879.14, 5688
4880.36, 5687
4881.61, 5686
4894.0, 5685
4897.95, 5684
4901.68, 5683
4908.45, 5682
4914.81, 5681
4918.48, 5680
4919.75, 5679
4921.02, 5678
4926.41, 5677
4927.74, 5676
4933.66, 5675
4939.25, 5674
4947.21, 5671
4951.3, 5670
4952.64, 5669
4959.39, 5668
4960.79, 5667
4973.27, 5666
4975.84, 5665
4977.51, 5664
4985.57, 5663
4995.79, 5662
4995.89, 5661
5004.06, 5660
5005.37, 5659
5017.46, 5658
5019.06, 5657
5020.32, 5656
5021.6, 5655
5025.44, 5654
5035.76, 5651
5042.69, 5650
5043.96, 5649
5045.33, 5648
5046.46, 5647
5052.52, 5646
5073.97, 5645
5084.46, 5644
5085.75, 5643
5087.08, 5642
5088.32, 5641
5089.6, 5640
5100.06, 5639
5122.72, 5638
5132.1, 5637
5133.38, 5636
5141.44, 5635
5142.81, 5634
5159.79, 5633
5183.21, 5632
5191.01, 5631
5193.57, 5630
5200.93, 5629
5202.05, 5628
5209.09, 5627
5216.02, 5624
5219.77, 5623
5223.0, 5622
5224.25, 5621
5230.1, 5620
5231.53, 5619
5238.53, 5618
5241.22, 5617
5242.58, 5616
5247.85, 5615
5251.72, 5614
5257.66, 5613
5260.21, 5612
5264.67, 5611
5270.0, 5610
5277.64, 5609
5280.21, 5608
5283.43, 5607
5290.47, 5606
5291.78, 5605
5294.66, 5604
5300.87, 5603
5320.3, 5602
5326.19, 5601
5327.5, 5600
5350.39, 5599
5351.69, 5598
5365.85, 5597
5370.81, 5596
5402.45, 5595
5406.2, 5594
5408.12, 5593
5416.2, 5592
5420.1, 5591
5423.74, 5590
5425.06, 5589
5433.22, 5588
5434.5, 5587
5439.2, 5586
5440.52, 5585
5444.29, 5584
5451.09, 5583
5452.46, 5582
5459.1, 5581
5471.21, 5580
5472.42, 5579
5485.52, 5578
5492.12, 5577
5497.69, 5576
5499.21, 5575
5508.49, 5574
5524.55, 5573
5540.78, 5572
5542.06, 5571
5548.06, 5570
5548.24, 5569
5552.59, 5568
5570.64, 5567
5571.87, 5566
5576.88, 5565
5579.31, 5564
5584.06, 5563
5592.04, 5562
5593.4, 5561
5594.67, 5560
5599.75, 5559
5601.07, 5558
5607.79, 5557
5614.25, 5556
5619.62, 5555
5655.82, 5554
5669.82, 5553
5675.85, 5552
5691.77, 5551
5700.2, 5550
5700.54, 5549
5701.81, 5548
5710.26, 5547
5711.41, 5546
5725.81, 5545
5729.9, 5544
5733.55, 5543
5734.81, 5542
5736.1, 5541
5741.07, 5540
5750.03, 5539
5751.01, 5538
5768.27, 5537
5771.91, 5536
5779.5, 5535
5785.47, 5534
5790.11, 5533
5799.81, 5532
5801.04, 5531
5808.7, 5530
5810.4, 5529
5811.55, 5528
5815.09, 5527
5820.75, 5526
5822.09, 5525
5839.93, 5524
5864.24, 5523
5872.16, 5522
5873.46, 5521
5887.57, 5520
5888.86, 5519
5898.94, 5518
5901.69, 5517
5902.98, 5516
5917.42, 5515
5919.16, 5514
5920.45, 5513
5925.78, 5512
5938.27, 5511
5942.38, 5510
5944.05, 5509
5945.03, 5508
5951.74, 5507
5955.93, 5506
5960.68, 5505
5962.06, 5504
5963.35, 5503
5971.38, 5502
5972.67, 5501
5984.71, 5500
5985.8, 5499
5987.16, 5498
5988.5, 5497
6000.81, 5496
6004.8, 5495
6008.89, 5494
6010.5, 5493
6015.86, 5492
6025.22, 5491
6026.62, 5490
6027.74, 5489
6033.61, 5488
6072.86, 5487
6075.44, 5486
6076.82, 5485
6122.02, 5484
6144.92, 5483
6145.25, 5482
6147.65, 5481
6147.68, 5480
6163.74, 5479
6175.23, 5478
6183.35, 5477
6187.68, 5476
6200.67, 5475
6207.58, 5474
6217.79, 5473
6221.65, 5472
6225.61, 5471
6239.62, 5470
6241.82, 5469
6247.16, 5468
6255.61, 5467
6263.11, 5466
6267.97, 5465
6269.22, 5464
6289.17, 5463
6293.95, 5462
6309.54, 5461
6310.88, 5460
6319.62, 5459
6323.96, 5458
6333.53, 5457
6342.6, 5456
6349.49, 5455
6352.83, 5454
6354.08, 5453
6363.1, 5452
6364.31, 5451
6365.54, 5450
6369.86, 5449
6373.79, 5448
6380.67, 5447
6385.93, 5446
6387.25, 5445
6390.71, 5444
6405.79, 5443
6433.26, 5442
6442.14, 5441
6451.43, 5440
6452.9, 5439
6457.78, 5438
6467.86, 5437
6469.08, 5436
6470.96, 5435
6475.22, 5434
6484.81, 5433
6486.13, 5432
6510.18, 5431
6524.11, 5430
6525.24, 5429
6550.45, 5428
6555.0, 5427
6559.34, 5426
6575.72, 5425
6590.08, 5424
6593.47, 5423
6599.47, 5422
6600.81, 5421
6608.26, 5420
6616.38, 5419
6620.57, 5418
6624.61, 5417
6634.21, 5416
6640.89, 5415
6644.25, 5414
6655.63, 5413
6657.92, 5412
6667.44, 5411
6668.92, 5410
6674.34, 5409
6678.25, 5408
6685.39, 5407
6716.55, 5406
6718.46, 5405
6721.55, 5404
6731.49, 5403
6733.05, 5402
6737.47, 5401
6757.12, 5400
6762.93, 5399
6774.69, 5398
6790.94, 5397
6794.65, 5396
6801.72, 5395
6805.51, 5394
6809.0, 5393
6810.32, 5392
6816.9, 5391
6832.53, 5390
6840.36, 5389
6860.62, 5388
6866.09, 5387
6867.35, 5386
6871.58, 5385
6882.25, 5384
6903.61, 5383
6907.53, 5382
6910.58, 5381
6911.88, 5380
6918.88, 5379
6920.22, 5378
6924.54, 5377
6933.71, 5376
6938.28, 5375
6942.29, 5374
6959.57, 5373
6968.09, 5372
6971.51, 5371
6972.84, 5370
6974.16, 5369
6985.93, 5368
6990.55, 5367
6999.5, 5366
7008.73, 5365
7015.22, 5364
7020.58, 5363
7026.34, 5362
7033.37, 5361
7049.68, 5360
7054.63, 5359
7058.63, 5358
7060.42, 5357
7066.64, 5356
7074.03, 5355
7078.66, 5354
7091.54, 5353
7102.81, 5352
7106.61, 5351
7107.96, 5350
7118.76, 5349
7119.92, 5348
7121.22, 5347
7124.95, 5346
7139.49, 5345
7146.76, 5344
7158.69, 5343
7160.05, 5342
7173.91, 5341
7175.19, 5340
7182.22, 5339
7184.64, 5338
7193.11, 5337
7199.25, 5336
7200.51, 5335
7206.37, 5334
7207.66, 5333
7212.95, 5332
7216.02, 5331
7222.56, 5330
7228.11, 5329
7229.49, 5328
7241.36, 5327
7249.44, 5326
7273.92, 5325
7292.6, 5324
7293.92, 5323
7295.23, 5322
7302.01, 5321
7307.16, 5320
7310.59, 5319
7317.92, 5318
7326.43, 5317
7327.95, 5316
7329.18, 5315
7357.26, 5314
7361.64, 5313
7368.7, 5312
7369.93, 5311
7371.2, 5310
7377.57, 5309
7382.49, 5308
7384.46, 5307
7390.65, 5306
7396.81, 5305
7397.88, 5304
7418.57, 5303
7419.82, 5302
7426.57, 5301
7437.97, 5300
7439.67, 5299
7455.94, 5298
7466.39, 5297
7474.89, 5296
7492.32, 5295
7493.69, 5294
7498.24, 5293
7500.44, 5292
7513.65, 5291
7513.67, 5290
7521.43, 5289
7525.55, 5288
7532.25, 5287
7533.56, 5286
7549.4, 5285
7550.71, 5284
7558.09, 5283
7559.63, 5282
7564.98, 5281
7569.99, 5280
7578.25, 5279
7591.74, 5278
7602.17, 5277
7632.94, 5276
7638.06, 5275
7641.07, 5274
7645.79, 5273
7649.47, 5272
7650.78, 5271
7657.94, 5270
7661.76, 5269
7666.92, 5268
7670.14, 5267
7679.43, 5266
7688.59, 5265
7691.7, 5264
7693.11, 5263
7701.4, 5262
7705.61, 5261
7708.87, 5260
7713.21, 5259
7717.98, 5258
7725.31, 5257
7730.11, 5256
7736.27, 5255
7737.62, 5254
7751.78, 5253
7762.09, 5252
7765.5, 5251
7766.81, 5250
7777.22, 5249
7794.48, 5248
7805.64, 5247
7811.31, 5246
7833.58, 5245
7835.41, 5244
7854.41, 5243
7861.53, 5242
7865.28, 5241
7868.05, 5240
7883.53, 5239
7889.38, 5238
7890.67, 5237
7891.95, 5236
7893.88, 5235
7894.62, 5234
7895.74, 5233
7905.67, 5232
7914.54, 5231
7921.09, 5230
7922.38, 5229
7923.9, 5228
7978.2, 5227
8007.86, 5226
8015.33, 5225
8016.9, 5224
8018.15, 5223
8031.09, 5222
8035.05, 5221
8036.24, 5220
8037.53, 5219
8042.72, 5218
8051.63, 5217
8054.14, 5216
8055.13, 5215
8068.19, 5214
8069.15, 5213
8070.71, 5212
8071.67, 5211
8072.93, 5210
8081.58, 5209
8086.12, 5208
8095.79, 5207
8100.13, 5206
8102.92, 5205
8104.26, 5204
8115.1, 5203
8120.57, 5202
8125.02, 5201
8126.31, 5200
8138.94, 5199
8153.64, 5198
8154.96, 5197
8156.27, 5196
8157.59, 5195
8169.78, 5194
8200.91, 5193
8202.19, 5192
8210.35, 5191
8219.09, 5190
8222.72, 5189
8224.05, 5188
8225.31, 5187
8232.21, 5186
8240.47, 5185
8245.05, 5184
8246.34, 5183
8247.58, 5182
8248.8, 5181
8255.5, 5180
8266.8, 5179
8270.89, 5178
8282.58, 5177
8287.71, 5176
8294.52, 5175
8295.54, 5174
8306.84, 5173
8311.41, 5172
8313.13, 5171
8314.01, 5170
8361.26, 5169
8399.97, 5168
8401.12, 5167
8402.38, 5166
8403.64, 5165
8427.9, 5164
8448.19, 5163
8461.49, 5162
8467.5, 5161
8473.27, 5160
8473.58, 5159
8474.43, 5158
8482.57, 5157
8497.68, 5156
8502.38, 5155
8506.13, 5154
8507.34, 5153
8508.6, 5152
8509.84, 5151
8521.69, 5150
8526.16, 5149
8533.02, 5148
8534.35, 5147
8552.18, 5146
8562.86, 5145
8566.5, 5144
8567.83, 5143
8569.08, 5142
8571.61, 5141
8571.64, 5140
8581.02, 5139
8585.66, 5138
8592.31, 5137
8593.63, 5136
8594.9, 5135
8623.23, 5134
8643.79, 5133
8650.26, 5132
8653.72, 5131
8655.05, 5130
8659.41, 5129
8672.0, 5128
8676.99, 5127
8678.29, 5126
8688.83, 5125
8690.91, 5124
8699.16, 5123
8702.83, 5122
8706.47, 5121
8707.8, 5120
8727.01, 5119
8734.02, 5118
8736.87, 5117
8738.17, 5116
8739.45, 5115
8740.68, 5114
8754.63, 5113
8771.56, 5112
8771.66, 5111
8772.82, 5110
8774.16, 5109
8802.74, 5108
8824.41, 5107
8825.66, 5106
8833.28, 5105
8875.54, 5104
8893.65, 5103
8899.73, 5102
8902.56, 5101
8904.04, 5100
8905.17, 5099
8910.17, 5098
8914.35, 5097
8917.22, 5096
8925.56, 5095
8937.65, 5094
8945.27, 5093
8945.36, 5092
8946.28, 5091
8955.81, 5090
8959.9, 5089
8969.81, 5088
8969.86, 5087
8971.6, 5086
8986.43, 5085
8991.44, 5084
8994.48, 5083
9002.42, 5082
9015.96, 5081
9019.3, 5080
9020.6, 5079
9021.86, 5078
9023.11, 5077
9024.39, 5076
9025.65, 5075
9036.74, 5074
9037.99, 5073
9039.26, 5072
9041.65, 5071
9048.39, 5070
9052.79, 5069
9055.92, 5068
9057.2, 5067
9064.02, 5066
9084.55, 5065
9095.13, 5064
9096.45, 5063
9097.7, 5062
9099.05, 5061
9148.38, 5060
9180.87, 5059
9188.65, 5058
9193.32, 5057
9194.58, 5056
9195.88, 5055
9204.79, 5054
9208.71, 5053
9214.7, 5052
9216.01, 5051
9217.29, 5050
9223.94, 5049
9229.45, 5048
9232.3, 5047
9233.61, 5046
9242.66, 5045
9246.42, 5044
9251.61, 5043
9319.36, 5042
9320.66, 5041
9321.9, 5040
9323.14, 5039
9326.07, 5038
9348.04, 5037
9356.13, 5036
9362.46, 5035
9363.72, 5034
9372.01, 5033
9381.3, 5032
9384.52, 5031
9385.58, 5030
9386.84, 5029
9388.12, 5028
9406.39, 5027
9422.53, 5026
9436.16, 5025
9437.41, 5024
9438.66, 5023
9444.82, 5022
9452.05, 5021
9456.61, 5020
9457.92, 5019
9459.18, 5018
9465.95, 5017
9472.57, 5016
9479.6, 5015
9480.86, 5014
9482.12, 5013
9502.34, 5012
9514.61, 5011
9521.83, 5010
9523.12, 5009
9525.63, 5008
9525.73, 5007
9527.14, 5006
9528.15, 5005
9534.82, 5004
9545.64, 5003
9554.45, 5002
9555.71, 5001
9557.12, 5000
9558.3, 4999
9587.75, 4998
9637.36, 4997
9642.96, 4996
9647.7, 4995
9649.07, 4994
9671.58, 4993
9681.55, 4992
9684.84, 4991
9686.11, 4990
9687.59, 4989
9688.61, 4988
9711.28, 4987
9715.75, 4986
9719.71, 4985
9721.02, 4984
9722.29, 4983
9728.73, 4982
9736.97, 4981
9740.09, 4980
9741.39, 4979
9758.73, 4978
9763.72, 4977
9766.85, 4976
9768.13, 4975
9769.43, 4974
9775.17, 4973
9780.05, 4972
9784.21, 4971
9785.48, 4970
9791.45, 4969
9803.59, 4968
9814.58, 4967
9819.47, 4966
9820.75, 4965
9822.01, 4964
9842.65, 4963
9843.86, 4962
9845.14, 4961
9846.13, 4960
9856.39, 4959
9873.33, 4958
9879.13, 4957
9887.82, 4956
9897.34, 4955
9908.05, 4954
9908.36, 4953
9909.88, 4952
9935.18, 4951
9940.85, 4950
9947.56, 4949
9948.84, 4948
9950.13, 4947
9951.41, 4946
10003.33, 4945
10053.05, 4944
10054.33, 4943
10055.64, 4942
10066.04, 4941
10072.91, 4940
10075.85, 4939
10077.16, 4938
10078.47, 4937
10095.25, 4936
10099.15, 4935
10103.77, 4934
10104.93, 4933
10109.27, 4932
10113.37, 4931
10120.34, 4930
10126.85, 4929
10141.47, 4928
10148.54, 4927
10154.21, 4926
10155.48, 4925
10158.82, 4924
10165.54, 4923
10170.6, 4922
10175.69, 4921
10177.02, 4920
10195.85, 4919
10205.35, 4918
10210.22, 4917
10215.62, 4916
10216.99, 4915
10218.21, 4914
10229.08, 4913
10236.08, 4912
10239.63, 4911
10240.88, 4910
10295.91, 4909
10306.99, 4908
10315.93, 4907
10317.81, 4906
10324.53, 4905
10335.04, 4904
10339.0, 4903
10351.56, 4902
10352.73, 4901
10353.98, 4900
10355.23, 4899
10356.48, 4898
10362.31, 4897
10371.85, 4896
10379.72, 4895
10414.61, 4894
10423.34, 4893
10429.98, 4892
10437.09, 4891
10441.03, 4890
10452.51, 4889
10456.71, 4888
10460.03, 4887
10463.28, 4886
10477.25, 4885
10482.58, 4884
10486.24, 4883
10487.5, 4882
10488.77, 4881
10490.04, 4880
10491.27, 4879
10498.8, 4878
10504.51, 4877
10507.55, 4876
10513.0, 4875
10519.66, 4874
10525.56, 4873
10528.76, 4872
10534.62, 4871
10553.37, 4870
10557.8, 4869
10561.14, 4868
10563.77, 4867
10563.86, 4866
10579.04, 4865
10579.58, 4864
10580.83, 4863
10582.06, 4862
10583.47, 4861
10597.02, 4860
10601.77, 4859
10611.66, 4858
10613.14, 4857
10628.36, 4856
10638.85, 4855
10641.82, 4854
10643.1, 4853
10644.36, 4852
10675.58, 4851
10744.67, 4850
10749.04, 4849
10754.38, 4848
10760.99, 4847
10769.76, 4846
10771.04, 4845
10778.79, 4844
10786.95, 4843
10788.68, 4842
10828.0, 4841
10831.84, 4840
10837.25, 4839
10838.5, 4838
10848.52, 4837
10853.25, 4836
10856.41, 4835
10857.69, 4834
10858.97, 4833
10868.08, 4832
10869.33, 4831
10887.05, 4830
10897.38, 4829
10906.13, 4828
10907.39, 4827
10908.62, 4826
10909.88, 4825
10955.75, 4824
10961.26, 4823
10969.44, 4822
10970.73, 4821
10985.17, 4820
10992.84, 4819
10996.75, 4818
10997.93, 4817
10999.17, 4816
11000.41, 4815
11001.65, 4814
11012.19, 4813
11017.5, 4812
11020.7, 4811
11021.99, 4810
11023.4, 4809
11030.42, 4808
11037.64, 4807
11041.84, 4806
11050.57, 4805
11070.83, 4804
11081.27, 4803
11082.57, 4802
11087.9, 4801
11098.89, 4800
11102.61, 4799
11103.91, 4798
11105.19, 4797
11106.46, 4796
11113.81, 4795
11129.04, 4794
11135.96, 4793
11137.25, 4792
11197.43, 4791
11216.12, 4790
11229.51, 4789
11233.44, 4788
11239.19, 4787
11241.46, 4786
11248.08, 4785
11249.13, 4784
11254.9, 4783
11268.15, 4782
11273.17, 4781
11276.51, 4780
11288.24, 4779
11292.23, 4778
11297.33, 4777
11298.53, 4776
11312.33, 4775
11316.08, 4774
11322.04, 4773
11322.12, 4772
11322.25, 4771
11323.54, 4770
11331.57, 4769
11337.39, 4768
11339.82, 4767
11341.11, 4766
11356.13, 4765
11358.71, 4764
11396.47, 4763
11401.48, 4762
11406.71, 4761
11407.43, 4760
11409.9, 4759
11417.02, 4758
11421.17, 4757
11469.76, 4756
11473.85, 4755
11478.09, 4754
11480.93, 4753
11497.07, 4752
11502.43, 4751
11505.69, 4750
11507.15, 4749
11508.23, 4748
11530.17, 4747
11540.42, 4746
11551.15, 4745
11554.99, 4744
11573.29, 4743
11614.85, 4742
11619.23, 4741
11639.67, 4740
11644.83, 4739
11649.07, 4738
11651.33, 4737
11661.95, 4736
11672.42, 4735
11676.94, 4734
11679.9, 4733
11685.67, 4732
11689.44, 4731
11695.59, 4730
11718.94, 4729
11723.03, 4728
11728.58, 4727
11729.89, 4726
11731.14, 4725
11732.37, 4724
11739.64, 4723
11746.63, 4722
11751.62, 4721
11752.88, 4720
11754.11, 4719
11764.89, 4718
11769.32, 4717
11772.94, 4716
11774.21, 4715
11782.6, 4714
11787.03, 4713
11793.57, 4712
11798.09, 4711
11868.12, 4710
11876.25, 4709
11881.65, 4708
11883.56, 4707
11884.18, 4706
11885.43, 4705
11904.51, 4704
11905.81, 4703
11907.68, 4702
11908.32, 4701
11921.22, 4700
11932.42, 4699
11953.01, 4698
11957.22, 4697
11960.51, 4696
11968.36, 4695
11975.61, 4694
11990.1, 4693
11997.51, 4692
12000.26, 4691
12001.47, 4690
12002.75, 4689
12008.98, 4688
12018.36, 4687
12021.31, 4686
12022.6, 4685
12027.61, 4684
12033.19, 4683
12037.67, 4682
12038.95, 4681
12046.0, 4680
12052.63, 4679
12055.68, 4678
12070.98, 4677
12072.26, 4676
12073.51, 4675
12119.07, 4674
12154.47, 4673
12158.65, 4672
12161.8, 4671
12163.61, 4670
12164.34, 4669
12170.22, 4668
12174.41, 4667
12181.03, 4666
12186.82, 4665
12189.81, 4664
12191.14, 4663
12196.79, 4662
12199.29, 4661
12209.0, 4660
12214.91, 4659
12223.08, 4658
12238.08, 4657
12264.54, 4656
12286.56, 4655
12302.31, 4654
12306.22, 4653
12309.68, 4652
12320.19, 4651
12322.77, 4650
12324.05, 4649
12341.13, 4648
12348.29, 4647
12353.05, 4646
12357.24, 4645
12358.51, 4644
12369.81, 4643
12389.7, 4642
12401.95, 4641
12405.0, 4640
12406.28, 4639
12409.3, 4638
12451.73, 4637
12467.29, 4636
12472.37, 4635
12477.82, 4634
12479.24, 4633
12487.91, 4632
12497.84, 4631
12500.32, 4630
12501.53, 4629
12502.78, 4628
12514.53, 4627
12532.77, 4626
12537.11, 4625
12540.05, 4624
12541.33, 4623
12542.67, 4622
12564.3, 4621
12569.87, 4620
12575.13, 4619
12576.31, 4618
12586.71, 4617
12596.78, 4616
12600.28, 4615
12601.23, 4614
12602.49, 4613
12611.58, 4612
12615.88, 4611
12648.68, 4610
12656.98, 4609
12664.46, 4608
12665.73, 4607
12706.85, 4606
12719.89, 4605
12722.16, 4604
12728.24, 4603
12733.76, 4602
12744.15, 4601
12748.82, 4600
12752.14, 4599
12765.18, 4598
12770.03, 4597
12787.06, 4596
12795.37, 4595
12799.37, 4594
12801.07, 4593
12803.78, 4592
12803.83, 4591
12813.35, 4590
12817.54, 4589
12820.58, 4588
12821.85, 4587
12856.85, 4586
12868.3, 4585
12884.34, 4584
12887.49, 4583
12888.77, 4582
12890.03, 4581
12897.34, 4580
12904.46, 4579
12912.27, 4578
12913.57, 4577
12940.05, 4576
12949.09, 4575
12950.62, 4574
12951.69, 4573
12966.61, 4572
13021.74, 4571
13032.52, 4570
13034.98, 4569
13046.0, 4568
13050.59, 4567
13054.1, 4566
13055.38, 4565
13056.71, 4564
13075.42, 4563
13086.61, 4562
13090.63, 4561
13094.63, 4560
13094.75, 4559
13101.46, 4558
13113.21, 4557
13113.33, 4556
13162.27, 4555
13194.47, 4554
13194.51, 4553
13201.48, 4552
13220.3, 4551
13221.85, 4550
13236.72, 4549
13281.08, 4548
13306.68, 4547
13316.3, 4546
13317.57, 4545
13318.8, 4544
13320.04, 4543
13321.25, 4542
13336.0, 4541
13339.92, 4540
13358.15, 4539
13382.21, 4538
13386.59, 4537
13389.31, 4536
13390.6, 4535
13391.87, 4534
13414.29, 4533
13414.4, 4532
13414.86, 4531
13416.22, 4530
13432.3, 4529
13452.15, 4528
13456.27, 4527
13461.13, 4526
13461.23, 4525
13462.61, 4524
13469.43, 4523
13473.16, 4522
13493.23, 4521
13502.76, 4520
13506.24, 4519
13507.69, 4518
13509.03, 4517
13509.95, 4516
13516.69, 4515
13525.22, 4514
13541.21, 4513
13551.55, 4512
13554.45, 4511
13568.95, 4510
13579.17, 4509
13580.79, 4508
13581.7, 4507
13610.2, 4506
13670.8, 4505
13683.43, 4504
13690.81, 4503
13699.76, 4502
13701.1, 4501
13702.35, 4500
13703.66, 4499
13704.92, 4498
13713.7, 4497
13714.92, 4496
13723.15, 4495
13730.96, 4494
13735.6, 4493
13739.61, 4492
13753.3, 4491
13767.14, 4490
13770.65, 4489
13771.8, 4488
13773.04, 4487
13788.61, 4486
13788.7, 4485
13789.93, 4484
13794.02, 4483
13803.99, 4482
13819.48, 4481
13829.45, 4480
13830.52, 4479
13831.39, 4478
13839.74, 4477
13853.28, 4476
13856.58, 4475
13857.91, 4474
13859.15, 4473
13860.42, 4472
13872.93, 4471
13901.45, 4470
13931.6, 4469
13950.19, 4468
13951.53, 4467
13952.79, 4466
13971.11, 4465
13986.92, 4464
13988.21, 4463
14021.26, 4462
14072.6, 4461
14088.39, 4460
14097.98, 4459
14102.05, 4458
14103.32, 4457
14104.57, 4456
14115.95, 4455
14121.21, 4454
14129.18, 4453
14129.61, 4452
14130.86, 4451
14135.33, 4450
14141.06, 4449
14169.88, 4448
14184.38, 4447
14193.39, 4446
14202.87, 4445
14205.66, 4444
14237.7, 4443
14279.64, 4442
14284.41, 4441
14287.34, 4440
14301.01, 4439
14310.84, 4438
14319.23, 4437
14320.62, 4436
14321.85, 4435
14332.07, 4434
14337.18, 4433
14343.4, 4432
14350.28, 4431
14353.72, 4430
14367.55, 4429
14371.31, 4428
14374.75, 4427
14379.57, 4426
14388.72, 4425
14403.55, 4424
14416.22, 4423
14421.94, 4422
14430.41, 4421
14465.53, 4420
14466.71, 4419
14475.07, 4418
14507.45, 4417
14519.87, 4416
14532.41, 4415
14532.68, 4414
14533.91, 4413
14535.14, 4412
14565.2, 4411
14574.89, 4410
14576.17, 4409
14586.53, 4408
14592.41, 4407
14601.71, 4406
14606.57, 4405
14609.81, 4404
14611.15, 4403
14648.41, 4402
14649.61, 4401
14722.59, 4400
14724.05, 4399
14725.03, 4398
14726.29, 4397
14727.57, 4396
14767.89, 4395
14782.34, 4394
14784.43, 4393
14785.71, 4392
14786.98, 4391
14788.2, 4390
14805.48, 4389
14805.96, 4388
14814.95, 4387
14816.07, 4386
14817.36, 4385
14882.71, 4384
14888.35, 4383
14901.58, 4382
14909.04, 4381
14933.65, 4380
14934.94, 4379
14936.19, 4378
14937.43, 4377
14942.44, 4376
15004.31, 4375
15010.6, 4374
15027.62, 4373
15027.72, 4372
15027.97, 4371
15029.55, 4370
15032.82, 4369
15050.34, 4368
15054.55, 4367
15057.48, 4366
15058.75, 4365
15060.01, 4364
15068.62, 4363
15079.97, 4362
15087.07, 4361
15097.57, 4360
15101.67, 4359
15118.03, 4358
15119.28, 4357
15132.56, 4356
15133.99, 4355
15141.21, 4354
15173.44, 4353
15188.25, 4352
15189.51, 4351
15190.76, 4350
15200.81, 4349
15202.11, 4348
15217.49, 4347
15218.74, 4346
15219.99, 4345
15232.27, 4344
15239.03, 4343
15244.1, 4342
15258.71, 4341
15268.43, 4340
15269.8, 4339
15270.97, 4338
15299.66, 4337
15319.53, 4336
15333.73, 4335
15335.04, 4334
15342.08, 4333
15373.37, 4332
15388.71, 4331
15391.81, 4330
15394.24, 4329
15394.35, 4328
15396.1, 4327
15403.72, 4326
15418.44, 4325
15421.39, 4324
15435.07, 4323
15449.69, 4322
15450.97, 4321
15467.21, 4320
15472.7, 4319
15485.7, 4318
15501.35, 4317
15505.78, 4316
15515.79, 4315
15515.9, 4314
15515.91, 4313
15515.93, 4312
15534.02, 4311
15534.59, 4310
15535.86, 4309
15537.09, 4308
15556.11, 4307
15567.83, 4306
15570.92, 4305
15572.23, 4304
15573.49, 4303
15579.96, 4302
15584.07, 4301
15667.34, 4300
15668.61, 4299
15669.8, 4298
15679.6, 4297
15711.03, 4296
15720.95, 4295
15723.86, 4294
15726.43, 4293
15726.52, 4292
15735.43, 4291
15739.17, 4290
15742.66, 4289
15755.64, 4288
15771.31, 4287
15774.79, 4286
15791.45, 4285
15803.12, 4284
15815.72, 4283
15819.18, 4282
15820.46, 4281
15831.1, 4280
15855.87, 4279
15862.91, 4278
15869.23, 4277
15870.52, 4276
15871.77, 4275
15873.01, 4274
15875.73, 4273
15882.49, 4272
15886.79, 4271
15903.59, 4270
15919.74, 4269
15975.35, 4268
15994.24, 4267
16052.77, 4266
16056.54, 4265
16076.6, 4264
16077.89, 4263
16079.15, 4262
16080.38, 4261
16088.71, 4260
16093.07, 4259
16099.04, 4258
16105.78, 4257
16115.92, 4256
16117.28, 4255
16118.46, 4254
16135.93, 4253
16137.81, 4252
16151.15, 4251
16155.55, 4250
16168.13, 4249
16172.18, 4248
16188.8, 4247
16190.07, 4246
16191.34, 4245
16193.83, 4244
16220.59, 4243
16250.7, 4242
16251.98, 4241
16253.28, 4240
16259.73, 4239
16270.38, 4238
16299.51, 4237
16317.04, 4236
16319.41, 4235
16320.72, 4234
16322.05, 4233
16347.79, 4232
16349.02, 4231
16360.64, 4230
16361.93, 4229
16366.41, 4228
16386.45, 4227
16393.62, 4226
16394.95, 4225
16396.16, 4224
16397.42, 4223
16398.69, 4222
16454.77, 4221
16456.03, 4220
16465.13, 4219
16471.14, 4218
16568.96, 4217
16616.8, 4216
16637.64, 4215
16648.59, 4214
16662.62, 4213
16664.88, 4212
16669.81, 4211
16680.0, 4210
16689.25, 4209
16700.2, 4208
16701.37, 4207
16702.62, 4206
16703.86, 4205
16715.25, 4204
16733.27, 4203
16751.01, 4202
16754.87, 4201
16784.71, 4200
16828.77, 4199
16835.88, 4198
16842.32, 4197
16848.95, 4196
16850.24, 4195
16854.35, 4194
16865.91, 4193
16867.55, 4192
16868.84, 4191
16874.79, 4190
16883.44, 4189
16891.08, 4188
16903.65, 4187
16909.6, 4186
