2913.31, 5326
2916.64, 5226
2920.58, 5131
2926.26, 5130
2927.45, 5039
2931.54, 5037
2934.81, 5036
2940.33, 4954
2941.43, 4951
2942.56, 4950
2951.16, 4949
2954.41, 4948
2958.02, 4880
2959.41, 4876
2960.7, 4874
2974.33, 4873
2977.1, 4872
2987.63, 4871
2993.68, 4869
3001.2, 4867
3002.07, 4866
3011.58, 4865
3014.01, 4864
3015.32, 4863
3021.14, 4801
3021.75, 4796
3027.28, 4793
3030.64, 4792
3035.86, 4791
3037.09, 4790
3038.22, 4789
3064.88, 4788
3065.08, 4787
3072.31, 4786
3072.35, 4785
3078.34, 4783
3124.31, 4782
3139.26, 4781
3140.99, 4780
3144.62, 4724
3172.12, 4718
3175.02, 4714
3175.18, 4713
3176.49, 4711
3177.41, 4710
3182.32, 4709
3185.71, 4708
3187.82, 4707
3194.12, 4706
3197.93, 4705
3199.96, 4704
3204.2, 4700
3208.27, 4699
3211.7, 4697
3212.91, 4696
3217.65, 4695
3218.91, 4694
3231.59, 4693
3234.27, 4692
3234.34, 4691
3234.95, 4690
3241.23, 4689
3242.32, 4688
3246.31, 4687
3249.62, 4686
3250.67, 4685
3270.03, 4635
3271.19, 4628
3272.29, 4623
3292.55, 4622
3293.63, 4621
3294.75, 4619
3295.83, 4618
3298.08, 4617
3298.1, 4616
3319.26, 4615
3321.96, 4614
3324.79, 4613
3324.91, 4612
3325.35, 4611
3354.4, 4610
3355.59, 4609
3361.09, 4608
3369.32, 4607
3370.46, 4605
3373.43, 4604
3389.67, 4603
3394.62, 4602
3403.72, 4601
3404.9, 4600
3406.05, 4599
3407.84, 4598
3408.46, 4597
3409.6, 4596
3410.58, 4595
3421.56, 4594
3425.7, 4593
3429.71, 4592
3431.05, 4548
3431.96, 4540
3433.08, 4534
3439.19, 4533
3443.46, 4531
3447.51, 4529
3448.71, 4528
3493.99, 4527
3494.38, 4526
3497.95, 4525
3516.67, 4524
3517.76, 4523
3518.42, 4522
3519.52, 4521
3520.62, 4520
3521.74, 4519
3522.88, 4518
3528.82, 4517
3548.28, 4516
3549.51, 4515
3550.74, 4514
3551.62, 4513
3552.76, 4512
3558.93, 4511
3569.23, 4510
3572.61, 4509
3577.44, 4508
3578.57, 4507
3579.68, 4506
3585.45, 4505
3586.53, 4504
3591.89, 4503
3593.16, 4502
3596.88, 4501
3601.71, 4500
3604.4, 4499
3613.59, 4461
3615.0, 4452
3615.78, 4445
3635.95, 4444
3637.09, 4441
3638.21, 4439
3639.32, 4438
3640.47, 4437
3646.12, 4435
3647.23, 4434
3653.45, 4433
3656.34, 4432
3659.87, 4430
3661.05, 4429
3671.68, 4428
3674.21, 4427
3677.56, 4426
3678.73, 4425
3679.85, 4424
3690.54, 4423
3691.43, 4422
3765.53, 4421
3777.07, 4420
3783.04, 4419
3796.29, 4418
3797.43, 4417
3816.49, 4416
3817.44, 4409
3818.57, 4408
3820.98, 4405
3830.37, 4403
3831.93, 4402
3839.13, 4401
3845.29, 4399
3848.23, 4398
3848.51, 4397
3849.65, 4396
3870.61, 4394
3871.74, 4393
3872.84, 4392
3873.95, 4391
3899.15, 4390
3909.8, 4389
3910.93, 4388
3915.45, 4387
3921.67, 4386
3925.52, 4385
3929.43, 4384
3930.59, 4383
3936.44, 4382
3938.48, 4381
3945.73, 4378
3949.99, 4370
3953.75, 4369
3954.85, 4366
3974.3, 4364
3974.7, 4363
3975.83, 4362
3976.92, 4361
3978.03, 4359
3979.12, 4358
3997.14, 4357
3998.14, 4356
3999.28, 4355
4000.35, 4353
4017.92, 4352
4035.22, 4351
4036.3, 4350
4043.77, 4349
4046.65, 4348
4047.71, 4347
4053.36, 4346
4058.54, 4345
4061.95, 4344
4063.11, 4343
4074.05, 4342
4075.22, 4341
4076.28, 4340
4093.15, 4339
4094.21, 4338
4095.34, 4337
4096.62, 4336
4097.58, 4335
4102.12, 4334
4109.22, 4333
4120.63, 4330
4120.94, 4328
4122.06, 4327
4123.17, 4326
4154.39, 4325
4157.83, 4323
4159.0, 4322
4161.6, 4321
4165.59, 4320
4171.91, 4319
4176.49, 4317
4177.24, 4316
4178.36, 4315
4184.37, 4314
4190.42, 4313
4191.55, 4312
4199.25, 4311
4201.35, 4310
4201.37, 4309
4206.01, 4308
4211.65, 4307
4216.1, 4306
4222.92, 4305
4224.05, 4304
4235.38, 4303
4236.46, 4302
4237.58, 4301
4238.68, 4300
4239.81, 4299
4245.47, 4298
4251.38, 4297
4253.06, 4296
4259.0, 4295
4265.7, 4294
4266.8, 4293
4372.44, 4292
4388.32, 4291
4393.81, 4290
4399.28, 4289
4400.51, 4288
4405.83, 4287
4407.02, 4286
4417.94, 4282
4422.33, 4280
4423.57, 4279
4424.51, 4278
4430.54, 4277
4456.94, 4274
4465.09, 4273
4469.54, 4272
4470.21, 4271
4471.33, 4269
4472.43, 4267
4473.53, 4266
4478.62, 4265
4483.19, 4264
4483.6, 4263
4488.6, 4262
4490.87, 4261
4498.32, 4260
4499.4, 4259
4500.52, 4258
4509.3, 4257
4519.13, 4256
4519.15, 4255
4519.95, 4254
4521.02, 4253
4531.85, 4252
4532.94, 4251
4534.04, 4250
4535.15, 4249
4543.76, 4248
4544.91, 4247
4547.06, 4246
4559.03, 4245
4560.72, 4244
4561.29, 4243
4566.75, 4242
4569.82, 4241
4590.86, 4238
4597.11, 4237
4620.94, 4236
4622.0, 4235
4623.15, 4233
4652.41, 4231
4656.66, 4230
4657.85, 4229
4662.47, 4228
4690.61, 4227
4696.19, 4226
4701.28, 4225
4702.23, 4224
4703.79, 4223
4704.39, 4222
4705.5, 4221
4718.45, 4220
4725.25, 4219
4727.08, 4218
4728.0, 4217
4729.11, 4216
4732.38, 4215
4732.46, 4214
4732.49, 4213
4745.08, 4212
4765.46, 4211
4768.93, 4210
4770.52, 4209
4771.73, 4208
4772.36, 4207
4773.97, 4206
4787.62, 4205
4789.57, 4204
4790.71, 4202
4791.81, 4200
4792.92, 4199
4803.62, 4198
4808.48, 4197
4810.34, 4196
4812.18, 4195
4812.24, 4194
4812.92, 4193
4817.34, 4192
4818.76, 4191
4864.9, 4190
4867.69, 4189
4868.34, 4188
4869.46, 4187
4893.55, 4186
4894.67, 4185
4895.77, 4184
4896.88, 4183
4897.99, 4182
4987.59, 4181
4987.62, 4180
4987.64, 4179
4987.86, 4178
4988.89, 4177
4995.22, 4176
5002.15, 4175
5003.1, 4174
5008.3, 4173
5014.98, 4172
5016.07, 4171
5022.87, 4170
5025.74, 4168
5026.84, 4166
5037.83, 4165
5039.01, 4164
5040.1, 4163
5041.19, 4162
5045.36, 4161
5049.44, 4160
5054.16, 4159
5103.51, 4158
5107.0, 4157
5110.68, 4156
5120.61, 4155
5120.7, 4154
5122.54, 4153
5122.85, 4152
5141.43, 4151
5143.78, 4150
5144.87, 4149
5145.96, 4148
5149.23, 4147
5149.26, 4146
5149.26, 4145
5152.01, 4144
5161.03, 4143
5161.87, 4142
5189.0, 4141
5189.87, 4140
5190.97, 4139
5192.06, 4138
5193.19, 4137
5220.68, 4136
5221.46, 4135
5238.19, 4134
5240.84, 4133
5241.99, 4132
5244.5, 4131
5244.58, 4130
5245.27, 4129
5253.95, 4128
5255.16, 4127
5256.76, 4126
5256.8, 4125
5268.02, 4124
5268.9, 4123
5271.25, 4122
5292.09, 4121
5293.17, 4120
5294.43, 4119
5295.36, 4118
5296.57, 4117
5321.97, 4116
5341.43, 4115
5342.59, 4114
5343.65, 4113
5344.75, 4112
5345.81, 4111
5346.95, 4110
5353.28, 4109
5368.04, 4108
5376.03, 4106
5377.36, 4105
5379.37, 4104
5379.4, 4103
5423.89, 4102
5428.53, 4101
5446.04, 4100
5447.21, 4099
5448.37, 4098
5449.51, 4097
5450.65, 4096
5454.74, 4095
5455.87, 4094
5472.34, 4093
5480.43, 4092
5481.64, 4091
5482.89, 4090
5483.82, 4089
5484.9, 4088
5509.92, 4087
5511.02, 4086
5512.11, 4085
5513.2, 4084
5517.89, 4083
5544.29, 4082
5545.79, 4081
5546.91, 4080
5548.02, 4079
5549.08, 4078
5554.43, 4077
5559.89, 4076
5570.29, 4075
5571.13, 4074
5572.25, 4073
5574.26, 4072
5574.61, 4071
5590.74, 4070
5591.84, 4069
5592.95, 4068
5619.28, 4067
5620.32, 4066
5621.38, 4065
5622.45, 4064
5646.76, 4063
5660.57, 4062
5661.52, 4061
5662.63, 4060
5663.75, 4059
5664.86, 4058
5668.29, 4057
5674.88, 4056
5683.14, 4055
5712.5, 4054
5722.78, 4053
5729.14, 4052
5731.03, 4051
5735.96, 4050
5738.16, 4049
5741.76, 4048
5747.64, 4047
5752.51, 4046
5753.62, 4045
5762.14, 4044
5784.23, 4043
5787.75, 4042
5788.95, 4041
5789.99, 4040
5791.09, 4039
5818.33, 4038
5822.82, 4037
5827.97, 4036
5831.38, 4035
5837.77, 4034
5838.91, 4032
5855.62, 4031
5856.74, 4030
5857.81, 4029
5858.89, 4028
5859.97, 4027
5861.05, 4026
5874.42, 4025
5875.53, 4024
5876.62, 4023
5877.72, 4022
5878.81, 4021
5879.9, 4020
5892.92, 4019
5894.92, 4018
5895.12, 4017
5943.5, 4016
5954.15, 4015
5957.97, 4014
5962.23, 4013
5963.44, 4012
5964.6, 4011
5980.94, 4010
5984.29, 4009
5985.46, 4008
5986.67, 4007
5987.68, 4006
5988.79, 4005
5995.44, 4004
5999.99, 4003
6001.16, 4002
6002.18, 4001
6004.6, 4000
6018.34, 3999
6019.43, 3998
6020.53, 3997
6021.68, 3996
6025.59, 3995
6042.55, 3994
6044.28, 3993
6049.61, 3992
6060.96, 3991
6065.97, 3990
6067.12, 3989
6068.24, 3988
6069.36, 3987
6070.44, 3986
6078.19, 3985
6087.95, 3984
6091.92, 3983
6093.1, 3982
6094.23, 3981
6102.07, 3980
6111.49, 3979
6116.37, 3978
6143.8, 3977
6145.83, 3976
6151.53, 3975
6164.13, 3974
6169.21, 3973
6188.23, 3972
6197.19, 3971
6206.0, 3970
6211.77, 3969
6217.71, 3968
6220.5, 3967
6240.57, 3966
6247.67, 3965
6248.16, 3964
6260.02, 3963
6285.04, 3962
6292.48, 3961
6300.51, 3960
6305.66, 3959
6314.04, 3958
6315.33, 3957
6341.95, 3956
6351.63, 3955
6359.71, 3954
6362.29, 3953
6367.73, 3952
6367.77, 3951
6367.78, 3950
6372.78, 3949
6423.23, 3948
6433.62, 3947
6434.98, 3946
6436.1, 3945
6438.03, 3944
6438.35, 3943
6442.47, 3942
6451.89, 3941
6461.99, 3940
6468.28, 3939
6472.08, 3938
6477.76, 3937
6484.06, 3936
6493.04, 3935
6505.69, 3934
6506.84, 3933
6513.91, 3932
6517.43, 3931
6521.29, 3930
6530.31, 3929
6533.99, 3928
6541.41, 3927
6551.99, 3926
6557.23, 3925
6558.32, 3924
6565.3, 3923
6566.91, 3922
6575.2, 3921
6579.12, 3920
6580.23, 3919
6584.61, 3918
6609.68, 3917
6616.68, 3916
6624.18, 3915
6637.38, 3914
6643.97, 3913
6650.69, 3912
6651.98, 3911
6654.32, 3910
6658.92, 3909
6663.03, 3908
6666.69, 3907
6672.61, 3906
6676.12, 3905
6683.44, 3904
6684.89, 3903
6689.35, 3902
6691.56, 3901
6702.85, 3900
6704.41, 3899
6722.71, 3898
6723.88, 3897
6733.93, 3896
6752.73, 3895
6753.82, 3894
6771.58, 3893
6777.91, 3892
6779.02, 3891
6796.08, 3890
6806.46, 3889
6810.63, 3888
6811.73, 3887
6812.83, 3886
6814.18, 3885
6815.04, 3884
6841.88, 3883
6843.15, 3882
6844.25, 3881
6845.19, 3880
6862.49, 3879
6895.11, 3878
6900.23, 3877
6908.72, 3876
6915.57, 3875
6916.82, 3874
6917.87, 3873
6918.98, 3872
6927.51, 3871
6928.59, 3870
6929.66, 3869
6935.24, 3868
6942.48, 3867
6943.6, 3866
6944.7, 3865
6958.7, 3864
6959.82, 3863
6960.9, 3862
6962.0, 3861
6963.12, 3860
6969.74, 3859
6981.76, 3858
6983.79, 3857
6984.7, 3856
7003.23, 3855
7004.4, 3854
7006.23, 3853
7006.66, 3852
7017.87, 3851
7019.02, 3850
7020.15, 3849
7021.23, 3848
7026.41, 3847
7049.47, 3846
7050.69, 3845
7051.74, 3844
7052.86, 3843
7053.98, 3842
7120.49, 3841
7123.76, 3840
7129.5, 3839
7132.19, 3838
7136.04, 3837
7143.9, 3836
7153.5, 3835
7156.51, 3834
7162.31, 3833
7171.57, 3832
7179.19, 3831
7187.53, 3830
7190.38, 3829
7191.57, 3828
7193.53, 3827
7203.19, 3826
7204.26, 3825
7226.01, 3824
7227.65, 3823
7228.23, 3822
7229.36, 3821
7237.51, 3820
7245.01, 3819
7248.7, 3818
7249.88, 3817
7287.29, 3816
7291.38, 3815
7295.15, 3814
7305.26, 3813
7305.85, 3812
7349.61, 3811
7356.28, 3810
7359.12, 3809
7363.94, 3808
7369.79, 3807
7373.82, 3806
7373.86, 3805
7379.31, 3804
7384.8, 3803
7386.21, 3802
7394.45, 3801
7406.39, 3800
7407.48, 3799
7408.59, 3798
7409.7, 3797
7427.64, 3796
7433.06, 3795
7440.81, 3794
7442.06, 3793
7446.76, 3792
7450.5, 3791
7453.29, 3790
7458.26, 3789
7463.92, 3788
7466.26, 3787
7469.99, 3786
7476.88, 3785
7478.0, 3784
7481.72, 3783
7494.26, 3782
7497.72, 3781
7505.0, 3780
7506.75, 3779
7509.82, 3778
7512.32, 3777
7516.1, 3776
7521.63, 3775
7553.1, 3774
7573.98, 3773
7577.86, 3772
7582.52, 3771
7584.87, 3770
7591.07, 3769
7595.21, 3768
7597.75, 3767
7608.33, 3766
7631.38, 3765
7643.04, 3764
7666.58, 3763
7673.79, 3762
7684.01, 3761
7688.62, 3760
7692.0, 3759
7698.72, 3758
7703.48, 3757
7705.65, 3756
7712.18, 3755
7720.98, 3754
7732.99, 3753
7739.29, 3752
7744.21, 3751
7747.01, 3750
7750.57, 3749
7753.84, 3748
7758.23, 3747
7765.46, 3746
7768.26, 3745
7781.68, 3744
7792.3, 3743
7804.54, 3742
7813.11, 3741
7815.27, 3740
7816.45, 3739
7830.01, 3738
7831.17, 3737
7849.36, 3736
7854.2, 3735
7872.58, 3734
7879.79, 3733
7882.33, 3732
7891.27, 3731
7900.5, 3730
7905.85, 3729
7913.91, 3728
7921.23, 3727
7924.16, 3726
7929.35, 3725
7930.55, 3724
7933.65, 3723
7939.56, 3722
7944.41, 3721
7947.55, 3720
7949.96, 3719
7957.3, 3718
7965.72, 3717
7972.43, 3716
7993.67, 3715
8004.08, 3714
8013.35, 3713
8016.89, 3712
8031.02, 3711
8034.28, 3710
8039.83, 3709
8044.07, 3708
8047.16, 3707
8051.41, 3706
8055.25, 3705
8059.31, 3704
8064.12, 3703
8068.96, 3702
8072.04, 3701
8078.28, 3700
8103.55, 3699
8123.42, 3698
8127.52, 3697
8131.79, 3696
8136.66, 3695
8141.19, 3694
8150.86, 3693
8156.36, 3692
8158.22, 3691
8164.37, 3690
8166.16, 3689
8173.97, 3688
8174.97, 3687
8181.18, 3686
8183.94, 3685
8193.66, 3684
8199.48, 3683
8203.0, 3682
8205.48, 3681
8209.42, 3680
8216.17, 3679
8219.45, 3678
8222.52, 3677
8224.74, 3676
8239.6, 3675
8241.72, 3674
8291.52, 3673
8303.38, 3672
8311.7, 3671
8320.27, 3670
8321.79, 3669
8326.51, 3668
8332.32, 3667
8335.49, 3666
8339.89, 3665
8344.15, 3664
8347.65, 3663
8352.91, 3662
8357.61, 3661
8362.64, 3660
8378.45, 3659
8390.24, 3658
8391.5, 3657
8400.18, 3656
8423.4, 3655
8429.28, 3654
8435.26, 3653
8440.91, 3652
8443.9, 3651
8450.44, 3650
8454.36, 3649
8458.88, 3648
8462.73, 3647
8466.72, 3646
8478.38, 3645
8484.29, 3644
8512.65, 3643
8517.31, 3642
8524.65, 3641
8530.81, 3640
8534.92, 3639
8546.28, 3638
8554.36, 3637
8580.03, 3636
8581.09, 3635
8594.52, 3634
8599.57, 3633
8619.49, 3632
8622.63, 3631
8642.18, 3630
8648.76, 3629
8667.41, 3628
8671.7, 3627
8677.58, 3626
8683.92, 3625
8683.95, 3624
8688.08, 3623
8694.35, 3622
8697.77, 3621
8707.85, 3620
8713.68, 3619
8716.88, 3618
8724.4, 3617
8726.98, 3616
8731.0, 3615
8734.62, 3614
8740.3, 3613
8744.5, 3612
8747.73, 3611
8751.8, 3610
8757.55, 3609
8761.16, 3608
8771.5, 3607
8773.56, 3606
8779.64, 3605
8786.24, 3604
8792.75, 3603
8799.27, 3602
8810.95, 3601
8813.92, 3600
8816.23, 3599
8854.29, 3598
8872.11, 3597
8878.84, 3596
8882.57, 3595
8884.69, 3594
8889.9, 3593
8895.93, 3592
8901.07, 3591
8904.68, 3590
8911.59, 3589
8918.33, 3588
8927.45, 3587
8928.53, 3586
8932.5, 3585
8936.84, 3584
8941.32, 3583
8945.11, 3582
8950.72, 3581
8955.25, 3580
8960.4, 3579
8991.39, 3578
8998.78, 3577
9004.41, 3576
9015.26, 3575
9022.33, 3574
9029.09, 3573
9030.73, 3572
9045.69, 3571
9054.44, 3570
9071.23, 3569
9074.04, 3568
9080.08, 3567
9091.25, 3566
9097.09, 3565
9102.01, 3564
9105.67, 3563
9116.84, 3562
9125.5, 3561
9130.8, 3560
9151.21, 3559
9154.57, 3558
9158.29, 3557
9166.14, 3556
9167.31, 3555
9172.59, 3554
9176.2, 3553
9180.73, 3552
9186.26, 3551
9191.54, 3550
9192.59, 3549
9197.84, 3548
9200.84, 3547
9204.46, 3546
9211.12, 3545
9213.98, 3544
9217.58, 3543
9222.2, 3542
9224.6, 3541
9231.57, 3540
9261.65, 3539
9266.77, 3538
9295.64, 3537
9297.69, 3536
9309.97, 3535
9321.17, 3534
9327.06, 3533
9413.74, 3532
9414.89, 3531
9416.57, 3530
9417.14, 3529
9418.44, 3528
9419.36, 3527
9421.06, 3526
9427.98, 3525
9432.24, 3524
9436.07, 3523
9440.94, 3522
9446.95, 3521
9450.69, 3520
9466.91, 3519
9470.14, 3518
9474.01, 3517
9478.53, 3516
9479.89, 3515
9484.16, 3514
9487.38, 3513
9491.59, 3512
9502.86, 3511
9504.43, 3510
9508.38, 3509
9511.96, 3508
9515.87, 3507
9534.06, 3506
9540.83, 3505
9555.62, 3504
9565.03, 3503
9576.1, 3502
9582.68, 3501
9586.16, 3500
9591.16, 3499
9594.55, 3498
9606.25, 3497
9617.23, 3496
9621.98, 3495
9629.24, 3494
9631.37, 3493
9638.55, 3492
9647.21, 3491
9649.43, 3490
9654.59, 3489
9656.69, 3488
9660.82, 3487
9707.45, 3486
9711.68, 3485
9718.19, 3484
9723.83, 3483
9729.87, 3482
9744.61, 3481
9754.15, 3480
9762.85, 3479
9767.09, 3478
9780.83, 3477
9796.7, 3476
9799.4, 3475
9803.85, 3474
9808.97, 3473
9813.39, 3472
9822.0, 3471
9827.07, 3470
9831.1, 3469
9841.51, 3468
9846.97, 3467
9851.65, 3466
9861.45, 3465
9866.12, 3464
9871.38, 3463
9876.87, 3462
9880.97, 3461
9884.58, 3460
9889.3, 3459
9894.75, 3458
9895.92, 3457
9899.51, 3456
9906.59, 3455
9915.82, 3454
9923.08, 3453
9947.53, 3452
9951.0, 3451
9957.7, 3450
9963.13, 3449
9967.14, 3448
9971.18, 3447
9975.82, 3446
9980.66, 3445
9983.74, 3444
9990.6, 3443
9992.48, 3442
10002.28, 3441
10021.78, 3440
10031.06, 3439
10038.79, 3438
10043.98, 3437
10049.49, 3436
10050.66, 3435
10084.06, 3434
10091.14, 3433
10094.93, 3432
10110.46, 3431
10113.5, 3430
10116.7, 3429
10133.31, 3428
10144.64, 3427
10147.39, 3426
10157.55, 3425
10164.74, 3424
10176.46, 3423
10187.63, 3422
10191.34, 3421
10202.15, 3420
10206.74, 3419
10213.45, 3418
10224.49, 3417
10230.65, 3416
10248.8, 3415
10261.43, 3414
10270.76, 3413
10276.95, 3412
10280.15, 3411
10289.64, 3410
10292.32, 3409
10299.89, 3408
10306.75, 3407
10307.74, 3406
10319.88, 3405
10328.33, 3404
10337.9, 3403
10347.19, 3402
10364.44, 3401
10369.91, 3400
10374.79, 3399
10379.95, 3398
10394.2, 3397
10395.32, 3396
10410.82, 3395
10416.48, 3394
10420.9, 3393
10423.29, 3392
10427.18, 3391
10437.73, 3390
10438.89, 3389
10464.45, 3388
10479.34, 3387
10485.88, 3386
10495.45, 3385
10501.05, 3384
10507.41, 3383
10511.25, 3382
10514.91, 3381
10524.69, 3380
10527.74, 3379
10538.99, 3378
10547.77, 3377
10551.73, 3376
10559.16, 3375
10559.21, 3374
10567.88, 3373
10572.41, 3372
10578.63, 3371
10602.8, 3370
10607.42, 3369
10613.51, 3368
10620.74, 3367
10626.66, 3366
10630.38, 3365
10633.94, 3364
10636.93, 3363
10645.32, 3362
10649.58, 3361
10652.87, 3360
10657.6, 3359
10664.52, 3358
10671.08, 3357
10674.14, 3356
10679.6, 3355
10682.48, 3354
10686.13, 3353
10746.58, 3352
10751.86, 3351
10755.31, 3350
10760.85, 3349
10778.48, 3348
10786.35, 3347
10787.88, 3346
10796.72, 3345
10801.74, 3344
10815.88, 3343
10820.7, 3342
10821.83, 3341
10826.25, 3340
10834.94, 3339
10843.47, 3338
10854.27, 3337
10855.24, 3336
10859.15, 3335
10863.28, 3334
10866.22, 3333
10874.73, 3332
10880.24, 3331
10894.73, 3330
10914.23, 3329
10916.96, 3328
10920.8, 3327
10927.81, 3326
10933.65, 3325
10938.59, 3324
10941.14, 3323
10944.74, 3322
10950.69, 3321
10955.73, 3320
10961.85, 3319
10964.14, 3318
10968.32, 3317
10972.17, 3316
10987.19, 3315
10992.68, 3314
10996.64, 3313
10999.75, 3312
11002.26, 3311
11007.78, 3310
11010.02, 3309
11019.32, 3308
11024.47, 3307
11043.28, 3306
11051.36, 3305
11056.82, 3304
11071.45, 3303
11093.8, 3302
11115.58, 3301
11119.08, 3300
11122.51, 3299
11127.4, 3298
11130.93, 3297
11134.68, 3296
11143.61, 3295
11146.63, 3294
11151.83, 3293
11155.32, 3292
11161.6, 3291
11165.88, 3290
11170.95, 3289
11175.55, 3288
11178.86, 3287
11186.94, 3286
11191.0, 3285
11196.67, 3284
11200.6, 3283
11206.83, 3282
11221.62, 3281
11224.69, 3280
11230.45, 3279
11233.59, 3278
11260.18, 3277
11293.77, 3276
11297.99, 3275
11304.35, 3274
11320.46, 3273
11330.65, 3272
11340.93, 3271
11346.04, 3270
11357.82, 3269
11362.25, 3268
11364.19, 3267
11373.57, 3266
11382.88, 3265
11390.57, 3264
11392.43, 3263
11394.33, 3262
11398.18, 3261
11407.26, 3260
11438.27, 3259
11445.92, 3258
11449.56, 3257
11453.46, 3256
11462.14, 3255
11473.05, 3254
11484.04, 3253
11511.73, 3252
11521.7, 3251
11525.33, 3250
11533.98, 3249
11544.68, 3248
11547.08, 3247
11558.02, 3246
11570.43, 3245
11580.39, 3244
11591.34, 3243
11597.48, 3242
11608.2, 3241
11611.14, 3240
11628.38, 3239
11631.12, 3238
11645.68, 3237
11649.61, 3236
11660.48, 3235
11678.41, 3234
11679.22, 3233
11691.33, 3232
11720.97, 3231
11726.4, 3230
11733.07, 3229
11737.89, 3228
11742.65, 3227
11746.77, 3226
11769.85, 3225
11777.53, 3224
11782.53, 3223
11785.8, 3222
11789.75, 3221
11799.19, 3220
11807.81, 3219
11822.34, 3218
11828.3, 3217
11842.53, 3216
11848.13, 3215
11857.95, 3214
11859.07, 3213
11869.37, 3212
11872.13, 3211
11878.71, 3210
11880.96, 3209
11888.32, 3208
11890.97, 3207
11897.54, 3206
11902.21, 3205
11907.46, 3204
11913.79, 3203
11917.73, 3202
11921.59, 3201
11960.92, 3200
11968.41, 3199
11979.48, 3198
11982.51, 3197
11985.64, 3196
11991.09, 3195
11997.18, 3194
12000.57, 3193
12006.32, 3192
12010.4, 3191
12018.13, 3190
12026.79, 3189
12037.05, 3188
12041.23, 3187
12047.14, 3186
12055.5, 3185
12066.85, 3184
12074.04, 3183
12091.5, 3182
12111.14, 3181
12116.83, 3180
12123.03, 3179
12125.79, 3178
12134.94, 3177
12140.57, 3176
12144.89, 3175
12150.42, 3174
12155.64, 3173
12160.59, 3172
12163.79, 3171
12170.57, 3170
12174.02, 3169
12179.11, 3168
12183.23, 3167
12214.08, 3166
12220.46, 3165
12224.83, 3164
12230.64, 3163
12234.93, 3162
12238.79, 3161
12257.46, 3160
12263.71, 3159
12277.17, 3158
12286.51, 3157
12298.29, 3156
12307.33, 3155
12310.08, 3154
12314.33, 3153
12340.96, 3152
12347.16, 3151
12350.4, 3150
12355.3, 3149
12360.63, 3148
12369.81, 3147
12383.71, 3146
12399.72, 3145
12403.82, 3144
12408.01, 3143
12412.69, 3142
12416.29, 3141
12419.5, 3140
12430.36, 3139
12433.06, 3138
12439.62, 3137
12445.67, 3136
12455.68, 3135
12458.53, 3134
12487.66, 3133
12492.96, 3132
12502.0, 3131
12504.74, 3130
12508.78, 3129
12521.59, 3128
12537.16, 3127
12547.51, 3126
12553.89, 3125
12567.94, 3124
12571.03, 3123
12576.29, 3122
12580.16, 3121
12583.91, 3120
12596.66, 3119
12601.89, 3118
12604.58, 3117
12608.47, 3116
12614.62, 3115
12618.37, 3114
12622.61, 3113
12641.28, 3112
12655.89, 3111
12663.65, 3110
12668.89, 3109
12675.03, 3108
12677.56, 3107
12682.49, 3106
12687.33, 3105
12690.92, 3104
12694.41, 3103
12716.65, 3102
12717.74, 3101
12719.03, 3100
12719.94, 3099
12721.03, 3098
12727.79, 3097
12787.76, 3096
12791.99, 3095
12795.77, 3094
12797.01, 3093
12799.86, 3092
12805.37, 3091
12829.46, 3090
12837.0, 3089
12840.96, 3088
12908.5, 3087
12917.51, 3086
12918.49, 3085
12919.61, 3084
12920.76, 3083
12923.65, 3082
12941.7, 3081
12987.87, 3080
12991.75, 3079
13009.24, 3078
13014.95, 3077
13019.41, 3076
13020.77, 3075
13021.71, 3074
13022.82, 3073
13031.16, 3072
13033.21, 3071
13041.27, 3070
13045.36, 3069
13050.5, 3068
13065.29, 3067
13068.31, 3066
13088.56, 3065
13090.84, 3064
13097.34, 3063
13104.42, 3062
13105.61, 3061
13109.95, 3060
13117.45, 3059
13128.26, 3058
13131.91, 3057
13145.73, 3056
13151.19, 3055
13154.61, 3054
13155.83, 3053
13184.5, 3052
13191.1, 3051
13213.73, 3050
13214.86, 3049
13215.95, 3048
13217.08, 3047
13219.01, 3046
13229.79, 3045
13245.59, 3044
13248.13, 3043
13248.22, 3042
13249.25, 3041
13250.35, 3040
13287.91, 3039
13291.9, 3038
13301.91, 3037
13308.9, 3036
13311.25, 3035
13311.28, 3034
13319.9, 3033
13320.57, 3032
13336.92, 3031
13340.65, 3030
13343.93, 3029
13345.11, 3028
13346.24, 3027
13358.65, 3026
13366.8, 3025
13367.91, 3024
13369.02, 3023
13370.13, 3022
13395.3, 3021
13398.73, 3020
13398.77, 3019
13398.9, 3018
13402.1, 3017
13406.82, 3016
13411.34, 3015
13416.95, 3014
13427.89, 3013
13431.4, 3012
13444.07, 3011
13448.46, 3010
13451.97, 3009
13458.37, 3008
13461.95, 3007
13465.19, 3006
13476.55, 3005
13482.04, 3004
13485.63, 3003
13488.73, 3002
13495.98, 3001
13510.3, 3000
13510.94, 2999
13513.82, 2998
13520.53, 2997
13523.13, 2996
13528.17, 2995
13613.75, 2994
13618.96, 2993
13625.12, 2992
13635.07, 2991
13636.21, 2990
13644.83, 2989
13649.22, 2988
13680.0, 2987
13708.68, 2986
13718.4, 2985
13721.91, 2984
13724.84, 2983
13728.05, 2982
13737.57, 2981
13737.6, 2980
13741.67, 2979
13745.43, 2978
13749.5, 2977
13761.84, 2976
13769.98, 2975
13773.25, 2974
13774.25, 2973
13776.65, 2972
13790.44, 2971
13794.07, 2970
13802.48, 2969
13803.58, 2968
13815.1, 2967
13822.09, 2966
13824.22, 2965
13825.37, 2964
13831.53, 2963
13837.07, 2962
13841.67, 2961
13847.91, 2960
13851.87, 2959
13856.72, 2958
13864.87, 2957
13869.92, 2956
13871.96, 2955
13880.8, 2954
13899.13, 2953
13907.82, 2952
13908.98, 2951
13910.07, 2950
13941.9, 2949
13979.83, 2948
13980.94, 2947
13995.9, 2946
14004.38, 2945
14011.16, 2944
14011.93, 2943
14013.27, 2942
14024.95, 2941
14039.38, 2940
14044.48, 2939
14045.66, 2938
14071.74, 2937
14072.83, 2936
14073.99, 2935
14075.15, 2934
14091.85, 2933
14109.23, 2932
14124.48, 2931
14127.11, 2930
14145.02, 2929
14157.93, 2928
14162.3, 2927
14166.27, 2926
14179.16, 2925
14183.06, 2924
14184.04, 2923
14185.39, 2922
14186.39, 2921
14193.03, 2920
14207.24, 2919
14207.36, 2918
14213.72, 2917
14214.82, 2916
14223.15, 2915
14225.69, 2914
14236.61, 2913
14240.82, 2912
14244.97, 2911
14246.2, 2910
14251.07, 2909
14253.96, 2908
14257.93, 2907
14264.75, 2906
14273.84, 2905
14275.7, 2904
14281.14, 2903
14313.14, 2902
14353.6, 2901
14356.33, 2900
14359.83, 2899
14361.0, 2898
14369.59, 2897
14382.0, 2896
14386.42, 2895
14393.12, 2894
14395.11, 2893
14404.89, 2892
14410.07, 2891
14413.24, 2890
14416.81, 2889
14498.2, 2888
14498.33, 2887
14498.76, 2886
14499.86, 2885
14501.75, 2884
14506.77, 2883
14529.3, 2882
14552.16, 2881
14569.88, 2880
14570.94, 2879
14572.02, 2878
14577.06, 2877
14583.84, 2876
14591.2, 2875
14598.04, 2874
14614.35, 2873
14616.51, 2872
14621.25, 2871
14627.28, 2870
14631.1, 2869
14632.97, 2868
14644.52, 2867
14653.82, 2866
14675.35, 2865
14675.38, 2864
14676.81, 2863
14677.55, 2862
14678.24, 2861
14680.81, 2860
14687.31, 2859
14701.11, 2858
14760.86, 2857
14762.01, 2856
14763.31, 2855
14764.86, 2854
14766.34, 2853
14766.35, 2852
14776.93, 2851
14784.59, 2850
14787.14, 2849
14819.67, 2848
14820.92, 2847
14824.09, 2846
14824.11, 2845
14824.12, 2844
14834.93, 2843
14839.88, 2842
14844.31, 2841
14866.88, 2840
14885.09, 2839
14892.03, 2838
14930.21, 2837
14931.32, 2836
14940.33, 2835
14941.49, 2834
14947.15, 2833
14958.55, 2832
14974.73, 2831
14979.67, 2830
14980.96, 2829
14982.06, 2828
14983.16, 2827
14984.27, 2826
14989.71, 2825
15012.28, 2824
15018.67, 2823
15019.76, 2822
15020.87, 2821
15021.95, 2820
15027.05, 2819
15031.68, 2818
15039.7, 2817
15040.74, 2816
15069.8, 2815
15080.87, 2814
15081.99, 2813
15126.45, 2812
15147.58, 2811
15155.46, 2810
15158.93, 2809
15169.63, 2808
15170.75, 2807
15174.64, 2806
15178.67, 2805
15187.89, 2804
15189.8, 2803
15192.05, 2802
15210.21, 2801
15220.21, 2800
15224.13, 2799
15234.78, 2798
15235.49, 2797
15236.77, 2796
15243.99, 2795
15251.05, 2794
15254.22, 2793
15255.3, 2792
15289.09, 2791
15293.84, 2790
15298.77, 2789
15299.99, 2788
15305.79, 2787
15318.07, 2786
15318.97, 2785
15321.15, 2784
15329.42, 2783
15378.11, 2782
15393.25, 2781
15401.27, 2780
15402.19, 2779
15403.28, 2778
15404.39, 2777
15426.27, 2776
15429.2, 2775
15430.2, 2774
15431.27, 2773
15432.63, 2772
15439.48, 2771
15442.48, 2770
15447.57, 2769
15454.03, 2768
15454.05, 2767
15489.95, 2766
15501.81, 2765
15507.3, 2764
15530.77, 2763
15554.1, 2762
15555.16, 2761
15575.27, 2760
15582.56, 2759
15596.41, 2758
15598.0, 2757
15598.69, 2756
15602.79, 2755
15608.83, 2754
15663.97, 2753
15664.01, 2752
15689.69, 2751
15690.66, 2750
15691.9, 2749
15692.87, 2748
15695.51, 2747
15702.67, 2746
15708.14, 2745
15709.2, 2744
15715.41, 2743
15721.22, 2742
15727.72, 2741
15737.28, 2740
15743.12, 2739
15765.01, 2738
15769.74, 2737
15782.02, 2736
15812.84, 2735
15843.2, 2734
15843.25, 2733
15847.51, 2732
15847.54, 2731
15866.11, 2730
15868.58, 2729
15879.86, 2728
15883.6, 2727
15903.22, 2726
15904.34, 2725
15905.41, 2724
15906.52, 2723
15907.63, 2722
15928.7, 2721
15939.56, 2720
15941.5, 2719
15947.96, 2718
15968.62, 2717
15977.11, 2716
15978.25, 2715
15984.79, 2714
15988.48, 2713
15993.05, 2712
15995.55, 2711
16001.68, 2710
16005.84, 2709
16014.25, 2708
16023.32, 2707
16034.85, 2706
16035.51, 2705
16036.61, 2704
16048.94, 2703
16088.87, 2702
16110.06, 2701
16152.64, 2700
16153.76, 2699
16154.88, 2698
16156.05, 2697
16157.23, 2696
16161.59, 2695
16164.23, 2694
16177.32, 2693
16183.29, 2692
16186.93, 2691
16191.51, 2690
16267.11, 2689
16275.35, 2688
16291.66, 2687
16298.44, 2686
16302.03, 2685
16303.12, 2684
16304.58, 2683
16313.08, 2682
16320.11, 2681
16323.94, 2680
16326.11, 2679
16330.9, 2678
16339.95, 2677
16340.88, 2676
16346.11, 2675
16362.64, 2674
16366.8, 2673
16371.46, 2672
16377.24, 2671
16384.46, 2670
16411.09, 2669
16417.79, 2668
16426.18, 2667
16427.43, 2666
16428.52, 2665
16429.67, 2664
16432.2, 2663
16443.92, 2662
16444.24, 2661
16445.33, 2660
16467.54, 2659
16474.01, 2658
16477.58, 2657
16478.71, 2656
16479.81, 2655
16480.91, 2654
16499.31, 2653
16499.36, 2652
16504.43, 2651
16505.6, 2650
16507.41, 2649
16514.88, 2648
16520.34, 2647
16527.19, 2646
16533.16, 2645
16533.21, 2644
16566.17, 2643
16579.68, 2642
16581.38, 2641
16582.46, 2640
16611.15, 2639
16612.24, 2638
16613.34, 2637
16621.1, 2636
16622.16, 2635
16627.01, 2634
16728.86, 2633
16732.41, 2632
16765.98, 2631
16783.9, 2630
16783.92, 2629
16793.28, 2628
16800.36, 2627
16801.48, 2626
16811.25, 2625
16819.98, 2624
16821.15, 2623
16828.52, 2622
16833.42, 2621
16870.88, 2620
16884.41, 2619
16892.47, 2618
16901.84, 2617
16902.88, 2616
16929.36, 2615
16931.95, 2614
16937.46, 2613
16940.33, 2612
16941.51, 2611
16942.61, 2610
16944.7, 2609
16951.23, 2608
16958.61, 2607
16960.56, 2606
16974.34, 2605
16976.7, 2604
17027.55, 2603
17048.34, 2602
17052.96, 2601
17057.17, 2600
17060.47, 2599
17065.49, 2598
17069.95, 2597
17075.18, 2596
17086.29, 2595
17086.33, 2594
17087.64, 2593
17093.95, 2592
17111.71, 2591
17111.81, 2590
17117.75, 2589
17118.4, 2588
17123.5, 2587
17124.66, 2586
17144.06, 2585
17144.1, 2584
17144.11, 2583
17144.43, 2582
17159.13, 2581
17170.52, 2580
17171.73, 2579
17172.97, 2578
17285.59, 2577
17309.08, 2576
17321.57, 2575
17343.47, 2574
17346.71, 2573
17348.65, 2572
17352.02, 2571
17353.15, 2570
17366.03, 2569
17401.13, 2568
17401.79, 2567
17402.84, 2566
17404.62, 2565
17405.26, 2564
17415.8, 2563
17429.96, 2562
17442.81, 2561
17462.34, 2560
17468.74, 2559
17468.79, 2558
17476.23, 2557
17488.49, 2556
17491.15, 2555
17497.79, 2554
17509.51, 2553
17523.75, 2552
17532.72, 2551
17533.86, 2550
17539.87, 2549
17546.92, 2548
17554.46, 2547
17560.1, 2546
17562.78, 2545
17574.45, 2544
17579.94, 2543
17582.71, 2542
17591.29, 2541
17604.01, 2540
17615.63, 2539
17709.23, 2538
17713.77, 2537
17724.75, 2536
17756.86, 2535
17761.65, 2534
17769.12, 2533
17778.29, 2532
17783.95, 2531
17789.06, 2530
17793.97, 2529
17797.31, 2528
17801.2, 2527
17820.98, 2526
17832.37, 2525
17834.58, 2524
17875.64, 2523
17892.85, 2522
17892.9, 2521
17905.25, 2520
17907.17, 2519
17928.51, 2518
17933.84, 2517
17952.01, 2516
17952.05, 2515
17966.18, 2514
17977.65, 2513
17992.66, 2512
17999.27, 2511
18017.62, 2510
18019.1, 2509
18028.2, 2508
18046.27, 2507
18049.32, 2506
18050.45, 2505
18056.48, 2504
18070.95, 2503
18097.86, 2502
18100.03, 2501
18143.78, 2500
18152.86, 2499
18171.2, 2498
18181.53, 2497
18183.94, 2496
18191.08, 2495
18203.78, 2494
18205.7, 2493
18211.94, 2492
18216.91, 2491
18221.03, 2490
18232.91, 2489
18237.96, 2488
18242.43, 2487
18247.37, 2486
18251.72, 2485
18271.85, 2484
18283.29, 2483
18301.79, 2482
18304.66, 2481
18322.04, 2480
18323.11, 2479
18327.54, 2478
18337.43, 2477
18341.89, 2476
18351.56, 2475
18358.3, 2474
18366.02, 2473
18372.98, 2472
18405.16, 2471
18421.69, 2470
18422.49, 2469
18423.75, 2468
18440.9, 2467
18442.04, 2466
18446.9, 2465
18454.47, 2464
18455.53, 2463
18461.21, 2462
18468.48, 2461
18492.47, 2460
18492.66, 2459
18498.94, 2458
18501.89, 2457
18515.31, 2456
18518.85, 2455
18521.77, 2454
18522.63, 2453
18532.35, 2452
18538.38, 2451
18542.11, 2450
18556.99, 2449
18578.22, 2448
18579.3, 2447
18587.94, 2446
18589.35, 2445
18600.13, 2444
18602.72, 2443
18644.82, 2442
18645.07, 2441
18646.29, 2440
18656.46, 2439
18657.41, 2438
18658.46, 2437
18676.51, 2436
18700.98, 2435
18710.84, 2434
18715.92, 2433
18755.14, 2432
18755.18, 2431
18755.2, 2430
18755.21, 2429
18755.23, 2428
18763.04, 2427
18769.64, 2426
18775.76, 2425
18776.98, 2424
18790.21, 2423
18791.39, 2422
18803.16, 2421
18826.73, 2420
18827.9, 2419
18829.03, 2418
18834.83, 2417
18839.17, 2416
18844.18, 2415
18860.75, 2414
18871.28, 2413
18883.98, 2412
18890.14, 2411
18900.78, 2410
18905.12, 2409
18962.23, 2408
18971.33, 2407
18972.51, 2406
18978.75, 2405
18986.56, 2404
18991.75, 2403
18992.91, 2402
18997.54, 2401
19006.7, 2400
19012.79, 2399
19023.98, 2398
19041.28, 2397
19058.82, 2396
19061.78, 2395
19077.35, 2394
19086.05, 2393
19086.11, 2392
19104.79, 2391
19114.77, 2390
19127.17, 2389
19128.38, 2388
19130.09, 2387
19155.53, 2386
19156.59, 2385
19157.39, 2384
19161.07, 2383
19181.74, 2382
19186.52, 2381
19193.33, 2380
19209.58, 2379
19212.88, 2378
19220.62, 2377
19221.75, 2376
19250.84, 2375
19279.87, 2374
19287.16, 2373
19288.61, 2372
19300.34, 2371
19306.32, 2370
19322.93, 2369
19334.1, 2368
19335.3, 2367
19340.64, 2366
19356.67, 2365
19357.73, 2364
19365.77, 2363
19367.26, 2362
19385.97, 2361
19389.02, 2360
19390.16, 2359
19403.29, 2358
19410.9, 2357
19433.1, 2356
19434.17, 2355
19435.3, 2354
19446.31, 2353
19458.42, 2352
19459.58, 2351
19465.94, 2350
19472.96, 2349
19479.85, 2348
19487.25, 2347
19499.57, 2346
19505.46, 2345
19517.94, 2344
19529.19, 2343
19540.09, 2342
19541.19, 2341
19566.4, 2340
19585.53, 2339
19593.73, 2338
19602.51, 2337
19605.01, 2336
19613.57, 2335
19624.8, 2334
19629.88, 2333
19640.5, 2332
19641.62, 2331
19652.26, 2330
19664.36, 2329
19667.59, 2328
19677.45, 2327
19689.08, 2326
19691.66, 2325
19696.19, 2324
19709.58, 2323
19725.17, 2322
19734.23, 2321
19735.45, 2320
19740.77, 2319
19754.51, 2318
19755.54, 2317
19760.56, 2316
19770.94, 2315
19776.38, 2314
19781.35, 2313
19792.95, 2312
19796.69, 2311
19812.81, 2310
19818.86, 2309
19819.99, 2308
19840.58, 2307
19843.27, 2306
19853.64, 2305
19860.88, 2304
19878.8, 2303
19890.76, 2302
19891.92, 2301
19902.3, 2300
19917.29, 2299
19923.8, 2298
19928.16, 2297
19952.46, 2296
19952.58, 2295
19953.3, 2294
19954.4, 2293
19983.88, 2292
19999.45, 2291
20007.45, 2290
20008.41, 2289
20019.81, 2288
20025.64, 2287
20031.94, 2286
20040.97, 2285
20048.06, 2284
20050.49, 2283
20065.84, 2282
20074.16, 2281
20077.83, 2280
20092.43, 2279
20099.47, 2278
20106.61, 2277
20116.1, 2276
20123.39, 2275
20129.42, 2274
20153.04, 2273
20170.33, 2272
20171.45, 2271
20174.15, 2270
20181.01, 2269
20190.12, 2268
20203.06, 2267
20217.65, 2266
20225.57, 2265
20240.38, 2264
20248.99, 2263
20255.47, 2262
20265.88, 2261
20270.95, 2260
20280.25, 2259
20308.7, 2258
20308.82, 2257
20309.84, 2256
20319.17, 2255
20320.37, 2254
20340.48, 2253
20348.31, 2252
20359.28, 2251
20360.76, 2250
20369.07, 2249
20370.23, 2248
20383.41, 2247
20391.45, 2246
20392.5, 2245
20501.57, 2244
20502.71, 2243
20503.83, 2242
20504.95, 2241
20506.1, 2240
20507.22, 2239
20514.21, 2238
20520.4, 2237
20535.34, 2236
20536.49, 2235
20537.56, 2234
20543.38, 2233
20548.07, 2232
20567.37, 2231
20567.93, 2230
20571.12, 2229
20578.38, 2228
20587.61, 2227
20588.94, 2226
20610.6, 2225
20618.81, 2224
20619.5, 2223
20628.96, 2222
20641.99, 2221
20654.04, 2220
20672.17, 2219
20690.63, 2218
20700.97, 2217
20704.71, 2216
20707.51, 2215
20725.1, 2214
20728.05, 2213
20729.26, 2212
20736.14, 2211
20754.77, 2210
20760.39, 2209
20781.39, 2208
20782.53, 2207
20783.76, 2206
20792.41, 2205
20808.85, 2204
20810.03, 2203
20822.2, 2202
20840.1, 2201
20847.26, 2200
20858.32, 2199
20871.82, 2198
20894.51, 2197
20905.94, 2196
20907.8, 2195
20912.2, 2194
20916.3, 2193
20930.18, 2192
20938.26, 2191
20942.52, 2190
20950.87, 2189
20983.88, 2188
20988.45, 2187
21002.15, 2186
21006.89, 2185
21012.36, 2184
21024.85, 2183
21030.84, 2182
21041.23, 2181
21067.37, 2180
21070.77, 2179
21071.91, 2178
21079.98, 2177
21084.14, 2176
21103.89, 2175
21121.27, 2174
21122.72, 2173
21133.23, 2172
21140.97, 2171
21144.71, 2170
21149.53, 2169
21173.28, 2168
21177.21, 2167
21185.81, 2166
21195.09, 2165
21209.34, 2164
21214.85, 2163
21229.93, 2162
21237.76, 2161
21248.74, 2160
21256.03, 2159
21277.61, 2158
21283.31, 2157
21284.58, 2156
21302.61, 2155
21321.0, 2154
21338.43, 2153
21343.49, 2152
21348.26, 2151
21352.71, 2150
21368.82, 2149
21387.3, 2148
21409.93, 2147
21415.83, 2146
21419.27, 2145
21425.97, 2144
21433.12, 2143
21438.68, 2142
21473.87, 2141
21490.41, 2140
21491.63, 2139
21492.71, 2138
21502.42, 2137
21503.64, 2136
21514.18, 2135
21528.19, 2134
21530.72, 2133
21538.9, 2132
21544.34, 2131
21553.94, 2130
21555.43, 2129
21567.44, 2128
21580.42, 2127
21590.38, 2126
21593.87, 2125
21602.94, 2124
21609.27, 2123
21616.8, 2122
21648.91, 2121
21650.32, 2120
21660.42, 2119
21675.19, 2118
21680.31, 2117
21686.99, 2116
21691.22, 2115
21699.33, 2114
21707.82, 2113
21723.35, 2112
21734.5, 2111
21745.36, 2110
21764.25, 2109
21770.82, 2108
21780.55, 2107
21796.84, 2106
21804.09, 2105
21818.06, 2104
21824.25, 2103
21831.86, 2102
21841.99, 2101
21860.14, 2100
21872.77, 2099
21894.22, 2098
21900.14, 2097
21908.59, 2096
21909.68, 2095
21918.94, 2094
21924.71, 2093
21942.35, 2092
21954.17, 2091
21955.28, 2090
21961.78, 2089
21977.61, 2088
21978.84, 2087
21992.76, 2086
22003.71, 2085
22008.32, 2084
22012.08, 2083
22024.81, 2082
22034.1, 2081
22041.37, 2080
22046.99, 2079
22059.24, 2078
22066.57, 2077
22070.77, 2076
22075.05, 2075
22095.32, 2074
22100.19, 2073
22121.89, 2072
22130.22, 2071
22137.54, 2070
22144.79, 2069
22173.97, 2068
22175.14, 2067
22184.02, 2066
22192.02, 2065
22205.0, 2064
22219.31, 2063
22226.87, 2062
22236.86, 2061
22240.95, 2060
22255.06, 2059
22265.42, 2058
22270.39, 2057
22296.48, 2056
22297.71, 2055
22302.17, 2054
22315.36, 2053
22339.12, 2052
22343.35, 2051
22346.4, 2050
22347.59, 2049
22375.16, 2048
22378.89, 2047
22387.34, 2046
22388.47, 2045
22397.74, 2044
22403.08, 2043
22420.03, 2042
22423.47, 2041
22447.66, 2040
22457.11, 2039
22465.01, 2038
22483.74, 2037
22484.9, 2036
22499.98, 2035
22511.31, 2034
22524.0, 2033
22535.35, 2032
22539.99, 2031
22546.52, 2030
22560.36, 2029
22571.14, 2028
22577.74, 2027
22591.31, 2026
22605.58, 2025
22606.74, 2024
22612.97, 2023
22623.98, 2022
22627.48, 2021
22639.81, 2020
22648.08, 2019
22653.05, 2018
22658.64, 2017
22670.34, 2016
22677.31, 2015
22678.79, 2014
22685.16, 2013
22690.28, 2012
22710.9, 2011
22712.05, 2010
22731.8, 2009
22732.83, 2008
22744.57, 2007
22762.25, 2006
22766.36, 2005
22766.46, 2004
22766.5, 2003
22766.67, 2002
22785.35, 2001
22798.68, 2000
22799.78, 1999
22804.68, 1998
22808.72, 1997
22818.63, 1996
22840.6, 1995
22844.38, 1994
22852.83, 1993
22866.99, 1992
22868.61, 1991
22874.49, 1990
22885.3, 1989
22886.97, 1988
22893.99, 1987
22898.74, 1986
22905.94, 1985
22933.71, 1984
22939.47, 1983
22945.27, 1982
22946.8, 1981
22947.79, 1980
22949.01, 1979
22961.08, 1978
22964.29, 1977
22974.31, 1976
22978.37, 1975
22985.53, 1974
22997.16, 1973
23000.44, 1972
23011.73, 1971
23017.21, 1970
23023.65, 1969
23030.5, 1968
23047.55, 1967
23048.87, 1966
23049.89, 1965
23068.98, 1964
23091.35, 1963
23092.42, 1962
23115.53, 1961
23126.41, 1960
23130.62, 1959
23131.79, 1958
23143.91, 1957
23144.84, 1956
23172.71, 1955
23179.79, 1954
23194.86, 1953
23198.4, 1952
23221.74, 1951
23237.37, 1950
23238.5, 1949
23246.64, 1948
23259.84, 1947
23273.88, 1946
23274.96, 1945
23280.72, 1944
23291.06, 1943
23299.69, 1942
23308.3, 1941
23311.23, 1940
23325.36, 1939
23334.24, 1938
23346.83, 1937
23352.83, 1936
23359.46, 1935
23365.09, 1934
23372.35, 1933
23383.24, 1932
23384.74, 1931
23407.91, 1930
23409.28, 1929
23432.27, 1928
23436.31, 1927
23448.93, 1926
23468.03, 1925
23512.75, 1924
23522.42, 1923
23530.4, 1922
23531.56, 1921
23544.79, 1920
23559.56, 1919
23565.69, 1918
23573.59, 1917
23573.96, 1916
23591.86, 1915
23593.03, 1914
23604.77, 1913
23605.86, 1912
23639.81, 1911
23640.47, 1910
23641.44, 1909
23659.4, 1908
23672.83, 1907
23673.97, 1906
23684.38, 1905
23710.63, 1904
23729.12, 1903
23733.22, 1902
23748.02, 1901
23748.11, 1900
23749.57, 1899
23777.68, 1898
23779.3, 1897
23780.46, 1896
23781.66, 1895
23790.69, 1894
23795.95, 1893
23801.51, 1892
23808.19, 1891
23828.98, 1890
23835.86, 1889
23840.32, 1888
23840.67, 1887
23873.21, 1886
23874.4, 1885
23875.56, 1884
23876.76, 1883
23881.21, 1882
23896.08, 1881
23898.08, 1880
23914.16, 1879
23919.72, 1878
23942.57, 1877
23943.71, 1876
23958.14, 1875
23972.23, 1874
23978.4, 1873
23983.37, 1872
24013.57, 1871
24018.57, 1870
24019.91, 1869
24033.3, 1868
24041.95, 1867
24045.17, 1866
24063.2, 1865
24072.19, 1864
24076.54, 1863
24080.1, 1862
24087.91, 1861
24095.94, 1860
24153.91, 1859
24157.97, 1858
24162.16, 1857
24172.09, 1856
24175.83, 1855
24178.99, 1854
24202.01, 1853
24203.98, 1852
24204.01, 1851
24216.05, 1850
24219.46, 1849
24225.08, 1848
24246.2, 1847
24250.12, 1846
24258.87, 1845
24260.21, 1844
24261.14, 1843
24262.26, 1842
24275.5, 1841
24279.32, 1840
24299.48, 1839
24316.7, 1838
24317.17, 1837
24317.2, 1836
24317.22, 1835
24333.85, 1834
24347.79, 1833
24347.91, 1832
24348.74, 1831
24354.85, 1830
24360.63, 1829
24368.12, 1828
24375.14, 1827
24378.23, 1826
24393.44, 1825
24403.07, 1824
24419.66, 1823
24428.82, 1822
24449.04, 1821
24458.68, 1820
24469.74, 1819
24470.9, 1818
24472.03, 1817
24473.15, 1816
24479.29, 1815
24492.32, 1814
24504.38, 1813
24527.23, 1812
24535.11, 1811
24536.25, 1810
24545.76, 1809
24557.26, 1808
24579.22, 1807
24580.34, 1806
24581.46, 1805
24582.58, 1804
24608.97, 1803
24611.7, 1802
24634.63, 1801
24644.29, 1800
24654.84, 1799
24660.21, 1798
24671.69, 1797
24678.14, 1796
24703.75, 1795
24709.12, 1794
24719.13, 1793
24721.52, 1792
24745.89, 1791
24747.16, 1790
24748.26, 1789
24750.16, 1788
24750.46, 1787
24759.4, 1786
24765.97, 1785
24766.01, 1784
24782.66, 1783
24792.05, 1782
24795.31, 1781
24796.39, 1780
24802.89, 1779
24820.37, 1778
24825.05, 1777
24828.87, 1776
24835.81, 1775
24848.33, 1774
24878.09, 1773
24879.74, 1772
24881.13, 1771
24882.86, 1770
24882.91, 1769
24905.38, 1768
24906.15, 1767
24927.76, 1766
24928.86, 1765
24930.08, 1764
24931.05, 1763
24966.06, 1762
24970.9, 1761
24982.82, 1760
24987.42, 1759
24988.5, 1758
24989.6, 1757
25025.88, 1756
25029.43, 1755
25038.34, 1754
25053.97, 1753
25055.11, 1752
25081.04, 1751
25090.78, 1750
25099.93, 1749
25119.25, 1748
25136.77, 1747
25145.9, 1746
25191.08, 1745
25202.07, 1744
25218.24, 1743
25240.79, 1742
25241.96, 1741
25265.1, 1740
25270.6, 1739
25289.28, 1738
25293.27, 1737
25298.88, 1736
25306.49, 1735
25319.26, 1734
25325.84, 1733
25344.19, 1732
25344.89, 1731
25368.03, 1730
25397.71, 1729
25417.13, 1728
25419.86, 1727
25442.27, 1726
25448.71, 1725
25451.73, 1724
25464.65, 1723
25473.04, 1722
25498.21, 1721
25504.0, 1720
25514.47, 1719
25528.49, 1718
25542.26, 1717
25551.5, 1716
25557.75, 1715
25567.07, 1714
25568.3, 1713
25578.21, 1712
25607.58, 1711
25608.35, 1710
25609.2, 1709
25610.96, 1708
25633.53, 1707
25633.6, 1706
25633.94, 1705
25657.44, 1704
25674.33, 1703
25678.67, 1702
25720.66, 1701
25743.61, 1700
25752.55, 1699
25759.97, 1698
25769.0, 1697
25833.43, 1696
25833.46, 1695
25834.3, 1694
25835.41, 1693
25836.53, 1692
25878.62, 1691
25892.72, 1690
25903.21, 1689
25903.3, 1688
25903.79, 1687
25910.97, 1686
25918.64, 1685
25928.52, 1684
25930.92, 1683
25939.71, 1682
25960.61, 1681
25974.67, 1680
25994.98, 1679
26028.98, 1678
26048.26, 1677
26063.23, 1676
26072.41, 1675
26084.43, 1674
26100.18, 1673
26114.1, 1672
26138.34, 1671
26139.56, 1670
26140.7, 1669
26161.02, 1668
26167.23, 1667
26172.77, 1666
26188.74, 1665
26192.69, 1664
26198.82, 1663
26205.03, 1662
26225.24, 1661
26227.98, 1660
26236.79, 1659
26241.08, 1658
26251.28, 1657
26259.51, 1656
26266.91, 1655
26305.05, 1654
26308.99, 1653
26312.55, 1652
26313.72, 1651
26331.15, 1650
26332.31, 1649
26333.39, 1648
26345.77, 1647
26350.88, 1646
26357.91, 1645
26369.61, 1644
26374.97, 1643
26381.83, 1642
26387.48, 1641
26396.1, 1640
26406.88, 1639
26410.31, 1638
26430.31, 1637
26439.09, 1636
26440.26, 1635
26441.4, 1634
26480.97, 1633
26490.02, 1632
26491.19, 1631
26533.0, 1630
26556.92, 1629
26560.87, 1628
26580.92, 1627
26581.82, 1626
26604.45, 1625
26612.84, 1624
26628.83, 1623
26648.17, 1622
26661.02, 1621
26670.22, 1620
26695.44, 1619
26708.33, 1618
26721.07, 1617
26728.43, 1616
26742.67, 1615
26755.76, 1614
26757.04, 1613
26795.7, 1612
26802.71, 1611
26813.98, 1610
26835.69, 1609
26853.09, 1608
26858.33, 1607
26864.84, 1606
26881.13, 1605
26902.62, 1604
26924.74, 1603
26936.06, 1602
26938.15, 1601
27044.21, 1600
27045.57, 1599
27047.1, 1598
27047.61, 1597
27048.74, 1596
27049.81, 1595
27086.38, 1594
27086.65, 1593
27087.74, 1592
27090.15, 1591
27090.18, 1590
27107.94, 1589
27118.17, 1588
27128.57, 1587
27154.56, 1586
27201.46, 1585
27204.88, 1584
27208.65, 1583
27209.83, 1582
27211.13, 1581
27250.09, 1580
27260.45, 1579
27260.55, 1578
27262.92, 1577
27266.29, 1576
27267.46, 1575
27277.82, 1574
27325.62, 1573
27335.22, 1572
27342.36, 1571
27359.76, 1570
27415.4, 1569
27424.77, 1568
27433.43, 1567
27436.92, 1566
27439.87, 1565
27456.2, 1564
27460.45, 1563
27469.19, 1562
27478.45, 1561
27482.13, 1560
27488.26, 1559
27496.04, 1558
27507.04, 1557
27513.34, 1556
27525.22, 1555
27529.67, 1554
27553.04, 1553
27560.16, 1552
27561.35, 1551
27562.53, 1550
27569.92, 1549
27576.56, 1548
27578.07, 1547
27608.48, 1546
27609.57, 1545
27635.94, 1544
27654.62, 1543
27677.74, 1542
27691.34, 1541
27699.51, 1540
27709.97, 1539
27723.6, 1538
27741.02, 1537
27747.46, 1536
27755.18, 1535
27774.9, 1534
27796.05, 1533
27805.07, 1532
27823.63, 1531
27838.54, 1530
27840.92, 1529
27856.94, 1528
27876.12, 1527
27893.52, 1526
27905.7, 1525
27921.58, 1524
27936.86, 1523
27946.53, 1522
27972.3, 1521
27980.79, 1520
27986.83, 1519
27997.68, 1518
28006.03, 1517
28013.3, 1516
28022.88, 1515
28031.66, 1514
28044.81, 1513
28077.93, 1512
28085.81, 1511
28105.41, 1510
28111.77, 1509
28124.35, 1508
28129.94, 1507
28142.6, 1506
28169.95, 1505
28173.8, 1504
28179.33, 1503
28194.94, 1502
28213.06, 1501
28223.98, 1500
28230.74, 1499
28238.79, 1498
28254.94, 1497
28261.31, 1496
28274.43, 1495
28311.02, 1494
28317.97, 1493
28321.97, 1492
28335.08, 1491
28351.9, 1490
28369.03, 1489
28392.96, 1488
28421.26, 1487
28422.47, 1486
28430.4, 1485
28431.55, 1484
28446.54, 1483
28447.67, 1482
28454.77, 1481
28468.68, 1480
28486.84, 1479
28510.16, 1478
28511.33, 1477
28512.38, 1476
28554.22, 1475
28574.07, 1474
28587.36, 1473
28597.5, 1472
28606.21, 1471
28647.53, 1470
28648.84, 1469
28653.73, 1468
28656.53, 1467
28667.07, 1466
28676.38, 1465
28688.37, 1464
28706.34, 1463
28711.24, 1462
28718.99, 1461
28725.66, 1460
28747.05, 1459
28778.99, 1458
28779.04, 1457
28786.84, 1456
28792.32, 1455
28806.05, 1454
28833.45, 1453
28847.75, 1452
28857.51, 1451
28888.02, 1450
28900.32, 1449
28915.15, 1448
28924.17, 1447
28933.7, 1446
28938.5, 1445
28954.09, 1444
28968.56, 1443
28988.29, 1442
28998.01, 1441
29005.91, 1440
29047.16, 1439
29057.53, 1438
29073.6, 1437
29078.51, 1436
29086.46, 1435
29110.94, 1434
29118.71, 1433
29118.86, 1432
29124.17, 1431
29136.06, 1430
29170.64, 1429
29175.19, 1428
29191.22, 1427
29208.36, 1426
29211.2, 1425
29220.14, 1424
29232.15, 1423
29247.51, 1422
29262.78, 1421
29269.24, 1420
29276.92, 1419
29295.54, 1418
29302.9, 1417
29325.08, 1416
29333.61, 1415
29344.46, 1414
29352.24, 1413
29355.87, 1412
29389.28, 1411
29399.81, 1410
29415.45, 1409
29425.06, 1408
29444.75, 1407
29445.83, 1406
29463.87, 1405
29467.36, 1404
29471.49, 1403
29471.68, 1402
29472.8, 1401
29528.09, 1400
29533.9, 1399
29540.24, 1398
29544.04, 1397
29550.86, 1396
29563.89, 1395
29583.34, 1394
29593.8, 1393
29600.13, 1392
29627.04, 1391
29657.16, 1390
29663.12, 1389
29688.2, 1388
29695.77, 1387
29711.39, 1386
29724.19, 1385
29728.15, 1384
29741.27, 1383
29757.01, 1382
29760.42, 1381
29782.86, 1380
29789.87, 1379
29790.86, 1378
29806.77, 1377
29812.7, 1376
29824.91, 1375
29828.56, 1374
29838.38, 1373
29846.55, 1372
29860.29, 1371
29863.44, 1370
29870.23, 1369
29886.16, 1368
29932.5, 1367
29932.55, 1366
29932.56, 1365
29932.57, 1364
29941.29, 1363
29959.47, 1362
29968.42, 1361
29982.37, 1360
29997.12, 1359
30045.59, 1358
30049.49, 1357
30057.84, 1356
30068.33, 1355
30080.7, 1354
30101.16, 1353
30101.21, 1352
30110.02, 1351
30120.28, 1350
30124.12, 1349
30153.28, 1348
30158.16, 1347
30159.27, 1346
30192.38, 1345
30195.83, 1344
30197.4, 1343
30200.21, 1342
30223.88, 1341
30225.08, 1340
30249.42, 1339
30261.59, 1338
30270.21, 1337
30285.84, 1336
30310.47, 1335
30315.44, 1334
30323.87, 1333
30339.98, 1332
30342.24, 1331
30354.68, 1330
30371.58, 1329
30378.32, 1328
30388.48, 1327
30393.14, 1326
30404.14, 1325
30419.11, 1324
30434.43, 1323
30441.42, 1322
30469.55, 1321
30470.74, 1320
30472.21, 1319
30492.03, 1318
30510.42, 1317
30528.04, 1316
30541.32, 1315
30545.32, 1314
30558.03, 1313
30576.11, 1312
30585.41, 1311
30595.13, 1310
30611.91, 1309
30622.18, 1308
30627.37, 1307
30639.83, 1306
30655.34, 1305
30664.89, 1304
30677.71, 1303
30687.28, 1302
30695.12, 1301
30706.32, 1300
30713.62, 1299
30723.9, 1298
30729.09, 1297
30745.36, 1296
30789.34, 1295
30810.44, 1294
30814.22, 1293
30824.68, 1292
30851.85, 1291
30852.9, 1290
30867.25, 1289
30891.3, 1288
30891.35, 1287
30910.38, 1286
30910.59, 1285
30936.03, 1284
30948.51, 1283
30962.02, 1282
30974.44, 1281
30988.16, 1280
31011.31, 1279
31026.78, 1278
31028.45, 1277
31082.87, 1276
31086.33, 1275
31094.23, 1274
31114.16, 1273
31126.78, 1272
31126.81, 1271
31144.88, 1270
31173.91, 1269
31179.58, 1268
31191.9, 1267
31192.82, 1266
31219.35, 1265
31224.44, 1264
31234.02, 1263
31245.9, 1262
31255.83, 1261
31269.76, 1260
31270.53, 1259
31294.33, 1258
31307.76, 1257
31328.04, 1256
31341.92, 1255
31352.44, 1254
31357.2, 1253
31374.78, 1252
31387.69, 1251
31396.96, 1250
31411.89, 1249
31432.8, 1248
31447.85, 1247
31476.3, 1246
31479.92, 1245
31496.42, 1244
31505.94, 1243
31524.28, 1242
31528.88, 1241
31532.32, 1240
31556.09, 1239
31559.33, 1238
31570.12, 1237
31574.54, 1236
31584.47, 1235
31605.0, 1234
31609.23, 1233
31622.96, 1232
31629.11, 1231
31638.85, 1230
31648.62, 1229
31665.13, 1228
31678.78, 1227
31690.36, 1226
31722.77, 1225
31723.46, 1224
31752.16, 1223
31752.46, 1222
31777.63, 1221
31785.31, 1220
31794.55, 1219
31814.88, 1218
31819.31, 1217
31837.6, 1216
31842.84, 1215
31849.98, 1214
31856.85, 1213
31874.06, 1212
31875.07, 1211
31892.43, 1210
31895.46, 1209
31899.81, 1208
31925.91, 1207
31938.99, 1206
31950.06, 1205
31958.37, 1204
31971.48, 1203
31973.02, 1202
31980.73, 1201
31999.44, 1200
32007.24, 1199
32014.94, 1198
32022.21, 1197
32036.83, 1196
32044.62, 1195
32068.29, 1194
32072.23, 1193
32073.46, 1192
32092.1, 1191
32101.79, 1190
32107.88, 1189
32145.88, 1188
32149.56, 1187
32153.78, 1186
32164.16, 1185
32210.92, 1184
32211.83, 1183
32212.74, 1182
32224.2, 1181
32237.04, 1180
32268.41, 1179
32289.19, 1178
32290.28, 1177
32299.19, 1176
32306.81, 1175
32324.05, 1174
32355.27, 1173
32362.52, 1172
32375.85, 1171
32389.82, 1170
32420.43, 1169
32438.83, 1168
32445.23, 1167
32452.5, 1166
32470.91, 1165
32474.69, 1164
32481.1, 1163
32487.46, 1162
32504.22, 1161
32508.08, 1160
32518.35, 1159
32526.97, 1158
32544.56, 1157
32563.08, 1156
32580.19, 1155
32587.38, 1154
32599.4, 1153
32634.27, 1152
32649.65, 1151
32662.04, 1150
32669.82, 1149
32678.3, 1148
32686.81, 1147
32695.38, 1146
32704.17, 1145
32710.08, 1144
32723.2, 1143
32733.06, 1142
32741.18, 1141
32757.53, 1140
32775.52, 1139
32782.75, 1138
32808.69, 1137
32814.38, 1136
32824.85, 1135
32831.7, 1134
32867.72, 1133
32875.68, 1132
32879.54, 1131
32886.04, 1130
32914.81, 1129
32922.49, 1128
32944.29, 1127
32945.48, 1126
32981.37, 1125
32981.42, 1124
33020.32, 1123
33046.62, 1122
33058.28, 1121
33069.98, 1120
33088.11, 1119
33094.62, 1118
33097.99, 1117
33109.19, 1116
33117.26, 1115
33128.52, 1114
33139.11, 1113
33144.6, 1112
33157.46, 1111
33172.01, 1110
33179.09, 1109
33193.88, 1108
33201.13, 1107
33207.36, 1106
33221.68, 1105
33230.8, 1104
33237.2, 1103
33244.91, 1102
33262.5, 1101
33273.02, 1100
33278.53, 1099
33293.72, 1098
33301.21, 1097
33312.47, 1096
33337.02, 1095
33355.58, 1094
33359.74, 1093
33367.48, 1092
33375.61, 1091
33393.72, 1090
33397.27, 1089
33405.66, 1088
33421.85, 1087
33427.62, 1086
33453.65, 1085
33476.75, 1084
33480.23, 1083
33495.45, 1082
33498.5, 1081
33508.07, 1080
33517.65, 1079
33520.45, 1078
33532.1, 1077
33543.07, 1076
33547.99, 1075
33563.4, 1074
33581.67, 1073
33584.52, 1072
33589.46, 1071
33597.73, 1070
33609.45, 1069
33622.9, 1068
33625.87, 1067
33638.86, 1066
33639.14, 1065
33648.7, 1064
33664.65, 1063
33686.69, 1062
33691.17, 1061
33700.27, 1060
33714.59, 1059
33720.98, 1058
33733.87, 1057
33740.92, 1056
33752.26, 1055
33765.26, 1054
33771.83, 1053
33779.42, 1052
33796.95, 1051
33812.1, 1050
33817.39, 1049
33854.37, 1048
33871.38, 1047
33901.21, 1046
33902.84, 1045
33902.85, 1044
33902.86, 1043
33902.86, 1042
33910.55, 1041
33938.49, 1040
33949.72, 1039
33957.92, 1038
34011.73, 1037
34026.0, 1036
34037.09, 1035
34058.02, 1034
34062.7, 1033
34069.21, 1032
34088.59, 1031
34103.81, 1030
34119.32, 1029
34127.36, 1028
34133.05, 1027
34141.99, 1026
34153.51, 1025
34166.13, 1024
34175.55, 1023
34228.37, 1022
34237.2, 1021
34249.58, 1020
34261.81, 1019
34271.42, 1018
34290.97, 1017
34305.52, 1016
34315.26, 1015
34323.82, 1014
34340.85, 1013
34352.07, 1012
34357.29, 1011
34370.74, 1010
34381.46, 1009
34387.35, 1008
34404.33, 1007
34411.66, 1006
34421.27, 1005
34431.51, 1004
34441.14, 1003
34456.74, 1002
34463.73, 1001
34477.61, 1000
34482.46, 999
34490.6, 998
34539.32, 997
34549.53, 996
34560.26, 995
34568.73, 994
34580.86, 993
34589.03, 992
34607.48, 991
34620.5, 990
34625.87, 989
34676.17, 988
34676.24, 987
34703.93, 986
34714.51, 985
34736.84, 984
34753.8, 983
34762.49, 982
34771.65, 981
34783.09, 980
34802.34, 979
34806.75, 978
34825.4, 977
34839.53, 976
34843.58, 975
34852.43, 974
34861.74, 973
34878.58, 972
34896.11, 971
34897.86, 970
34907.29, 969
34921.77, 968
34931.34, 967
34942.51, 966
34953.69, 965
34979.5, 964
34990.88, 963
35019.07, 962
35050.5, 961
35051.52, 960
35065.37, 959
35074.14, 958
35083.33, 957
35151.33, 956
35153.21, 955
35153.32, 954
35208.42, 953
35212.15, 952
35222.66, 951
35223.72, 950
35224.54, 949
35225.46, 948
35226.41, 947
35256.56, 946
35257.4, 945
35269.63, 944
35278.61, 943
35287.27, 942
35296.68, 941
35318.85, 940
35338.49, 939
35351.64, 938
35355.9, 937
35369.76, 936
35393.79, 935
35415.5, 934
35415.55, 933
35429.11, 932
35441.4, 931
35489.03, 930
35499.56, 929
35510.78, 928
35521.39, 927
35538.28, 926
35545.87, 925
35553.7, 924
35571.93, 923
35577.6, 922
35580.47, 921
35591.32, 920
35604.14, 919
35619.15, 918
35637.04, 917
35639.07, 916
35662.25, 915
35666.96, 914
35680.31, 913
35695.6, 912
35707.05, 911
35716.13, 910
35755.5, 909
35769.75, 908
35778.01, 907
35790.71, 906
35817.58, 905
35817.64, 904
35839.64, 903
35840.62, 902
35852.52, 901
35859.52, 900
35912.87, 899
35919.1, 898
35919.2, 897
35988.47, 896
35991.69, 895
36003.76, 894
36017.59, 893
36020.84, 892
36032.73, 891
36040.77, 890
36054.92, 889
36078.31, 888
36093.07, 887
36094.07, 886
36094.98, 885
36107.5, 884
36166.52, 883
36167.15, 882
36176.95, 881
36182.41, 880
36187.19, 879
36196.94, 878
36233.64, 877
36239.05, 876
36245.17, 875
36275.12, 874
36319.52, 873
36339.39, 872
36340.85, 871
36340.87, 870
36379.94, 869
36379.99, 868
36380.0, 867
36380.03, 866
36407.67, 865
36407.71, 864
36407.72, 863
36425.51, 862
36428.25, 861
36431.5, 860
36491.11, 859
36491.8, 858
36508.46, 857
36530.43, 856
36553.52, 855
36566.79, 854
36592.3, 853
36594.96, 852
36605.59, 851
36620.46, 850
36627.81, 849
36647.89, 848
36698.83, 847
36705.83, 846
36731.32, 845
36737.82, 844
36755.98, 843
36756.36, 842
36809.32, 841
36815.65, 840
36827.49, 839
36842.15, 838
36849.7, 837
36859.72, 836
36875.25, 835
36886.3, 834
36905.37, 833
36953.94, 832
36954.04, 831
36956.6, 830
36961.13, 829
36974.27, 828
36991.03, 827
37010.33, 826
37035.11, 825
37065.83, 824
37077.08, 823
37092.09, 822
37112.61, 821
37119.35, 820
37136.69, 819
37188.93, 818
37212.06, 817
37212.99, 816
37221.63, 815
37223.89, 814
37258.56, 813
37275.64, 812
37295.32, 811
37301.22, 810
37319.23, 809
37333.14, 808
37353.05, 807
37360.26, 806
37385.22, 805
37395.8, 804
37407.93, 803
37420.92, 802
37442.01, 801
37442.05, 800
37506.96, 799
37512.87, 798
37521.54, 797
37521.63, 796
37534.03, 795
37535.2, 794
37551.59, 793
37562.22, 792
37569.15, 791
37601.36, 790
37610.28, 789
37610.35, 788
37637.81, 787
37673.62, 786
37686.65, 785
37692.17, 784
37727.66, 783
37740.1, 782
37740.17, 781
37743.57, 780
37758.32, 779
37809.32, 778
37837.01, 777
37843.36, 776
37856.02, 775
37871.05, 774
37877.61, 773
37906.0, 772
37909.44, 771
37921.21, 770
37930.7, 769
37943.22, 768
37952.18, 767
37975.03, 766
37975.12, 765
37990.91, 764
38009.44, 763
38012.27, 762
38017.28, 761
38022.41, 760
38051.37, 759
38074.05, 758
38083.06, 757
38092.66, 756
38136.97, 755
38163.71, 754
38163.75, 753
38190.7, 752
38211.73, 751
38214.23, 750
38232.13, 749
38238.37, 748
38306.08, 747
38306.59, 746
38318.96, 745
38328.26, 744
38338.86, 743
38370.64, 742
38389.6, 741
38391.64, 740
38391.68, 739
38395.71, 738
38408.99, 737
38422.95, 736
38445.36, 735
38446.42, 734
38463.04, 733
38474.15, 732
38500.46, 731
38513.45, 730
38532.66, 729
38562.32, 728
38585.21, 727
38594.97, 726
38607.88, 725
38620.42, 724
38629.06, 723
38639.26, 722
38655.28, 721
38659.03, 720
38675.79, 719
38697.8, 718
38699.86, 717
38723.57, 716
38740.75, 715
38780.31, 714
38819.1, 713
38829.96, 712
38843.02, 711
38852.09, 710
38868.08, 709
38895.08, 708
38912.75, 707
38922.97, 706
38929.56, 705
38944.7, 704
38957.44, 703
38965.0, 702
38997.86, 701
39010.73, 700
39027.66, 699
39040.06, 698
39058.93, 697
39072.16, 696
39100.54, 695
39140.75, 694
39156.51, 693
39156.55, 692
39156.56, 691
39177.19, 690
39188.25, 689
39210.73, 688
39210.77, 687
39224.8, 686
39243.94, 685
39246.93, 684
39249.81, 683
39273.29, 682
39274.43, 681
39283.33, 680
39320.75, 679
39352.22, 678
39387.3, 677
39395.7, 676
39418.67, 675
39443.31, 674
39455.79, 673
39474.54, 672
39487.52, 671
39492.69, 670
39511.54, 669
39556.62, 668
39557.72, 667
39567.21, 666
39578.73, 665
39597.25, 664
39607.3, 663
39614.46, 662
39645.76, 661
39666.22, 660
39671.95, 659
39682.12, 658
39694.19, 657
39705.11, 656
39732.59, 655
39754.86, 654
39796.0, 653
39808.16, 652
39811.87, 651
39852.83, 650
39855.01, 649
39862.6, 648
39896.11, 647
39902.9, 646
39941.35, 645
39963.12, 644
39983.05, 643
39983.08, 642
39993.58, 641
40012.07, 640
40048.24, 639
40048.34, 638
40048.36, 637
40071.46, 636
40071.8, 635
40087.62, 634
40121.46, 633
40154.17, 632
40154.22, 631
40157.3, 630
40191.26, 629
40220.71, 628
40239.15, 627
40256.27, 626
40259.0, 625
40268.38, 624
40304.18, 623
40327.04, 622
40333.72, 621
40346.05, 620
40371.87, 619
40373.43, 618
40390.38, 617
40391.2, 616
40409.57, 615
40423.07, 614
40436.0, 613
40499.95, 612
40499.99, 611
40508.72, 610
40518.41, 609
40533.94, 608
40559.83, 607
40562.38, 606
40568.58, 605
40580.18, 604
40594.55, 603
40608.0, 602
40624.83, 601
40627.67, 600
40671.75, 599
40676.65, 598
40676.67, 597
40686.12, 596
40700.97, 595
40728.02, 594
40792.15, 593
40824.77, 592
40831.55, 591
40841.63, 590
40859.19, 589
40874.21, 588
40897.65, 587
40908.32, 586
40922.53, 585
40936.15, 584
40946.74, 583
40966.66, 582
41024.91, 581
41038.81, 580
41054.7, 579
41072.78, 578
41115.22, 577
41122.52, 576
41133.96, 575
41145.33, 574
41164.13, 573
41187.34, 572
41192.23, 571
41205.72, 570
41227.41, 569
41236.73, 568
41273.64, 567
41274.4, 566
41290.19, 565
41314.73, 564
41341.52, 563
41356.53, 562
41368.58, 561
41390.41, 560
41393.6, 559
41422.03, 558
41433.04, 557
41441.75, 556
41467.0, 555
41472.8, 554
41476.78, 553
41551.19, 552
41551.22, 551
41551.23, 550
41607.57, 549
41662.62, 548
41666.76, 547
41679.0, 546
41701.04, 545
41710.94, 544
41726.47, 543
41729.22, 542
41747.96, 541
41785.7, 540
41785.78, 539
41794.98, 538
41829.32, 537
41842.8, 536
41876.04, 535
41904.34, 534
41904.43, 533
41927.25, 532
41943.43, 531
41953.05, 530
41963.06, 529
41973.73, 528
42005.33, 527
42042.22, 526
42056.22, 525
42069.04, 524
42078.63, 523
42112.64, 522
42119.37, 521
42164.92, 520
42178.14, 519
42211.31, 518
42227.69, 517
42238.1, 516
42262.17, 515
42274.28, 514
42294.49, 513
42325.79, 512
42343.63, 511
42373.39, 510
42424.72, 509
42433.45, 508
42439.94, 507
42446.42, 506
42510.74, 505
42510.8, 504
42511.13, 503
42527.57, 502
42548.8, 501
42591.82, 500
42596.66, 499
42623.35, 498
42659.14, 497
42712.53, 496
42712.64, 495
42712.67, 494
42737.08, 493
42746.7, 492
42746.79, 491
42763.14, 490
42803.91, 489
42806.18, 488
42827.28, 487
42841.9, 486
42864.34, 485
42864.68, 484
42876.44, 483
42905.82, 482
42918.9, 481
42938.84, 480
42954.08, 479
42963.24, 478
42997.47, 477
42998.51, 476
43025.82, 475
43051.53, 474
43065.3, 473
43074.98, 472
43093.5, 471
43105.23, 470
43132.52, 469
43153.63, 468
43189.27, 467
43189.36, 466
43202.35, 465
43208.13, 464
43227.3, 463
43261.69, 462
43261.78, 461
43286.47, 460
43298.11, 459
43333.78, 458
43339.88, 457
43359.1, 456
43394.67, 455
43410.65, 454
43417.64, 453
43439.88, 452
43451.85, 451
43467.7, 450
43512.86, 449
43532.86, 448
43533.9, 447
43545.3, 446
43574.84, 445
43588.05, 444
43608.12, 443
43621.76, 442
43656.42, 441
43662.39, 440
43693.78, 439
43722.92, 438
43724.23, 437
43753.26, 436
43789.01, 435
43794.76, 434
43823.92, 433
43841.93, 432
43847.11, 431
43866.08, 430
43890.06, 429
43910.01, 428
43944.56, 427
43954.29, 426
43973.9, 425
44003.86, 424
44016.62, 423
44042.9, 422
44050.7, 421
44070.59, 420
44101.01, 419
44125.2, 418
44136.78, 417
44180.9, 416
44183.28, 415
44186.62, 414
44204.49, 413
44228.86, 412
44235.83, 411
44295.61, 410
44299.14, 409
44317.86, 408
44341.65, 407
44362.83, 406
44383.39, 405
44405.75, 404
44419.96, 403
44467.19, 402
44499.4, 401
44515.3, 400
44527.59, 399
44534.43, 398
44545.23, 397
44561.25, 396
44593.34, 395
44642.62, 394
44643.8, 393
44653.13, 392
44663.97, 391
44690.74, 390
44718.1, 389
44732.3, 388
44759.53, 387
44759.58, 386
44792.47, 385
44879.3, 384
44903.96, 383
44904.06, 382
44916.3, 381
44933.23, 380
44962.15, 379
44962.22, 378
44981.45, 377
45014.85, 376
45015.83, 375
45042.03, 374
45058.68, 373
45070.86, 372
45111.92, 371
45125.35, 370
45144.82, 369
45158.8, 368
45176.07, 367
45201.69, 366
45211.25, 365
45235.04, 364
45259.62, 363
45268.49, 362
45301.21, 361
45310.13, 360
45321.8, 359
45356.77, 358
45423.28, 357
45429.33, 356
45439.38, 355
45478.72, 354
45531.18, 353
45536.19, 352
45541.2, 351
45549.66, 350
45556.61, 349
45595.84, 348
45604.74, 347
45649.83, 346
45649.88, 345
45653.84, 344
45682.27, 343
45711.99, 342
45721.96, 341
45741.0, 340
45760.45, 339
45793.38, 338
45831.92, 337
45831.99, 336
45890.78, 335
45895.13, 334
45911.92, 333
45959.31, 332
45987.65, 331
45988.16, 330
46019.75, 329
46021.99, 328
46060.32, 327
46112.55, 326
46114.58, 325
46125.16, 324
46158.51, 323
46158.56, 322
46177.11, 321
46199.05, 320
46206.84, 319
46243.67, 318
46256.33, 317
46269.06, 316
46279.31, 315
46309.57, 314
46360.29, 313
46537.82, 312
46546.66, 311
46556.39, 310
46556.45, 309
46556.46, 308
46556.46, 307
46556.5, 306
46600.49, 305
46604.51, 304
46614.3, 303
46660.57, 302
46683.5, 301
46692.08, 300
46710.91, 299
46776.86, 298
46777.75, 297
46781.46, 296
46805.89, 295
46812.63, 294
46845.2, 293
46868.06, 292
46877.49, 291
46889.52, 290
46916.4, 289
46929.48, 288
46950.75, 287
46989.71, 286
47005.83, 285
47039.16, 284
47062.25, 283
47072.36, 282
47090.02, 281
47105.87, 280
47126.98, 279
47165.0, 278
47179.82, 277
47218.4, 276
47247.43, 275
47279.52, 274
47287.18, 273
47294.96, 272
47337.59, 271
47353.03, 270
47353.09, 269
47387.12, 268
47387.22, 267
47413.6, 266
47437.44, 265
47439.95, 264
47455.46, 263
47468.02, 262
47507.76, 261
47533.98, 260
47556.69, 259
47562.13, 258
47577.17, 257
47608.9, 256
47659.18, 255
47686.34, 254
47691.31, 253
47728.48, 252
47752.9, 251
47779.27, 250
47792.26, 249
47822.24, 248
47840.22, 247
47883.12, 246
47925.01, 245
47925.14, 244
47935.87, 243
47969.99, 242
47972.91, 241
48011.22, 240
48041.09, 239
48058.51, 238
48072.9, 237
48120.95, 236
48124.84, 235
48125.86, 234
48196.43, 233
48197.32, 232
48239.6, 231
48250.0, 230
48259.97, 229
48321.83, 228
48326.18, 227
48329.06, 226
48345.63, 225
48386.29, 224
48424.25, 223
48428.83, 222
48458.66, 221
48476.39, 220
48513.19, 219
48558.64, 218
48574.56, 217
48580.69, 216
48606.66, 215
48630.18, 214
48638.74, 213
48652.02, 212
48674.48, 211
48705.81, 210
48724.24, 209
48738.75, 208
48756.53, 207
48785.66, 206
48878.81, 205
48887.76, 204
48897.79, 203
48923.41, 202
48938.88, 201
48950.62, 200
48971.54, 199
49023.24, 198
49044.62, 197
49069.81, 196
49086.83, 195
49111.44, 194
49130.75, 193
49172.98, 192
49175.09, 191
49203.51, 190
49240.12, 189
49275.39, 188
49290.89, 187
49304.29, 186
49336.35, 185
49389.55, 184
49389.6, 183
49391.52, 182
49425.21, 181
49435.76, 180
49446.84, 179
49471.24, 178
49487.12, 177
49510.76, 176
49524.94, 175
49541.93, 174
49586.21, 173
49590.27, 172
49625.61, 171
49660.5, 170
49671.08, 169
49687.76, 168
49726.96, 167
49728.88, 166
49768.97, 165
49789.41, 164
49806.94, 163
49834.1, 162
49869.5, 161
49873.65, 160
49892.7, 159
49932.69, 158
49949.5, 157
49977.88, 156
50028.99, 155
50074.62, 154
50088.62, 153
50104.41, 152
50131.63, 151
50156.19, 150
50160.95, 149
50200.18, 148
50212.47, 147
50237.99, 146
50253.02, 145
50268.47, 144
50294.38, 143
50317.8, 142
50336.9, 141
50398.77, 140
50418.93, 139
50459.4, 138
50471.48, 137
50506.36, 136
50532.52, 135
50560.27, 134
50580.65, 133
50604.61, 132
50643.59, 131
50692.67, 130
50692.72, 129
50711.39, 128
50742.44, 127
50781.85, 126
50845.93, 125
50861.63, 124
50886.39, 123
50906.13, 122
50936.33, 121
50957.94, 120
50975.74, 119
51037.56, 118
51053.17, 117
51093.74, 116
51114.63, 115
51131.84, 114
51157.62, 113
51179.92, 112
51242.32, 111
51262.6, 110
51279.41, 109
51307.02, 108
51341.68, 107
51351.37, 106
51374.26, 105
51407.92, 104
51438.88, 103
51479.58, 102
51501.02, 101
51520.41, 100
51543.29, 99
51608.89, 98
51631.6, 97
51656.72, 96
51706.86, 95
51738.26, 94
51765.24, 93
51788.86, 92
51804.71, 91
51823.37, 90
51855.53, 89
51891.64, 88
51923.97, 87
51949.62, 86
51997.51, 85
52021.67, 84
52043.11, 83
52106.4, 82
52119.33, 81
52138.46, 80
52187.24, 79
52190.08, 78
52237.78, 77
52249.56, 76
52278.17, 75
52304.66, 74
52359.47, 73
52393.28, 72
52422.94, 71
52441.9, 70
52453.27, 69
52504.04, 68
52504.07, 67
52523.0, 66
52589.78, 65
52624.27, 64
52624.83, 63
52683.99, 62
52735.09, 61
52764.77, 60
52798.96, 59
52819.77, 58
52835.22, 57
52868.65, 56
52882.54, 55
52929.37, 54
52945.71, 53
52982.79, 52
53017.64, 51
53041.34, 50
53094.92, 49
53107.85, 48
53138.72, 47
53176.05, 46
53191.33, 45
53223.96, 44
53245.46, 43
53267.77, 42
53316.03, 41
53382.18, 40
53405.67, 39
53422.15, 38
53453.93, 37
53496.33, 36
53528.32, 35
53528.36, 34
53547.92, 33
53597.66, 32
53628.99, 31
53640.81, 30
53659.26, 29
53716.81, 28
53738.94, 27
53770.21, 26
53806.85, 25
53826.18, 24
53855.45, 23
53878.14, 22
53915.83, 21
53970.75, 20
54018.48, 19
54040.74, 18
54090.15, 17
54118.2, 16
54145.09, 15
54175.07, 14
54237.74, 13
54244.52, 12
54269.31, 11
54319.05, 10
54351.66, 9
54390.69, 8
54441.02, 7
54459.58, 6
54520.63, 5
54545.47, 4
54576.91, 3
54603.43, 2
54623.31, 1
54669.92, 0
