2294.52, 4073
2295.45, 4042
2297.83, 4041
2301.36, 4012
2303.3, 4011
2304.82, 3992
2307.43, 3991
2311.42, 3990
2312.31, 3964
2314.77, 3963
2318.5, 3962
2319.64, 3961
2321.84, 3960
2326.32, 3943
2328.04, 3941
2329.94, 3940
2333.96, 3917
2336.49, 3915
2337.08, 3914
2341.36, 3913
2348.85, 3912
2354.12, 3911
2366.62, 3888
2370.71, 3886
2372.05, 3885
2377.89, 3884
2382.21, 3883
2384.83, 3882
2387.64, 3871
2390.96, 3868
2402.44, 3867
2409.41, 3865
2410.36, 3864
2411.21, 3863
2414.87, 3862
2416.94, 3861
2425.39, 3844
2426.26, 3841
2427.11, 3840
2433.34, 3838
2436.59, 3837
2447.56, 3836
2458.2, 3835
2461.61, 3834
2473.46, 3833
2478.08, 3832
2485.16, 3826
2488.19, 3822
2489.09, 3821
2490.68, 3818
2493.42, 3817
2497.21, 3816
2498.27, 3815
2500.58, 3814
2503.69, 3813
2505.83, 3812
2510.09, 3801
2511.21, 3797
2513.11, 3796
2517.32, 3793
2520.06, 3792
2520.99, 3791
2523.74, 3790
2525.29, 3789
2528.08, 3788
2529.8, 3787
2535.84, 3786
2536.15, 3785
2538.39, 3784
2541.98, 3773
2545.98, 3769
2546.85, 3768
2549.12, 3765
2551.39, 3764
2554.36, 3763
2556.54, 3762
2558.57, 3761
2561.61, 3760
2564.44, 3759
2567.09, 3758
2569.51, 3757
2571.98, 3756
2576.72, 3754
2578.1, 3753
2580.25, 3749
2582.55, 3748
2587.35, 3747
2588.77, 3746
2589.58, 3745
2593.9, 3744
2627.96, 3743
2630.94, 3742
2636.88, 3741
2641.35, 3740
2642.23, 3739
2643.07, 3738
2645.67, 3737
2659.58, 3736
2671.69, 3735
2679.92, 3733
2681.08, 3728
2685.14, 3727
2686.93, 3723
2689.03, 3722
2692.53, 3721
2694.64, 3720
2697.85, 3719
2701.75, 3718
2704.17, 3717
2708.69, 3716
2711.05, 3715
2720.45, 3714
2727.76, 3713
2730.9, 3712
2738.8, 3711
2742.45, 3710
2744.56, 3709
2747.84, 3708
2750.95, 3707
2753.5, 3706
2758.37, 3705
2769.68, 3704
2775.82, 3693
2777.56, 3689
2781.43, 3688
2787.37, 3685
2794.36, 3684
2796.88, 3683
2800.86, 3682
2801.78, 3681
2804.99, 3680
2809.36, 3679
2816.8, 3678
2821.28, 3677
2826.98, 3676
2831.05, 3674
2833.93, 3673
2836.33, 3669
2838.3, 3668
2842.19, 3667
2843.05, 3666
2845.2, 3665
2847.51, 3664
2852.99, 3663
2855.06, 3662
2855.92, 3661
2860.07, 3660
2861.54, 3659
2865.0, 3658
2875.1, 3657
2878.33, 3656
2886.01, 3655
2917.83, 3653
2926.54, 3648
2930.96, 3647
2933.31, 3643
2936.3, 3642
2940.39, 3641
2942.83, 3640
2944.84, 3639
2948.36, 3638
2961.35, 3637
2962.19, 3636
2966.67, 3635
2971.39, 3634
2972.28, 3633
2976.46, 3632
2978.15, 3631
2980.14, 3630
2982.32, 3629
2984.47, 3628
2988.54, 3627
2995.05, 3626
2995.91, 3625
2997.47, 3623
3001.91, 3622
3003.66, 3621
3004.55, 3620
3007.3, 3619
3010.02, 3618
3012.51, 3617
3014.91, 3616
3017.54, 3615
3021.45, 3614
3023.75, 3613
3025.76, 3612
3028.32, 3611
3030.78, 3610
3035.34, 3609
3036.2, 3608
3040.39, 3607
3043.37, 3602
3044.5, 3601
3047.52, 3599
3050.9, 3598
3051.75, 3597
3055.39, 3596
3056.81, 3595
3061.5, 3594
3062.35, 3593
3098.23, 3592
3101.63, 3591
3103.9, 3590
3107.22, 3589
3109.05, 3588
3111.8, 3587
3114.27, 3586
3118.57, 3585
3121.36, 3584
3122.31, 3583
3125.28, 3582
3129.84, 3581
3130.77, 3580
3137.08, 3579
3138.75, 3578
3143.55, 3577
3144.54, 3576
3147.0, 3575
3148.25, 3574
3152.64, 3573
3154.94, 3572
3155.81, 3571
3159.61, 3570
3163.51, 3569
3176.64, 3568
3178.15, 3567
3181.09, 3566
3186.52, 3565
3187.34, 3564
3202.84, 3563
3214.32, 3562
3218.19, 3561
3220.31, 3560
3226.97, 3559
3229.07, 3558
3232.16, 3557
3238.55, 3556
3241.72, 3555
3244.54, 3554
3254.5, 3553
3261.08, 3552
3263.07, 3551
3277.55, 3550
3284.57, 3549
3286.98, 3548
3291.77, 3547
3294.4, 3546
3297.46, 3545
3301.54, 3544
3301.57, 3543
3303.59, 3542
3307.91, 3541
3309.78, 3540
3312.25, 3539
3314.69, 3538
3318.56, 3537
3323.17, 3536
3327.46, 3535
3329.39, 3534
3330.28, 3533
3331.5, 3532
3336.27, 3531
3337.1, 3530
3340.27, 3529
3347.59, 3528
3357.01, 3527
3358.68, 3526
3361.6, 3525
3369.78, 3524
3370.64, 3523
3373.87, 3522
3380.05, 3521
3384.65, 3520
3397.31, 3519
3399.98, 3518
3403.27, 3517
3405.47, 3516
3410.43, 3515
3411.72, 3514
3414.48, 3513
3417.34, 3512
3421.03, 3511
3422.25, 3510
3425.14, 3509
3428.34, 3508
3438.74, 3507
3441.38, 3506
3450.02, 3505
3454.35, 3504
3465.64, 3503
3471.72, 3502
3472.57, 3501
3474.91, 3500
3478.9, 3499
3483.74, 3498
3486.98, 3497
3487.87, 3496
3492.02, 3495
3496.32, 3494
3497.32, 3493
3499.64, 3492
3503.89, 3491
3506.14, 3490
3522.04, 3489
3523.01, 3488
3523.9, 3487
3528.95, 3486
3530.25, 3485
3532.42, 3484
3534.85, 3483
3538.97, 3482
3541.51, 3481
3543.73, 3480
3548.36, 3479
3550.49, 3478
3555.22, 3477
3557.08, 3476
3560.72, 3475
3562.88, 3474
3564.7, 3473
3570.51, 3472
3571.27, 3471
3592.19, 3470
3594.98, 3469
3598.25, 3468
3603.44, 3467
3607.12, 3466
3610.6, 3465
3627.43, 3464
3637.15, 3463
3641.3, 3462
3642.66, 3461
3644.7, 3460
3647.81, 3459
3652.5, 3458
3654.79, 3457
3659.11, 3456
3661.21, 3455
3663.0, 3454
3668.77, 3453
3669.61, 3452
3671.91, 3451
3674.3, 3450
3677.92, 3449
3679.77, 3448
3683.66, 3447
3686.75, 3446
3688.46, 3445
3692.02, 3444
3694.53, 3443
3698.21, 3442
3702.08, 3441
3702.8, 3440
3706.34, 3439
3708.79, 3438
3711.9, 3437
3714.51, 3436
3716.44, 3435
3725.55, 3434
3729.49, 3433
3757.37, 3432
3767.63, 3431
3779.69, 3430
3792.51, 3429
3794.79, 3428
3799.51, 3427
3804.02, 3426
3810.38, 3425
3814.73, 3424
3823.02, 3423
3827.97, 3422
3830.15, 3421
3832.76, 3420
3838.52, 3419
3842.34, 3418
3844.92, 3417
3846.67, 3416
3852.97, 3415
3859.52, 3414
3861.75, 3413
3864.42, 3412
3874.19, 3411
3877.33, 3410
3879.11, 3409
3887.79, 3408
3894.36, 3407
3900.52, 3406
3903.23, 3405
3909.18, 3404
3918.27, 3403
3921.8, 3402
3931.56, 3401
3944.32, 3400
3950.31, 3399
3953.32, 3398
3958.18, 3397
3959.1, 3396
3962.64, 3395
3966.42, 3394
3970.13, 3393
3972.86, 3392
3975.87, 3391
3979.1, 3390
3980.21, 3389
3983.1, 3388
3986.97, 3387
3988.51, 3386
3992.76, 3385
3999.47, 3384
4003.83, 3383
4009.2, 3382
4018.27, 3381
4019.2, 3380
4029.34, 3379
4034.89, 3378
4038.17, 3377
4040.97, 3376
4057.95, 3375
4068.43, 3374
4071.07, 3373
4076.57, 3372
4082.4, 3371
4092.09, 3370
4094.46, 3369
4103.01, 3368
4105.01, 3367
4108.63, 3366
4110.57, 3365
4114.1, 3364
4116.43, 3363
4119.57, 3362
4121.9, 3361
4127.27, 3360
4131.63, 3359
4135.38, 3358
4140.23, 3357
4141.16, 3356
4152.87, 3355
4171.1, 3354
4187.9, 3353
4195.01, 3352
4198.58, 3351
4199.81, 3350
4227.57, 3349
4233.13, 3348
4239.71, 3347
4242.96, 3346
4243.85, 3345
4244.71, 3344
4245.55, 3343
4246.39, 3342
4255.77, 3341
4256.63, 3340
4257.47, 3339
4258.3, 3338
4272.22, 3337
4283.43, 3336
4286.87, 3335
4293.31, 3334
4303.59, 3333
4303.79, 3332
4306.13, 3331
4306.2, 3330
4306.33, 3329
4310.69, 3328
4314.68, 3327
4317.92, 3326
4320.27, 3325
4321.34, 3324
4325.68, 3323
4332.48, 3322
4334.17, 3321
4335.02, 3320
4335.87, 3319
4347.61, 3318
4353.4, 3317
4372.52, 3316
4372.57, 3315
4373.17, 3314
4374.34, 3313
4374.92, 3312
4375.68, 3311
4387.88, 3310
4392.7, 3309
4395.48, 3308
4398.11, 3307
4403.51, 3306
4404.81, 3305
4405.26, 3304
4409.0, 3303
4409.87, 3302
4413.73, 3301
4416.11, 3300
4421.39, 3299
4424.76, 3298
4425.17, 3297
4430.06, 3296
4434.33, 3295
4434.54, 3294
4438.73, 3293
4442.05, 3292
4444.88, 3291
4446.81, 3290
4451.08, 3289
4453.67, 3288
4455.21, 3287
4459.94, 3286
4464.33, 3285
4465.16, 3284
4473.03, 3283
4479.34, 3282
4480.2, 3281
4481.04, 3280
4484.69, 3279
4490.47, 3278
4491.35, 3277
4494.1, 3276
4495.01, 3275
4498.86, 3274
4502.03, 3273
4504.42, 3272
4508.78, 3271
4508.88, 3270
4513.91, 3269
4516.51, 3268
4518.33, 3267
4521.79, 3266
4523.18, 3265
4532.4, 3264
4532.87, 3263
4533.72, 3262
4538.6, 3261
4539.52, 3260
4544.73, 3259
4545.6, 3258
4553.84, 3257
4554.89, 3256
4555.51, 3255
4560.19, 3254
4561.09, 3253
4565.0, 3252
4571.74, 3251
4572.91, 3250
4573.73, 3249
4574.99, 3248
4581.64, 3247
4581.66, 3246
4586.22, 3245
4587.16, 3244
4591.83, 3243
4595.55, 3242
4602.26, 3241
4603.05, 3240
4603.92, 3239
4621.01, 3238
4621.04, 3237
4621.72, 3236
4623.03, 3235
4623.38, 3234
4624.27, 3233
4625.1, 3232
4631.41, 3231
4637.93, 3230
4638.01, 3229
4638.03, 3228
4641.44, 3227
4644.13, 3226
4652.89, 3225
4656.17, 3224
4657.07, 3223
4658.27, 3222
4658.8, 3221
4752.08, 3220
4760.31, 3219
4763.63, 3218
4769.79, 3217
4772.94, 3216
4773.83, 3215
4774.7, 3214
4816.05, 3213
4816.92, 3212
4821.93, 3211
4824.66, 3210
4829.66, 3209
4833.21, 3208
4848.55, 3207
4849.35, 3206
4850.27, 3205
4851.12, 3204
4854.09, 3203
4856.91, 3202
4859.84, 3201
4868.31, 3200
4869.86, 3199
4869.87, 3198
4914.03, 3197
4917.13, 3196
4923.07, 3195
4925.76, 3194
4928.52, 3193
4930.05, 3192
4931.94, 3191
4935.4, 3190
4939.01, 3189
4942.27, 3188
4946.83, 3187
4948.24, 3186
4953.17, 3185
4970.88, 3184
4971.75, 3183
4972.55, 3182
4973.41, 3181
4984.88, 3180
4985.69, 3179
4986.54, 3178
4987.39, 3177
4988.24, 3176
4991.54, 3175
5019.05, 3174
5023.81, 3173
5025.37, 3172
5030.3, 3171
5034.07, 3170
5038.34, 3169
5041.29, 3168
5044.12, 3167
5046.81, 3166
5047.76, 3165
5058.31, 3164
5059.14, 3163
5073.14, 3162
5102.4, 3161
5107.3, 3160
5110.28, 3159
5123.6, 3158
5155.6, 3157
5156.49, 3156
5157.52, 3155
5163.42, 3154
5164.94, 3153
5167.12, 3152
5173.04, 3151
5173.11, 3150
5185.85, 3149
5186.38, 3148
5187.39, 3147
5188.12, 3146
5188.94, 3145
5196.01, 3144
5208.15, 3143
5210.97, 3142
5212.85, 3141
5214.4, 3140
5220.83, 3139
5222.0, 3138
5223.42, 3137
5228.83, 3136
5246.45, 3135
5248.44, 3134
5249.09, 3133
5249.95, 3132
5250.8, 3131
5251.64, 3130
5252.5, 3129
5253.35, 3128
5259.49, 3127
5263.89, 3126
5278.15, 3125
5278.52, 3124
5279.36, 3123
5280.22, 3122
5281.08, 3121
5281.92, 3120
5288.86, 3119
5292.73, 3118
5296.61, 3117
5297.47, 3116
5298.34, 3115
5378.17, 3114
5389.02, 3113
5392.51, 3112
5420.63, 3111
5420.66, 3110
5437.05, 3109
5438.83, 3108
5439.5, 3107
5442.31, 3106
5442.4, 3105
5442.42, 3104
5449.49, 3103
5462.77, 3102
5484.41, 3101
5484.91, 3100
5491.68, 3099
5498.23, 3098
5498.27, 3097
5501.85, 3096
5508.25, 3095
5509.15, 3094
5509.98, 3093
5513.5, 3092
5518.5, 3091
5521.51, 3090
5524.23, 3089
5526.83, 3088
5551.73, 3087
5557.39, 3086
5565.02, 3085
5568.58, 3084
5569.46, 3083
5572.19, 3082
5593.72, 3081
5597.65, 3080
5598.63, 3079
5654.11, 3078
5764.27, 3077
5765.14, 3076
5765.99, 3075
5766.84, 3074
5767.67, 3073
5768.5, 3072
5769.93, 3071
5793.85, 3070
5795.18, 3069
5796.15, 3068
5796.81, 3067
5797.65, 3066
5798.49, 3065
5799.31, 3064
5816.17, 3063
5818.11, 3062
5818.21, 3061
5818.73, 3060
5819.59, 3059
5820.81, 3058
5821.37, 3057
5837.12, 3056
5838.01, 3055
5838.81, 3054
5839.64, 3053
5846.44, 3052
5849.86, 3051
5853.75, 3050
5856.35, 3049
5857.25, 3048
5858.1, 3047
5860.93, 3046
5864.99, 3045
5874.78, 3044
5876.44, 3043
5877.33, 3042
5878.13, 3041
5889.88, 3040
5890.69, 3039
5891.53, 3038
5892.37, 3037
5893.19, 3036
5896.95, 3035
5922.13, 3034
5922.99, 3033
5923.83, 3032
5924.68, 3031
5925.5, 3030
5926.36, 3029
5967.72, 3028
5977.23, 3027
5991.21, 3026
5992.04, 3025
5992.88, 3024
5993.72, 3023
5995.45, 3022
5995.47, 3021
6044.14, 3020
6046.13, 3019
6046.52, 3018
6046.67, 3017
6047.51, 3016
6050.18, 3015
6056.03, 3014
6069.22, 3013
6071.64, 3012
6072.27, 3011
6073.25, 3010
6073.93, 3009
6077.95, 3008
6082.17, 3007
6094.16, 3006
6096.23, 3005
6096.26, 3004
6096.63, 3003
6097.53, 3002
6119.39, 3001
6134.24, 3000
6136.82, 2999
6140.22, 2998
6146.08, 2997
6146.87, 2996
6147.77, 2995
6148.65, 2994
6149.53, 2993
6170.09, 2992
6176.38, 2991
6183.23, 2990
6187.29, 2989
6188.24, 2988
6199.82, 2987
6202.49, 2986
6203.65, 2985
6204.2, 2984
6205.04, 2983
6212.87, 2982
6212.88, 2981
6223.73, 2980
6226.29, 2979
6227.88, 2978
6232.19, 2977
6237.84, 2976
6238.41, 2975
6243.57, 2974
6251.19, 2973
6252.95, 2972
6256.03, 2971
6271.67, 2970
6292.28, 2969
6293.77, 2968
6303.81, 2967
6309.25, 2966
6312.21, 2965
6314.07, 2964
6314.91, 2963
6316.35, 2962
6316.56, 2961
6317.41, 2960
6322.46, 2959
6323.28, 2958
6329.17, 2957
6329.95, 2956
6339.26, 2955
6342.23, 2954
6343.16, 2953
6350.78, 2952
6355.79, 2951
6356.64, 2950
6357.49, 2949
6367.87, 2948
6368.72, 2947
6369.55, 2946
6370.39, 2945
6371.23, 2944
6376.53, 2943
6379.28, 2942
6389.61, 2941
6390.53, 2940
6391.33, 2939
6392.16, 2938
6392.98, 2937
6401.72, 2936
6425.3, 2935
6436.99, 2934
6438.36, 2933
6439.26, 2932
6440.11, 2931
6441.07, 2930
6466.85, 2929
6480.36, 2928
6481.31, 2927
6482.4, 2926
6482.98, 2925
6484.18, 2924
6484.62, 2923
6488.62, 2922
6491.61, 2921
6494.09, 2920
6495.7, 2919
6505.31, 2918
6509.95, 2917
6512.86, 2916
6515.05, 2915
6517.64, 2914
6521.75, 2913
6524.62, 2912
6528.18, 2911
6533.7, 2910
6534.25, 2909
6539.22, 2908
6541.88, 2907
6548.27, 2906
6550.6, 2905
6550.98, 2904
6551.83, 2903
6570.32, 2902
6571.16, 2901
6638.57, 2900
6658.31, 2899
6669.3, 2898
6669.39, 2897
6669.4, 2896
6669.42, 2895
6669.43, 2894
6669.45, 2893
6669.46, 2892
6669.48, 2891
6677.17, 2890
6677.77, 2889
6678.64, 2888
6691.21, 2887
6692.03, 2886
6697.72, 2885
6698.61, 2884
6705.44, 2883
6706.26, 2882
6728.2, 2881
6737.07, 2880
6782.3, 2879
6793.31, 2878
6794.19, 2877
6795.21, 2876
6796.64, 2875
6796.8, 2874
6797.72, 2873
6801.07, 2872
6807.09, 2871
6808.12, 2870
6821.61, 2869
6822.17, 2868
6823.01, 2867
6823.83, 2866
6824.66, 2865
6825.48, 2864
6844.07, 2863
6848.03, 2862
6848.83, 2861
6854.93, 2860
6858.81, 2859
6892.33, 2858
6896.22, 2857
6897.61, 2856
6903.12, 2855
6906.37, 2854
6909.01, 2853
6913.69, 2852
6914.59, 2851
6915.44, 2850
6917.42, 2849
6923.25, 2848
6927.01, 2847
6932.45, 2846
6935.37, 2845
6936.27, 2844
6937.12, 2843
6939.59, 2842
6943.82, 2841
6951.89, 2840
6958.32, 2839
6964.01, 2838
6965.8, 2837
6966.63, 2836
6967.46, 2835
6972.46, 2834
6975.5, 2833
6985.74, 2832
6985.84, 2831
6985.85, 2830
6986.23, 2829
6988.64, 2828
6994.29, 2827
6995.08, 2826
7000.68, 2825
7003.08, 2824
7005.13, 2823
7010.03, 2822
7018.21, 2821
7020.43, 2820
7058.21, 2819
7062.54, 2818
7064.7, 2817
7069.28, 2816
7072.22, 2815
7075.25, 2814
7077.72, 2813
7078.59, 2812
7084.9, 2811
7086.93, 2810
7087.87, 2809
7093.66, 2808
7093.8, 2807
7116.16, 2806
7117.0, 2805
7117.82, 2804
7118.7, 2803
7119.49, 2802
7120.35, 2801
7123.63, 2800
7142.91, 2799
7143.78, 2798
7144.65, 2797
7145.47, 2796
7146.32, 2795
7147.21, 2794
7175.37, 2793
7185.59, 2792
7191.07, 2791
7201.55, 2790
7202.48, 2789
7203.33, 2788
7204.19, 2787
7205.03, 2786
7205.87, 2785
7206.73, 2784
7215.94, 2783
7216.75, 2782
7279.03, 2781
7290.3, 2780
7291.17, 2779
7292.01, 2778
7292.84, 2777
7297.79, 2776
7298.64, 2775
7307.91, 2774
7316.75, 2773
7320.91, 2772
7321.7, 2771
7322.52, 2770
7323.35, 2769
7324.17, 2768
7325.37, 2767
7325.84, 2766
7340.25, 2765
7341.06, 2764
7341.89, 2763
7342.74, 2762
7363.61, 2761
7368.35, 2760
7372.34, 2759
7374.55, 2758
7375.46, 2757
7376.31, 2756
7377.2, 2755
7378.06, 2754
7378.9, 2753
7379.77, 2752
7380.63, 2751
7386.04, 2750
7391.73, 2749
7396.53, 2748
7399.14, 2747
7403.52, 2746
7414.2, 2745
7414.4, 2744
7415.2, 2743
7415.85, 2742
7426.86, 2741
7429.88, 2740
7434.68, 2739
7439.25, 2738
7492.99, 2737
7502.59, 2736
7507.41, 2735
7510.11, 2734
7510.97, 2733
7511.8, 2732
7512.65, 2731
7521.53, 2730
7522.52, 2729
7523.46, 2728
7524.05, 2727
7533.11, 2726
7539.53, 2725
7542.92, 2724
7548.12, 2723
7551.74, 2722
7551.91, 2721
7552.76, 2720
7559.59, 2719
7560.39, 2718
7561.22, 2717
7565.83, 2716
7569.65, 2715
7573.32, 2714
7576.74, 2713
7578.35, 2712
7589.67, 2711
7590.4, 2710
7598.26, 2709
7606.34, 2708
7619.08, 2707
7627.12, 2706
7629.33, 2705
7629.36, 2704
7630.0, 2703
7630.5, 2702
7631.32, 2701
7653.18, 2700
7662.95, 2699
7682.38, 2698
7686.2, 2697
7688.19, 2696
7688.27, 2695
7689.02, 2694
7689.91, 2693
7690.74, 2692
7701.13, 2691
7717.76, 2690
7722.51, 2689
7733.19, 2688
7738.85, 2687
7739.66, 2686
7740.49, 2685
7741.36, 2684
7742.21, 2683
7796.05, 2682
7799.53, 2681
7802.77, 2680
7805.01, 2679
7808.11, 2678
7812.83, 2677
7815.4, 2676
7820.15, 2675
7822.36, 2674
7827.27, 2673
7830.43, 2672
7836.98, 2671
7839.39, 2670
7842.33, 2669
7845.58, 2668
7848.42, 2667
7852.38, 2666
7857.06, 2665
7859.07, 2664
7860.9, 2663
7866.59, 2662
7867.73, 2661
7873.51, 2660
7875.48, 2659
7877.45, 2658
7882.92, 2657
7885.17, 2656
7890.49, 2655
7892.23, 2654
7895.71, 2653
7898.72, 2652
7903.09, 2651
7906.74, 2650
7911.72, 2649
7919.83, 2648
7922.31, 2647
7926.53, 2646
7928.45, 2645
7933.4, 2644
7934.19, 2643
7938.05, 2642
7941.83, 2641
7945.18, 2640
7949.25, 2639
7950.07, 2638
7954.76, 2637
7958.3, 2636
7961.4, 2635
7964.8, 2634
7968.21, 2633
7971.71, 2632
7975.08, 2631
7978.84, 2630
7983.49, 2629
7985.51, 2628
7988.37, 2627
7991.72, 2626
8005.52, 2625
8013.52, 2624
8014.01, 2623
8015.35, 2622
8015.96, 2621
8034.24, 2620
8035.05, 2619
8035.89, 2618
8036.74, 2617
8037.57, 2616
8076.6, 2615
8089.7, 2614
8134.22, 2613
8157.81, 2612
8162.66, 2611
8165.54, 2610
8179.07, 2609
8181.05, 2608
8195.36, 2607
8196.33, 2606
8203.13, 2605
8204.02, 2604
8210.02, 2603
8218.05, 2602
8218.9, 2601
8225.21, 2600
8226.13, 2599
8241.95, 2598
8246.48, 2597
8247.69, 2596
8255.5, 2595
8263.04, 2594
8263.54, 2593
8276.26, 2592
8278.92, 2591
8298.54, 2590
8299.08, 2589
8304.44, 2588
8313.25, 2587
8314.09, 2586
8317.96, 2585
8321.19, 2584
8326.03, 2583
8335.43, 2582
8340.79, 2581
8346.26, 2580
8348.85, 2579
8352.97, 2578
8362.45, 2577
8374.73, 2576
8381.32, 2575
8394.44, 2574
8395.31, 2573
8404.69, 2572
8407.92, 2571
8429.78, 2570
8432.46, 2569
8435.02, 2568
8444.34, 2567
8449.86, 2566
8450.68, 2565
8466.6, 2564
8467.83, 2563
8472.96, 2562
8479.74, 2561
8482.63, 2560
8487.25, 2559
8490.47, 2558
8503.91, 2557
8504.76, 2556
8505.61, 2555
8506.47, 2554
8507.32, 2553
8511.43, 2552
8515.88, 2551
8543.27, 2550
8544.24, 2549
8544.94, 2548
8545.82, 2547
8546.65, 2546
8588.93, 2545
8599.24, 2544
8617.19, 2543
8618.05, 2542
8618.96, 2541
8619.82, 2540
8620.68, 2539
8627.7, 2538
8628.3, 2537
8630.98, 2536
8638.87, 2535
8643.24, 2534
8651.57, 2533
8655.31, 2532
8655.38, 2531
8655.78, 2530
8714.76, 2529
8742.52, 2528
8746.36, 2527
8749.57, 2526
8752.05, 2525
8752.98, 2524
8755.13, 2523
8755.2, 2522
8755.5, 2521
8763.98, 2520
8766.32, 2519
8767.25, 2518
8777.35, 2517
8791.17, 2516
8791.68, 2515
8792.53, 2514
8793.38, 2513
8794.23, 2512
8816.77, 2511
8817.67, 2510
8819.48, 2509
8819.52, 2508
8819.97, 2507
8828.55, 2506
8836.66, 2505
8851.94, 2504
8854.5, 2503
8864.56, 2502
8865.36, 2501
8871.11, 2500
8890.22, 2499
8894.01, 2498
8895.58, 2497
8928.76, 2496
8932.4, 2495
8937.45, 2494
8943.61, 2493
8948.41, 2492
8950.9, 2491
8954.12, 2490
8954.97, 2489
8957.8, 2488
8966.69, 2487
8967.55, 2486
8968.39, 2485
8973.09, 2484
8974.0, 2483
8988.67, 2482
8989.73, 2481
8990.04, 2480
8990.87, 2479
8996.89, 2478
9001.37, 2477
9002.76, 2476
9007.08, 2475
9023.9, 2474
9024.77, 2473
9025.63, 2472
9026.48, 2471
9027.31, 2470
9029.05, 2469
9041.67, 2468
9042.19, 2467
9043.03, 2466
9057.75, 2465
9068.44, 2464
9069.26, 2463
9093.13, 2462
9105.56, 2461
9106.46, 2460
9107.23, 2459
9109.92, 2458
9120.99, 2457
9121.71, 2456
9132.93, 2455
9143.96, 2454
9156.85, 2453
9173.71, 2452
9181.5, 2451
9207.53, 2450
9214.68, 2449
9218.17, 2448
9220.28, 2447
9223.63, 2446
9236.33, 2445
9241.21, 2444
9244.88, 2443
9249.56, 2442
9256.27, 2441
9259.55, 2440
9264.0, 2439
9270.52, 2438
9286.73, 2437
9292.01, 2436
9303.76, 2435
9308.07, 2434
9320.51, 2433
9327.89, 2432
9348.12, 2431
9351.7, 2430
9355.12, 2429
9362.99, 2428
9365.65, 2427
9368.17, 2426
9371.77, 2425
9374.0, 2424
9379.42, 2423
9382.94, 2422
9386.03, 2421
9390.55, 2420
9396.4, 2419
9427.12, 2418
9434.25, 2417
9441.25, 2416
9444.93, 2415
9446.95, 2414
9452.15, 2413
9455.25, 2412
9461.49, 2411
9477.32, 2410
9488.22, 2409
9493.04, 2408
9500.47, 2407
9504.78, 2406
9510.8, 2405
9511.69, 2404
9515.05, 2403
9530.64, 2402
9550.61, 2401
9560.2, 2400
9565.65, 2399
9577.12, 2398
9582.61, 2397
9586.1, 2396
9592.41, 2395
9595.38, 2394
9603.89, 2393
9605.35, 2392
9613.19, 2391
9619.6, 2390
9628.37, 2389
9631.5, 2388
9635.34, 2387
9638.6, 2386
9656.17, 2385
9670.76, 2384
9678.73, 2383
9687.74, 2382
9689.7, 2381
9693.4, 2380
9696.91, 2379
9705.82, 2378
9715.64, 2377
9727.59, 2376
9728.39, 2375
9733.02, 2374
9736.32, 2373
9739.34, 2372
9743.81, 2371
9746.8, 2370
9752.9, 2369
9760.91, 2368
9789.99, 2367
9799.61, 2366
9808.02, 2365
9878.95, 2364
9880.04, 2363
9880.97, 2362
9881.95, 2361
9883.34, 2360
9883.62, 2359
9884.6, 2358
9885.45, 2357
9888.84, 2356
9894.98, 2355
9897.91, 2354
9900.91, 2353
9911.79, 2352
9925.15, 2351
9935.78, 2350
9937.76, 2349
9938.72, 2348
9943.11, 2347
9968.84, 2346
9969.45, 2345
9981.27, 2344
9989.72, 2343
9995.06, 2342
10002.68, 2341
10009.3, 2340
10011.59, 2339
10013.66, 2338
10019.09, 2337
10025.13, 2336
10028.25, 2335
10031.36, 2334
10038.63, 2333
10040.36, 2332
10043.7, 2331
10048.14, 2330
10051.6, 2329
10054.9, 2328
10077.91, 2327
10088.05, 2326
10091.57, 2325
10101.67, 2324
10109.1, 2323
10120.5, 2322
10121.81, 2321
10138.52, 2320
10142.41, 2319
10147.45, 2318
10156.59, 2317
10165.87, 2316
10172.74, 2315
10182.24, 2314
10195.11, 2313
10198.23, 2312
10202.75, 2311
10208.69, 2310
10222.04, 2309
10228.43, 2308
10238.82, 2307
10255.39, 2306
10259.12, 2305
10263.16, 2304
10268.66, 2303
10272.66, 2302
10285.03, 2301
10296.63, 2300
10324.06, 2299
10327.99, 2298
10331.14, 2297
10335.1, 2296
10338.63, 2295
10344.0, 2294
10352.2, 2293
10356.89, 2292
10371.26, 2291
10378.0, 2290
10382.58, 2289
10385.62, 2288
10394.48, 2287
10395.31, 2286
10400.41, 2285
10404.83, 2284
10410.28, 2283
10411.72, 2282
10415.46, 2281
10428.14, 2280
10430.47, 2279
10433.81, 2278
10438.73, 2277
10442.8, 2276
10452.99, 2275
10463.52, 2274
10466.63, 2273
10478.47, 2272
10486.81, 2271
10500.68, 2270
10504.81, 2269
10510.83, 2268
10527.48, 2267
10540.14, 2266
10551.03, 2265
10557.67, 2264
10562.43, 2263
10564.29, 2262
10569.78, 2261
10576.17, 2260
10576.46, 2259
10579.31, 2258
10585.82, 2257
10592.69, 2256
10594.93, 2255
10597.51, 2254
10620.28, 2253
10625.92, 2252
10627.86, 2251
10629.4, 2250
10633.8, 2249
10637.98, 2248
10643.7, 2247
10644.97, 2246
10650.17, 2245
10658.86, 2244
10666.03, 2243
10669.65, 2242
10672.73, 2241
10675.55, 2240
10680.7, 2239
10684.06, 2238
10688.38, 2237
10690.52, 2236
10695.07, 2235
10699.43, 2234
10703.5, 2233
10706.98, 2232
10711.04, 2231
10728.02, 2230
10735.61, 2229
10742.24, 2228
10755.49, 2227
10763.89, 2226
10774.14, 2225
10780.99, 2224
10789.72, 2223
10811.38, 2222
10818.24, 2221
10821.49, 2220
10823.76, 2219
10829.68, 2218
10834.88, 2217
10836.2, 2216
10843.43, 2215
10844.94, 2214
10861.35, 2213
10865.94, 2212
10875.58, 2211
10882.39, 2210
10888.07, 2209
10891.84, 2208
10905.47, 2207
10925.07, 2206
10931.22, 2205
10938.35, 2204
10944.67, 2203
10948.87, 2202
10955.15, 2201
10963.24, 2200
10966.82, 2199
10973.49, 2198
10990.35, 2197
10992.45, 2196
10998.69, 2195
11005.32, 2194
11015.72, 2193
11028.11, 2192
11033.91, 2191
11049.74, 2190
11056.06, 2189
11063.14, 2188
11070.39, 2187
11072.55, 2186
11077.65, 2185
11080.52, 2184
11082.47, 2183
11089.0, 2182
11094.46, 2181
11096.18, 2180
11101.33, 2179
11103.45, 2178
11110.03, 2177
11113.19, 2176
11116.29, 2175
11119.54, 2174
11124.85, 2173
11127.47, 2172
11130.96, 2171
11134.85, 2170
11138.8, 2169
11142.23, 2168
11146.34, 2167
11151.39, 2166
11164.47, 2165
11168.47, 2164
11170.92, 2163
11175.57, 2162
11179.74, 2161
11184.04, 2160
11187.03, 2159
11191.6, 2158
11235.83, 2157
11261.33, 2156
11266.62, 2155
11287.76, 2154
11292.62, 2153
11298.29, 2152
11308.32, 2151
11311.65, 2150
11313.2, 2149
11319.58, 2148
11325.59, 2147
11331.28, 2146
11341.86, 2145
11345.99, 2144
11347.96, 2143
11357.39, 2142
11360.67, 2141
11363.73, 2140
11369.74, 2139
11374.64, 2138
11378.03, 2137
11380.01, 2136
11384.06, 2135
11388.82, 2134
11400.86, 2133
11406.39, 2132
11431.99, 2131
11436.7, 2130
11454.79, 2129
11477.18, 2128
11489.46, 2127
11491.08, 2126
11497.71, 2125
11501.9, 2124
11508.95, 2123
11511.14, 2122
11512.0, 2121
11515.24, 2120
11525.79, 2119
11528.03, 2118
11530.28, 2117
11535.56, 2116
11540.08, 2115
11543.4, 2114
11547.8, 2113
11556.58, 2112
11560.89, 2111
11567.91, 2110
11582.42, 2109
11619.7, 2108
11634.35, 2107
11639.71, 2106
11642.97, 2105
11648.16, 2104
11654.42, 2103
11672.93, 2102
11677.9, 2101
11690.91, 2100
11694.68, 2099
11700.73, 2098
11708.26, 2097
11710.81, 2096
11726.38, 2095
11728.13, 2094
11744.6, 2093
11747.07, 2092
11751.15, 2091
11758.81, 2090
11761.64, 2089
11764.91, 2088
11769.25, 2087
11771.93, 2086
11780.51, 2085
11782.61, 2084
11786.24, 2083
11789.72, 2082
11794.59, 2081
11799.0, 2080
11811.14, 2079
11838.43, 2078
11851.62, 2077
11860.36, 2076
11866.86, 2075
11892.31, 2074
11898.9, 2073
11902.9, 2072
11906.35, 2071
11909.19, 2070
11912.86, 2069
11916.31, 2068
11922.42, 2067
11928.92, 2066
11930.5, 2065
11934.34, 2064
11938.46, 2063
11944.6, 2062
11948.03, 2061
11952.48, 2060
11955.06, 2059
11964.9, 2058
11968.56, 2057
11971.91, 2056
11976.53, 2055
11980.22, 2054
11985.84, 2053
11988.84, 2052
11996.13, 2051
12002.46, 2050
12011.84, 2049
12014.29, 2048
12024.49, 2047
12027.29, 2046
12029.84, 2045
12035.51, 2044
12038.58, 2043
12041.87, 2042
12044.54, 2041
12047.43, 2040
12055.1, 2039
12059.32, 2038
12071.81, 2037
12085.36, 2036
12125.32, 2035
12128.83, 2034
12144.34, 2033
12153.12, 2032
12161.73, 2031
12168.12, 2030
12174.08, 2029
12189.66, 2028
12194.5, 2027
12214.22, 2026
12217.83, 2025
12230.14, 2024
12242.76, 2023
12244.3, 2022
12252.03, 2021
12255.52, 2020
12257.95, 2019
12261.28, 2018
12265.02, 2017
12272.15, 2016
12275.29, 2015
12296.13, 2014
12302.55, 2013
12306.3, 2012
12314.07, 2011
12322.64, 2010
12338.45, 2009
12348.92, 2008
12362.13, 2007
12370.82, 2006
12394.57, 2005
12411.22, 2004
12417.19, 2003
12422.51, 2002
12436.21, 2001
12439.86, 2000
12468.66, 1999
12474.92, 1998
12477.39, 1997
12481.46, 1996
12510.76, 1995
12511.82, 1994
12518.24, 1993
12521.96, 1992
12538.97, 1991
12551.98, 1990
12561.62, 1989
12569.27, 1988
12578.25, 1987
12580.06, 1986
12586.93, 1985
12587.79, 1984
12599.91, 1983
12601.99, 1982
12605.79, 1981
12610.9, 1980
12621.96, 1979
12633.41, 1978
12651.13, 1977
12654.2, 1976
12670.87, 1975
12678.04, 1974
12681.19, 1973
12686.12, 1972
12697.7, 1971
12703.24, 1970
12707.42, 1969
12711.55, 1968
12722.13, 1967
12728.03, 1966
12730.24, 1965
12735.38, 1964
12738.8, 1963
12742.6, 1962
12747.58, 1961
12757.36, 1960
12770.6, 1959
12778.2, 1958
12796.98, 1957
12799.89, 1956
12803.78, 1955
12815.64, 1954
12819.23, 1953
12824.82, 1952
12849.59, 1951
12859.98, 1950
12873.85, 1949
12885.01, 1948
12888.65, 1947
12894.85, 1946
12922.34, 1945
12938.55, 1944
12944.96, 1943
12950.88, 1942
12955.21, 1941
12959.46, 1940
12967.28, 1939
12993.74, 1938
12996.96, 1937
13000.9, 1936
13011.18, 1935
13025.3, 1934
13030.3, 1933
13033.08, 1932
13035.97, 1931
13041.4, 1930
13042.69, 1929
13047.67, 1928
13051.45, 1927
13055.52, 1926
13073.98, 1925
13084.96, 1924
13087.14, 1923
13104.76, 1922
13106.17, 1921
13111.49, 1920
13121.82, 1919
13127.65, 1918
13144.98, 1917
13152.9, 1916
13159.67, 1915
13161.47, 1914
13175.72, 1913
13181.62, 1912
13199.82, 1911
13203.64, 1910
13205.43, 1909
13221.32, 1908
13238.65, 1907
13247.29, 1906
13255.58, 1905
13270.75, 1904
13275.86, 1903
13278.12, 1902
13281.53, 1901
13286.7, 1900
13288.45, 1899
13305.72, 1898
13309.85, 1897
13313.63, 1896
13316.92, 1895
13321.86, 1894
13326.99, 1893
13334.99, 1892
13338.7, 1891
13344.54, 1890
13378.45, 1889
13386.96, 1888
13393.72, 1887
13399.16, 1886
13404.87, 1885
13412.45, 1884
13436.83, 1883
13437.57, 1882
13449.68, 1881
13462.34, 1880
13469.54, 1879
13480.56, 1878
13486.12, 1877
13494.18, 1876
13503.28, 1875
13525.72, 1874
13529.05, 1873
13533.66, 1872
13546.51, 1871
13554.62, 1870
13558.78, 1869
13560.92, 1868
13564.92, 1867
13572.19, 1866
13580.6, 1865
13596.77, 1864
13625.59, 1863
13630.79, 1862
13645.08, 1861
13648.59, 1860
13667.14, 1859
13671.57, 1858
13675.5, 1857
13680.19, 1856
13690.04, 1855
13692.43, 1854
13697.16, 1853
13704.03, 1852
13708.13, 1851
13710.04, 1850
13714.51, 1849
13726.97, 1848
13727.97, 1847
13743.01, 1846
13752.62, 1845
13769.89, 1844
13775.75, 1843
13786.47, 1842
13814.52, 1841
13825.2, 1840
13830.3, 1839
13838.13, 1838
13843.35, 1837
13851.92, 1836
13864.76, 1835
13875.38, 1834
13881.03, 1833
13893.25, 1832
13906.57, 1831
13910.86, 1830
13916.36, 1829
13921.34, 1828
13932.63, 1827
13938.44, 1826
13948.52, 1825
13952.65, 1824
13967.87, 1823
13973.95, 1822
13990.39, 1821
13994.51, 1820
14001.12, 1819
14011.57, 1818
14022.71, 1817
14027.03, 1816
14031.53, 1815
14035.84, 1814
14038.78, 1813
14044.85, 1812
14052.04, 1811
14055.57, 1810
14060.99, 1809
14066.8, 1808
14072.31, 1807
14074.72, 1806
14079.54, 1805
14083.94, 1804
14088.79, 1803
14094.67, 1802
14112.67, 1801
14129.3, 1800
14131.77, 1799
14149.64, 1798
14159.25, 1797
14166.95, 1796
14167.36, 1795
14173.97, 1794
14195.05, 1793
14215.2, 1792
14224.35, 1791
14239.43, 1790
14244.09, 1789
14247.81, 1788
14260.31, 1787
14273.3, 1786
14279.07, 1785
14288.88, 1784
14305.11, 1783
14312.27, 1782
14320.67, 1781
14328.03, 1780
14332.07, 1779
14343.56, 1778
14345.6, 1777
14352.87, 1776
14359.79, 1775
14369.42, 1774
14376.77, 1773
14391.51, 1772
14412.91, 1771
14436.68, 1770
14448.74, 1769
14453.96, 1768
14463.64, 1767
14476.79, 1766
14480.31, 1765
14485.19, 1764
14488.22, 1763
14490.91, 1762
14496.83, 1761
14504.82, 1760
14509.41, 1759
14517.6, 1758
14521.63, 1757
14525.13, 1756
14528.84, 1755
14532.22, 1754
14538.28, 1753
14543.58, 1752
14548.52, 1751
14551.47, 1750
14560.92, 1749
14565.14, 1748
14569.43, 1747
14575.63, 1746
14579.54, 1745
14581.92, 1744
14588.23, 1743
14593.95, 1742
14623.14, 1741
14623.22, 1740
14624.05, 1739
14624.9, 1738
14630.3, 1737
14642.88, 1736
14645.99, 1735
14657.16, 1734
14725.91, 1733
14729.75, 1732
14739.06, 1731
14752.55, 1730
14756.09, 1729
14756.13, 1728
14756.13, 1727
14758.14, 1726
14770.93, 1725
14778.17, 1724
14782.9, 1723
14795.65, 1722
14801.18, 1721
14813.53, 1720
14818.47, 1719
14859.8, 1718
14869.66, 1717
14873.48, 1716
14880.96, 1715
14906.2, 1714
14907.03, 1713
14908.07, 1712
14908.73, 1711
14909.57, 1710
14915.56, 1709
14923.94, 1708
14927.45, 1707
14934.96, 1706
14938.89, 1705
14943.22, 1704
14946.76, 1703
14950.26, 1702
14956.63, 1701
14960.82, 1700
14968.88, 1699
14970.29, 1698
15052.02, 1697
15057.1, 1696
15064.23, 1695
15074.12, 1694
15079.33, 1693
15091.0, 1692
15091.02, 1691
15091.02, 1690
15101.92, 1689
15125.74, 1688
15127.53, 1687
15136.5, 1686
15137.33, 1685
15148.42, 1684
15155.47, 1683
15172.22, 1682
15175.52, 1681
15182.5, 1680
15190.64, 1679
15199.9, 1678
15206.27, 1677
15208.84, 1676
15226.21, 1675
15235.75, 1674
15239.7, 1673
15250.05, 1672
15255.55, 1671
15258.2, 1670
15264.87, 1669
15265.55, 1668
15290.55, 1667
15300.14, 1666
15302.32, 1665
15305.84, 1664
15307.47, 1663
15308.31, 1662
15338.89, 1661
15342.86, 1660
15352.46, 1659
15360.1, 1658
15366.91, 1657
15369.56, 1656
15370.25, 1655
15375.8, 1654
15432.04, 1653
15439.82, 1652
15484.17, 1651
15484.91, 1650
15485.61, 1649
15486.32, 1648
15487.01, 1647
15487.71, 1646
15493.92, 1645
15521.27, 1644
15533.24, 1643
15540.23, 1642
15546.52, 1641
15577.96, 1640
15578.64, 1639
15584.59, 1638
15592.99, 1637
15595.95, 1636
15603.29, 1635
15605.85, 1634
15615.81, 1633
15618.04, 1632
15620.7, 1631
15631.29, 1630
15631.58, 1629
15634.55, 1628
15637.83, 1627
15646.0, 1626
15646.72, 1625
15651.75, 1624
15657.12, 1623
15662.69, 1622
15668.76, 1621
15675.81, 1620
15678.83, 1619
15684.21, 1618
15690.7, 1617
15693.37, 1616
15706.79, 1615
15718.14, 1614
15720.69, 1613
15739.87, 1612
15742.08, 1611
15743.67, 1610
15744.42, 1609
15745.16, 1608
15770.26, 1607
15773.98, 1606
15775.88, 1605
15777.38, 1604
15777.41, 1603
15779.83, 1602
15779.85, 1601
15782.56, 1600
15786.4, 1599
15830.81, 1598
15833.27, 1597
15838.22, 1596
15848.42, 1595
15852.32, 1594
15862.82, 1593
15926.89, 1592
15933.78, 1591
15935.96, 1590
15953.66, 1589
15956.46, 1588
15960.43, 1587
15970.97, 1586
15971.01, 1585
15975.82, 1584
15979.53, 1583
15988.27, 1582
15991.39, 1581
15995.78, 1580
16003.12, 1579
16016.84, 1578
16019.04, 1577
16021.99, 1576
16024.15, 1575
16025.68, 1574
16032.38, 1573
16035.36, 1572
16038.7, 1571
16042.86, 1570
16095.19, 1569
16113.1, 1568
16139.84, 1567
16145.97, 1566
16149.67, 1565
16162.37, 1564
16166.36, 1563
16167.04, 1562
16167.76, 1561
16175.48, 1560
16183.38, 1559
16185.78, 1558
16188.01, 1557
16198.64, 1556
16200.0, 1555
16204.88, 1554
16205.59, 1553
16210.76, 1552
16216.98, 1551
16219.57, 1550
16222.58, 1549
16224.78, 1548
16271.75, 1547
16275.49, 1546
16282.12, 1545
16301.41, 1544
16323.09, 1543
16329.8, 1542
16334.93, 1541
16353.83, 1540
16358.26, 1539
16363.12, 1538
16366.7, 1537
16374.48, 1536
16388.52, 1535
16395.47, 1534
16398.15, 1533
16401.23, 1532
16415.28, 1531
16417.41, 1530
16420.2, 1529
16428.98, 1528
16492.58, 1527
16495.93, 1526
16503.55, 1525
16504.28, 1524
16511.71, 1523
16513.22, 1522
16517.58, 1521
16525.21, 1520
16528.0, 1519
16531.32, 1518
16545.93, 1517
16581.93, 1516
16586.84, 1515
16596.1, 1514
16601.22, 1513
16609.89, 1512
16619.45, 1511
16621.97, 1510
16624.96, 1509
16627.63, 1508
16659.91, 1507
16665.08, 1506
16667.45, 1505
16672.06, 1504
16701.39, 1503
16703.34, 1502
16724.47, 1501
16730.29, 1500
16736.02, 1499
16745.15, 1498
16752.33, 1497
16766.29, 1496
16771.94, 1495
16776.39, 1494
16781.13, 1493
16797.6, 1492
16800.28, 1491
16804.8, 1490
16807.06, 1489
16808.48, 1488
16818.08, 1487
16818.78, 1486
16819.49, 1485
16826.04, 1484
16899.79, 1483
16908.72, 1482
16917.93, 1481
16920.57, 1480
16932.22, 1479
16932.58, 1478
16933.29, 1477
16938.24, 1476
16950.78, 1475
16950.81, 1474
16950.81, 1473
16953.65, 1472
16959.98, 1471
16962.8, 1470
16984.32, 1469
16988.72, 1468
16992.83, 1467
16995.3, 1466
16998.41, 1465
17003.65, 1464
17007.32, 1463
17012.1, 1462
17015.76, 1461
17017.75, 1460
17036.79, 1459
17056.28, 1458
17079.19, 1457
17081.77, 1456
17087.87, 1455
17090.16, 1454
17098.12, 1453
17101.37, 1452
17110.93, 1451
17113.2, 1450
17136.78, 1449
17139.18, 1448
17166.46, 1447
17179.85, 1446
17184.28, 1445
17187.27, 1444
17193.33, 1443
17207.41, 1442
17211.65, 1441
17215.97, 1440
17219.74, 1439
17223.12, 1438
17230.94, 1437
17233.14, 1436
17239.6, 1435
17240.89, 1434
17250.23, 1433
17258.91, 1432
17264.0, 1431
17271.99, 1430
17286.02, 1429
17290.37, 1428
17293.22, 1427
17297.02, 1426
17301.18, 1425
17305.46, 1424
17310.31, 1423
17314.38, 1422
17319.49, 1421
17323.17, 1420
17327.17, 1419
17334.41, 1418
17336.55, 1417
17340.38, 1416
17380.6, 1415
17386.42, 1414
17388.12, 1413
17388.84, 1412
17392.39, 1411
17400.17, 1410
17413.12, 1409
17417.05, 1408
17445.36, 1407
17453.0, 1406
17474.24, 1405
17480.69, 1404
17507.66, 1403
17510.34, 1402
17534.63, 1401
17541.86, 1400
17572.39, 1399
17573.1, 1398
17598.02, 1397
17603.07, 1396
17610.78, 1395
17617.63, 1394
17625.8, 1393
17632.02, 1392
17652.94, 1391
17662.9, 1390
17691.96, 1389
17695.04, 1388
17700.05, 1387
17702.88, 1386
17723.54, 1385
17726.47, 1384
17744.05, 1383
17745.27, 1382
17778.76, 1381
17778.8, 1380
17800.53, 1379
17802.73, 1378
17821.95, 1377
17824.83, 1376
17824.96, 1375
17831.31, 1374
17849.89, 1373
17851.92, 1372
17854.01, 1371
17855.48, 1370
17859.43, 1369
17864.71, 1368
17873.51, 1367
17882.42, 1366
17889.46, 1365
17892.82, 1364
17898.21, 1363
17920.02, 1362
17923.67, 1361
17940.23, 1360
17944.32, 1359
17949.2, 1358
17966.19, 1357
17968.37, 1356
17975.19, 1355
17996.48, 1354
18002.73, 1353
18006.77, 1352
18026.82, 1351
18041.46, 1350
18050.72, 1349
18060.08, 1348
18087.31, 1347
18091.94, 1346
18105.64, 1345
18109.72, 1344
18113.68, 1343
18128.66, 1342
18131.32, 1341
18135.49, 1340
18164.96, 1339
18167.46, 1338
18168.5, 1337
18185.45, 1336
18190.45, 1335
18190.48, 1334
18223.56, 1333
18225.46, 1332
18232.42, 1331
18256.6, 1330
18263.39, 1329
18270.66, 1328
18281.74, 1327
18286.41, 1326
18302.34, 1325
18305.84, 1324
18308.66, 1323
18330.74, 1322
18342.11, 1321
18346.94, 1320
18368.0, 1319
18380.47, 1318
18383.49, 1317
18442.85, 1316
18452.26, 1315
18452.71, 1314
18460.08, 1313
18463.23, 1312
18466.96, 1311
18479.85, 1310
18534.7, 1309
18537.24, 1308
18542.43, 1307
18564.63, 1306
18568.38, 1305
18573.09, 1304
18625.33, 1303
18625.98, 1302
18633.83, 1301
18639.7, 1300
18670.86, 1299
18692.94, 1298
18701.35, 1297
18712.36, 1296
18728.23, 1295
18738.05, 1294
18745.93, 1293
18757.25, 1292
18775.14, 1291
18782.87, 1290
18785.8, 1289
18814.6, 1288
18815.31, 1287
18818.37, 1286
18850.65, 1285
18852.72, 1284
18856.84, 1283
18886.1, 1282
18889.02, 1281
18893.73, 1280
18907.31, 1279
18917.45, 1278
18923.32, 1277
18931.57, 1276
18944.59, 1275
18949.11, 1274
18963.9, 1273
18983.59, 1272
18986.08, 1271
18997.37, 1270
19017.65, 1269
19018.3, 1268
19030.72, 1267
19040.24, 1266
19053.31, 1265
19059.56, 1264
19064.43, 1263
19073.41, 1262
19078.24, 1261
19082.33, 1260
19104.78, 1259
19126.94, 1258
19127.04, 1257
19133.96, 1256
19167.59, 1255
19180.41, 1254
19189.35, 1253
19191.64, 1252
19212.03, 1251
19225.11, 1250
19230.36, 1249
19238.56, 1248
19258.03, 1247
19275.62, 1246
19279.92, 1245
19285.12, 1244
19311.78, 1243
19338.32, 1242
19348.99, 1241
19355.03, 1240
19383.85, 1239
19405.41, 1238
19413.88, 1237
19415.82, 1236
19440.35, 1235
19454.69, 1234
19455.5, 1233
19462.13, 1232
19496.91, 1231
19499.61, 1230
19522.15, 1229
19532.07, 1228
19563.48, 1227
19565.42, 1226
19591.9, 1225
19592.57, 1224
19621.66, 1223
19638.41, 1222
19669.03, 1221
19673.7, 1220
19683.31, 1219
19688.49, 1218
19696.61, 1217
19699.6, 1216
19711.48, 1215
19715.14, 1214
19723.37, 1213
19736.56, 1212
19743.35, 1211
19756.83, 1210
19790.22, 1209
19799.0, 1208
19813.11, 1207
19815.9, 1206
19826.3, 1205
19846.71, 1204
19857.89, 1203
19862.95, 1202
19865.52, 1201
19907.1, 1200
19913.06, 1199
19922.76, 1198
19929.87, 1197
19935.06, 1196
19967.36, 1195
19969.54, 1194
19990.69, 1193
19994.77, 1192
20000.54, 1191
20035.77, 1190
20042.02, 1189
20052.18, 1188
20055.14, 1187
20063.1, 1186
20094.14, 1185
20102.75, 1184
20138.41, 1183
20146.39, 1182
20155.11, 1181
20166.06, 1180
20166.69, 1179
20211.26, 1178
20223.58, 1177
20228.61, 1176
20238.53, 1175
20246.84, 1174
20254.47, 1173
20270.26, 1172
20271.63, 1171
20276.39, 1170
20287.53, 1169
20294.51, 1168
20298.82, 1167
20306.03, 1166
20325.33, 1165
20328.68, 1164
20329.48, 1163
20376.58, 1162
20389.39, 1161
20391.49, 1160
20407.98, 1159
20436.93, 1158
20444.45, 1157
20463.98, 1156
20471.42, 1155
20486.61, 1154
20523.79, 1153
20526.85, 1152
20530.2, 1151
20541.56, 1150
20544.88, 1149
20549.11, 1148
20578.67, 1147
20591.93, 1146
20594.1, 1145
20605.64, 1144
20612.63, 1143
20613.87, 1142
20650.5, 1141
20661.6, 1140
20666.97, 1139
20672.57, 1138
20725.73, 1137
20726.42, 1136
20756.45, 1135
20761.35, 1134
20774.39, 1133
20776.92, 1132
20798.01, 1131
20800.37, 1130
20800.4, 1129
20820.28, 1128
20844.88, 1127
20846.38, 1126
20846.42, 1125
20847.25, 1124
20902.25, 1123
20904.62, 1122
20909.42, 1121
20917.46, 1120
20938.67, 1119
20939.84, 1118
20947.36, 1117
20953.41, 1116
20957.33, 1115
20963.58, 1114
20980.83, 1113
20983.02, 1112
20988.69, 1111
21030.14, 1110
21034.75, 1109
21038.15, 1108
21054.58, 1107
21057.6, 1106
21063.62, 1105
21069.27, 1104
21126.4, 1103
21127.22, 1102
21127.97, 1101
21132.41, 1100
21139.87, 1099
21154.05, 1098
21156.34, 1097
21188.83, 1096
21203.28, 1095
21203.34, 1094
21216.43, 1093
21225.01, 1092
21255.27, 1091
21261.26, 1090
21281.66, 1089
21285.83, 1088
21288.66, 1087
21303.57, 1086
21310.07, 1085
21314.49, 1084
21326.31, 1083
21336.29, 1082
21340.09, 1081
21350.78, 1080
21361.19, 1079
21366.7, 1078
21388.11, 1077
21421.47, 1076
21422.13, 1075
21428.53, 1074
21433.86, 1073
21446.54, 1072
21454.98, 1071
21459.67, 1070
21464.5, 1069
21477.89, 1068
21480.36, 1067
21488.08, 1066
21494.18, 1065
21503.33, 1064
21510.29, 1063
21520.09, 1062
21524.41, 1061
21572.45, 1060
21587.98, 1059
21595.99, 1058
21599.03, 1057
21609.25, 1056
21613.75, 1055
21618.73, 1054
21657.96, 1053
21662.85, 1052
21678.79, 1051
21692.73, 1050
21732.99, 1049
21736.65, 1048
21755.19, 1047
21772.24, 1046
21775.08, 1045
21779.51, 1044
21792.41, 1043
21794.6, 1042
21803.44, 1041
21820.24, 1040
21825.33, 1039
21829.67, 1038
21836.77, 1037
21838.97, 1036
21841.77, 1035
21858.7, 1034
21901.56, 1033
21902.1, 1032
21932.78, 1031
21937.96, 1030
21943.73, 1029
21948.67, 1028
21963.79, 1027
21969.07, 1026
21977.04, 1025
21982.18, 1024
22003.4, 1023
22010.55, 1022
22016.58, 1021
22023.47, 1020
22027.6, 1019
22038.47, 1018
22043.91, 1017
22052.72, 1016
22058.6, 1015
22068.96, 1014
22075.4, 1013
22107.67, 1012
22132.97, 1011
22135.07, 1010
22176.21, 1009
22178.6, 1008
22184.14, 1007
22190.47, 1006
22204.97, 1005
22210.25, 1004
22218.78, 1003
22231.4, 1002
22242.45, 1001
22247.86, 1000
22273.71, 999
22285.25, 998
22289.23, 997
22297.84, 996
22301.88, 995
22308.22, 994
22314.52, 993
22318.86, 992
22332.84, 991
22358.04, 990
22362.6, 989
22406.64, 988
22413.53, 987
22421.22, 986
22424.2, 985
22465.22, 984
22475.85, 983
22477.01, 982
22482.62, 981
22494.75, 980
22504.39, 979
22521.57, 978
22533.64, 977
22541.25, 976
22554.08, 975
22554.66, 974
22566.48, 973
22579.73, 972
22584.57, 971
22588.68, 970
22601.28, 969
22607.86, 968
22612.63, 967
22624.2, 966
22626.59, 965
22633.3, 964
22680.54, 963
22690.66, 962
22695.89, 961
22720.08, 960
22722.56, 959
22727.83, 958
22736.08, 957
22736.75, 956
22742.67, 955
22751.71, 954
22754.69, 953
22758.12, 952
22800.93, 951
22810.99, 950
22858.17, 949
22868.61, 948
22901.22, 947
22909.08, 946
22914.82, 945
22918.66, 944
22942.52, 943
22981.01, 942
22984.81, 941
22990.76, 940
23098.75, 939
23100.48, 938
23101.7, 937
23106.08, 936
23109.65, 935
23110.46, 934
23111.62, 933
23112.58, 932
23112.82, 931
23124.68, 930
23134.26, 929
23134.86, 928
23140.35, 927
23149.48, 926
23154.89, 925
23164.9, 924
23170.09, 923
23181.5, 922
23199.58, 921
23204.95, 920
23210.55, 919
23224.61, 918
23229.68, 917
23238.04, 916
23262.88, 915
23272.5, 914
23291.14, 913
23310.79, 912
23315.7, 911
23349.37, 910
23350.42, 909
23394.12, 908
23400.19, 907
23405.12, 906
23409.32, 905
23424.22, 904
23441.5, 903
23461.54, 902
23466.88, 901
23469.46, 900
23476.5, 899
23480.35, 898
23484.25, 897
23501.75, 896
23512.72, 895
23514.67, 894
23520.17, 893
23529.86, 892
23537.83, 891
23552.46, 890
23567.48, 889
23568.19, 888
23588.46, 887
23589.48, 886
23595.98, 885
23605.18, 884
23630.14, 883
23638.8, 882
23641.16, 881
23652.64, 880
23656.87, 879
23668.12, 878
23677.96, 877
23684.71, 876
23689.73, 875
23704.17, 874
23714.31, 873
23721.42, 872
23729.49, 871
23734.73, 870
23741.37, 869
23760.55, 868
23805.74, 867
23810.3, 866
23834.84, 865
23853.36, 864
23859.48, 863
23871.26, 862
23875.16, 861
23879.47, 860
23884.74, 859
23905.56, 858
23906.33, 857
23924.39, 856
23925.08, 855
23928.81, 854
23935.5, 853
23945.89, 852
23948.28, 851
23971.08, 850
23989.96, 849
23995.67, 848
24001.3, 847
24018.94, 846
24022.27, 845
24027.79, 844
24047.24, 843
24053.14, 842
24059.34, 841
24070.02, 840
24073.36, 839
24084.23, 838
24104.76, 837
24117.8, 836
24118.59, 835
24130.27, 834
24136.67, 833
24149.14, 832
24157.01, 831
24164.53, 830
24171.98, 829
24192.92, 828
24202.49, 827
24207.85, 826
24217.88, 825
24223.43, 824
24229.48, 823
24256.58, 822
24262.01, 821
24270.82, 820
24296.53, 819
24303.41, 818
24308.67, 817
24315.21, 816
24323.59, 815
24334.66, 814
24339.96, 813
24348.11, 812
24356.14, 811
24358.84, 810
24368.32, 809
24371.84, 808
24375.94, 807
24384.4, 806
24407.12, 805
24409.98, 804
24410.76, 803
24419.69, 802
24428.57, 801
24429.25, 800
24458.73, 799
24465.14, 798
24478.03, 797
24493.68, 796
24495.54, 795
24498.29, 794
24531.54, 793
24534.33, 792
24563.17, 791
24565.02, 790
24573.86, 789
24582.85, 788
24590.38, 787
24599.05, 786
24604.05, 785
24622.53, 784
24630.86, 783
24634.68, 782
24641.67, 781
24649.01, 780
24652.6, 779
24683.43, 778
24684.21, 777
24689.34, 776
24694.84, 775
24716.44, 774
24720.35, 773
24721.86, 772
24722.66, 771
24731.75, 770
24736.2, 769
24740.33, 768
24746.4, 767
24778.36, 766
24784.94, 765
24787.88, 764
24796.69, 763
24801.15, 762
24811.07, 761
24812.96, 760
24823.51, 759
24831.09, 758
24837.21, 757
24842.64, 756
24849.89, 755
24854.74, 754
24868.03, 753
24868.59, 752
24876.52, 751
24881.07, 750
24887.26, 749
24893.68, 748
24902.16, 747
24908.93, 746
24913.38, 745
24921.42, 744
24932.35, 743
24934.8, 742
24940.04, 741
24946.06, 740
24951.17, 739
24971.71, 738
24975.5, 737
24986.83, 736
24990.61, 735
25001.66, 734
25001.73, 733
25010.34, 732
25014.22, 731
25023.45, 730
25063.85, 729
25064.37, 728
25065.11, 727
25078.73, 726
25082.35, 725
25105.21, 724
25105.34, 723
25118.85, 722
25123.3, 721
25126.35, 720
25132.34, 719
25136.75, 718
25142.13, 717
25146.33, 716
25158.58, 715
25163.6, 714
25167.44, 713
25176.24, 712
25184.92, 711
25194.45, 710
25210.05, 709
25219.8, 708
25226.92, 707
25231.66, 706
25237.48, 705
25248.16, 704
25265.23, 703
25268.98, 702
25272.15, 701
25281.99, 700
25284.5, 699
25288.92, 698
25299.54, 697
25300.3, 696
25305.13, 695
25336.25, 694
25355.27, 693
25357.24, 692
25358.73, 691
25370.87, 690
25372.78, 689
25377.99, 688
25392.75, 687
25397.94, 686
25402.21, 685
25406.36, 684
25417.52, 683
25419.98, 682
25422.86, 681
25433.12, 680
25443.21, 679
25449.76, 678
25452.57, 677
25460.8, 676
25465.13, 675
25469.8, 674
25486.53, 673
25489.98, 672
25497.33, 671
25499.02, 670
25504.22, 669
25510.27, 668
25533.91, 667
25540.31, 666
25547.88, 665
25552.26, 664
25567.93, 663
25576.32, 662
25584.49, 661
25590.38, 660
25594.27, 659
25610.39, 658
25633.85, 657
25635.95, 656
25654.85, 655
25662.78, 654
25668.19, 653
25682.3, 652
25687.38, 651
25697.93, 650
25704.2, 649
25719.04, 648
25725.28, 647
25744.58, 646
25745.36, 645
25776.31, 644
25778.94, 643
25779.79, 642
25805.24, 641
25817.19, 640
25824.13, 639
25832.58, 638
25866.91, 637
25875.5, 636
25893.06, 635
25909.35, 634
25917.92, 633
25942.37, 632
25952.64, 631
25959.9, 630
25969.21, 629
25977.15, 628
26010.65, 627
26017.12, 626
26022.97, 625
26041.65, 624
26043.5, 623
26085.81, 622
26111.92, 621
26118.83, 620
26124.25, 619
26155.25, 618
26164.65, 617
26169.85, 616
26186.92, 615
26198.06, 614
26204.15, 613
26222.64, 612
26231.44, 611
26241.42, 610
26246.19, 609
26255.81, 608
26261.52, 607
26270.49, 606
26277.93, 605
26286.9, 604
26292.7, 603
26301.4, 602
26309.43, 601
26316.37, 600
26323.91, 599
26331.78, 598
26338.21, 597
26345.84, 596
26353.55, 595
26365.28, 594
26375.31, 593
26379.59, 592
26395.05, 591
26395.69, 590
26409.25, 589
26417.58, 588
26450.78, 587
26459.6, 586
26466.89, 585
26474.76, 584
26488.09, 583
26494.3, 582
26501.58, 581
26508.8, 580
26515.61, 579
26521.77, 578
26531.31, 577
26537.31, 576
26545.29, 575
26555.04, 574
26564.54, 573
26575.1, 572
26575.76, 571
26592.08, 570
26605.51, 569
26617.35, 568
26623.0, 567
26631.34, 566
26650.14, 565
26653.93, 564
26660.51, 563
26679.8, 562
26703.57, 561
26712.6, 560
26715.82, 559
26723.22, 558
26736.55, 557
26746.8, 556
26755.47, 555
26771.98, 554
26778.21, 553
26791.12, 552
26819.83, 551
26853.72, 550
26863.93, 549
26880.44, 548
26895.95, 547
26907.87, 546
26923.55, 545
26950.44, 544
26960.2, 543
26971.36, 542
26983.76, 541
26998.4, 540
27016.59, 539
27022.28, 538
27039.49, 537
27055.12, 536
27088.0, 535
27109.38, 534
27110.14, 533
27123.55, 532
27131.73, 531
27145.22, 530
27155.39, 529
27160.74, 528
27170.85, 527
27183.86, 526
27192.59, 525
27210.58, 524
27219.75, 523
27236.55, 522
27256.28, 521
27264.41, 520
27300.72, 519
27305.82, 518
27306.95, 517
27308.07, 516
27330.89, 515
27331.15, 514
27336.89, 513
27363.82, 512
27366.03, 511
27368.66, 510
27376.61, 509
27387.45, 508
27393.69, 507
27419.97, 506
27428.2, 505
27446.82, 504
27456.07, 503
27499.36, 502
27499.66, 501
27500.5, 500
27501.6, 499
27518.72, 498
27518.85, 497
27528.77, 496
27535.65, 495
27548.03, 494
27554.89, 493
27562.41, 492
27575.43, 491
27583.32, 490
27588.83, 489
27594.56, 488
27604.63, 487
27611.35, 486
27624.56, 485
27630.37, 484
27648.4, 483
27659.03, 482
27667.37, 481
27674.75, 480
27681.34, 479
27693.66, 478
27701.49, 477
27708.68, 476
27722.97, 475
27729.92, 474
27738.45, 473
27748.59, 472
27758.75, 471
27767.85, 470
27773.13, 469
27778.35, 468
27786.96, 467
27809.42, 466
27814.12, 465
27835.64, 464
27842.96, 463
27865.93, 462
27866.69, 461
27876.54, 460
27886.72, 459
27893.84, 458
27910.35, 457
27919.24, 456
27931.46, 455
27935.14, 454
27941.7, 453
27952.15, 452
27967.86, 451
27974.58, 450
27990.33, 449
27994.9, 448
28006.69, 447
28016.93, 446
28025.4, 445
28049.15, 444
28049.9, 443
28056.9, 442
28090.56, 441
28091.37, 440
28092.0, 439
28103.63, 438
28117.47, 437
28130.3, 436
28135.81, 435
28152.5, 434
28160.33, 433
28169.35, 432
28174.6, 431
28185.67, 430
28194.45, 429
28203.61, 428
28221.57, 427
28253.28, 426
28259.37, 425
28277.27, 424
28286.75, 423
28296.92, 422
28321.1, 421
28333.72, 420
28344.34, 419
28357.45, 418
28404.5, 417
28420.61, 416
28425.08, 415
28436.18, 414
28449.14, 413
28455.36, 412
28490.29, 411
28530.53, 410
28533.19, 409
28533.24, 408
28573.09, 407
28599.0, 406
28601.85, 405
28645.99, 404
28662.29, 403
28676.11, 402
28687.53, 401
28698.78, 400
28709.59, 399
28714.9, 398
28724.62, 397
28736.4, 396
28753.31, 395
28759.86, 394
28769.92, 393
28784.51, 392
28788.56, 391
28799.94, 390
28813.67, 389
28818.29, 388
28825.01, 387
28840.22, 386
28849.2, 385
28860.46, 384
28865.9, 383
28875.22, 382
28885.94, 381
28896.02, 380
28918.61, 379
28926.28, 378
28933.53, 377
28942.36, 376
28955.96, 375
28960.51, 374
28971.0, 373
28985.88, 372
28994.14, 371
29006.94, 370
29022.16, 369
29032.47, 368
29043.21, 367
29050.13, 366
29057.24, 365
29074.71, 364
29088.44, 363
29101.17, 362
29110.29, 361
29119.97, 360
29133.76, 359
29136.64, 358
29146.29, 357
29158.41, 356
29171.84, 355
29182.27, 354
29189.85, 353
29201.12, 352
29216.41, 351
29227.8, 350
29228.54, 349
29243.66, 348
29250.12, 347
29265.79, 346
29317.27, 345
29332.94, 344
29341.51, 343
29352.47, 342
29365.78, 341
29405.23, 340
29418.81, 339
29442.94, 338
29467.31, 337
29478.19, 336
29493.32, 335
29507.76, 334
29517.9, 333
29522.98, 332
29535.49, 331
29547.56, 330
29554.58, 329
29572.39, 328
29590.15, 327
29606.32, 326
29617.4, 325
29654.71, 324
29691.57, 323
29707.64, 322
29719.88, 321
29731.41, 320
29756.52, 319
29772.85, 318
29773.79, 317
29795.77, 316
29804.01, 315
29817.65, 314
29827.97, 313
29840.96, 312
29864.72, 311
29867.02, 310
29871.79, 309
29882.87, 308
29892.13, 307
29905.5, 306
29943.81, 305
29958.32, 304
29970.7, 303
29989.57, 302
30005.22, 301
30026.45, 300
30047.44, 299
30076.15, 298
30085.51, 297
30109.72, 296
30113.54, 295
30127.73, 294
30136.12, 293
30151.79, 292
30171.28, 291
30179.57, 290
30226.66, 289
30231.67, 288
30250.95, 287
30265.79, 286
30278.61, 285
30338.0, 284
30340.27, 283
30345.09, 282
30364.12, 281
30370.72, 280
30379.17, 279
30388.83, 278
30408.84, 277
30434.76, 276
30443.53, 275
30454.0, 274
30476.76, 273
30484.78, 272
30502.38, 271
30539.58, 270
30547.17, 269
30562.28, 268
30576.49, 267
30589.79, 266
30604.92, 265
30621.1, 264
30631.35, 263
30659.86, 262
30684.47, 261
30694.57, 260
30720.93, 259
30739.67, 258
30747.99, 257
30767.13, 256
30777.74, 255
30787.47, 254
30803.65, 253
30825.96, 252
30833.64, 251
30844.17, 250
30856.59, 249
30900.03, 248
30936.1, 247
30950.71, 246
30970.96, 245
30987.97, 244
30994.38, 243
31006.33, 242
31021.78, 241
31037.92, 240
31053.71, 239
31070.12, 238
31081.6, 237
31106.47, 236
31126.12, 235
31141.55, 234
31147.69, 233
31171.19, 232
31188.08, 231
31210.78, 230
31231.84, 229
31240.32, 228
31310.08, 227
31310.82, 226
31311.54, 225
31319.7, 224
31335.99, 223
31351.7, 222
31361.92, 221
31384.75, 220
31403.13, 219
31417.22, 218
31426.34, 217
31441.52, 216
31470.63, 215
31486.41, 214
31500.61, 213
31525.28, 212
31536.66, 211
31546.06, 210
31558.0, 209
31567.87, 208
31579.08, 207
31589.41, 206
31622.07, 205
31632.59, 204
31643.71, 203
31654.05, 202
31675.45, 201
31691.76, 200
31704.43, 199
31724.06, 198
31754.5, 197
31765.83, 196
31773.84, 195
31792.56, 194
31793.47, 193
31812.37, 192
31840.51, 191
31843.55, 190
31855.17, 189
31870.51, 188
31883.53, 187
31889.57, 186
31903.45, 185
31913.23, 184
31921.21, 183
31933.92, 182
31942.92, 181
31959.68, 180
31969.51, 179
31981.16, 178
31992.63, 177
32004.49, 176
32013.53, 175
32022.91, 174
32040.71, 173
32049.63, 172
32084.26, 171
32122.9, 170
32142.87, 169
32168.55, 168
32186.51, 167
32202.81, 166
32210.41, 165
32235.12, 164
32260.0, 163
32271.58, 162
32282.16, 161
32297.16, 160
32309.6, 159
32320.36, 158
32337.12, 157
32350.82, 156
32377.48, 155
32389.77, 154
32419.11, 153
32437.28, 152
32452.43, 151
32458.09, 150
32487.8, 149
32501.41, 148
32509.31, 147
32544.91, 146
32545.42, 145
32571.93, 144
32587.3, 143
32615.94, 142
32643.55, 141
32657.15, 140
32693.82, 139
32722.37, 138
32747.65, 137
32801.66, 136
32822.97, 135
32836.59, 134
32859.42, 133
32876.56, 132
32903.29, 131
32911.46, 130
32930.44, 129
32941.36, 128
32950.35, 127
32968.85, 126
32976.97, 125
32991.53, 124
33006.27, 123
33019.91, 122
33029.79, 121
33070.78, 120
33083.95, 119
33110.1, 118
33131.58, 117
33155.48, 116
33173.44, 115
33186.2, 114
33200.32, 113
33213.88, 112
33225.94, 111
33246.95, 110
33260.07, 109
33275.03, 108
33292.9, 107
33321.01, 106
33334.72, 105
33349.79, 104
33363.74, 103
33385.63, 102
33404.68, 101
33424.11, 100
33435.47, 99
33448.81, 98
33472.05, 97
33486.8, 96
33507.96, 95
33534.3, 94
33547.99, 93
33571.15, 92
33584.7, 91
33590.74, 90
33605.73, 89
33619.77, 88
33635.06, 87
33650.56, 86
33671.67, 85
33685.08, 84
33691.48, 83
33707.15, 82
33719.15, 81
33741.39, 80
33751.76, 79
33761.66, 78
33773.76, 77
33788.59, 76
33810.38, 75
33835.85, 74
33851.57, 73
33887.21, 72
33907.4, 71
33920.07, 70
33934.98, 69
33946.78, 68
33965.14, 67
33988.92, 66
34014.69, 65
34025.91, 64
34043.73, 63
34072.25, 62
34084.68, 61
34094.05, 60
34107.46, 59
34133.32, 58
34146.66, 57
34167.9, 56
34178.09, 55
