2085.66, 4159
2088.49, 4128
2091.89, 4099
2095.56, 4098
2096.56, 4069
2097.48, 4068
2098.72, 4048
2135.54, 4046
2141.13, 4045
2141.58, 4020
2142.48, 4018
2143.36, 4017
2144.23, 4016
2147.33, 4015
2152.96, 3998
2157.13, 3995
2158.07, 3994
2158.98, 3993
2159.87, 3972
2164.08, 3969
2165.19, 3968
2166.13, 3967
2169.68, 3966
2172.48, 3965
2173.82, 3964
2179.85, 3943
2182.67, 3940
2188.2, 3939
2190.89, 3938
2193.96, 3937
2197.48, 3936
2203.9, 3935
2206.39, 3925
2207.3, 3921
2208.17, 3919
2209.03, 3918
2209.89, 3916
2210.77, 3915
2211.75, 3914
2218.4, 3913
2224.46, 3912
2227.08, 3898
2229.29, 3894
2230.22, 3892
2231.09, 3891
2231.96, 3889
2232.84, 3888
2242.07, 3887
2242.97, 3886
2243.83, 3885
2244.7, 3884
2245.56, 3883
2270.1, 3879
2271.89, 3874
2271.92, 3871
2272.82, 3870
2273.59, 3867
2274.46, 3866
2278.14, 3865
2283.29, 3864
2284.13, 3863
2292.91, 3862
2293.73, 3861
2342.85, 3854
2343.52, 3849
2344.39, 3846
2345.22, 3845
2361.78, 3842
2375.24, 3841
2377.8, 3840
2380.31, 3839
2381.33, 3838
2385.02, 3837
2388.73, 3836
2402.4, 3835
2418.17, 3834
2422.64, 3833
2424.65, 3826
2432.29, 3821
2438.42, 3818
2440.82, 3817
2442.99, 3814
2443.95, 3813
2444.87, 3812
2445.74, 3811
2453.14, 3810
2455.7, 3809
2455.93, 3808
2455.98, 3807
2459.33, 3806
2466.63, 3805
2468.08, 3801
2468.48, 3800
2473.05, 3796
2473.88, 3795
2476.74, 3793
2479.34, 3792
2483.89, 3791
2487.66, 3790
2489.36, 3789
2492.16, 3788
2495.45, 3787
2498.04, 3786
2498.98, 3785
2503.55, 3784
2504.44, 3783
2509.2, 3782
2512.48, 3779
2514.41, 3775
2517.85, 3774
2522.34, 3770
2522.45, 3769
2531.07, 3767
2553.71, 3766
2577.73, 3765
2584.33, 3764
2599.22, 3763
2600.15, 3762
2601.08, 3761
2602.09, 3760
2603.36, 3759
2603.65, 3758
2608.42, 3757
2617.23, 3756
2618.1, 3755
2625.46, 3754
2626.29, 3753
2633.95, 3746
2634.94, 3741
2644.54, 3738
2646.98, 3737
2647.42, 3734
2662.02, 3733
2664.99, 3732
2665.88, 3731
2666.78, 3730
2671.0, 3729
2671.9, 3728
2676.68, 3727
2676.72, 3726
2682.05, 3725
2687.08, 3721
2688.83, 3720
2688.86, 3716
2691.8, 3715
2696.32, 3713
2699.14, 3712
2702.37, 3711
2706.02, 3710
2706.53, 3709
2707.4, 3708
2711.45, 3707
2716.74, 3706
2717.62, 3705
2719.81, 3704
2724.5, 3703
2740.94, 3702
2741.91, 3699
2742.79, 3695
2743.67, 3694
2745.21, 3690
2745.43, 3689
2746.3, 3687
2773.71, 3686
2774.57, 3685
2792.34, 3684
2796.94, 3683
2800.59, 3682
2805.78, 3681
2806.61, 3680
2812.53, 3679
2813.39, 3678
2814.26, 3677
2817.59, 3676
2818.55, 3675
2823.24, 3674
2829.09, 3671
2829.97, 3670
2832.24, 3669
2840.01, 3667
2842.88, 3666
2848.7, 3665
2849.57, 3664
2851.45, 3663
2852.32, 3662
2855.05, 3661
2855.96, 3660
2859.19, 3659
2861.87, 3658
2866.01, 3657
2867.38, 3656
2868.36, 3655
2900.55, 3654
2925.87, 3653
2928.42, 3652
2932.3, 3647
2939.82, 3646
2944.94, 3645
2945.83, 3643
2965.8, 3642
2972.86, 3641
2974.64, 3640
2974.73, 3639
2988.88, 3638
2992.26, 3637
2994.89, 3636
2997.11, 3635
2998.1, 3634
3011.51, 3633
3024.21, 3632
3025.21, 3631
3025.92, 3630
3029.89, 3629
3030.85, 3628
3040.22, 3627
3042.16, 3626
3044.85, 3625
3061.92, 3624
3065.43, 3623
3075.84, 3622
3079.08, 3621
3080.02, 3620
3084.14, 3619
3087.52, 3618
3090.53, 3617
3092.7, 3616
3099.87, 3615
3100.77, 3614
3106.62, 3613
3130.81, 3612
3137.28, 3611
3142.68, 3610
3148.17, 3609
3150.29, 3608
3156.37, 3607
3157.23, 3606
3158.1, 3605
3165.17, 3604
3167.78, 3603
3173.23, 3602
3181.97, 3601
3186.13, 3600
3192.12, 3599
3193.21, 3598
3199.71, 3597
3199.77, 3596
3204.98, 3595
3207.8, 3594
3209.14, 3593
3213.7, 3592
3218.36, 3591
3219.23, 3590
3220.09, 3589
3222.07, 3588
3224.45, 3587
3227.18, 3586
3231.92, 3585
3235.13, 3584
3236.07, 3583
3240.08, 3582
3245.82, 3581
3246.73, 3580
3249.94, 3579
3273.49, 3578
3276.31, 3577
3278.86, 3576
3282.18, 3575
3282.23, 3574
3286.0, 3573
3298.44, 3572
3299.32, 3571
3317.04, 3570
3317.16, 3569
3317.33, 3568
3321.69, 3567
3327.99, 3566
3332.0, 3565
3332.91, 3564
3335.7, 3563
3337.33, 3562
3337.36, 3561
3341.31, 3560
3343.94, 3559
3350.32, 3558
3352.6, 3557
3354.38, 3556
3354.42, 3555
3359.26, 3554
3360.09, 3553
3364.39, 3552
3371.19, 3551
3372.24, 3550
3372.91, 3549
3413.7, 3548
3414.77, 3547
3427.75, 3546
3428.97, 3545
3432.27, 3544
3435.64, 3543
3444.94, 3542
3448.41, 3541
3451.57, 3540
3452.48, 3539
3455.2, 3538
3463.82, 3537
3475.27, 3536
3476.16, 3535
3490.58, 3534
3512.2, 3533
3515.89, 3532
3519.42, 3531
3534.91, 3530
3542.88, 3529
3543.33, 3528
3548.68, 3527
3553.29, 3526
3562.2, 3525
3565.12, 3524
3566.05, 3523
3583.95, 3522
3585.92, 3521
3592.23, 3520
3599.96, 3519
3602.11, 3518
3609.99, 3517
3612.69, 3516
3613.61, 3515
3615.58, 3514
3629.95, 3513
3630.78, 3512
3639.66, 3511
3644.43, 3510
3648.69, 3509
3658.4, 3508
3660.43, 3507
3666.94, 3506
3667.98, 3505
3671.31, 3504
3676.51, 3503
3679.2, 3502
3681.83, 3501
3682.86, 3500
3693.24, 3499
3699.75, 3498
3712.71, 3497
3723.19, 3496
3727.11, 3495
3732.55, 3494
3734.81, 3493
3735.72, 3492
3742.79, 3491
3743.62, 3490
3744.48, 3489
3757.38, 3488
3758.24, 3487
3759.13, 3486
3760.0, 3485
3780.91, 3484
3790.18, 3483
3792.07, 3482
3793.37, 3481
3800.72, 3480
3801.55, 3479
3804.81, 3478
3808.81, 3477
3817.77, 3476
3818.9, 3475
3823.61, 3474
3824.71, 3473
3831.23, 3472
3832.09, 3471
3834.76, 3470
3835.99, 3469
3840.78, 3468
3843.35, 3467
3844.25, 3466
3848.76, 3465
3858.75, 3464
3858.92, 3463
3858.93, 3462
3859.43, 3461
3864.13, 3460
3898.42, 3459
3910.29, 3458
3930.6, 3457
3935.08, 3456
3935.7, 3455
3939.29, 3454
3945.83, 3453
3948.29, 3452
3956.36, 3451
3957.4, 3450
3961.32, 3449
3994.2, 3448
3995.07, 3447
3999.02, 3446
4010.73, 3445
4014.99, 3444
4015.75, 3443
4024.29, 3442
4025.15, 3441
4028.1, 3440
4035.54, 3439
4042.48, 3438
4055.54, 3437
4056.44, 3436
4057.33, 3435
4059.3, 3434
4064.1, 3433
4065.4, 3432
4070.12, 3431
4073.7, 3430
4075.75, 3429
4080.59, 3428
4082.27, 3427
4083.18, 3426
4086.18, 3425
4092.62, 3424
4098.34, 3423
4099.13, 3422
4107.13, 3421
4108.53, 3420
4109.17, 3419
4109.54, 3418
4117.71, 3417
4117.74, 3416
4119.86, 3415
4124.82, 3414
4127.8, 3413
4148.53, 3412
4170.66, 3411
4172.99, 3410
4177.81, 3409
4182.82, 3408
4183.64, 3407
4189.81, 3406
4190.98, 3405
4194.79, 3404
4197.86, 3403
4200.68, 3402
4201.52, 3401
4208.25, 3400
4212.75, 3399
4219.35, 3398
4220.2, 3397
4223.31, 3396
4225.96, 3395
4226.7, 3394
4233.96, 3393
4234.88, 3392
4243.99, 3391
4247.16, 3390
4248.1, 3389
4249.87, 3388
4249.91, 3387
4255.63, 3386
4255.91, 3385
4260.4, 3384
4315.56, 3383
4333.57, 3382
4334.46, 3381
4341.44, 3380
4342.39, 3379
4345.41, 3378
4351.98, 3377
4352.86, 3376
4353.75, 3375
4357.09, 3374
4368.03, 3373
4368.95, 3372
4377.29, 3371
4379.59, 3370
4380.51, 3369
4381.39, 3368
4384.05, 3367
4386.51, 3366
4393.06, 3365
4395.73, 3364
4398.33, 3363
4399.77, 3362
4402.03, 3361
4406.68, 3360
4409.23, 3359
4413.64, 3358
4415.28, 3357
4416.94, 3356
4421.6, 3355
4426.43, 3354
4429.15, 3353
4430.08, 3352
4436.82, 3351
4437.71, 3350
4469.3, 3349
4493.37, 3348
4502.03, 3347
4505.39, 3346
4517.62, 3345
4526.62, 3344
4527.47, 3343
4540.13, 3342
4541.02, 3341
4546.55, 3340
4559.13, 3339
4578.01, 3338
4580.63, 3337
4584.64, 3336
4588.8, 3335
4590.87, 3334
4597.09, 3333
4597.13, 3332
4609.34, 3331
4610.31, 3330
4611.15, 3329
4625.45, 3328
4629.39, 3327
4633.77, 3326
4646.06, 3325
4652.13, 3324
4652.58, 3323
4662.06, 3322
4667.45, 3321
4668.37, 3320
4669.25, 3319
4676.1, 3318
4679.63, 3317
4688.25, 3316
4689.16, 3315
4689.81, 3314
4690.68, 3313
4691.55, 3312
4692.42, 3311
4697.14, 3310
4699.08, 3309
4700.82, 3308
4705.52, 3307
4712.78, 3306
4718.29, 3305
4723.16, 3304
4724.24, 3303
4725.43, 3302
4726.08, 3301
4727.03, 3300
4731.98, 3299
4732.71, 3298
4735.63, 3297
4742.57, 3296
4748.9, 3295
4750.37, 3294
4751.28, 3293
4759.33, 3292
4760.26, 3291
4761.14, 3290
4777.4, 3289
4786.22, 3288
4791.61, 3287
4792.49, 3286
4810.32, 3285
4813.84, 3284
4822.34, 3283
4823.26, 3282
4824.34, 3281
4825.31, 3280
4855.29, 3279
4856.15, 3278
4865.07, 3277
4869.23, 3276
4869.25, 3275
4877.82, 3274
4885.37, 3273
4907.88, 3272
4908.79, 3271
4910.68, 3270
4923.29, 3269
4924.97, 3268
4931.96, 3267
4932.84, 3266
4937.53, 3265
4938.4, 3264
4941.53, 3263
4950.16, 3262
4951.05, 3261
4951.95, 3260
4953.41, 3259
4956.78, 3258
4964.31, 3257
4966.75, 3256
4967.39, 3255
4972.61, 3254
4973.49, 3253
4978.53, 3252
4981.08, 3251
4982.21, 3250
4985.45, 3249
4995.97, 3248
4996.79, 3247
5001.02, 3246
5025.06, 3245
5030.11, 3244
5034.53, 3243
5037.95, 3242
5038.83, 3241
5042.45, 3240
5061.55, 3239
5065.29, 3238
5086.07, 3237
5089.53, 3236
5094.06, 3235
5098.46, 3234
5099.24, 3233
5103.29, 3232
5111.23, 3231
5117.75, 3230
5118.21, 3229
5118.77, 3228
5119.56, 3227
5120.42, 3226
5129.81, 3225
5131.8, 3224
5132.73, 3223
5140.1, 3222
5141.09, 3221
5144.31, 3220
5145.19, 3219
5148.92, 3218
5152.07, 3217
5157.71, 3216
5159.17, 3215
5164.25, 3214
5165.59, 3213
5174.31, 3212
5175.97, 3211
5176.82, 3210
5184.22, 3209
5184.74, 3208
5185.62, 3207
5192.4, 3206
5193.23, 3205
5198.39, 3204
5201.79, 3203
5204.5, 3202
5212.51, 3201
5213.43, 3200
5214.32, 3199
5256.46, 3198
5263.55, 3197
5265.44, 3196
5282.74, 3195
5283.69, 3194
5294.77, 3193
5298.43, 3192
5301.76, 3191
5311.37, 3190
5322.33, 3189
5330.2, 3188
5331.16, 3187
5353.45, 3186
5356.69, 3185
5359.12, 3184
5362.78, 3183
5370.25, 3182
5387.05, 3181
5391.41, 3180
5395.8, 3179
5398.24, 3178
5401.64, 3177
5405.18, 3176
5409.27, 3175
5412.91, 3174
5424.39, 3173
5436.01, 3172
5442.24, 3171
5447.89, 3170
5450.59, 3169
5452.08, 3168
5458.9, 3167
5459.76, 3166
5464.46, 3165
5470.64, 3164
5471.39, 3163
5473.64, 3162
5482.77, 3161
5485.61, 3160
5486.51, 3159
5492.14, 3158
5495.8, 3157
5498.3, 3156
5500.17, 3155
5506.46, 3154
5507.45, 3153
5514.65, 3152
5515.06, 3151
5518.35, 3150
5520.77, 3149
5524.08, 3148
5527.06, 3147
5533.65, 3146
5540.04, 3145
5540.08, 3144
5541.03, 3143
5546.34, 3142
5556.7, 3141
5638.27, 3140
5638.31, 3139
5638.47, 3138
5639.62, 3137
5640.22, 3136
5641.08, 3135
5641.93, 3134
5662.75, 3133
5665.69, 3132
5668.98, 3131
5678.23, 3130
5680.46, 3129
5681.65, 3128
5685.59, 3127
5690.13, 3126
5693.85, 3125
5696.51, 3124
5699.57, 3123
5701.77, 3122
5704.94, 3121
5711.38, 3120
5712.3, 3119
5715.34, 3118
5726.76, 3117
5728.54, 3116
5728.56, 3115
5732.22, 3114
5735.44, 3113
5740.24, 3112
5742.2, 3111
5748.52, 3110
5750.43, 3109
5751.78, 3108
5754.35, 3107
5758.76, 3106
5764.33, 3105
5777.47, 3104
5778.34, 3103
5779.22, 3102
5780.1, 3101
5780.99, 3100
5784.13, 3099
5785.97, 3098
5795.71, 3097
5796.56, 3096
5836.92, 3095
5857.99, 3094
5859.05, 3093
5859.83, 3092
5860.68, 3091
5861.53, 3090
5862.43, 3089
5886.53, 3088
5897.68, 3087
5899.47, 3086
5902.84, 3085
5909.22, 3084
5918.94, 3083
5923.16, 3082
5925.84, 3081
5932.21, 3080
5938.02, 3079
5939.16, 3078
5939.82, 3077
5943.86, 3076
5945.19, 3075
5952.36, 3074
5958.01, 3073
5958.11, 3072
5967.35, 3071
5967.68, 3070
5971.92, 3069
5975.5, 3068
5981.38, 3067
5982.32, 3066
5985.91, 3065
5993.92, 3064
5996.53, 3063
5998.5, 3062
5999.43, 3061
6001.57, 3060
6006.03, 3059
6009.82, 3058
6016.15, 3057
6019.33, 3056
6026.46, 3055
6030.59, 3054
6032.07, 3053
6050.84, 3052
6061.37, 3051
6088.48, 3050
6122.66, 3049
6131.5, 3048
6131.62, 3047
6131.64, 3046
6146.75, 3045
6150.22, 3044
6153.15, 3043
6169.85, 3042
6174.26, 3041
6186.86, 3040
6190.37, 3039
6197.59, 3038
6199.83, 3037
6213.49, 3036
6213.52, 3035
6219.29, 3034
6228.99, 3033
6231.37, 3032
6232.22, 3031
6236.14, 3030
6255.93, 3029
6265.15, 3028
6268.62, 3027
6272.31, 3026
6278.7, 3025
6281.86, 3024
6286.89, 3023
6299.74, 3022
6313.27, 3021
6326.45, 3020
6340.04, 3019
6349.13, 3018
6350.62, 3017
6351.91, 3016
6353.5, 3015
6353.94, 3014
6354.88, 3013
6359.04, 3012
6378.58, 3011
6388.38, 3010
6393.83, 3009
6394.68, 3008
6397.48, 3007
6406.5, 3006
6414.3, 3005
6427.95, 3004
6441.58, 3003
6455.22, 3002
6468.26, 3001
6482.62, 3000
6494.5, 2999
6507.57, 2998
6521.63, 2997
6533.75, 2996
6546.82, 2995
6564.5, 2994
6570.93, 2993
6571.82, 2992
6572.69, 2991
6573.55, 2990
6574.41, 2989
6575.25, 2988
6576.11, 2987
6584.26, 2986
6589.73, 2985
6589.81, 2984
6592.76, 2983
6600.58, 2982
6600.63, 2981
6607.23, 2980
6608.08, 2979
6616.12, 2978
6617.02, 2977
6617.91, 2976
6622.63, 2975
6623.05, 2974
6638.32, 2973
6640.41, 2972
6641.29, 2971
6642.17, 2970
6650.4, 2969
6656.76, 2968
6659.99, 2967
6663.36, 2966
6676.56, 2965
6689.68, 2964
6702.66, 2963
6715.72, 2962
6727.96, 2961
6728.92, 2960
6729.66, 2959
6730.52, 2958
6731.43, 2957
6732.31, 2956
6741.15, 2955
6753.18, 2954
6771.15, 2953
6771.18, 2952
6772.15, 2951
6783.34, 2950
6784.25, 2949
6785.19, 2948
6790.41, 2947
6791.86, 2946
6795.58, 2945
6805.07, 2944
6806.16, 2943
6814.29, 2942
6831.92, 2941
6845.45, 2940
6858.67, 2939
6872.27, 2938
6885.28, 2937
6898.39, 2936
6911.47, 2935
6924.51, 2934
6937.77, 2933
6950.84, 2932
6979.17, 2931
6980.06, 2930
6980.92, 2929
6992.9, 2928
7007.96, 2927
7011.03, 2926
7011.94, 2925
7012.77, 2924
7013.62, 2923
7015.17, 2922
7015.33, 2921
7016.19, 2920
7017.04, 2919
7030.99, 2918
7033.73, 2917
7033.76, 2916
7039.3, 2915
7040.16, 2914
7042.66, 2913
7046.64, 2912
7052.08, 2911
7058.3, 2910
7058.6, 2909
7066.43, 2908
7067.31, 2907
7075.64, 2906
7084.25, 2905
7087.59, 2904
7105.03, 2903
7105.84, 2902
7117.66, 2901
7123.75, 2900
7128.01, 2899
7130.43, 2898
7131.32, 2897
7147.1, 2896
7151.6, 2895
7160.7, 2894
7161.53, 2893
7162.4, 2892
7163.28, 2891
7164.22, 2890
7165.18, 2889
7165.95, 2888
7186.63, 2887
7186.72, 2886
7186.95, 2885
7187.42, 2884
7188.32, 2883
7204.49, 2882
7220.6, 2881
7221.36, 2880
7232.9, 2879
7276.23, 2878
7279.32, 2877
7280.29, 2876
7281.16, 2875
7305.83, 2874
7331.06, 2873
7340.3, 2872
7341.11, 2871
7342.19, 2870
7342.82, 2869
7343.68, 2868
7344.55, 2867
7386.41, 2866
7407.96, 2865
7425.59, 2864
7426.8, 2863
7433.16, 2862
7438.68, 2861
7440.29, 2860
7442.11, 2859
7442.14, 2858
7448.95, 2857
7459.88, 2856
7463.82, 2855
7468.22, 2854
7470.76, 2853
7471.72, 2852
7473.72, 2851
7504.95, 2850
7518.33, 2849
7531.37, 2848
7544.8, 2847
7556.07, 2846
7560.57, 2845
7571.83, 2844
7572.71, 2843
7573.59, 2842
7574.45, 2841
7575.57, 2840
7576.18, 2839
7577.14, 2838
7597.85, 2837
7602.56, 2836
7603.33, 2835
7604.18, 2834
7605.03, 2833
7605.9, 2832
7670.3, 2831
7671.16, 2830
7676.79, 2829
7700.85, 2828
7703.67, 2827
7707.13, 2826
7709.56, 2825
7716.29, 2824
7720.66, 2823
7724.05, 2822
7726.99, 2821
7727.91, 2820
7728.84, 2819
7746.01, 2818
7750.32, 2817
7753.91, 2816
7755.57, 2815
7768.74, 2814
7781.68, 2813
7794.65, 2812
7807.65, 2811
7820.59, 2810
7833.57, 2809
7846.53, 2808
7859.54, 2807
7872.58, 2806
7885.6, 2805
7903.16, 2804
7904.53, 2803
7904.91, 2802
7905.71, 2801
7906.58, 2800
7907.43, 2799
7960.07, 2798
7960.91, 2797
7961.74, 2796
7962.84, 2795
7963.46, 2794
7964.33, 2793
8001.21, 2792
8015.19, 2791
8022.29, 2790
8039.94, 2789
8043.12, 2788
8045.52, 2787
8046.43, 2786
8047.3, 2785
8048.16, 2784
8049.01, 2783
8066.1, 2782
8068.88, 2781
8074.8, 2780
8077.8, 2779
8078.66, 2778
8079.51, 2777
8080.37, 2776
8081.23, 2775
8084.26, 2774
8084.34, 2773
8085.35, 2772
8090.42, 2771
8099.06, 2770
8099.96, 2769
8100.81, 2768
8142.17, 2767
8200.34, 2766
8203.14, 2765
8204.14, 2764
8204.87, 2763
8205.72, 2762
8210.07, 2761
8213.88, 2760
8216.5, 2759
8260.58, 2758
8283.02, 2757
8285.57, 2756
8290.23, 2755
8292.96, 2754
8296.73, 2753
8298.85, 2752
8303.55, 2751
8308.93, 2750
8314.08, 2749
8321.66, 2748
8324.61, 2747
8325.53, 2746
8326.4, 2745
8327.27, 2744
8340.28, 2743
8342.94, 2742
8345.73, 2741
8348.23, 2740
8348.85, 2739
8356.69, 2738
8357.23, 2737
8360.01, 2736
8396.53, 2735
8408.7, 2734
8410.27, 2733
8427.35, 2732
8432.19, 2731
8437.52, 2730
8441.09, 2729
8448.47, 2728
8451.91, 2727
8455.98, 2726
8457.26, 2725
8458.09, 2724
8461.44, 2723
8469.12, 2722
8478.81, 2721
8492.28, 2720
8505.29, 2719
8518.7, 2718
8532.05, 2717
8544.3, 2716
8568.55, 2715
8573.49, 2714
8584.08, 2713
8605.85, 2712
8606.7, 2711
8607.59, 2710
8608.51, 2709
8609.66, 2708
8610.25, 2707
8611.12, 2706
8627.4, 2705
8630.02, 2704
8632.86, 2703
8635.3, 2702
8637.12, 2701
8637.18, 2700
8637.93, 2699
8639.25, 2698
8646.65, 2697
8651.62, 2696
8660.59, 2695
8661.47, 2694
8662.36, 2693
8663.28, 2692
8679.96, 2691
8680.81, 2690
8681.82, 2689
8682.52, 2688
8683.38, 2687
8684.88, 2686
8695.48, 2685
8699.01, 2684
8708.01, 2683
8711.6, 2682
8714.01, 2681
8715.51, 2680
8715.77, 2679
8716.63, 2678
8741.11, 2677
8744.3, 2676
8762.07, 2675
8762.15, 2674
8779.7, 2673
8784.36, 2672
8788.42, 2671
8788.91, 2670
8818.26, 2669
8835.9, 2668
8841.17, 2667
8844.52, 2666
8847.44, 2665
8848.35, 2664
8852.72, 2663
8857.62, 2662
8861.45, 2661
8864.17, 2660
8868.24, 2659
8869.15, 2658
8883.34, 2657
8896.79, 2656
8909.81, 2655
8923.4, 2654
8936.66, 2653
8949.41, 2652
8962.49, 2651
8975.51, 2650
8988.63, 2649
9001.98, 2648
9015.09, 2647
9028.07, 2646
9041.14, 2645
9053.92, 2644
9066.96, 2643
9103.22, 2642
9104.1, 2641
9106.8, 2640
9106.88, 2639
9106.9, 2638
9114.4, 2637
9117.28, 2636
9137.43, 2635
9152.35, 2634
9152.38, 2633
9152.65, 2632
9153.57, 2631
9154.35, 2630
9163.64, 2629
9184.36, 2628
9188.76, 2627
9189.15, 2626
9190.01, 2625
9191.85, 2624
9191.93, 2623
9209.6, 2622
9211.1, 2621
9216.29, 2620
9219.65, 2619
9225.9, 2618
9228.48, 2617
9232.12, 2616
9235.28, 2615
9241.64, 2614
9244.38, 2613
9247.57, 2612
9253.81, 2611
9257.75, 2610
9261.36, 2609
9264.02, 2608
9274.29, 2607
9289.63, 2606
9293.2, 2605
9295.91, 2604
9296.83, 2603
9298.58, 2602
9298.66, 2601
9299.41, 2600
9300.26, 2599
9337.78, 2598
9363.95, 2597
9364.88, 2596
9365.7, 2595
9366.55, 2594
9368.26, 2593
9368.51, 2592
9369.11, 2591
9397.43, 2590
9399.58, 2589
9399.66, 2588
9400.02, 2587
9400.98, 2586
9401.75, 2585
9414.09, 2584
9421.37, 2583
9425.2, 2582
9425.78, 2581
9433.26, 2580
9435.83, 2579
9439.16, 2578
9442.78, 2577
9445.86, 2576
9454.3, 2575
9458.86, 2574
9461.61, 2573
9465.63, 2572
9468.4, 2571
9474.32, 2570
9477.93, 2569
9480.88, 2568
9484.32, 2567
9488.03, 2566
9493.1, 2565
9497.39, 2564
9500.3, 2563
9503.8, 2562
9511.49, 2561
9516.04, 2560
9519.31, 2559
9521.64, 2558
9525.75, 2557
9529.89, 2556
9533.01, 2555
9539.41, 2554
9544.12, 2553
9548.51, 2552
9552.24, 2551
9561.97, 2550
9562.8, 2549
9563.66, 2548
9586.02, 2547
9593.64, 2546
9594.96, 2545
9596.35, 2544
9596.75, 2543
9597.63, 2542
9598.52, 2541
9653.7, 2540
9686.93, 2539
9687.78, 2538
9688.64, 2537
9699.84, 2536
9704.29, 2535
9711.63, 2534
9725.81, 2533
9725.91, 2532
9761.76, 2531
9775.35, 2530
9789.31, 2529
9802.13, 2528
9816.39, 2527
9828.26, 2526
9841.46, 2525
9881.64, 2524
9882.47, 2523
9883.34, 2522
9884.8, 2521
9885.23, 2520
9890.68, 2519
9897.51, 2518
9898.39, 2517
9899.23, 2516
9921.94, 2515
9925.67, 2514
9928.47, 2513
9946.2, 2512
9946.29, 2511
9946.31, 2510
9981.97, 2509
9984.86, 2508
9989.44, 2507
9991.77, 2506
9992.61, 2505
10017.22, 2504
10031.68, 2503
10034.67, 2502
10037.52, 2501
10045.27, 2500
10050.91, 2499
10051.75, 2498
10052.56, 2497
10056.92, 2496
10061.22, 2495
10068.34, 2494
10070.9, 2493
10074.39, 2492
10077.14, 2491
10090.86, 2490
10091.79, 2489
10092.59, 2488
10100.46, 2487
10103.91, 2486
10107.28, 2485
10111.65, 2484
10115.17, 2483
10119.56, 2482
10127.47, 2481
10129.72, 2480
10130.52, 2479
10141.68, 2478
10144.18, 2477
10146.98, 2476
10153.02, 2475
10156.2, 2474
10160.32, 2473
10163.87, 2472
10166.64, 2471
10171.3, 2470
10174.02, 2469
10185.81, 2468
10195.01, 2467
10197.98, 2466
10198.88, 2465
10199.75, 2464
10205.86, 2463
10206.69, 2462
10220.54, 2461
10223.95, 2460
10224.9, 2459
10225.7, 2458
10315.73, 2457
10326.2, 2456
10327.09, 2455
10347.37, 2454
10350.7, 2453
10353.24, 2452
10357.71, 2451
10362.43, 2450
10372.49, 2449
10375.94, 2448
10376.79, 2447
10377.67, 2446
10386.34, 2445
10390.16, 2444
10394.02, 2443
10396.73, 2442
10478.41, 2441
10479.36, 2440
10480.22, 2439
10481.11, 2438
10481.98, 2437
10482.83, 2436
10487.78, 2435
10553.49, 2434
10566.17, 2433
10567.05, 2432
10571.46, 2431
10574.26, 2430
10577.89, 2429
10583.11, 2428
10585.13, 2427
10591.42, 2426
10597.07, 2425
10605.77, 2424
10608.51, 2423
10611.46, 2422
10615.38, 2421
10618.24, 2420
10623.96, 2419
10625.82, 2418
10630.46, 2417
10636.17, 2416
10639.48, 2415
10643.89, 2414
10646.76, 2413
10653.0, 2412
10656.15, 2411
10659.48, 2410
10664.31, 2409
10667.33, 2408
10670.83, 2407
10679.79, 2406
10680.64, 2405
10692.4, 2404
10696.31, 2403
10709.88, 2402
10710.7, 2401
10711.56, 2400
10713.01, 2399
10713.26, 2398
10736.71, 2397
10737.55, 2396
10738.42, 2395
10739.38, 2394
10740.15, 2393
10789.32, 2392
10796.66, 2391
10802.52, 2390
10804.83, 2389
10805.74, 2388
10857.18, 2387
10860.12, 2386
10860.96, 2385
10865.6, 2384
10870.5, 2383
10877.06, 2382
10885.65, 2381
10910.37, 2380
10917.06, 2379
10920.34, 2378
10925.31, 2377
10930.1, 2376
10935.37, 2375
10942.3, 2374
10946.06, 2373
10949.5, 2372
10955.64, 2371
10958.61, 2370
10961.51, 2369
10969.56, 2368
10972.43, 2367
10975.7, 2366
10980.58, 2365
10981.68, 2364
10987.07, 2363
10988.73, 2362
10994.49, 2361
10998.31, 2360
11004.61, 2359
11013.02, 2358
11021.24, 2357
11024.53, 2356
11026.03, 2355
11030.92, 2354
11034.09, 2353
11037.55, 2352
11042.93, 2351
11046.54, 2350
11050.82, 2349
11055.23, 2348
11058.99, 2347
11061.96, 2346
11082.76, 2345
11087.04, 2344
11090.5, 2343
11092.83, 2342
11093.75, 2341
11094.64, 2340
11095.49, 2339
11096.34, 2338
11113.83, 2337
11117.14, 2336
11119.6, 2335
11127.92, 2334
11128.84, 2333
11180.85, 2332
11181.72, 2331
11182.56, 2330
11197.24, 2329
11201.41, 2328
11205.06, 2327
11208.04, 2326
11216.21, 2325
11221.88, 2324
11223.53, 2323
11224.38, 2322
11230.03, 2321
11250.9, 2320
11251.6, 2319
11253.24, 2318
11253.27, 2317
11293.21, 2316
11296.56, 2315
11302.8, 2314
11306.21, 2313
11337.47, 2312
11372.11, 2311
11375.25, 2310
11378.14, 2309
11381.45, 2308
11382.14, 2307
11383.25, 2306
11388.46, 2305
11392.56, 2304
11404.64, 2303
11407.81, 2302
11418.85, 2301
11421.87, 2300
11422.75, 2299
11423.58, 2298
11427.73, 2297
11478.82, 2296
11482.9, 2295
11488.09, 2294
11492.21, 2293
11496.28, 2292
11502.29, 2291
11505.47, 2290
11509.32, 2289
11514.61, 2288
11516.41, 2287
11521.76, 2286
11525.88, 2285
11529.53, 2284
11532.26, 2283
11536.27, 2282
11540.69, 2281
11545.89, 2280
11553.08, 2279
11587.99, 2278
11591.87, 2277
11595.1, 2276
11597.67, 2275
11598.57, 2274
11605.87, 2273
11608.89, 2272
11609.96, 2271
11614.34, 2270
11621.85, 2269
11626.81, 2268
11630.26, 2267
11632.6, 2266
11635.64, 2265
11643.08, 2264
11646.12, 2263
11652.77, 2262
11666.44, 2261
11680.02, 2260
11693.1, 2259
11713.06, 2258
11719.55, 2257
11732.57, 2256
11745.55, 2255
11758.53, 2254
11772.02, 2253
11784.58, 2252
11797.56, 2251
11810.56, 2250
11823.88, 2249
11837.24, 2248
11849.67, 2247
11862.69, 2246
11875.76, 2245
11889.98, 2244
11923.44, 2243
11924.6, 2242
11925.01, 2241
11925.89, 2240
11926.74, 2239
11927.59, 2238
11999.85, 2237
12000.87, 2236
12001.63, 2235
12002.55, 2234
12014.96, 2233
12017.76, 2232
12021.44, 2231
12024.39, 2230
12025.3, 2229
12026.17, 2228
12051.24, 2227
12058.88, 2226
12059.71, 2225
12060.62, 2224
12061.45, 2223
12062.4, 2222
12063.29, 2221
12067.74, 2220
12072.97, 2219
12075.71, 2218
12085.04, 2217
12085.99, 2216
12090.55, 2215
12092.5, 2214
12097.57, 2213
12106.63, 2212
12107.46, 2211
12108.47, 2210
12124.47, 2209
12137.91, 2208
12150.94, 2207
12177.31, 2206
12178.16, 2205
12179.05, 2204
12179.87, 2203
12180.76, 2202
12181.61, 2201
12222.85, 2200
12222.96, 2199
12229.46, 2198
12230.25, 2197
12249.19, 2196
12257.09, 2195
12259.77, 2194
12262.69, 2193
12275.85, 2192
12289.68, 2191
12302.19, 2190
12314.99, 2189
12327.93, 2188
12340.96, 2187
12354.21, 2186
12367.44, 2185
12380.55, 2184
12393.72, 2183
12425.62, 2182
12440.76, 2181
12441.65, 2180
12442.47, 2179
12443.33, 2178
12444.2, 2177
12445.1, 2176
12445.99, 2175
12463.59, 2174
12464.45, 2173
12465.4, 2172
12466.37, 2171
12470.52, 2170
12475.69, 2169
12517.89, 2168
12522.77, 2167
12528.05, 2166
12531.35, 2165
12536.34, 2164
12537.27, 2163
12541.68, 2162
12545.5, 2161
12551.64, 2160
12555.1, 2159
12568.24, 2158
12568.75, 2157
12569.62, 2156
12572.78, 2155
12583.02, 2154
12583.97, 2153
12592.11, 2152
12592.94, 2151
12602.46, 2150
12603.29, 2149
12604.57, 2148
12617.63, 2147
12617.98, 2146
12619.55, 2145
12627.99, 2144
12640.08, 2143
12643.54, 2142
12653.03, 2141
12653.91, 2140
12654.76, 2139
12660.36, 2138
12673.56, 2137
12674.39, 2136
12675.26, 2135
12680.63, 2134
12682.27, 2133
12724.01, 2132
12746.91, 2131
12747.78, 2130
12756.58, 2129
12760.01, 2128
12761.15, 2127
12762.02, 2126
12767.55, 2125
12774.44, 2124
12775.39, 2123
12791.05, 2122
12795.53, 2121
12815.09, 2120
12816.03, 2119
12816.97, 2118
12826.29, 2117
12827.2, 2116
12830.31, 2115
12842.25, 2114
12845.25, 2113
12852.36, 2112
12855.31, 2111
12856.48, 2110
12866.18, 2109
12867.09, 2108
12899.87, 2107
12908.72, 2106
12927.28, 2105
12935.12, 2104
12947.18, 2103
12949.21, 2102
12954.72, 2101
12957.95, 2100
12967.36, 2099
12967.38, 2098
12975.09, 2097
12981.67, 2096
12983.69, 2095
13005.72, 2094
13020.71, 2093
13021.65, 2092
13036.69, 2091
13046.69, 2090
13047.55, 2089
13064.34, 2088
13068.06, 2087
13076.39, 2086
13081.74, 2085
13091.46, 2084
13092.55, 2083
13100.78, 2082
13106.6, 2081
13107.82, 2080
13114.24, 2079
13116.22, 2078
13121.99, 2077
13124.4, 2076
13127.58, 2075
13136.04, 2074
13141.54, 2073
13145.68, 2072
13151.47, 2071
13155.9, 2070
13158.32, 2069
13168.32, 2068
13188.51, 2067
13191.6, 2066
13199.64, 2065
13204.53, 2064
13205.54, 2063
13213.02, 2062
13237.75, 2061
13241.68, 2060
13265.73, 2059
13271.79, 2058
13275.43, 2057
13281.58, 2056
13285.23, 2055
13292.15, 2054
13293.03, 2053
13306.09, 2052
13312.47, 2051
13315.34, 2050
13322.72, 2049
13323.74, 2048
13331.28, 2047
13333.38, 2046
13342.27, 2045
13345.84, 2044
13350.04, 2043
13354.25, 2042
13357.51, 2041
13367.27, 2040
13377.25, 2039
13381.01, 2038
13397.06, 2037
13408.47, 2036
13411.32, 2035
13417.54, 2034
13422.24, 2033
13424.79, 2032
13430.9, 2031
13465.58, 2030
13468.04, 2029
13475.97, 2028
13476.83, 2027
13477.75, 2026
13484.85, 2025
13492.76, 2024
13499.0, 2023
13517.29, 2022
13524.53, 2021
13527.74, 2020
13532.21, 2019
13543.04, 2018
13546.62, 2017
13552.38, 2016
13553.28, 2015
13556.9, 2014
13568.44, 2013
13574.71, 2012
13583.68, 2011
13602.76, 2010
13607.49, 2009
13614.82, 2008
13615.7, 2007
13626.9, 2006
13630.99, 2005
13632.15, 2004
13635.93, 2003
13644.47, 2002
13659.82, 2001
13665.21, 2000
13676.93, 1999
13681.04, 1998
13682.11, 1997
13686.1, 1996
13696.67, 1995
13701.1, 1994
13710.92, 1993
13715.62, 1992
13719.17, 1991
13721.87, 1990
13734.01, 1989
13737.24, 1988
13742.2, 1987
13748.72, 1986
13757.0, 1985
13781.29, 1984
13786.2, 1983
13793.13, 1982
13798.02, 1981
13819.25, 1980
13831.45, 1979
13833.29, 1978
13844.72, 1977
13848.58, 1976
13851.66, 1975
13855.27, 1974
13882.05, 1973
13885.44, 1972
13889.89, 1971
13892.42, 1970
13906.18, 1969
13908.84, 1968
13915.52, 1967
13921.51, 1966
13938.68, 1965
13952.24, 1964
13965.42, 1963
13978.9, 1962
13992.06, 1961
14005.15, 1960
14018.18, 1959
14031.66, 1958
14044.42, 1957
14057.61, 1956
14070.57, 1955
14083.68, 1954
14096.79, 1953
14109.95, 1952
14123.08, 1951
14136.76, 1950
14149.41, 1949
14162.81, 1948
14175.85, 1947
14189.4, 1946
14202.91, 1945
14226.3, 1944
14226.39, 1943
14235.39, 1942
14236.32, 1941
14237.17, 1940
14238.04, 1939
14238.92, 1938
14239.79, 1937
14240.74, 1936
14241.55, 1935
14260.74, 1934
14261.64, 1933
14262.56, 1932
14288.73, 1931
14302.15, 1930
14315.25, 1929
14327.15, 1928
14328.0, 1927
14328.9, 1926
14329.78, 1925
14330.67, 1924
14331.56, 1923
14332.71, 1922
14349.84, 1921
14350.79, 1920
14369.12, 1919
14401.05, 1918
14402.29, 1917
14411.09, 1916
14423.81, 1915
14433.89, 1914
14447.18, 1913
14448.76, 1912
14460.37, 1911
14466.96, 1910
14475.95, 1909
14492.08, 1908
14496.33, 1907
14507.19, 1906
14516.61, 1905
14517.53, 1904
14520.39, 1903
14526.03, 1902
14534.84, 1901
14548.41, 1900
14555.33, 1899
14573.62, 1898
14575.15, 1897
14600.84, 1896
14608.55, 1895
14617.36, 1894
14625.24, 1893
14628.3, 1892
14646.62, 1891
14666.78, 1890
14667.78, 1889
14669.33, 1888
14676.01, 1887
14680.2, 1886
14684.67, 1885
14690.64, 1884
14694.07, 1883
14721.55, 1882
14732.28, 1881
14740.32, 1880
14749.26, 1879
14757.72, 1878
14774.96, 1877
14794.99, 1876
14798.47, 1875
14806.87, 1874
14809.87, 1873
14814.69, 1872
14818.55, 1871
14839.38, 1870
14853.01, 1869
14866.56, 1868
14879.54, 1867
14893.05, 1866
14906.14, 1865
14919.34, 1864
14932.41, 1863
14942.4, 1862
14943.25, 1861
14944.13, 1860
14945.0, 1859
14945.87, 1858
14955.08, 1857
14958.76, 1856
14967.32, 1855
14975.66, 1854
14990.25, 1853
15006.87, 1852
15009.33, 1851
15014.67, 1850
15024.13, 1849
15026.1, 1848
15040.75, 1847
15047.87, 1846
15053.43, 1845
15055.41, 1844
15070.75, 1843
15075.24, 1842
15087.49, 1841
15099.03, 1840
15112.1, 1839
15115.42, 1838
15136.01, 1837
15139.79, 1836
15142.9, 1835
15148.22, 1834
15162.0, 1833
15165.58, 1832
15173.45, 1831
15176.66, 1830
15190.95, 1829
15200.71, 1828
15224.04, 1827
15229.58, 1826
15235.56, 1825
15239.64, 1824
15245.19, 1823
15250.33, 1822
15258.89, 1821
15264.7, 1820
15266.89, 1819
15274.24, 1818
15279.72, 1817
15282.26, 1816
15298.39, 1815
15305.36, 1814
15313.59, 1813
15321.54, 1812
15331.81, 1811
15340.9, 1810
15346.35, 1809
15352.56, 1808
15368.22, 1807
15377.21, 1806
15381.29, 1805
15385.43, 1804
15391.3, 1803
15418.62, 1802
15440.29, 1801
15445.85, 1800
15450.45, 1799
15457.55, 1798
15458.89, 1797
15465.35, 1796
15474.22, 1795
15491.84, 1794
15507.11, 1793
15518.45, 1792
15531.99, 1791
15545.16, 1790
15558.4, 1789
15571.55, 1788
15585.32, 1787
15598.43, 1786
15608.96, 1785
15609.8, 1784
15610.67, 1783
15611.65, 1782
15612.37, 1781
15613.24, 1780
15614.08, 1779
15618.46, 1778
15630.04, 1777
15640.71, 1776
15657.3, 1775
15665.56, 1774
15675.39, 1773
15680.21, 1772
15687.39, 1771
15697.26, 1770
15708.2, 1769
15717.19, 1768
15721.87, 1767
15732.0, 1766
15741.68, 1765
15748.29, 1764
15752.49, 1763
15759.22, 1762
15765.63, 1761
15772.96, 1760
15775.84, 1759
15780.0, 1758
15785.36, 1757
15792.7, 1756
15801.76, 1755
15814.16, 1754
15815.58, 1753
15828.31, 1752
15834.62, 1751
15849.62, 1750
15863.69, 1749
15876.01, 1748
15878.68, 1747
15893.16, 1746
15896.16, 1745
15906.1, 1744
15973.53, 1743
15974.46, 1742
15975.42, 1741
15976.27, 1740
15977.12, 1739
15977.99, 1738
15978.88, 1737
15979.73, 1736
15985.95, 1735
15995.16, 1734
15998.48, 1733
16005.02, 1732
16013.46, 1731
16017.3, 1730
16030.6, 1729
16034.85, 1728
16038.01, 1727
16042.51, 1726
16048.41, 1725
16067.07, 1724
16094.82, 1723
16097.54, 1722
16097.55, 1721
16109.81, 1720
16109.85, 1719
16125.16, 1718
16150.27, 1717
16155.73, 1716
16155.76, 1715
16177.82, 1714
16182.3, 1713
16185.47, 1712
16192.77, 1711
16208.03, 1710
16221.57, 1709
16234.91, 1708
16248.15, 1707
16261.17, 1706
16274.04, 1705
16286.93, 1704
16299.9, 1703
16312.92, 1702
16326.02, 1701
16339.98, 1700
16340.82, 1699
16341.65, 1698
16342.34, 1697
16343.04, 1696
16343.78, 1695
16348.66, 1694
16351.49, 1693
16355.87, 1692
16364.66, 1691
16367.76, 1690
16373.7, 1689
16375.7, 1688
16381.82, 1687
16401.88, 1686
16408.41, 1685
16413.6, 1684
16428.88, 1683
16437.84, 1682
16443.5, 1681
16456.82, 1680
16463.23, 1679
16467.13, 1678
16471.36, 1677
16483.71, 1676
16496.91, 1675
16499.88, 1674
16502.51, 1673
16509.25, 1672
16515.61, 1671
16521.03, 1670
16525.5, 1669
16541.11, 1668
16544.59, 1667
16548.59, 1666
16559.14, 1665
16589.54, 1664
16592.14, 1663
16596.56, 1662
16600.38, 1661
16606.02, 1660
16608.72, 1659
16613.85, 1658
16622.48, 1657
16629.75, 1656
16637.48, 1655
16672.91, 1654
16679.22, 1653
16681.63, 1652
16685.46, 1651
16699.68, 1650
16715.44, 1649
16721.74, 1648
16725.81, 1647
16751.68, 1646
16762.85, 1645
16766.94, 1644
16774.14, 1643
16778.64, 1642
16784.53, 1641
16792.54, 1640
16808.26, 1639
16814.04, 1638
16825.43, 1637
16831.81, 1636
16837.81, 1635
16843.73, 1634
16846.4, 1633
16861.7, 1632
16870.54, 1631
16891.05, 1630
16905.43, 1629
16914.39, 1628
16916.97, 1627
16921.41, 1626
16925.37, 1625
16945.26, 1624
16947.97, 1623
16951.4, 1622
16962.53, 1621
16971.47, 1620
16983.12, 1619
16991.72, 1618
17009.35, 1617
17018.65, 1616
17035.57, 1615
17041.17, 1614
17051.31, 1613
17053.33, 1612
17058.17, 1611
17061.1, 1610
17065.5, 1609
17069.33, 1608
17073.95, 1607
17078.81, 1606
17081.8, 1605
17096.27, 1604
17100.02, 1603
17121.74, 1602
17123.4, 1601
17145.66, 1600
17160.75, 1599
17174.92, 1598
17178.33, 1597
17183.79, 1596
17191.5, 1595
17194.52, 1594
17198.73, 1593
17203.27, 1592
17212.48, 1591
17215.37, 1590
17220.06, 1589
17223.43, 1588
17228.81, 1587
17232.71, 1586
17237.15, 1585
17240.04, 1584
17245.19, 1583
17272.29, 1582
17282.16, 1581
17296.52, 1580
17323.25, 1579
17326.2, 1578
17330.75, 1577
17334.4, 1576
17344.7, 1575
17346.99, 1574
17349.87, 1573
17354.43, 1572
17364.53, 1571
17368.08, 1570
17370.74, 1569
17374.07, 1568
17378.47, 1567
17384.93, 1566
17387.67, 1565
17390.92, 1564
17395.2, 1563
17471.16, 1562
17473.39, 1561
17474.56, 1560
17475.28, 1559
17483.09, 1558
17487.03, 1557
17490.81, 1556
17497.78, 1555
17536.97, 1554
17566.71, 1553
17572.66, 1552
17580.68, 1551
17583.23, 1550
17589.26, 1549
17591.54, 1548
17596.13, 1547
17602.43, 1546
17604.96, 1545
17607.22, 1544
17614.24, 1543
17627.4, 1542
17632.17, 1541
17635.85, 1540
17643.46, 1539
17666.16, 1538
17671.14, 1537
17675.31, 1536
17680.68, 1535
17687.12, 1534
17690.59, 1533
17694.19, 1532
17709.94, 1531
17710.64, 1530
17711.35, 1529
17717.18, 1528
17723.22, 1527
17727.19, 1526
17730.88, 1525
17737.2, 1524
17737.97, 1523
17771.29, 1522
17773.79, 1521
17777.84, 1520
17781.51, 1519
17823.72, 1518
17828.53, 1517
17833.04, 1516
17849.35, 1515
17850.07, 1514
17850.86, 1513
17851.56, 1512
17887.84, 1511
17889.22, 1510
17894.86, 1509
17898.93, 1508
17919.3, 1507
17923.82, 1506
17929.63, 1505
17958.75, 1504
17963.71, 1503
17971.31, 1502
17974.59, 1501
17977.18, 1500
17983.31, 1499
17985.67, 1498
17990.78, 1497
17994.41, 1496
18002.85, 1495
18074.12, 1494
18085.05, 1493
18089.5, 1492
18093.38, 1491
18095.78, 1490
18098.55, 1489
18104.78, 1488
18113.21, 1487
18129.9, 1486
18138.3, 1485
18146.05, 1484
18149.54, 1483
18169.94, 1482
18173.71, 1481
18183.82, 1480
18190.11, 1479
18190.81, 1478
18197.04, 1477
18202.62, 1476
18204.83, 1475
18210.26, 1474
18213.22, 1473
18216.89, 1472
18221.26, 1471
18226.75, 1470
18230.98, 1469
18235.19, 1468
18263.48, 1467
18276.8, 1466
18281.77, 1465
18286.02, 1464
18289.96, 1463
18308.95, 1462
18312.92, 1461
18318.65, 1460
18321.69, 1459
18325.46, 1458
18332.77, 1457
18332.81, 1456
18343.86, 1455
18347.21, 1454
18351.95, 1453
18352.67, 1452
18356.79, 1451
18361.5, 1450
18366.91, 1449
18385.01, 1448
18448.22, 1447
18457.45, 1446
18462.68, 1445
18497.63, 1444
18503.52, 1443
18525.21, 1442
18531.86, 1441
18544.59, 1440
18547.65, 1439
18562.18, 1438
18566.92, 1437
18608.9, 1436
18614.07, 1435
18658.76, 1434
18660.91, 1433
18679.83, 1432
18686.54, 1431
18702.61, 1430
18707.0, 1429
18725.54, 1428
18729.6, 1427
18733.39, 1426
18738.12, 1425
18748.07, 1424
18763.66, 1423
18777.1, 1422
18789.33, 1421
18802.81, 1420
18815.73, 1419
18829.38, 1418
18841.66, 1417
18890.56, 1416
18898.79, 1415
18912.35, 1414
18917.7, 1413
18945.13, 1412
18951.08, 1411
18964.29, 1410
18965.45, 1409
18977.06, 1408
19017.25, 1407
19022.25, 1406
19055.59, 1405
19061.1, 1404
19064.31, 1403
19073.82, 1402
19081.13, 1401
19088.28, 1400
19091.84, 1399
19101.85, 1398
19107.04, 1397
19127.8, 1396
19140.7, 1395
19157.28, 1394
19160.66, 1393
19189.05, 1392
19190.1, 1391
19190.46, 1390
19210.64, 1389
19211.3, 1388
19212.78, 1387
19230.76, 1386
19232.16, 1385
19238.05, 1384
19261.15, 1383
19263.7, 1382
19267.73, 1381
19284.28, 1380
19339.94, 1379
19346.57, 1378
19349.05, 1377
19371.76, 1376
19373.95, 1375
19385.42, 1374
19393.16, 1373
19396.41, 1372
19412.74, 1371
19416.02, 1370
19420.64, 1369
19480.49, 1368
19486.48, 1367
19490.25, 1366
19537.57, 1365
19540.46, 1364
19545.33, 1363
19608.56, 1362
19614.2, 1361
19616.8, 1360
19641.78, 1359
19646.75, 1358
19653.09, 1357
19662.37, 1356
19667.48, 1355
19683.32, 1354
19687.99, 1353
19691.03, 1352
19708.47, 1351
19713.09, 1350
19718.06, 1349
19736.62, 1348
19737.73, 1347
19741.42, 1346
19761.51, 1345
19810.58, 1344
19816.32, 1343
19821.83, 1342
19827.08, 1341
19830.74, 1340
19842.54, 1339
19863.24, 1338
19869.54, 1337
19925.76, 1336
19953.86, 1335
19992.72, 1334
19998.33, 1333
20027.65, 1332
20031.27, 1331
20035.7, 1330
20041.68, 1329
20059.39, 1328
20071.01, 1327
20077.39, 1326
20086.2, 1325
20096.71, 1324
20107.09, 1323
20110.77, 1322
20118.11, 1321
20139.17, 1320
20143.9, 1319
20146.67, 1318
20170.92, 1317
20174.7, 1316
20182.27, 1315
20204.36, 1314
20206.83, 1313
20214.34, 1312
20242.51, 1311
20244.65, 1310
20249.31, 1309
20263.6, 1308
20276.3, 1307
20279.4, 1306
20351.75, 1305
20362.61, 1304
20366.61, 1303
20379.0, 1302
20394.21, 1301
20396.63, 1300
20411.07, 1299
20426.46, 1298
20427.2, 1297
20436.6, 1296
20440.0, 1295
20606.88, 1294
20611.0, 1293
20625.42, 1292
20627.8, 1291
20634.42, 1290
20638.58, 1289
20644.29, 1288
20647.8, 1287
20672.49, 1286
20685.72, 1285
20687.91, 1284
20694.18, 1283
20711.29, 1282
20724.52, 1281
20729.95, 1280
20736.47, 1279
20755.11, 1278
20764.29, 1277
20772.15, 1276
20773.62, 1275
20789.52, 1274
20802.41, 1273
20804.6, 1272
20810.05, 1271
20832.38, 1270
20910.68, 1269
20918.12, 1268
20922.66, 1267
20971.11, 1266
20977.45, 1265
20981.91, 1264
20984.92, 1263
21006.69, 1262
21021.77, 1261
21025.23, 1260
21029.71, 1259
21056.96, 1258
21059.69, 1257
21073.2, 1256
21076.77, 1255
21100.97, 1254
21107.71, 1253
21120.97, 1252
21123.7, 1251
21152.51, 1250
21154.82, 1249
21166.1, 1248
21170.38, 1247
21175.85, 1246
21184.09, 1245
21188.87, 1244
21193.43, 1243
21198.31, 1242
21202.7, 1241
21219.79, 1240
21299.79, 1239
21305.36, 1238
21315.15, 1237
21318.53, 1236
21331.84, 1235
21359.71, 1234
21364.43, 1233
21374.4, 1232
21377.64, 1231
21383.86, 1230
21403.38, 1229
21417.11, 1228
21420.79, 1227
21427.57, 1226
21449.62, 1225
21454.02, 1224
21464.41, 1223
21469.68, 1222
21473.01, 1221
21500.49, 1220
21502.83, 1219
21514.05, 1218
21518.53, 1217
21524.72, 1216
21550.29, 1215
21554.59, 1214
21565.27, 1213
21568.4, 1212
21572.75, 1211
21595.99, 1210
21603.54, 1209
21618.84, 1208
21633.61, 1207
21635.81, 1206
21653.22, 1205
21655.48, 1204
21672.79, 1203
21687.71, 1202
21690.77, 1201
21703.93, 1200
21709.29, 1199
21716.61, 1198
21723.6, 1197
21728.22, 1196
21732.86, 1195
21737.34, 1194
21744.38, 1193
21751.74, 1192
21754.91, 1191
21760.99, 1190
21766.35, 1189
21771.8, 1188
21778.45, 1187
21840.6, 1186
21910.66, 1185
21913.68, 1184
21918.49, 1183
21940.93, 1182
21951.89, 1181
21957.15, 1180
21970.61, 1179
21974.21, 1178
21974.99, 1177
21997.67, 1176
22009.88, 1175
22012.75, 1174
22031.22, 1173
22034.49, 1172
22040.39, 1171
22061.04, 1170
22071.49, 1169
22077.08, 1168
22087.28, 1167
22092.59, 1166
22095.62, 1165
22158.36, 1164
22161.44, 1163
22173.53, 1162
22176.77, 1161
22190.67, 1160
22195.05, 1159
22225.12, 1158
22227.28, 1157
22326.47, 1156
22331.42, 1155
22341.91, 1154
22346.11, 1153
22354.73, 1152
22363.94, 1151
22366.85, 1150
22371.36, 1149
22375.74, 1148
22382.12, 1147
22412.09, 1146
22415.3, 1145
22425.79, 1144
22427.91, 1143
22436.25, 1142
22439.43, 1141
22484.41, 1140
22514.4, 1139
22518.09, 1138
22524.59, 1137
22543.39, 1136
22562.27, 1135
22565.24, 1134
22587.53, 1133
22592.89, 1132
22647.23, 1131
22649.89, 1130
22656.78, 1129
22673.63, 1128
22690.83, 1127
22697.03, 1126
22709.04, 1125
22742.13, 1124
22745.22, 1123
22748.51, 1122
22758.93, 1121
22764.95, 1120
22770.24, 1119
22773.98, 1118
22806.19, 1117
22820.86, 1116
22825.11, 1115
22855.68, 1114
22862.2, 1113
22936.32, 1112
22940.65, 1111
22956.09, 1110
22958.99, 1109
22962.57, 1108
22975.79, 1107
22982.05, 1106
22988.5, 1105
22996.66, 1104
23003.36, 1103
23034.64, 1102
23051.1, 1101
23058.02, 1100
23062.46, 1099
23073.76, 1098
23098.67, 1097
23102.73, 1096
23107.93, 1095
23112.97, 1094
23121.93, 1093
23129.45, 1092
23139.97, 1091
23144.95, 1090
23154.98, 1089
23158.15, 1088
23165.11, 1087
23171.31, 1086
23177.53, 1085
23181.7, 1084
23195.06, 1083
23198.77, 1082
23214.79, 1081
23250.51, 1080
23256.34, 1079
23258.7, 1078
23273.1, 1077
23278.12, 1076
23282.26, 1075
23288.75, 1074
23293.75, 1073
23328.11, 1072
23341.08, 1071
23358.64, 1070
23371.16, 1069
23414.33, 1068
23418.61, 1067
23425.58, 1066
23437.99, 1065
23440.64, 1064
23444.79, 1063
23458.52, 1062
23464.8, 1061
23470.48, 1060
23483.02, 1059
23489.39, 1058
23499.86, 1057
23502.93, 1056
23511.23, 1055
23514.77, 1054
23521.04, 1053
23562.15, 1052
23565.4, 1051
23593.98, 1050
23598.24, 1049
23602.52, 1048
23614.39, 1047
23623.93, 1046
23679.11, 1045
23679.84, 1044
23680.54, 1043
23681.28, 1042
23681.98, 1041
23685.04, 1040
23689.66, 1039
23708.15, 1038
23720.05, 1037
23724.39, 1036
23756.7, 1035
23757.33, 1034
23758.22, 1033
23758.8, 1032
23792.42, 1031
23797.32, 1030
23817.0, 1029
23841.44, 1028
23844.46, 1027
23883.67, 1026
23886.94, 1025
23900.1, 1024
23911.23, 1023
23925.86, 1022
23929.78, 1021
23940.54, 1020
23948.93, 1019
23955.33, 1018
23960.81, 1017
23988.9, 1016
23991.65, 1015
23996.44, 1014
24000.64, 1013
24006.79, 1012
24011.47, 1011
24015.29, 1010
24021.09, 1009
24032.05, 1008
24064.56, 1007
24068.17, 1006
24117.27, 1005
24125.06, 1004
24132.02, 1003
24140.86, 1002
24174.57, 1001
24180.3, 1000
24183.79, 999
24192.35, 998
24198.49, 997
24205.94, 996
24221.88, 995
24228.11, 994
24240.57, 993
24245.51, 992
24251.37, 991
24260.8, 990
24269.2, 989
24274.52, 988
24287.94, 987
24303.0, 986
24306.75, 985
24323.13, 984
24329.51, 983
24334.8, 982
24339.85, 981
24400.48, 980
24403.97, 979
24425.35, 978
24428.72, 977
24433.58, 976
24462.14, 975
24465.53, 974
24474.38, 973
24478.77, 972
24483.84, 971
24485.76, 970
24496.85, 969
24501.83, 968
24511.79, 967
24545.11, 966
24547.42, 965
24576.02, 964
24582.52, 963
24621.82, 962
24623.04, 961
24630.77, 960
24638.05, 959
24661.21, 958
24685.72, 957
24692.19, 956
24697.23, 955
24710.73, 954
24718.25, 953
24720.42, 952
24738.53, 951
24745.94, 950
24750.34, 949
24763.24, 948
24774.68, 947
24775.71, 946
24790.98, 945
24793.62, 944
24804.76, 943
24810.56, 942
24815.74, 941
24825.29, 940
24835.79, 939
24847.08, 938
24859.92, 937
24876.29, 936
24886.71, 935
24889.48, 934
24908.3, 933
24915.9, 932
24920.62, 931
24951.72, 930
24960.41, 929
24969.13, 928
24972.17, 927
24984.07, 926
25010.91, 925
25026.25, 924
25058.85, 923
25062.87, 922
25097.24, 921
25104.52, 920
25111.28, 919
25113.54, 918
25124.07, 917
25141.63, 916
25166.57, 915
25173.08, 914
25177.73, 913
25186.92, 912
25191.8, 911
25197.44, 910
25209.28, 909
25219.69, 908
25222.88, 907
25227.9, 906
25237.98, 905
25241.86, 904
25246.9, 903
25265.34, 902
25273.5, 901
25277.81, 900
25285.48, 899
25292.54, 898
25306.51, 897
25322.73, 896
25337.38, 895
25345.56, 894
25349.74, 893
25361.39, 892
25370.72, 891
25394.88, 890
25397.62, 889
25406.09, 888
25423.48, 887
25427.81, 886
25433.97, 885
25468.52, 884
25472.68, 883
25472.78, 882
25472.8, 881
25485.98, 880
25491.72, 879
25542.03, 878
25544.99, 877
25562.99, 876
25594.59, 875
25598.98, 874
25604.97, 873
25612.46, 872
25618.07, 871
25631.27, 870
25652.21, 869
25662.31, 868
25674.83, 867
25684.07, 866
25695.6, 865
25704.65, 864
25710.88, 863
25723.22, 862
25738.09, 861
25747.68, 860
25751.8, 859
25760.56, 858
25769.58, 857
25776.37, 856
25780.61, 855
25800.51, 854
25806.36, 853
25822.84, 852
25828.48, 851
25834.75, 850
25838.69, 849
25860.37, 848
25867.07, 847
25873.73, 846
25880.2, 845
25886.79, 844
25903.55, 843
25911.99, 842
25915.47, 841
25922.85, 840
25944.89, 839
25951.83, 838
25958.87, 837
25967.15, 836
25971.76, 835
25979.47, 834
26009.54, 833
26062.87, 832
26069.52, 831
26075.0, 830
26083.09, 829
26087.83, 828
26091.02, 827
26099.59, 826
26106.66, 825
26111.32, 824
26148.35, 823
26154.18, 822
26164.12, 821
26169.44, 820
26172.72, 819
26188.63, 818
26194.34, 817
26205.92, 816
26217.95, 815
26239.17, 814
26242.2, 813
26246.36, 812
26259.4, 811
26264.04, 810
26269.6, 809
26300.42, 808
26311.19, 807
26313.56, 806
26322.46, 805
26329.0, 804
26333.94, 803
26351.85, 802
26357.55, 801
26371.86, 800
26381.34, 799
26389.4, 798
26398.72, 797
26410.14, 796
26417.11, 795
26424.57, 794
26436.47, 793
26442.1, 792
26448.41, 791
26457.14, 790
26462.83, 789
26469.5, 788
26504.31, 787
26509.72, 786
26530.49, 785
26535.86, 784
26548.17, 783
26558.79, 782
26564.77, 781
26570.69, 780
26581.3, 779
26586.68, 778
26590.53, 777
26597.49, 776
26635.38, 775
26641.77, 774
26648.5, 773
26676.37, 772
26680.94, 771
26688.0, 770
26691.43, 769
26705.42, 768
26710.99, 767
26715.31, 766
26721.35, 765
26726.84, 764
26732.08, 763
26745.72, 762
26758.16, 761
26764.11, 760
26770.63, 759
26779.12, 758
26787.47, 757
26799.34, 756
26805.49, 755
26812.62, 754
26836.8, 753
26841.65, 752
26847.32, 751
26853.07, 750
26858.5, 749
26865.45, 748
26881.51, 747
26910.52, 746
26916.02, 745
26923.09, 744
26930.97, 743
26939.18, 742
26941.18, 741
26945.35, 740
26958.83, 739
26965.85, 738
26973.46, 737
27008.19, 736
27016.02, 735
27016.06, 734
27017.17, 733
27030.65, 732
27030.7, 731
27030.71, 730
27062.03, 729
27062.07, 728
27071.83, 727
27074.44, 726
27075.78, 725
27090.03, 724
27097.55, 723
27111.77, 722
27114.97, 721
27121.14, 720
27128.1, 719
27133.44, 718
27137.44, 717
27151.72, 716
27158.25, 715
27163.09, 714
27170.93, 713
27177.8, 712
27183.86, 711
27193.25, 710
27200.24, 709
27206.96, 708
27219.91, 707
27226.6, 706
27236.73, 705
27245.62, 704
27251.88, 703
27260.05, 702
27295.95, 701
27346.46, 700
27349.28, 699
27355.78, 698
27362.95, 697
27367.86, 696
27373.62, 695
27382.04, 694
27394.21, 693
27408.26, 692
27412.68, 691
27418.14, 690
27423.65, 689
27429.72, 688
27432.69, 687
27438.99, 686
27452.82, 685
27458.59, 684
27464.11, 683
27469.43, 682
27479.52, 681
27483.79, 680
27488.86, 679
27500.56, 678
27509.82, 677
27514.03, 676
27522.73, 675
27525.61, 674
27538.99, 673
27551.81, 672
27554.8, 671
27561.55, 670
27566.36, 669
27594.86, 668
27597.88, 667
27604.81, 666
27607.0, 665
27609.16, 664
27616.59, 663
27620.22, 662
27630.5, 661
27632.83, 660
27640.91, 659
27649.34, 658
27660.4, 657
27663.35, 656
27669.55, 655
27677.0, 654
27690.97, 653
27698.1, 652
27726.46, 651
27728.68, 650
27743.2, 649
27744.01, 648
27754.95, 647
27771.47, 646
27778.32, 645
27784.65, 644
27792.2, 643
27803.77, 642
27819.64, 641
27833.56, 640
27848.64, 639
27849.27, 638
27852.13, 637
27874.67, 636
27893.36, 635
27907.42, 634
27919.65, 633
27933.04, 632
27945.99, 631
27958.92, 630
27972.33, 629
27986.45, 628
27997.5, 627
28010.33, 626
28023.22, 625
28036.39, 624
28052.72, 623
28061.46, 622
28074.86, 621
28088.2, 620
28101.05, 619
28114.35, 618
28127.15, 617
28140.02, 616
28152.85, 615
28165.76, 614
28178.63, 613
28191.49, 612
28204.37, 611
28217.16, 610
28230.0, 609
28242.85, 608
28255.75, 607
28268.63, 606
28311.01, 605
28315.54, 604
28315.65, 603
28316.77, 602
28317.11, 601
28317.85, 600
28318.58, 599
28439.01, 598
28439.06, 597
28439.07, 596
28439.8, 595
28440.11, 594
28440.78, 593
28441.56, 592
28457.8, 591
28458.2, 590
28468.91, 589
28497.39, 588
28498.51, 587
28498.78, 586
28499.5, 585
28500.21, 584
28517.04, 583
28538.23, 582
28538.93, 581
28539.71, 580
28540.38, 579
28552.24, 578
28564.46, 577
28571.55, 576
28586.73, 575
28587.92, 574
28610.46, 573
28639.91, 572
28640.66, 571
28641.37, 570
28642.1, 569
28643.0, 568
28663.49, 567
28683.39, 566
28683.71, 565
28684.88, 564
28698.66, 563
28699.37, 562
28717.26, 561
28726.08, 560
28737.06, 559
28741.84, 558
28750.72, 557
28760.14, 556
28776.98, 555
28794.17, 554
28807.6, 553
28826.31, 552
28833.93, 551
28846.87, 550
28859.86, 549
28872.88, 548
28885.73, 547
28898.76, 546
28934.82, 545
28955.13, 544
28955.89, 543
28956.64, 542
28957.39, 541
28958.14, 540
28958.86, 539
28959.58, 538
28982.98, 537
28989.42, 536
28991.86, 535
29006.52, 534
29013.2, 533
29021.24, 532
29034.06, 531
29040.86, 530
29049.06, 529
29058.75, 528
29069.31, 527
29100.37, 526
29102.67, 525
29104.8, 524
29124.03, 523
29136.08, 522
29140.43, 521
29143.72, 520
29172.18, 519
29190.3, 518
29193.03, 517
29208.05, 516
29210.06, 515
29223.82, 514
29236.4, 513
29252.47, 512
29262.85, 511
29275.89, 510
29288.91, 509
29301.86, 508
29314.77, 507
29327.69, 506
29340.68, 505
29353.57, 504
29366.49, 503
29379.41, 502
29392.23, 501
29405.19, 500
29501.74, 499
29525.96, 498
29526.73, 497
29529.05, 496
29529.12, 495
29529.15, 494
29529.62, 493
29530.33, 492
29591.44, 491
29592.19, 490
29592.93, 489
29593.67, 488
29594.39, 487
29595.11, 486
29595.82, 485
29605.53, 484
29611.37, 483
29619.4, 482
29628.29, 481
29641.03, 480
29643.31, 479
29661.44, 478
29662.21, 477
29688.16, 476
29690.45, 475
29700.24, 474
29706.14, 473
29725.59, 472
29726.27, 471
29731.0, 470
29758.88, 469
29761.19, 468
29763.6, 467
29784.58, 466
29785.31, 465
29786.03, 464
29793.38, 463
29801.83, 462
29810.04, 461
29818.69, 460
29842.22, 459
29842.27, 458
29854.94, 457
29868.74, 456
29876.34, 455
29888.96, 454
29910.73, 453
29921.39, 452
29923.82, 451
29941.87, 450
29944.44, 449
29953.89, 448
29958.66, 447
29972.62, 446
29979.67, 445
29989.3, 444
30000.97, 443
30006.98, 442
30016.7, 441
30031.52, 440
30040.63, 439
30050.4, 438
30059.26, 437
30074.19, 436
30082.77, 435
30092.22, 434
30105.23, 433
30110.68, 432
30118.77, 431
30127.96, 430
30139.38, 429
30147.18, 428
30162.5, 427
30168.72, 426
30190.66, 425
30196.46, 424
30208.09, 423
30215.27, 422
30223.01, 421
30235.3, 420
30254.53, 419
30283.8, 418
30296.98, 417
30303.2, 416
30316.59, 415
30327.19, 414
30339.3, 413
30349.31, 412
30377.22, 411
30380.31, 410
30383.16, 409
30385.41, 408
30397.8, 407
30440.93, 406
30446.78, 405
30453.42, 404
30464.21, 403
30471.48, 402
30482.05, 401
30497.38, 400
30510.97, 399
30520.0, 398
30536.49, 397
30546.18, 396
30552.36, 395
30562.65, 394
30573.53, 393
30581.01, 392
30597.43, 391
30605.22, 390
30616.95, 389
30629.91, 388
30635.37, 387
30646.27, 386
30655.41, 385
30663.21, 384
30673.47, 383
30684.19, 382
30698.99, 381
30708.95, 380
30724.67, 379
30726.94, 378
30740.86, 377
30747.53, 376
30756.59, 375
30771.56, 374
30784.85, 373
30791.62, 372
30804.36, 371
30809.87, 370
30820.95, 369
30831.52, 368
30838.14, 367
30854.61, 366
30859.86, 365
30869.04, 364
30882.96, 363
30891.51, 362
30903.85, 361
30914.04, 360
30921.91, 359
30931.25, 358
30963.26, 357
30972.15, 356
30986.76, 355
30997.73, 354
31001.6, 353
31012.29, 352
31029.05, 351
31037.9, 350
31047.32, 349
31058.29, 348
31118.12, 347
31118.85, 346
31119.58, 345
31120.31, 344
31122.41, 343
31126.16, 342
31145.07, 341
31148.12, 340
31182.96, 339
31186.05, 338
31191.0, 337
31194.06, 336
31217.68, 335
31218.39, 334
31239.87, 333
31243.99, 332
31247.2, 331
31263.11, 330
31271.86, 329
31291.94, 328
31300.22, 327
31321.2, 326
31334.96, 325
31347.42, 324
31359.25, 323
31387.26, 322
31403.01, 321
31427.45, 320
31445.43, 319
31458.73, 318
31469.39, 317
31480.94, 316
31497.47, 315
31511.09, 314
31522.18, 313
31535.27, 312
31549.71, 311
31555.2, 310
31571.91, 309
31585.15, 308
31617.33, 307
31640.84, 306
31647.92, 305
31660.55, 304
31673.81, 303
31684.22, 302
31693.84, 301
31709.87, 300
31715.32, 299
31724.75, 298
31735.29, 297
31746.44, 296
31753.47, 295
31771.59, 294
31786.34, 293
31790.71, 292
31803.43, 291
31810.1, 290
31819.28, 289
31830.62, 288
31840.46, 287
31858.73, 286
31869.18, 285
31878.66, 284
31889.35, 283
31900.73, 282
31909.67, 281
31920.28, 280
31929.04, 279
31942.09, 278
31959.0, 277
31971.92, 276
31997.22, 275
32010.06, 274
32019.67, 273
32030.69, 272
32043.76, 271
32054.47, 270
32062.06, 269
32072.47, 268
32082.7, 267
32098.03, 266
32108.98, 265
32120.7, 264
32130.87, 263
32139.48, 262
32152.55, 261
32159.41, 260
32177.12, 259
32185.96, 258
32197.29, 257
32212.2, 256
32221.68, 255
32232.41, 254
32242.24, 253
32257.16, 252
32266.57, 251
32279.99, 250
32295.99, 249
32302.87, 248
32313.49, 247
32322.53, 246
32338.95, 245
32355.75, 244
32368.74, 243
32388.31, 242
32420.53, 241
32434.35, 240
32450.4, 239
32461.15, 238
32484.24, 237
32498.76, 236
32535.96, 235
32548.64, 234
32558.49, 233
32572.46, 232
32581.96, 231
32601.97, 230
32615.44, 229
32639.49, 228
32660.79, 227
32671.65, 226
32679.49, 225
32703.77, 224
32715.31, 223
32728.54, 222
32742.46, 221
32755.19, 220
32771.83, 219
32781.44, 218
32795.16, 217
32808.45, 216
32838.09, 215
32852.68, 214
32864.88, 213
32880.72, 212
32894.74, 211
32903.68, 210
32922.23, 209
32933.23, 208
32961.21, 207
32975.0, 206
32991.87, 205
33002.09, 204
33016.06, 203
33028.38, 202
33041.51, 201
33060.52, 200
33073.97, 199
33090.02, 198
33104.65, 197
33113.83, 196
33137.81, 195
33159.44, 194
33178.16, 193
33190.12, 192
33206.72, 191
33229.38, 190
33246.63, 189
33260.33, 188
33274.79, 187
33294.42, 186
33312.81, 185
33331.79, 184
33349.89, 183
33370.49, 182
33383.36, 181
33395.51, 180
33414.57, 179
33425.72, 178
33450.97, 177
33472.59, 176
33484.02, 175
33502.4, 174
33512.33, 173
33523.66, 172
33545.44, 171
33556.44, 170
33575.71, 169
33592.64, 168
33627.65, 167
33642.78, 166
33653.92, 165
33674.0, 164
33684.78, 163
33695.1, 162
33713.93, 161
33731.2, 160
33756.49, 159
33773.77, 158
33785.55, 157
33801.43, 156
33815.18, 155
33833.82, 154
33876.95, 153
33898.4, 152
33911.76, 151
33947.18, 150
33957.89, 149
33972.01, 148
33987.53, 147
34016.74, 146
34028.36, 145
34039.81, 144
34073.03, 143
34085.87, 142
34096.71, 141
34125.4, 140
34141.53, 139
34152.78, 138
34172.36, 137
34183.87, 136
34195.84, 135
34214.03, 134
34237.95, 133
34249.71, 132
34269.19, 131
34297.31, 130
34321.34, 129
34337.34, 128
34360.36, 127
34374.33, 126
34384.08, 125
34406.77, 124
34425.31, 123
34440.84, 122
34458.07, 121
34473.57, 120
34502.99, 119
34522.36, 118
34533.15, 117
34558.35, 116
34570.01, 115
34590.48, 114
34606.15, 113
34619.18, 112
34640.2, 111
34660.0, 110
34673.32, 109
34689.03, 108
34708.33, 107
34720.67, 106
34745.75, 105
34763.9, 104
34779.34, 103
34791.84, 102
34820.58, 101
34832.32, 100
34849.48, 99
34872.27, 98
34894.78, 97
34907.82, 96
34926.86, 95
34945.57, 94
34975.41, 93
34999.62, 92
35015.45, 91
35032.86, 90
35050.55, 89
35063.68, 88
35080.16, 87
35093.18, 86
35112.68, 85
35133.48, 84
35148.58, 83
35162.81, 82
35178.0, 81
35213.96, 80
35236.69, 79
35250.86, 78
35283.99, 77
35297.17, 76
35310.91, 75
35332.22, 74
35351.94, 73
35367.87, 72
35394.48, 71
35407.39, 70
35431.95, 69
35443.75, 68
35462.42, 67
35477.48, 66
35513.18, 65
35535.1, 64
35555.9, 63
35576.74, 62
35591.17, 61
35621.19, 60
35636.09, 59
35662.91, 58
35673.52, 57
35688.0, 56
35713.06, 55
35726.95, 54
35744.3, 53
35757.07, 52
35787.1, 51
35806.23, 50
35835.11, 49
35846.92, 48
35880.84, 47
35892.27, 46
35916.2, 45
35937.84, 44
35958.55, 43
35979.76, 42
35996.26, 41
36018.72, 40
36030.16, 39
36061.51, 38
36080.67, 37
36095.75, 36
36119.39, 35
36140.86, 34
36154.36, 33
36205.42, 32
36206.26, 31
36221.89, 30
36238.26, 29
36268.66, 28
36284.7, 27
36306.65, 26
36328.77, 25
36346.95, 24
36368.41, 23
36388.65, 22
36418.21, 21
36459.8, 20
36473.68, 19
36489.59, 18
36525.34, 17
36541.62, 16
36564.62, 15
36614.5, 14
36629.89, 13
36646.96, 12
36679.37, 11
36700.39, 10
36728.79, 9
36778.18, 8
36793.49, 7
36810.55, 6
36855.55, 5
36889.44, 4
36904.9, 3
36944.21, 2
36959.56, 1
36989.71, 0
