2775.81, 4100
2787.85, 4069
2812.41, 4040
2819.99, 4039
2822.2, 4010
2823.16, 4009
2842.51, 3991
2867.19, 3989
2881.45, 3988
2883.57, 3963
2884.69, 3961
2885.61, 3960
2886.49, 3959
2887.37, 3958
2894.24, 3943
2896.32, 3940
2896.42, 3939
2897.33, 3938
2902.74, 3917
2906.16, 3914
2908.88, 3913
2910.54, 3912
2916.6, 3911
2942.73, 3910
2974.53, 3909
3013.59, 3888
3014.52, 3885
3015.41, 3884
3016.33, 3883
3017.13, 3882
3020.96, 3881
3031.42, 3880
3055.23, 3872
3082.11, 3868
3095.54, 3866
3104.2, 3865
3114.21, 3863
3115.21, 3862
3116.29, 3861
3117.26, 3860
3118.2, 3859
3119.72, 3845
3136.67, 3841
3182.73, 3839
3185.17, 3838
3186.11, 3836
3186.99, 3835
3187.87, 3834
3195.53, 3833
3196.92, 3832
3196.97, 3831
3200.41, 3830
3213.7, 3828
3214.58, 3823
3254.28, 3820
3257.08, 3819
3263.24, 3816
3264.13, 3815
3265.05, 3814
3265.93, 3813
3269.58, 3812
3272.71, 3811
3275.98, 3810
3276.9, 3803
3279.29, 3798
3283.75, 3795
3285.6, 3794
3289.13, 3791
3289.97, 3790
3302.7, 3789
3314.88, 3788
3317.83, 3787
3319.88, 3786
3333.18, 3785
3335.96, 3784
3342.74, 3783
3347.64, 3782
3350.61, 3775
3351.47, 3770
3357.37, 3767
3367.23, 3766
3368.25, 3763
3369.05, 3762
3369.95, 3761
3405.48, 3760
3454.52, 3759
3455.7, 3758
3456.37, 3757
3457.24, 3756
3486.14, 3755
3487.08, 3754
3507.82, 3752
3516.39, 3751
3570.34, 3747
3585.79, 3746
3588.86, 3744
3597.43, 3743
3600.18, 3742
3601.1, 3741
3602.07, 3740
3605.23, 3739
3609.05, 3738
3610.35, 3737
3610.37, 3736
3611.14, 3735
3614.55, 3734
3629.65, 3733
3629.69, 3730
3629.7, 3726
3630.85, 3725
3631.5, 3721
3632.22, 3720
3637.66, 3718
3638.57, 3717
3649.2, 3716
3650.11, 3715
3651.01, 3714
3651.94, 3713
3652.93, 3712
3663.12, 3711
3663.3, 3710
3663.51, 3709
3666.61, 3708
3671.38, 3707
3685.1, 3706
3685.16, 3705
3691.07, 3704
3693.57, 3703
3693.96, 3702
3694.75, 3695
3697.3, 3690
3697.35, 3687
3697.51, 3686
3709.76, 3683
3713.58, 3682
3713.63, 3681
3713.65, 3680
3721.66, 3679
3721.7, 3678
3721.71, 3677
3721.72, 3676
3722.54, 3675
3734.28, 3674
3735.18, 3672
3736.12, 3671
3737.31, 3667
3752.54, 3666
3753.38, 3664
3754.27, 3663
3755.78, 3662
3759.0, 3661
3760.73, 3660
3763.88, 3659
3766.27, 3658
3766.5, 3657
3777.9, 3656
3778.75, 3655
3779.78, 3654
3782.14, 3653
3782.24, 3650
3789.45, 3646
3790.4, 3645
3791.55, 3641
3793.13, 3640
3796.22, 3638
3804.13, 3637
3812.44, 3636
3812.77, 3635
3812.79, 3634
3812.8, 3633
3826.02, 3632
3830.51, 3631
3830.56, 3630
3830.58, 3629
3830.59, 3628
3834.62, 3627
3835.66, 3626
3853.89, 3625
3862.19, 3624
3862.3, 3623
3862.32, 3622
3862.34, 3620
3862.36, 3619
3862.38, 3618
3870.24, 3617
3870.54, 3616
3872.34, 3615
3879.62, 3614
3884.88, 3613
3885.83, 3612
3900.38, 3611
3906.6, 3610
3907.46, 3609
3908.3, 3608
3909.45, 3607
3910.28, 3606
3916.36, 3605
3928.96, 3600
3929.54, 3599
3930.93, 3598
3943.12, 3596
3943.25, 3595
3946.96, 3594
3955.25, 3593
3956.22, 3592
3957.0, 3591
3957.87, 3590
3974.16, 3589
3974.19, 3588
3974.74, 3587
3987.22, 3586
3996.01, 3585
3996.06, 3584
3996.07, 3583
3996.08, 3582
3996.08, 3581
3996.09, 3580
4015.13, 3579
4048.39, 3578
4054.02, 3577
4077.58, 3576
4079.32, 3575
4079.91, 3574
4080.81, 3573
4081.69, 3572
4083.15, 3571
4083.54, 3570
4084.46, 3569
4089.98, 3568
4090.96, 3567
4091.85, 3566
4099.72, 3565
4099.82, 3564
4101.33, 3563
4114.78, 3562
4117.8, 3561
4120.88, 3560
4123.16, 3559
4128.05, 3558
4130.7, 3557
4135.41, 3556
4139.02, 3555
4139.98, 3554
4140.96, 3553
4141.88, 3552
4142.77, 3551
4143.67, 3550
4144.56, 3549
4147.29, 3548
4150.66, 3547
4157.52, 3546
4169.43, 3545
4174.54, 3544
4178.86, 3543
4178.97, 3542
4178.99, 3541
4179.01, 3540
4179.04, 3539
4179.84, 3538
4180.59, 3537
4181.45, 3536
4200.02, 3535
4200.87, 3534
4201.78, 3533
4202.66, 3532
4219.22, 3531
4219.97, 3530
4220.85, 3529
4221.74, 3528
4227.5, 3527
4230.92, 3526
4259.4, 3525
4263.57, 3524
4264.65, 3523
4265.46, 3522
4266.34, 3521
4267.24, 3520
4268.13, 3519
4269.03, 3518
4269.92, 3517
4276.25, 3516
4277.57, 3515
4284.04, 3514
4288.91, 3513
4299.42, 3512
4302.85, 3511
4315.41, 3510
4316.58, 3509
4317.53, 3508
4318.4, 3507
4319.29, 3506
4320.22, 3505
4350.29, 3504
4353.59, 3503
4354.44, 3502
4355.46, 3501
4356.16, 3500
4357.13, 3499
4357.99, 3498
4359.51, 3497
4377.58, 3496
4377.67, 3495
4378.18, 3494
4379.09, 3493
4379.93, 3492
4380.82, 3491
4381.72, 3490
4420.44, 3489
4421.37, 3488
4422.28, 3487
4423.26, 3486
4424.08, 3485
4424.97, 3484
4425.84, 3483
4426.7, 3482
4427.55, 3481
4439.56, 3480
4453.03, 3479
4453.89, 3478
4454.74, 3477
4455.64, 3476
4456.46, 3475
4457.3, 3474
4471.81, 3473
4478.43, 3472
4479.36, 3471
4480.22, 3470
4481.08, 3469
4482.28, 3468
4482.88, 3467
4483.77, 3466
4498.79, 3465
4508.91, 3464
4516.23, 3463
4522.02, 3462
4522.89, 3461
4523.76, 3460
4524.63, 3459
4525.53, 3458
4526.48, 3457
4527.55, 3456
4537.08, 3455
4550.28, 3454
4551.24, 3453
4552.16, 3452
4553.05, 3451
4554.56, 3450
4554.77, 3449
4555.65, 3448
4556.53, 3447
4580.0, 3446
4582.7, 3445
4582.78, 3444
4582.81, 3443
4583.7, 3442
4584.56, 3441
4585.66, 3440
4597.07, 3439
4603.78, 3438
4629.22, 3437
4630.14, 3436
4632.73, 3435
4632.92, 3434
4632.94, 3433
4633.77, 3432
4634.7, 3431
4635.71, 3430
4636.55, 3429
4642.11, 3428
4647.52, 3427
4648.51, 3426
4661.75, 3425
4663.53, 3424
4664.42, 3423
4665.3, 3422
4666.72, 3421
4667.13, 3420
4678.83, 3419
4681.41, 3418
4696.17, 3417
4698.43, 3416
4699.3, 3415
4700.19, 3414
4702.37, 3413
4702.41, 3412
4702.81, 3411
4703.71, 3410
4736.71, 3409
4741.18, 3408
4747.63, 3407
4754.84, 3406
4760.32, 3405
4760.58, 3404
4760.64, 3403
4760.65, 3402
4760.66, 3401
4760.66, 3400
4761.31, 3399
4785.52, 3398
4799.98, 3397
4801.72, 3396
4802.6, 3395
4803.45, 3394
4804.35, 3393
4813.01, 3392
4813.12, 3391
4813.14, 3390
4820.47, 3389
4848.33, 3388
4864.79, 3387
4873.59, 3386
4873.92, 3385
4874.72, 3384
4877.67, 3383
4877.76, 3382
4877.78, 3381
4878.21, 3380
4881.78, 3379
4902.66, 3378
4902.75, 3377
4902.77, 3376
4903.28, 3375
4904.16, 3374
4905.02, 3373
4905.87, 3372
4915.1, 3371
4916.14, 3370
4917.03, 3369
4917.89, 3368
4934.57, 3367
4935.45, 3366
4936.31, 3365
4937.16, 3364
4938.02, 3363
4938.88, 3362
4939.77, 3361
4947.34, 3360
4961.12, 3359
4966.94, 3358
4970.54, 3357
4971.44, 3356
4972.31, 3355
4973.18, 3354
4974.04, 3353
5019.39, 3352
5020.4, 3351
5027.91, 3350
5031.1, 3349
5031.19, 3348
5031.22, 3347
5032.15, 3346
5033.11, 3345
5034.6, 3344
5034.9, 3343
5049.93, 3342
5052.28, 3341
5054.9, 3340
5062.06, 3339
5062.83, 3338
5063.75, 3337
5064.6, 3336
5065.45, 3335
5066.72, 3334
5081.42, 3333
5089.56, 3332
5090.14, 3331
5091.03, 3330
5091.96, 3329
5116.82, 3328
5117.48, 3327
5119.0, 3326
5119.23, 3325
5120.13, 3324
5121.27, 3323
5128.41, 3322
5142.6, 3321
5143.51, 3320
5146.33, 3319
5146.4, 3318
5146.42, 3317
5146.97, 3316
5147.98, 3315
5154.64, 3314
5171.26, 3313
5174.38, 3312
5180.29, 3311
5180.4, 3310
5187.52, 3309
5190.61, 3308
5191.56, 3307
5192.44, 3306
5193.91, 3305
5194.14, 3304
5195.0, 3303
5195.9, 3302
5196.79, 3301
5205.52, 3300
5206.37, 3299
5207.39, 3298
5218.98, 3297
5219.85, 3296
5221.11, 3295
5231.57, 3294
5235.23, 3293
5235.61, 3292
5236.98, 3291
5240.14, 3290
5262.25, 3289
5268.03, 3288
5270.02, 3287
5271.34, 3286
5273.22, 3285
5273.31, 3284
5273.42, 3283
5286.69, 3282
5326.24, 3281
5331.62, 3280
5332.97, 3279
5333.86, 3278
5334.73, 3277
5335.61, 3276
5339.49, 3275
5347.21, 3274
5348.11, 3273
5353.43, 3272
5364.2, 3271
5369.93, 3270
5370.97, 3269
5371.84, 3268
5372.71, 3267
5373.59, 3266
5374.46, 3265
5375.33, 3264
5376.22, 3263
5384.42, 3262
5399.46, 3261
5403.71, 3260
5407.24, 3259
5408.43, 3258
5408.78, 3257
5409.65, 3256
5410.72, 3255
5411.45, 3254
5412.32, 3253
5413.18, 3252
5421.38, 3251
5432.3, 3250
5433.15, 3249
5435.77, 3248
5435.85, 3247
5435.86, 3246
5442.75, 3245
5443.9, 3244
5456.78, 3243
5459.76, 3242
5464.98, 3241
5467.63, 3240
5468.57, 3239
5492.96, 3238
5499.55, 3237
5499.63, 3236
5500.07, 3235
5500.9, 3234
5503.51, 3233
5503.55, 3232
5503.56, 3231
5527.86, 3230
5528.71, 3229
5532.97, 3228
5533.78, 3227
5534.67, 3226
5535.56, 3225
5536.41, 3224
5537.26, 3223
5538.4, 3222
5547.3, 3221
5548.11, 3220
5548.96, 3219
5549.8, 3218
5553.88, 3217
5559.69, 3216
5566.9, 3215
5570.27, 3214
5577.21, 3213
5578.13, 3212
5579.03, 3211
5579.96, 3210
5580.85, 3209
5581.71, 3208
5630.23, 3207
5633.08, 3206
5636.19, 3205
5637.96, 3204
5642.26, 3203
5642.63, 3202
5642.66, 3201
5642.68, 3200
5642.72, 3199
5643.22, 3198
5678.36, 3197
5682.3, 3196
5684.51, 3195
5688.24, 3194
5689.15, 3193
5691.12, 3192
5691.44, 3191
5691.74, 3190
5694.3, 3189
5737.14, 3188
5740.35, 3187
5742.97, 3186
5747.67, 3185
5748.11, 3184
5748.99, 3183
5750.05, 3182
5750.7, 3181
5752.23, 3180
5752.44, 3179
5754.79, 3178
5765.64, 3177
5765.76, 3176
5766.51, 3175
5767.42, 3174
5768.28, 3173
5784.38, 3172
5785.26, 3171
5786.12, 3170
5787.0, 3169
5787.87, 3168
5794.12, 3167
5797.0, 3166
5799.18, 3165
5823.22, 3164
5823.29, 3163
5832.3, 3162
5844.57, 3161
5844.67, 3160
5864.1, 3159
5868.38, 3158
5871.18, 3157
5876.29, 3156
5880.19, 3155
5886.78, 3154
5891.55, 3153
5894.42, 3152
5898.16, 3151
5899.07, 3150
5899.96, 3149
5908.15, 3148
5911.59, 3147
5911.68, 3146
5919.6, 3145
5940.6, 3144
5941.5, 3143
5942.37, 3142
5943.36, 3141
5944.11, 3140
5944.96, 3139
5945.89, 3138
5946.65, 3137
5961.47, 3136
5962.3, 3135
5963.15, 3134
5964.01, 3133
5964.87, 3132
5991.84, 3131
5992.04, 3130
5992.06, 3129
5992.24, 3128
5993.11, 3127
5994.08, 3126
5994.83, 3125
5997.52, 3124
6001.8, 3123
6004.63, 3122
6009.22, 3121
6025.77, 3120
6033.5, 3119
6034.42, 3118
6035.29, 3117
6036.15, 3116
6037.0, 3115
6037.84, 3114
6038.72, 3113
6050.65, 3112
6059.78, 3111
6083.32, 3110
6087.85, 3109
6088.83, 3108
6089.78, 3107
6090.72, 3106
6091.63, 3105
6094.17, 3104
6094.24, 3103
6094.54, 3102
6112.61, 3101
6114.41, 3100
6114.45, 3099
6122.8, 3098
6129.07, 3097
6136.54, 3096
6142.26, 3095
6144.83, 3094
6145.76, 3093
6160.94, 3092
6161.55, 3091
6162.44, 3090
6217.34, 3089
6234.03, 3088
6235.59, 3087
6235.77, 3086
6394.19, 3085
6394.89, 3084
6395.76, 3083
6396.66, 3082
6397.44, 3081
6398.35, 3080
6399.23, 3079
6400.12, 3078
6409.05, 3077
6411.87, 3076
6415.0, 3075
6417.37, 3074
6421.3, 3073
6425.21, 3072
6429.92, 3071
6430.74, 3070
6434.65, 3069
6439.79, 3068
6439.81, 3067
6444.34, 3066
6446.88, 3065
6451.44, 3064
6454.82, 3063
6457.6, 3062
6463.71, 3061
6465.85, 3060
6466.83, 3059
6482.1, 3058
6484.76, 3057
6487.42, 3056
6492.05, 3055
6494.16, 3054
6494.25, 3053
6494.7, 3052
6519.97, 3051
6520.76, 3050
6521.64, 3049
6524.06, 3048
6524.1, 3047
6576.15, 3046
6577.04, 3045
6578.42, 3044
6578.69, 3043
6579.53, 3042
6580.4, 3041
6581.29, 3040
6627.39, 3039
6634.11, 3038
6642.75, 3037
6642.84, 3036
6642.87, 3035
6643.23, 3034
6644.1, 3033
6644.95, 3032
6645.85, 3031
6647.21, 3030
6655.89, 3029
6656.63, 3028
6657.5, 3027
6663.13, 3026
6670.97, 3025
6671.02, 3024
6677.23, 3023
6678.06, 3022
6685.12, 3021
6685.17, 3020
6688.05, 3019
6692.75, 3018
6696.17, 3017
6697.04, 3016
6700.49, 3015
6703.86, 3014
6706.65, 3013
6707.6, 3012
6721.42, 3011
6727.41, 3010
6728.3, 3009
6729.17, 3008
6730.06, 3007
6746.65, 3006
6747.11, 3005
6747.96, 3004
6748.89, 3003
6749.65, 3002
6752.81, 3001
6755.47, 3000
6763.34, 2999
6802.41, 2998
6805.83, 2997
6818.15, 2996
6819.05, 2995
6819.9, 2994
6820.87, 2993
6821.59, 2992
6822.44, 2991
6823.76, 2990
6824.14, 2989
6830.6, 2988
6835.66, 2987
6837.42, 2986
6838.31, 2985
6839.2, 2984
6849.93, 2983
6858.11, 2982
6865.98, 2981
6866.73, 2980
6867.65, 2979
6868.99, 2978
6869.5, 2977
6870.93, 2976
6871.33, 2975
6872.25, 2974
6879.08, 2973
6884.42, 2972
6890.83, 2971
6895.04, 2970
6911.05, 2969
6911.12, 2968
6911.67, 2967
6912.61, 2966
6913.55, 2965
6914.5, 2964
6915.44, 2963
6941.28, 2962
6979.26, 2961
7000.66, 2960
7014.0, 2959
7014.89, 2958
7015.76, 2957
7016.61, 2956
7017.46, 2955
7018.93, 2954
7019.2, 2953
7020.07, 2952
7032.51, 2951
7038.22, 2950
7043.93, 2949
7056.24, 2948
7056.93, 2947
7057.25, 2946
7058.1, 2945
7058.97, 2944
7059.84, 2943
7060.68, 2942
7061.52, 2941
7066.75, 2940
7071.68, 2939
7083.16, 2938
7087.48, 2937
7089.03, 2936
7089.27, 2935
7090.14, 2934
7090.98, 2933
7091.82, 2932
7092.71, 2931
7132.53, 2930
7154.05, 2929
7158.96, 2928
7165.24, 2927
7166.1, 2926
7166.96, 2925
7167.82, 2924
7168.67, 2923
7169.52, 2922
7170.37, 2921
7171.24, 2920
7178.81, 2919
7185.45, 2918
7195.43, 2917
7200.18, 2916
7201.09, 2915
7201.98, 2914
7202.86, 2913
7217.2, 2912
7225.88, 2911
7233.7, 2910
7234.87, 2909
7235.82, 2908
7236.69, 2907
7237.55, 2906
7238.59, 2905
7239.32, 2904
7240.19, 2903
7246.32, 2902
7250.74, 2901
7275.22, 2900
7276.1, 2899
7276.97, 2898
7277.8, 2897
7278.64, 2896
7279.49, 2895
7280.35, 2894
7281.2, 2893
7289.04, 2892
7293.78, 2891
7297.42, 2890
7298.37, 2889
7298.82, 2888
7320.16, 2887
7325.31, 2886
7326.62, 2885
7327.1, 2884
7327.92, 2883
7328.75, 2882
7329.89, 2881
7330.49, 2880
7339.52, 2879
7344.74, 2878
7348.7, 2877
7351.34, 2876
7352.26, 2875
7364.71, 2874
7368.81, 2873
7396.17, 2872
7396.21, 2871
7396.94, 2870
7401.7, 2869
7405.57, 2868
7409.72, 2867
7412.57, 2866
7413.48, 2865
7414.39, 2864
7415.28, 2863
7416.82, 2862
7417.03, 2861
7446.46, 2860
7447.69, 2859
7447.75, 2858
7462.31, 2857
7462.41, 2856
7462.78, 2855
7463.65, 2854
7465.2, 2853
7466.7, 2852
7466.75, 2851
7468.25, 2850
7471.52, 2849
7475.83, 2848
7488.08, 2847
7514.32, 2846
7532.43, 2845
7532.48, 2844
7558.65, 2843
7559.04, 2842
7561.26, 2841
7561.3, 2840
7561.57, 2839
7562.47, 2838
7563.61, 2837
7566.34, 2836
7579.97, 2835
7580.86, 2834
7581.81, 2833
7582.72, 2832
7583.64, 2831
7599.5, 2830
7603.85, 2829
7615.65, 2828
7626.4, 2827
7656.2, 2826
7656.66, 2825
7657.85, 2824
7658.53, 2823
7659.34, 2822
7660.26, 2821
7661.19, 2820
7709.49, 2819
7720.17, 2818
7720.28, 2817
7720.3, 2816
7720.31, 2815
7720.33, 2814
7720.35, 2813
7733.86, 2812
7733.96, 2811
7739.9, 2810
7740.05, 2809
7740.88, 2808
7741.72, 2807
7742.56, 2806
7743.43, 2805
7751.97, 2804
7752.8, 2803
7753.66, 2802
7763.86, 2801
7779.76, 2800
7789.93, 2799
7794.45, 2798
7797.01, 2797
7797.9, 2796
7816.99, 2795
7826.1, 2794
7826.69, 2793
7827.67, 2792
7828.79, 2791
7829.25, 2790
7830.1, 2789
7830.97, 2788
7836.69, 2787
7862.47, 2786
7869.79, 2785
7878.0, 2784
7878.09, 2783
7878.11, 2782
7878.41, 2781
7879.25, 2780
7880.18, 2779
7896.52, 2778
7900.01, 2777
7900.91, 2776
7901.88, 2775
7902.69, 2774
7903.58, 2773
7904.48, 2772
7907.2, 2771
7927.19, 2770
7928.21, 2769
7928.89, 2768
7929.76, 2767
7932.4, 2766
7932.45, 2765
7951.06, 2764
7961.68, 2763
7965.22, 2762
7967.79, 2761
7969.1, 2760
7969.55, 2759
7970.41, 2758
7971.28, 2757
7972.13, 2756
7973.71, 2755
7973.84, 2754
7980.29, 2753
7986.35, 2752
7996.89, 2751
8000.2, 2750
8001.1, 2749
8002.32, 2748
8002.87, 2747
8003.73, 2746
8004.6, 2745
8025.06, 2744
8025.93, 2743
8026.79, 2742
8027.65, 2741
8029.3, 2740
8029.42, 2739
8036.92, 2738
8037.76, 2737
8038.83, 2736
8049.36, 2735
8052.87, 2734
8056.51, 2733
8062.53, 2732
8063.45, 2731
8064.37, 2730
8065.63, 2729
8071.48, 2728
8083.74, 2727
8094.02, 2726
8094.87, 2725
8096.29, 2724
8096.61, 2723
8097.47, 2722
8106.37, 2721
8111.37, 2720
8121.17, 2719
8131.89, 2718
8132.86, 2717
8133.71, 2716
8134.59, 2715
8135.45, 2714
8136.36, 2713
8147.29, 2712
8154.2, 2711
8161.79, 2710
8176.17, 2709
8178.54, 2708
8179.41, 2707
8184.19, 2706
8191.77, 2705
8191.91, 2704
8202.54, 2703
8212.25, 2702
8218.52, 2701
8221.27, 2700
8225.12, 2699
8230.88, 2698
8232.97, 2697
8240.67, 2696
8248.33, 2695
8257.32, 2694
8258.42, 2693
8261.43, 2692
8291.42, 2691
8296.02, 2690
8299.46, 2689
8301.83, 2688
8302.72, 2687
8303.58, 2686
8304.49, 2685
8315.66, 2684
8332.85, 2683
8342.62, 2682
8353.06, 2681
8359.84, 2680
8359.93, 2679
8359.95, 2678
8359.96, 2677
8359.98, 2676
8360.01, 2675
8360.69, 2674
8361.58, 2673
8373.25, 2672
8384.52, 2671
8390.5, 2670
8423.65, 2669
8424.43, 2668
8425.34, 2667
8426.29, 2666
8426.98, 2665
8427.83, 2664
8428.69, 2663
8436.95, 2662
8447.88, 2661
8452.27, 2660
8454.54, 2659
8455.49, 2658
8456.42, 2657
8457.34, 2656
8458.2, 2655
8511.75, 2654
8512.48, 2653
8512.88, 2652
8515.02, 2651
8515.1, 2650
8515.56, 2649
8517.74, 2648
8519.83, 2647
8554.41, 2646
8558.04, 2645
8559.96, 2644
8560.06, 2643
8560.9, 2642
8561.76, 2641
8562.63, 2640
8563.47, 2639
8569.53, 2638
8574.39, 2637
8576.88, 2636
8582.69, 2635
8582.97, 2634
8584.24, 2633
8603.27, 2632
8614.61, 2631
8614.65, 2630
8614.66, 2629
8616.5, 2628
8616.59, 2627
8618.11, 2626
8618.17, 2625
8619.91, 2624
8643.02, 2623
8644.3, 2622
8645.44, 2621
8647.02, 2620
8649.95, 2619
8650.04, 2618
8656.42, 2617
8660.57, 2616
8667.68, 2615
8667.73, 2614
8679.72, 2613
8688.0, 2612
8690.87, 2611
8694.4, 2610
8696.3, 2609
8699.63, 2608
8700.53, 2607
8701.39, 2606
8702.26, 2605
8703.89, 2604
8743.78, 2603
8744.11, 2602
8744.14, 2601
8744.16, 2600
8744.18, 2599
8744.19, 2598
8744.22, 2597
8754.48, 2596
8755.71, 2595
8763.53, 2594
8765.24, 2593
8769.86, 2592
8773.16, 2591
8781.14, 2590
8788.12, 2589
8813.03, 2588
8813.08, 2587
8824.61, 2586
8824.69, 2585
8824.95, 2584
8836.57, 2583
8843.75, 2582
8843.85, 2581
8865.81, 2580
8876.64, 2579
8882.81, 2578
8882.88, 2577
8883.49, 2576
8884.68, 2575
8886.87, 2574
8886.96, 2573
8895.11, 2572
8896.89, 2571
8915.41, 2570
8916.35, 2569
8929.62, 2568
8929.67, 2567
8933.98, 2566
8934.64, 2565
8952.85, 2564
8962.02, 2563
8965.15, 2562
8965.76, 2561
8966.67, 2560
8973.82, 2559
8977.72, 2558
8980.53, 2557
9000.21, 2556
9005.9, 2555
9005.95, 2554
9009.71, 2553
9011.45, 2552
9011.48, 2551
9027.55, 2550
9033.52, 2549
9067.48, 2548
9067.55, 2547
9067.57, 2546
9073.11, 2545
9074.0, 2544
9075.2, 2543
9075.87, 2542
9086.39, 2541
9089.32, 2540
9093.64, 2539
9098.86, 2538
9101.45, 2537
9118.53, 2536
9133.34, 2535
9133.55, 2534
9134.52, 2533
9138.85, 2532
9154.38, 2531
9154.42, 2530
9154.44, 2529
9154.45, 2528
9166.68, 2527
9167.55, 2526
9180.79, 2525
9212.58, 2524
9213.28, 2523
9237.99, 2522
9238.09, 2521
9238.11, 2520
9238.13, 2519
9238.14, 2518
9238.16, 2517
9238.17, 2516
9250.02, 2515
9250.05, 2514
9250.05, 2513
9279.36, 2512
9286.81, 2511
9299.08, 2510
9312.71, 2509
9324.26, 2508
9324.28, 2507
9330.11, 2506
9332.54, 2505
9333.43, 2504
9334.55, 2503
9335.9, 2502
9336.09, 2501
9336.98, 2500
9349.93, 2499
9350.51, 2498
9352.55, 2497
9353.0, 2496
9354.96, 2495
9373.53, 2494
9375.24, 2493
9377.71, 2492
9383.52, 2491
9385.46, 2490
9392.31, 2489
9404.39, 2488
9412.48, 2487
9413.41, 2486
9414.77, 2485
9421.19, 2484
9425.63, 2483
9437.56, 2482
9440.85, 2481
9442.59, 2480
9447.44, 2479
9449.87, 2478
9450.8, 2477
9456.57, 2476
9495.63, 2475
9495.73, 2474
9505.84, 2473
9541.12, 2472
9541.2, 2471
9541.21, 2470
9541.23, 2469
9541.24, 2468
9541.26, 2467
9541.27, 2466
9547.53, 2465
9548.34, 2464
9564.61, 2463
9571.0, 2462
9577.77, 2461
9583.48, 2460
9583.55, 2459
9584.37, 2458
9596.76, 2457
9598.36, 2456
9605.12, 2455
9623.62, 2454
9628.7, 2453
9663.14, 2452
9666.06, 2451
9675.86, 2450
9683.71, 2449
9685.62, 2448
9686.52, 2447
9687.4, 2446
9688.39, 2445
9690.02, 2444
9690.09, 2443
9702.69, 2442
9703.6, 2441
9704.46, 2440
9720.59, 2439
9729.55, 2438
9743.53, 2437
9797.01, 2436
9799.61, 2435
9803.03, 2434
9804.75, 2433
9810.2, 2432
9810.3, 2431
9810.32, 2430
9819.54, 2429
9822.8, 2428
9825.49, 2427
9834.18, 2426
9837.79, 2425
9840.45, 2424
9848.69, 2423
9887.17, 2422
9887.94, 2421
9889.36, 2420
9889.87, 2419
9890.51, 2418
9891.4, 2417
9892.22, 2416
9900.2, 2415
9908.76, 2414
9913.45, 2413
9925.68, 2412
9925.73, 2411
9925.74, 2410
9939.76, 2409
9947.8, 2408
9953.23, 2407
9953.64, 2406
9954.88, 2405
9965.76, 2404
9969.03, 2403
9976.19, 2402
9976.29, 2401
9977.19, 2400
9984.45, 2399
9994.79, 2398
9997.63, 2397
10002.26, 2396
10002.79, 2395
10003.63, 2394
10004.49, 2393
10017.56, 2392
10025.43, 2391
10025.48, 2390
10033.72, 2389
10051.38, 2388
10053.08, 2387
10054.0, 2386
10062.94, 2385
10063.02, 2384
10063.03, 2383
10072.19, 2382
10076.2, 2381
10080.58, 2380
10083.87, 2379
10094.63, 2378
10098.04, 2377
10161.91, 2376
10162.55, 2375
10163.41, 2374
10164.29, 2373
10165.46, 2372
10166.07, 2371
10166.91, 2370
10167.75, 2369
10183.39, 2368
10188.78, 2367
10236.39, 2366
10238.74, 2365
10239.68, 2364
10246.01, 2363
10246.06, 2362
10246.07, 2361
10246.07, 2360
10275.81, 2359
10283.33, 2358
10283.42, 2357
10283.44, 2356
10283.45, 2355
10288.11, 2354
10288.15, 2353
10296.74, 2352
10296.78, 2351
10301.38, 2350
10301.41, 2349
10301.42, 2348
10313.19, 2347
10313.22, 2346
10332.16, 2345
10343.52, 2344
10343.6, 2343
10348.46, 2342
10348.56, 2341
10351.57, 2340
10351.66, 2339
10351.69, 2338
10363.53, 2337
10363.69, 2336
10365.3, 2335
10387.9, 2334
10387.98, 2333
10387.99, 2332
10397.71, 2331
10412.88, 2330
10414.18, 2329
10414.83, 2328
10421.61, 2327
10422.16, 2326
10422.18, 2325
10422.19, 2324
10445.21, 2323
10446.32, 2322
10447.0, 2321
10450.24, 2320
10450.31, 2319
10455.17, 2318
10457.92, 2317
10459.76, 2316
10480.04, 2315
10480.91, 2314
10483.27, 2313
10486.3, 2312
10510.87, 2311
10511.62, 2310
10515.46, 2309
10515.51, 2308
10515.53, 2307
10515.54, 2306
10515.9, 2305
10523.06, 2304
10524.82, 2303
10525.85, 2302
10546.54, 2301
10546.58, 2300
10546.58, 2299
10550.43, 2298
10570.56, 2297
10570.58, 2296
10572.55, 2295
10573.54, 2294
10582.07, 2293
10591.41, 2292
10591.5, 2291
10591.52, 2290
10600.37, 2289
10618.08, 2288
10618.12, 2287
10618.14, 2286
10647.78, 2285
10648.0, 2284
10648.02, 2283
10667.19, 2282
10670.0, 2281
10690.36, 2280
10692.43, 2279
10692.74, 2278
10698.51, 2277
10699.07, 2276
10699.87, 2275
10749.19, 2274
10750.06, 2273
10750.91, 2272
10752.73, 2271
10752.76, 2270
10753.46, 2269
10754.33, 2268
10766.88, 2267
10766.99, 2266
10785.79, 2265
10798.68, 2264
10801.57, 2263
10816.88, 2262
10816.92, 2261
10833.93, 2260
10852.89, 2259
10859.31, 2258
10859.38, 2257
10859.4, 2256
10859.42, 2255
10859.43, 2254
10863.32, 2253
10864.32, 2252
10871.14, 2251
10886.52, 2250
10887.28, 2249
10893.53, 2248
10893.55, 2247
10893.56, 2246
10900.93, 2245
10919.15, 2244
10930.26, 2243
10931.13, 2242
10935.43, 2241
10938.5, 2240
10945.58, 2239
10946.82, 2238
10946.85, 2237
10953.64, 2236
10974.68, 2235
10980.41, 2234
10982.46, 2233
10982.5, 2232
10983.11, 2231
11004.26, 2230
11012.57, 2229
11016.19, 2228
11018.21, 2227
11019.12, 2226
11019.97, 2225
11020.83, 2224
11033.6, 2223
11054.35, 2222
11069.88, 2221
11069.98, 2220
11070.0, 2219
11077.59, 2218
11077.68, 2217
11077.7, 2216
11083.43, 2215
11084.0, 2214
11099.58, 2213
11100.49, 2212
11101.34, 2211
11113.24, 2210
11117.43, 2209
11153.71, 2208
11154.6, 2207
11156.76, 2206
11161.25, 2205
11162.2, 2204
11162.93, 2203
11163.78, 2202
11166.48, 2201
11169.09, 2200
11181.09, 2199
11181.99, 2198
11182.88, 2197
11184.69, 2196
11231.8, 2195
11231.85, 2194
11231.85, 2193
11238.22, 2192
11242.08, 2191
11245.03, 2190
11245.35, 2189
11246.24, 2188
11269.35, 2187
11289.54, 2186
11303.01, 2185
11306.12, 2184
11309.17, 2183
11311.09, 2182
11311.16, 2181
11311.75, 2180
11313.03, 2179
11318.9, 2178
11342.15, 2177
11342.24, 2176
11342.52, 2175
11344.91, 2174
11344.96, 2173
11345.23, 2172
11346.53, 2171
11369.78, 2170
11376.65, 2169
11383.37, 2168
11387.09, 2167
11387.98, 2166
11388.83, 2165
11389.68, 2164
11402.74, 2163
11404.36, 2162
11440.22, 2161
11441.04, 2160
11445.9, 2159
11462.94, 2158
11463.83, 2157
11464.7, 2156
11467.79, 2155
11472.51, 2154
11473.87, 2153
11497.42, 2152
11497.47, 2151
11497.48, 2150
11497.5, 2149
11509.56, 2148
11509.61, 2147
11536.79, 2146
11536.9, 2145
11537.76, 2144
11538.63, 2143
11539.51, 2142
11541.6, 2141
11550.59, 2140
11552.18, 2139
11554.69, 2138
11564.86, 2137
11568.93, 2136
11585.44, 2135
11606.07, 2134
11629.18, 2133
11629.22, 2132
11634.6, 2131
11636.5, 2130
11636.72, 2129
11645.08, 2128
11645.12, 2127
11645.13, 2126
11645.13, 2125
11671.04, 2124
11678.39, 2123
11681.5, 2122
11688.78, 2121
11689.54, 2120
11690.4, 2119
11691.26, 2118
11692.21, 2117
11704.87, 2116
11708.75, 2115
11708.79, 2114
11724.42, 2113
11725.22, 2112
11726.41, 2111
11771.4, 2110
11777.71, 2109
11777.94, 2108
11777.95, 2107
11777.97, 2106
11777.99, 2105
11778.0, 2104
11778.03, 2103
11782.05, 2102
11788.56, 2101
11817.43, 2100
11817.73, 2099
11818.6, 2098
11819.96, 2097
11836.34, 2096
11849.29, 2095
11849.39, 2094
11869.06, 2093
11880.55, 2092
11880.58, 2091
11880.59, 2090
11882.79, 2089
11890.77, 2088
11901.18, 2087
11915.2, 2086
11915.22, 2085
11915.23, 2084
11942.37, 2083
11942.48, 2082
11942.5, 2081
11953.94, 2080
11953.98, 2079
11954.0, 2078
11991.15, 2077
12001.38, 2076
12001.44, 2075
12001.46, 2074
12022.96, 2073
12023.04, 2072
12027.67, 2071
12028.15, 2070
12029.0, 2069
12029.92, 2068
12030.71, 2067
12031.57, 2066
12032.44, 2065
12039.84, 2064
12046.71, 2063
12049.16, 2062
12050.07, 2061
12062.96, 2060
12062.99, 2059
12064.44, 2058
12071.16, 2057
12082.23, 2056
12085.44, 2055
12085.96, 2054
12093.52, 2053
12094.62, 2052
12099.77, 2051
12110.96, 2050
12115.8, 2049
12116.49, 2048
12125.25, 2047
12128.39, 2046
12163.51, 2045
12166.93, 2044
12169.79, 2043
12175.07, 2042
12182.27, 2041
12183.87, 2040
12184.66, 2039
12194.22, 2038
12202.88, 2037
12206.42, 2036
12223.06, 2035
12233.59, 2034
12237.79, 2033
12237.93, 2032
12238.8, 2031
12260.57, 2030
12260.61, 2029
12260.62, 2028
12264.81, 2027
12274.89, 2026
12275.53, 2025
12286.44, 2024
12300.21, 2023
12304.42, 2022
12336.67, 2021
12348.66, 2020
12352.62, 2019
12352.65, 2018
12352.66, 2017
12352.66, 2016
12365.14, 2015
12377.13, 2014
12378.91, 2013
12378.94, 2012
12382.68, 2011
12383.84, 2010
12383.86, 2009
12383.87, 2008
12400.21, 2007
12401.63, 2006
12401.65, 2005
12421.23, 2004
12425.22, 2003
12429.38, 2002
12436.25, 2001
12437.17, 2000
12449.91, 1999
12456.92, 1998
12463.18, 1997
12470.47, 1996
12473.95, 1995
12484.5, 1994
12508.13, 1993
12508.35, 1992
12509.24, 1991
12510.2, 1990
12510.98, 1989
12525.0, 1988
12526.72, 1987
12530.73, 1986
12539.99, 1985
12541.33, 1984
12542.8, 1983
12544.89, 1982
12553.75, 1981
12563.38, 1980
12563.42, 1979
12596.3, 1978
12596.39, 1977
12601.58, 1976
12616.02, 1975
12616.07, 1974
12650.58, 1973
12650.67, 1972
12650.69, 1971
12650.71, 1970
12650.73, 1969
12653.47, 1968
12661.76, 1967
12694.02, 1966
12696.94, 1965
12696.96, 1964
12696.97, 1963
12697.41, 1962
12698.24, 1961
12702.2, 1960
12709.9, 1959
12726.61, 1958
12726.64, 1957
12759.11, 1956
12760.27, 1955
12775.74, 1954
12780.89, 1953
12824.93, 1952
12824.98, 1951
12824.98, 1950
12824.99, 1949
12838.28, 1948
12838.32, 1947
12849.77, 1946
12849.86, 1945
12849.88, 1944
12849.89, 1943
12866.21, 1942
12866.3, 1941
12866.31, 1940
12880.9, 1939
12880.95, 1938
12888.23, 1937
12897.0, 1936
12898.92, 1935
12913.35, 1934
12914.39, 1933
12927.61, 1932
12927.64, 1931
12931.53, 1930
12942.03, 1929
12960.71, 1928
12960.81, 1927
12960.83, 1926
12977.7, 1925
12977.76, 1924
12995.3, 1923
12995.38, 1922
13003.72, 1921
13004.59, 1920
13005.87, 1919
13006.39, 1918
13015.29, 1917
13018.85, 1916
13019.77, 1915
13020.66, 1914
13039.22, 1913
13040.04, 1912
13044.46, 1911
13048.42, 1910
13049.28, 1909
13061.72, 1908
13063.56, 1907
13066.5, 1906
13070.36, 1905
13070.38, 1904
13081.2, 1903
13108.37, 1902
13132.94, 1901
13137.41, 1900
13144.65, 1899
13148.26, 1898
13148.32, 1897
13166.95, 1896
13169.57, 1895
13176.94, 1894
13183.66, 1893
13183.76, 1892
13183.78, 1891
13213.72, 1890
13215.46, 1889
13225.37, 1888
13227.32, 1887
13227.38, 1886
13232.22, 1885
13232.26, 1884
13232.28, 1883
13232.3, 1882
13254.32, 1881
13266.46, 1880
13269.38, 1879
13280.15, 1878
13281.03, 1877
13291.44, 1876
13299.51, 1875
13315.05, 1874
13315.1, 1873
13334.82, 1872
13334.9, 1871
13341.94, 1870
13341.98, 1869
13348.55, 1868
13348.92, 1867
13368.91, 1866
13375.94, 1865
13397.11, 1864
13401.14, 1863
13403.45, 1862
13431.76, 1861
13435.48, 1860
13446.65, 1859
13454.28, 1858
13464.8, 1857
13466.72, 1856
13466.76, 1855
13487.01, 1854
13518.55, 1853
13518.57, 1852
13518.58, 1851
13518.58, 1850
13518.59, 1849
13529.67, 1848
13543.82, 1847
13543.86, 1846
13543.86, 1845
13567.92, 1844
13568.0, 1843
13568.02, 1842
13568.04, 1841
13581.17, 1840
13595.9, 1839
13600.77, 1838
13635.75, 1837
13636.64, 1836
13637.54, 1835
13640.83, 1834
13640.92, 1833
13640.94, 1832
13649.36, 1831
13667.35, 1830
13680.62, 1829
13682.72, 1828
13683.66, 1827
13684.58, 1826
13685.5, 1825
13690.78, 1824
13692.66, 1823
13700.36, 1822
13718.97, 1821
13751.03, 1820
13751.1, 1819
13759.88, 1818
13759.94, 1817
13759.94, 1816
13779.95, 1815
13780.86, 1814
13781.79, 1813
13784.96, 1812
13791.52, 1811
13803.26, 1810
13810.67, 1809
13827.69, 1808
13858.89, 1807
13858.94, 1806
13863.08, 1805
13863.11, 1804
13867.93, 1803
13870.12, 1802
13877.13, 1801
13887.05, 1800
13890.56, 1799
13898.34, 1798
13906.03, 1797
13916.73, 1796
13928.12, 1795
13928.17, 1794
13928.18, 1793
13958.32, 1792
13958.37, 1791
13967.21, 1790
13975.87, 1789
13976.59, 1788
13978.19, 1787
13985.37, 1786
13996.17, 1785
13999.2, 1784
14002.93, 1783
14005.67, 1782
14042.98, 1781
14043.04, 1780
14050.39, 1779
14059.37, 1778
14064.81, 1777
14067.78, 1776
14100.2, 1775
14115.53, 1774
14115.57, 1773
14117.98, 1772
14118.0, 1771
14135.9, 1770
14136.82, 1769
14180.06, 1768
14188.34, 1767
14188.38, 1766
14188.69, 1765
14194.89, 1764
14197.27, 1763
14202.36, 1762
14205.15, 1761
14207.74, 1760
14220.59, 1759
14233.7, 1758
14235.49, 1757
14254.71, 1756
14254.82, 1755
14255.98, 1754
14256.01, 1753
14263.95, 1752
14265.66, 1751
14271.29, 1750
14284.07, 1749
14286.88, 1748
14294.3, 1747
14295.06, 1746
14295.94, 1745
14314.61, 1744
14315.59, 1743
14318.71, 1742
14318.73, 1741
14366.39, 1740
14366.44, 1739
14395.57, 1738
14396.55, 1737
14397.42, 1736
14398.35, 1735
14399.27, 1734
14400.15, 1733
14406.58, 1732
14432.4, 1731
14438.43, 1730
14442.83, 1729
14448.02, 1728
14483.53, 1727
14483.57, 1726
14483.76, 1725
14485.12, 1724
14485.15, 1723
14485.16, 1722
14491.66, 1721
14491.74, 1720
14500.87, 1719
14519.16, 1718
14519.21, 1717
14533.07, 1716
14553.05, 1715
14553.06, 1714
14553.07, 1713
14566.73, 1712
14566.82, 1711
14569.5, 1710
14571.89, 1709
14581.47, 1708
14584.01, 1707
14591.43, 1706
14599.96, 1705
14606.36, 1704
14625.37, 1703
14625.43, 1702
14636.91, 1701
14645.59, 1700
14654.01, 1699
14654.52, 1698
14673.58, 1697
14673.62, 1696
14673.63, 1695
14702.56, 1694
14702.77, 1693
14717.54, 1692
14717.63, 1691
14720.81, 1690
14741.98, 1689
14748.69, 1688
14762.62, 1687
14769.34, 1686
14798.49, 1685
14804.64, 1684
14807.74, 1683
14809.49, 1682
14810.64, 1681
14838.73, 1680
14838.82, 1679
14838.84, 1678
14847.7, 1677
14853.9, 1676
14862.78, 1675
14884.04, 1674
14884.13, 1673
14888.83, 1672
14898.54, 1671
14901.25, 1670
14905.52, 1669
15108.61, 1668
15112.96, 1667
15113.04, 1666
15113.06, 1665
15113.07, 1664
15113.71, 1663
15114.47, 1662
15116.33, 1661
15133.72, 1660
15133.75, 1659
15134.12, 1658
15136.74, 1657
15146.28, 1656
15146.86, 1655
15165.68, 1654
15168.05, 1653
15168.09, 1652
15169.41, 1651
15170.94, 1650
15183.49, 1649
15183.53, 1648
15183.55, 1647
15188.07, 1646
15201.77, 1645
15204.26, 1644
15215.9, 1643
15223.18, 1642
15223.28, 1641
15223.29, 1640
15236.59, 1639
15258.16, 1638
15258.19, 1637
15263.81, 1636
15263.86, 1635
15277.75, 1634
15277.81, 1633
15288.77, 1632
15321.63, 1631
15329.41, 1630
15329.68, 1629
15351.76, 1628
15351.86, 1627
15351.88, 1626
15351.89, 1625
15351.91, 1624
15351.92, 1623
15351.94, 1622
15354.25, 1621
15370.73, 1620
15381.74, 1619
15381.77, 1618
15390.9, 1617
15399.08, 1616
15402.09, 1615
15402.14, 1614
15433.18, 1613
15459.82, 1612
15464.57, 1611
15475.8, 1610
15488.27, 1609
15488.31, 1608
15494.23, 1607
15495.46, 1606
15508.52, 1605
15557.37, 1604
15557.41, 1603
15557.42, 1602
15557.42, 1601
15557.43, 1600
15578.89, 1599
15578.94, 1598
15578.95, 1597
15578.97, 1596
15578.98, 1595
15579.0, 1594
15601.62, 1593
15601.72, 1592
15601.73, 1591
15601.75, 1590
15601.77, 1589
15615.85, 1588
15647.6, 1587
15648.34, 1586
15652.99, 1585
15654.09, 1584
15654.68, 1583
15659.45, 1582
15659.56, 1581
15669.4, 1580
15669.43, 1579
15698.13, 1578
15698.22, 1577
15703.93, 1576
15704.7, 1575
15705.43, 1574
15748.07, 1573
15748.21, 1572
15750.38, 1571
15752.62, 1570
15754.61, 1569
15755.42, 1568
15777.84, 1567
15780.44, 1566
15798.88, 1565
15806.03, 1564
15807.82, 1563
15813.89, 1562
15816.6, 1561
15822.76, 1560
15841.95, 1559
15849.14, 1558
15854.1, 1557
15867.98, 1556
15869.44, 1555
15882.02, 1554
15882.08, 1553
15882.99, 1552
15908.33, 1551
15910.71, 1550
15916.38, 1549
15928.76, 1548
15937.69, 1547
15951.44, 1546
15982.84, 1545
15991.73, 1544
15996.73, 1543
15998.88, 1542
16002.16, 1541
16002.82, 1540
16006.69, 1539
16006.75, 1538
16031.26, 1537
16032.42, 1536
16035.16, 1535
16051.02, 1534
16053.41, 1533
16055.36, 1532
16055.8, 1531
16056.52, 1530
16057.24, 1529
16059.53, 1528
16063.95, 1527
16070.32, 1526
16111.72, 1525
16114.25, 1524
16116.21, 1523
16116.98, 1522
16121.59, 1521
16129.96, 1520
16132.55, 1519
16141.24, 1518
16153.88, 1517
16153.96, 1516
16162.17, 1515
16171.14, 1514
16171.9, 1513
16182.96, 1512
16183.0, 1511
16198.28, 1510
16198.58, 1509
16198.96, 1508
16204.52, 1507
16222.8, 1506
16230.65, 1505
16233.29, 1504
16246.12, 1503
16269.46, 1502
16317.97, 1501
16319.87, 1500
16334.97, 1499
16343.83, 1498
16343.93, 1497
16352.09, 1496
16353.41, 1495
16373.51, 1494
16373.55, 1493
16373.57, 1492
16373.93, 1491
16382.2, 1490
16384.36, 1489
16388.4, 1488
16404.68, 1487
16417.09, 1486
16425.61, 1485
16425.67, 1484
16429.46, 1483
16436.58, 1482
16466.93, 1481
16503.32, 1480
16503.36, 1479
16503.38, 1478
16503.39, 1477
16510.8, 1476
16515.94, 1475
16536.7, 1474
16539.94, 1473
16542.51, 1472
16542.95, 1471
16556.07, 1470
16556.1, 1469
16564.65, 1468
16583.19, 1467
16586.21, 1466
16597.68, 1465
16600.39, 1464
16618.46, 1463
16618.51, 1462
16628.48, 1461
16630.93, 1460
16633.77, 1459
16647.97, 1458
16653.93, 1457
16691.35, 1456
16693.69, 1455
16696.03, 1454
16700.11, 1453
16701.96, 1452
16702.4, 1451
16703.16, 1450
16716.71, 1449
16716.77, 1448
16748.68, 1447
16751.87, 1446
16792.15, 1445
16793.93, 1444
16793.96, 1443
16793.97, 1442
16795.35, 1441
16802.18, 1440
16819.52, 1439
16842.02, 1438
16842.12, 1437
16842.14, 1436
16842.15, 1435
16842.17, 1434
16842.19, 1433
16858.76, 1432
16858.81, 1431
16881.99, 1430
16882.24, 1429
16882.27, 1428
16895.23, 1427
16897.87, 1426
16902.13, 1425
16912.81, 1424
16915.2, 1423
16921.16, 1422
16943.29, 1421
16943.33, 1420
16943.35, 1419
16943.39, 1418
16968.14, 1417
16975.24, 1416
16975.29, 1415
16975.29, 1414
16980.69, 1413
16985.15, 1412
17021.71, 1411
17021.75, 1410
17023.47, 1409
17024.52, 1408
17032.31, 1407
17036.67, 1406
17051.13, 1405
17071.07, 1404
17114.4, 1403
17133.92, 1402
17141.18, 1401
17141.22, 1400
17152.58, 1399
17163.38, 1398
17185.74, 1397
17204.63, 1396
17221.1, 1395
17229.3, 1394
17247.5, 1393
17247.54, 1392
17264.68, 1391
17271.37, 1390
17289.24, 1389
17294.99, 1388
17310.74, 1387
17312.17, 1386
17344.08, 1385
17345.6, 1384
17353.32, 1383
17354.17, 1382
17382.15, 1381
17388.16, 1380
17439.38, 1379
17440.17, 1378
17488.2, 1377
17491.68, 1376
17491.98, 1375
17492.0, 1374
17492.02, 1373
17501.05, 1372
17508.02, 1371
17517.14, 1370
17535.82, 1369
17536.96, 1368
17537.39, 1367
17554.6, 1366
17574.33, 1365
17574.35, 1364
17599.73, 1363
17599.89, 1362
17603.96, 1361
17631.89, 1360
17639.52, 1359
17650.53, 1358
17686.9, 1357
17696.44, 1356
17696.55, 1355
17711.08, 1354
17718.91, 1353
17735.65, 1352
17735.76, 1351
17735.78, 1350
17778.81, 1349
17778.84, 1348
17778.84, 1347
17778.85, 1346
17803.87, 1345
17812.46, 1344
17834.21, 1343
17855.0, 1342
17855.04, 1341
17862.84, 1340
17877.62, 1339
17878.17, 1338
17907.3, 1337
17911.33, 1336
17913.77, 1335
17946.07, 1334
17946.17, 1333
17946.19, 1332
17967.1, 1331
17967.35, 1330
17987.0, 1329
18000.98, 1328
18004.22, 1327
18009.5, 1326
18024.03, 1325
18033.43, 1324
18061.71, 1323
18063.3, 1322
18065.42, 1321
18102.23, 1320
18105.07, 1319
18114.08, 1318
18143.2, 1317
18146.01, 1316
18148.15, 1315
18193.26, 1314
18198.59, 1313
18199.67, 1312
18199.71, 1311
18204.62, 1310
18209.34, 1309
18237.51, 1308
18267.82, 1307
18275.01, 1306
18284.03, 1305
18387.17, 1304
18404.0, 1303
18413.31, 1302
18417.84, 1301
18434.02, 1300
18434.13, 1299
18436.78, 1298
18437.62, 1297
18439.47, 1296
18439.58, 1295
18449.39, 1294
18486.47, 1293
18492.51, 1292
18492.61, 1291
18492.64, 1290
18556.87, 1289
18556.98, 1288
18557.0, 1287
18583.08, 1286
18598.99, 1285
18602.53, 1284
18635.73, 1283
18638.68, 1282
18644.84, 1281
18686.67, 1280
18689.56, 1279
18715.48, 1278
18719.18, 1277
18729.17, 1276
18732.44, 1275
18742.58, 1274
18764.85, 1273
18778.5, 1272
18784.97, 1271
18807.42, 1270
18820.43, 1269
18838.94, 1268
18863.25, 1267
18867.68, 1266
18878.11, 1265
18892.58, 1264
18892.63, 1263
18894.48, 1262
18914.42, 1261
18918.53, 1260
18951.03, 1259
18951.39, 1258
18965.69, 1257
19003.53, 1256
19009.23, 1255
19009.28, 1254
19010.61, 1253
19039.63, 1252
19052.11, 1251
19086.16, 1250
19113.9, 1249
19117.12, 1248
19120.48, 1247
19123.06, 1246
19149.24, 1245
19150.96, 1244
19155.05, 1243
19159.2, 1242
19177.07, 1241
19191.09, 1240
19199.71, 1239
19199.74, 1238
19218.17, 1237
19260.95, 1236
19261.13, 1235
19261.17, 1234
19287.24, 1233
19326.13, 1232
19326.99, 1231
19331.91, 1230
19367.93, 1229
19375.69, 1228
19400.06, 1227
19403.08, 1226
19429.13, 1225
19437.37, 1224
19452.64, 1223
19456.7, 1222
19530.83, 1221
19532.46, 1220
19567.18, 1219
19570.51, 1218
19576.06, 1217
19586.26, 1216
19604.3, 1215
19617.72, 1214
19625.4, 1213
19625.44, 1212
19625.64, 1211
19638.52, 1210
19647.59, 1209
19652.62, 1208
19721.63, 1207
19733.76, 1206
19735.5, 1205
19735.84, 1204
19736.58, 1203
19755.11, 1202
19761.52, 1201
19763.22, 1200
19768.51, 1199
19797.17, 1198
19805.65, 1197
19826.74, 1196
19829.64, 1195
19839.03, 1194
19868.8, 1193
19881.29, 1192
19890.05, 1191
19891.09, 1190
19899.42, 1189
19922.47, 1188
19927.87, 1187
19937.46, 1186
19943.49, 1185
19946.96, 1184
20009.33, 1183
20009.4, 1182
20046.1, 1181
20101.1, 1180
20101.38, 1179
20101.42, 1178
20101.43, 1177
20126.08, 1176
20129.08, 1175
20136.45, 1174
20182.23, 1173
20182.32, 1172
20182.34, 1171
20195.58, 1170
20200.87, 1169
20209.81, 1168
20218.67, 1167
20225.48, 1166
20225.49, 1165
20251.7, 1164
20263.39, 1163
20263.45, 1162
20263.46, 1161
20294.95, 1160
20299.01, 1159
20304.38, 1158
20369.27, 1157
20376.17, 1156
20384.69, 1155
20398.8, 1154
20398.88, 1153
20398.9, 1152
20430.29, 1151
20456.22, 1150
20456.27, 1149
20470.62, 1148
20482.52, 1147
20482.57, 1146
20502.9, 1145
20512.32, 1144
20517.81, 1143
20528.93, 1142
20531.49, 1141
20533.78, 1140
20569.5, 1139
20569.6, 1138
20596.56, 1137
20626.85, 1136
20627.71, 1135
20634.23, 1134
20673.93, 1133
20675.33, 1132
20690.33, 1131
20693.24, 1130
20711.13, 1129
20712.62, 1128
20713.48, 1127
20723.06, 1126
20732.57, 1125
20767.16, 1124
20767.27, 1123
20770.02, 1122
20820.06, 1121
20820.25, 1120
20826.33, 1119
20832.3, 1118
20853.06, 1117
20853.1, 1116
20853.48, 1115
20854.12, 1114
20859.17, 1113
20870.03, 1112
20885.88, 1111
20936.71, 1110
20952.35, 1109
20979.07, 1108
20982.22, 1107
20994.59, 1106
21000.62, 1105
21043.25, 1104
21045.71, 1103
21048.56, 1102
21053.27, 1101
21062.19, 1100
21063.0, 1099
21063.73, 1098
21078.67, 1097
21078.72, 1096
21083.09, 1095
21130.33, 1094
21130.82, 1093
21130.85, 1092
21168.13, 1091
21170.56, 1090
21215.3, 1089
21235.31, 1088
21253.2, 1087
21264.3, 1086
21264.63, 1085
21275.43, 1084
21275.48, 1083
21281.13, 1082
21303.98, 1081
21312.42, 1080
21312.47, 1079
21312.48, 1078
21314.4, 1077
21333.67, 1076
21354.28, 1075
21375.75, 1074
21379.59, 1073
21414.66, 1072
21417.17, 1071
21419.92, 1070
21430.2, 1069
21432.55, 1068
21450.41, 1067
21471.1, 1066
21471.16, 1065
21479.11, 1064
21480.3, 1063
21481.07, 1062
21485.74, 1061
21510.76, 1060
21521.1, 1059
21574.22, 1058
21582.45, 1057
21587.32, 1056
21593.78, 1055
21598.6, 1054
21612.48, 1053
21615.89, 1052
21670.57, 1051
21681.47, 1050
21702.73, 1049
21703.44, 1048
21757.8, 1047
21762.74, 1046
21768.37, 1045
21779.65, 1044
21782.3, 1043
21786.6, 1042
21803.56, 1041
21810.86, 1040
21817.65, 1039
21834.12, 1038
21844.7, 1037
21872.9, 1036
21872.94, 1035
21873.79, 1034
21880.07, 1033
21884.2, 1032
21930.32, 1031
21936.97, 1030
21968.12, 1029
21971.63, 1028
21983.08, 1027
21999.27, 1026
21999.33, 1025
22004.68, 1024
22013.5, 1023
22017.23, 1022
22029.09, 1021
22048.52, 1020
22052.23, 1019
22053.48, 1018
22055.66, 1017
22088.4, 1016
22100.24, 1015
22100.29, 1014
22117.61, 1013
22117.66, 1012
22133.46, 1011
22148.0, 1010
22176.83, 1009
22181.74, 1008
22231.48, 1007
22231.53, 1006
22231.56, 1005
22235.04, 1004
22260.54, 1003
22265.08, 1002
22276.94, 1001
22282.72, 1000
22289.06, 999
22293.25, 998
22311.82, 997
22315.83, 996
22325.43, 995
22326.15, 994
22331.44, 993
22335.55, 992
22340.45, 991
22350.99, 990
22370.42, 989
22396.58, 988
22397.4, 987
22436.67, 986
22436.69, 985
22443.58, 984
22457.83, 983
22502.46, 982
22502.57, 981
22502.59, 980
22513.11, 979
22513.16, 978
22525.54, 977
22539.93, 976
22543.19, 975
22549.6, 974
22565.37, 973
22572.19, 972
22580.76, 971
22588.67, 970
22604.05, 969
22604.16, 968
22609.74, 967
22614.31, 966
22617.46, 965
22624.71, 964
22633.09, 963
22644.17, 962
22700.49, 961
22797.99, 960
22798.88, 959
22799.68, 958
22800.43, 957
22801.19, 956
22802.66, 955
22802.88, 954
22824.82, 953
22827.16, 952
22827.45, 951
22831.3, 950
22857.1, 949
22865.33, 948
22918.06, 947
22918.09, 946
22926.97, 945
22930.34, 944
22939.9, 943
22945.19, 942
22970.12, 941
22996.22, 940
23011.75, 939
23016.14, 938
23021.96, 937
23028.64, 936
23046.57, 935
23061.84, 934
23094.05, 933
23095.72, 932
23096.85, 931
23097.77, 930
23108.6, 929
23129.09, 928
23134.36, 927
23156.79, 926
23173.63, 925
23190.68, 924
23202.41, 923
23212.76, 922
23213.82, 921
23233.71, 920
23240.73, 919
23250.57, 918
23259.38, 917
23271.86, 916
23277.44, 915
23307.25, 914
23328.88, 913
23333.98, 912
23351.74, 911
23397.95, 910
23397.98, 909
23447.09, 908
23456.33, 907
23490.51, 906
23495.05, 905
23523.58, 904
23524.14, 903
23524.16, 902
23548.02, 901
23584.35, 900
23584.39, 899
23596.24, 898
23600.04, 897
23600.07, 896
23600.08, 895
23618.91, 894
23652.61, 893
23652.88, 892
23653.76, 891
23660.93, 890
23664.75, 889
23677.98, 888
23688.89, 887
23703.65, 886
23715.37, 885
23721.24, 884
23733.4, 883
23739.77, 882
23755.07, 881
23763.79, 880
23770.44, 879
23778.29, 878
23787.76, 877
23799.3, 876
23812.89, 875
23816.48, 874
23821.75, 873
23836.48, 872
23842.27, 871
23848.36, 870
23878.99, 869
23879.52, 868
23880.28, 867
23915.4, 866
23982.16, 865
23983.61, 864
24022.13, 863
24022.93, 862
24030.45, 861
24037.72, 860
24062.65, 859
24062.9, 858
24067.1, 857
24076.79, 856
24079.51, 855
24094.08, 854
24094.15, 853
24117.79, 852
24120.2, 851
24135.39, 850
24148.21, 849
24150.3, 848
24161.68, 847
24169.54, 846
24189.49, 845
24189.54, 844
24189.55, 843
24195.72, 842
24218.36, 841
24234.13, 840
24236.26, 839
24252.5, 838
24281.23, 837
24283.0, 836
24299.63, 835
24313.86, 834
24319.52, 833
24320.28, 832
24321.02, 831
24329.15, 830
24334.29, 829
24340.04, 828
24345.64, 827
24355.8, 826
24360.22, 825
24366.48, 824
24380.6, 823
24382.15, 822
24387.54, 821
24432.53, 820
24454.61, 819
24457.08, 818
24462.43, 817
24468.47, 816
24475.03, 815
24481.93, 814
24502.69, 813
24524.69, 812
24538.0, 811
24538.07, 810
24542.99, 809
24546.86, 808
24554.46, 807
24561.82, 806
24578.57, 805
24586.28, 804
24596.81, 803
24605.28, 802
24614.58, 801
24630.62, 800
24645.46, 799
24664.69, 798
24686.06, 797
24695.48, 796
24703.49, 795
24711.44, 794
24733.47, 793
24733.56, 792
24747.27, 791
24769.72, 790
24769.82, 789
24769.84, 788
24776.72, 787
24782.64, 786
24797.5, 785
24829.56, 784
24829.61, 783
24846.58, 782
24862.94, 781
24863.7, 780
24872.49, 779
24885.09, 778
24887.69, 777
24937.28, 776
24937.33, 775
24937.34, 774
24937.34, 773
24954.92, 772
24955.24, 771
24973.26, 770
24973.28, 769
25001.4, 768
25001.45, 767
25020.16, 766
25021.61, 765
25047.17, 764
25072.91, 763
25079.91, 762
25079.96, 761
25080.77, 760
25081.55, 759
25083.36, 758
25096.89, 757
25103.62, 756
25110.01, 755
25117.04, 754
25126.64, 753
25157.82, 752
25187.37, 751
25187.46, 750
25192.8, 749
25200.66, 748
25211.77, 747
25216.04, 746
25236.21, 745
25244.13, 744
25252.23, 743
25272.33, 742
25282.69, 741
25289.15, 740
25300.22, 739
25305.64, 738
25313.48, 737
25364.82, 736
25366.97, 735
25374.81, 734
25415.91, 733
25422.3, 732
25431.71, 731
25434.24, 730
25436.43, 729
25450.09, 728
25469.44, 727
25475.75, 726
25487.88, 725
25496.57, 724
25504.6, 723
25511.45, 722
25530.21, 721
25556.11, 720
25585.99, 719
25604.71, 718
25607.05, 717
25607.07, 716
25607.09, 715
25607.1, 714
25644.51, 713
25647.47, 712
25650.46, 711
25659.48, 710
25664.15, 709
25669.7, 708
25693.1, 707
25704.17, 706
25712.8, 705
25716.97, 704
25733.62, 703
25745.78, 702
25747.49, 701
25751.55, 700
25756.81, 699
25773.11, 698
25782.25, 697
25787.7, 696
25803.26, 695
25815.28, 694
25818.37, 693
25875.95, 692
25880.43, 691
25897.3, 690
25904.03, 689
25909.1, 688
25933.34, 687
25945.36, 686
25975.58, 685
25987.89, 684
25987.92, 683
25993.31, 682
26006.34, 681
26014.7, 680
26014.79, 679
26018.15, 678
26031.42, 677
26034.85, 676
26051.4, 675
26057.61, 674
26057.69, 673
26058.23, 672
26083.49, 671
26096.93, 670
26102.07, 669
26119.85, 668
26138.24, 667
26138.29, 666
26156.64, 665
26160.74, 664
26164.75, 663
26171.61, 662
26178.1, 661
26187.62, 660
26202.81, 659
26220.58, 658
26220.66, 657
26226.36, 656
26262.55, 655
26271.56, 654
26271.62, 653
26281.16, 652
26291.52, 651
26310.28, 650
26322.02, 649
26326.1, 648
26342.68, 647
26370.21, 646
26373.89, 645
26383.67, 644
26395.84, 643
26432.85, 642
26435.39, 641
26454.11, 640
26484.1, 639
26488.78, 638
26501.22, 637
26510.65, 636
26551.14, 635
26560.71, 634
26560.81, 633
26586.1, 632
26599.51, 631
26619.07, 630
26633.3, 629
26644.91, 628
26648.69, 627
26661.87, 626
26678.2, 625
26680.89, 624
26702.5, 623
26713.18, 622
26716.33, 621
26736.88, 620
26759.53, 619
26759.56, 618
26760.09, 617
26784.26, 616
26798.65, 615
26799.74, 614
26811.18, 613
26820.22, 612
26859.93, 611
26870.82, 610
26896.64, 609
26900.11, 608
26914.57, 607
26931.27, 606
26931.32, 605
26951.4, 604
26963.38, 603
26970.13, 602
26984.59, 601
26985.38, 600
26997.17, 599
27014.34, 598
27026.71, 597
27035.48, 596
27039.09, 595
27049.54, 594
27059.41, 593
27080.47, 592
27086.42, 591
27100.74, 590
27133.36, 589
27136.07, 588
27159.63, 587
27160.8, 586
27171.36, 585
27178.02, 584
27187.7, 583
27209.96, 582
27223.79, 581
27232.22, 580
27249.45, 579
27276.19, 578
27285.0, 577
27294.9, 576
27320.27, 575
27339.52, 574
27339.64, 573
27362.88, 572
27362.9, 571
27382.06, 570
27389.23, 569
27394.7, 568
27414.91, 567
27425.15, 566
27455.71, 565
27455.88, 564
27465.21, 563
27503.61, 562
27503.65, 561
27516.33, 560
27517.14, 559
27532.51, 558
27535.69, 557
27543.2, 556
27562.25, 555
27588.22, 554
27600.74, 553
27614.36, 552
27626.95, 551
27653.99, 550
27663.84, 549
27672.86, 548
27684.11, 547
27694.95, 546
27721.55, 545
27728.74, 544
27740.04, 543
27750.37, 542
27759.54, 541
27771.22, 540
27810.09, 539
27810.14, 538
27811.52, 537
27818.5, 536
27831.4, 535
27842.96, 534
27863.69, 533
27880.43, 532
27916.22, 531
27919.82, 530
27949.06, 529
27966.2, 528
27967.92, 527
27979.86, 526
27988.58, 525
28021.73, 524
28021.86, 523
28025.2, 522
28045.9, 521
28063.56, 520
28074.95, 519
28076.92, 518
28112.62, 517
28115.93, 516
28143.83, 515
28154.4, 514
28174.11, 513
28178.75, 512
28190.25, 511
28197.71, 510
28204.29, 509
28212.14, 508
28222.33, 507
28228.72, 506
28237.57, 505
28245.41, 504
28257.49, 503
28266.28, 502
28276.73, 501
28284.61, 500
28296.34, 499
28299.64, 498
28337.99, 497
28353.34, 496
28369.97, 495
28375.42, 494
28384.57, 493
28398.88, 492
28407.7, 491
28423.57, 490
28454.17, 489
28477.88, 488
28486.34, 487
28494.44, 486
28514.78, 485
28518.77, 484
28528.08, 483
28539.46, 482
28545.83, 481
28552.77, 480
28562.12, 479
28576.5, 478
28590.77, 477
28597.23, 476
28605.27, 475
28617.5, 474
28630.15, 473
28637.91, 472
28646.26, 471
28661.5, 470
28663.22, 469
28686.39, 468
28694.55, 467
28699.8, 466
28716.09, 465
28720.42, 464
28733.79, 463
28742.27, 462
28754.77, 461
28761.41, 460
28768.6, 459
28775.74, 458
28786.21, 457
28810.99, 456
28821.7, 455
28831.32, 454
28835.23, 453
28860.06, 452
28866.66, 451
28873.08, 450
28883.29, 449
28895.41, 448
28908.82, 447
28909.51, 446
28918.48, 445
28930.1, 444
28939.23, 443
28961.42, 442
28970.96, 441
28983.81, 440
28998.92, 439
29014.89, 438
29030.3, 437
29037.74, 436
29049.12, 435
29055.59, 434
29068.88, 433
29085.83, 432
29104.03, 431
29107.61, 430
29127.51, 429
29151.4, 428
29154.83, 427
29170.25, 426
29171.08, 425
29181.13, 424
29186.96, 423
29200.52, 422
29207.38, 421
29219.83, 420
29229.28, 419
29236.78, 418
29257.99, 417
29268.53, 416
29278.49, 415
29285.57, 414
29295.62, 413
29316.95, 412
29333.36, 411
29348.23, 410
29364.24, 409
29379.27, 408
29386.91, 407
29404.38, 406
29420.01, 405
29427.31, 404
29444.19, 403
29451.53, 402
29464.06, 401
29490.57, 400
29496.52, 399
29505.25, 398
29516.79, 397
29526.6, 396
29534.05, 395
29552.72, 394
29565.81, 393
29587.74, 392
29603.69, 391
29616.38, 390
29645.68, 389
29659.37, 388
29667.66, 387
29678.01, 386
29691.3, 385
29699.58, 384
29710.95, 383
29720.88, 382
29729.41, 381
29745.21, 380
29750.63, 379
29764.89, 378
29776.97, 377
29794.67, 376
29803.66, 375
29823.62, 374
29835.41, 373
29848.99, 372
29867.11, 371
29875.85, 370
29881.64, 369
29892.61, 368
29901.5, 367
29911.98, 366
29920.21, 365
29937.65, 364
29953.56, 363
29965.98, 362
29970.87, 361
29983.42, 360
29997.6, 359
30015.8, 358
30026.64, 357
30035.03, 356
30049.14, 355
30066.1, 354
30082.51, 353
30099.72, 352
30124.08, 351
30125.22, 350
30131.65, 349
30143.09, 348
30148.54, 347
30160.87, 346
30170.21, 345
30194.8, 344
30207.26, 343
30228.87, 342
30237.92, 341
30252.92, 340
30257.75, 339
30269.62, 338
30278.92, 337
30296.04, 336
30310.64, 335
30314.64, 334
30326.33, 333
30338.87, 332
30354.34, 331
30360.41, 330
30369.85, 329
30380.28, 328
30412.63, 327
30424.42, 326
30437.39, 325
30452.31, 324
30466.22, 323
30475.93, 322
30492.14, 321
30504.79, 320
30514.57, 319
30542.34, 318
30553.63, 317
30562.48, 316
30576.84, 315
30599.68, 314
30613.22, 313
30620.59, 312
30627.27, 311
30640.47, 310
30658.46, 309
30670.49, 308
30687.36, 307
30699.63, 306
30703.69, 305
30720.84, 304
30753.12, 303
30767.21, 302
30786.53, 301
30787.3, 300
30798.08, 299
30814.64, 298
30830.87, 297
30843.62, 296
30856.56, 295
30868.34, 294
30874.03, 293
30887.25, 292
30912.76, 291
30929.67, 290
30932.26, 289
30943.98, 288
30957.65, 287
30976.57, 286
30985.74, 285
30999.56, 284
31016.91, 283
31025.98, 282
31036.7, 281
31053.54, 280
31064.57, 279
31078.33, 278
31090.89, 277
31117.33, 276
31134.87, 275
31146.0, 274
31155.57, 273
31171.67, 272
31187.9, 271
31201.94, 270
31220.38, 269
31237.87, 268
31258.45, 267
31270.13, 266
31287.49, 265
31300.55, 264
31315.39, 263
31324.25, 262
31333.79, 261
31345.49, 260
31360.56, 259
31373.15, 258
31385.63, 257
31416.29, 256
31426.52, 255
31446.73, 254
31462.15, 253
31553.29, 252
31554.1, 251
31554.92, 250
31555.68, 249
31556.42, 248
31566.29, 247
31573.98, 246
31597.86, 245
31606.25, 244
31613.76, 243
31625.08, 242
31632.89, 241
31671.75, 240
31725.8, 239
31736.49, 238
31745.96, 237
31764.23, 236
31773.73, 235
31782.84, 234
31797.46, 233
31834.96, 232
31839.31, 231
31854.03, 230
31874.69, 229
31885.54, 228
31897.91, 227
31904.22, 226
31916.49, 225
31940.07, 224
31950.1, 223
31962.01, 222
31978.02, 221
31995.5, 220
32016.63, 219
32028.96, 218
32049.06, 217
32071.49, 216
32085.37, 215
32125.67, 214
32138.76, 213
32171.65, 212
32183.61, 211
32191.79, 210
32203.59, 209
32212.56, 208
32223.51, 207
32232.66, 206
32255.01, 205
32272.33, 204
32282.42, 203
32302.34, 202
32311.56, 201
32326.98, 200
32336.04, 199
32345.66, 198
32366.36, 197
32382.95, 196
32388.62, 195
32410.42, 194
32424.91, 193
32438.52, 192
32450.25, 191
32462.49, 190
32477.15, 189
32489.04, 188
32505.2, 187
32521.73, 186
32532.28, 185
32544.96, 184
32553.48, 183
32562.62, 182
32576.22, 181
32594.13, 180
32605.82, 179
32619.88, 178
32644.78, 177
32655.36, 176
32665.92, 175
32684.24, 174
32703.34, 173
32715.76, 172
32738.57, 171
32753.44, 170
32772.56, 169
32787.85, 168
32800.36, 167
32816.05, 166
32831.51, 165
32849.11, 164
32865.28, 163
32885.26, 162
32913.86, 161
32925.33, 160
32940.61, 159
32959.83, 158
32974.26, 157
32998.05, 156
33014.46, 155
33034.52, 154
33048.59, 153
33063.12, 152
33080.8, 151
33106.1, 150
33120.19, 149
33131.92, 148
33166.33, 147
33179.66, 146
33208.1, 145
33219.53, 144
33238.7, 143
33252.85, 142
33264.6, 141
33282.5, 140
33305.07, 139
33315.71, 138
33331.63, 137
33346.7, 136
33371.29, 135
33384.67, 134
33407.12, 133
33414.6, 132
33428.33, 131
33449.45, 130
33460.22, 129
33473.05, 128
33498.31, 127
33507.41, 126
33530.16, 125
33552.25, 124
33571.74, 123
33581.96, 122
33605.21, 121
33616.17, 120
33630.75, 119
33646.95, 118
33655.12, 117
33676.73, 116
33688.64, 115
33709.28, 114
33730.05, 113
33744.85, 112
33757.4, 111
33771.82, 110
33785.12, 109
33797.45, 108
33818.37, 107
33829.6, 106
33849.48, 105
33861.36, 104
33877.09, 103
33888.56, 102
33905.3, 101
33918.28, 100
33932.5, 99
33959.56, 98
33973.84, 97
34001.63, 96
34014.51, 95
34030.77, 94
34051.24, 93
34064.94, 92
34080.7, 91
34089.0, 90
34103.5, 89
34129.61, 88
34143.49, 87
34171.89, 86
34182.42, 85
34205.36, 84
34218.64, 83
34249.24, 82
34271.91, 81
34286.76, 80
34299.34, 79
34321.16, 78
34344.06, 77
34365.77, 76
34390.56, 75
34405.69, 74
34435.2, 73
34449.51, 72
34464.03, 71
34476.15, 70
34514.17, 69
34545.69, 68
34561.61, 67
34572.28, 66
34587.93, 65
34615.65, 64
34631.74, 63
34650.89, 62
34666.6, 61
34688.57, 60
34703.22, 59
34716.75, 58
34733.94, 57
34767.54, 56
34790.71, 55
34813.98, 54
34834.36, 53
