2186.75, 4122
2190.83, 4057
2194.34, 4056
2196.67, 4055
2197.64, 4011
2198.51, 4010
2199.42, 4009
2200.47, 4008
2217.59, 4007
2295.51, 4006
2301.72, 3969
2306.05, 3967
2308.32, 3966
2309.25, 3965
2310.16, 3964
2311.02, 3963
2311.89, 3962
2312.78, 3961
2317.65, 3950
2320.75, 3948
2323.91, 3947
2328.09, 3946
2330.73, 3945
2331.13, 3944
2331.2, 3943
2345.03, 3910
2367.81, 3907
2367.91, 3906
2373.5, 3905
2391.17, 3904
2400.92, 3903
2406.8, 3902
2410.05, 3901
2411.11, 3900
2411.99, 3899
2412.9, 3871
2417.52, 3868
2418.44, 3867
2430.72, 3866
2438.81, 3865
2439.73, 3864
2440.64, 3863
2441.56, 3862
2442.44, 3861
2443.39, 3860
2456.09, 3838
2466.35, 3835
2467.21, 3834
2468.27, 3833
2477.02, 3832
2480.75, 3831
2485.89, 3830
2489.31, 3829
2498.96, 3828
2510.41, 3827
2517.26, 3799
2518.55, 3796
2525.48, 3795
2527.36, 3794
2530.46, 3793
2533.52, 3792
2536.11, 3791
2538.62, 3790
2543.31, 3789
2550.39, 3788
2564.41, 3787
2585.97, 3780
2590.87, 3776
2594.88, 3775
2600.24, 3774
2602.59, 3773
2604.49, 3772
2605.01, 3771
2605.78, 3770
2606.89, 3769
2607.0, 3768
2611.59, 3767
2614.77, 3766
2618.11, 3765
2623.0, 3743
2625.64, 3739
2627.99, 3738
2628.93, 3737
2631.74, 3736
2633.18, 3735
2639.9, 3734
2640.02, 3733
2646.33, 3732
2649.09, 3731
2650.01, 3730
2657.88, 3729
2660.16, 3728
2670.16, 3727
2683.59, 3726
2686.24, 3724
2687.15, 3719
2688.99, 3718
2690.46, 3717
2691.53, 3716
2702.84, 3715
2705.49, 3714
2707.49, 3713
2711.69, 3712
2724.62, 3711
2731.94, 3710
2744.23, 3709
2760.46, 3708
2763.02, 3707
2765.92, 3706
2769.31, 3705
2770.17, 3689
2773.82, 3684
2776.72, 3683
2779.7, 3682
2782.31, 3681
2783.31, 3680
2784.2, 3679
2793.2, 3678
2794.12, 3677
2794.99, 3676
2795.85, 3675
2796.75, 3674
2818.12, 3673
2819.12, 3672
2820.04, 3671
2821.02, 3670
2821.77, 3669
2822.65, 3668
2825.25, 3667
2840.27, 3666
2847.21, 3665
2860.94, 3664
2863.75, 3663
2866.61, 3662
2868.98, 3660
2869.95, 3659
2876.23, 3658
2879.49, 3657
2882.1, 3656
2892.27, 3655
2898.4, 3654
2904.15, 3653
2908.19, 3652
2909.18, 3651
2910.1, 3650
2910.98, 3649
2911.85, 3648
2912.71, 3647
2913.56, 3637
2914.42, 3631
2917.4, 3630
2924.95, 3629
2928.02, 3627
2930.54, 3626
2934.13, 3625
2938.55, 3624
2938.67, 3623
2938.69, 3622
2938.69, 3621
2938.71, 3620
2944.22, 3619
2946.87, 3618
2948.76, 3617
2949.17, 3616
2952.8, 3615
2953.84, 3614
2958.52, 3613
2959.46, 3612
2963.27, 3611
2966.28, 3610
2969.24, 3609
2972.21, 3608
2972.82, 3607
2974.0, 3606
2977.03, 3605
2983.13, 3604
2985.23, 3603
2988.82, 3602
2989.82, 3601
2992.81, 3600
2997.48, 3599
3000.15, 3598
3004.24, 3597
3005.13, 3596
3006.01, 3595
3007.65, 3594
3010.24, 3593
3014.87, 3592
3017.89, 3591
3021.74, 3587
3029.35, 3580
3033.02, 3579
3047.13, 3578
3067.59, 3575
3084.11, 3574
3091.86, 3573
3094.93, 3572
3097.59, 3571
3101.19, 3570
3102.15, 3569
3103.02, 3568
3121.55, 3567
3125.34, 3566
3128.23, 3565
3132.58, 3564
3133.49, 3563
3134.43, 3562
3135.33, 3561
3148.36, 3560
3169.53, 3559
3177.01, 3558
3178.11, 3557
3179.04, 3556
3180.54, 3555
3180.76, 3554
3181.71, 3553
3182.7, 3552
3188.7, 3551
3203.78, 3550
3204.66, 3549
3218.42, 3548
3233.02, 3547
3233.97, 3546
3234.82, 3545
3236.65, 3544
3236.69, 3543
3249.74, 3542
3250.68, 3541
3261.52, 3540
3264.11, 3539
3267.24, 3538
3274.03, 3537
3274.97, 3536
3275.93, 3535
3276.82, 3534
3277.68, 3533
3278.55, 3532
3288.16, 3531
3291.0, 3530
3294.83, 3529
3302.3, 3528
3312.6, 3524
3318.34, 3517
3327.04, 3516
3333.55, 3515
3350.07, 3512
3350.91, 3511
3357.3, 3510
3358.17, 3509
3359.19, 3508
3359.96, 3507
3368.32, 3506
3368.44, 3505
3368.82, 3504
3369.87, 3503
3376.69, 3502
3377.48, 3501
3378.42, 3500
3381.79, 3499
3383.19, 3498
3388.12, 3497
3394.77, 3496
3398.01, 3495
3408.97, 3494
3409.89, 3493
3410.76, 3492
3411.63, 3491
3412.5, 3490
3413.38, 3489
3414.23, 3488
3426.8, 3487
3438.76, 3486
3439.61, 3485
3447.76, 3484
3456.41, 3483
3460.21, 3482
3461.02, 3481
3477.77, 3480
3488.77, 3479
3493.24, 3478
3496.75, 3477
3499.21, 3476
3500.06, 3475
3500.97, 3474
3501.86, 3473
3507.77, 3472
3508.57, 3471
3510.25, 3470
3517.19, 3469
3523.45, 3468
3526.43, 3467
3527.36, 3466
3528.27, 3465
3529.13, 3464
3530.03, 3463
3530.93, 3462
3539.9, 3461
3541.27, 3457
3542.16, 3450
3565.3, 3449
3576.49, 3448
3579.33, 3445
3581.83, 3444
3585.44, 3443
3592.68, 3442
3592.72, 3441
3595.03, 3440
3595.85, 3439
3596.75, 3438
3597.61, 3437
3606.02, 3436
3609.63, 3435
3612.33, 3434
3622.04, 3433
3628.24, 3432
3637.82, 3431
3638.43, 3430
3639.22, 3429
3640.15, 3428
3641.08, 3427
3641.98, 3426
3645.6, 3425
3648.24, 3424
3650.99, 3423
3654.65, 3422
3658.25, 3421
3658.99, 3420
3664.51, 3419
3668.77, 3418
3673.01, 3417
3675.58, 3416
3682.99, 3415
3688.5, 3414
3688.59, 3413
3688.67, 3412
3689.52, 3411
3693.11, 3410
3724.91, 3409
3730.78, 3408
3731.67, 3407
3735.14, 3406
3743.1, 3405
3743.97, 3404
3744.84, 3403
3745.72, 3402
3760.74, 3401
3776.1, 3400
3782.04, 3399
3790.58, 3398
3793.52, 3397
3794.45, 3396
3795.32, 3395
3796.19, 3394
3797.06, 3393
3799.87, 3392
3803.76, 3391
3824.74, 3390
3832.04, 3389
3841.96, 3388
3844.6, 3387
3847.22, 3386
3857.34, 3385
3858.27, 3384
3859.15, 3383
3860.08, 3382
3860.96, 3381
3861.83, 3380
3862.79, 3379
3874.18, 3378
3878.22, 3377
3879.18, 3376
3880.22, 3375
3881.12, 3374
3889.6, 3373
3893.64, 3372
3896.71, 3371
3899.5, 3370
3900.44, 3369
3901.34, 3368
3902.32, 3367
3903.09, 3366
3916.63, 3365
3917.41, 3364
3918.27, 3363
3920.16, 3362
3920.24, 3361
3920.81, 3360
3921.69, 3359
3926.19, 3358
3927.07, 3357
3934.88, 3356
3937.89, 3355
3942.23, 3354
3942.27, 3353
3943.09, 3352
3943.94, 3351
3949.04, 3350
3950.07, 3349
3960.31, 3348
3978.33, 3347
3989.98, 3346
3990.93, 3345
3995.04, 3344
3998.19, 3343
4001.77, 3342
4007.74, 3341
4008.89, 3340
4019.58, 3339
4026.95, 3338
4032.02, 3337
4034.63, 3336
4035.53, 3335
4036.39, 3334
4044.46, 3333
4057.92, 3332
4064.95, 3331
4066.47, 3330
4077.14, 3329
4084.81, 3328
4091.77, 3327
4107.14, 3326
4108.07, 3325
4109.15, 3324
4109.86, 3323
4116.05, 3322
4117.46, 3321
4117.85, 3320
4132.2, 3319
4137.77, 3318
4138.65, 3317
4143.15, 3316
4153.86, 3315
4166.7, 3314
4173.08, 3313
4174.84, 3312
4186.12, 3311
4189.45, 3310
4191.98, 3309
4193.57, 3308
4196.87, 3307
4199.53, 3306
4202.32, 3305
4204.05, 3304
4205.01, 3303
4205.87, 3302
4209.29, 3301
4210.17, 3300
4213.37, 3299
4215.15, 3298
4221.94, 3297
4224.73, 3296
4227.26, 3295
4229.52, 3294
4230.45, 3293
4235.29, 3292
4236.27, 3291
4267.66, 3290
4281.99, 3289
4283.38, 3288
4284.34, 3287
4295.57, 3286
4299.16, 3285
4306.82, 3284
4309.7, 3283
4310.57, 3282
4311.45, 3281
4312.33, 3280
4319.21, 3279
4345.01, 3278
4350.97, 3277
4351.94, 3276
4352.83, 3275
4360.87, 3274
4361.77, 3273
4362.62, 3272
4365.17, 3271
4366.3, 3270
4370.88, 3269
4371.95, 3268
4377.16, 3267
4380.19, 3266
4394.14, 3265
4395.0, 3264
4395.89, 3263
4396.76, 3262
4397.62, 3261
4398.49, 3260
4399.36, 3259
4400.29, 3258
4408.29, 3257
4408.94, 3256
4409.66, 3255
4410.53, 3254
4419.12, 3253
4420.9, 3252
4420.93, 3251
4427.04, 3250
4429.65, 3249
4432.97, 3248
4433.87, 3247
4444.15, 3246
4448.66, 3245
4452.27, 3244
4456.22, 3243
4470.22, 3242
4476.62, 3241
4485.73, 3240
4509.26, 3239
4509.95, 3238
4510.94, 3237
4511.89, 3236
4512.75, 3235
4513.67, 3234
4514.58, 3233
4516.71, 3232
4527.0, 3231
4531.47, 3230
4535.39, 3229
4540.57, 3228
4543.74, 3227
4544.56, 3226
4545.42, 3225
4546.3, 3224
4552.0, 3223
4557.88, 3222
4561.83, 3221
4566.18, 3220
4567.12, 3219
4568.05, 3218
4569.01, 3217
4569.93, 3216
4572.62, 3215
4576.85, 3214
4581.63, 3213
4584.56, 3212
4589.26, 3211
4615.15, 3210
4618.5, 3209
4625.76, 3208
4626.45, 3207
4631.95, 3206
4633.22, 3205
4644.75, 3204
4647.58, 3203
4650.58, 3202
4653.2, 3201
4655.7, 3200
4680.74, 3199
4691.91, 3198
4695.57, 3197
4697.82, 3196
4698.73, 3195
4699.61, 3194
4700.52, 3193
4701.42, 3192
4702.33, 3191
4707.95, 3190
4710.56, 3189
4715.29, 3188
4718.27, 3187
4736.33, 3186
4759.23, 3185
4761.4, 3184
4764.13, 3183
4767.76, 3182
4768.54, 3181
4776.48, 3180
4779.26, 3179
4781.84, 3178
4788.17, 3177
4789.15, 3176
4790.02, 3175
4790.9, 3174
4791.8, 3173
4792.77, 3172
4799.1, 3171
4800.07, 3170
4800.98, 3169
4804.31, 3168
4811.93, 3167
4815.0, 3166
4817.51, 3165
4818.43, 3164
4818.71, 3163
4819.62, 3162
4822.09, 3161
4825.15, 3160
4828.91, 3159
4831.93, 3158
4835.02, 3157
4836.46, 3156
4843.25, 3155
4843.29, 3154
4844.84, 3153
4849.52, 3152
4854.57, 3151
4857.33, 3150
4858.25, 3149
4859.14, 3148
4863.78, 3147
4866.08, 3146
4869.88, 3145
4875.2, 3144
4875.24, 3143
4880.42, 3142
4882.75, 3141
4888.01, 3140
4891.33, 3139
4894.19, 3138
4897.0, 3137
4902.87, 3136
4903.22, 3135
4903.57, 3134
4908.22, 3133
4912.33, 3132
4915.0, 3131
4916.43, 3130
4949.2, 3129
4953.64, 3128
5010.47, 3127
5011.3, 3126
5012.19, 3125
5013.1, 3124
5013.92, 3123
5029.59, 3122
5034.62, 3121
5043.88, 3120
5048.73, 3119
5058.83, 3118
5063.08, 3117
5064.02, 3116
5064.88, 3115
5074.39, 3114
5080.41, 3113
5082.84, 3112
5083.86, 3111
5087.93, 3110
5120.58, 3109
5128.61, 3108
5129.56, 3107
5130.44, 3106
5131.31, 3105
5137.52, 3104
5141.78, 3103
5142.65, 3102
5143.54, 3101
5160.67, 3100
5162.5, 3099
5162.54, 3098
5163.42, 3097
5164.29, 3096
5165.24, 3095
5174.17, 3094
5175.03, 3093
5195.89, 3092
5212.26, 3091
5231.68, 3090
5239.13, 3089
5244.39, 3088
5249.42, 3087
5253.09, 3086
5254.05, 3085
5260.11, 3084
5260.98, 3083
5265.58, 3082
5269.43, 3081
5274.73, 3080
5279.82, 3079
5280.77, 3078
5290.45, 3077
5295.73, 3076
5299.39, 3075
5303.41, 3074
5303.82, 3073
5305.82, 3072
5305.87, 3071
5306.37, 3070
5307.25, 3069
5312.32, 3068
5315.01, 3067
5318.13, 3066
5323.31, 3065
5324.46, 3064
5324.58, 3063
5329.91, 3062
5332.69, 3061
5335.34, 3060
5339.3, 3059
5340.22, 3058
5344.55, 3057
5361.64, 3056
5364.47, 3055
5366.5, 3054
5378.92, 3053
5388.27, 3052
5389.68, 3051
5394.58, 3050
5409.55, 3049
5419.88, 3048
5423.25, 3047
5430.59, 3046
5431.9, 3045
5432.5, 3044
5448.69, 3043
5451.97, 3042
5544.95, 3041
5545.86, 3040
5546.75, 3039
5547.63, 3038
5548.52, 3037
5549.42, 3036
5550.28, 3035
5551.16, 3034
5557.36, 3033
5558.26, 3032
5563.52, 3031
5566.06, 3030
5567.04, 3029
5573.65, 3028
5576.74, 3027
5579.39, 3026
5581.78, 3025
5583.11, 3024
5586.72, 3023
5591.84, 3022
5593.73, 3021
5594.61, 3020
5601.99, 3019
5610.83, 3018
5613.48, 3017
5620.02, 3016
5622.74, 3015
5623.69, 3014
5624.54, 3013
5625.4, 3012
5626.3, 3011
5631.77, 3010
5634.76, 3009
5637.61, 3008
5647.72, 3007
5648.69, 3006
5649.59, 3005
5650.47, 3004
5657.61, 3003
5658.53, 3002
5664.05, 3001
5672.03, 3000
5672.9, 2999
5678.55, 2998
5681.05, 2997
5682.92, 2996
5685.12, 2995
5690.75, 2994
5697.97, 2993
5699.09, 2992
5707.08, 2991
5707.13, 2990
5709.92, 2989
5713.19, 2988
5715.75, 2987
5720.24, 2986
5724.73, 2985
5727.05, 2984
5728.08, 2983
5754.24, 2982
5792.84, 2981
5797.29, 2980
5801.09, 2979
5803.89, 2978
5808.93, 2977
5808.97, 2976
5811.18, 2975
5819.66, 2974
5823.31, 2973
5823.82, 2972
5824.77, 2971
5847.83, 2970
5857.93, 2969
5858.88, 2968
5860.57, 2967
5863.48, 2966
5874.66, 2965
5882.56, 2964
5896.53, 2963
5906.46, 2962
5909.08, 2961
5911.48, 2960
5913.12, 2959
5916.46, 2958
5921.82, 2957
5924.05, 2956
5927.63, 2955
5929.69, 2954
5933.93, 2953
5938.92, 2952
5943.21, 2951
5944.0, 2950
5944.86, 2949
5951.43, 2948
5952.93, 2947
5959.69, 2946
5961.31, 2945
5961.48, 2944
5968.01, 2943
5968.49, 2942
5971.6, 2941
5975.54, 2940
5976.98, 2939
5981.63, 2938
5982.98, 2937
5999.55, 2936
6011.24, 2935
6014.4, 2934
6019.45, 2933
6020.28, 2932
6021.13, 2931
6022.03, 2930
6033.81, 2929
6066.43, 2928
6075.2, 2927
6078.12, 2926
6080.8, 2925
6084.17, 2924
6085.1, 2923
6085.96, 2922
6098.65, 2921
6102.06, 2920
6112.39, 2919
6113.35, 2918
6114.27, 2917
6115.2, 2916
6116.19, 2915
6117.06, 2914
6124.45, 2913
6128.79, 2912
6131.94, 2911
6134.9, 2910
6135.8, 2909
6138.82, 2908
6143.93, 2907
6146.47, 2906
6150.92, 2905
6151.61, 2904
6153.89, 2903
6159.71, 2902
6160.59, 2901
6165.39, 2900
6166.64, 2899
6188.1, 2898
6194.8, 2897
6195.63, 2896
6202.44, 2895
6202.47, 2894
6205.29, 2893
6212.85, 2892
6215.43, 2891
6216.64, 2890
6217.54, 2889
6229.35, 2888
6231.94, 2887
6245.22, 2886
6248.95, 2885
6249.91, 2884
6250.8, 2883
6251.68, 2882
6252.59, 2881
6253.47, 2880
6281.88, 2879
6291.83, 2878
6297.16, 2877
6304.9, 2876
6315.5, 2875
6328.36, 2874
6338.28, 2873
6341.99, 2872
6343.71, 2871
6350.3, 2870
6350.92, 2869
6382.0, 2868
6389.99, 2867
6391.24, 2866
6392.13, 2865
6397.01, 2864
6399.49, 2863
6406.09, 2862
6416.58, 2861
6426.18, 2860
6427.08, 2859
6432.2, 2858
6433.36, 2857
6443.52, 2856
6448.31, 2855
6449.79, 2854
6450.71, 2853
6451.64, 2852
6458.58, 2851
6466.48, 2850
6469.71, 2849
6474.73, 2848
6475.73, 2847
6481.06, 2846
6482.93, 2845
6492.89, 2844
6496.85, 2843
6502.83, 2842
6509.83, 2841
6510.52, 2840
6517.28, 2839
6520.22, 2838
6523.39, 2837
6527.3, 2836
6528.47, 2835
6532.78, 2834
6539.7, 2833
6548.75, 2832
6554.02, 2831
6558.12, 2830
6558.31, 2829
6565.4, 2828
6578.01, 2827
6580.43, 2826
6596.55, 2825
6599.54, 2824
6603.76, 2823
6615.53, 2822
6618.64, 2821
6624.5, 2820
6630.74, 2819
6651.67, 2818
6656.97, 2817
6657.96, 2816
6662.95, 2815
6665.73, 2814
6678.6, 2813
6681.46, 2812
6690.1, 2811
6692.37, 2810
6693.21, 2809
6698.79, 2808
6700.8, 2807
6703.69, 2806
6710.45, 2805
6711.29, 2804
6716.39, 2803
6727.97, 2802
6736.55, 2801
6749.21, 2800
6750.03, 2799
6767.2, 2798
6771.42, 2797
6774.66, 2796
6779.8, 2795
6800.16, 2794
6803.55, 2793
6810.55, 2792
6813.36, 2791
6820.5, 2790
6821.33, 2789
6822.19, 2788
6823.03, 2787
6826.98, 2786
6829.87, 2785
6832.77, 2784
6844.17, 2783
6853.43, 2782
6858.06, 2781
6861.23, 2780
6866.49, 2779
6869.35, 2778
6872.18, 2777
6874.71, 2776
6879.09, 2775
6882.83, 2774
6887.9, 2773
6888.82, 2772
6889.74, 2771
6893.81, 2770
6897.01, 2769
6901.36, 2768
6902.3, 2767
6909.55, 2766
6910.26, 2765
6914.79, 2764
6918.37, 2763
6944.09, 2762
6946.67, 2761
6954.12, 2760
6956.5, 2759
6957.39, 2758
6958.27, 2757
6963.8, 2756
6968.04, 2755
6979.39, 2754
6982.55, 2753
6988.83, 2752
6994.77, 2751
7008.35, 2750
7010.3, 2749
7011.17, 2748
7012.46, 2747
7012.87, 2746
7048.18, 2745
7059.97, 2744
7063.97, 2743
7066.3, 2742
7073.0, 2741
7090.29, 2740
7091.09, 2739
7095.66, 2738
7100.21, 2737
7103.26, 2736
7127.56, 2735
7127.84, 2734
7133.97, 2733
7148.86, 2732
7156.09, 2731
7163.18, 2730
7176.5, 2729
7178.75, 2728
7179.7, 2727
7180.55, 2726
7193.33, 2725
7194.21, 2724
7198.96, 2723
7202.42, 2722
7225.42, 2721
7247.05, 2720
7260.78, 2719
7263.96, 2718
7269.51, 2717
7279.82, 2716
7280.75, 2715
7281.63, 2714
7282.49, 2713
7283.35, 2712
7284.24, 2711
7292.07, 2710
7294.67, 2709
7298.01, 2708
7309.73, 2707
7327.07, 2706
7327.91, 2705
7328.76, 2704
7329.63, 2703
7340.46, 2702
7341.29, 2701
7342.16, 2700
7345.5, 2699
7360.37, 2698
7362.81, 2697
7365.81, 2696
7366.77, 2695
7380.29, 2694
7388.43, 2693
7399.77, 2692
7402.26, 2691
7410.36, 2690
7416.31, 2689
7420.4, 2688
7421.31, 2687
7422.16, 2686
7429.04, 2685
7431.77, 2684
7434.72, 2683
7436.96, 2682
7444.23, 2681
7447.16, 2680
7450.05, 2679
7453.72, 2678
7454.64, 2677
7461.41, 2676
7464.37, 2675
7478.07, 2674
7480.55, 2673
7481.52, 2672
7482.49, 2671
7483.28, 2670
7484.15, 2669
7485.0, 2668
7493.4, 2667
7497.66, 2666
7498.51, 2665
7499.36, 2664
7504.38, 2663
7507.32, 2662
7510.92, 2661
7526.92, 2660
7571.52, 2659
7577.73, 2658
7582.36, 2657
7589.56, 2656
7592.9, 2655
7593.71, 2654
7594.58, 2653
7595.46, 2652
7605.59, 2651
7606.59, 2650
7607.45, 2649
7608.31, 2648
7614.2, 2647
7618.49, 2646
7621.44, 2645
7625.18, 2644
7626.3, 2643
7631.24, 2642
7645.53, 2641
7648.56, 2640
7653.08, 2639
7658.4, 2638
7659.32, 2637
7660.15, 2636
7661.02, 2635
7670.36, 2634
7670.56, 2633
7671.43, 2632
7672.29, 2631
7680.36, 2630
7683.15, 2629
7691.51, 2628
7694.31, 2627
7695.19, 2626
7697.31, 2625
7697.45, 2624
7701.81, 2623
7710.79, 2622
7726.93, 2621
7729.32, 2620
7730.24, 2619
7731.12, 2618
7731.96, 2617
7732.82, 2616
7733.66, 2615
7734.55, 2614
7735.39, 2613
7742.1, 2612
7768.57, 2611
7784.98, 2610
7791.32, 2609
7794.55, 2608
7797.15, 2607
7804.5, 2606
7805.41, 2605
7806.26, 2604
7812.12, 2603
7817.91, 2602
7824.66, 2601
7827.27, 2600
7828.2, 2599
7829.1, 2598
7829.97, 2597
7830.82, 2596
7836.3, 2595
7839.95, 2594
7843.35, 2593
7846.1, 2592
7853.22, 2591
7856.05, 2590
7858.98, 2589
7864.04, 2588
7864.96, 2587
7865.83, 2586
7873.85, 2585
7880.28, 2584
7884.04, 2583
7886.42, 2582
7888.28, 2581
7896.57, 2580
7903.35, 2579
7910.16, 2578
7912.62, 2577
7913.52, 2576
7914.4, 2575
7915.27, 2574
7921.15, 2573
7924.62, 2572
7928.13, 2571
7935.8, 2570
7936.67, 2569
7937.55, 2568
7938.42, 2567
7944.66, 2566
7948.03, 2565
7955.35, 2564
7961.87, 2563
7962.76, 2562
7963.69, 2561
7964.59, 2560
7970.58, 2559
7981.15, 2558
7986.2, 2557
7988.77, 2556
7991.42, 2555
7991.45, 2554
7991.46, 2553
8007.81, 2552
8010.61, 2551
8013.15, 2550
8019.35, 2549
8020.25, 2548
8021.12, 2547
8027.24, 2546
8030.62, 2545
8041.29, 2544
8046.46, 2543
8047.3, 2542
8048.16, 2541
8049.06, 2540
8062.36, 2539
8080.29, 2538
8087.63, 2537
8104.34, 2536
8107.17, 2535
8109.95, 2534
8112.46, 2533
8113.41, 2532
8114.28, 2531
8115.14, 2530
8116.15, 2529
8116.87, 2528
8125.01, 2527
8126.59, 2526
8128.22, 2525
8133.55, 2524
8144.63, 2523
8156.12, 2522
8158.65, 2521
8162.89, 2520
8171.18, 2519
8175.75, 2518
8178.75, 2517
8181.97, 2516
8187.21, 2515
8191.17, 2514
8194.82, 2513
8226.44, 2512
8239.77, 2511
8241.01, 2510
8245.48, 2509
8251.69, 2508
8255.89, 2507
8258.09, 2506
8259.02, 2505
8259.93, 2504
8264.86, 2503
8267.26, 2502
8268.12, 2501
8273.07, 2500
8279.07, 2499
8286.12, 2498
8287.98, 2497
8290.19, 2496
8291.12, 2495
8291.99, 2494
8296.33, 2493
8299.94, 2492
8306.55, 2491
8308.79, 2490
8309.76, 2489
8310.66, 2488
8319.46, 2487
8323.24, 2486
8325.94, 2485
8328.8, 2484
8329.73, 2483
8338.66, 2482
8347.96, 2481
8358.16, 2480
8360.46, 2479
8361.29, 2478
8362.12, 2477
8363.11, 2476
8363.84, 2475
8364.66, 2474
8372.53, 2473
8375.18, 2472
8380.91, 2471
8387.06, 2470
8390.31, 2469
8392.68, 2468
8393.63, 2467
8394.53, 2466
8402.93, 2465
8405.7, 2464
8421.25, 2463
8425.07, 2462
8431.06, 2461
8447.03, 2460
8455.21, 2459
8458.76, 2458
8459.45, 2457
8460.32, 2456
8461.17, 2455
8462.02, 2454
8472.76, 2453
8481.21, 2452
8508.47, 2451
8511.9, 2450
8515.14, 2449
8523.11, 2448
8523.26, 2447
8524.34, 2446
8524.96, 2445
8525.85, 2444
8526.84, 2443
8535.19, 2442
8543.87, 2441
8546.52, 2440
8547.76, 2439
8548.63, 2438
8550.36, 2437
8550.39, 2436
8551.26, 2435
8556.66, 2434
8582.44, 2433
8602.64, 2432
8606.6, 2431
8616.25, 2430
8619.08, 2429
8619.9, 2428
8621.07, 2427
8621.6, 2426
8622.47, 2425
8623.36, 2424
8625.87, 2423
8631.91, 2422
8644.79, 2421
8646.14, 2420
8647.03, 2419
8647.89, 2418
8648.77, 2417
8652.92, 2416
8662.31, 2415
8664.01, 2414
8664.88, 2413
8665.78, 2412
8674.71, 2411
8675.41, 2410
8680.12, 2409
8684.77, 2408
8690.61, 2407
8691.16, 2406
8691.76, 2405
8697.07, 2404
8704.98, 2403
8707.69, 2402
8713.43, 2401
8719.12, 2400
8720.4, 2399
8727.31, 2398
8729.91, 2397
8734.89, 2396
8737.34, 2395
8738.27, 2394
8770.03, 2393
8779.21, 2392
8785.99, 2391
8789.29, 2390
8790.19, 2389
8791.08, 2388
8796.69, 2387
8807.91, 2386
8811.99, 2385
8817.35, 2384
8819.75, 2383
8820.67, 2382
8821.55, 2381
8822.46, 2380
8833.2, 2379
8900.78, 2378
8914.38, 2377
8918.16, 2376
8922.68, 2375
8930.94, 2374
8931.87, 2373
8936.45, 2372
8936.73, 2371
8940.8, 2370
8943.74, 2369
8947.13, 2368
8949.51, 2367
8950.48, 2366
8957.83, 2365
8961.23, 2364
8964.52, 2363
8968.87, 2362
8969.79, 2361
8980.7, 2360
8988.01, 2359
8990.72, 2358
8993.4, 2357
8994.32, 2356
8995.21, 2355
8996.81, 2354
9004.06, 2353
9011.94, 2352
9017.76, 2351
9026.14, 2350
9027.05, 2349
9027.92, 2348
9028.82, 2347
9029.7, 2346
9030.61, 2345
9047.45, 2344
9053.48, 2343
9057.82, 2342
9063.41, 2341
9063.83, 2340
9064.73, 2339
9065.59, 2338
9066.5, 2337
9125.34, 2336
9126.24, 2335
9127.08, 2334
9127.94, 2333
9128.79, 2332
9134.07, 2331
9136.76, 2330
9141.07, 2329
9144.49, 2328
9145.4, 2327
9155.34, 2326
9175.85, 2325
9184.57, 2324
9189.39, 2323
9191.74, 2322
9195.87, 2321
9200.73, 2320
9202.35, 2319
9205.49, 2318
9209.5, 2317
9212.53, 2316
9221.8, 2315
9224.25, 2314
9227.21, 2313
9229.5, 2312
9233.48, 2311
9236.7, 2310
9241.03, 2309
9244.45, 2308
9248.47, 2307
9249.37, 2306
9254.69, 2305
9280.68, 2304
9303.76, 2303
9307.06, 2302
9310.39, 2301
9312.84, 2300
9313.75, 2299
9314.6, 2298
9322.22, 2297
9325.11, 2296
9331.58, 2295
9335.64, 2294
9336.55, 2293
9338.48, 2292
9343.09, 2291
9345.71, 2290
9352.07, 2289
9356.31, 2288
9376.4, 2287
9378.89, 2286
9387.47, 2285
9391.2, 2284
9392.12, 2283
9393.0, 2282
9398.62, 2281
9402.17, 2280
9421.48, 2279
9423.15, 2278
9424.02, 2277
9455.53, 2276
9494.83, 2275
9505.29, 2274
9509.97, 2273
9512.22, 2272
9513.18, 2271
9514.06, 2270
9514.99, 2269
9515.92, 2268
9524.13, 2267
9536.03, 2266
9539.84, 2265
9542.66, 2264
9545.17, 2263
9546.1, 2262
9546.96, 2261
9552.31, 2260
9553.18, 2259
9570.53, 2258
9575.05, 2257
9577.72, 2256
9580.76, 2255
9581.7, 2254
9588.54, 2253
9592.97, 2252
9595.7, 2251
9598.3, 2250
9601.93, 2249
9607.32, 2248
9610.36, 2247
9613.62, 2246
9625.61, 2245
9628.98, 2244
9634.17, 2243
9647.68, 2242
9648.43, 2241
9649.35, 2240
9650.2, 2239
9651.09, 2238
9664.38, 2237
9688.15, 2236
9693.59, 2235
9709.24, 2234
9714.88, 2233
9715.04, 2232
9720.31, 2231
9738.5, 2230
9739.87, 2229
9746.7, 2228
9752.25, 2227
9755.8, 2226
9756.43, 2225
9761.45, 2224
9764.72, 2223
9766.69, 2222
9770.28, 2221
9773.39, 2220
9776.59, 2219
9781.58, 2218
9784.75, 2217
9787.89, 2216
9791.32, 2215
9794.22, 2214
9797.43, 2213
9802.4, 2212
9805.74, 2211
9808.83, 2210
9812.19, 2209
9815.21, 2208
9818.33, 2207
9824.35, 2206
9827.62, 2205
9830.56, 2204
9833.72, 2203
9836.78, 2202
9841.51, 2201
9845.82, 2200
9848.99, 2199
9852.1, 2198
9855.34, 2197
9859.73, 2196
9863.4, 2195
9866.62, 2194
9870.44, 2193
9874.58, 2192
9879.34, 2191
9882.99, 2190
9886.41, 2189
9891.46, 2188
9894.72, 2187
9898.37, 2186
9901.77, 2185
9907.9, 2184
9911.27, 2183
9914.72, 2182
9918.11, 2181
9923.6, 2180
9927.12, 2179
9930.72, 2178
9934.99, 2177
9938.51, 2176
9942.23, 2175
9946.76, 2174
9961.29, 2173
9964.37, 2172
9967.45, 2171
9970.61, 2170
9973.73, 2169
9979.45, 2168
9982.71, 2167
9985.8, 2166
9989.24, 2165
9992.42, 2164
9995.49, 2163
9998.56, 2162
10003.75, 2161
10006.9, 2160
10010.02, 2159
10013.45, 2158
10016.37, 2157
10019.42, 2156
10025.46, 2155
10028.73, 2154
10031.65, 2153
10034.86, 2152
10037.98, 2151
10042.79, 2150
10047.04, 2149
10050.2, 2148
10053.19, 2147
10056.61, 2146
10061.31, 2145
10064.88, 2144
10067.96, 2143
10073.25, 2142
10076.75, 2141
10079.75, 2140
10084.28, 2139
10087.91, 2138
10091.12, 2137
10096.1, 2136
10099.29, 2135
10102.65, 2134
10105.95, 2133
10110.83, 2132
10115.25, 2131
10118.36, 2130
10121.74, 2129
10124.95, 2128
10130.28, 2127
10134.23, 2126
10137.78, 2125
10141.33, 2124
10148.19, 2123
10151.64, 2122
10155.04, 2121
10159.3, 2120
10162.69, 2119
10166.32, 2118
10180.97, 2117
10184.18, 2116
10187.23, 2115
10190.77, 2114
10193.72, 2113
10196.93, 2112
10203.07, 2111
10206.38, 2110
10209.4, 2109
10212.48, 2108
10215.6, 2107
10220.2, 2106
10224.77, 2105
10228.06, 2104
10231.34, 2103
10234.77, 2102
10239.49, 2101
10243.16, 2100
10246.55, 2099
10253.74, 2098
10256.74, 2097
10259.9, 2096
10263.48, 2095
10268.31, 2094
10271.92, 2093
10275.11, 2092
10280.02, 2091
10283.23, 2090
10286.7, 2089
10289.93, 2088
10295.59, 2087
10299.37, 2086
10303.74, 2085
10307.09, 2084
10310.67, 2083
10314.08, 2082
10322.2, 2081
10325.42, 2080
10328.99, 2079
10332.38, 2078
10335.92, 2077
10341.29, 2076
10346.31, 2075
10349.85, 2074
10353.72, 2073
10361.16, 2072
10364.61, 2071
10368.73, 2070
10372.99, 2069
10376.39, 2068
10380.11, 2067
10389.89, 2066
10393.49, 2065
10397.15, 2064
10401.68, 2063
10405.33, 2062
10409.14, 2061
10421.54, 2060
10424.64, 2059
10429.25, 2058
10433.49, 2057
10436.81, 2056
10439.78, 2055
10443.27, 2054
10448.09, 2053
10451.59, 2052
10454.8, 2051
10460.8, 2050
10465.1, 2049
10468.3, 2048
10471.34, 2047
10475.03, 2046
10479.5, 2045
10482.95, 2044
10486.2, 2043
10491.06, 2042
10494.35, 2041
10497.77, 2040
10501.15, 2039
10507.57, 2038
10510.95, 2037
10514.06, 2036
10517.86, 2035
10521.02, 2034
10524.42, 2033
10527.7, 2032
10533.52, 2031
10538.9, 2030
10542.02, 2029
10545.36, 2028
10548.66, 2027
10552.08, 2026
10558.55, 2025
10562.32, 2024
10566.7, 2023
10570.39, 2022
10574.04, 2021
10580.36, 2020
10585.98, 2019
10589.61, 2018
10593.44, 2017
10600.38, 2016
10604.18, 2015
10607.68, 2014
10612.31, 2013
10615.96, 2012
10619.54, 2011
10623.52, 2010
10633.11, 2009
10636.95, 2008
10640.48, 2007
10645.09, 2006
10648.81, 2005
10658.85, 2004
10663.63, 2003
10668.5, 2002
10672.68, 2001
10675.88, 2000
10679.02, 1999
10682.53, 1998
10687.11, 1997
10690.65, 1996
10693.89, 1995
10698.66, 1994
10701.69, 1993
10705.15, 1992
10708.42, 1991
10715.78, 1990
10719.34, 1989
10722.66, 1988
10725.9, 1987
10729.96, 1986
10733.27, 1985
10736.67, 1984
10739.96, 1983
10747.72, 1982
10750.88, 1981
10755.78, 1980
10759.03, 1979
10762.55, 1978
10765.92, 1977
10769.4, 1976
10776.09, 1975
10780.19, 1974
10783.55, 1973
10788.22, 1972
10791.65, 1971
10795.09, 1970
10802.65, 1969
10805.93, 1968
10810.29, 1967
10813.76, 1966
10817.34, 1965
10822.53, 1964
10827.86, 1963
10831.61, 1962
10835.09, 1961
10842.4, 1960
10846.16, 1959
10849.95, 1958
10854.78, 1957
10858.62, 1956
10862.57, 1955
10867.6, 1954
10873.9, 1953
10881.78, 1952
10885.68, 1951
10889.37, 1950
10900.66, 1949
10904.2, 1948
10909.34, 1947
10912.72, 1946
10916.37, 1945
10919.85, 1944
10926.4, 1943
10931.21, 1942
10934.93, 1941
10938.13, 1940
10941.37, 1939
10945.31, 1938
10948.66, 1937
10952.11, 1936
10955.55, 1935
10962.64, 1934
10967.24, 1933
10970.65, 1932
10975.69, 1931
10979.06, 1930
10982.64, 1929
10986.06, 1928
10989.99, 1927
10999.52, 1926
11002.85, 1925
11006.46, 1924
11010.03, 1923
11014.69, 1922
11018.26, 1921
11021.91, 1920
11029.78, 1919
11033.9, 1918
11037.46, 1917
11042.65, 1916
11046.36, 1915
11049.93, 1914
11058.06, 1913
11061.65, 1912
11066.46, 1911
11070.08, 1910
11073.84, 1909
11079.36, 1908
11084.77, 1907
11088.63, 1906
11092.29, 1905
11099.54, 1904
11103.27, 1903
11107.08, 1902
11112.15, 1901
11116.05, 1900
11119.92, 1899
11126.25, 1898
11131.85, 1897
11135.81, 1896
11139.81, 1895
11143.96, 1894
11150.15, 1893
11157.92, 1892
11161.67, 1891
11165.35, 1890
11178.22, 1889
11181.49, 1888
11185.3, 1887
11189.23, 1886
11192.49, 1885
11196.02, 1884
11202.28, 1883
11206.09, 1882
11211.16, 1881
11214.78, 1880
11218.1, 1879
11221.64, 1878
11225.76, 1877
11229.32, 1876
11233.16, 1875
11240.17, 1874
11244.64, 1873
11247.89, 1872
11251.56, 1871
11255.72, 1870
11260.52, 1869
11264.12, 1868
11266.7, 1867
11274.08, 1866
11278.39, 1865
11281.61, 1864
11284.51, 1863
11289.02, 1862
11292.99, 1861
11296.19, 1860
11306.37, 1859
11311.41, 1858
11315.09, 1857
11317.25, 1856
11321.87, 1855
11329.93, 1854
11334.27, 1853
11336.91, 1852
11345.03, 1851
11346.49, 1850
11351.71, 1849
11358.88, 1848
11363.33, 1847
11369.55, 1846
11371.42, 1845
11379.11, 1844
11382.75, 1843
11388.32, 1842
11392.79, 1841
11395.72, 1840
11407.3, 1839
11417.55, 1838
11417.58, 1837
11417.59, 1836
11421.47, 1835
11429.22, 1834
11437.62, 1833
11440.21, 1832
11443.46, 1831
11454.36, 1830
11458.49, 1829
11462.64, 1828
11465.26, 1827
11475.26, 1826
11475.36, 1825
11481.62, 1824
11484.11, 1823
11489.65, 1822
11502.64, 1821
11502.72, 1820
11502.74, 1819
11505.82, 1818
11514.85, 1817
11514.89, 1816
11524.47, 1815
11527.7, 1814
11537.28, 1813
11538.94, 1812
11543.25, 1811
11550.61, 1810
11550.71, 1809
11562.4, 1808
11573.01, 1807
11575.27, 1806
11581.95, 1805
11595.26, 1804
11603.04, 1803
11606.85, 1802
11609.88, 1801
11618.16, 1800
11623.36, 1799
11625.67, 1798
11629.3, 1797
11633.7, 1796
11636.84, 1795
11652.86, 1794
11653.02, 1793
11655.97, 1792
11658.89, 1791
11662.33, 1790
11670.54, 1789
11678.33, 1788
11679.09, 1787
11680.32, 1786
11689.69, 1785
11691.7, 1784
11706.72, 1783
11710.33, 1782
11714.26, 1781
11718.41, 1780
11720.47, 1779
11721.19, 1778
11735.41, 1777
11741.59, 1776
11745.37, 1775
11751.66, 1774
11766.44, 1773
11788.51, 1772
11816.59, 1771
11820.59, 1770
11823.23, 1769
11825.63, 1768
11826.59, 1767
11831.66, 1766
11843.11, 1765
11843.91, 1764
11857.73, 1763
11864.97, 1762
11868.72, 1761
11868.76, 1760
11868.76, 1759
11869.35, 1758
11894.81, 1757
11898.74, 1756
11900.27, 1755
11905.4, 1754
11914.33, 1753
11920.17, 1752
11923.94, 1751
11928.61, 1750
11936.93, 1749
11937.72, 1748
11943.65, 1747
11948.01, 1746
11965.32, 1745
11969.36, 1744
11979.9, 1743
11997.31, 1742
12007.95, 1741
12011.06, 1740
12016.24, 1739
12020.25, 1738
12021.5, 1737
12030.98, 1736
12036.27, 1735
12040.47, 1734
12047.96, 1733
12049.62, 1732
12050.5, 1731
12059.04, 1730
12069.36, 1729
12069.99, 1728
12090.35, 1727
12107.36, 1726
12111.93, 1725
12113.24, 1724
12114.06, 1723
12120.89, 1722
12125.12, 1721
12130.14, 1720
12132.32, 1719
12147.08, 1718
12150.5, 1717
12172.55, 1716
12176.46, 1715
12192.21, 1714
12200.32, 1713
12202.67, 1712
12207.26, 1711
12218.6, 1710
12219.52, 1709
12224.73, 1708
12228.21, 1707
12231.13, 1706
12243.85, 1705
12245.14, 1704
12247.01, 1703
12247.92, 1702
12263.48, 1701
12279.38, 1700
12285.0, 1699
12294.27, 1698
12297.09, 1697
12300.17, 1696
12300.69, 1695
12309.63, 1694
12327.33, 1693
12338.32, 1692
12342.38, 1691
12346.42, 1690
12348.71, 1689
12349.64, 1688
12382.99, 1687
12395.61, 1686
12401.35, 1685
12404.54, 1684
12407.35, 1683
12409.18, 1682
12412.87, 1681
12426.27, 1680
12432.63, 1679
12435.78, 1678
12442.13, 1677
12446.02, 1676
12446.96, 1675
12452.82, 1674
12459.53, 1673
12462.02, 1672
12475.89, 1671
12479.9, 1670
12483.46, 1669
12483.5, 1668
12489.52, 1667
12493.49, 1666
12514.92, 1665
12523.74, 1664
12526.5, 1663
12527.41, 1662
12530.79, 1661
12534.84, 1660
12552.21, 1659
12557.19, 1658
12559.7, 1657
12566.29, 1656
12570.66, 1655
12576.23, 1654
12578.71, 1653
12583.46, 1652
12586.87, 1651
12592.71, 1650
12595.43, 1649
12611.02, 1648
12622.93, 1647
12633.38, 1646
12641.37, 1645
12649.72, 1644
12653.06, 1643
12662.64, 1642
12666.14, 1641
12669.36, 1640
12678.75, 1639
12682.22, 1638
12686.12, 1637
12688.81, 1636
12700.8, 1635
12707.66, 1634
12712.85, 1633
12723.33, 1632
12775.51, 1631
12776.45, 1630
12777.3, 1629
12778.21, 1628
12782.63, 1627
12790.6, 1626
12793.32, 1625
12800.03, 1624
12805.19, 1623
12813.45, 1622
12818.16, 1621
12827.03, 1620
12830.43, 1619
12835.33, 1618
12842.67, 1617
12845.68, 1616
12849.92, 1615
12860.42, 1614
12866.36, 1613
12872.65, 1612
12878.87, 1611
12882.07, 1610
12886.27, 1609
12890.75, 1608
12899.05, 1607
12911.24, 1606
12920.33, 1605
12925.1, 1604
12932.37, 1603
12933.34, 1602
12952.91, 1601
12958.24, 1600
12960.07, 1599
12965.52, 1598
12968.57, 1597
12971.35, 1596
12976.46, 1595
12985.18, 1594
12987.14, 1593
12994.46, 1592
12995.98, 1591
12999.82, 1590
13023.65, 1589
13031.39, 1588
13053.76, 1587
13059.69, 1586
13066.44, 1585
13069.85, 1584
13078.89, 1583
13088.97, 1582
13092.6, 1581
13100.78, 1580
13104.48, 1579
13107.88, 1578
13113.27, 1577
13115.99, 1576
13119.61, 1575
13131.07, 1574
13133.16, 1573
13140.51, 1572
13143.49, 1571
13149.25, 1570
13169.76, 1569
13176.32, 1568
13182.12, 1567
13185.83, 1566
13193.38, 1565
13199.35, 1564
13199.98, 1563
13204.24, 1562
13207.88, 1561
13212.21, 1560
13223.54, 1559
13224.39, 1558
13231.88, 1557
13233.11, 1556
13238.22, 1555
13245.96, 1554
13251.08, 1553
13255.19, 1552
13258.58, 1551
13277.0, 1550
13302.97, 1549
13318.21, 1548
13325.65, 1547
13331.34, 1546
13336.86, 1545
13382.19, 1544
13387.77, 1543
13401.42, 1542
13405.2, 1541
13409.12, 1540
13413.58, 1539
13417.9, 1538
13429.75, 1537
13432.72, 1536
13435.94, 1535
13438.39, 1534
13443.81, 1533
13447.18, 1532
13451.65, 1531
13460.03, 1530
13465.31, 1529
13468.86, 1528
13471.93, 1527
13489.13, 1526
13493.79, 1525
13512.53, 1524
13514.68, 1523
13520.49, 1522
13525.26, 1521
13530.64, 1520
13533.86, 1519
13541.52, 1518
13543.1, 1517
13548.48, 1516
13559.11, 1515
13566.62, 1514
13581.07, 1513
13598.9, 1512
13602.9, 1511
13613.22, 1510
13628.88, 1509
13630.39, 1508
13635.86, 1507
13641.06, 1506
13642.93, 1505
13646.99, 1504
13654.12, 1503
13660.17, 1502
13663.8, 1501
13674.52, 1500
13682.18, 1499
13691.92, 1498
13699.4, 1497
13707.07, 1496
13709.81, 1495
13717.5, 1494
13723.28, 1493
13726.86, 1492
13732.56, 1491
13735.68, 1490
13741.02, 1489
13762.3, 1488
13766.02, 1487
13775.38, 1486
13788.47, 1485
13801.98, 1484
13804.78, 1483
13807.73, 1482
13814.39, 1481
13816.48, 1480
13826.24, 1479
13855.34, 1478
13860.81, 1477
13866.59, 1476
13878.83, 1475
13883.12, 1474
13898.14, 1473
13904.81, 1472
13910.21, 1471
13918.13, 1470
13923.27, 1469
13931.55, 1468
13933.81, 1467
13940.45, 1466
13943.41, 1465
13948.22, 1464
13959.88, 1463
13961.93, 1462
13965.24, 1461
13971.72, 1460
13974.0, 1459
13979.65, 1458
14023.22, 1457
14040.42, 1456
14046.02, 1455
14050.15, 1454
14052.89, 1453
14059.56, 1452
14065.85, 1451
14082.79, 1450
14085.22, 1449
14100.53, 1448
14103.49, 1447
14113.68, 1446
14116.5, 1445
14133.13, 1444
14140.07, 1443
14167.41, 1442
14169.36, 1441
14176.31, 1440
14183.23, 1439
14193.23, 1438
14198.29, 1437
14204.66, 1436
14211.42, 1435
14215.92, 1434
14239.08, 1433
14243.61, 1432
14267.01, 1431
14272.11, 1430
14276.71, 1429
14283.19, 1428
14290.37, 1427
14296.19, 1426
14303.02, 1425
14315.39, 1424
14319.54, 1423
14329.54, 1422
14348.21, 1421
14376.76, 1420
14382.43, 1419
14386.21, 1418
14391.69, 1417
14394.18, 1416
14400.36, 1415
14411.78, 1414
14413.34, 1413
14418.16, 1412
14422.2, 1411
14426.5, 1410
14431.31, 1409
14439.74, 1408
14444.17, 1407
14446.88, 1406
14451.23, 1405
14455.0, 1404
14459.06, 1403
14466.06, 1402
14471.96, 1401
14476.74, 1400
14480.07, 1399
14483.15, 1398
14489.87, 1397
14498.11, 1396
14499.81, 1395
14515.93, 1394
14542.23, 1393
14546.54, 1392
14558.44, 1391
14563.55, 1390
14568.02, 1389
14572.75, 1388
14606.0, 1387
14618.72, 1386
14629.86, 1385
14632.05, 1384
14637.05, 1383
14641.82, 1382
14647.34, 1381
14654.05, 1380
14657.92, 1379
14665.37, 1378
14667.98, 1377
14672.82, 1376
14677.7, 1375
14686.36, 1374
14692.62, 1373
14696.17, 1372
14705.36, 1371
14707.62, 1370
14711.98, 1369
14718.69, 1368
14722.22, 1367
14727.33, 1366
14735.14, 1365
14783.14, 1364
14791.01, 1363
14805.09, 1362
14810.01, 1361
14815.96, 1360
14818.87, 1359
14831.32, 1358
14844.69, 1357
14865.69, 1356
14876.37, 1355
14879.48, 1354
14884.54, 1353
14895.89, 1352
14899.76, 1351
14915.8, 1350
14922.89, 1349
14939.88, 1348
14944.95, 1347
14959.02, 1346
14964.73, 1345
14976.66, 1344
14976.7, 1343
14996.05, 1342
15001.69, 1341
15012.96, 1340
15023.71, 1339
15031.02, 1338
15040.4, 1337
15052.8, 1336
15058.18, 1335
15069.46, 1334
15077.41, 1333
15083.15, 1332
15092.35, 1331
15099.44, 1330
15126.59, 1329
15136.27, 1328
15146.88, 1327
15151.09, 1326
15168.44, 1325
15175.2, 1324
15183.16, 1323
15190.82, 1322
15193.69, 1321
15199.22, 1320
15209.59, 1319
15215.25, 1318
15220.02, 1317
15224.31, 1316
15228.69, 1315
15260.78, 1314
15266.6, 1313
15282.78, 1312
15286.7, 1311
15297.04, 1310
15300.66, 1309
15309.18, 1308
15316.45, 1307
15336.37, 1306
15342.05, 1305
15344.62, 1304
15356.95, 1303
15365.42, 1302
15368.84, 1301
15375.95, 1300
15398.13, 1299
15402.98, 1298
15407.98, 1297
15454.9, 1296
15464.87, 1295
15471.38, 1294
15476.48, 1293
15482.81, 1292
15489.84, 1291
15492.25, 1290
15505.41, 1289
15510.65, 1288
15513.66, 1287
15521.07, 1286
15524.58, 1285
15543.01, 1284
15563.93, 1283
15572.85, 1282
15578.62, 1281
15581.44, 1280
15585.89, 1279
15594.15, 1278
15601.66, 1277
15605.07, 1276
15616.48, 1275
15632.81, 1274
15660.88, 1273
15665.42, 1272
15678.55, 1271
15689.83, 1270
15691.59, 1269
15697.35, 1268
15701.63, 1267
15706.86, 1266
15712.46, 1265
15736.27, 1264
15752.83, 1263
15764.73, 1262
15768.9, 1261
15793.06, 1260
15809.38, 1259
15826.17, 1258
15833.21, 1257
15851.45, 1256
15857.83, 1255
15861.76, 1254
15882.67, 1253
15897.69, 1252
15904.2, 1251
15914.13, 1250
15919.51, 1249
15931.47, 1248
15943.18, 1247
15948.18, 1246
15952.47, 1245
15959.31, 1244
15968.53, 1243
15973.91, 1242
15977.4, 1241
15992.72, 1240
16030.94, 1239
16039.35, 1238
16047.83, 1237
16060.47, 1236
16064.97, 1235
16068.42, 1234
16075.86, 1233
16091.59, 1232
16099.62, 1231
16107.86, 1230
16131.39, 1229
16141.02, 1228
16150.58, 1227
16156.24, 1226
16169.5, 1225
16175.95, 1224
16180.76, 1223
16185.14, 1222
16190.7, 1221
16193.43, 1220
16216.37, 1219
16220.28, 1218
16226.14, 1217
16230.56, 1216
16235.27, 1215
16240.71, 1214
16276.04, 1213
16293.41, 1212
16296.87, 1211
16302.82, 1210
16307.89, 1209
16313.17, 1208
16320.32, 1207
16331.18, 1206
16334.85, 1205
16351.31, 1204
16360.09, 1203
16366.2, 1202
16372.37, 1201
16383.11, 1200
16399.3, 1199
16402.27, 1198
16415.9, 1197
16423.81, 1196
16426.26, 1195
16432.89, 1194
16437.54, 1193
16442.34, 1192
16464.72, 1191
16475.42, 1190
16481.43, 1189
16487.67, 1188
16492.05, 1187
16506.37, 1186
16524.73, 1185
16545.82, 1184
16549.82, 1183
16577.98, 1182
16587.94, 1181
16631.39, 1180
16638.16, 1179
16643.46, 1178
16657.63, 1177
16659.94, 1176
16666.16, 1175
16674.1, 1174
16682.56, 1173
16687.0, 1172
16698.8, 1171
16701.74, 1170
16719.5, 1169
16733.09, 1168
16745.12, 1167
16751.84, 1166
16771.14, 1165
16776.59, 1164
16791.36, 1163
16799.91, 1162
16809.43, 1161
16818.96, 1160
16826.33, 1159
16832.77, 1158
16861.6, 1157
16867.99, 1156
16887.45, 1155
16903.77, 1154
16910.02, 1153
16925.8, 1152
16942.52, 1151
16949.01, 1150
16966.39, 1149
16974.66, 1148
16975.75, 1147
17004.47, 1146
17009.89, 1145
17018.11, 1144
17043.16, 1143
17049.69, 1142
17054.06, 1141
17060.06, 1140
17067.77, 1139
17082.17, 1138
17094.05, 1137
17102.27, 1136
17139.49, 1135
17146.52, 1134
17164.35, 1133
17181.11, 1132
17207.41, 1131
17216.36, 1130
17224.95, 1129
17241.63, 1128
17248.15, 1127
17253.79, 1126
17262.19, 1125
17266.6, 1124
17273.54, 1123
17281.34, 1122
17289.83, 1121
17296.37, 1120
17300.21, 1119
17331.44, 1118
17342.07, 1117
17351.74, 1116
17357.45, 1115
17369.03, 1114
17375.48, 1113
17382.92, 1112
17392.74, 1111
17399.24, 1110
17404.31, 1109
17446.68, 1108
17449.54, 1107
17456.59, 1106
17460.24, 1105
17465.75, 1104
17470.13, 1103
17487.63, 1102
17493.27, 1101
17515.03, 1100
17529.78, 1099
17540.5, 1098
17550.43, 1097
17568.58, 1096
17574.95, 1095
17599.93, 1094
17611.83, 1093
17617.79, 1092
17628.21, 1091
17643.02, 1090
17655.87, 1089
17656.96, 1088
17669.37, 1087
17685.11, 1086
17691.9, 1085
17696.96, 1084
17707.11, 1083
17713.65, 1082
17725.43, 1081
17728.98, 1080
17735.18, 1079
17745.56, 1078
17750.8, 1077
17755.32, 1076
17763.56, 1075
17774.74, 1074
17781.14, 1073
17785.74, 1072
17791.31, 1071
17799.65, 1070
17806.45, 1069
17809.84, 1068
17865.32, 1067
17870.48, 1066
17893.22, 1065
17928.33, 1064
17936.04, 1063
17940.62, 1062
17944.6, 1061
17952.7, 1060
17961.52, 1059
17967.3, 1058
17972.83, 1057
17980.15, 1056
18007.95, 1055
18073.97, 1054
18081.59, 1053
18086.68, 1052
18090.81, 1051
18103.92, 1050
18110.44, 1049
18119.36, 1048
18127.67, 1047
18130.54, 1046
18137.81, 1045
18143.44, 1044
18153.74, 1043
18160.82, 1042
18164.65, 1041
18170.9, 1040
18175.38, 1039
18180.14, 1038
18221.28, 1037
18223.44, 1036
18228.27, 1035
18244.73, 1034
18246.24, 1033
18246.59, 1032
18251.91, 1031
18261.84, 1030
18264.22, 1029
18266.66, 1028
18290.65, 1027
18295.66, 1026
18304.4, 1025
18361.78, 1024
18377.76, 1023
18381.64, 1022
18388.52, 1021
18390.8, 1020
18402.95, 1019
18414.31, 1018
18418.46, 1017
18423.75, 1016
18472.68, 1015
18477.05, 1014
18484.85, 1013
18492.18, 1012
18504.89, 1011
18507.17, 1010
18513.81, 1009
18517.75, 1008
18520.26, 1007
18536.45, 1006
18538.03, 1005
18538.74, 1004
18544.99, 1003
18550.52, 1002
18563.63, 1001
18568.32, 1000
18571.74, 999
18577.78, 998
18587.68, 997
18591.2, 996
18594.8, 995
18603.0, 994
18609.08, 993
18613.82, 992
18655.91, 991
18679.46, 990
18679.55, 989
18683.29, 988
18755.98, 987
18761.24, 986
18764.52, 985
18777.8, 984
18782.11, 983
18788.72, 982
18795.59, 981
18801.37, 980
18805.43, 979
18809.41, 978
18825.23, 977
18831.51, 976
18839.44, 975
18842.9, 974
18844.56, 973
18849.61, 972
18859.97, 971
18871.74, 970
18873.85, 969
18878.4, 968
18885.3, 967
18892.2, 966
18897.92, 965
18903.47, 964
18906.89, 963
18922.33, 962
18924.62, 961
18926.14, 960
18997.75, 959
19005.18, 958
19011.49, 957
19028.7, 956
19038.61, 955
19045.25, 954
19051.13, 953
19055.9, 952
19059.09, 951
19073.07, 950
19081.35, 949
19086.18, 948
19104.45, 947
19120.64, 946
19124.85, 945
19133.71, 944
19146.76, 943
19150.81, 942
19160.06, 941
19165.39, 940
19170.29, 939
19218.23, 938
19226.33, 937
19231.73, 936
19239.91, 935
19240.63, 934
19250.19, 933
19259.98, 932
19265.73, 931
19269.37, 930
19275.94, 929
19290.37, 928
19340.66, 927
19341.42, 926
19342.15, 925
19345.05, 924
19355.93, 923
19379.6, 922
19380.35, 921
19384.36, 920
19393.27, 919
19395.39, 918
19411.22, 917
19415.35, 916
19420.96, 915
19436.13, 914
19436.54, 913
19439.78, 912
19457.42, 911
19511.96, 910
19518.11, 909
19521.83, 908
19526.2, 907
19533.79, 906
19539.84, 905
19557.85, 904
19559.87, 903
19560.52, 902
19566.24, 901
19571.68, 900
19581.18, 899
19586.24, 898
19593.33, 897
19598.41, 896
19609.18, 895
19617.58, 894
19622.46, 893
19629.38, 892
19634.91, 891
19640.32, 890
19729.84, 889
19736.84, 888
19739.19, 887
19744.86, 886
19799.8, 885
19812.77, 884
19817.73, 883
19823.2, 882
19828.37, 881
19835.91, 880
19839.39, 879
19852.73, 878
19859.72, 877
19864.0, 876
19869.2, 875
19877.07, 874
19881.18, 873
19928.14, 872
19928.91, 871
19935.64, 870
19941.14, 869
19948.77, 868
19955.35, 867
19964.93, 866
19968.47, 865
19975.15, 864
19985.86, 863
19992.71, 862
19998.13, 861
20005.18, 860
20009.05, 859
20014.1, 858
20036.79, 857
20039.71, 856
20046.04, 855
20055.11, 854
20113.94, 853
20118.4, 852
20135.95, 851
20145.36, 850
20165.75, 849
20168.93, 848
20192.48, 847
20200.81, 846
20211.04, 845
20217.88, 844
20220.64, 843
20228.21, 842
20240.72, 841
20244.99, 840
20251.59, 839
20262.13, 838
20262.89, 837
20269.95, 836
20279.26, 835
20288.5, 834
20290.65, 833
20302.89, 832
20346.6, 831
20352.31, 830
20357.26, 829
20361.06, 828
20370.22, 827
20419.38, 826
20422.1, 825
20432.67, 824
20445.21, 823
20448.72, 822
20452.86, 821
20460.94, 820
20466.67, 819
20469.18, 818
20487.22, 817
20493.75, 816
20497.92, 815
20505.66, 814
20507.72, 813
20572.26, 812
20586.81, 811
20590.38, 810
20598.08, 809
20605.1, 808
20609.92, 807
20617.58, 806
20626.29, 805
20631.14, 804
20637.46, 803
20647.62, 802
20652.38, 801
20659.72, 800
20664.43, 799
20672.63, 798
20677.3, 797
20693.34, 796
20706.77, 795
20719.65, 794
20724.69, 793
20755.21, 792
20790.67, 791
20796.87, 790
20801.13, 789
20821.3, 788
20827.26, 787
20831.88, 786
20841.33, 785
20847.84, 784
20851.27, 783
20864.04, 782
20869.24, 781
20878.38, 780
20884.61, 779
20889.22, 778
20896.68, 777
20906.23, 776
20910.44, 775
20916.64, 774
20929.02, 773
20933.42, 772
20937.36, 771
20945.92, 770
20955.26, 769
20959.16, 768
20978.66, 767
21074.28, 766
21081.26, 765
21084.16, 764
21091.38, 763
21098.63, 762
21105.55, 761
21123.11, 760
21125.94, 759
21130.92, 758
21138.25, 757
21143.95, 756
21148.91, 755
21163.74, 754
21183.87, 753
21184.64, 752
21193.41, 751
21217.42, 750
21225.37, 749
21234.04, 748
21238.14, 747
21247.45, 746
21255.94, 745
21261.87, 744
21267.75, 743
21275.12, 742
21281.86, 741
21293.04, 740
21307.34, 739
21368.15, 738
21376.64, 737
21394.94, 736
21410.95, 735
21415.2, 734
21421.22, 733
21428.38, 732
21432.96, 731
21438.0, 730
21452.73, 729
21489.12, 728
21492.18, 727
21509.12, 726
21516.53, 725
21533.52, 724
21542.6, 723
21553.55, 722
21625.82, 721
21629.57, 720
21634.58, 719
21641.92, 718
21697.06, 717
21705.24, 716
21713.2, 715
21720.13, 714
21724.45, 713
21730.28, 712
21737.02, 711
21747.62, 710
21758.08, 709
21764.54, 708
21772.44, 707
21785.42, 706
21789.41, 705
21795.84, 704
21801.37, 703
21807.96, 702
21813.72, 701
21841.86, 700
21847.62, 699
21851.57, 698
21855.95, 697
21864.7, 696
21874.06, 695
21877.72, 694
21887.12, 693
21893.62, 692
21898.39, 691
21907.04, 690
21911.69, 689
21916.83, 688
21929.24, 687
21934.84, 686
22001.66, 685
22007.7, 684
22015.74, 683
22022.96, 682
22031.81, 681
22038.69, 680
22043.14, 679
22053.56, 678
22059.91, 677
22064.86, 676
22072.43, 675
22076.08, 674
22084.86, 673
22099.03, 672
22101.13, 671
22108.3, 670
22114.69, 669
22121.26, 668
22126.98, 667
22143.38, 666
22145.88, 665
22157.78, 664
22162.07, 663
22171.29, 662
22179.03, 661
22188.64, 660
22190.91, 659
22195.56, 658
22205.92, 657
22214.49, 656
22225.79, 655
22237.05, 654
22240.75, 653
22249.66, 652
22258.19, 651
22260.84, 650
22386.78, 649
22402.1, 648
22409.65, 647
22423.25, 646
22428.49, 645
22442.69, 644
22448.08, 643
22459.04, 642
22463.63, 641
22515.11, 640
22524.7, 639
22530.74, 638
22539.91, 637
22563.78, 636
22572.7, 635
22576.61, 634
22585.64, 633
22595.46, 632
22598.85, 631
22631.23, 630
22642.03, 629
22644.4, 628
22652.5, 627
22654.57, 626
22680.33, 625
22703.27, 624
22711.1, 623
22719.58, 622
22732.39, 621
22764.84, 620
22772.26, 619
22780.02, 618
22785.74, 617
22792.88, 616
22799.07, 615
22807.42, 614
22813.69, 613
22819.32, 612
22832.62, 611
22838.89, 610
22846.76, 609
22851.77, 608
22858.64, 607
22866.17, 606
22873.9, 605
22884.22, 604
22933.18, 603
22945.88, 602
22958.1, 601
22965.39, 600
22971.04, 599
22987.22, 598
22997.77, 597
23019.33, 596
23046.68, 595
23052.92, 594
23066.53, 593
23086.18, 592
23102.71, 591
23115.67, 590
23124.86, 589
23133.21, 588
23143.31, 587
23157.3, 586
23167.93, 585
23181.53, 584
23195.68, 583
23208.38, 582
23223.79, 581
23246.33, 580
23255.52, 579
23273.82, 578
23280.72, 577
23291.6, 576
23298.5, 575
23307.72, 574
23321.03, 573
23349.89, 572
23356.5, 571
23369.07, 570
23376.82, 569
23393.43, 568
23402.66, 567
23412.17, 566
23418.2, 565
23428.33, 564
23436.14, 563
23445.57, 562
23464.2, 561
23469.73, 560
23486.39, 559
23493.76, 558
23505.63, 557
23532.59, 556
23538.37, 555
23549.48, 554
23557.84, 553
23564.41, 552
23573.88, 551
23580.56, 550
23586.95, 549
23596.8, 548
23602.29, 547
23615.77, 546
23623.36, 545
23630.21, 544
23638.88, 543
23649.67, 542
23699.78, 541
23721.85, 540
23733.24, 539
23743.44, 538
23757.2, 537
23781.05, 536
23793.2, 535
23802.84, 534
23815.17, 533
23823.63, 532
23835.19, 531
23860.06, 530
23872.22, 529
23881.97, 528
23892.69, 527
23899.14, 526
23917.83, 525
23924.44, 524
23942.09, 523
23951.25, 522
23966.55, 521
23976.64, 520
23988.13, 519
23997.38, 518
24003.16, 517
24022.27, 516
24043.92, 515
24069.01, 514
24082.09, 513
24099.57, 512
24110.77, 511
24134.8, 510
24143.9, 509
24152.53, 508
24160.02, 507
24167.58, 506
24175.71, 505
24182.82, 504
24189.64, 503
24198.78, 502
24215.78, 501
24228.46, 500
24241.05, 499
24279.35, 498
24291.17, 497
24307.42, 496
24325.21, 495
24333.04, 494
24341.1, 493
24351.56, 492
24370.19, 491
24382.3, 490
24398.2, 489
24416.45, 488
24431.75, 487
24460.34, 486
24475.53, 485
24479.01, 484
24490.51, 483
24496.29, 482
24504.01, 481
24514.0, 480
24519.62, 479
24528.15, 478
24535.72, 477
24542.91, 476
24561.28, 475
24571.87, 474
24578.8, 473
24615.65, 472
24627.26, 471
24643.02, 470
24662.14, 469
24669.99, 468
24678.51, 467
24696.54, 466
24724.44, 465
24736.18, 464
24758.19, 463
24774.37, 462
24782.46, 461
24793.2, 460
24801.93, 459
24808.34, 458
24831.89, 457
24843.45, 456
24849.75, 455
24858.13, 454
24866.52, 453
24891.05, 452
24900.65, 451
24909.57, 450
24916.4, 449
24923.94, 448
24946.09, 447
24973.15, 446
24991.77, 445
25010.17, 444
25023.06, 443
25033.07, 442
25051.22, 441
25065.75, 440
25082.02, 439
25094.53, 438
25113.17, 437
25126.12, 436
25133.04, 435
25145.38, 434
25162.4, 433
25170.88, 432
25181.58, 431
25193.96, 430
25206.54, 429
25216.39, 428
25226.47, 427
25235.89, 426
25243.83, 425
25282.76, 424
25302.41, 423
25312.62, 422
25343.55, 421
25354.15, 420
25369.58, 419
25387.39, 418
25401.81, 417
25418.55, 416
25436.23, 415
25447.24, 414
25459.6, 413
25481.75, 412
25514.66, 411
25552.96, 410
25568.11, 409
25586.99, 408
25599.44, 407
25610.86, 406
25620.25, 405
25642.61, 404
25657.58, 403
25668.35, 402
25683.04, 401
25706.62, 400
25726.7, 399
25740.39, 398
25757.25, 397
25763.95, 396
25773.02, 395
25785.43, 394
25792.87, 393
25811.22, 392
25856.2, 391
25865.11, 390
25872.73, 389
25883.2, 388
25891.76, 387
25904.91, 386
25912.83, 385
25924.18, 384
25934.83, 383
25960.16, 382
25984.19, 381
25996.66, 380
26012.7, 379
26032.51, 378
26040.19, 377
26049.0, 376
26073.94, 375
26084.51, 374
26095.0, 373
26102.65, 372
26143.39, 371
26160.0, 370
26174.72, 369
26186.97, 368
26198.44, 367
26222.98, 366
26236.23, 365
26258.1, 364
26276.63, 363
26289.67, 362
26309.02, 361
26325.41, 360
26343.06, 359
26351.47, 358
26359.23, 357
26368.24, 356
26388.76, 355
26399.26, 354
26432.57, 353
26457.03, 352
26465.1, 351
26476.05, 350
26488.2, 349
26495.82, 348
26507.14, 347
26514.36, 346
26523.15, 345
26552.21, 344
26567.58, 343
26587.26, 342
26597.08, 341
26633.05, 340
26649.7, 339
26666.01, 338
26680.82, 337
26689.83, 336
26702.88, 335
26711.97, 334
26723.85, 333
26732.67, 332
26743.23, 331
26765.25, 330
26794.89, 329
26815.05, 328
26825.29, 327
26850.79, 326
26865.14, 325
26879.17, 324
26899.55, 323
26910.72, 322
26932.56, 321
26949.85, 320
26965.2, 319
26980.39, 318
27002.22, 317
27010.79, 316
27020.69, 315
27028.84, 314
27055.17, 313
27074.48, 312
27092.5, 311
27123.64, 310
27135.62, 309
27147.34, 308
27158.82, 307
27173.33, 306
27181.82, 305
27189.98, 304
27209.8, 303
27233.99, 302
27258.12, 301
27268.66, 300
27279.76, 299
27295.63, 298
27317.11, 297
27336.17, 296
27348.5, 295
27362.62, 294
27393.46, 293
27414.37, 292
27431.28, 291
27441.63, 290
27472.54, 289
27489.4, 288
27500.49, 287
27515.44, 286
27546.3, 285
27559.65, 284
27565.78, 283
27576.71, 282
27598.35, 281
27613.76, 280
27628.02, 279
27643.46, 278
27660.14, 277
27669.49, 276
27681.78, 275
27689.84, 274
27701.24, 273
27711.09, 272
27724.38, 271
27737.47, 270
27747.18, 269
27758.46, 268
27766.21, 267
27779.29, 266
27789.64, 265
27796.3, 264
27806.73, 263
27886.77, 262
27893.3, 261
27903.74, 260
27914.85, 259
27925.75, 258
27933.69, 257
27941.37, 256
27955.38, 255
27963.96, 254
27977.06, 253
27987.35, 252
28007.26, 251
28017.24, 250
28027.61, 249
28033.59, 248
28047.65, 247
28054.72, 246
28066.31, 245
28155.31, 244
28161.61, 243
28179.15, 242
28195.3, 241
28205.91, 240
28214.03, 239
28222.78, 238
28241.15, 237
28252.12, 236
28263.61, 235
28275.06, 234
28293.59, 233
28307.45, 232
28319.98, 231
28334.85, 230
28342.92, 229
28352.3, 228
28403.58, 227
28419.69, 226
28432.23, 225
28445.94, 224
28505.74, 223
28506.52, 222
28561.84, 221
28572.87, 220
28582.24, 219
28594.27, 218
28602.39, 217
28618.68, 216
28628.3, 215
28638.25, 214
28660.3, 213
28706.27, 212
28717.1, 211
28726.15, 210
28735.95, 209
28745.1, 208
28778.31, 207
28789.16, 206
28805.47, 205
28845.02, 204
28868.15, 203
28880.44, 202
28889.39, 201
28897.8, 200
28906.12, 199
28919.12, 198
28950.86, 197
28967.83, 196
28978.62, 195
28989.69, 194
29011.91, 193
29020.49, 192
29031.75, 191
29043.01, 190
29052.78, 189
29095.02, 188
29105.65, 187
29131.74, 186
29142.56, 185
29153.44, 184
29169.76, 183
29179.26, 182
29190.13, 181
29202.04, 180
29210.44, 179
29258.07, 178
29269.75, 177
29278.96, 176
29293.65, 175
29308.94, 174
29320.06, 173
29331.19, 172
29343.77, 171
29351.16, 170
29361.83, 169
29409.05, 168
29421.53, 167
29439.3, 166
29446.94, 165
29465.02, 164
29477.77, 163
29490.67, 162
29503.86, 161
29515.28, 160
29527.39, 159
29541.33, 158
29555.68, 157
29563.71, 156
29623.02, 155
29637.73, 154
29657.55, 153
29674.06, 152
29678.43, 151
29724.8, 150
29748.94, 149
29759.09, 148
29769.45, 147
29781.66, 146
29792.07, 145
29831.52, 144
29841.8, 143
29854.47, 142
29865.11, 141
29926.46, 140
29952.41, 139
29965.17, 138
29975.73, 137
29989.6, 136
30006.73, 135
30074.59, 134
30085.87, 133
30095.23, 132
30111.76, 131
30119.13, 130
30131.64, 129
30143.71, 128
30157.11, 127
30169.48, 126
30187.09, 125
30191.55, 124
30202.42, 123
30217.6, 122
30284.55, 121
30298.36, 120
30311.72, 119
30321.09, 118
30337.15, 117
30355.76, 116
30363.77, 115
30374.54, 114
30385.61, 113
30402.6, 112
30416.12, 111
30426.32, 110
30438.37, 109
30450.92, 108
30472.21, 107
30540.76, 106
30554.86, 105
30566.87, 104
30589.57, 103
30603.0, 102
30621.0, 101
30638.86, 100
30650.75, 99
30660.3, 98
30720.16, 97
30732.35, 96
30745.08, 95
30769.87, 94
30781.74, 93
30822.26, 92
30838.17, 91
30875.89, 90
30901.65, 89
30917.14, 88
30957.77, 87
30969.8, 86
30983.61, 85
30995.2, 84
31009.41, 83
31019.64, 82
31031.61, 81
31062.77, 80
31070.93, 79
31120.82, 78
31130.75, 77
31144.04, 76
31170.66, 75
31174.17, 74
31185.44, 73
31197.02, 72
31211.59, 71
31228.49, 70
31254.62, 69
31270.26, 68
31282.01, 67
31296.93, 66
31342.43, 65
31356.13, 64
31367.67, 63
31380.76, 62
31452.29, 61
31504.72, 60
31525.44, 59
31537.03, 58
31548.67, 57
31562.71, 56
31572.69, 55
31585.25, 54
31600.65, 53
31612.08, 52
31686.16, 51
31702.36, 50
31714.95, 49
31730.48, 48
31742.57, 47
31755.31, 46
31769.88, 45
31779.47, 44
31838.81, 43
31856.34, 42
31876.76, 41
31916.88, 40
31932.26, 39
31944.31, 38
31954.91, 37
31974.61, 36
32049.35, 35
32061.59, 34
32076.09, 33
32114.05, 32
32134.86, 31
32142.54, 30
32175.45, 29
32193.4, 28
32203.16, 27
32217.49, 26
32232.86, 25
32245.39, 24
32262.01, 23
32275.74, 22
32294.25, 21
32314.43, 20
32366.35, 19
32405.44, 18
32417.44, 17
32435.58, 16
32452.34, 15
32471.49, 14
32481.99, 13
32528.56, 12
32544.06, 11
