2195.4, 4131
2200.32, 4100
2203.36, 4071
2210.44, 4070
2212.66, 4041
2212.73, 4040
2212.74, 4021
2212.74, 4019
2213.46, 4018
2254.54, 3993
2272.44, 3991
2276.64, 3990
2279.72, 3989
2283.89, 3988
2284.79, 3972
2285.61, 3969
2286.46, 3968
2287.31, 3967
2291.83, 3946
2292.7, 3943
2299.79, 3942
2302.91, 3941
2305.9, 3940
2309.17, 3939
2309.98, 3938
2310.85, 3917
2311.7, 3914
2315.74, 3913
2318.73, 3912
2323.64, 3911
2326.08, 3910
2327.09, 3909
2327.96, 3900
2332.57, 3896
2335.37, 3894
2341.64, 3893
2341.84, 3891
2342.68, 3890
2343.55, 3889
2348.22, 3888
2349.17, 3887
2357.56, 3873
2360.19, 3869
2363.14, 3867
2366.9, 3866
2367.78, 3864
2368.64, 3863
2371.29, 3862
2371.33, 3861
2371.34, 3860
2375.25, 3859
2379.49, 3858
2381.11, 3855
2472.03, 3850
2497.97, 3847
2500.56, 3846
2501.74, 3843
2502.5, 3842
2506.08, 3841
2509.97, 3840
2512.79, 3839
2515.5, 3838
2518.1, 3837
2520.07, 3830
2524.87, 3825
2528.6, 3822
2531.56, 3821
2533.7, 3818
2534.68, 3817
2542.98, 3816
2546.14, 3815
2547.09, 3814
2547.95, 3813
2548.83, 3812
2560.41, 3811
2567.17, 3810
2568.9, 3809
2571.5, 3802
2571.61, 3797
2571.65, 3794
2572.48, 3793
2577.05, 3790
2590.31, 3789
2612.86, 3788
2613.77, 3787
2614.66, 3786
2615.56, 3785
2616.45, 3784
2620.3, 3783
2630.46, 3782
2635.07, 3781
2641.36, 3778
2642.25, 3777
2643.1, 3773
2643.95, 3772
2644.82, 3770
2645.68, 3769
2647.04, 3768
2658.41, 3767
2668.22, 3766
2672.1, 3765
2672.2, 3764
2672.66, 3763
2673.79, 3762
2704.13, 3761
2718.05, 3760
2729.18, 3759
2730.34, 3756
2731.19, 3752
2732.07, 3751
2746.21, 3747
2749.24, 3746
2751.91, 3744
2760.8, 3743
2761.69, 3742
2762.56, 3741
2763.5, 3740
2764.35, 3739
2767.86, 3738
2769.72, 3737
2773.42, 3736
2780.15, 3735
2780.89, 3734
2783.34, 3733
2789.59, 3732
2798.05, 3731
2800.71, 3730
2802.86, 3729
2813.47, 3722
2817.13, 3717
2832.66, 3714
2835.82, 3713
2837.36, 3710
2843.06, 3709
2850.18, 3708
2852.73, 3707
2853.6, 3706
2863.02, 3705
2863.92, 3704
2864.78, 3703
2870.14, 3702
2876.06, 3701
2904.32, 3698
2905.26, 3697
2906.13, 3693
2907.02, 3692
2907.86, 3690
2918.72, 3689
2919.55, 3688
2920.4, 3687
2921.26, 3686
2922.15, 3685
2932.43, 3684
2933.5, 3683
2934.37, 3682
2935.24, 3681
2936.13, 3680
2937.02, 3679
2943.43, 3676
2944.27, 3672
2946.46, 3671
2953.57, 3667
2955.07, 3666
2956.91, 3664
2957.75, 3663
2962.73, 3662
2963.61, 3661
2969.59, 3660
2971.13, 3659
2972.83, 3658
2973.72, 3657
2978.75, 3656
2979.61, 3655
2984.45, 3654
2985.37, 3653
2987.02, 3652
2989.97, 3651
2994.69, 3649
2998.89, 3648
2999.8, 3647
3004.5, 3645
3013.33, 3644
3014.16, 3643
3021.83, 3642
3030.55, 3641
3031.27, 3640
3043.92, 3639
3086.37, 3638
3096.74, 3637
3097.97, 3636
3098.22, 3635
3112.73, 3634
3113.69, 3633
3121.07, 3632
3125.11, 3631
3130.43, 3630
3139.29, 3625
3144.46, 3624
3145.36, 3623
3150.09, 3621
3150.94, 3620
3155.67, 3619
3156.57, 3618
3161.47, 3617
3166.24, 3616
3167.12, 3615
3182.92, 3614
3191.61, 3613
3200.34, 3612
3200.38, 3611
3203.39, 3610
3208.13, 3609
3208.99, 3608
3212.9, 3607
3213.53, 3606
3219.03, 3605
3221.21, 3604
3222.65, 3603
3229.28, 3602
3233.04, 3601
3233.89, 3600
3234.76, 3599
3238.01, 3598
3240.78, 3597
3244.92, 3596
3246.83, 3595
3247.6, 3594
3250.29, 3593
3256.16, 3592
3256.75, 3591
3259.6, 3590
3262.16, 3589
3267.93, 3588
3269.68, 3587
3270.59, 3586
3274.59, 3585
3279.42, 3584
3280.25, 3583
3311.87, 3582
3314.56, 3581
3319.21, 3580
3322.34, 3579
3323.22, 3578
3354.44, 3577
3355.38, 3576
3377.89, 3575
3378.71, 3574
3379.57, 3573
3380.44, 3572
3386.02, 3571
3386.86, 3570
3387.75, 3569
3392.53, 3568
3393.33, 3567
3397.31, 3566
3399.54, 3565
3402.29, 3564
3404.9, 3563
3408.14, 3562
3411.49, 3561
3413.8, 3560
3449.97, 3559
3468.15, 3558
3470.01, 3557
3472.88, 3556
3479.31, 3555
3482.74, 3554
3489.05, 3553
3490.05, 3552
3491.14, 3551
3496.57, 3550
3500.55, 3549
3501.4, 3548
3505.98, 3547
3506.97, 3546
3513.25, 3545
3514.07, 3544
3514.96, 3543
3519.02, 3542
3525.9, 3541
3526.71, 3540
3527.58, 3539
3529.94, 3538
3535.11, 3537
3535.98, 3536
3539.31, 3535
3541.45, 3534
3547.12, 3533
3547.96, 3532
3548.85, 3531
3553.36, 3530
3556.0, 3529
3561.21, 3528
3565.63, 3527
3568.17, 3526
3569.94, 3525
3571.68, 3524
3573.65, 3523
3576.35, 3522
3581.88, 3521
3582.71, 3520
3586.87, 3519
3587.76, 3518
3590.62, 3517
3594.79, 3516
3596.69, 3515
3601.53, 3514
3603.26, 3513
3606.69, 3512
3608.06, 3511
3613.02, 3510
3613.91, 3509
3618.84, 3508
3620.98, 3507
3623.04, 3506
3631.85, 3505
3635.2, 3504
3636.62, 3503
3637.54, 3502
3640.27, 3501
3643.4, 3500
3644.73, 3499
3648.82, 3498
3655.85, 3497
3662.26, 3496
3664.62, 3495
3665.44, 3494
3666.32, 3493
3667.17, 3492
3670.36, 3491
3672.91, 3490
3676.91, 3489
3678.04, 3488
3683.79, 3487
3694.19, 3486
3696.78, 3485
3701.37, 3484
3702.22, 3483
3707.98, 3482
3708.85, 3481
3709.71, 3480
3710.57, 3479
3711.45, 3478
3713.64, 3477
3781.93, 3476
3788.63, 3475
3789.5, 3474
3790.24, 3473
3795.02, 3472
3795.91, 3471
3801.28, 3470
3806.42, 3469
3807.3, 3468
3808.4, 3467
3810.34, 3466
3811.89, 3465
3818.48, 3464
3819.94, 3463
3821.66, 3462
3826.79, 3461
3828.37, 3460
3833.98, 3459
3836.78, 3458
3839.82, 3457
3844.68, 3456
3846.64, 3455
3854.26, 3454
3855.18, 3453
3856.07, 3452
3858.01, 3451
3889.18, 3450
3889.96, 3449
3896.96, 3448
3905.15, 3447
3927.64, 3446
3940.71, 3445
3945.35, 3444
3959.51, 3443
3960.31, 3442
3967.13, 3441
3968.03, 3440
3973.6, 3439
3978.89, 3438
3979.71, 3437
3980.58, 3436
3984.57, 3435
3987.39, 3434
3989.3, 3433
3993.52, 3432
3994.71, 3431
3999.07, 3430
4000.77, 3429
4007.74, 3428
4016.51, 3427
4026.23, 3426
4032.7, 3425
4034.6, 3424
4036.57, 3423
4040.01, 3422
4044.29, 3421
4047.57, 3420
4050.01, 3419
4052.8, 3418
4054.77, 3417
4062.3, 3416
4062.97, 3415
4063.84, 3414
4068.1, 3413
4069.52, 3412
4073.41, 3411
4076.32, 3410
4080.37, 3409
4081.84, 3408
4086.1, 3407
4088.16, 3406
4092.86, 3405
4099.67, 3404
4102.13, 3403
4103.41, 3402
4106.36, 3401
4108.7, 3400
4112.96, 3399
4116.81, 3398
4121.69, 3397
4122.53, 3396
4123.64, 3395
4127.27, 3394
4132.66, 3393
4134.19, 3392
4138.23, 3391
4140.38, 3390
4144.26, 3389
4147.23, 3388
4150.89, 3387
4154.69, 3386
4155.71, 3385
4160.53, 3384
4161.54, 3383
4164.02, 3382
4171.68, 3381
4175.8, 3380
4180.58, 3379
4183.21, 3378
4184.06, 3377
4187.77, 3376
4189.16, 3375
4194.54, 3374
4196.79, 3373
4201.13, 3372
4207.77, 3371
4209.02, 3370
4209.83, 3369
4213.18, 3368
4234.13, 3367
4235.3, 3366
4282.44, 3365
4311.61, 3364
4330.41, 3363
4331.33, 3362
4351.6, 3361
4353.33, 3360
4357.74, 3359
4364.24, 3358
4367.78, 3357
4373.31, 3356
4374.0, 3355
4378.37, 3354
4383.8, 3353
4385.24, 3352
4389.84, 3351
4395.28, 3350
4396.21, 3349
4400.1, 3348
4405.09, 3347
4406.14, 3346
4412.34, 3345
4414.73, 3344
4415.61, 3343
4418.32, 3342
4421.89, 3341
4430.32, 3340
4431.0, 3339
4431.87, 3338
4432.72, 3337
4438.68, 3336
4447.32, 3335
4448.29, 3334
4449.07, 3333
4449.94, 3332
4453.58, 3331
4457.35, 3330
4462.79, 3329
4464.43, 3328
4467.46, 3327
4477.22, 3326
4498.92, 3325
4517.07, 3324
4522.14, 3323
4523.04, 3322
4525.45, 3321
4529.71, 3320
4534.52, 3319
4535.68, 3318
4539.33, 3317
4543.43, 3316
4545.74, 3315
4549.99, 3314
4552.71, 3313
4556.26, 3312
4558.7, 3311
4562.57, 3310
4565.37, 3309
4569.17, 3308
4570.11, 3307
4579.19, 3306
4579.98, 3305
4581.09, 3304
4589.88, 3303
4594.33, 3302
4596.61, 3301
4597.73, 3300
4601.36, 3299
4604.31, 3298
4607.31, 3297
4681.61, 3296
4692.27, 3295
4695.7, 3294
4697.18, 3293
4697.8, 3292
4700.65, 3291
4705.9, 3290
4710.51, 3289
4713.91, 3288
4719.48, 3287
4720.36, 3286
4723.21, 3285
4757.63, 3284
4758.54, 3283
4763.22, 3282
4782.33, 3281
4789.62, 3280
4799.27, 3279
4812.37, 3278
4828.75, 3277
4831.24, 3276
4835.81, 3275
4846.89, 3274
4850.35, 3273
4852.94, 3272
4865.63, 3271
4869.76, 3270
4876.32, 3269
4894.13, 3268
4897.06, 3267
4902.77, 3266
4903.64, 3265
4908.86, 3264
4910.98, 3263
4917.38, 3262
4919.54, 3261
4920.33, 3260
4941.77, 3259
4948.59, 3258
4955.28, 3257
4967.39, 3256
4969.5, 3255
4980.28, 3254
4986.09, 3253
4994.5, 3252
5001.45, 3251
5003.18, 3250
5010.54, 3249
5012.52, 3248
5018.33, 3247
5019.8, 3246
5021.74, 3245
5027.19, 3244
5029.61, 3243
5033.84, 3242
5036.22, 3241
5037.11, 3240
5040.68, 3239
5044.88, 3238
5050.7, 3237
5050.91, 3236
5055.88, 3235
5057.0, 3234
5061.88, 3233
5064.01, 3232
5067.0, 3231
5069.29, 3230
5079.27, 3229
5080.04, 3228
5086.24, 3227
5087.13, 3226
5094.9, 3225
5095.46, 3224
5096.28, 3223
5100.21, 3222
5101.68, 3221
5106.36, 3220
5110.42, 3219
5111.58, 3218
5116.67, 3217
5120.13, 3216
5122.33, 3215
5125.75, 3214
5128.79, 3213
5136.91, 3212
5139.04, 3211
5139.88, 3210
5140.75, 3209
5146.8, 3208
5147.82, 3207
5153.52, 3206
5159.14, 3205
5161.02, 3204
5165.97, 3203
5168.7, 3202
5170.13, 3201
5171.77, 3200
5176.0, 3199
5180.16, 3198
5186.28, 3197
5215.8, 3196
5229.24, 3195
5230.11, 3194
5293.02, 3193
5296.75, 3192
5299.53, 3191
5302.93, 3190
5307.87, 3189
5310.59, 3188
5313.25, 3187
5314.0, 3186
5319.08, 3185
5323.43, 3184
5326.86, 3183
5329.71, 3182
5333.49, 3181
5337.89, 3180
5339.08, 3179
5342.0, 3178
5346.74, 3177
5350.11, 3176
5351.26, 3175
5356.02, 3174
5357.11, 3173
5363.85, 3172
5366.25, 3171
5367.46, 3170
5372.17, 3169
5378.11, 3168
5379.03, 3167
5382.09, 3166
5386.12, 3165
5390.07, 3164
5395.02, 3163
5402.35, 3162
5404.42, 3161
5405.33, 3160
5411.44, 3159
5412.49, 3158
5415.68, 3157
5419.28, 3156
5421.79, 3155
5429.17, 3154
5431.91, 3153
5470.16, 3152
5516.5, 3151
5517.08, 3150
5524.15, 3149
5548.9, 3148
5549.67, 3147
5556.53, 3146
5561.46, 3145
5562.3, 3144
5579.4, 3143
5585.06, 3142
5585.96, 3141
5589.56, 3140
5599.86, 3139
5600.74, 3138
5605.07, 3137
5618.18, 3136
5623.96, 3135
5623.98, 3134
5628.83, 3133
5641.62, 3132
5644.42, 3131
5650.09, 3130
5652.63, 3129
5656.84, 3128
5665.52, 3127
5700.32, 3126
5715.18, 3125
5718.1, 3124
5725.06, 3123
5735.4, 3122
5742.29, 3121
5745.24, 3120
5752.69, 3119
5757.1, 3118
5759.92, 3117
5764.33, 3116
5768.33, 3115
5846.13, 3114
5846.97, 3113
5847.87, 3112
5848.73, 3111
5849.59, 3110
5850.45, 3109
5852.82, 3108
5859.9, 3107
5862.36, 3106
5865.85, 3105
5880.33, 3104
5885.31, 3103
5889.28, 3102
5890.3, 3101
5896.31, 3100
5897.17, 3099
5912.07, 3098
5914.57, 3097
5924.84, 3096
5929.35, 3095
5930.39, 3094
5941.07, 3093
5943.75, 3092
5954.13, 3091
5954.96, 3090
5980.48, 3089
5980.94, 3088
5985.98, 3087
5997.25, 3086
6002.88, 3085
6003.67, 3084
6033.61, 3083
6035.97, 3082
6036.94, 3081
6037.75, 3080
6038.9, 3079
6050.84, 3078
6063.18, 3077
6080.07, 3076
6109.6, 3075
6115.42, 3074
6120.55, 3073
6121.48, 3072
6131.82, 3071
6136.76, 3070
6147.97, 3069
6151.61, 3068
6152.69, 3067
6164.57, 3066
6184.26, 3065
6200.47, 3064
6203.17, 3063
6210.77, 3062
6211.21, 3061
6212.03, 3060
6216.73, 3059
6219.93, 3058
6221.7, 3057
6226.26, 3056
6229.93, 3055
6235.42, 3054
6239.29, 3053
6246.34, 3052
6246.53, 3051
6252.65, 3050
6253.54, 3049
6258.1, 3048
6258.84, 3047
6266.31, 3046
6267.22, 3045
6275.87, 3044
6275.91, 3043
6277.39, 3042
6281.63, 3041
6287.78, 3040
6288.75, 3039
6291.24, 3038
6295.36, 3037
6295.71, 3036
6298.74, 3035
6306.13, 3034
6306.72, 3033
6314.11, 3032
6316.32, 3031
6321.12, 3030
6351.27, 3029
6354.04, 3028
6356.13, 3027
6394.78, 3026
6406.04, 3025
6414.21, 3024
6418.86, 3023
6420.03, 3022
6453.39, 3021
6458.69, 3020
6477.61, 3019
6484.36, 3018
6489.18, 3017
6490.03, 3016
6494.99, 3015
6503.25, 3014
6512.51, 3013
6512.54, 3012
6520.06, 3011
6525.34, 3010
6528.42, 3009
6530.71, 3008
6534.9, 3007
6536.86, 3006
6544.23, 3005
6547.01, 3004
6557.26, 3003
6570.12, 3002
6578.35, 3001
6581.13, 3000
6594.73, 2999
6596.99, 2998
6601.94, 2997
6603.01, 2996
6610.33, 2995
6614.93, 2994
6629.2, 2993
6648.99, 2992
6659.91, 2991
6675.85, 2990
6676.71, 2989
6683.71, 2988
6686.62, 2987
6689.54, 2986
6692.84, 2985
6694.07, 2984
6697.03, 2983
6706.43, 2982
6710.6, 2981
6730.85, 2980
6737.28, 2979
6743.63, 2978
6744.5, 2977
6753.43, 2976
6761.82, 2975
6764.89, 2974
6768.08, 2973
6778.67, 2972
6786.74, 2971
6794.06, 2970
6801.09, 2969
6806.58, 2968
6809.64, 2967
6813.53, 2966
6819.4, 2965
6833.56, 2964
6838.75, 2963
6856.25, 2962
6858.27, 2961
6863.68, 2960
6879.45, 2959
6882.07, 2958
6886.82, 2957
6899.43, 2956
6909.72, 2955
6922.89, 2954
6930.04, 2953
6930.97, 2952
6944.83, 2951
6958.0, 2950
6965.52, 2949
6976.7, 2948
6985.8, 2947
7000.54, 2946
7004.66, 2945
7010.0, 2944
7020.76, 2943
7028.16, 2942
7036.38, 2941
7042.35, 2940
7050.06, 2939
7056.43, 2938
7074.14, 2937
7101.86, 2936
7102.83, 2935
7111.85, 2934
7114.5, 2933
7117.29, 2932
7121.14, 2931
7128.01, 2930
7128.1, 2929
7130.62, 2928
7135.21, 2927
7136.73, 2926
7143.12, 2925
7143.16, 2924
7148.17, 2923
7149.75, 2922
7157.1, 2921
7163.39, 2920
7164.21, 2919
7168.49, 2918
7174.24, 2917
7175.1, 2916
7177.29, 2915
7181.6, 2914
7184.43, 2913
7186.77, 2912
7190.17, 2911
7194.34, 2910
7196.98, 2909
7200.4, 2908
7203.12, 2907
7207.89, 2906
7209.11, 2905
7214.94, 2904
7217.51, 2903
7219.95, 2902
7223.25, 2901
7232.43, 2900
7237.51, 2899
7238.4, 2898
7242.76, 2897
7244.14, 2896
7250.77, 2895
7251.6, 2894
7258.2, 2893
7258.22, 2892
7260.25, 2891
7267.54, 2890
7269.34, 2889
7270.34, 2888
7273.61, 2887
7276.3, 2886
7281.62, 2885
7282.49, 2884
7286.56, 2883
7289.41, 2882
7293.94, 2881
7296.35, 2880
7300.88, 2879
7306.55, 2878
7321.76, 2877
7322.92, 2876
7323.99, 2875
7325.42, 2874
7325.46, 2873
7327.34, 2872
7330.29, 2871
7333.95, 2870
7336.61, 2869
7339.46, 2868
7346.47, 2867
7347.33, 2866
7351.92, 2865
7353.22, 2864
7356.4, 2863
7360.99, 2862
7363.08, 2861
7368.61, 2860
7370.07, 2859
7380.33, 2858
7386.31, 2857
7387.18, 2856
7392.23, 2855
7393.35, 2854
7398.42, 2853
7402.86, 2852
7406.02, 2851
7406.47, 2850
7408.87, 2849
7412.26, 2848
7417.34, 2847
7421.03, 2846
7422.87, 2845
7427.68, 2844
7443.9, 2843
7543.84, 2842
7546.62, 2841
7553.34, 2840
7560.84, 2839
7589.03, 2838
7601.58, 2837
7602.43, 2836
7629.43, 2835
7629.92, 2834
7642.25, 2833
7644.23, 2832
7650.44, 2831
7653.14, 2830
7663.45, 2829
7678.11, 2828
7679.04, 2827
7682.76, 2826
7689.73, 2825
7692.52, 2824
7696.65, 2823
7705.04, 2822
7737.35, 2821
7748.22, 2820
7752.94, 2819
7756.14, 2818
7759.6, 2817
7761.95, 2816
7762.84, 2815
7769.49, 2814
7770.32, 2813
7775.1, 2812
7847.94, 2811
7851.18, 2810
7855.35, 2809
7857.53, 2808
7858.45, 2807
7863.87, 2806
7871.99, 2805
7873.0, 2804
7873.93, 2803
7892.7, 2802
7898.98, 2801
7901.07, 2800
7904.39, 2799
7907.85, 2798
7909.01, 2797
7913.59, 2796
7917.37, 2795
7923.46, 2794
7926.37, 2793
7929.02, 2792
7929.94, 2791
7930.88, 2790
7939.52, 2789
7940.66, 2788
7941.19, 2787
7944.42, 2786
7952.31, 2785
7953.13, 2784
7954.02, 2783
7959.19, 2782
7962.88, 2781
7983.52, 2780
7984.21, 2779
7985.08, 2778
7987.59, 2777
7987.71, 2776
7987.75, 2775
7988.49, 2774
7993.88, 2773
8003.25, 2772
8004.09, 2771
8004.94, 2770
8054.68, 2769
8055.53, 2768
8056.39, 2767
8126.09, 2766
8126.83, 2765
8145.32, 2764
8148.2, 2763
8152.72, 2762
8153.73, 2761
8154.41, 2760
8163.17, 2759
8164.0, 2758
8168.98, 2757
8228.24, 2756
8232.13, 2755
8234.0, 2754
8238.19, 2753
8240.05, 2752
8245.13, 2751
8248.58, 2750
8254.46, 2749
8258.89, 2748
8259.75, 2747
8263.96, 2746
8266.66, 2745
8317.14, 2744
8328.49, 2743
8387.46, 2742
8395.46, 2741
8398.3, 2740
8401.59, 2739
8410.58, 2738
8411.44, 2737
8412.61, 2736
8413.13, 2735
8413.99, 2734
8418.9, 2733
8427.28, 2732
8436.35, 2731
8441.77, 2730
8445.49, 2729
8446.22, 2728
8447.08, 2727
8447.95, 2726
8449.0, 2725
8450.39, 2724
8459.22, 2723
8460.29, 2722
8465.79, 2721
8468.49, 2720
8476.65, 2719
8479.56, 2718
8482.21, 2717
8486.0, 2716
8486.86, 2715
8488.85, 2714
8512.14, 2713
8516.05, 2712
8516.86, 2711
8517.7, 2710
8518.57, 2709
8519.44, 2708
8609.87, 2707
8618.88, 2706
8620.65, 2705
8629.27, 2704
8630.3, 2703
8630.98, 2702
8634.82, 2701
8641.88, 2700
8642.67, 2699
8643.55, 2698
8661.29, 2697
8664.2, 2696
8664.29, 2695
8664.31, 2694
8664.64, 2693
8665.61, 2692
8671.76, 2691
8677.25, 2690
8683.09, 2689
8687.41, 2688
8698.2, 2687
8701.17, 2686
8713.33, 2685
8715.63, 2684
8716.51, 2683
8717.39, 2682
8718.25, 2681
8719.11, 2680
8733.06, 2679
8734.25, 2678
8735.1, 2677
8737.29, 2676
8737.36, 2675
8740.87, 2674
8758.02, 2673
8758.07, 2672
8758.71, 2671
8759.56, 2670
8764.77, 2669
8796.62, 2668
8800.18, 2667
8806.24, 2666
8809.35, 2665
8810.26, 2664
8811.13, 2663
8812.0, 2662
8813.16, 2661
8820.96, 2660
8821.43, 2659
8827.52, 2658
8829.31, 2657
8830.19, 2656
8840.81, 2655
8843.27, 2654
8896.61, 2653
8908.95, 2652
8912.56, 2651
8915.27, 2650
8920.81, 2649
8921.72, 2648
8922.78, 2647
8937.93, 2646
8937.96, 2645
8968.66, 2644
8980.09, 2643
8980.92, 2642
9009.56, 2641
9010.43, 2640
9011.31, 2639
9012.19, 2638
9019.97, 2637
9026.69, 2636
9029.42, 2635
9030.52, 2634
9031.39, 2633
9036.22, 2632
9039.01, 2631
9045.02, 2630
9048.68, 2629
9051.45, 2628
9053.89, 2627
9055.46, 2626
9062.12, 2625
9065.02, 2624
9069.22, 2623
9070.52, 2622
9077.31, 2621
9081.85, 2620
9086.88, 2619
9090.32, 2618
9090.36, 2617
9094.12, 2616
9098.44, 2615
9104.8, 2614
9112.72, 2613
9118.71, 2612
9121.52, 2611
9122.27, 2610
9123.47, 2609
9133.23, 2608
9133.27, 2607
9142.25, 2606
9143.08, 2605
9144.28, 2604
9144.8, 2603
9164.99, 2602
9165.91, 2601
9166.79, 2600
9167.66, 2599
9168.5, 2598
9169.49, 2597
9173.16, 2596
9183.42, 2595
9186.3, 2594
9187.21, 2593
9188.05, 2592
9192.58, 2591
9197.3, 2590
9210.64, 2589
9214.11, 2588
9219.76, 2587
9222.22, 2586
9223.12, 2585
9224.03, 2584
9224.82, 2583
9237.68, 2582
9240.23, 2581
9240.27, 2580
9240.28, 2579
9243.21, 2578
9245.28, 2577
9252.09, 2576
9256.76, 2575
9259.53, 2574
9265.28, 2573
9269.13, 2572
9276.56, 2571
9279.37, 2570
9284.61, 2569
9287.07, 2568
9287.93, 2567
9295.29, 2566
9298.11, 2565
9311.27, 2564
9314.16, 2563
9318.75, 2562
9477.63, 2561
9483.33, 2560
9487.56, 2559
9505.45, 2558
9513.1, 2557
9516.37, 2556
9520.64, 2555
9522.49, 2554
9527.03, 2553
9533.96, 2552
9538.62, 2551
9542.1, 2550
9544.72, 2549
9545.59, 2548
9550.59, 2547
9559.05, 2546
9562.25, 2545
9565.56, 2544
9568.71, 2543
9569.58, 2542
9581.16, 2541
9581.26, 2540
9582.24, 2539
9587.56, 2538
9592.43, 2537
9595.28, 2536
9605.99, 2535
9610.34, 2534
9611.32, 2533
9612.19, 2532
9618.69, 2531
9621.66, 2530
9624.3, 2529
9628.17, 2528
9632.0, 2527
9637.03, 2526
9641.93, 2525
9647.02, 2524
9649.6, 2523
9660.63, 2522
9666.86, 2521
9674.25, 2520
9677.63, 2519
9678.49, 2518
9679.43, 2517
9680.22, 2516
9681.08, 2515
9692.65, 2514
9693.46, 2513
9694.31, 2512
9705.93, 2511
9712.05, 2510
9714.7, 2509
9718.03, 2508
9718.91, 2507
9719.81, 2506
9720.64, 2505
9735.41, 2504
9743.26, 2503
9747.56, 2502
9752.98, 2501
9753.85, 2500
9754.72, 2499
9757.09, 2498
9757.17, 2497
9757.24, 2496
9758.1, 2495
9772.13, 2494
9773.39, 2493
9773.8, 2492
9778.21, 2491
9782.51, 2490
9791.74, 2489
9794.49, 2488
9795.33, 2487
9796.21, 2486
9800.19, 2485
9801.01, 2484
9807.69, 2483
9808.46, 2482
9816.36, 2481
9821.77, 2480
9822.64, 2479
9823.58, 2478
9830.49, 2477
9833.37, 2476
9838.11, 2475
9839.61, 2474
9844.84, 2473
9853.78, 2472
9854.77, 2471
9859.94, 2470
9864.42, 2469
9868.9, 2468
9872.23, 2467
9875.94, 2466
9880.37, 2465
9892.68, 2464
9893.52, 2463
9894.35, 2462
9895.21, 2461
9904.03, 2460
9909.84, 2459
9910.58, 2458
9930.11, 2457
9930.94, 2456
9931.83, 2455
9932.65, 2454
9933.55, 2453
9934.36, 2452
9944.27, 2451
9947.45, 2450
9951.17, 2449
9955.11, 2448
9958.52, 2447
9961.83, 2446
9991.65, 2445
9991.75, 2444
9991.83, 2443
9993.08, 2442
9993.53, 2441
10119.67, 2440
10148.4, 2439
10152.08, 2438
10156.43, 2437
10160.89, 2436
10164.25, 2435
10167.1, 2434
10172.85, 2433
10175.77, 2432
10181.97, 2431
10184.7, 2430
10190.67, 2429
10197.21, 2428
10200.92, 2427
10207.29, 2426
10207.95, 2425
10208.47, 2424
10217.74, 2423
10225.09, 2422
10227.76, 2421
10229.81, 2420
10230.66, 2419
10231.52, 2418
10240.43, 2417
10245.36, 2416
10248.51, 2415
10250.75, 2414
10251.66, 2413
10258.21, 2412
10301.68, 2411
10302.58, 2410
10303.41, 2409
10304.25, 2408
10305.1, 2407
10305.94, 2406
10343.32, 2405
10401.2, 2404
10405.17, 2403
10415.21, 2402
10417.68, 2401
10426.68, 2400
10427.54, 2399
10428.39, 2398
10465.36, 2397
10470.71, 2396
10475.02, 2395
10475.88, 2394
10476.71, 2393
10482.36, 2392
10485.01, 2391
10486.94, 2390
10491.98, 2389
10495.49, 2388
10502.23, 2387
10510.44, 2386
10525.76, 2385
10526.57, 2384
10527.41, 2383
10528.26, 2382
10529.11, 2381
10541.46, 2380
10542.66, 2379
10543.16, 2378
10544.02, 2377
10567.31, 2376
10571.78, 2375
10575.76, 2374
10580.8, 2373
10607.92, 2372
10641.88, 2371
10645.6, 2370
10648.28, 2369
10653.26, 2368
10655.93, 2367
10657.08, 2366
10665.06, 2365
10735.08, 2364
10741.64, 2363
10744.75, 2362
10747.58, 2361
10748.45, 2360
10754.34, 2359
10758.88, 2358
10762.41, 2357
10768.01, 2356
10771.18, 2355
10773.91, 2354
10780.08, 2353
10783.63, 2352
10786.28, 2351
10791.3, 2350
10794.49, 2349
10798.53, 2348
10801.93, 2347
10806.49, 2346
10807.27, 2345
10813.58, 2344
10854.68, 2343
10888.82, 2342
10894.67, 2341
10906.92, 2340
10911.87, 2339
10912.32, 2338
10913.16, 2337
10914.12, 2336
10924.14, 2335
10925.59, 2334
10925.62, 2333
10930.6, 2332
10934.77, 2331
10939.05, 2330
10950.27, 2329
10950.31, 2328
10955.47, 2327
10956.29, 2326
11021.92, 2325
11026.27, 2324
11029.23, 2323
11033.19, 2322
11036.09, 2321
11042.46, 2320
11048.74, 2319
11054.8, 2318
11063.62, 2317
11066.24, 2316
11069.45, 2315
11070.8, 2314
11074.85, 2313
11081.79, 2312
11085.44, 2311
11087.81, 2310
11091.8, 2309
11100.5, 2308
11104.94, 2307
11108.05, 2306
11110.86, 2305
11124.57, 2304
11138.79, 2303
11141.28, 2302
11145.9, 2301
11148.54, 2300
11149.44, 2299
11165.86, 2298
11168.59, 2297
11172.19, 2296
11176.58, 2295
11176.63, 2294
11183.48, 2293
11184.05, 2292
11186.93, 2291
11208.97, 2290
11212.4, 2289
11215.35, 2288
11218.61, 2287
11304.1, 2286
11365.11, 2285
11392.35, 2284
11406.37, 2283
11407.32, 2282
11412.59, 2281
11419.41, 2280
11422.99, 2279
11428.02, 2278
11430.93, 2277
11432.17, 2276
11440.89, 2275
11445.04, 2274
11448.0, 2273
11450.14, 2272
11457.16, 2271
11458.04, 2270
11462.73, 2269
11466.15, 2268
11471.3, 2267
11474.38, 2266
11480.1, 2265
11509.75, 2264
11514.34, 2263
11520.48, 2262
11530.57, 2261
11534.31, 2260
11547.92, 2259
11548.86, 2258
11549.71, 2257
11550.57, 2256
11551.41, 2255
11562.77, 2254
11564.93, 2253
11565.77, 2252
11566.64, 2251
11568.96, 2250
11582.9, 2249
11583.71, 2248
11584.57, 2247
11585.43, 2246
11590.15, 2245
11593.83, 2244
11597.63, 2243
11600.87, 2242
11604.65, 2241
11615.79, 2240
11620.98, 2239
11624.46, 2238
11629.05, 2237
11629.78, 2236
11638.06, 2235
11638.1, 2234
11640.83, 2233
11646.25, 2232
11650.74, 2231
11654.88, 2230
11664.3, 2229
11670.82, 2228
11671.76, 2227
11676.62, 2226
11679.59, 2225
11682.77, 2224
11690.01, 2223
11694.45, 2222
11696.82, 2221
11699.02, 2220
11703.62, 2219
11708.59, 2218
11713.39, 2217
11714.61, 2216
11724.32, 2215
11726.42, 2214
11728.73, 2213
11729.55, 2212
11733.74, 2211
11739.67, 2210
11744.63, 2209
11747.67, 2208
11753.34, 2207
11760.18, 2206
11769.72, 2205
11772.62, 2204
11778.84, 2203
11781.08, 2202
11781.95, 2201
11812.9, 2200
11813.74, 2199
11814.59, 2198
11815.42, 2197
11816.26, 2196
11855.71, 2195
11858.58, 2194
11859.5, 2193
11940.26, 2192
11946.02, 2191
11951.03, 2190
11953.93, 2189
11954.83, 2188
11960.21, 2187
11970.29, 2186
11971.9, 2185
11971.95, 2184
11984.11, 2183
11988.8, 2182
11994.12, 2181
11994.96, 2180
12002.38, 2179
12007.3, 2178
12009.77, 2177
12013.71, 2176
12025.85, 2175
12071.32, 2174
12106.8, 2173
12115.56, 2172
12115.6, 2171
12116.39, 2170
12127.78, 2169
12159.83, 2168
12161.68, 2167
12169.49, 2166
12173.9, 2165
12176.76, 2164
12178.19, 2163
12184.07, 2162
12187.07, 2161
12197.14, 2160
12199.7, 2159
12202.47, 2158
12203.53, 2157
12213.77, 2156
12216.9, 2155
12220.11, 2154
12224.11, 2153
12230.31, 2152
12239.34, 2151
12240.68, 2150
12250.0, 2149
12252.75, 2148
12254.78, 2147
12261.05, 2146
12263.76, 2145
12266.65, 2144
12271.56, 2143
12278.53, 2142
12280.38, 2141
12285.5, 2140
12288.5, 2139
12293.53, 2138
12301.07, 2137
12303.92, 2136
12304.92, 2135
12313.19, 2134
12316.08, 2133
12320.37, 2132
12321.27, 2131
12330.44, 2130
12335.52, 2129
12339.21, 2128
12340.04, 2127
12359.42, 2126
12362.25, 2125
12364.84, 2124
12368.11, 2123
12368.12, 2122
12373.17, 2121
12386.52, 2120
12388.14, 2119
12410.3, 2118
12412.04, 2117
12412.91, 2116
12413.76, 2115
12414.62, 2114
12415.48, 2113
12561.94, 2112
12565.45, 2111
12570.65, 2110
12573.52, 2109
12578.6, 2108
12585.14, 2107
12588.66, 2106
12615.41, 2105
12619.13, 2104
12622.53, 2103
12623.42, 2102
12629.28, 2101
12633.04, 2100
12636.95, 2099
12643.33, 2098
12654.45, 2097
12658.2, 2096
12659.03, 2095
12663.24, 2094
12671.85, 2093
12677.8, 2092
12681.21, 2091
12683.03, 2090
12691.6, 2089
12691.72, 2088
12692.74, 2087
12716.77, 2086
12728.43, 2085
12731.06, 2084
12749.2, 2083
12759.88, 2082
12759.98, 2081
12770.09, 2080
12780.21, 2079
12790.48, 2078
12811.67, 2077
12822.95, 2076
12831.69, 2075
12854.06, 2074
12860.7, 2073
12861.56, 2072
12869.74, 2071
12880.27, 2070
12895.07, 2069
12903.48, 2068
12916.8, 2067
12923.27, 2066
12948.42, 2065
12952.99, 2064
12955.12, 2063
12962.21, 2062
12963.06, 2061
12968.52, 2060
12970.8, 2059
12976.4, 2058
12988.29, 2057
12989.5, 2056
12998.68, 2055
13002.26, 2054
13021.25, 2053
13028.86, 2052
13037.76, 2051
13044.82, 2050
13068.47, 2049
13072.18, 2048
13079.48, 2047
13083.78, 2046
13103.34, 2045
13120.1, 2044
13129.73, 2043
13142.43, 2042
13143.84, 2041
13148.87, 2040
13152.78, 2039
13161.97, 2038
13164.09, 2037
13167.36, 2036
13186.84, 2035
13208.69, 2034
13212.32, 2033
13215.1, 2032
13226.0, 2031
13231.4, 2030
13236.62, 2029
13258.52, 2028
13263.67, 2027
13269.71, 2026
13274.44, 2025
13278.27, 2024
13296.99, 2023
13302.6, 2022
13308.38, 2021
13313.1, 2020
13331.65, 2019
13347.46, 2018
13351.67, 2017
13358.72, 2016
13393.99, 2015
13398.5, 2014
13416.13, 2013
13419.99, 2012
13420.91, 2011
13426.76, 2010
13428.04, 2009
13436.26, 2008
13441.01, 2007
13442.95, 2006
13449.9, 2005
13454.67, 2004
13455.56, 2003
13461.84, 2002
13469.74, 2001
13474.95, 2000
13475.87, 1999
13480.03, 1998
13487.42, 1997
13488.25, 1996
13495.06, 1995
13499.03, 1994
13511.26, 1993
13513.59, 1992
13517.41, 1991
13521.99, 1990
13524.0, 1989
13528.68, 1988
13532.88, 1987
13535.99, 1986
13544.23, 1985
13546.78, 1984
13550.39, 1983
13556.52, 1982
13560.13, 1981
13562.02, 1980
13566.36, 1979
13579.87, 1978
13580.02, 1977
13583.95, 1976
13588.46, 1975
13590.18, 1974
13609.65, 1973
13655.68, 1972
13683.57, 1971
13694.54, 1970
13703.77, 1969
13709.84, 1968
13735.33, 1967
13760.31, 1966
13764.86, 1965
13769.94, 1964
13798.02, 1963
13801.63, 1962
13811.39, 1961
13819.98, 1960
13828.03, 1959
13830.87, 1958
13836.31, 1957
13855.57, 1956
13858.62, 1955
13863.28, 1954
13865.16, 1953
13877.79, 1952
13880.0, 1951
13885.97, 1950
13888.82, 1949
13890.67, 1948
13896.88, 1947
13900.08, 1946
13906.41, 1945
13913.15, 1944
13944.65, 1943
13963.09, 1942
13969.29, 1941
13970.08, 1940
13971.37, 1939
13979.78, 1938
13986.73, 1937
13990.96, 1936
13998.33, 1935
14008.27, 1934
14029.41, 1933
14032.0, 1932
14034.67, 1931
14039.73, 1930
14050.54, 1929
14051.42, 1928
14056.57, 1927
14058.85, 1926
14062.57, 1925
14067.57, 1924
14071.31, 1923
14082.66, 1922
14086.02, 1921
14089.1, 1920
14092.95, 1919
14097.27, 1918
14100.88, 1917
14111.53, 1916
14113.36, 1915
14120.42, 1914
14126.86, 1913
14127.99, 1912
14155.44, 1911
14190.48, 1910
14202.28, 1909
14206.16, 1908
14225.7, 1907
14228.42, 1906
14230.95, 1905
14237.5, 1904
14242.98, 1903
14243.88, 1902
14266.64, 1901
14269.16, 1900
14286.75, 1899
14307.82, 1898
14311.9, 1897
14316.61, 1896
14320.84, 1895
14326.81, 1894
14347.53, 1893
14371.11, 1892
14372.89, 1891
14384.46, 1890
14388.63, 1889
14398.9, 1888
14402.6, 1887
14406.42, 1886
14412.26, 1885
14417.11, 1884
14419.57, 1883
14423.76, 1882
14439.52, 1881
14444.39, 1880
14454.87, 1879
14458.63, 1878
14465.91, 1877
14469.81, 1876
14471.76, 1875
14532.84, 1874
14544.65, 1873
14547.82, 1872
14561.07, 1871
14573.01, 1870
14588.63, 1869
14594.9, 1868
14598.44, 1867
14601.62, 1866
14609.13, 1865
14610.58, 1864
14624.92, 1863
14635.69, 1862
14640.16, 1861
14663.25, 1860
14688.88, 1859
14696.72, 1858
14706.91, 1857
14732.97, 1856
14735.75, 1855
14744.11, 1854
14765.58, 1853
14771.68, 1852
14775.96, 1851
14786.61, 1850
14794.08, 1849
14801.91, 1848
14809.36, 1847
14818.07, 1846
14823.15, 1845
14847.11, 1844
14864.46, 1843
14874.68, 1842
14883.23, 1841
14886.15, 1840
14890.66, 1839
14894.68, 1838
14900.49, 1837
14906.51, 1836
14946.31, 1835
14958.65, 1834
14976.93, 1833
14982.45, 1832
14989.48, 1831
15000.66, 1830
15020.05, 1829
15025.12, 1828
15033.92, 1827
15039.69, 1826
15044.13, 1825
15049.34, 1824
15053.15, 1823
15056.51, 1822
15061.51, 1821
15066.91, 1820
15069.97, 1819
15075.48, 1818
15080.56, 1817
15119.74, 1816
15121.45, 1815
15128.31, 1814
15133.23, 1813
15139.55, 1812
15165.59, 1811
15177.71, 1810
15193.88, 1809
15202.5, 1808
15205.14, 1807
15210.87, 1806
15218.17, 1805
15225.51, 1804
15233.28, 1803
15236.64, 1802
15251.78, 1801
15254.75, 1800
15259.47, 1799
15262.5, 1798
15269.87, 1797
15278.46, 1796
15302.32, 1795
15323.54, 1794
15329.79, 1793
15335.58, 1792
15343.86, 1791
15364.25, 1790
15366.97, 1789
15369.96, 1788
15377.28, 1787
15386.59, 1786
15404.43, 1785
15428.91, 1784
15431.39, 1783
15433.61, 1782
15441.05, 1781
15453.39, 1780
15463.71, 1779
15473.62, 1778
15477.49, 1777
15479.78, 1776
15488.64, 1775
15492.63, 1774
15496.55, 1773
15501.05, 1772
15505.11, 1771
15510.31, 1770
15513.73, 1769
15518.4, 1768
15521.88, 1767
15529.81, 1766
15535.35, 1765
15541.64, 1764
15550.42, 1763
15551.24, 1762
15556.18, 1761
15561.37, 1760
15573.64, 1759
15632.57, 1758
15635.23, 1757
15648.87, 1756
15654.52, 1755
15662.65, 1754
15663.67, 1753
15672.6, 1752
15676.44, 1751
15711.5, 1750
15739.3, 1749
15752.18, 1748
15768.72, 1747
15775.26, 1746
15778.14, 1745
15788.13, 1744
15796.48, 1743
15806.46, 1742
15816.22, 1741
15817.09, 1740
15826.62, 1739
15844.4, 1738
15848.97, 1737
15857.04, 1736
15862.78, 1735
15876.03, 1734
15889.39, 1733
15902.47, 1732
15906.24, 1731
15921.94, 1730
15925.77, 1729
15933.35, 1728
15940.51, 1727
15962.02, 1726
15965.28, 1725
15972.77, 1724
15980.74, 1723
15983.6, 1722
15991.45, 1721
16003.12, 1720
16012.8, 1719
16032.44, 1718
16038.27, 1717
16042.74, 1716
16047.29, 1715
16055.08, 1714
16063.13, 1713
16070.73, 1712
16075.01, 1711
16076.82, 1710
16081.73, 1709
16127.17, 1708
16128.44, 1707
16128.71, 1706
16146.51, 1705
16156.27, 1704
16164.23, 1703
16166.78, 1702
16167.43, 1701
16178.07, 1700
16180.62, 1699
16183.81, 1698
16207.27, 1697
16209.42, 1696
16209.45, 1695
16209.46, 1694
16264.89, 1693
16268.2, 1692
16278.42, 1691
16279.12, 1690
16282.52, 1689
16292.12, 1688
16296.44, 1687
16302.7, 1686
16313.44, 1685
16327.84, 1684
16328.54, 1683
16333.09, 1682
16337.91, 1681
16344.66, 1680
16351.09, 1679
16353.5, 1678
16360.11, 1677
16363.48, 1676
16374.47, 1675
16423.55, 1674
16427.69, 1673
16433.32, 1672
16436.41, 1671
16442.27, 1670
16443.92, 1669
16449.54, 1668
16452.74, 1667
16459.34, 1666
16463.29, 1665
16468.47, 1664
16476.12, 1663
16481.72, 1662
16484.68, 1661
16488.1, 1660
16502.12, 1659
16511.97, 1658
16517.23, 1657
16519.82, 1656
16556.34, 1655
16564.14, 1654
16583.96, 1653
16602.16, 1652
16610.89, 1651
16633.92, 1650
16638.5, 1649
16653.12, 1648
16656.94, 1647
16662.76, 1646
16665.39, 1645
16669.64, 1644
16679.76, 1643
16704.22, 1642
16713.72, 1641
16717.55, 1640
16738.25, 1639
16742.28, 1638
16752.17, 1637
16756.77, 1636
16760.85, 1635
16763.35, 1634
16785.74, 1633
16796.33, 1632
16802.03, 1631
16802.98, 1630
16819.5, 1629
16830.74, 1628
16830.91, 1627
16836.11, 1626
16846.27, 1625
16848.33, 1624
16851.86, 1623
16858.58, 1622
16862.56, 1621
16866.48, 1620
16872.39, 1619
16874.6, 1618
16881.03, 1617
16883.99, 1616
16888.39, 1615
16892.25, 1614
16901.59, 1613
16946.49, 1612
16980.22, 1611
16988.3, 1610
17000.89, 1609
17005.85, 1608
17030.48, 1607
17035.18, 1606
17036.53, 1605
17046.36, 1604
17070.8, 1603
17073.42, 1602
17077.07, 1601
17082.11, 1600
17093.57, 1599
17097.66, 1598
17103.24, 1597
17122.57, 1596
17129.17, 1595
17135.71, 1594
17157.19, 1593
17161.59, 1592
17164.64, 1591
17168.81, 1590
17176.56, 1589
17184.79, 1588
17228.34, 1587
17255.26, 1586
17283.7, 1585
17286.5, 1584
17289.26, 1583
17296.2, 1582
17301.9, 1581
17303.85, 1580
17307.61, 1579
17315.36, 1578
17318.52, 1577
17322.97, 1576
17329.23, 1575
17335.49, 1574
17339.19, 1573
17346.84, 1572
17346.88, 1571
17354.2, 1570
17369.44, 1569
17392.45, 1568
17394.6, 1567
17400.32, 1566
17465.38, 1565
17469.85, 1564
17473.83, 1563
17479.83, 1562
17485.14, 1561
17489.26, 1560
17494.14, 1559
17500.62, 1558
17505.74, 1557
17508.78, 1556
17512.29, 1555
17521.71, 1554
17539.17, 1553
17544.9, 1552
17553.1, 1551
17577.87, 1550
17598.95, 1549
17601.61, 1548
17612.93, 1547
17617.07, 1546
17652.01, 1545
17654.88, 1544
17677.13, 1543
17684.45, 1542
17694.56, 1541
17698.85, 1540
17702.8, 1539
17728.22, 1538
17728.26, 1537
17736.58, 1536
17744.13, 1535
17750.31, 1534
17754.39, 1533
17760.1, 1532
17764.2, 1531
17773.99, 1530
17778.5, 1529
17819.71, 1528
17867.98, 1527
17872.81, 1526
17891.55, 1525
17891.66, 1524
17895.65, 1523
17903.18, 1522
17933.44, 1521
17939.21, 1520
17941.31, 1519
17946.09, 1518
17956.2, 1517
17958.68, 1516
17960.89, 1515
17967.6, 1514
17971.6, 1513
17974.29, 1512
17980.08, 1511
17988.03, 1510
17991.28, 1509
17996.37, 1508
18001.12, 1507
18004.72, 1506
18006.91, 1505
18011.01, 1504
18015.99, 1503
18018.36, 1502
18040.35, 1501
18104.9, 1500
18111.99, 1499
18113.91, 1498
18117.95, 1497
18125.75, 1496
18128.51, 1495
18132.94, 1494
18138.55, 1493
18140.1, 1492
18145.58, 1491
18148.09, 1490
18152.47, 1489
18159.56, 1488
18176.03, 1487
18181.34, 1486
18186.21, 1485
18190.34, 1484
18193.49, 1483
18197.1, 1482
18205.83, 1481
18208.41, 1480
18212.39, 1479
18214.98, 1478
18217.89, 1477
18221.49, 1476
18224.84, 1475
18229.02, 1474
18237.06, 1473
18241.02, 1472
18243.99, 1471
18248.26, 1470
18257.62, 1469
18261.55, 1468
18266.04, 1467
18284.88, 1466
18302.78, 1465
18305.97, 1464
18318.26, 1463
18319.0, 1462
18319.71, 1461
18320.41, 1460
18321.11, 1459
18322.57, 1458
18322.6, 1457
18335.41, 1456
18336.83, 1455
18336.86, 1454
18338.84, 1453
18344.48, 1452
18352.04, 1451
18353.44, 1450
18358.27, 1449
18363.28, 1448
18367.71, 1447
18380.57, 1446
18387.37, 1445
18389.81, 1444
18395.91, 1443
18398.72, 1442
18404.3, 1441
18407.87, 1440
18409.7, 1439
18416.02, 1438
18421.01, 1437
18458.46, 1436
18519.93, 1435
18525.08, 1434
18530.76, 1433
18543.82, 1432
18551.81, 1431
18555.33, 1430
18581.21, 1429
18585.85, 1428
18596.95, 1427
18600.62, 1426
18614.72, 1425
18617.97, 1424
18630.57, 1423
18635.28, 1422
18712.99, 1421
18752.27, 1420
18772.88, 1419
18785.72, 1418
18804.16, 1417
18806.05, 1416
18864.31, 1415
18867.1, 1414
18884.06, 1413
18887.91, 1412
18895.51, 1411
18898.22, 1410
18909.77, 1409
18915.09, 1408
18924.21, 1407
18929.27, 1406
18942.19, 1405
18944.3, 1404
18958.42, 1403
18961.03, 1402
18974.21, 1401
18980.4, 1400
18997.12, 1399
18999.94, 1398
19018.09, 1397
19019.72, 1396
19040.86, 1395
19041.56, 1394
19054.94, 1393
19058.31, 1392
19063.49, 1391
19067.64, 1390
19074.79, 1389
19079.05, 1388
19084.0, 1387
19091.77, 1386
19099.51, 1385
19103.22, 1384
19111.2, 1383
19117.92, 1382
19127.44, 1381
19131.89, 1380
19139.37, 1379
19158.69, 1378
19161.74, 1377
19168.82, 1376
19184.42, 1375
19187.46, 1374
19188.13, 1373
19203.05, 1372
19211.75, 1371
19214.15, 1370
19230.46, 1369
19234.54, 1368
19238.71, 1367
19257.55, 1366
19259.05, 1365
19267.1, 1364
19275.18, 1363
19443.18, 1362
19445.89, 1361
19459.44, 1360
19463.47, 1359
19470.85, 1358
19485.31, 1357
19492.58, 1356
19493.27, 1355
19597.63, 1354
19604.39, 1353
19606.99, 1352
19648.07, 1351
19650.98, 1350
19658.11, 1349
19677.41, 1348
19681.69, 1347
19684.58, 1346
19703.02, 1345
19709.33, 1344
19713.29, 1343
19725.67, 1342
19730.16, 1341
19744.14, 1340
19748.4, 1339
19752.38, 1338
19768.83, 1337
19771.73, 1336
19777.7, 1335
19791.2, 1334
19796.23, 1333
19802.92, 1332
19821.32, 1331
19823.41, 1330
19828.76, 1329
19835.23, 1328
19838.96, 1327
19842.95, 1326
19854.88, 1325
19875.12, 1324
19879.95, 1323
19887.01, 1322
19980.82, 1321
19983.39, 1320
19995.45, 1319
20033.65, 1318
20038.05, 1317
20041.98, 1316
20048.84, 1315
20086.5, 1314
20144.47, 1313
20147.05, 1312
20149.15, 1311
20161.65, 1310
20173.11, 1309
20175.86, 1308
20180.15, 1307
20202.21, 1306
20207.59, 1305
20208.27, 1304
20231.55, 1303
20235.19, 1302
20242.1, 1301
20263.14, 1300
20265.97, 1299
20271.32, 1298
20294.62, 1297
20300.55, 1296
20303.04, 1295
20317.58, 1294
20328.53, 1293
20332.81, 1292
20343.32, 1291
20354.05, 1290
20358.85, 1289
20368.25, 1288
20490.38, 1287
20500.39, 1286
20511.78, 1285
20523.96, 1284
20528.61, 1283
20534.19, 1282
20541.17, 1281
20543.6, 1280
20548.64, 1279
20559.49, 1278
20564.52, 1277
20570.1, 1276
20575.29, 1275
20580.07, 1274
20601.19, 1273
20616.04, 1272
20618.92, 1271
20623.94, 1270
20640.92, 1269
20650.3, 1268
20653.21, 1267
20701.37, 1266
20741.95, 1265
20753.96, 1264
20757.26, 1263
20763.09, 1262
20785.35, 1261
20796.41, 1260
20798.47, 1259
20804.37, 1258
20820.26, 1257
20892.89, 1256
20897.12, 1255
20932.31, 1254
20947.96, 1253
20961.07, 1252
20964.39, 1251
20969.93, 1250
21022.71, 1249
21068.25, 1248
21072.57, 1247
21075.71, 1246
21104.46, 1245
21109.43, 1244
21124.6, 1243
21126.85, 1242
21151.95, 1241
21221.51, 1240
21235.8, 1239
21248.25, 1238
21274.03, 1237
21278.87, 1236
21294.14, 1235
21296.41, 1234
21300.94, 1233
21307.86, 1232
21313.03, 1231
21317.32, 1230
21323.43, 1229
21328.16, 1228
21333.34, 1227
21339.58, 1226
21346.84, 1225
21351.78, 1224
21360.23, 1223
21425.57, 1222
21437.25, 1221
21449.15, 1220
21454.35, 1219
21460.64, 1218
21477.26, 1217
21487.39, 1216
21492.89, 1215
21497.78, 1214
21518.69, 1213
21524.41, 1212
21533.09, 1211
21537.44, 1210
21544.67, 1209
21567.41, 1208
21579.99, 1207
21585.32, 1206
21585.34, 1205
21588.92, 1204
21614.53, 1203
21616.7, 1202
21625.17, 1201
21630.94, 1200
21639.62, 1199
21656.99, 1198
21657.58, 1197
21680.75, 1196
21691.31, 1195
21693.85, 1194
21780.52, 1193
21852.0, 1192
21872.16, 1191
21925.85, 1190
21928.53, 1189
21939.15, 1188
21945.52, 1187
21947.91, 1186
21958.79, 1185
21961.2, 1184
21964.81, 1183
21969.95, 1182
21977.78, 1181
21980.89, 1180
21988.43, 1179
21992.0, 1178
21996.76, 1177
22001.0, 1176
22025.08, 1175
22034.42, 1174
22043.34, 1173
22046.15, 1172
22065.61, 1171
22073.31, 1170
22076.05, 1169
22087.33, 1168
22091.56, 1167
22097.89, 1166
22116.24, 1165
22127.98, 1164
22128.74, 1163
22137.61, 1162
22201.97, 1161
22207.65, 1160
22226.34, 1159
22235.37, 1158
22241.6, 1157
22250.03, 1156
22268.84, 1155
22273.28, 1154
22315.16, 1153
22318.55, 1152
22329.66, 1151
22330.26, 1150
22343.5, 1149
22347.74, 1148
22423.66, 1147
22426.06, 1146
22436.18, 1145
22441.82, 1144
22452.94, 1143
22462.43, 1142
22530.29, 1141
22542.46, 1140
22548.62, 1139
22553.94, 1138
22557.08, 1137
22562.77, 1136
22591.06, 1135
22597.09, 1134
22599.28, 1133
22605.39, 1132
22616.86, 1131
22622.24, 1130
22626.04, 1129
22630.29, 1128
22639.25, 1127
22641.63, 1126
22665.56, 1125
22671.0, 1124
22676.52, 1123
22750.82, 1122
22799.27, 1121
22800.17, 1120
22806.88, 1119
22828.0, 1118
22835.33, 1117
22837.96, 1116
22842.22, 1115
22903.48, 1114
22905.64, 1113
22911.41, 1112
22919.34, 1111
22925.46, 1110
22928.87, 1109
22933.81, 1108
22965.02, 1107
22969.72, 1106
22974.77, 1105
22986.47, 1104
22993.51, 1103
23068.29, 1102
23083.23, 1101
23099.49, 1100
23101.87, 1099
23108.43, 1098
23129.52, 1097
23134.83, 1096
23139.8, 1095
23168.7, 1094
23179.45, 1093
23183.37, 1092
23189.35, 1091
23194.03, 1090
23198.82, 1089
23206.37, 1088
23232.19, 1087
23236.48, 1086
23244.26, 1085
23250.12, 1084
23257.04, 1083
23262.37, 1082
23268.54, 1081
23272.03, 1080
23284.2, 1079
23287.96, 1078
23292.72, 1077
23300.25, 1076
23305.31, 1075
23309.82, 1074
23321.8, 1073
23393.79, 1072
23457.88, 1071
23472.98, 1070
23476.88, 1069
23494.1, 1068
23496.96, 1067
23500.34, 1066
23504.61, 1065
23510.47, 1064
23561.11, 1063
23565.16, 1062
23590.94, 1061
23594.42, 1060
23673.4, 1059
23676.3, 1058
23684.49, 1057
23692.94, 1056
23695.69, 1055
23700.77, 1054
23713.22, 1053
23717.66, 1052
23728.35, 1051
23735.1, 1050
23740.64, 1049
23744.91, 1048
23749.55, 1047
23753.25, 1046
23756.71, 1045
23762.23, 1044
23813.62, 1043
23814.32, 1042
23886.08, 1041
23903.17, 1040
23909.61, 1039
23916.43, 1038
23927.38, 1037
23931.57, 1036
23935.77, 1035
23940.15, 1034
23946.08, 1033
23955.64, 1032
23962.46, 1031
23966.53, 1030
23974.93, 1029
23980.99, 1028
23988.02, 1027
23993.32, 1026
23998.84, 1025
24003.08, 1024
24009.99, 1023
24100.79, 1022
24120.19, 1021
24137.8, 1020
24145.21, 1019
24187.67, 1018
24196.73, 1017
24204.47, 1016
24207.15, 1015
24214.72, 1014
24220.7, 1013
24225.34, 1012
24236.32, 1011
24240.74, 1010
24246.06, 1009
24260.18, 1008
24264.34, 1007
24312.63, 1006
24313.38, 1005
24314.09, 1004
24314.8, 1003
24315.5, 1002
24316.21, 1001
24322.27, 1000
24394.24, 999
24394.93, 998
24445.61, 997
24456.09, 996
24468.19, 995
24476.41, 994
24519.73, 993
24525.7, 992
24534.65, 991
24559.4, 990
24561.33, 989
24566.27, 988
24578.77, 987
24596.34, 986
24601.34, 985
24611.41, 984
24612.15, 983
24621.73, 982
24639.19, 981
24644.62, 980
24662.17, 979
24671.49, 978
24678.64, 977
24683.12, 976
24689.6, 975
24694.12, 974
24719.0, 973
24759.17, 972
24804.42, 971
24816.6, 970
24818.97, 969
24851.1, 968
24853.11, 967
24857.7, 966
24862.13, 965
24868.02, 964
24872.29, 963
24877.74, 962
24881.38, 961
24886.46, 960
24936.19, 959
24947.75, 958
24974.05, 957
24977.49, 956
25031.59, 955
25034.13, 954
25039.93, 953
25046.7, 952
25063.79, 951
25081.89, 950
25103.08, 949
25119.66, 948
25141.58, 947
25147.88, 946
25151.77, 945
25172.97, 944
25194.93, 943
25203.51, 942
25214.98, 941
25219.44, 940
25225.15, 939
25236.5, 938
25243.3, 937
25250.74, 936
25254.96, 935
25257.93, 934
25267.15, 933
25275.98, 932
25279.92, 931
25329.25, 930
25344.92, 929
25353.65, 928
25365.25, 927
25372.33, 926
25378.02, 925
25385.52, 924
25417.65, 923
25434.59, 922
25440.26, 921
25462.83, 920
25503.29, 919
25507.98, 918
25530.15, 917
25563.48, 916
25603.1, 915
25616.39, 914
25620.9, 913
25629.32, 912
25641.99, 911
25666.98, 910
25685.04, 909
25688.3, 908
25703.26, 907
25711.51, 906
25716.55, 905
25749.52, 904
25770.73, 903
25791.07, 902
25802.98, 901
25817.25, 900
25822.65, 899
25827.35, 898
25833.45, 897
25861.88, 896
25867.8, 895
25872.57, 894
25878.9, 893
25885.77, 892
25889.3, 891
25902.86, 890
25907.55, 889
25916.93, 888
25919.82, 887
25928.15, 886
25935.36, 885
25943.63, 884
25951.26, 883
25951.92, 882
25963.96, 881
25969.38, 880
25977.31, 879
25980.36, 878
25987.18, 877
26059.56, 876
26084.1, 875
26085.79, 874
26122.51, 873
26126.1, 872
26141.19, 871
26158.69, 870
26163.43, 869
26169.82, 868
26178.15, 867
26179.99, 866
26186.29, 865
26235.15, 864
26261.23, 863
26269.63, 862
26283.43, 861
26290.83, 860
26303.04, 859
26313.1, 858
26321.88, 857
26336.6, 856
26346.81, 855
26358.05, 854
26360.75, 853
26385.23, 852
26418.57, 851
26427.25, 850
26443.45, 849
26446.58, 848
26454.34, 847
26461.53, 846
26466.43, 845
26472.86, 844
26484.02, 843
26491.3, 842
26497.04, 841
26503.15, 840
26509.82, 839
26516.05, 838
26523.74, 837
26530.94, 836
26535.76, 835
26546.61, 834
26550.84, 833
26556.31, 832
26563.48, 831
26569.62, 830
26576.1, 829
26678.23, 828
26688.38, 827
26693.38, 826
26700.82, 825
26705.85, 824
26712.86, 823
26717.42, 822
26723.93, 821
26727.24, 820
26742.02, 819
26744.92, 818
26806.39, 817
26811.73, 816
26819.19, 815
26840.33, 814
26843.19, 813
26850.23, 812
26868.58, 811
26895.11, 810
26908.31, 809
26912.59, 808
26919.53, 807
26927.33, 806
26930.15, 805
26946.79, 804
26961.53, 803
26983.94, 802
27000.79, 801
27004.71, 800
27015.53, 799
27027.53, 798
27049.23, 797
27060.66, 796
27069.33, 795
27078.24, 794
27087.15, 793
27103.39, 792
27114.37, 791
27131.98, 790
27175.34, 789
27181.39, 788
27188.3, 787
27193.82, 786
27201.19, 785
27205.31, 784
27233.57, 783
27237.41, 782
27244.52, 781
27248.17, 780
27260.96, 779
27264.69, 778
27273.97, 777
27277.95, 776
27284.5, 775
27290.01, 774
27295.14, 773
27299.16, 772
27388.14, 771
27401.13, 770
27409.68, 769
27428.8, 768
27433.46, 767
27436.5, 766
27445.56, 765
27468.49, 764
27477.18, 763
27493.81, 762
27501.27, 761
27507.82, 760
27513.76, 759
27524.59, 758
27529.37, 757
27540.43, 756
27566.08, 755
27569.74, 754
27597.64, 753
27608.15, 752
27613.35, 751
27623.61, 750
27654.9, 749
27660.84, 748
27664.59, 747
27671.71, 746
27679.32, 745
27685.31, 744
27751.45, 743
27754.93, 742
27790.2, 741
27798.41, 740
27803.11, 739
27823.77, 738
27827.62, 737
27832.48, 736
27837.32, 735
27848.72, 734
27884.11, 733
27894.51, 732
27896.27, 731
27911.62, 730
27918.26, 729
27923.93, 728
27928.13, 727
28006.68, 726
28008.82, 725
28014.28, 724
28018.12, 723
28026.06, 722
28029.46, 721
28035.66, 720
28051.98, 719
28053.81, 718
28058.54, 717
28065.79, 716
28072.33, 715
28075.61, 714
28089.52, 713
28092.72, 712
28100.65, 711
28106.35, 710
28110.72, 709
28120.29, 708
28128.2, 707
28132.84, 706
28138.33, 705
28148.46, 704
28154.62, 703
28161.14, 702
28167.5, 701
28171.62, 700
28211.84, 699
28394.32, 698
28398.87, 697
28402.7, 696
28411.8, 695
28418.82, 694
28423.07, 693
28428.62, 692
28439.84, 691
28449.86, 690
28518.79, 689
28527.21, 688
28530.4, 687
28535.04, 686
28540.38, 685
28545.15, 684
28554.77, 683
28562.11, 682
28569.9, 681
28574.16, 680
28581.29, 679
28585.23, 678
28589.63, 677
28604.47, 676
28614.01, 675
28618.19, 674
28623.36, 673
28628.35, 672
28634.9, 671
28646.58, 670
28652.17, 669
28660.11, 668
28663.54, 667
28739.49, 666
28747.35, 665
28756.59, 664
28758.31, 663
28765.24, 662
28776.43, 661
28781.23, 660
28786.86, 659
28794.62, 658
28800.21, 657
28806.93, 656
28819.54, 655
28824.57, 654
28831.13, 653
28840.26, 652
28852.19, 651
28859.56, 650
28866.9, 649
28874.99, 648
28887.72, 647
28893.57, 646
28902.08, 645
28918.39, 644
28925.81, 643
28931.06, 642
28938.8, 641
28948.4, 640
28959.85, 639
28967.44, 638
28980.62, 637
28987.15, 636
28996.53, 635
29012.95, 634
29017.67, 633
29024.62, 632
29031.79, 631
29043.39, 630
29055.58, 629
29061.19, 628
29151.59, 627
29158.38, 626
29218.54, 625
29292.04, 624
29298.8, 623
29306.05, 622
29313.51, 621
29332.3, 620
29335.82, 619
29344.11, 618
29350.26, 617
29359.79, 616
29361.93, 615
29370.07, 614
29377.88, 613
29383.71, 612
29393.03, 611
29401.18, 610
29407.77, 609
29417.25, 608
29431.41, 607
29437.85, 606
29445.58, 605
29451.9, 604
29458.04, 603
29466.05, 602
29473.33, 601
29480.24, 600
29486.65, 599
29494.31, 598
29502.85, 597
29508.99, 596
29516.11, 595
29525.61, 594
29530.06, 593
29541.79, 592
29550.55, 591
29557.18, 590
29563.16, 589
29571.6, 588
29579.59, 587
29586.17, 586
29594.2, 585
29599.0, 584
29606.39, 583
29615.11, 582
29624.19, 581
29632.06, 580
29641.81, 579
29646.74, 578
29657.86, 577
29670.2, 576
29676.62, 575
29684.37, 574
29691.9, 573
29702.84, 572
29709.79, 571
29717.16, 570
29726.61, 569
29734.8, 568
29742.83, 567
29751.01, 566
29759.98, 565
29767.12, 564
29777.22, 563
29785.19, 562
29805.69, 561
29813.31, 560
29826.39, 559
29832.31, 558
29842.26, 557
29850.29, 556
29858.16, 555
29872.36, 554
29880.03, 553
29887.06, 552
29893.04, 551
29904.81, 550
29912.41, 549
29925.91, 548
29931.03, 547
29939.96, 546
29946.1, 545
29958.9, 544
29967.16, 543
29985.5, 542
29992.2, 541
30000.68, 540
30008.51, 539
30020.27, 538
30023.95, 537
30034.37, 536
30051.86, 535
30054.59, 534
30084.44, 533
30098.47, 532
30113.29, 531
30130.83, 530
30141.24, 529
30158.74, 528
30169.97, 527
30180.8, 526
30186.95, 525
30205.69, 524
30217.23, 523
30227.29, 522
30238.0, 521
30243.64, 520
30258.94, 519
30259.61, 518
30268.93, 517
30293.72, 516
30300.78, 515
30310.57, 514
30323.68, 513
30325.87, 512
30340.66, 511
30346.02, 510
30358.93, 509
30366.81, 508
30373.69, 507
30385.48, 506
30392.38, 505
30399.15, 504
30415.12, 503
30417.54, 502
30427.54, 501
30434.01, 500
30440.77, 499
30451.91, 498
30458.72, 497
30468.83, 496
30477.82, 495
30481.76, 494
30493.83, 493
30501.06, 492
30509.86, 491
30521.25, 490
30525.24, 489
30550.89, 488
30557.25, 487
30565.81, 486
30582.24, 485
30594.76, 484
30596.8, 483
30605.44, 482
30613.3, 481
30624.13, 480
30630.21, 479
30637.19, 478
30652.08, 477
30661.09, 476
30669.14, 475
30677.79, 474
30685.42, 473
30697.7, 472
30704.57, 471
30711.56, 470
30718.86, 469
30732.01, 468
30746.0, 467
30753.28, 466
30761.93, 465
30771.05, 464
30778.8, 463
30786.54, 462
30793.29, 461
30805.4, 460
30818.46, 459
30827.98, 458
30834.71, 457
30842.45, 456
30849.26, 455
30857.4, 454
30880.82, 453
30900.65, 452
30914.78, 451
30926.65, 450
30947.56, 449
30958.2, 448
30965.11, 447
30977.16, 446
30984.62, 445
30998.58, 444
31008.64, 443
31014.67, 442
31024.37, 441
31036.11, 440
31043.37, 439
31056.2, 438
31062.34, 437
31075.77, 436
31091.8, 435
31097.9, 434
31150.49, 433
31157.52, 432
31167.17, 431
31174.15, 430
31184.97, 429
31198.11, 428
31208.95, 427
31217.08, 426
31232.25, 425
31246.19, 424
31263.89, 423
31269.28, 422
31280.74, 421
31291.83, 420
31299.35, 419
31318.45, 418
31329.74, 417
31336.6, 416
31349.99, 415
31360.12, 414
31373.02, 413
31384.5, 412
31393.66, 411
31401.88, 410
31414.88, 409
31427.7, 408
31450.55, 407
31470.79, 406
31480.5, 405
31490.84, 404
31499.26, 403
31517.48, 402
31525.71, 401
31546.81, 400
31559.68, 399
31568.64, 398
31589.91, 397
31599.14, 396
31608.51, 395
31620.82, 394
31631.03, 393
31645.2, 392
31652.79, 391
31661.16, 390
31675.19, 389
31688.11, 388
31722.69, 387
31752.89, 386
31761.04, 385
31770.36, 384
31780.8, 383
31790.92, 382
31807.12, 381
31813.63, 380
31827.27, 379
31832.94, 378
31844.02, 377
31852.1, 376
31860.26, 375
31873.33, 374
31881.68, 373
31892.04, 372
31901.86, 371
31907.52, 370
31920.7, 369
31927.12, 368
31936.35, 367
31951.07, 366
31959.39, 365
31967.77, 364
31978.67, 363
31986.27, 362
31994.66, 361
32006.31, 360
32013.88, 359
32027.06, 358
32039.0, 357
32048.55, 356
32058.4, 355
32068.22, 354
32076.8, 353
32090.27, 352
32098.61, 351
32109.5, 350
32117.44, 349
32131.95, 348
32146.22, 347
32162.91, 346
32166.56, 345
32178.04, 344
32185.63, 343
32197.51, 342
32210.4, 341
32218.07, 340
32230.37, 339
32242.03, 338
32248.29, 337
32261.54, 336
32271.94, 335
32285.34, 334
32298.77, 333
32311.11, 332
32317.27, 331
32342.79, 330
32354.81, 329
32366.92, 328
32375.96, 327
32386.46, 326
32394.58, 325
32407.74, 324
32415.04, 323
32428.09, 322
32454.79, 321
32466.57, 320
32476.74, 319
32486.84, 318
32496.71, 317
32507.18, 316
32516.34, 315
32528.27, 314
32536.86, 313
32546.59, 312
32578.02, 311
32592.23, 310
32616.11, 309
32630.72, 308
32661.23, 307
32667.96, 306
32677.17, 305
32751.6, 304
32752.37, 303
32753.46, 302
32754.06, 301
32755.39, 300
32755.47, 299
32755.94, 298
32764.9, 297
32787.79, 296
32788.52, 295
32806.79, 294
32813.43, 293
32827.99, 292
32831.19, 291
32839.33, 290
32849.11, 289
32861.21, 288
32876.68, 287
32882.03, 286
32898.33, 285
32902.74, 284
32912.74, 283
32932.96, 282
32933.62, 281
32939.71, 280
32957.03, 279
32958.54, 278
32985.19, 277
32992.07, 276
33001.78, 275
33030.93, 274
33044.21, 273
33053.13, 272
33065.48, 271
33076.94, 270
33085.65, 269
33099.78, 268
33117.68, 267
33136.15, 266
33157.17, 265
33166.56, 264
33177.55, 263
33188.94, 262
33198.39, 261
33222.63, 260
33238.98, 259
33261.57, 258
33284.02, 257
33303.75, 256
33318.2, 255
33331.66, 254
33340.79, 253
33358.33, 252
33375.62, 251
33386.1, 250
33399.84, 249
33417.58, 248
33427.86, 247
33454.29, 246
33468.14, 245
33481.48, 244
33491.24, 243
33526.79, 242
33545.02, 241
33555.01, 240
33568.03, 239
33580.05, 238
33592.13, 237
33608.65, 236
33652.24, 235
33663.06, 234
33678.51, 233
33687.92, 232
33707.22, 231
33729.31, 230
33741.02, 229
33752.38, 228
33775.64, 227
33795.34, 226
33811.49, 225
33819.79, 224
33840.26, 223
33850.21, 222
33863.2, 221
33878.7, 220
33891.78, 219
33911.49, 218
33925.92, 217
33952.82, 216
33977.52, 215
33989.29, 214
33999.62, 213
34013.34, 212
34026.67, 211
34044.23, 210
34063.23, 209
34072.24, 208
34097.92, 207
34109.27, 206
34118.51, 205
34139.94, 204
34157.34, 203
34168.45, 202
34180.91, 201
34200.5, 200
34219.09, 199
34234.34, 198
34247.4, 197
34262.21, 196
34269.25, 195
34280.03, 194
34295.42, 193
34301.18, 192
34316.09, 191
34336.34, 190
34350.54, 189
34368.73, 188
34378.6, 187
34391.27, 186
34401.31, 185
34415.63, 184
34433.33, 183
34456.65, 182
34469.4, 181
34491.93, 180
34528.35, 179
34537.22, 178
34554.81, 177
34565.64, 176
34576.92, 175
34595.26, 174
34610.93, 173
34622.98, 172
34641.8, 171
34656.96, 170
34670.0, 169
34682.02, 168
34712.36, 167
34725.8, 166
34744.91, 165
34761.6, 164
34781.23, 163
34792.64, 162
34807.45, 161
34820.98, 160
34845.56, 159
34863.31, 158
34871.69, 157
34892.56, 156
34903.13, 155
34925.4, 154
34950.23, 153
34964.53, 152
34980.1, 151
35004.65, 150
35018.35, 149
35029.66, 148
35045.5, 147
35069.55, 146
35079.56, 145
35095.04, 144
35131.51, 143
35144.35, 142
35162.23, 141
35179.09, 140
35198.21, 139
35217.66, 138
35229.33, 137
35241.98, 136
35256.13, 135
35269.78, 134
35293.75, 133
35310.34, 132
35320.47, 131
35343.17, 130
35354.49, 129
35365.22, 128
35381.76, 127
35394.93, 126
35410.59, 125
35424.44, 124
35442.1, 123
35453.81, 122
35470.71, 121
35485.13, 120
35514.97, 119
35528.29, 118
35539.82, 117
35559.53, 116
35575.18, 115
35593.88, 114
35610.1, 113
35626.95, 112
35650.69, 111
35663.53, 110
35677.05, 109
35691.66, 108
35703.01, 107
35725.01, 106
35739.33, 105
35760.17, 104
35773.47, 103
35789.65, 102
35808.52, 101
35822.47, 100
35841.64, 99
35851.21, 98
35870.99, 97
35879.82, 96
35900.98, 95
35915.59, 94
35940.15, 93
35959.31, 92
35977.31, 91
35988.6, 90
36001.93, 89
36014.49, 88
36051.29, 87
36063.52, 86
36098.2, 85
36116.55, 84
36129.87, 83
36144.53, 82
36161.2, 81
36186.33, 80
36211.23, 79
36237.71, 78
36269.14, 77
36283.39, 76
36297.18, 75
36313.35, 74
36330.78, 73
36347.48, 72
36361.92, 71
36379.19, 70
36398.25, 69
36421.34, 68
36438.58, 67
36450.2, 66
36467.12, 65
36483.89, 64
36498.7, 63
36511.43, 62
36523.87, 61
36545.61, 60
36562.86, 59
36573.72, 58
36594.82, 57
36626.17, 56
36647.33, 55
36661.19, 54
36687.2, 53
