2259.52, 3746
2268.11, 3745
2278.17, 3744
2281.76, 3723
2282.57, 3722
2283.41, 3721
2288.48, 3720
2289.47, 3699
2289.98, 3698
2294.16, 3697
2300.48, 3696
2307.52, 3695
2315.25, 3694
2318.51, 3693
2341.47, 3680
2346.4, 3679
2347.95, 3678
2351.14, 3677
2356.22, 3676
2365.2, 3675
2365.3, 3674
2366.62, 3673
2367.25, 3660
2368.39, 3659
2368.82, 3658
2369.61, 3657
2373.6, 3656
2375.99, 3655
2385.65, 3654
2396.66, 3612
2396.76, 3611
2397.7, 3610
2398.62, 3591
2408.95, 3590
2415.11, 3589
2421.76, 3588
2422.84, 3587
2428.24, 3569
2429.02, 3568
2431.18, 3567
2434.37, 3566
2437.61, 3565
2437.74, 3564
2437.91, 3563
2438.71, 3562
2447.04, 3561
2451.65, 3552
2453.67, 3551
2454.55, 3550
2455.38, 3549
2456.15, 3548
2458.05, 3547
2460.74, 3546
2464.08, 3545
2464.59, 3544
2471.54, 3543
2475.65, 3534
2476.74, 3533
2477.55, 3532
2478.38, 3531
2479.28, 3530
2480.11, 3529
2480.92, 3528
2491.42, 3527
2493.23, 3526
2493.97, 3525
2494.77, 3524
2495.57, 3518
2496.35, 3517
2497.17, 3516
2503.96, 3515
2509.72, 3514
2513.18, 3513
2518.44, 3512
2581.3, 3511
2582.15, 3510
2582.93, 3509
2583.87, 3508
2584.79, 3507
2585.4, 3506
2588.51, 3505
2611.14, 3501
2612.45, 3500
2613.4, 3499
2628.24, 3498
2646.12, 3497
2660.95, 3496
2666.21, 3495
2678.79, 3494
2680.3, 3493
2680.33, 3492
2693.84, 3491
2708.2, 3490
2717.51, 3489
2719.21, 3488
2724.83, 3487
2726.75, 3486
2748.79, 3485
2761.2, 3484
2767.34, 3483
2771.19, 3482
2775.37, 3481
2777.74, 3480
2783.36, 3479
2785.77, 3478
2786.56, 3477
2787.38, 3476
2788.05, 3475
2788.84, 3474
2792.5, 3473
2794.73, 3472
2797.13, 3471
2799.57, 3470
2807.52, 3469
2815.43, 3468
2817.98, 3467
2824.7, 3466
2832.39, 3465
2841.84, 3464
2849.0, 3463
2860.26, 3462
2862.77, 3461
2865.26, 3460
2872.07, 3459
2872.89, 3458
2873.69, 3457
2874.5, 3456
2876.01, 3455
2883.43, 3454
2895.73, 3453
2896.5, 3452
2897.29, 3451
2898.32, 3450
2898.86, 3449
2907.41, 3448
2908.17, 3447
2908.98, 3446
2913.59, 3445
2915.4, 3444
2916.23, 3443
2925.56, 3442
2926.51, 3441
2928.67, 3440
2935.92, 3439
2936.72, 3438
2937.78, 3437
2940.07, 3436
2940.16, 3435
2940.18, 3434
2950.45, 3433
2958.77, 3432
2961.04, 3431
2962.87, 3430
2963.75, 3429
2964.4, 3428
2965.2, 3427
2965.96, 3426
2968.51, 3425
2974.41, 3424
2975.32, 3423
2976.14, 3422
2981.04, 3421
2984.72, 3420
2992.61, 3419
2995.78, 3418
2996.57, 3417
2997.44, 3416
2998.35, 3415
2998.93, 3414
3015.98, 3413
3028.84, 3412
3029.59, 3411
3030.43, 3410
3042.02, 3409
3042.82, 3408
3043.61, 3407
3044.39, 3406
3045.17, 3405
3058.85, 3404
3059.48, 3403
3060.26, 3402
3061.1, 3401
3066.02, 3400
3069.85, 3399
3070.42, 3398
3071.15, 3397
3074.75, 3396
3075.25, 3395
3076.09, 3394
3076.95, 3393
3098.66, 3392
3100.97, 3391
3102.06, 3390
3102.51, 3389
3108.01, 3388
3110.31, 3387
3112.68, 3386
3115.18, 3385
3117.55, 3384
3118.4, 3383
3121.84, 3382
3124.31, 3381
3125.04, 3380
3142.75, 3379
3158.4, 3378
3159.87, 3377
3162.2, 3376
3167.32, 3375
3169.16, 3374
3170.59, 3373
3176.12, 3372
3176.93, 3371
3178.65, 3370
3182.41, 3369
3183.29, 3368
3186.35, 3367
3192.53, 3366
3198.89, 3365
3205.42, 3364
3207.72, 3363
3209.08, 3362
3212.93, 3361
3217.16, 3360
3223.36, 3359
3230.3, 3358
3235.82, 3357
3240.52, 3356
3242.1, 3355
3243.99, 3354
3256.22, 3353
3267.45, 3352
3268.7, 3351
3274.33, 3350
3278.67, 3349
3279.45, 3348
3284.21, 3347
3285.32, 3346
3290.04, 3345
3290.87, 3344
3297.67, 3343
3298.51, 3342
3302.68, 3341
3307.25, 3340
3309.56, 3339
3314.94, 3338
3315.81, 3337
3316.62, 3336
3325.54, 3335
3326.33, 3334
3327.11, 3333
3332.42, 3332
3341.25, 3331
3345.56, 3330
3351.03, 3329
3353.08, 3328
3357.54, 3327
3360.88, 3326
3365.3, 3325
3366.15, 3324
3366.97, 3323
3367.72, 3322
3368.53, 3321
3374.68, 3320
3375.42, 3319
3376.2, 3318
3383.39, 3317
3384.24, 3316
3385.05, 3315
3385.88, 3314
3390.76, 3313
3398.6, 3312
3410.31, 3311
3417.14, 3310
3433.22, 3309
3443.4, 3308
3444.15, 3307
3444.95, 3306
3459.78, 3305
3471.58, 3304
3474.95, 3303
3475.75, 3302
3477.29, 3301
3480.88, 3300
3481.67, 3299
3493.09, 3298
3493.82, 3297
3494.61, 3296
3495.4, 3295
3500.73, 3294
3504.29, 3293
3506.34, 3292
3508.62, 3291
3509.48, 3290
3513.33, 3289
3515.28, 3288
3516.1, 3287
3520.26, 3286
3521.01, 3285
3524.72, 3284
3527.16, 3283
3536.91, 3282
3537.7, 3281
3538.48, 3280
3539.8, 3279
3542.72, 3278
3546.7, 3277
3551.12, 3276
3559.87, 3275
3575.31, 3274
3579.46, 3273
3581.87, 3272
3610.01, 3271
3616.32, 3270
3617.53, 3269
3618.52, 3268
3619.12, 3267
3624.15, 3266
3626.17, 3265
3632.41, 3264
3633.84, 3263
3642.24, 3262
3643.82, 3261
3643.91, 3260
3644.53, 3259
3645.38, 3258
3653.68, 3257
3656.21, 3256
3657.38, 3255
3658.22, 3254
3659.04, 3253
3662.21, 3252
3665.28, 3251
3668.46, 3250
3670.76, 3249
3675.25, 3248
3676.28, 3247
3677.05, 3246
3699.07, 3245
3699.84, 3244
3713.82, 3243
3717.24, 3242
3718.12, 3241
3720.34, 3240
3721.27, 3239
3724.02, 3238
3725.95, 3237
3729.08, 3236
3737.57, 3235
3738.4, 3234
3739.18, 3233
3739.97, 3232
3746.23, 3231
3748.9, 3230
3751.57, 3229
3757.58, 3228
3758.63, 3227
3759.48, 3226
3760.26, 3225
3761.03, 3224
3761.82, 3223
3762.6, 3222
3766.14, 3221
3767.48, 3220
3775.21, 3219
3776.01, 3218
3776.81, 3217
3782.46, 3216
3783.64, 3215
3790.38, 3214
3791.17, 3213
3791.95, 3212
3792.73, 3211
3796.24, 3210
3800.05, 3209
3800.91, 3208
3801.7, 3207
3811.43, 3206
3814.01, 3205
3815.41, 3204
3816.26, 3203
3817.09, 3202
3817.9, 3201
3826.29, 3200
3829.01, 3199
3832.0, 3198
3853.8, 3197
3854.5, 3196
3857.81, 3195
3881.74, 3194
3882.52, 3193
3886.41, 3192
3888.77, 3191
3893.93, 3190
3898.94, 3189
3901.7, 3188
3904.35, 3187
3910.57, 3186
3911.76, 3185
3912.58, 3184
3913.36, 3183
3914.13, 3182
3930.38, 3181
3942.08, 3180
3944.64, 3179
3946.92, 3178
3960.71, 3177
3967.85, 3176
3976.47, 3175
3980.58, 3174
3994.46, 3173
3998.79, 3172
4006.88, 3171
4013.7, 3170
4016.5, 3169
4019.75, 3168
4024.2, 3167
4024.96, 3166
4025.73, 3165
4026.54, 3164
4029.09, 3163
4032.08, 3162
4034.28, 3161
4039.07, 3160
4040.64, 3159
4041.48, 3158
4044.62, 3157
4048.53, 3156
4055.31, 3155
4058.78, 3154
4063.73, 3153
4064.08, 3152
4065.17, 3151
4065.64, 3150
4066.48, 3149
4069.27, 3148
4072.0, 3147
4077.42, 3146
4082.4, 3145
4083.22, 3144
4102.5, 3143
4131.41, 3142
4132.5, 3141
4133.32, 3140
4134.17, 3139
4138.42, 3138
4146.57, 3137
4148.59, 3136
4149.45, 3135
4153.29, 3134
4156.81, 3133
4159.76, 3132
4161.99, 3131
4173.39, 3130
4174.21, 3129
4175.0, 3128
4178.14, 3127
4180.69, 3126
4182.1, 3125
4190.71, 3124
4191.43, 3123
4192.22, 3122
4195.87, 3121
4198.17, 3120
4212.6, 3119
4219.85, 3118
4223.23, 3117
4242.1, 3116
4250.14, 3115
4259.74, 3114
4262.23, 3113
4265.42, 3112
4266.95, 3111
4266.99, 3110
4267.85, 3109
4273.93, 3108
4276.92, 3107
4279.65, 3106
4281.84, 3105
4284.74, 3104
4287.28, 3103
4290.04, 3102
4290.87, 3101
4295.13, 3100
4297.5, 3099
4300.84, 3098
4309.38, 3097
4323.49, 3096
4326.12, 3095
4331.03, 3094
4334.68, 3093
4335.32, 3092
4344.57, 3091
4346.88, 3090
4349.52, 3089
4352.87, 3088
4353.5, 3087
4354.41, 3086
4361.76, 3085
4370.09, 3084
4384.4, 3083
4389.2, 3082
4398.79, 3081
4400.8, 3080
4412.66, 3079
4418.28, 3078
4422.21, 3077
4425.74, 3076
4428.57, 3075
4429.63, 3074
4430.42, 3073
4437.6, 3072
4441.86, 3071
4442.68, 3070
4443.45, 3069
4444.23, 3068
4445.02, 3067
4449.1, 3066
4449.87, 3065
4458.03, 3064
4458.82, 3063
4459.59, 3062
4463.1, 3061
4464.89, 3060
4468.09, 3059
4474.38, 3058
4475.56, 3057
4476.4, 3056
4506.72, 3055
4506.77, 3054
4509.73, 3053
4514.36, 3052
4515.64, 3051
4523.87, 3050
4524.49, 3049
4528.49, 3048
4531.88, 3047
4532.72, 3046
4535.26, 3045
4540.75, 3044
4542.27, 3043
4545.66, 3042
4548.31, 3041
4559.28, 3040
4575.41, 3039
4583.83, 3038
4586.71, 3037
4588.36, 3036
4592.13, 3035
4592.78, 3034
4597.96, 3033
4598.83, 3032
4605.24, 3031
4606.61, 3030
4609.78, 3029
4610.63, 3028
4613.9, 3027
4618.4, 3026
4623.38, 3025
4625.74, 3024
4628.07, 3023
4630.3, 3022
4632.0, 3021
4632.9, 3020
4640.47, 3019
4641.45, 3018
4641.53, 3017
4648.85, 3016
4649.64, 3015
4655.68, 3014
4656.45, 3013
4665.11, 3012
4665.92, 3011
4694.41, 3010
4697.38, 3009
4700.04, 3008
4705.98, 3007
4706.8, 3006
4713.42, 3005
4724.0, 3004
4728.43, 3003
4729.26, 3002
4730.06, 3001
4730.83, 3000
4731.62, 2999
4739.91, 2998
4749.02, 2997
4757.86, 2996
4758.59, 2995
4759.36, 2994
4760.17, 2993
4773.75, 2992
4776.38, 2991
4778.7, 2990
4781.0, 2989
4783.94, 2988
4793.73, 2987
4796.04, 2986
4800.39, 2985
4801.55, 2984
4802.04, 2983
4805.24, 2982
4808.19, 2981
4809.05, 2980
4816.8, 2979
4819.95, 2978
4826.7, 2977
4840.33, 2976
4841.27, 2975
4841.9, 2974
4845.8, 2973
4848.24, 2972
4849.13, 2971
4865.6, 2970
4872.05, 2969
4872.82, 2968
4875.92, 2967
4909.01, 2966
4913.23, 2965
4915.29, 2964
4916.12, 2963
4928.8, 2962
4929.6, 2961
4930.46, 2960
4931.22, 2959
4935.49, 2958
4943.74, 2957
4946.15, 2956
4947.44, 2955
4968.43, 2954
4973.51, 2953
4978.79, 2952
4992.82, 2951
4999.38, 2950
5003.63, 2949
5004.49, 2948
5006.94, 2947
5009.01, 2946
5020.02, 2945
5022.74, 2944
5025.86, 2943
5026.68, 2942
5034.12, 2941
5045.91, 2940
5048.8, 2939
5050.81, 2938
5054.83, 2937
5057.83, 2936
5059.71, 2935
5063.67, 2934
5066.28, 2933
5068.57, 2932
5068.61, 2931
5075.07, 2930
5076.05, 2929
5076.83, 2928
5090.58, 2927
5096.83, 2926
5100.54, 2925
5107.45, 2924
5108.98, 2923
5109.79, 2922
5114.08, 2921
5115.46, 2920
5121.93, 2919
5123.74, 2918
5124.58, 2917
5125.4, 2916
5129.8, 2915
5132.02, 2914
5132.85, 2913
5137.31, 2912
5141.28, 2911
5142.03, 2910
5144.82, 2909
5147.2, 2908
5149.02, 2907
5150.8, 2906
5161.62, 2905
5162.45, 2904
5163.58, 2903
5164.05, 2902
5164.87, 2901
5169.36, 2900
5176.12, 2899
5176.86, 2898
5177.66, 2897
5182.7, 2896
5191.33, 2895
5200.06, 2894
5200.91, 2893
5201.7, 2892
5202.49, 2891
5203.3, 2890
5204.07, 2889
5204.84, 2888
5208.66, 2887
5241.67, 2886
5248.68, 2885
5253.26, 2884
5258.26, 2883
5275.08, 2882
5276.07, 2881
5276.87, 2880
5277.65, 2879
5278.43, 2878
5298.35, 2877
5299.12, 2876
5306.49, 2875
5313.78, 2874
5316.69, 2873
5321.4, 2872
5324.64, 2871
5324.75, 2870
5324.88, 2869
5325.62, 2868
5333.24, 2867
5338.28, 2866
5340.04, 2865
5342.02, 2864
5351.92, 2863
5365.14, 2862
5365.96, 2861
5372.43, 2860
5376.22, 2859
5380.13, 2858
5384.22, 2857
5385.89, 2856
5386.62, 2855
5390.81, 2854
5391.59, 2853
5398.31, 2852
5399.19, 2851
5400.04, 2850
5403.34, 2849
5409.19, 2848
5409.83, 2847
5410.62, 2846
5431.96, 2845
5432.83, 2844
5433.68, 2843
5442.72, 2842
5443.52, 2841
5444.31, 2840
5445.11, 2839
5448.93, 2838
5456.61, 2837
5464.19, 2836
5465.59, 2835
5476.68, 2834
5477.46, 2833
5478.27, 2832
5491.94, 2831
5492.28, 2830
5499.45, 2829
5502.8, 2828
5506.51, 2827
5509.46, 2826
5510.35, 2825
5511.15, 2824
5526.18, 2823
5528.92, 2822
5531.35, 2821
5532.37, 2820
5533.82, 2819
5543.31, 2818
5546.88, 2817
5548.71, 2816
5554.33, 2815
5557.88, 2814
5558.92, 2813
5568.5, 2812
5576.16, 2811
5576.98, 2810
5577.75, 2809
5578.59, 2808
5582.07, 2807
5585.22, 2806
5589.58, 2805
5592.08, 2804
5599.83, 2803
5639.06, 2802
5639.89, 2801
5640.79, 2800
5641.49, 2799
5643.17, 2798
5643.48, 2797
5647.41, 2796
5655.84, 2795
5656.8, 2794
5667.1, 2793
5679.49, 2792
5682.6, 2791
5692.07, 2790
5694.87, 2789
5696.15, 2788
5697.01, 2787
5697.82, 2786
5714.19, 2785
5716.83, 2784
5719.21, 2783
5721.03, 2782
5721.1, 2781
5724.96, 2780
5725.93, 2779
5732.58, 2778
5742.79, 2777
5745.56, 2776
5750.31, 2775
5751.16, 2774
5751.94, 2773
5752.79, 2772
5753.5, 2771
5762.71, 2770
5765.98, 2769
5767.24, 2768
5768.52, 2767
5768.88, 2766
5769.66, 2765
5773.47, 2764
5774.25, 2763
5779.14, 2762
5781.44, 2761
5782.4, 2760
5785.93, 2759
5791.9, 2758
5792.7, 2757
5814.52, 2756
5824.33, 2755
5825.15, 2754
5825.94, 2753
5837.82, 2752
5849.12, 2751
5855.28, 2750
5859.4, 2749
5861.92, 2748
5865.77, 2747
5867.17, 2746
5867.96, 2745
5872.44, 2744
5875.63, 2743
5876.49, 2742
5881.1, 2741
5884.76, 2740
5886.46, 2739
5894.23, 2738
5897.71, 2737
5899.09, 2736
5909.92, 2735
5915.12, 2734
5915.95, 2733
5919.4, 2732
5924.56, 2731
5925.32, 2730
5931.83, 2729
5932.65, 2728
5940.79, 2727
5942.6, 2726
5943.37, 2725
5967.63, 2724
5973.19, 2723
5974.0, 2722
5980.33, 2721
5982.02, 2720
5990.44, 2719
5992.65, 2718
5993.44, 2717
5994.21, 2716
5994.98, 2715
6001.38, 2714
6004.95, 2713
6016.56, 2712
6035.94, 2711
6039.74, 2710
6040.56, 2709
6044.35, 2708
6046.8, 2707
6048.71, 2706
6057.32, 2705
6060.09, 2704
6062.41, 2703
6064.62, 2702
6079.94, 2701
6082.39, 2700
6085.47, 2699
6089.08, 2698
6092.4, 2697
6103.21, 2696
6105.63, 2695
6107.11, 2694
6110.61, 2693
6113.24, 2692
6115.25, 2691
6116.15, 2690
6121.51, 2689
6124.31, 2688
6125.12, 2687
6128.43, 2686
6131.98, 2685
6132.82, 2684
6137.13, 2683
6142.12, 2682
6142.92, 2681
6143.71, 2680
6157.93, 2679
6160.29, 2678
6166.95, 2677
6178.98, 2676
6179.72, 2675
6187.14, 2674
6208.91, 2673
6210.39, 2672
6212.06, 2671
6240.51, 2670
6241.18, 2669
6244.98, 2668
6247.28, 2667
6250.75, 2666
6252.08, 2665
6255.39, 2664
6256.72, 2663
6258.88, 2662
6263.31, 2661
6266.76, 2660
6278.2, 2659
6288.77, 2658
6290.31, 2657
6296.43, 2656
6297.23, 2655
6300.79, 2654
6304.3, 2653
6309.9, 2652
6319.04, 2651
6327.19, 2650
6329.54, 2649
6332.0, 2648
6335.29, 2647
6346.7, 2646
6350.74, 2645
6351.58, 2644
6365.66, 2643
6372.54, 2642
6380.21, 2641
6381.98, 2640
6382.99, 2639
6388.11, 2638
6391.75, 2637
6394.29, 2636
6405.89, 2635
6408.31, 2634
6412.77, 2633
6414.01, 2632
6414.83, 2631
6429.79, 2630
6438.42, 2629
6439.22, 2628
6444.4, 2627
6457.65, 2626
6457.93, 2625
6460.38, 2624
6463.99, 2623
6465.47, 2622
6479.55, 2621
6481.9, 2620
6492.59, 2619
6502.48, 2618
6505.17, 2617
6508.16, 2616
6511.4, 2615
6513.85, 2614
6515.38, 2613
6517.21, 2612
6523.18, 2611
6523.87, 2610
6531.67, 2609
6532.48, 2608
6535.12, 2607
6542.78, 2606
6545.01, 2605
6554.57, 2604
6558.1, 2603
6558.9, 2602
6559.67, 2601
6563.55, 2600
6573.33, 2599
6573.96, 2598
6576.77, 2597
6579.22, 2596
6600.55, 2595
6600.99, 2594
6601.8, 2593
6610.1, 2592
6611.83, 2591
6619.31, 2590
6625.45, 2589
6632.12, 2588
6640.34, 2587
6652.51, 2586
6658.06, 2585
6659.29, 2584
6665.32, 2583
6666.15, 2582
6668.89, 2581
6670.29, 2580
6674.12, 2579
6676.14, 2578
6679.6, 2577
6681.99, 2576
6684.99, 2575
6692.14, 2574
6692.92, 2573
6694.07, 2572
6698.89, 2571
6702.58, 2570
6705.51, 2569
6706.33, 2568
6713.56, 2567
6715.22, 2566
6722.51, 2565
6725.24, 2564
6765.72, 2563
6774.75, 2562
6778.21, 2561
6788.9, 2560
6798.57, 2559
6809.28, 2558
6813.17, 2557
6823.81, 2556
6826.21, 2555
6833.87, 2554
6840.02, 2553
6862.57, 2552
6864.75, 2551
6873.26, 2550
6876.02, 2549
6878.32, 2548
6881.78, 2547
6882.61, 2546
6904.15, 2545
6904.92, 2544
6908.05, 2543
6930.52, 2542
6941.96, 2541
6954.48, 2540
6959.55, 2539
6960.31, 2538
6961.08, 2537
6970.07, 2536
6972.59, 2535
6975.09, 2534
6977.67, 2533
6983.47, 2532
6988.05, 2531
6994.54, 2530
6997.0, 2529
7003.33, 2528
7005.75, 2527
7013.62, 2526
7016.56, 2525
7020.47, 2524
7022.62, 2523
7025.51, 2522
7026.29, 2521
7030.45, 2520
7033.37, 2519
7039.44, 2518
7042.87, 2517
7047.42, 2516
7052.8, 2515
7059.79, 2514
7062.79, 2513
7065.66, 2512
7066.9, 2511
7077.42, 2510
7080.54, 2509
7083.07, 2508
7085.82, 2507
7088.01, 2506
7095.62, 2505
7098.4, 2504
7144.18, 2503
7146.77, 2502
7160.46, 2501
7164.23, 2500
7182.16, 2499
7194.23, 2498
7201.14, 2497
7203.87, 2496
7206.7, 2495
7209.61, 2494
7212.66, 2493
7216.0, 2492
7218.87, 2491
7220.06, 2490
7225.84, 2489
7239.01, 2488
7245.01, 2487
7247.46, 2486
7249.41, 2485
7250.2, 2484
7254.74, 2483
7262.19, 2482
7269.5, 2481
7272.51, 2480
7274.79, 2479
7278.75, 2478
7281.18, 2477
7344.0, 2476
7364.56, 2475
7374.37, 2474
7377.17, 2473
7379.52, 2472
7382.92, 2471
7385.06, 2470
7385.7, 2469
7393.87, 2468
7409.79, 2467
7413.78, 2466
7418.66, 2465
7421.51, 2464
7422.51, 2463
7423.34, 2462
7431.43, 2461
7441.06, 2460
7443.59, 2459
7447.95, 2458
7468.45, 2457
7496.07, 2456
7505.25, 2455
7508.7, 2454
7512.26, 2453
7514.69, 2452
7518.88, 2451
7523.11, 2450
7525.75, 2449
7529.32, 2448
7534.19, 2447
7538.37, 2446
7544.02, 2445
7547.55, 2444
7572.85, 2443
7574.72, 2442
7575.52, 2441
7576.32, 2440
7577.1, 2439
7578.44, 2438
7578.65, 2437
7597.15, 2436
7603.9, 2435
7608.75, 2434
7617.01, 2433
7620.02, 2432
7623.61, 2431
7626.28, 2430
7627.2, 2429
7630.45, 2428
7639.4, 2427
7644.01, 2426
7647.62, 2425
7652.42, 2424
7654.59, 2423
7680.36, 2422
7693.62, 2421
7697.26, 2420
7703.64, 2419
7707.6, 2418
7710.28, 2417
7714.05, 2416
7716.69, 2415
7718.93, 2414
7722.04, 2413
7723.32, 2412
7730.22, 2411
7731.23, 2410
7732.04, 2409
7739.05, 2408
7742.24, 2407
7745.1, 2406
7747.46, 2405
7748.53, 2404
7749.34, 2403
7754.35, 2402
7758.17, 2401
7760.65, 2400
7763.96, 2399
7765.12, 2398
7773.54, 2397
7779.74, 2396
7782.34, 2395
7783.14, 2394
7812.42, 2393
7838.49, 2392
7846.8, 2391
7863.63, 2390
7866.13, 2389
7866.9, 2388
7867.99, 2387
7868.47, 2386
7870.13, 2385
7873.3, 2384
7879.56, 2383
7887.15, 2382
7890.18, 2381
7891.21, 2380
7892.02, 2379
7892.81, 2378
7893.57, 2377
7894.36, 2376
7902.53, 2375
7907.33, 2374
7909.96, 2373
7912.99, 2372
7914.38, 2371
7917.73, 2370
7920.55, 2369
7929.41, 2368
7931.82, 2367
7934.4, 2366
7936.67, 2365
7941.18, 2364
7941.94, 2363
7955.27, 2362
7959.87, 2361
7962.69, 2360
7967.09, 2359
7968.24, 2358
7969.01, 2357
7969.79, 2356
7970.57, 2355
7971.33, 2354
7976.36, 2353
7983.69, 2352
8015.29, 2351
8024.62, 2350
8026.8, 2349
8029.2, 2348
8038.54, 2347
8046.85, 2346
8067.69, 2345
8068.56, 2344
8072.68, 2343
8103.77, 2342
8116.93, 2341
8124.58, 2340
8126.81, 2339
8133.19, 2338
8133.67, 2337
8147.46, 2336
8151.89, 2335
8155.78, 2334
8158.88, 2333
8160.09, 2332
8160.88, 2331
8163.83, 2330
8170.11, 2329
8172.64, 2328
8175.4, 2327
8177.62, 2326
8179.83, 2325
8180.63, 2324
8181.41, 2323
8188.26, 2322
8191.35, 2321
8193.74, 2320
8196.31, 2319
8197.51, 2318
8198.32, 2317
8209.08, 2316
8214.28, 2315
8216.77, 2314
8219.04, 2313
8220.01, 2312
8220.81, 2311
8226.95, 2310
8229.37, 2309
8235.38, 2308
8238.24, 2307
8240.6, 2306
8243.36, 2305
8247.43, 2304
8251.29, 2303
8254.86, 2302
8278.21, 2301
8294.53, 2300
8297.62, 2299
8304.43, 2298
8307.0, 2297
8308.34, 2296
8309.62, 2295
8309.91, 2294
8310.68, 2293
8311.46, 2292
8319.19, 2291
8321.89, 2290
8333.17, 2289
8342.09, 2288
8346.14, 2287
8352.6, 2286
8354.03, 2285
8354.06, 2284
8354.2, 2283
8354.98, 2282
8355.83, 2281
8375.79, 2280
8385.42, 2279
8392.45, 2278
8395.93, 2277
8398.76, 2276
8402.24, 2275
8403.16, 2274
8409.69, 2273
8412.82, 2272
8416.0, 2271
8416.03, 2270
8453.62, 2269
8456.93, 2268
8459.8, 2267
8462.47, 2266
8464.69, 2265
8468.89, 2264
8471.58, 2263
8474.31, 2262
8484.36, 2261
8488.14, 2260
8490.68, 2259
8495.91, 2258
8497.44, 2257
8497.87, 2256
8505.86, 2255
8508.84, 2254
8511.24, 2253
8514.15, 2252
8515.2, 2251
8521.9, 2250
8527.91, 2249
8530.41, 2248
8567.64, 2247
8594.22, 2246
8597.43, 2245
8600.51, 2244
8603.82, 2243
8605.84, 2242
8606.93, 2241
8612.55, 2240
8614.87, 2239
8620.19, 2238
8623.62, 2237
8624.45, 2236
8628.5, 2235
8631.83, 2234
8634.68, 2233
8638.93, 2232
8641.91, 2231
8644.9, 2230
8647.51, 2229
8651.39, 2228
8659.34, 2227
8661.6, 2226
8664.13, 2225
8669.17, 2224
8682.57, 2223
8689.36, 2222
8691.98, 2221
8696.37, 2220
8705.1, 2219
8707.57, 2218
8711.39, 2217
8713.77, 2216
8718.46, 2215
8721.81, 2214
8723.4, 2213
8728.6, 2212
8746.49, 2211
8755.28, 2210
8760.86, 2209
8764.03, 2208
8770.29, 2207
8772.94, 2206
8773.71, 2205
8774.49, 2204
8775.26, 2203
8780.89, 2202
8788.06, 2201
8790.59, 2200
8793.33, 2199
8794.35, 2198
8806.84, 2197
8813.5, 2196
8816.17, 2195
8819.03, 2194
8827.88, 2193
8828.68, 2192
8829.47, 2191
8830.25, 2190
8831.04, 2189
8831.81, 2188
8832.61, 2187
8838.9, 2186
8844.22, 2185
8891.54, 2184
8894.26, 2183
8897.17, 2182
8901.49, 2181
8902.42, 2180
8903.21, 2179
8909.92, 2178
8933.97, 2177
8934.87, 2176
8936.17, 2175
8936.27, 2174
8942.78, 2173
8952.98, 2172
8958.3, 2171
8959.38, 2170
8965.64, 2169
8972.97, 2168
9004.83, 2167
9018.04, 2166
9020.54, 2165
9023.95, 2164
9028.51, 2163
9033.32, 2162
9036.86, 2161
9039.44, 2160
9044.09, 2159
9047.43, 2158
9050.81, 2157
9053.06, 2156
9058.67, 2155
9061.22, 2154
9064.15, 2153
9069.64, 2152
9072.44, 2151
9079.29, 2150
9084.14, 2149
9085.9, 2148
9089.31, 2147
9092.48, 2146
9094.77, 2145
9097.07, 2144
9102.76, 2143
9105.58, 2142
9108.84, 2141
9111.14, 2140
9113.65, 2139
9116.84, 2138
9120.42, 2137
9123.18, 2136
9150.1, 2135
9177.55, 2134
9180.18, 2133
9187.58, 2132
9190.75, 2131
9192.26, 2130
9193.02, 2129
9196.29, 2128
9209.23, 2127
9211.33, 2126
9212.2, 2125
9239.33, 2124
9264.44, 2123
9271.02, 2122
9273.55, 2121
9279.02, 2120
9281.88, 2119
9283.01, 2118
9284.27, 2117
9287.83, 2116
9293.83, 2115
9296.18, 2114
9298.71, 2113
9303.81, 2112
9307.1, 2111
9310.6, 2110
9313.42, 2109
9314.54, 2108
9327.78, 2107
9330.8, 2106
9335.3, 2105
9338.78, 2104
9339.14, 2103
9339.81, 2102
9340.59, 2101
9344.7, 2100
9348.97, 2099
9355.1, 2098
9391.23, 2097
9392.03, 2096
9392.84, 2095
9393.66, 2094
9394.45, 2093
9395.25, 2092
9396.04, 2091
9396.85, 2090
9409.66, 2089
9413.43, 2088
9418.23, 2087
9429.51, 2086
9436.7, 2085
9439.09, 2084
9443.18, 2083
9444.41, 2082
9445.22, 2081
9446.01, 2080
9446.78, 2079
9451.8, 2078
9463.35, 2077
9486.59, 2076
9523.09, 2075
9529.17, 2074
9532.26, 2073
9534.86, 2072
9536.18, 2071
9537.0, 2070
9542.46, 2069
9549.2, 2068
9549.98, 2067
9554.91, 2066
9557.96, 2065
9561.83, 2064
9564.08, 2063
9565.16, 2062
9574.37, 2061
9577.64, 2060
9579.86, 2059
9582.69, 2058
9643.04, 2057
9652.93, 2056
9659.22, 2055
9661.76, 2054
9663.98, 2053
9667.29, 2052
9668.1, 2051
9679.04, 2050
9686.34, 2049
9688.68, 2048
9691.77, 2047
9695.26, 2046
9695.5, 2045
9707.85, 2044
9711.14, 2043
9715.22, 2042
9724.94, 2041
9727.13, 2040
9727.25, 2039
9727.45, 2038
9728.55, 2037
9728.98, 2036
9729.74, 2035
9737.45, 2034
9742.96, 2033
9745.56, 2032
9751.76, 2031
9755.17, 2030
9758.28, 2029
9760.94, 2028
9762.17, 2027
9763.0, 2026
9770.6, 2025
9773.26, 2024
9776.43, 2023
9780.14, 2022
9781.54, 2021
9788.35, 2020
9791.65, 2019
9794.3, 2018
9796.63, 2017
9797.93, 2016
9803.42, 2015
9811.88, 2014
9814.74, 2013
9821.73, 2012
9825.92, 2011
9826.8, 2010
9827.59, 2009
9828.39, 2008
9838.05, 2007
9893.67, 2006
9896.21, 2005
9903.0, 2004
9909.95, 2003
9934.26, 2002
9950.49, 2001
9958.22, 2000
9958.99, 1999
9959.77, 1998
9961.27, 1997
9969.25, 1996
9975.57, 1995
9977.96, 1994
9980.32, 1993
9988.57, 1992
9991.89, 1991
9994.23, 1990
9996.61, 1989
9997.37, 1988
10002.38, 1987
10005.89, 1986
10010.78, 1985
10018.83, 1984
10019.46, 1983
10020.23, 1982
10021.24, 1981
10027.96, 1980
10032.61, 1979
10039.28, 1978
10044.71, 1977
10051.05, 1976
10051.87, 1975
10053.99, 1974
10054.05, 1973
10058.16, 1972
10059.28, 1971
10062.74, 1970
10069.48, 1969
10071.89, 1968
10075.33, 1967
10077.81, 1966
10117.41, 1965
10133.1, 1964
10138.89, 1963
10142.36, 1962
10145.33, 1961
10147.76, 1960
10154.2, 1959
10156.08, 1958
10159.39, 1957
10164.6, 1956
10172.54, 1955
10175.39, 1954
10189.03, 1953
10214.23, 1952
10218.02, 1951
10218.77, 1950
10223.44, 1949
10227.17, 1948
10236.5, 1947
10239.65, 1946
10243.44, 1945
10245.84, 1944
10246.98, 1943
10247.83, 1942
10254.66, 1941
10257.02, 1940
10260.31, 1939
10263.28, 1938
10265.27, 1937
10276.04, 1936
10279.54, 1935
10284.74, 1934
10290.18, 1933
10291.13, 1932
10292.51, 1931
10292.66, 1930
10293.45, 1929
10298.55, 1928
10330.19, 1927
10332.7, 1926
10342.03, 1925
10344.48, 1924
10346.71, 1923
10353.91, 1922
10355.22, 1921
10356.02, 1920
10363.26, 1919
10369.93, 1918
10372.37, 1917
10376.02, 1916
10389.26, 1915
10393.22, 1914
10395.58, 1913
10397.97, 1912
10403.53, 1911
10404.3, 1910
10405.08, 1909
10413.32, 1908
10415.88, 1907
10418.28, 1906
10431.51, 1905
10436.28, 1904
10438.87, 1903
10445.1, 1902
10446.43, 1901
10447.23, 1900
10448.0, 1899
10448.8, 1898
10462.19, 1897
10479.24, 1896
10484.32, 1895
10489.89, 1894
10493.57, 1893
10501.36, 1892
10517.55, 1891
10534.66, 1890
10537.83, 1889
10544.26, 1888
10546.82, 1887
10554.07, 1886
10559.08, 1885
10561.54, 1884
10563.88, 1883
10565.05, 1882
10565.78, 1881
10575.13, 1880
10577.55, 1879
10579.84, 1878
10583.57, 1877
10587.22, 1876
10588.0, 1875
10593.64, 1874
10594.44, 1873
10602.02, 1872
10604.96, 1871
10610.37, 1870
10613.78, 1869
10614.53, 1868
10615.31, 1867
10625.45, 1866
10627.91, 1865
10633.7, 1864
10641.76, 1863
10644.54, 1862
10646.91, 1861
10648.25, 1860
10648.98, 1859
10653.47, 1858
10660.71, 1857
10666.26, 1856
10666.33, 1855
10666.83, 1854
10671.63, 1853
10675.89, 1852
10680.45, 1851
10683.3, 1850
10684.72, 1849
10690.53, 1848
10693.61, 1847
10711.12, 1846
10719.25, 1845
10723.79, 1844
10727.35, 1843
10731.26, 1842
10734.66, 1841
10753.36, 1840
10792.23, 1839
10799.45, 1838
10803.79, 1837
10806.49, 1836
10810.29, 1835
10812.45, 1834
10823.48, 1833
10833.8, 1832
10835.19, 1831
10897.75, 1830
10902.03, 1829
10905.35, 1828
10911.59, 1827
10920.9, 1826
10928.37, 1825
10930.95, 1824
10935.22, 1823
10940.41, 1822
10942.56, 1821
10943.37, 1820
10944.13, 1819
10944.89, 1818
10955.33, 1817
10958.71, 1816
10962.85, 1815
10963.39, 1814
10966.84, 1813
10971.22, 1812
10974.79, 1811
10981.29, 1810
10984.98, 1809
10989.63, 1808
10992.89, 1807
10995.29, 1806
10996.49, 1805
11000.85, 1804
11010.42, 1803
11013.29, 1802
11045.34, 1801
11060.06, 1800
11063.8, 1799
11072.87, 1798
11077.48, 1797
11080.42, 1796
11081.57, 1795
11084.23, 1794
11084.3, 1793
11090.21, 1792
11093.48, 1791
11095.75, 1790
11112.1, 1789
11114.57, 1788
11129.62, 1787
11132.16, 1786
11133.41, 1785
11134.22, 1784
11134.98, 1783
11135.74, 1782
11163.05, 1781
11181.11, 1780
11188.35, 1779
11192.99, 1778
11195.25, 1777
11200.32, 1776
11203.03, 1775
11205.56, 1774
11208.57, 1773
11209.9, 1772
11215.99, 1771
11221.84, 1770
11225.15, 1769
11227.61, 1768
11229.97, 1767
11251.55, 1766
11256.72, 1765
11260.2, 1764
11262.55, 1763
11263.63, 1762
11264.44, 1761
11265.22, 1760
11267.9, 1759
11267.98, 1758
11268.01, 1757
11271.7, 1756
11276.39, 1755
11283.3, 1754
11285.67, 1753
11287.57, 1752
11289.38, 1751
11294.34, 1750
11304.77, 1749
11320.06, 1748
11327.79, 1747
11328.46, 1746
11329.13, 1745
11329.78, 1744
11330.42, 1743
11336.01, 1742
11338.95, 1741
11341.33, 1740
11343.24, 1739
11347.98, 1738
11348.61, 1737
11359.07, 1736
11362.0, 1735
11365.3, 1734
11369.25, 1733
11371.75, 1732
11376.89, 1731
11378.84, 1730
11387.46, 1729
11433.13, 1728
11442.8, 1727
11447.3, 1726
11456.69, 1725
11478.05, 1724
11478.72, 1723
11479.37, 1722
11485.09, 1721
11492.54, 1720
11493.38, 1719
11496.58, 1718
11504.46, 1717
11506.56, 1716
11509.55, 1715
11512.17, 1714
11514.21, 1713
11519.38, 1712
11527.0, 1711
11529.69, 1710
11532.41, 1709
11536.81, 1708
11538.63, 1707
11539.34, 1706
11561.94, 1705
11583.29, 1704
11587.71, 1703
11589.73, 1702
11593.62, 1701
11597.66, 1700
11600.68, 1699
11605.51, 1698
11608.91, 1697
11614.32, 1696
11618.62, 1695
11624.54, 1694
11626.57, 1693
11630.6, 1692
11636.19, 1691
11643.26, 1690
11646.38, 1689
11648.94, 1688
11651.91, 1687
11654.56, 1686
11660.09, 1685
11662.4, 1684
11664.36, 1683
11667.12, 1682
11671.5, 1681
11675.9, 1680
11685.95, 1679
11688.84, 1678
11691.59, 1677
11693.68, 1676
11695.57, 1675
11696.28, 1674
11705.14, 1673
11707.07, 1672
11713.01, 1671
11715.46, 1670
11715.81, 1669
11728.95, 1668
11731.78, 1667
11735.25, 1666
11739.36, 1665
11742.77, 1664
11743.21, 1663
11744.96, 1662
11750.87, 1661
11758.84, 1660
11761.23, 1659
11763.58, 1658
11769.24, 1657
11774.79, 1656
11777.14, 1655
11780.51, 1654
11788.29, 1653
11793.23, 1652
11794.08, 1651
11828.74, 1650
11870.98, 1649
11876.77, 1648
11878.76, 1647
11884.15, 1646
11885.75, 1645
11886.45, 1644
11887.12, 1643
11887.79, 1642
11941.43, 1641
11950.5, 1640
11955.29, 1639
11955.4, 1638
11957.85, 1637
11961.96, 1636
11966.84, 1635
11974.61, 1634
11975.69, 1633
11979.06, 1632
11982.34, 1631
11989.14, 1630
11991.44, 1629
11993.73, 1628
11995.65, 1627
11999.31, 1626
12003.06, 1625
12006.17, 1624
12009.43, 1623
12015.49, 1622
12020.82, 1621
12027.39, 1620
12043.64, 1619
12056.33, 1618
12058.95, 1617
12062.34, 1616
12064.54, 1615
12069.13, 1614
12075.6, 1613
12077.63, 1612
12079.55, 1611
12083.38, 1610
12091.38, 1609
12093.77, 1608
12095.78, 1607
12127.67, 1606
12144.7, 1605
12146.85, 1604
12158.42, 1603
12160.48, 1602
12162.48, 1601
12164.65, 1600
12176.62, 1599
12179.85, 1598
12182.43, 1597
12189.67, 1596
12192.68, 1595
12193.33, 1594
12193.95, 1593
12194.61, 1592
12198.8, 1591
12206.95, 1590
12208.09, 1589
12209.0, 1588
12211.93, 1587
12215.65, 1586
12223.11, 1585
12225.8, 1584
12227.88, 1583
12230.87, 1582
12242.13, 1581
12244.03, 1580
12244.72, 1579
12245.37, 1578
12255.63, 1577
12256.96, 1576
12259.28, 1575
12262.66, 1574
12266.75, 1573
12271.47, 1572
12273.27, 1571
12280.19, 1570
12283.22, 1569
12286.38, 1568
12289.61, 1567
12294.8, 1566
12305.91, 1565
12312.58, 1564
12313.23, 1563
12322.92, 1562
12328.8, 1561
12330.96, 1560
12335.44, 1559
12344.51, 1558
12345.15, 1557
12345.81, 1556
12346.44, 1555
12347.08, 1554
12357.75, 1553
12358.24, 1552
12360.67, 1551
12375.2, 1550
12377.34, 1549
12379.39, 1548
12381.72, 1547
12401.75, 1546
12402.19, 1545
12403.33, 1544
12406.39, 1543
12406.43, 1542
12406.44, 1541
12416.65, 1540
12460.19, 1539
12481.29, 1538
12483.73, 1537
12494.59, 1536
12506.24, 1535
12507.88, 1534
12508.53, 1533
12509.19, 1532
12509.83, 1531
12510.47, 1530
12525.6, 1529
12545.16, 1528
12545.84, 1527
12546.49, 1526
12547.14, 1525
12578.76, 1524
12610.75, 1523
12624.0, 1522
12627.28, 1521
12629.28, 1520
12642.94, 1519
12644.91, 1518
12647.02, 1517
12652.24, 1516
12658.87, 1515
12660.84, 1514
12664.28, 1513
12668.24, 1512
12669.06, 1511
12680.73, 1510
12686.83, 1509
12688.8, 1508
12692.38, 1507
12697.42, 1506
12700.1, 1505
12708.75, 1504
12710.69, 1503
12712.66, 1502
12716.87, 1501
12727.72, 1500
12729.85, 1499
12733.68, 1498
12743.16, 1497
12745.27, 1496
12747.55, 1495
12755.8, 1494
12756.49, 1493
12757.08, 1492
12781.62, 1491
12805.67, 1490
12808.17, 1489
12835.26, 1488
12839.82, 1487
12841.3, 1486
12841.37, 1485
12841.79, 1484
12842.43, 1483
12862.24, 1482
12879.9, 1481
12879.94, 1480
12879.95, 1479
12889.93, 1478
12925.68, 1477
12930.39, 1476
12933.7, 1475
12942.82, 1474
12944.8, 1473
12947.45, 1472
12950.51, 1471
12958.12, 1470
12958.73, 1469
12963.18, 1468
12973.8, 1467
12976.02, 1466
12978.04, 1465
12980.52, 1464
12988.2, 1463
12990.2, 1462
12993.84, 1461
12997.14, 1460
13010.09, 1459
13010.77, 1458
13015.17, 1457
13021.24, 1456
13027.2, 1455
13030.33, 1454
13033.44, 1453
13040.3, 1452
13041.2, 1451
13044.61, 1450
13054.93, 1449
13057.08, 1448
13058.97, 1447
13059.63, 1446
13064.55, 1445
13075.79, 1444
13076.41, 1443
13077.09, 1442
13082.42, 1441
13088.61, 1440
13091.48, 1439
13097.03, 1438
13097.65, 1437
13108.01, 1436
13110.65, 1435
13112.82, 1434
13125.12, 1433
13127.65, 1432
13129.93, 1431
13133.21, 1430
13136.09, 1429
13144.13, 1428
13146.12, 1427
13148.44, 1426
13160.25, 1425
13161.16, 1424
13161.85, 1423
13162.5, 1422
13185.53, 1421
13244.44, 1420
13245.71, 1419
13248.31, 1418
13253.38, 1417
13254.6, 1416
13261.64, 1415
13263.66, 1414
13271.73, 1413
13293.75, 1412
13307.52, 1411
13309.85, 1410
13311.98, 1409
13313.88, 1408
13322.7, 1407
13323.37, 1406
13349.14, 1405
13373.55, 1404
13377.18, 1403
13379.29, 1402
13381.25, 1401
13386.09, 1400
13386.88, 1399
13389.93, 1398
13398.89, 1397
13417.4, 1396
13425.82, 1395
13427.89, 1394
13438.13, 1393
13493.95, 1392
13494.65, 1391
13495.31, 1390
13495.96, 1389
13496.6, 1388
13497.25, 1387
13497.91, 1386
13538.35, 1385
13541.28, 1384
13543.48, 1383
13545.4, 1382
13557.78, 1381
13557.81, 1380
13558.43, 1379
13562.01, 1378
13571.94, 1377
13576.15, 1376
13578.22, 1375
13583.95, 1374
13591.02, 1373
13594.19, 1372
13599.07, 1371
13613.26, 1370
13625.98, 1369
13627.93, 1368
13629.86, 1367
13632.33, 1366
13633.02, 1365
13633.67, 1364
13634.33, 1363
13644.05, 1362
13644.67, 1361
13645.33, 1360
13650.3, 1359
13656.82, 1358
13659.53, 1357
13663.23, 1356
13672.87, 1355
13679.68, 1354
13694.3, 1353
13696.25, 1352
13700.72, 1351
13702.27, 1350
13703.32, 1349
13704.06, 1348
13710.16, 1347
13713.83, 1346
13718.06, 1345
13725.76, 1344
13727.76, 1343
13732.9, 1342
13739.83, 1341
13759.55, 1340
13849.32, 1339
13859.97, 1338
13864.45, 1337
13873.84, 1336
13874.75, 1335
13875.42, 1334
13880.38, 1333
13889.75, 1332
13896.44, 1331
13896.52, 1330
13896.53, 1329
13908.1, 1328
13910.04, 1327
13911.97, 1326
13913.75, 1325
13922.75, 1324
13929.15, 1323
13938.17, 1322
13943.27, 1321
13944.36, 1320
13945.02, 1319
13945.64, 1318
13962.23, 1317
13964.03, 1316
13964.85, 1315
13965.45, 1314
13966.01, 1313
13973.93, 1312
13976.27, 1311
13980.16, 1310
13990.3, 1309
13993.11, 1308
13995.05, 1307
13999.17, 1306
14009.04, 1305
14013.93, 1304
14023.16, 1303
14026.55, 1302
14027.21, 1301
14027.85, 1300
14031.77, 1299
14042.02, 1298
14045.52, 1297
14049.85, 1296
14054.3, 1295
14054.94, 1294
14056.79, 1293
14062.17, 1292
14066.39, 1291
14072.16, 1290
14075.84, 1289
14078.82, 1288
14089.51, 1287
14093.37, 1286
14095.32, 1285
14097.18, 1284
14100.42, 1283
14110.42, 1282
14114.57, 1281
14135.42, 1280
14171.24, 1279
14196.63, 1278
14219.45, 1277
14221.0, 1276
14225.27, 1275
14229.74, 1274
14241.45, 1273
14243.97, 1272
14245.92, 1271
14247.97, 1270
14256.07, 1269
14258.84, 1268
14260.76, 1267
14266.26, 1266
14278.58, 1265
14279.25, 1264
14288.95, 1263
14289.59, 1262
14292.54, 1261
14302.73, 1260
14310.05, 1259
14310.68, 1258
14311.32, 1257
14316.78, 1256
14341.01, 1255
14343.84, 1254
14345.89, 1253
14376.77, 1252
14392.7, 1251
14392.75, 1250
14402.35, 1249
14405.65, 1248
14412.16, 1247
14414.37, 1246
14421.7, 1245
14423.91, 1244
14426.96, 1243
14439.84, 1242
14441.76, 1241
14446.96, 1240
14456.26, 1239
14457.16, 1238
14457.82, 1237
14466.01, 1236
14475.62, 1235
14477.83, 1234
14479.69, 1233
14489.17, 1232
14490.92, 1231
14497.39, 1230
14504.56, 1229
14505.71, 1228
14509.89, 1227
14595.1, 1226
14612.3, 1225
14614.14, 1224
14622.71, 1223
14625.13, 1222
14625.14, 1221
14641.98, 1220
14644.17, 1219
14646.56, 1218
14649.0, 1217
14657.05, 1216
14660.16, 1215
14665.83, 1214
14669.77, 1213
14674.44, 1212
14683.66, 1211
14692.68, 1210
14694.83, 1209
14698.01, 1208
14708.01, 1207
14710.6, 1206
14723.77, 1205
14726.5, 1204
14730.06, 1203
14740.41, 1202
14747.29, 1201
14785.51, 1200
14787.44, 1199
14787.46, 1198
14798.98, 1197
14831.73, 1196
14842.3, 1195
14842.91, 1194
14844.9, 1193
14855.86, 1192
14859.57, 1191
14863.46, 1190
14870.93, 1189
14877.96, 1188
14924.88, 1187
14941.36, 1186
14943.31, 1185
14980.34, 1184
14989.93, 1183
14992.38, 1182
14994.34, 1181
15003.92, 1180
15010.36, 1179
15012.66, 1178
15018.02, 1177
15025.44, 1176
15031.24, 1175
15039.98, 1174
15043.12, 1173
15045.45, 1172
15050.27, 1171
15056.51, 1170
15072.49, 1169
15073.16, 1168
15079.76, 1167
15090.97, 1166
15093.64, 1165
15095.7, 1164
15108.02, 1163
15109.97, 1162
15111.88, 1161
15125.49, 1160
15128.15, 1159
15130.08, 1158
15139.47, 1157
15142.2, 1156
15179.39, 1155
15236.75, 1154
15241.4, 1153
15250.06, 1152
15259.24, 1151
15263.0, 1150
15268.79, 1149
15274.99, 1148
15281.0, 1147
15291.32, 1146
15293.07, 1145
15294.67, 1144
15309.32, 1143
15311.37, 1142
15328.98, 1141
15329.65, 1140
15338.62, 1139
15340.52, 1138
15374.78, 1137
15390.81, 1136
15394.99, 1135
15397.13, 1134
15407.99, 1133
15408.66, 1132
15411.04, 1131
15420.77, 1130
15428.74, 1129
15439.21, 1128
15467.05, 1127
15476.49, 1126
15479.26, 1125
15487.76, 1124
15488.5, 1123
15520.69, 1122
15523.25, 1121
15526.32, 1120
15531.16, 1119
15539.85, 1118
15543.17, 1117
15561.48, 1116
15562.13, 1115
15566.25, 1114
15572.13, 1113
15580.64, 1112
15583.51, 1111
15588.16, 1110
15594.23, 1109
15603.08, 1108
15605.37, 1107
15606.07, 1106
15615.08, 1105
15624.62, 1104
15626.89, 1103
15641.36, 1102
15646.38, 1101
15679.13, 1100
15694.28, 1099
15715.24, 1098
15726.61, 1097
15728.75, 1096
15748.0, 1095
15779.58, 1094
15783.41, 1093
15790.05, 1092
15793.4, 1091
15813.64, 1090
15828.57, 1089
15832.16, 1088
15851.98, 1087
15862.41, 1086
15867.56, 1085
15876.15, 1084
15878.7, 1083
15886.71, 1082
15888.95, 1081
15895.95, 1080
15904.54, 1079
15908.15, 1078
15910.33, 1077
15929.78, 1076
15932.07, 1075
15941.36, 1074
15945.82, 1073
15956.48, 1072
15957.12, 1071
15972.1, 1070
15974.2, 1069
15980.26, 1068
15985.02, 1067
15994.25, 1066
15995.0, 1065
16000.11, 1064
16013.87, 1063
16023.76, 1062
16050.61, 1061
16058.08, 1060
16063.19, 1059
16065.55, 1058
16074.9, 1057
16104.42, 1056
16105.14, 1055
16111.98, 1054
16124.69, 1053
16126.85, 1052
16138.63, 1051
16141.72, 1050
16147.67, 1049
16150.42, 1048
16163.53, 1047
16180.72, 1046
16190.84, 1045
16193.2, 1044
16224.72, 1043
16239.65, 1042
16242.27, 1041
16247.13, 1040
16261.32, 1039
16263.24, 1038
16273.07, 1037
16275.27, 1036
16275.94, 1035
16282.42, 1034
16306.77, 1033
16307.43, 1032
16319.95, 1031
16343.19, 1030
16356.05, 1029
16362.11, 1028
16373.66, 1027
16375.14, 1026
16377.76, 1025
16409.7, 1024
16430.66, 1023
16433.8, 1022
16440.41, 1021
16442.1, 1020
16448.0, 1019
16454.71, 1018
16463.71, 1017
16474.62, 1016
16478.88, 1015
16483.83, 1014
16492.26, 1013
16494.31, 1012
16496.8, 1011
16506.69, 1010
16506.93, 1009
16513.13, 1008
16525.11, 1007
16525.68, 1006
16557.85, 1005
16576.16, 1004
16581.58, 1003
16587.08, 1002
16591.31, 1001
16596.87, 1000
16605.42, 999
16607.15, 998
16611.47, 997
16620.17, 996
16620.47, 995
16644.72, 994
16676.97, 993
16683.77, 992
16690.12, 991
16694.63, 990
16699.66, 989
16708.44, 988
16710.37, 987
16713.85, 986
16723.33, 985
16726.24, 984
16730.2, 983
16740.73, 982
16743.31, 981
16745.29, 980
16757.74, 979
16797.83, 978
16806.1, 977
16833.65, 976
16841.95, 975
16842.6, 974
16851.37, 973
16858.95, 972
16863.15, 971
16877.23, 970
16898.81, 969
16911.22, 968
16913.38, 967
16922.81, 966
16930.95, 965
16937.87, 964
16943.66, 963
16946.06, 962
16957.03, 961
16959.75, 960
16961.58, 959
16966.75, 958
16973.16, 957
16976.8, 956
16988.46, 955
16992.83, 954
17002.01, 953
17013.37, 952
17017.67, 951
17036.96, 950
17044.65, 949
17050.95, 948
17058.16, 947
17061.96, 946
17067.7, 945
17073.17, 944
17079.52, 943
17116.86, 942
17123.34, 941
17130.07, 940
17135.18, 939
17162.22, 938
17167.16, 937
17172.88, 936
17177.82, 935
17183.18, 934
17189.16, 933
17199.73, 932
17214.6, 931
17218.38, 930
17224.7, 929
17237.25, 928
17239.7, 927
17270.18, 926
17285.45, 925
17293.15, 924
17307.91, 923
17315.88, 922
17320.44, 921
17326.7, 920
17343.86, 919
17351.07, 918
17359.0, 917
17364.28, 916
17369.75, 915
17376.21, 914
17378.31, 913
17388.13, 912
17390.16, 911
17394.51, 910
17402.2, 909
17408.53, 908
17448.7, 907
17462.05, 906
17462.09, 905
17477.65, 904
17477.69, 903
17486.83, 902
17486.87, 901
17495.56, 900
17505.38, 899
17506.42, 898
17507.44, 897
17517.71, 896
17519.28, 895
17527.14, 894
17549.67, 893
17558.55, 892
17575.04, 891
17583.3, 890
17591.39, 889
17594.33, 888
17600.18, 887
17604.87, 886
17609.78, 885
17615.22, 884
17621.18, 883
17626.36, 882
17631.49, 881
17638.38, 880
17650.33, 879
17666.96, 878
17680.82, 877
17705.08, 876
17705.19, 875
17708.62, 874
17719.1, 873
17734.05, 872
17734.1, 871
17738.69, 870
17746.83, 869
17756.5, 868
17763.0, 867
17771.62, 866
17787.23, 865
17797.94, 864
17798.26, 863
17827.46, 862
17831.78, 861
17838.13, 860
17853.85, 859
17860.09, 858
17863.59, 857
17872.02, 856
17876.61, 855
17884.95, 854
17887.24, 853
17896.04, 852
17898.2, 851
17904.62, 850
17912.07, 849
17914.14, 848
17951.09, 847
17951.19, 846
17951.21, 845
17969.49, 844
17970.6, 843
17970.66, 842
17978.87, 841
17978.98, 840
17979.02, 839
17992.93, 838
17993.02, 837
18000.86, 836
18003.65, 835
18011.78, 834
18025.2, 833
18030.96, 832
18045.73, 831
18045.77, 830
18045.77, 829
18050.13, 828
18055.63, 827
18060.75, 826
18068.94, 825
18071.38, 824
18085.01, 823
18092.91, 822
18097.89, 821
18105.23, 820
18110.34, 819
18114.03, 818
18130.21, 817
18134.88, 816
18140.75, 815
18145.88, 814
18151.25, 813
18155.4, 812
18166.97, 811
18187.98, 810
18192.04, 809
18201.45, 808
18201.48, 807
18214.12, 806
18214.21, 805
18234.38, 804
18234.48, 803
18244.31, 802
18253.86, 801
18257.92, 800
18257.99, 799
18264.89, 798
18277.3, 797
18277.34, 796
18289.48, 795
18289.57, 794
18303.09, 793
18308.55, 792
18343.96, 791
18361.04, 790
18363.23, 789
18366.45, 788
18369.45, 787
18376.72, 786
18382.36, 785
18393.1, 784
18400.36, 783
18405.14, 782
18420.27, 781
18424.21, 780
18439.73, 779
18450.04, 778
18457.88, 777
18459.96, 776
18474.72, 775
18479.17, 774
18514.09, 773
18522.36, 772
18530.24, 771
18534.48, 770
18543.2, 769
18576.16, 768
18576.26, 767
18584.4, 766
18590.1, 765
18597.46, 764
18601.98, 763
18614.64, 762
18619.14, 761
18619.21, 760
18627.47, 759
18630.3, 758
18647.89, 757
18647.97, 756
18661.12, 755
18675.07, 754
18680.37, 753
18685.08, 752
18690.41, 751
18694.16, 750
18704.66, 749
18706.85, 748
18714.37, 747
18722.25, 746
18725.61, 745
18740.13, 744
18754.58, 743
18759.47, 742
18765.34, 741
18773.88, 740
18779.84, 739
18788.64, 738
18791.52, 737
18799.25, 736
18803.43, 735
18842.57, 734
18852.36, 733
18858.72, 732
18885.94, 731
18890.17, 730
18897.01, 729
18902.52, 728
18910.02, 727
18915.48, 726
18925.44, 725
18931.73, 724
18938.09, 723
18943.35, 722
18951.09, 721
18956.06, 720
18966.03, 719
18976.47, 718
18980.47, 717
18987.24, 716
18993.14, 715
19000.75, 714
19005.94, 713
19032.03, 712
19042.26, 711
19050.6, 710
19067.09, 709
19073.47, 708
19108.37, 707
19117.0, 706
19121.83, 705
19129.26, 704
19133.87, 703
19140.22, 702
19146.17, 701
19161.89, 700
19170.67, 699
19174.62, 698
19179.8, 697
19187.19, 696
19218.85, 695
19229.34, 694
19231.39, 693
19238.08, 692
19266.62, 691
19271.26, 690
19277.61, 689
19334.17, 688
19334.85, 687
19335.49, 686
19336.29, 685
19336.77, 684
19353.32, 683
19363.5, 682
19368.4, 681
19375.26, 680
19382.95, 679
19389.02, 678
19393.42, 677
19400.54, 676
19418.3, 675
19420.23, 674
19426.56, 673
19443.91, 672
19471.57, 671
19477.08, 670
19486.86, 669
19493.61, 668
19497.5, 667
19518.25, 666
19524.68, 665
19549.08, 664
19564.94, 663
19576.51, 662
19591.43, 661
19595.09, 660
19602.46, 659
19608.57, 658
19614.27, 657
19645.63, 656
19654.39, 655
19660.19, 654
19668.93, 653
19671.03, 652
19677.42, 651
19687.43, 650
19691.76, 649
19698.04, 648
19716.08, 647
19730.93, 646
19737.6, 645
19759.22, 644
19768.61, 643
19775.25, 642
19787.57, 641
19792.87, 640
19799.01, 639
19805.96, 638
19813.06, 637
19816.7, 636
19832.92, 635
19839.33, 634
19845.23, 633
19875.38, 632
19914.11, 631
19921.56, 630
19927.68, 629
19937.62, 628
19942.49, 627
19948.53, 626
19955.4, 625
19964.34, 624
19967.02, 623
19985.17, 622
19991.5, 621
20008.81, 620
20016.32, 619
20027.09, 618
20038.09, 617
20063.33, 616
20070.42, 615
20076.66, 614
20082.93, 613
20089.79, 612
20099.53, 611
20103.25, 610
20123.05, 609
20133.16, 608
20136.99, 607
20158.05, 606
20180.97, 605
20193.47, 604
20216.9, 603
20222.97, 602
20230.26, 601
20242.39, 600
20259.05, 599
20271.01, 598
20273.28, 597
20280.17, 596
20303.4, 595
20309.32, 594
20319.41, 593
20330.97, 592
20337.44, 591
20344.03, 590
20361.21, 589
20370.26, 588
20376.69, 587
20382.75, 586
20389.09, 585
20395.65, 584
20401.96, 583
20426.85, 582
20431.44, 581
20477.03, 580
20499.09, 579
20507.35, 578
20512.59, 577
20520.65, 576
20525.32, 575
20536.83, 574
20552.43, 573
20559.02, 572
20570.34, 571
20584.74, 570
20593.44, 569
20598.82, 568
20611.14, 567
20623.86, 566
20637.03, 565
20641.33, 564
20649.89, 563
20658.32, 562
20664.84, 561
20671.15, 560
20678.12, 559
20694.28, 558
20700.28, 557
20708.12, 556
20723.61, 555
20740.78, 554
20746.12, 553
20754.24, 552
20761.56, 551
20774.43, 550
20792.17, 549
20799.56, 548
20802.53, 547
20826.87, 546
20838.03, 545
20845.57, 544
20852.54, 543
20863.39, 542
20870.33, 541
20877.58, 540
20883.57, 539
20922.99, 538
20929.03, 537
20933.29, 536
20960.91, 535
20969.42, 534
20987.96, 533
20996.72, 532
21004.46, 531
21012.57, 530
21020.24, 529
21028.61, 528
21035.55, 527
21063.17, 526
21073.01, 525
21089.5, 524
21094.42, 523
21136.36, 522
21138.36, 521
21145.87, 520
21155.9, 519
21162.21, 518
21168.14, 517
21177.03, 516
21181.69, 515
21198.48, 514
21226.03, 513
21236.88, 512
21246.79, 511
21252.95, 510
21261.43, 509
21271.08, 508
21276.09, 507
21283.56, 506
21291.93, 505
21299.01, 504
21305.3, 503
21311.27, 502
21354.35, 501
21360.93, 500
21383.4, 499
21391.44, 498
21398.25, 497
21418.12, 496
21431.48, 495
21437.03, 494
21444.77, 493
21453.73, 492
21459.31, 491
21478.01, 490
21491.1, 489
21495.49, 488
21521.63, 487
21529.36, 486
21535.17, 485
21554.8, 484
21566.9, 483
21589.27, 482
21597.03, 481
21604.69, 480
21633.42, 479
21657.84, 478
21662.5, 477
21670.59, 476
21676.48, 475
21684.2, 474
21692.32, 473
21697.46, 472
21705.84, 471
21716.76, 470
21743.3, 469
21754.66, 468
21758.1, 467
21766.4, 466
21786.77, 465
21793.71, 464
21799.02, 463
21807.2, 462
21815.31, 461
21821.71, 460
21860.96, 459
21871.06, 458
21874.03, 457
21883.63, 456
21889.78, 455
21914.22, 454
21924.84, 453
21930.9, 452
21938.52, 451
21946.13, 450
21955.62, 449
21972.89, 448
21977.96, 447
21988.58, 446
22001.24, 445
22022.5, 444
22030.24, 443
22040.51, 442
22048.6, 441
22071.31, 440
22074.22, 439
22088.17, 438
22093.67, 437
22106.47, 436
22138.33, 435
22146.05, 434
22156.99, 433
22165.24, 432
22177.76, 431
22196.65, 430
22205.38, 429
22235.3, 428
22249.32, 427
22256.23, 426
22263.46, 425
22273.5, 424
22278.64, 423
22288.24, 422
22295.06, 421
22305.13, 420
22314.07, 419
22323.81, 418
22330.61, 417
22338.72, 416
22347.0, 415
22396.02, 414
22404.53, 413
22411.21, 412
22420.84, 411
22436.51, 410
22439.7, 409
22451.42, 408
22457.98, 407
22469.88, 406
22472.67, 405
22479.49, 404
22489.69, 403
22492.85, 402
22504.96, 401
22525.87, 400
22549.4, 399
22559.7, 398
22572.66, 397
22579.57, 396
22588.65, 395
22620.21, 394
22633.86, 393
22638.22, 392
22672.97, 391
22675.92, 390
22684.05, 389
22691.82, 388
22703.58, 387
22710.87, 386
22734.43, 385
22742.56, 384
22750.18, 383
22757.61, 382
22789.05, 381
22796.85, 380
22805.74, 379
22814.45, 378
22855.0, 377
22858.17, 376
22867.28, 375
22875.68, 374
22882.76, 373
22891.27, 372
22898.61, 371
22922.61, 370
22923.23, 369
22933.65, 368
22946.05, 367
22956.19, 366
22963.95, 365
22991.55, 364
23008.06, 363
23012.21, 362
23019.94, 361
23038.73, 360
23056.28, 359
23059.27, 358
23082.99, 357
23104.33, 356
23109.09, 355
23115.92, 354
23125.61, 353
23131.57, 352
23139.7, 351
23155.21, 350
23162.08, 349
23191.35, 348
23202.11, 347
23233.21, 346
23241.9, 345
23252.17, 344
23259.39, 343
23279.72, 342
23292.96, 341
23299.36, 340
23306.13, 339
23313.21, 338
23324.75, 337
23334.51, 336
23340.59, 335
23352.34, 334
23358.43, 333
23391.12, 332
23396.88, 331
23404.23, 330
23433.88, 329
23443.21, 328
23455.3, 327
23466.26, 326
23492.84, 325
23504.41, 324
23510.8, 323
23538.03, 322
23549.18, 321
23558.29, 320
23563.26, 319
23572.81, 318
23582.11, 317
23605.19, 316
23612.94, 315
23621.93, 314
23633.6, 313
23642.0, 312
23655.72, 311
23673.56, 310
23684.0, 309
23698.23, 308
23712.55, 307
23739.17, 306
23747.66, 305
23769.64, 304
23788.88, 303
23798.93, 302
23814.46, 301
23825.34, 300
23839.55, 299
23848.87, 298
23868.68, 297
23896.39, 296
23908.66, 295
23918.14, 294
23925.81, 293
23948.44, 292
23971.26, 291
23981.14, 290
23990.9, 289
24009.46, 288
24019.37, 287
24031.5, 286
24047.51, 285
24059.06, 284
24067.3, 283
24087.26, 282
24103.67, 281
24129.61, 280
24140.83, 279
24160.59, 278
24181.8, 277
24189.19, 276
24198.88, 275
24208.04, 274
24215.4, 273
24239.9, 272
24251.3, 271
24265.82, 270
24276.27, 269
24291.95, 268
24315.51, 267
24329.72, 266
24356.33, 265
24365.54, 264
24377.01, 263
24398.66, 262
24410.3, 261
24425.01, 260
24434.8, 259
24446.06, 258
24456.95, 257
24466.98, 256
24482.18, 255
24496.34, 254
24514.59, 253
24524.99, 252
24547.45, 251
24562.74, 250
24579.75, 249
24597.66, 248
24606.84, 247
24615.52, 246
24624.64, 245
24633.54, 244
24642.82, 243
24665.37, 242
24690.09, 241
24698.63, 240
24707.14, 239
24725.76, 238
24737.42, 237
24754.89, 236
24761.36, 235
24777.72, 234
24795.29, 233
24813.59, 232
24825.46, 231
24847.4, 230
24856.96, 229
24878.21, 228
24901.15, 227
24913.45, 226
24935.98, 225
24948.58, 224
24960.84, 223
24974.82, 222
24990.26, 221
25003.06, 220
25017.23, 219
25034.99, 218
25046.05, 217
25063.91, 216
25082.1, 215
25105.93, 214
25115.53, 213
25131.51, 212
25148.56, 211
25161.64, 210
25185.54, 209
25194.03, 208
25210.33, 207
25233.39, 206
25251.54, 205
25268.73, 204
25290.11, 203
25311.32, 202
25323.81, 201
25335.25, 200
25345.03, 199
25356.53, 198
25374.99, 197
25412.6, 196
25422.08, 195
25436.5, 194
25458.28, 193
25467.25, 192
25485.9, 191
25498.11, 190
25527.36, 189
25540.13, 188
25557.74, 187
25589.6, 186
25599.04, 185
25612.68, 184
25639.99, 183
25646.05, 182
25663.41, 181
25690.78, 180
25701.65, 179
25727.1, 178
25752.72, 177
25762.15, 176
25779.93, 175
25788.66, 174
25798.43, 173
25815.58, 172
25844.04, 171
25856.51, 170
25869.27, 169
25875.77, 168
25898.1, 167
25924.03, 166
25939.92, 165
25948.89, 164
25957.58, 163
25971.94, 162
25981.06, 161
25992.45, 160
26005.05, 159
26014.44, 158
26024.6, 157
26071.67, 156
26081.8, 155
26090.66, 154
26118.21, 153
26141.87, 152
26151.9, 151
26164.78, 150
26174.45, 149
26185.63, 148
26201.86, 147
26220.74, 146
26239.21, 145
26267.79, 144
26278.1, 143
26289.07, 142
26298.91, 141
26327.0, 140
26338.4, 139
26357.61, 138
26394.02, 137
26407.8, 136
26419.41, 135
26441.35, 134
26451.39, 133
26470.76, 132
26494.77, 131
26504.84, 130
26545.62, 129
26556.37, 128
26574.64, 127
26584.51, 126
26594.11, 125
26605.56, 124
26618.19, 123
26640.25, 122
26651.5, 121
26659.66, 120
26686.93, 119
26705.88, 118
26715.56, 117
26759.18, 116
26770.17, 115
26785.46, 114
26797.46, 113
26807.63, 112
26836.58, 111
26868.1, 110
26881.99, 109
26906.42, 108
26916.39, 107
26928.78, 106
26970.22, 105
26981.63, 104
26997.54, 103
27015.59, 102
27050.09, 101
27086.26, 100
27093.62, 99
27124.52, 98
27142.26, 97
27153.85, 96
27192.6, 95
27202.97, 94
27225.87, 93
27237.93, 92
27245.42, 91
27258.63, 90
27293.96, 89
27305.43, 88
27317.89, 87
27330.0, 86
27342.23, 85
27353.8, 84
27400.55, 83
27411.18, 82
27429.07, 81
27444.77, 80
27455.6, 79
27503.89, 78
27511.47, 77
27523.15, 76
27546.08, 75
27561.48, 74
27588.08, 73
27598.44, 72
27632.28, 71
27659.8, 70
27676.12, 69
27695.42, 68
27708.33, 67
27719.18, 66
27731.51, 65
27742.5, 64
27769.62, 63
27796.25, 62
27816.26, 61
27833.09, 60
27855.72, 59
27869.96, 58
27897.14, 57
27910.68, 56
27925.09, 55
27943.25, 54
27955.34, 53
27993.5, 52
28005.3, 51
28018.12, 50
28038.1, 49
28061.91, 48
28074.02, 47
28100.45, 46
28125.47, 45
28137.08, 44
28147.16, 43
28175.53, 42
28203.44, 41
28218.7, 40
28243.33, 39
28259.7, 38
28300.25, 37
28309.03, 36
28331.22, 35
28370.07, 34
28387.02, 33
28397.43, 32
28414.73, 31
28428.71, 30
28444.53, 29
28476.18, 28
28489.07, 27
28503.75, 26
28514.25, 25
28530.28, 24
28541.39, 23
28556.7, 22
28580.94, 21
28595.66, 20
28622.74, 19
28635.75, 18
28670.63, 17
28684.38, 16
28693.88, 15
28735.16, 14
28755.22, 13
28768.94, 12
28785.0, 11
28801.57, 10
28822.1, 9
28844.86, 8
28868.42, 7
28892.46, 6
28905.2, 5
28919.59, 4
28946.03, 3
28965.29, 2
28993.93, 1
29010.99, 0
