507.33, 493
509.96, 486
511.55, 462
513.57, 455
517.97, 450
519.39, 448
520.49, 443
523.21, 442
525.86, 441
528.4, 440
530.28, 439
533.65, 435
536.28, 434
539.12, 410
542.22, 405
544.07, 404
560.93, 381
561.1, 376
561.25, 375
561.5, 374
561.56, 373
561.68, 372
563.56, 371
565.28, 370
569.01, 369
572.65, 368
573.26, 367
574.49, 366
577.08, 365
584.41, 364
585.02, 363
585.73, 362
588.68, 361
590.34, 360
593.62, 359
601.47, 358
605.46, 357
607.37, 356
610.57, 355
612.87, 354
615.92, 352
618.81, 351
621.44, 350
623.29, 349
627.65, 348
629.0, 347
633.74, 346
635.95, 345
637.61, 344
640.8, 343
643.67, 342
646.65, 341
651.35, 340
653.3, 339
660.29, 338
677.02, 337
677.5, 336
678.18, 335
679.76, 334
682.86, 333
693.33, 332
694.02, 331
694.51, 330
695.06, 329
697.55, 328
699.91, 327
703.19, 326
706.17, 325
709.35, 324
719.68, 323
722.28, 322
745.23, 321
751.37, 320
753.55, 319
756.28, 318
764.2, 317
771.18, 316
773.78, 315
778.42, 314
779.47, 313
781.94, 312
786.77, 311
793.81, 310
793.87, 309
793.89, 308
795.62, 307
798.15, 306
801.74, 305
804.0, 304
806.36, 303
809.35, 302
811.65, 301
831.97, 300
836.44, 299
853.7, 298
856.53, 297
859.37, 296
862.47, 295
905.44, 294
909.92, 293
913.2, 292
916.06, 291
919.49, 290
923.08, 289
925.87, 288
929.52, 287
932.96, 286
935.8, 285
938.77, 284
942.44, 283
945.36, 282
948.62, 281
952.05, 280
955.71, 279
957.3, 278
960.17, 277
963.64, 276
966.72, 275
975.94, 274
980.77, 273
982.39, 272
985.2, 271
987.97, 270
990.84, 269
993.7, 268
995.47, 267
1001.99, 266
1002.62, 265
1004.51, 264
1007.05, 263
1009.95, 262
1013.64, 261
1015.41, 260
1031.38, 259
1041.28, 258
1048.33, 257
1052.99, 256
1053.64, 255
1058.87, 254
1076.11, 253
1076.61, 252
1082.78, 251
1085.8, 250
1088.52, 249
1090.9, 248
1146.21, 247
1153.88, 246
1155.74, 245
1157.34, 244
1160.85, 243
1163.34, 242
1166.41, 241
1170.98, 240
1172.5, 239
1176.09, 238
1177.89, 237
1180.67, 236
1183.52, 235
1192.52, 234
1192.63, 233
1192.78, 232
1194.52, 231
1197.45, 230
1206.91, 229
1207.03, 228
1207.79, 227
1209.83, 226
1211.94, 225
1215.19, 224
1223.19, 223
1224.36, 222
1226.39, 221
1227.14, 220
1231.38, 219
1259.32, 218
1260.4, 217
1260.81, 216
1261.19, 215
1263.11, 214
1272.18, 213
1273.1, 212
1273.62, 211
1277.42, 210
1278.01, 209
1285.46, 208
1303.52, 207
1333.12, 206
1337.34, 205
1339.57, 204
1343.8, 203
1345.39, 202
1348.55, 201
1354.55, 200
1356.78, 199
1358.95, 198
1361.11, 197
1363.86, 196
1378.51, 195
1379.28, 194
1379.89, 193
1380.4, 192
1381.05, 191
1381.46, 190
1391.95, 189
1393.17, 188
1393.81, 187
1409.81, 186
1442.69, 185
1445.68, 184
1456.32, 183
1457.16, 182
1457.69, 181
1458.13, 180
1460.71, 179
1464.34, 178
1478.05, 177
1478.66, 176
1480.0, 175
1480.6, 174
1481.16, 173
1490.19, 172
1491.84, 171
1492.63, 170
1493.17, 169
1496.37, 168
1499.88, 167
1507.15, 166
1508.64, 165
1509.88, 164
1513.47, 163
1523.55, 162
1524.29, 161
1541.6, 160
1560.34, 159
1563.27, 158
1573.73, 157
1574.59, 156
1576.71, 155
1577.82, 154
1581.47, 153
1592.46, 152
1595.34, 151
1596.81, 150
1632.66, 149
1661.3, 148
1680.02, 147
1680.51, 146
1681.16, 145
1681.56, 144
1681.94, 143
1682.6, 142
1686.42, 141
1688.98, 140
1693.08, 139
1695.76, 138
1702.56, 137
1704.99, 136
1705.83, 135
1709.92, 134
1711.66, 133
1716.03, 132
1723.11, 131
1724.15, 130
1727.04, 129
1727.98, 128
1730.44, 127
1737.57, 126
1739.82, 125
1743.52, 124
1744.47, 123
1746.18, 122
1750.52, 121
1759.69, 120
1760.4, 119
1760.99, 118
1779.93, 117
1789.85, 116
1791.85, 115
1792.57, 114
1795.86, 113
1802.43, 112
1805.83, 111
1824.08, 110
1836.31, 109
1839.28, 108
1840.06, 107
1840.44, 106
1846.04, 105
1846.28, 104
1850.21, 103
1855.57, 102
1855.91, 101
1859.6, 100
1861.56, 99
1865.14, 98
1872.26, 97
1872.52, 96
1873.81, 95
1877.08, 94
1926.42, 93
1932.98, 92
1941.56, 91
1943.55, 90
1943.63, 89
1945.6, 88
1949.9, 87
1953.78, 86
1955.31, 85
1958.3, 84
1961.67, 83
1964.91, 82
1970.73, 81
2010.12, 80
2020.73, 79
2023.21, 78
2024.28, 77
2027.61, 76
2031.53, 75
2041.04, 74
2042.57, 73
2043.62, 72
2043.7, 71
2046.84, 70
2052.39, 69
2054.48, 68
2056.84, 67
2060.16, 66
2064.4, 65
2069.7, 64
2070.59, 63
2073.04, 62
2076.35, 61
2079.71, 60
2083.99, 59
2093.06, 58
2093.17, 57
2114.25, 56
2115.01, 55
2115.7, 54
2116.49, 53
2120.6, 52
2169.93, 51
2171.67, 50
2179.35, 49
2182.33, 48
2204.34, 47
2215.23, 46
2219.77, 45
2227.47, 44
2233.4, 43
2236.0, 42
2240.62, 41
2243.89, 40
2248.45, 39
2255.37, 38
2256.13, 37
2256.79, 36
2259.99, 35
2264.0, 34
2267.09, 33
2271.17, 32
2278.55, 31
2309.63, 30
2310.72, 29
2311.45, 28
2311.85, 27
2324.96, 26
2325.13, 25
2325.28, 24
2325.44, 23
2327.16, 22
2330.71, 21
2335.54, 20
2337.7, 19
2341.65, 18
2344.88, 17
2354.35, 16
2356.56, 15
2358.29, 14
2362.69, 13
2366.35, 12
2376.42, 11
2376.66, 10
2376.71, 9
4497.33, 8
4504.53, 7
4506.96, 6
4510.74, 5
4513.79, 4
4528.89, 3
4536.35, 2
4539.55, 1
4561.29, 0
