6090.41, 9142
6162.52, 9118
6266.76, 9115
6321.17, 9093
6404.99, 9092
6491.39, 9072
6576.06, 9070
6665.91, 9069
6748.03, 9050
6829.87, 9048
6939.59, 9047
7016.38, 8869
7095.19, 8847
7182.25, 8846
7275.38, 8844
7360.24, 8824
7447.9, 8822
7633.8, 8821
7641.47, 8805
7699.72, 8802
7821.3, 8801
7869.31, 8800
7962.05, 8799
8067.54, 8785
8171.14, 8782
8230.14, 8781
8317.79, 8780
8427.17, 8779
8497.46, 8778
8578.3, 8777
8755.7, 8763
8811.24, 8760
8891.97, 8759
9077.1, 8758
9128.45, 8757
9133.43, 8756
9364.55, 8755
9367.54, 8741
9452.89, 8738
9671.87, 8737
9672.01, 8736
9672.21, 8735
9899.53, 8734
9899.69, 8733
9963.54, 8722
10111.18, 8719
10137.99, 8718
10199.57, 8717
10404.14, 8716
10404.26, 8715
10665.06, 8714
10665.18, 8713
10694.01, 8712
10854.74, 8711
10927.89, 8700
11031.18, 8697
11266.59, 8696
11266.73, 8695
11316.59, 8694
11324.92, 8693
11425.67, 8692
11536.87, 8691
11656.08, 8690
11797.6, 8689
11895.27, 8678
11930.24, 8675
12121.55, 8674
12140.4, 8673
12239.12, 8672
12352.42, 8671
12413.34, 8670
12606.14, 8659
12681.9, 8656
12844.6, 8655
12844.72, 8654
12928.28, 8653
13045.15, 8652
13047.14, 8651
13149.56, 8650
13233.52, 8649
13337.44, 8648
13536.27, 8637
13536.43, 8634
13587.86, 8633
13729.66, 8632
13763.31, 8631
13938.98, 8630
14063.77, 8629
14064.81, 8628
14133.15, 8627
14246.77, 8626
14305.31, 8575
14473.81, 8555
14478.67, 8553
14574.96, 8552
14730.85, 8534
14741.13, 8531
14861.49, 8530
15019.79, 8529
15020.06, 8517
15091.34, 8513
15266.41, 8511
15266.54, 8510
15364.41, 8509
15407.48, 8508
15631.13, 8499
15632.72, 8495
15711.62, 8493
15916.81, 8492
15916.86, 8491
16111.43, 8490
16133.86, 8489
16186.17, 8488
16435.76, 8487
16437.18, 8479
16439.05, 8475
16699.92, 8473
16699.97, 8472
16924.81, 8471
16924.94, 8470
16924.96, 8469
17191.43, 8468
17191.56, 8467
17228.02, 8466
17426.39, 8459
17426.51, 8455
17594.91, 8453
17666.11, 8452
17930.38, 8451
17930.43, 8450
17930.61, 8449
17932.49, 8448
18172.06, 8447
18172.12, 8446
18293.53, 8445
18327.3, 8442
18513.39, 8438
18515.98, 8436
18611.05, 8435
18674.22, 8434
18826.33, 8433
18891.74, 8432
18958.1, 8431
19065.81, 8430
19139.66, 8429
19250.14, 8428
19337.94, 8427
19441.6, 8426
19526.85, 8425
19616.69, 8424
19693.78, 8422
19766.92, 8418
19870.43, 8416
19945.18, 8415
20024.7, 8414
20116.61, 8413
20188.21, 8412
20262.4, 8411
20350.18, 8410
20416.73, 8409
20513.11, 8408
20600.91, 8407
20688.74, 8406
20794.88, 8405
20904.22, 8404
21004.73, 8403
21117.1, 8402
21190.6, 8396
21275.5, 8392
21360.49, 8390
21436.65, 8389
21525.2, 8388
21605.49, 8387
21676.21, 8386
21781.94, 8385
21849.85, 8384
21945.69, 8383
22008.53, 8382
22102.38, 8379
22234.64, 8375
22335.37, 8373
22424.03, 8372
22501.59, 8371
22576.75, 8370
22663.3, 8369
22750.28, 8368
22838.62, 8367
22932.4, 8366
23023.74, 8365
23141.05, 8364
23224.74, 8363
23326.36, 8362
23412.31, 8361
23507.78, 8359
23601.15, 8355
23678.04, 8353
23770.99, 8352
23849.05, 8351
23926.0, 8350
24030.43, 8349
24108.52, 8348
24192.81, 8347
24295.62, 8346
24379.26, 8345
24481.64, 8344
24568.77, 8343
24661.75, 8342
24746.92, 8341
24864.78, 8340
24980.41, 8339
25074.32, 8337
25166.44, 8333
25249.66, 8331
25333.13, 8330
25423.58, 8329
25511.77, 8328
25601.8, 8327
25681.82, 8326
25769.94, 8325
25874.3, 8324
25962.09, 8323
26069.77, 8322
26163.62, 8321
26259.46, 8320
26361.12, 8319
26462.23, 8318
26568.05, 8317
26679.51, 8315
26733.64, 8311
26823.79, 8309
26897.34, 8308
26976.39, 8307
27045.51, 8306
27128.03, 8305
27212.95, 8304
27314.7, 8303
27411.76, 8302
27513.14, 8301
27586.33, 8300
27664.54, 8299
27770.91, 8298
27863.74, 8297
27957.79, 8296
28066.72, 8295
28181.66, 8294
28271.99, 8293
28345.08, 8292
28445.95, 8291
28529.01, 8290
28625.2, 8289
28723.96, 8288
28786.68, 8287
28877.25, 8286
28962.76, 8285
29060.77, 8284
29164.91, 8283
29266.35, 8282
29379.74, 8281
29494.18, 8280
29573.53, 8279
29639.82, 8275
29734.44, 8273
29809.43, 8272
29890.71, 8271
29980.77, 8270
30061.0, 8269
30144.76, 8268
30231.73, 8267
30327.08, 8266
30410.88, 8265
30506.99, 8264
30594.6, 8263
30691.39, 8262
30787.46, 8261
30889.57, 8260
30991.62, 8259
31093.7, 8258
31182.97, 8257
31260.25, 8253
31358.59, 8251
31448.85, 8250
31527.69, 8249
31635.7, 8248
31727.27, 8247
31810.6, 8246
31940.69, 8245
32027.03, 8244
32113.81, 8243
32263.07, 8242
32387.49, 8241
32448.84, 8240
32571.01, 8239
32661.68, 8238
32760.6, 8237
32926.9, 8236
32974.24, 8235
33022.67, 8234
33098.3, 8233
33290.75, 8232
33380.32, 8231
33462.4, 8230
33557.32, 8229
33665.76, 8228
33764.93, 8227
33863.93, 8226
33944.39, 8225
34055.92, 8224
34137.5, 8223
34247.26, 8222
34349.32, 8218
34392.43, 8216
34461.85, 8215
34536.96, 8214
34617.88, 8213
34701.03, 8212
34786.37, 8211
34888.12, 8210
34974.39, 8209
35039.72, 8208
35141.79, 8207
35229.79, 8206
35328.06, 8205
35430.54, 8204
35528.07, 8203
35641.7, 8202
35752.79, 8201
35869.77, 8200
35977.78, 8196
36066.45, 8194
36157.41, 8193
36241.78, 8192
36336.47, 8191
36435.09, 8190
36511.58, 8189
36602.89, 8188
36710.64, 8187
36811.14, 8186
36929.32, 8185
37037.87, 8184
37139.78, 8183
37245.56, 8182
37344.72, 8181
37447.95, 8180
37556.44, 8179
37680.45, 8178
37809.98, 8177
37944.38, 8176
38045.55, 8175
38130.51, 8174
38245.31, 8173
38332.2, 8172
38461.96, 8171
38550.18, 8170
38673.13, 8169
38755.85, 8168
38865.48, 8167
38965.35, 8166
39092.45, 8165
39212.05, 8162
39293.22, 8160
39379.25, 8159
39469.57, 8158
39560.06, 8157
39645.28, 8156
39720.76, 8155
39816.02, 8154
39912.27, 8153
40008.94, 8152
40121.3, 8151
40225.03, 8150
40345.64, 8149
40441.78, 8148
40557.25, 8147
40645.51, 8146
40762.88, 8145
40837.19, 8144
40939.33, 8143
41094.84, 8140
41138.6, 8138
41198.62, 8137
41311.63, 8136
41415.49, 8135
41482.46, 8134
41579.58, 8133
41699.28, 8132
41774.74, 8131
41870.8, 8130
41995.96, 8129
42079.1, 8128
42195.91, 8127
42287.36, 8126
42366.44, 8125
42478.69, 8124
42546.1, 8123
42654.2, 8122
42779.55, 8121
42886.31, 8120
43011.56, 8119
43144.55, 8118
43253.26, 8117
43356.54, 8116
43497.05, 8115
43578.11, 8114
43688.54, 8113
43790.07, 8112
43880.3, 8111
43974.03, 8110
44115.96, 8109
44198.78, 8107
44276.85, 8105
44366.45, 8104
44463.23, 8103
44571.91, 8102
44664.61, 8101
44737.38, 8100
44820.77, 8099
44972.01, 8098
45027.43, 8097
45124.87, 8096
45232.54, 8095
45328.05, 8094
45409.42, 8093
45532.72, 8092
45661.44, 8091
45774.11, 8090
45859.13, 8089
45983.24, 8088
46108.74, 8087
46232.63, 8085
46293.95, 8083
46358.91, 8082
46503.36, 8081
46587.39, 8080
46680.33, 8079
46764.68, 8078
46874.43, 8077
46981.65, 8076
47012.17, 8075
47109.85, 8074
47227.83, 8073
47304.77, 8072
47430.24, 8071
47514.94, 8070
47626.97, 8069
47738.11, 8068
47844.9, 8067
47936.48, 8066
48054.83, 8065
48133.15, 8064
48263.52, 8063
48374.94, 8062
48482.58, 8061
48596.65, 8060
48708.57, 8059
48849.95, 8058
48962.36, 8057
49074.29, 8056
49149.13, 8055
49282.86, 8054
49392.57, 8053
49513.51, 8051
49582.83, 8050
49626.34, 8049
49690.95, 8048
49771.38, 8047
49832.54, 8046
49929.46, 8045
50044.11, 8044
50115.23, 8043
50249.89, 8042
50322.71, 8041
50462.67, 8040
50570.48, 8039
50679.13, 8038
50760.18, 8037
50857.7, 8036
50931.8, 8035
51108.32, 8034
51163.48, 8033
51294.7, 8032
51377.35, 8031
51482.16, 8029
51570.55, 8028
51663.99, 8027
51770.75, 8026
51845.87, 8025
51960.34, 8024
52037.15, 8023
52145.44, 8022
52281.51, 8021
52329.13, 8020
52460.0, 8019
52549.55, 8018
52621.32, 8017
52709.06, 8016
52866.12, 8015
52960.89, 8014
53046.77, 8013
53127.1, 8012
53213.0, 8011
53355.1, 8010
53455.12, 8009
53592.82, 8008
53647.11, 8007
53765.85, 8006
53916.3, 8005
54021.78, 8004
54161.34, 8003
54294.12, 8002
54416.07, 8001
54511.78, 8000
54661.44, 7999
54759.32, 7998
54862.96, 7997
54943.35, 7996
55054.64, 7995
55074.32, 7994
55210.94, 7993
55291.06, 7992
55388.16, 7991
55507.3, 7990
55599.66, 7989
55696.65, 7988
55799.28, 7987
55908.24, 7986
55996.33, 7985
56096.07, 7984
56194.11, 7983
56329.07, 7982
56426.59, 7981
56528.14, 7980
56599.67, 7979
56758.03, 7978
56777.92, 7976
56895.22, 7975
56980.92, 7974
57108.23, 7973
57179.91, 7972
57229.15, 7971
57371.57, 7970
57463.91, 7969
57553.56, 7968
57727.39, 7967
57757.69, 7966
57893.31, 7965
57974.18, 7964
58055.28, 7963
58166.01, 7962
58279.33, 7961
58370.81, 7960
58490.23, 7959
58587.08, 7958
58712.63, 7957
58813.25, 7956
58946.54, 7955
59029.66, 7954
59129.62, 7953
59274.53, 7952
59457.57, 7951
59513.03, 7950
59765.01, 7949
59765.51, 7948
59923.76, 7947
59981.86, 7946
60229.99, 7945
60324.39, 7944
60343.26, 7943
60488.08, 7942
