5872.82, 8710
6012.51, 8677
6096.28, 8662
6209.6, 8629
6280.05, 8628
6386.77, 8597
6473.14, 8596
6588.65, 8577
6725.78, 8576
6813.95, 8545
6883.65, 8544
7025.44, 8519
7153.58, 8518
7228.03, 8495
7389.48, 8494
7466.16, 8469
7620.38, 8468
7701.62, 8460
7837.81, 8459
7961.54, 8436
8089.4, 8435
8192.72, 8434
8285.91, 8433
8357.48, 8414
8513.69, 8413
8604.57, 8405
8709.88, 8404
8811.41, 8381
8916.57, 8380
9040.7, 8379
9167.53, 8378
9311.88, 8377
9653.54, 8376
9655.38, 8375
9657.19, 8356
9776.02, 8355
9867.26, 8347
9985.96, 8346
10054.67, 8323
10164.89, 8322
10262.34, 8321
10397.63, 8320
10525.97, 8304
10597.12, 8303
10725.76, 8302
10838.35, 8301
10933.84, 8300
11045.87, 8299
11182.43, 8298
11286.07, 8279
11360.86, 8278
11494.87, 8270
11606.91, 8269
11691.02, 8246
11802.96, 8245
11876.51, 8244
11984.36, 8243
12086.16, 8239
12201.29, 8238
12377.83, 8230
12452.75, 8229
12574.69, 8206
12656.17, 8205
12728.01, 8204
12861.33, 8203
12977.65, 8201
13106.14, 8200
13252.66, 8177
13274.78, 8176
13458.44, 8175
13495.87, 8174
13670.27, 8173
13703.2, 8172
13830.09, 8171
13880.16, 8170
14124.5, 8169
14124.8, 8163
14245.52, 8162
14318.99, 8161
14396.32, 8160
14543.57, 8139
14649.88, 8138
14771.17, 8137
14823.4, 8136
14942.09, 8135
15070.39, 8134
15201.29, 8133
15387.29, 8132
15451.05, 8131
15546.28, 8110
15589.76, 8109
15776.99, 8108
15812.71, 8107
15932.35, 8106
16144.31, 8105
16206.97, 8104
16274.06, 8103
16420.01, 8102
16516.56, 8101
16650.42, 8100
16759.56, 8089
16889.88, 8088
16976.17, 8087
17112.91, 8086
17215.08, 8085
17328.45, 8084
17430.38, 8083
17622.72, 8082
17695.03, 8081
17850.94, 8080
18006.81, 8079
18087.24, 8078
18167.38, 8077
18408.1, 8076
18514.44, 8075
18546.64, 8074
18597.15, 8073
18713.3, 8072
18874.04, 8071
18945.06, 8070
19119.43, 8061
19160.49, 8059
19411.09, 8058
19413.63, 8057
19456.57, 8056
19603.16, 8055
19603.29, 8054
19828.61, 8053
19835.97, 8052
19891.2, 8051
20019.42, 8050
20094.49, 8049
20242.51, 8048
20298.69, 8047
20427.97, 8037
20466.32, 8036
20593.14, 8035
20681.42, 8034
20820.12, 8033
20898.89, 8032
21001.2, 8031
21129.79, 8030
21240.07, 8029
21365.64, 8028
21478.07, 8027
21636.64, 8026
21749.9, 8025
21853.49, 8024
21926.11, 8016
22051.5, 8015
22146.03, 8014
22232.37, 8013
22329.67, 8012
22416.13, 8011
22519.41, 8010
22638.51, 8009
22753.53, 8008
22848.42, 8007
22992.09, 8006
23156.53, 8005
23263.11, 8004
23376.04, 8003
23536.87, 8002
23672.31, 8001
23815.97, 8000
23925.29, 7999
24080.34, 7998
24181.59, 7997
24336.35, 7996
24440.3, 7995
24591.33, 7994
24711.85, 7988
24812.48, 7986
24882.72, 7985
25001.05, 7984
25101.54, 7983
25179.96, 7982
25263.26, 7981
25415.53, 7980
25491.93, 7979
25587.09, 7978
25708.98, 7977
25850.53, 7976
25980.6, 7975
26110.95, 7974
26252.87, 7973
26309.32, 7972
26442.58, 7971
26562.91, 7967
26656.64, 7965
26764.8, 7964
26849.41, 7963
26917.67, 7962
27029.21, 7961
27125.18, 7960
27246.53, 7959
27362.44, 7958
27458.14, 7957
27576.31, 7956
27761.31, 7955
27825.11, 7954
27934.06, 7953
28055.09, 7952
28182.03, 7951
28311.07, 7950
28412.86, 7948
28525.97, 7945
28592.45, 7944
28696.76, 7943
28812.01, 7942
28935.74, 7941
29036.37, 7940
29142.39, 7939
29262.56, 7938
29379.31, 7937
29483.12, 7936
29589.14, 7935
29694.65, 7934
29873.72, 7933
29975.86, 7932
30099.04, 7931
30262.74, 7930
30360.94, 7929
30475.72, 7928
30645.22, 7927
30724.13, 7924
30849.67, 7923
30949.48, 7922
31049.11, 7921
31115.98, 7920
31278.91, 7919
31374.77, 7918
31505.36, 7917
31595.6, 7916
31678.34, 7915
31827.7, 7914
31934.15, 7913
32075.45, 7912
32199.44, 7911
32291.41, 7910
32424.69, 7909
32561.38, 7908
32649.06, 7907
32798.46, 7906
33017.3, 7905
33031.82, 7904
33130.87, 7903
33162.52, 7902
33308.81, 7901
33377.08, 7900
33497.0, 7899
33617.0, 7898
33749.65, 7897
33835.67, 7896
33954.67, 7895
34069.08, 7894
34199.86, 7893
34314.38, 7892
34413.37, 7891
34539.45, 7890
34653.78, 7889
34763.39, 7888
34882.45, 7887
34991.23, 7886
35106.67, 7885
35211.8, 7884
35328.83, 7883
35468.1, 7882
35585.52, 7881
35719.47, 7880
35916.8, 7879
36081.4, 7878
36108.07, 7877
36285.89, 7876
36367.19, 7875
36519.95, 7874
36714.42, 7873
36820.53, 7872
36981.42, 7871
37072.03, 7870
37160.33, 7869
37227.81, 7868
37342.44, 7867
37447.88, 7866
37613.25, 7865
37671.53, 7864
37861.2, 7863
37949.41, 7862
38095.31, 7861
38212.76, 7860
38302.75, 7859
38469.12, 7858
38606.38, 7857
38760.63, 7856
38867.34, 7855
38985.56, 7854
39242.36, 7853
39298.03, 7852
39413.32, 7851
39527.39, 7850
39678.81, 7849
39808.76, 7848
39944.45, 7847
40119.04, 7846
40283.34, 7845
40429.87, 7844
40527.71, 7843
40630.71, 7842
40760.81, 7841
40838.59, 7840
41025.41, 7839
41085.96, 7838
41215.14, 7837
41391.27, 7836
41513.78, 7835
41658.34, 7834
41749.68, 7833
41981.11, 7832
42042.29, 7831
42202.36, 7830
42307.93, 7829
42444.3, 7828
42556.46, 7827
42755.57, 7826
42928.01, 7825
43065.33, 7824
43207.29, 7823
43377.24, 7822
43492.29, 7821
43602.5, 7820
43735.5, 7819
43891.05, 7818
44027.66, 7817
44227.15, 7816
44374.91, 7815
44452.45, 7814
44596.92, 7813
44701.46, 7812
44844.26, 7811
44981.98, 7810
45060.66, 7809
45188.64, 7808
45298.14, 7807
45475.51, 7806
45569.04, 7805
45708.93, 7804
45830.99, 7803
45997.3, 7802
46083.15, 7801
46227.92, 7800
46331.87, 7799
46471.81, 7798
46629.44, 7797
46749.41, 7796
46919.34, 7795
47038.75, 7794
47179.26, 7793
47347.26, 7792
47469.32, 7791
47631.53, 7790
47710.86, 7789
47835.43, 7788
47986.02, 7787
48122.31, 7786
48235.97, 7785
48393.82, 7784
48524.17, 7783
48664.52, 7782
48804.95, 7781
48971.83, 7780
49130.49, 7779
49297.16, 7778
49390.15, 7777
49527.2, 7776
49660.46, 7775
49852.29, 7774
49966.6, 7773
50124.65, 7772
50244.25, 7771
50354.7, 7770
50497.94, 7769
50616.54, 7768
50738.92, 7767
50836.19, 7766
51014.26, 7765
51094.13, 7764
51289.07, 7763
51400.27, 7762
51534.14, 7761
51677.48, 7760
51797.68, 7759
51988.42, 7758
52097.64, 7757
52235.76, 7756
52340.52, 7755
52483.05, 7754
52651.91, 7753
52796.4, 7752
52947.16, 7751
53080.13, 7750
53200.65, 7749
53369.06, 7748
53468.98, 7747
53599.94, 7746
53749.89, 7745
53930.44, 7744
54040.09, 7743
54191.94, 7742
54402.97, 7741
54454.51, 7740
54521.51, 7739
54631.52, 7738
54782.09, 7737
54924.01, 7736
55030.48, 7735
55163.76, 7734
55301.86, 7733
55458.2, 7732
55585.71, 7731
55703.02, 7730
55826.68, 7729
55960.56, 7728
56105.2, 7727
56283.32, 7726
56435.42, 7725
56547.61, 7724
56744.05, 7723
56839.43, 7722
56978.14, 7721
57152.27, 7720
57268.75, 7719
57442.29, 7718
57543.77, 7717
57707.34, 7716
57846.03, 7715
58005.25, 7714
58157.94, 7713
58247.26, 7712
58358.5, 7711
58476.99, 7710
58632.17, 7709
58760.65, 7708
58874.91, 7707
58983.55, 7706
59132.61, 7705
59288.21, 7704
59418.74, 7703
59564.59, 7702
59702.16, 7701
59851.87, 7700
59947.29, 7699
60131.57, 7698
60280.91, 7697
60418.1, 7696
60551.34, 7695
