6298.41, 8713
6452.36, 8709
6502.76, 8678
6532.56, 8674
6610.99, 8647
6714.54, 8643
6789.01, 8640
6939.21, 8636
7019.96, 8623
7022.91, 8619
7114.13, 8618
7250.01, 8592
7383.35, 8588
7383.45, 8587
7440.02, 8585
7634.57, 8581
7634.69, 8580
7847.27, 8579
7847.32, 8578
7873.78, 8552
7946.86, 8548
8030.51, 8547
8210.41, 8545
8210.59, 8541
8318.55, 8540
8517.15, 8539
8518.03, 8537
8549.33, 8533
8667.75, 8532
8789.21, 8531
8870.52, 8530
8950.0, 8504
9393.96, 8500
9553.36, 8499
9675.21, 8497
9677.31, 8493
9680.4, 8492
9690.51, 8479
9988.79, 8475
10017.57, 8474
10023.21, 8472
10023.54, 8468
10203.21, 8467
10280.09, 8466
10283.63, 8462
10580.75, 8461
10580.79, 8460
10580.81, 8459
10748.29, 8433
10758.73, 8429
10778.55, 8428
10966.19, 8426
11118.56, 8422
11119.03, 8421
11133.37, 8420
11392.44, 8404
11393.84, 8400
11393.9, 8399
11429.91, 8397
11631.12, 8393
11631.24, 8392
11801.19, 8391
11867.05, 8383
11879.52, 8379
12058.36, 8378
12097.09, 8376
12222.97, 8372
12356.03, 8371
12363.33, 8370
12433.46, 8368
12492.06, 8367
12756.86, 8365
12756.93, 8361
12758.21, 8360
13002.64, 8359
13044.28, 8358
13046.24, 8354
13224.48, 8353
13224.54, 8352
13318.74, 8344
13524.09, 8340
13527.32, 8339
13598.21, 8337
13760.63, 8333
13768.54, 8332
13825.23, 8331
13974.52, 8329
14169.14, 8328
14169.27, 8326
14169.29, 8322
14438.74, 8321
14438.81, 8320
14438.83, 8319
14538.9, 8318
14701.89, 8305
14702.11, 8301
14965.13, 8300
15022.11, 8299
15023.84, 8298
15162.66, 8294
15163.67, 8293
15410.91, 8292
15411.03, 8291
15411.06, 8290
15664.31, 8284
15665.98, 8280
15666.01, 8279
15715.88, 8278
16028.49, 8277
16028.62, 8273
16028.64, 8272
16034.25, 8271
16244.12, 8270
16244.79, 8269
16282.68, 8268
16428.32, 8267
16443.73, 8266
16549.48, 8262
16590.25, 8261
16685.28, 8260
16806.83, 8259
16855.65, 8258
16947.17, 8255
17035.42, 8254
17124.54, 8253
17225.05, 8252
17338.62, 8251
17383.08, 8245
17425.63, 8241
17483.42, 8240
17591.37, 8239
17678.85, 8238
17765.42, 8234
17845.22, 8233
17897.23, 8232
17998.04, 8231
18082.5, 8230
18134.85, 8229
18219.7, 8228
18291.01, 8227
18364.69, 8223
18441.73, 8222
18518.83, 8221
18587.34, 8220
18662.06, 8219
18740.94, 8215
18827.81, 8214
18909.64, 8213
18973.64, 8212
19054.95, 8208
19118.07, 8207
19191.71, 8206
19289.73, 8205
19389.22, 8204
19445.97, 8203
19512.73, 8202
19591.46, 8201
19672.76, 8197
19759.23, 8196
19822.08, 8195
19907.75, 8194
19997.91, 8193
20081.14, 8192
20174.07, 8188
20239.44, 8187
20327.54, 8186
20411.68, 8185
20476.71, 8181
20552.38, 8180
20631.85, 8179
20730.75, 8178
20815.86, 8177
20901.12, 8176
20983.03, 8175
21058.4, 8174
21134.42, 8170
21211.48, 8169
21282.59, 8168
21371.47, 8167
21465.71, 8166
21546.33, 8165
21631.31, 8164
21717.51, 8163
21806.2, 8162
21908.34, 8159
21982.63, 8158
22052.29, 8157
22143.51, 8156
22232.43, 8155
22340.85, 8154
22439.91, 8153
22526.36, 8152
22616.78, 8150
22700.43, 8149
22763.02, 8148
22850.55, 8147
22918.0, 8143
22985.17, 8142
23060.03, 8141
23149.26, 8140
23240.75, 8139
23330.72, 8138
23391.56, 8137
23478.18, 8136
23540.61, 8132
23633.26, 8131
23701.21, 8130
23792.54, 8129
23909.43, 8128
23998.49, 8127
24105.41, 8126
24173.59, 8125
24277.86, 8124
24382.44, 8123
24472.73, 8122
24573.41, 8121
24677.7, 8120
24789.67, 8119
24875.71, 8118
24976.78, 8117
25065.32, 8116
25156.71, 8115
25239.19, 8114
25346.84, 8113
25445.16, 8112
25531.74, 8111
25630.98, 8110
25722.06, 8109
25807.8, 8108
25903.04, 8107
25996.41, 8106
26094.93, 8105
26177.71, 8101
26242.97, 8100
26321.18, 8099
26429.75, 8098
26468.08, 8097
26558.74, 8096
26656.18, 8095
26731.98, 8094
26815.47, 8090
26895.14, 8089
26978.85, 8088
27052.78, 8087
27127.31, 8086
27231.74, 8085
27327.39, 8084
27429.57, 8083
27526.48, 8082
27633.21, 8081
27720.89, 8080
27828.35, 8079
27928.39, 8078
28009.02, 8077
28115.93, 8076
28213.6, 8075
28322.61, 8074
28404.49, 8073
28495.12, 8072
28589.72, 8071
28688.58, 8070
28781.13, 8069
28878.61, 8068
28983.77, 8067
29098.67, 8066
29193.01, 8065
29281.94, 8064
29364.02, 8063
29469.56, 8062
29613.81, 8061
29678.57, 8060
29786.76, 8058
29815.67, 8057
29938.39, 8056
30051.73, 8055
30128.86, 8054
30297.69, 8053
30368.41, 8052
30453.76, 8051
30685.62, 8050
30685.76, 8049
30712.87, 8048
30764.99, 8047
30868.15, 8046
31030.85, 8045
31127.76, 8044
31219.02, 8043
31303.22, 8042
31409.77, 8041
31485.72, 8040
31595.19, 8039
31674.53, 8038
31768.04, 8037
31871.23, 8036
31961.16, 8035
32084.88, 8034
32128.64, 8033
32205.09, 8032
32291.01, 8031
32379.29, 8030
32478.89, 8029
32566.22, 8028
32665.29, 8027
32743.49, 8026
32838.78, 8025
32944.74, 8024
33036.63, 8023
33132.17, 8022
33239.4, 8021
33347.94, 8020
33463.68, 8019
33568.45, 8018
33645.66, 8017
33737.01, 8016
33828.26, 8015
33932.94, 8014
34018.58, 8013
34131.13, 8012
34231.3, 8011
34324.47, 8010
34441.92, 8009
34545.97, 8008
34664.41, 8007
34750.71, 8006
34844.94, 8005
34945.98, 8004
35054.74, 8003
35164.62, 8002
35248.65, 8001
35351.07, 8000
35455.25, 7999
35539.3, 7998
35649.16, 7997
35759.11, 7996
35873.16, 7995
35976.3, 7994
36066.79, 7993
36173.05, 7992
36280.53, 7991
36382.15, 7990
36482.76, 7989
36584.74, 7988
36665.1, 7987
36761.6, 7986
36853.56, 7985
36968.51, 7984
37077.01, 7983
37178.28, 7982
37285.07, 7981
37374.24, 7980
37476.52, 7979
37574.55, 7978
37665.04, 7977
37785.39, 7976
37899.13, 7975
38016.03, 7974
38127.58, 7973
38216.66, 7972
38315.45, 7971
38418.45, 7970
38555.8, 7969
38636.47, 7968
38748.72, 7967
38852.12, 7966
38950.93, 7965
39026.94, 7964
39131.43, 7963
39249.47, 7962
39417.48, 7961
39494.65, 7960
39565.39, 7959
39662.71, 7958
39768.0, 7957
39851.38, 7956
39960.93, 7955
40049.32, 7954
40129.43, 7953
40216.27, 7952
40294.98, 7951
40378.17, 7950
40512.49, 7949
40599.59, 7948
40709.53, 7947
40817.21, 7946
40931.28, 7945
41030.75, 7944
41126.19, 7943
41235.18, 7942
41345.58, 7941
41435.89, 7940
41548.99, 7939
41694.05, 7938
41752.07, 7937
41868.48, 7936
41965.1, 7935
42082.49, 7934
42158.81, 7933
42268.91, 7932
42349.16, 7931
42451.6, 7930
42567.99, 7929
42680.67, 7928
42780.18, 7927
42890.95, 7926
42968.18, 7925
43048.73, 7924
43165.27, 7923
43302.2, 7922
43395.89, 7921
43497.46, 7920
43616.69, 7919
43726.79, 7918
43844.0, 7917
43982.27, 7916
44051.26, 7915
44168.38, 7914
44280.45, 7913
44395.98, 7912
44483.33, 7911
44601.78, 7910
44680.49, 7909
44766.53, 7908
44914.36, 7907
45015.86, 7906
45069.09, 7905
45177.02, 7904
45296.9, 7903
45400.54, 7902
45510.16, 7901
45616.21, 7900
45681.88, 7899
45816.17, 7898
45917.88, 7897
46012.27, 7896
46113.98, 7895
46198.38, 7894
46297.8, 7893
46382.38, 7892
46506.41, 7891
46607.32, 7890
46700.24, 7889
46813.95, 7888
46889.86, 7887
46980.65, 7886
47116.17, 7885
47223.17, 7884
47302.51, 7883
47396.25, 7882
47524.14, 7881
47607.73, 7880
47747.51, 7879
47884.4, 7878
47977.35, 7877
48074.06, 7876
48182.37, 7875
48285.48, 7874
48400.69, 7873
48497.08, 7872
48583.38, 7871
48694.38, 7870
48818.07, 7869
48924.74, 7868
49043.07, 7867
49152.31, 7866
49232.17, 7865
49343.83, 7864
49449.09, 7863
49547.26, 7862
49667.96, 7861
49749.02, 7860
49827.51, 7859
49992.64, 7858
50085.29, 7857
50228.08, 7856
50300.78, 7855
50389.66, 7854
50489.49, 7853
50623.19, 7852
50727.56, 7851
50807.4, 7850
50911.63, 7849
51017.83, 7848
51131.89, 7847
51257.36, 7846
51364.03, 7845
51461.16, 7844
51576.16, 7843
51694.46, 7842
51811.86, 7841
51897.37, 7840
52001.05, 7839
52110.66, 7838
52215.49, 7837
52307.47, 7836
52436.5, 7835
52539.82, 7834
52651.63, 7833
52763.79, 7832
52807.33, 7831
52907.91, 7830
53065.34, 7829
53172.87, 7828
53260.19, 7827
53367.84, 7826
53508.02, 7825
53609.07, 7824
53698.97, 7823
53801.31, 7822
53898.8, 7821
54032.55, 7820
54147.18, 7819
54247.75, 7818
54316.28, 7817
54423.28, 7816
54577.06, 7815
54672.65, 7814
54727.34, 7813
54831.72, 7812
54935.33, 7811
55034.71, 7810
55126.84, 7809
55251.26, 7808
55381.1, 7807
55477.77, 7806
55606.65, 7805
55698.52, 7804
55794.7, 7803
55874.18, 7802
55968.85, 7801
56070.84, 7800
56160.49, 7799
56314.21, 7798
56395.57, 7797
56498.13, 7796
56596.68, 7795
56713.61, 7794
56832.08, 7793
56960.08, 7792
57101.58, 7791
57165.49, 7790
57234.8, 7789
57362.85, 7788
57506.49, 7787
57613.06, 7786
57851.54, 7785
57852.01, 7784
58060.94, 7783
58061.0, 7782
58061.02, 7781
58203.51, 7780
58249.66, 7779
58344.97, 7778
58501.85, 7777
58565.98, 7776
58651.01, 7775
58741.16, 7774
58830.31, 7773
58944.12, 7772
59032.49, 7771
59145.47, 7770
59210.47, 7769
59309.85, 7768
59430.84, 7767
59509.4, 7766
59613.39, 7765
59698.77, 7764
59793.97, 7763
59870.8, 7762
59990.95, 7761
60059.07, 7760
60170.66, 7759
60222.17, 7758
60296.82, 7757
60369.66, 7756
