2891.44, 4131
2910.52, 4100
2946.45, 4071
2974.73, 4070
2990.55, 4041
3031.86, 4040
3054.55, 4021
3071.83, 4019
3088.68, 4018
3123.73, 3993
3140.43, 3991
3173.89, 3990
3208.19, 3989
3215.68, 3988
3242.6, 3972
3256.41, 3969
3286.61, 3968
3325.29, 3967
3343.32, 3946
3358.37, 3943
3376.49, 3942
3392.45, 3941
3410.6, 3940
3428.94, 3939
3473.92, 3938
3510.43, 3917
3531.5, 3914
3551.19, 3913
3605.28, 3912
3622.39, 3911
3638.31, 3910
3667.22, 3909
3685.34, 3900
3702.38, 3896
3717.82, 3894
3757.21, 3893
3785.76, 3891
3808.64, 3890
3829.61, 3889
3867.16, 3888
3898.94, 3887
3929.6, 3873
3960.43, 3869
3976.71, 3867
3990.27, 3866
4007.25, 3864
4022.76, 3863
4059.39, 3862
4099.14, 3861
4117.78, 3860
4133.86, 3859
4180.8, 3858
4202.51, 3855
4230.2, 3850
4254.44, 3847
4302.53, 3846
4319.14, 3843
4356.87, 3842
4375.86, 3841
4392.03, 3840
4410.84, 3839
4445.56, 3838
4463.55, 3837
4516.04, 3830
4536.81, 3825
4569.22, 3822
4586.23, 3821
4602.3, 3818
4618.38, 3817
4678.36, 3816
4693.71, 3815
4724.39, 3814
4742.6, 3813
4784.35, 3812
4798.98, 3811
4820.0, 3810
4843.2, 3809
4863.51, 3802
4880.79, 3797
4918.42, 3794
4955.64, 3793
4990.62, 3790
5009.18, 3789
5080.4, 3788
5102.34, 3787
5127.53, 3786
5172.86, 3785
5219.94, 3784
5255.23, 3783
5280.16, 3782
5300.81, 3781
5335.83, 3778
5355.39, 3777
5369.96, 3773
5440.91, 3772
5449.81, 3770
5460.42, 3769
5496.51, 3768
5519.25, 3767
5551.73, 3766
5593.89, 3765
5642.51, 3764
5675.9, 3763
5699.57, 3762
5715.75, 3761
5736.8, 3760
5782.67, 3759
5823.94, 3756
5885.58, 3752
5920.99, 3751
5961.24, 3747
5980.98, 3746
5998.62, 3744
6016.8, 3743
6037.0, 3742
6081.9, 3741
6099.96, 3740
6132.35, 3739
6187.88, 3738
6205.52, 3737
6241.03, 3736
6264.76, 3735
6284.02, 3734
6323.93, 3733
6454.76, 3732
6462.48, 3731
6469.23, 3730
6472.36, 3729
6472.88, 3722
6473.84, 3717
6480.81, 3714
6523.81, 3713
6529.38, 3710
6543.82, 3709
6571.79, 3708
6618.23, 3707
6622.53, 3706
6640.56, 3705
6692.67, 3704
6697.37, 3703
6704.39, 3702
6724.05, 3701
6763.52, 3698
6788.45, 3697
6812.6, 3693
6836.47, 3692
6879.1, 3690
6883.93, 3689
6893.34, 3688
6914.68, 3687
6988.19, 3686
7020.82, 3685
7095.43, 3684
7101.56, 3683
7125.5, 3682
7129.06, 3681
7136.66, 3680
7162.52, 3679
7230.84, 3676
7236.49, 3672
7252.91, 3671
7267.98, 3667
7326.68, 3666
7334.99, 3664
7339.76, 3663
7348.21, 3662
7389.96, 3661
7406.34, 3660
7622.32, 3659
7624.02, 3658
7626.33, 3657
7626.45, 3656
7626.47, 3655
7634.53, 3654
7634.96, 3653
7755.35, 3652
7832.59, 3651
7878.92, 3649
7880.95, 3648
7881.06, 3647
7881.62, 3645
7882.62, 3644
7884.24, 3643
7884.66, 3642
7996.29, 3641
8016.31, 3640
8092.48, 3639
8096.27, 3638
8096.45, 3637
8096.48, 3636
8097.28, 3635
8098.21, 3634
8330.07, 3633
8330.19, 3632
8330.22, 3631
8330.24, 3630
8330.25, 3625
8337.43, 3624
8337.48, 3623
8337.53, 3621
8337.54, 3620
8497.0, 3619
8501.97, 3618
8506.88, 3617
8507.0, 3616
8507.24, 3615
8509.0, 3614
8564.22, 3613
8592.99, 3612
8724.23, 3611
8730.3, 3610
8730.48, 3609
8730.51, 3608
8730.54, 3607
8731.66, 3606
8732.54, 3605
8826.43, 3604
8948.12, 3603
8984.83, 3602
8986.66, 3601
9025.73, 3600
9025.79, 3599
9029.34, 3598
9029.51, 3597
9029.55, 3596
9029.56, 3595
9056.27, 3594
9087.46, 3593
9095.86, 3592
9145.55, 3591
9145.66, 3590
9281.66, 3589
9297.88, 3588
9305.94, 3587
9312.55, 3586
9314.25, 3585
9314.29, 3584
9314.29, 3583
9585.15, 3582
9585.84, 3581
9585.88, 3580
9585.9, 3579
9585.92, 3578
9585.94, 3577
9585.95, 3576
9600.82, 3575
9621.26, 3574
9622.14, 3573
9680.96, 3572
9702.91, 3571
9740.82, 3570
9741.01, 3569
9741.91, 3568
9755.19, 3567
9945.92, 3566
9946.39, 3565
9946.42, 3564
9946.43, 3563
9946.44, 3562
9946.46, 3561
10023.43, 3560
10199.71, 3559
10199.84, 3558
10199.86, 3557
10199.88, 3556
10199.9, 3555
10199.92, 3554
10199.93, 3553
10225.77, 3552
10240.82, 3551
10301.93, 3550
10315.39, 3549
10332.21, 3548
10389.42, 3547
10405.2, 3546
10417.25, 3545
10442.15, 3544
10505.25, 3543
10536.29, 3542
10581.24, 3541
10590.63, 3540
10591.64, 3539
10605.42, 3538
10621.56, 3537
10707.15, 3536
10719.72, 3535
10736.23, 3534
10742.64, 3533
10748.96, 3532
10821.57, 3531
10838.16, 3530
10938.4, 3529
10950.75, 3528
10956.13, 3527
10958.98, 3526
10959.18, 3525
11090.04, 3524
11091.88, 3523
11092.92, 3522
11095.93, 3521
11096.06, 3520
11130.91, 3519
11252.78, 3518
11281.18, 3517
11359.79, 3516
11378.88, 3515
11379.02, 3514
11379.04, 3513
11379.9, 3512
11380.87, 3511
11655.3, 3510
11683.04, 3509
11715.03, 3508
11720.64, 3507
11720.79, 3506
11720.82, 3505
11722.89, 3504
11723.01, 3503
11725.9, 3502
11764.31, 3501
11852.58, 3500
11898.96, 3499
11928.97, 3498
11931.97, 3497
11932.04, 3496
11932.05, 3495
11932.05, 3494
11932.06, 3493
12070.9, 3492
12192.57, 3491
12192.62, 3490
12192.64, 3489
12192.67, 3488
12205.26, 3487
12205.37, 3486
12205.39, 3485
12205.41, 3484
12222.68, 3483
12349.68, 3482
12397.68, 3481
12509.56, 3480
12537.78, 3479
12537.96, 3478
12537.99, 3477
12538.01, 3476
12538.02, 3475
12538.95, 3474
12539.04, 3473
12556.96, 3472
12575.7, 3471
12603.09, 3470
12628.5, 3469
12650.7, 3468
12752.69, 3467
12870.04, 3466
12951.15, 3465
12953.42, 3464
12954.34, 3463
12956.94, 3462
12957.04, 3461
12957.17, 3460
12958.99, 3459
13115.24, 3458
13125.4, 3457
13131.17, 3456
13132.19, 3455
13133.08, 3454
13140.09, 3453
13198.33, 3452
13222.2, 3451
13234.93, 3450
13237.34, 3449
13247.01, 3448
13272.37, 3447
13438.63, 3446
13442.81, 3445
13442.93, 3444
13442.96, 3443
13442.98, 3442
13443.0, 3441
13557.92, 3440
13571.78, 3439
13573.52, 3438
13575.97, 3437
13588.42, 3436
13646.37, 3435
13765.42, 3434
13837.75, 3433
13909.44, 3432
13909.75, 3431
13909.77, 3430
13909.79, 3429
13909.81, 3428
13909.83, 3427
13935.69, 3426
13976.13, 3425
13976.84, 3424
13992.07, 3423
14022.2, 3422
14219.53, 3421
14238.45, 3420
14312.43, 3419
14314.95, 3418
14315.29, 3417
14316.35, 3416
14317.12, 3415
14318.05, 3414
14319.85, 3413
14484.45, 3412
14484.59, 3411
14488.1, 3410
14488.22, 3409
14488.24, 3408
14488.28, 3407
14729.49, 3406
14729.77, 3405
14734.26, 3404
14738.31, 3403
14739.26, 3402
14742.41, 3401
14742.61, 3400
14865.03, 3399
14875.96, 3398
14915.31, 3397
14922.47, 3396
14926.03, 3395
14926.15, 3394
15013.02, 3393
15038.56, 3392
15086.07, 3391
15089.27, 3390
15092.46, 3389
15304.91, 3388
15331.84, 3387
15332.3, 3386
15339.72, 3385
15339.84, 3384
15342.69, 3383
15342.82, 3382
15342.86, 3381
15584.05, 3380
15584.21, 3379
15584.24, 3378
15584.26, 3377
15584.28, 3376
15584.31, 3375
15595.84, 3374
15612.27, 3373
15659.13, 3372
15831.3, 3371
15834.05, 3370
15834.24, 3369
15834.3, 3368
15834.32, 3367
15834.34, 3366
15843.57, 3365
16116.04, 3364
16116.24, 3363
16116.27, 3362
16116.28, 3361
16116.3, 3360
16116.32, 3359
16116.34, 3358
16351.27, 3357
16351.41, 3356
16351.43, 3355
16351.45, 3354
16351.47, 3353
16351.48, 3352
16351.5, 3351
16351.52, 3350
16537.41, 3349
16541.41, 3348
16541.45, 3347
16541.45, 3346
16541.46, 3345
16542.55, 3344
16582.2, 3343
16601.17, 3342
16635.54, 3341
16746.5, 3340
16778.81, 3339
16809.59, 3338
16859.31, 3337
16871.72, 3336
16900.35, 3335
17102.73, 3334
17102.78, 3333
17102.8, 3332
17102.82, 3331
17102.84, 3330
17102.85, 3329
17102.87, 3328
17254.84, 3327
17321.48, 3326
17322.26, 3325
17322.31, 3324
17330.43, 3323
17330.48, 3322
17330.5, 3321
17422.96, 3320
17434.29, 3319
17580.2, 3318
17594.71, 3317
17623.84, 3316
17627.99, 3315
17629.91, 3314
17629.95, 3313
17670.71, 3312
17680.15, 3311
17737.86, 3310
17768.43, 3309
17838.9, 3308
17849.05, 3307
17855.61, 3306
17878.26, 3305
17917.57, 3304
17957.16, 3303
17985.98, 3302
18008.6, 3301
18037.91, 3300
18066.04, 3299
18091.93, 3298
18117.96, 3297
18172.12, 3296
18189.29, 3295
18217.46, 3294
18262.12, 3293
18298.52, 3292
18301.71, 3291
18333.89, 3290
18369.46, 3289
18404.51, 3288
18421.65, 3287
18454.73, 3286
18472.34, 3285
18503.74, 3284
18558.78, 3283
18585.47, 3282
18623.22, 3281
18663.93, 3280
18687.78, 3279
18714.6, 3278
18737.38, 3277
18764.13, 3276
18814.45, 3275
18851.07, 3274
18882.75, 3273
18905.36, 3272
18933.37, 3271
18953.41, 3270
18981.09, 3269
19013.07, 3268
19051.68, 3267
19071.97, 3266
19095.88, 3265
19124.4, 3264
19164.94, 3263
19185.99, 3262
19204.59, 3261
19231.53, 3260
19260.18, 3259
19298.85, 3258
19321.01, 3257
19352.85, 3256
19392.93, 3255
19424.54, 3254
19456.03, 3253
19504.13, 3252
19535.12, 3251
19565.66, 3250
19601.05, 3249
19616.51, 3248
19647.62, 3247
19664.95, 3246
19690.08, 3245
19716.11, 3244
19853.57, 3243
19854.02, 3242
19855.25, 3241
19855.79, 3240
19868.33, 3239
19904.25, 3238
19939.66, 3237
19965.34, 3236
20018.54, 3235
20026.32, 3234
20052.53, 3233
20090.0, 3232
20120.1, 3231
20156.87, 3230
20190.09, 3229
20213.51, 3228
20265.45, 3227
20289.97, 3226
20316.46, 3225
20366.36, 3224
20415.41, 3223
20434.63, 3222
20469.98, 3221
20495.45, 3220
20528.52, 3219
20551.7, 3218
20597.92, 3217
20609.12, 3216
20637.65, 3215
20665.36, 3214
20698.85, 3213
20726.99, 3212
20760.79, 3211
20786.03, 3210
20819.09, 3209
20848.41, 3208
20886.48, 3207
20912.95, 3206
20966.56, 3205
21020.89, 3204
21071.33, 3203
21131.31, 3202
21147.49, 3201
21179.94, 3200
21217.69, 3199
21260.03, 3198
21288.87, 3197
21316.05, 3196
21345.72, 3195
21385.32, 3194
21419.24, 3193
21450.65, 3192
21484.53, 3191
21519.09, 3190
21551.28, 3189
21584.82, 3188
21635.68, 3187
21662.2, 3186
21700.89, 3185
21734.55, 3184
21765.2, 3183
21807.58, 3182
21842.5, 3181
21880.7, 3180
21915.53, 3179
21953.92, 3178
21983.03, 3177
22009.29, 3176
22047.54, 3175
22087.32, 3174
22124.52, 3173
22154.7, 3172
22192.73, 3171
22231.04, 3170
22263.91, 3169
22301.98, 3168
22336.89, 3167
22384.81, 3166
22418.73, 3165
22454.3, 3164
22489.8, 3163
22522.64, 3162
22568.53, 3161
22597.19, 3160
22630.82, 3159
22666.33, 3158
22701.8, 3157
22738.43, 3156
22770.68, 3155
22809.86, 3154
22851.59, 3153
22874.67, 3152
22915.14, 3151
22962.39, 3150
22988.76, 3149
23032.9, 3148
23070.66, 3147
23100.96, 3146
23141.53, 3145
23170.32, 3144
23208.05, 3143
23248.3, 3142
23285.27, 3141
23334.76, 3140
23363.98, 3139
23392.43, 3138
23431.95, 3137
23464.46, 3136
23497.23, 3135
23524.95, 3134
23551.68, 3133
23583.87, 3132
23618.61, 3131
23656.2, 3130
23695.07, 3129
23729.09, 3128
23768.55, 3127
23799.55, 3126
23844.83, 3125
23884.82, 3124
23930.72, 3123
23970.51, 3122
24014.24, 3121
24064.18, 3120
24102.21, 3119
24133.96, 3118
24166.46, 3117
24197.63, 3116
24227.83, 3115
24267.51, 3114
24302.3, 3113
24335.41, 3112
24373.57, 3111
24409.22, 3110
24440.16, 3109
24474.66, 3108
24515.02, 3107
24556.0, 3106
24597.25, 3105
24637.28, 3104
24665.47, 3103
24695.11, 3102
24732.48, 3101
24776.7, 3100
24821.77, 3099
24854.81, 3098
24882.53, 3097
24917.25, 3096
24947.52, 3095
24977.54, 3094
25012.06, 3093
25041.75, 3092
25083.41, 3091
25121.01, 3090
25151.86, 3089
25184.59, 3088
25222.53, 3087
25258.56, 3086
25285.72, 3085
25320.37, 3084
25371.02, 3083
25389.64, 3082
25437.96, 3081
25494.71, 3080
25510.11, 3079
25550.83, 3078
25595.94, 3077
25633.95, 3076
25670.39, 3075
25703.08, 3074
25734.04, 3073
25786.86, 3072
25815.07, 3071
25857.1, 3070
25887.91, 3069
25940.91, 3068
25968.64, 3067
25996.47, 3066
26038.06, 3065
26067.71, 3064
26097.68, 3063
26137.89, 3062
26163.93, 3061
26194.25, 3060
26243.11, 3059
26280.69, 3058
26322.98, 3057
26339.99, 3056
26393.83, 3055
26442.44, 3054
26486.09, 3053
26517.68, 3052
26571.32, 3051
26590.11, 3050
26616.9, 3049
26654.19, 3048
26687.61, 3047
26725.99, 3046
26756.78, 3045
26802.06, 3044
26839.18, 3043
26880.67, 3042
26920.58, 3041
26956.78, 3040
26997.64, 3039
27050.63, 3038
27080.78, 3037
27129.07, 3036
27164.16, 3035
27200.26, 3034
27243.2, 3033
27285.1, 3032
27320.73, 3031
27359.33, 3030
27398.6, 3029
27446.43, 3028
27483.57, 3027
27517.18, 3026
27536.37, 3025
27552.81, 3024
27600.65, 3023
27633.97, 3022
27672.81, 3021
27705.45, 3020
27733.67, 3019
27787.87, 3018
27825.48, 3017
27874.28, 3016
27916.38, 3015
27951.52, 3014
27982.0, 3013
28028.77, 3012
28072.43, 3011
28099.78, 3010
28139.37, 3009
28181.27, 3008
28216.54, 3007
28261.5, 3006
28313.83, 3005
28340.01, 3004
28385.77, 3003
28426.44, 3002
28462.4, 3001
28500.98, 3000
28533.4, 2999
28568.26, 2998
28599.34, 2997
28634.44, 2996
28672.5, 2995
28715.99, 2994
28753.84, 2993
28785.04, 2992
28815.92, 2991
28846.25, 2990
28883.36, 2989
28921.36, 2988
28961.05, 2987
29005.02, 2986
29033.55, 2985
29061.83, 2984
29097.88, 2983
29136.52, 2982
29166.75, 2981
29206.32, 2980
29248.47, 2979
29284.97, 2978
29318.05, 2977
29348.53, 2976
29391.17, 2975
29449.18, 2974
29486.28, 2973
29532.59, 2972
29569.26, 2971
29601.49, 2970
29633.72, 2969
29677.24, 2968
29721.28, 2967
29755.1, 2966
29791.66, 2965
29832.3, 2964
29873.72, 2963
29905.49, 2962
29941.82, 2961
29977.85, 2960
30014.39, 2959
30058.76, 2958
30082.53, 2957
30131.6, 2956
30179.04, 2955
30220.39, 2954
30256.02, 2953
30288.18, 2952
30332.3, 2951
30367.83, 2950
30419.47, 2949
30451.59, 2948
30484.88, 2947
30544.18, 2946
30583.49, 2945
30623.05, 2944
30655.81, 2943
30729.94, 2942
30730.04, 2941
30777.31, 2940
30836.85, 2939
30871.23, 2938
30930.53, 2937
30959.29, 2936
31041.91, 2935
31089.6, 2934
31122.35, 2933
31184.94, 2932
31201.43, 2931
31235.68, 2930
31280.25, 2929
31376.1, 2928
31403.45, 2927
31443.09, 2926
31475.66, 2925
31492.74, 2924
31743.01, 2923
31743.1, 2922
31743.12, 2921
31743.14, 2920
31743.15, 2919
31743.17, 2918
31743.18, 2917
31784.09, 2916
31803.56, 2915
31821.27, 2914
31838.73, 2913
31875.3, 2912
31907.25, 2911
31935.36, 2910
31965.83, 2909
31994.46, 2908
32035.1, 2907
32060.78, 2906
32100.46, 2905
32148.92, 2904
32202.69, 2903
32231.73, 2902
32297.24, 2901
32352.65, 2900
32374.35, 2899
32406.85, 2898
32441.3, 2897
32499.04, 2896
32523.27, 2895
32551.62, 2894
32585.94, 2893
32635.35, 2892
32673.24, 2891
32694.19, 2890
32726.94, 2889
32768.06, 2888
32806.51, 2887
32848.58, 2886
32888.26, 2885
32931.03, 2884
32963.82, 2883
32997.83, 2882
33032.34, 2881
33064.83, 2880
33114.01, 2879
33159.39, 2878
33168.77, 2877
33201.89, 2876
33234.87, 2875
33264.09, 2874
33296.31, 2873
33332.75, 2872
33381.66, 2871
33421.38, 2870
33454.45, 2869
33491.01, 2868
33534.34, 2867
33573.01, 2866
33618.76, 2865
33653.54, 2864
33715.05, 2863
33752.0, 2862
33773.17, 2861
33794.02, 2860
33838.4, 2859
33880.94, 2858
33924.49, 2857
33954.92, 2856
33991.58, 2855
34042.79, 2854
34080.13, 2853
34124.9, 2852
34162.05, 2851
34197.68, 2850
34235.52, 2849
34274.5, 2848
34322.78, 2847
34371.44, 2846
34404.57, 2845
34447.46, 2844
34500.13, 2843
34535.38, 2842
34573.38, 2841
34609.18, 2840
34652.24, 2839
34693.91, 2838
34736.74, 2837
34775.94, 2836
34809.8, 2835
34840.24, 2834
34888.51, 2833
34935.65, 2832
34981.48, 2831
35013.47, 2830
35042.51, 2829
35079.91, 2828
35117.08, 2827
35173.03, 2826
35206.4, 2825
35246.22, 2824
35295.74, 2823
35347.88, 2822
35389.93, 2821
35433.92, 2820
35464.26, 2819
35507.11, 2818
35549.53, 2817
35586.37, 2816
35632.05, 2815
35676.94, 2814
35721.14, 2813
35756.85, 2812
35794.14, 2811
35831.89, 2810
35892.48, 2809
35926.91, 2808
35959.43, 2807
36010.82, 2806
36059.31, 2805
36103.48, 2804
36156.96, 2803
36191.67, 2802
36241.78, 2801
36285.46, 2800
36336.69, 2799
36373.21, 2798
36421.71, 2797
36457.04, 2796
36492.99, 2795
36539.27, 2794
36574.96, 2793
36623.13, 2792
36668.94, 2791
36705.74, 2790
36738.95, 2789
36783.96, 2788
36823.12, 2787
36868.7, 2786
36913.77, 2785
36949.86, 2784
36989.78, 2783
37051.33, 2782
37071.93, 2781
37103.65, 2780
37149.7, 2779
37215.82, 2778
37259.87, 2777
37302.08, 2776
37352.87, 2775
37384.49, 2774
37422.36, 2773
37481.8, 2772
37502.25, 2771
37551.31, 2770
37584.64, 2769
37660.09, 2768
37686.6, 2767
37722.04, 2766
37769.18, 2765
37817.39, 2764
37866.23, 2763
37905.25, 2762
37952.06, 2761
37995.92, 2760
38035.22, 2759
38068.35, 2758
38110.68, 2757
38151.33, 2756
38187.99, 2755
38238.79, 2754
38284.91, 2753
38319.87, 2752
38355.93, 2751
38405.92, 2750
38435.62, 2749
38476.32, 2748
38552.13, 2747
38582.16, 2746
38619.58, 2745
38661.34, 2744
38693.64, 2743
38733.61, 2742
38768.4, 2741
38816.69, 2740
38858.45, 2739
38904.4, 2738
38936.73, 2737
38986.4, 2736
39020.73, 2735
39069.33, 2734
39116.46, 2733
39156.61, 2732
39202.15, 2731
39241.03, 2730
39289.5, 2729
39319.86, 2728
39362.5, 2727
39421.21, 2726
39470.58, 2725
39507.97, 2724
39577.13, 2723
39621.18, 2722
39669.33, 2721
39721.55, 2720
39759.49, 2719
39800.39, 2718
39873.15, 2717
39886.38, 2716
39939.44, 2715
39989.24, 2714
40035.47, 2713
40041.89, 2712
40086.83, 2711
40131.59, 2710
40164.26, 2709
40203.24, 2708
40246.48, 2707
40287.65, 2706
40334.79, 2705
40359.32, 2704
40459.21, 2703
40516.87, 2702
40517.22, 2701
40550.95, 2700
40584.13, 2699
40619.77, 2698
40664.61, 2697
40718.47, 2696
40757.2, 2695
40818.85, 2694
40900.1, 2693
40918.14, 2692
40955.73, 2691
41000.39, 2690
41038.62, 2689
41075.29, 2688
41112.45, 2687
41152.07, 2686
41208.62, 2685
41220.14, 2684
41253.27, 2683
41317.15, 2682
41321.77, 2681
41392.12, 2680
41422.86, 2679
41466.85, 2678
41490.28, 2677
41535.23, 2676
41603.15, 2675
41652.95, 2674
41676.39, 2673
41738.28, 2672
41788.62, 2671
41847.76, 2670
41885.53, 2669
41963.86, 2668
41990.29, 2667
42021.12, 2666
42053.0, 2665
42092.04, 2664
42139.14, 2663
42146.7, 2662
42207.5, 2661
42234.85, 2660
42274.26, 2659
42339.64, 2658
42418.88, 2657
42433.41, 2656
42468.27, 2655
42508.54, 2654
42533.55, 2653
42573.67, 2652
42622.25, 2651
42673.41, 2650
42754.3, 2649
42757.57, 2648
42805.89, 2647
42857.61, 2646
42893.08, 2645
42953.8, 2644
42976.06, 2643
43019.02, 2642
43058.7, 2641
43108.44, 2640
43151.89, 2639
43192.58, 2638
43224.54, 2637
43253.21, 2636
43304.86, 2635
43359.13, 2634
43387.93, 2633
43433.24, 2632
43457.65, 2631
43501.93, 2630
43535.01, 2629
43604.63, 2628
43647.13, 2627
43687.64, 2626
43783.51, 2625
43790.32, 2624
43813.88, 2623
43855.78, 2622
43888.76, 2621
43967.82, 2620
43986.46, 2619
44025.38, 2618
44052.9, 2617
44088.39, 2616
44156.65, 2615
44198.19, 2614
44247.16, 2613
44301.94, 2612
44341.84, 2611
44403.76, 2610
44439.27, 2609
44473.13, 2608
44506.04, 2607
44586.23, 2606
44615.99, 2605
44652.23, 2604
44709.0, 2603
44733.14, 2602
44814.67, 2601
44833.22, 2600
44886.86, 2599
44923.58, 2598
44952.3, 2597
44985.25, 2596
45047.92, 2595
45072.81, 2594
45135.28, 2593
45149.79, 2592
45209.3, 2591
45266.52, 2590
45323.19, 2589
45364.81, 2588
45414.11, 2587
45448.23, 2586
45500.51, 2585
45526.02, 2584
45587.21, 2583
45603.44, 2582
45687.88, 2581
45706.17, 2580
45777.3, 2579
45792.04, 2578
45872.46, 2577
45881.22, 2576
45921.38, 2575
45956.2, 2574
45997.04, 2573
46039.15, 2572
46104.35, 2571
46164.68, 2570
46233.67, 2569
46241.62, 2568
46268.77, 2567
46325.96, 2566
46370.33, 2565
46423.59, 2564
46475.09, 2563
46537.55, 2562
46572.48, 2561
46608.9, 2560
46675.99, 2559
46739.4, 2558
46770.91, 2557
46821.16, 2556
46864.31, 2555
46889.86, 2554
46964.71, 2553
46986.63, 2552
47014.56, 2551
47069.99, 2550
47086.24, 2549
47151.62, 2548
47208.86, 2547
47224.66, 2546
47252.01, 2545
47300.17, 2544
47323.23, 2543
47364.64, 2542
47386.96, 2541
47454.95, 2540
47506.55, 2539
47555.67, 2538
47603.06, 2537
47642.88, 2536
47707.02, 2535
47746.83, 2534
47789.51, 2533
47836.11, 2532
47853.14, 2531
47886.04, 2530
47938.29, 2529
47971.45, 2528
48022.19, 2527
48054.73, 2526
48113.61, 2525
48209.49, 2524
48231.43, 2523
48318.72, 2522
48334.99, 2521
48404.22, 2520
48432.33, 2519
48468.64, 2518
48519.82, 2517
48566.56, 2516
48603.3, 2515
48702.36, 2514
48735.87, 2513
48769.42, 2512
48804.04, 2511
48869.01, 2510
48904.05, 2509
48936.08, 2508
48979.81, 2507
49034.96, 2506
49085.18, 2505
49123.17, 2504
49154.74, 2503
49188.92, 2502
49238.86, 2501
49284.25, 2500
49305.66, 2499
49384.59, 2498
49440.25, 2497
49489.41, 2496
49539.83, 2495
49589.59, 2494
49642.45, 2493
49671.97, 2492
49718.41, 2491
49753.44, 2490
49821.14, 2489
49902.83, 2488
49903.84, 2487
49970.53, 2486
50018.57, 2485
50037.19, 2484
50131.01, 2483
50139.02, 2482
50204.14, 2481
50268.06, 2480
50306.33, 2479
50354.26, 2478
50380.23, 2477
50516.61, 2476
50516.73, 2475
50589.62, 2474
50626.09, 2473
50692.9, 2472
50704.2, 2471
50740.15, 2470
50751.25, 2469
50789.24, 2468
50859.17, 2467
50870.7, 2466
50973.09, 2465
51020.96, 2464
51092.75, 2463
51103.81, 2462
51138.97, 2461
51196.86, 2460
51201.87, 2459
51275.13, 2458
51367.75, 2457
51402.8, 2456
51425.86, 2455
51446.84, 2454
51525.22, 2453
51602.85, 2452
51603.97, 2451
51669.61, 2450
51737.42, 2449
51771.05, 2448
51802.84, 2447
51866.7, 2446
51888.09, 2445
51939.09, 2444
51975.45, 2443
51997.74, 2442
52033.3, 2441
52073.05, 2440
52168.26, 2439
52220.3, 2438
52237.16, 2437
52272.17, 2436
52322.47, 2435
52352.05, 2434
52408.68, 2433
52439.68, 2432
52488.73, 2431
52555.48, 2430
52601.19, 2429
52655.72, 2428
52748.55, 2427
52769.03, 2426
52802.45, 2425
52837.39, 2424
52889.29, 2423
52921.4, 2422
52988.59, 2421
53050.86, 2420
53115.06, 2419
53136.63, 2418
53188.46, 2417
53242.21, 2416
53300.46, 2415
53322.54, 2414
53380.15, 2413
53421.95, 2412
53488.45, 2411
53535.74, 2410
53597.73, 2409
53623.52, 2408
53672.68, 2407
53709.2, 2406
53759.42, 2405
53821.24, 2404
53863.54, 2403
53864.22, 2402
53904.07, 2401
53954.55, 2400
54031.31, 2399
54090.59, 2398
54166.22, 2397
54200.83, 2396
54238.8, 2395
54286.36, 2394
54340.63, 2393
54392.64, 2392
54442.21, 2391
54457.82, 2390
54508.0, 2389
54582.25, 2388
54654.79, 2387
54718.29, 2386
54747.77, 2385
54788.93, 2384
54835.1, 2383
54908.49, 2382
54952.67, 2381
54988.61, 2380
55022.4, 2379
55135.72, 2378
55180.21, 2377
55206.81, 2376
55233.73, 2375
55272.3, 2374
55337.26, 2373
55358.22, 2372
55424.81, 2371
55489.29, 2370
55555.27, 2369
55564.37, 2368
55632.61, 2367
55716.74, 2366
55735.22, 2365
55770.68, 2364
55805.62, 2363
55872.18, 2362
55887.17, 2361
55953.9, 2360
56005.61, 2359
56069.56, 2358
56113.12, 2357
56151.04, 2356
56189.18, 2355
56237.23, 2354
56300.66, 2353
56348.28, 2352
56371.43, 2351
56402.88, 2350
56486.08, 2349
56541.78, 2348
56571.15, 2347
56622.86, 2346
56686.97, 2345
56725.72, 2344
56805.39, 2343
56852.39, 2342
56902.9, 2341
56947.61, 2340
56999.68, 2339
57039.26, 2338
57106.14, 2337
57143.74, 2336
57163.14, 2335
57205.69, 2334
57237.11, 2333
57307.01, 2332
57366.46, 2331
57421.66, 2330
57472.74, 2329
57522.29, 2328
57574.06, 2327
57624.77, 2326
57663.38, 2325
57734.87, 2324
57769.09, 2323
57820.4, 2322
57866.43, 2321
57900.86, 2320
57954.68, 2319
58083.48, 2318
58100.67, 2317
58100.88, 2316
58191.29, 2315
58309.32, 2314
58317.83, 2313
58317.95, 2312
58317.97, 2311
58382.0, 2310
58541.35, 2309
58541.67, 2308
58551.3, 2307
58551.38, 2306
58690.78, 2305
58691.18, 2304
58776.92, 2303
58777.2, 2302
58876.0, 2301
58933.49, 2300
59133.06, 2299
59133.18, 2298
59133.2, 2297
59133.22, 2296
59218.22, 2295
59218.27, 2294
59279.42, 2293
59279.53, 2292
59300.37, 2291
59325.41, 2290
59466.17, 2289
59466.21, 2288
59517.53, 2287
59564.0, 2286
59599.76, 2285
59637.63, 2284
59667.19, 2283
59757.13, 2282
59825.83, 2281
59890.7, 2280
59938.18, 2279
59972.52, 2278
60019.81, 2277
60057.31, 2276
60088.29, 2275
60133.38, 2274
60192.06, 2273
60230.66, 2272
60270.42, 2271
60300.92, 2270
60354.89, 2269
60389.33, 2268
60444.58, 2267
60512.92, 2266
60538.92, 2265
60583.97, 2264
60636.56, 2263
60683.81, 2262
60718.4, 2261
60756.92, 2260
60791.26, 2259
60824.52, 2258
