2649.69, 4311
2683.98, 4310
2722.33, 4309
2744.5, 4278
2778.75, 4277
2799.79, 4276
2827.56, 4275
2876.98, 4245
2920.43, 4244
2944.3, 4243
2963.51, 4242
2994.2, 4241
3013.06, 4240
3036.47, 4207
3048.39, 4206
3066.91, 4205
3102.05, 4176
3120.24, 4175
3137.15, 4174
3179.95, 4173
3200.34, 4172
3217.19, 4145
3234.18, 4144
3274.65, 4143
3294.07, 4142
3350.84, 4141
3368.53, 4140
3387.93, 4139
3410.0, 4138
3448.45, 4137
3466.82, 4105
3497.82, 4104
3543.8, 4103
3560.5, 4076
3577.02, 4075
3612.99, 4074
3630.06, 4073
3651.66, 4072
3666.04, 4071
3683.62, 4047
3702.43, 4046
3732.08, 4045
3776.87, 4044
3810.48, 4043
3837.05, 4042
3852.38, 4041
3932.02, 4040
3952.46, 4039
3969.16, 4038
3992.62, 4037
4011.97, 4036
4029.29, 4007
4048.09, 4006
4066.27, 4005
4104.35, 3980
4123.69, 3979
4153.73, 3978
4193.83, 3977
4210.63, 3976
4228.46, 3975
4287.03, 3974
4317.33, 3953
4349.87, 3952
4368.02, 3951
4386.87, 3950
4404.53, 3949
4470.39, 3948
4488.0, 3947
4508.39, 3946
4525.87, 3945
4573.7, 3944
4593.55, 3943
4617.6, 3942
4637.01, 3941
4657.27, 3940
4678.85, 3939
4723.06, 3938
4766.06, 3937
4786.56, 3936
4819.41, 3909
4843.4, 3908
4882.14, 3907
4899.91, 3884
4938.03, 3883
4957.37, 3882
4977.1, 3880
4996.19, 3879
5015.35, 3878
5066.72, 3877
5088.48, 3859
5106.79, 3858
5125.65, 3857
5160.22, 3855
5201.77, 3854
5218.87, 3853
5258.41, 3852
5262.0, 3851
5277.18, 3850
5295.88, 3849
5315.02, 3848
5368.25, 3847
5393.4, 3846
5452.73, 3845
5470.41, 3844
5502.69, 3843
5524.38, 3842
5570.74, 3841
5597.66, 3840
5654.27, 3839
5681.48, 3838
5708.53, 3821
5724.34, 3820
5741.78, 3819
5800.2, 3817
5837.22, 3816
5859.73, 3815
5880.91, 3814
5894.17, 3813
5914.43, 3812
5955.11, 3811
5998.07, 3810
6026.99, 3809
6053.63, 3808
6072.04, 3807
6092.79, 3806
6107.8, 3805
6158.66, 3804
6188.85, 3803
6213.89, 3802
6237.97, 3801
6297.22, 3800
6342.66, 3785
6359.03, 3784
6380.99, 3783
6397.83, 3781
6414.46, 3780
6434.75, 3779
6455.57, 3778
6493.9, 3777
6508.97, 3776
6528.21, 3775
6576.91, 3774
6595.26, 3773
6630.2, 3772
6668.49, 3771
6688.46, 3770
6709.62, 3769
6729.1, 3768
6767.18, 3767
6789.41, 3766
6812.31, 3765
6878.14, 3764
6922.18, 3763
6976.72, 3762
6997.9, 3761
7017.93, 3760
7055.43, 3759
7075.1, 3757
7093.38, 3756
7127.22, 3755
7145.07, 3754
7166.4, 3753
7219.64, 3752
7238.85, 3751
7256.45, 3750
7288.74, 3749
7322.11, 3748
7343.34, 3747
7365.11, 3746
7403.64, 3745
7426.53, 3744
7477.17, 3743
7523.52, 3742
7568.67, 3741
7607.93, 3740
7659.32, 3729
7679.25, 3728
7698.75, 3727
7716.81, 3724
7767.59, 3723
7797.88, 3722
7812.34, 3721
7852.7, 3719
7871.77, 3718
7887.95, 3717
7909.47, 3716
7927.14, 3715
7945.26, 3714
8002.01, 3713
8021.28, 3712
8040.43, 3711
8060.3, 3710
8104.78, 3709
8123.47, 3708
8164.73, 3707
8185.27, 3706
8209.58, 3705
8250.34, 3704
8300.31, 3703
8339.0, 3702
8360.43, 3693
8380.04, 3692
8400.13, 3691
8417.22, 3688
8434.09, 3687
8462.44, 3686
8525.45, 3685
8543.35, 3683
8595.32, 3682
8616.22, 3681
8635.2, 3680
8655.35, 3679
8707.64, 3678
8731.28, 3677
8749.54, 3676
8771.63, 3675
8797.02, 3674
8815.85, 3673
8855.27, 3672
8898.38, 3671
8964.63, 3670
8999.21, 3669
9021.63, 3668
9046.71, 3667
9073.28, 3666
9128.96, 3665
9165.88, 3664
9218.13, 3659
9260.65, 3658
9280.23, 3657
9300.67, 3654
9359.15, 3653
9375.65, 3652
9402.39, 3651
9416.38, 3649
9433.54, 3648
9452.24, 3647
9471.11, 3646
9531.25, 3645
9561.62, 3644
9603.82, 3643
9624.9, 3642
9645.91, 3641
9677.23, 3640
9715.3, 3639
9739.47, 3638
9754.92, 3637
9776.5, 3636
9801.72, 3635
9855.79, 3634
9882.46, 3633
9925.91, 3632
9947.8, 3631
9976.37, 3630
10030.64, 3629
10077.89, 3628
10130.95, 3627
10151.53, 3626
10199.45, 3625
10217.05, 3624
10235.58, 3623
10270.56, 3622
10306.7, 3621
10327.38, 3620
10344.89, 3619
10418.91, 3618
10441.66, 3617
10485.24, 3616
10507.57, 3615
10542.46, 3614
10564.69, 3613
10587.51, 3612
10637.21, 3611
10688.74, 3610
10710.17, 3609
10731.02, 3608
10778.41, 3607
10803.94, 3606
10843.73, 3603
10862.36, 3602
10915.68, 3601
10933.85, 3597
10954.4, 3596
10976.0, 3595
10995.02, 3594
11042.08, 3591
11059.78, 3590
11076.81, 3589
11096.97, 3588
11148.48, 3587
11168.55, 3586
11200.8, 3585
11208.93, 3584
11227.18, 3583
11272.41, 3582
11300.15, 3581
11325.2, 3580
11390.45, 3579
11410.06, 3578
11448.96, 3577
11475.54, 3576
11523.0, 3575
11537.71, 3574
11561.68, 3573
11602.1, 3572
11651.96, 3571
11676.11, 3570
11702.06, 3569
11778.65, 3568
11829.25, 3567
11849.66, 3563
11882.87, 3562
11899.56, 3561
11951.98, 3560
11977.3, 3557
11995.6, 3556
12027.97, 3555
12048.16, 3554
12067.57, 3553
12085.56, 3552
12124.09, 3551
12159.96, 3550
12178.67, 3549
12232.69, 3548
12254.18, 3547
12276.57, 3546
12326.94, 3545
12345.36, 3544
12375.14, 3543
12399.46, 3542
12453.33, 3541
12475.89, 3540
12500.08, 3539
12542.01, 3538
12566.84, 3537
12592.5, 3536
12616.01, 3535
12642.25, 3534
12667.03, 3533
12716.16, 3532
12781.48, 3531
12811.58, 3530
12861.21, 3529
12883.54, 3528
12901.64, 3525
12920.89, 3524
12939.97, 3523
13009.83, 3522
13026.19, 3521
13046.04, 3520
13062.95, 3519
13080.51, 3518
13097.76, 3517
13115.97, 3516
13134.3, 3515
13176.08, 3514
13195.65, 3513
13242.87, 3512
13287.35, 3511
13313.94, 3510
13339.58, 3509
13397.29, 3508
13432.29, 3507
13470.44, 3506
13494.97, 3505
13531.74, 3504
13575.02, 3503
13603.5, 3502
13628.82, 3501
13654.06, 3500
13698.05, 3499
13767.86, 3498
13796.76, 3497
13826.27, 3496
13884.17, 3495
13920.7, 3494
13943.1, 3493
13984.57, 3492
14000.14, 3491
14020.55, 3490
14078.57, 3489
14101.99, 3488
14136.74, 3487
14171.27, 3486
14192.25, 3485
14211.89, 3484
14232.51, 3483
14278.71, 3482
14314.74, 3481
14337.75, 3480
14362.5, 3479
14426.37, 3478
14499.07, 3477
14524.85, 3476
14564.61, 3475
14585.6, 3474
14632.68, 3470
14652.8, 3469
14692.18, 3468
14712.67, 3467
14750.01, 3466
14768.69, 3465
14787.62, 3464
14808.54, 3463
14825.97, 3462
14876.9, 3461
14927.41, 3460
14942.76, 3459
14962.04, 3458
14981.21, 3457
15019.06, 3456
15034.3, 3455
15082.2, 3454
15104.37, 3453
15124.07, 3452
15143.71, 3451
15165.73, 3450
15187.74, 3449
15216.34, 3448
15288.56, 3447
15299.71, 3446
15376.37, 3445
15399.54, 3444
15425.34, 3443
15472.59, 3442
15526.07, 3441
15552.7, 3440
15612.9, 3439
15641.93, 3438
15671.1, 3437
15796.69, 3436
15797.55, 3435
15809.4, 3434
15830.45, 3433
15848.97, 3432
15866.58, 3431
15885.57, 3430
15908.57, 3429
15944.47, 3428
15970.61, 3427
15985.11, 3426
16030.73, 3425
16075.68, 3424
16094.51, 3423
16116.52, 3422
16139.21, 3421
16214.92, 3420
16238.13, 3419
16265.99, 3418
16282.65, 3417
16307.08, 3416
16330.35, 3415
16354.26, 3414
16378.48, 3413
16419.77, 3412
16443.73, 3411
16503.94, 3410
16548.47, 3409
16579.18, 3408
16624.12, 3407
16682.05, 3406
16719.39, 3405
16785.09, 3404
16813.83, 3403
16855.6, 3402
16886.6, 3401
16916.67, 3400
16999.34, 3399
17037.65, 3398
17063.02, 3397
17096.86, 3396
17147.7, 3395
17163.66, 3394
17195.45, 3393
17210.41, 3392
17231.32, 3391
17254.32, 3390
17276.11, 3389
17296.68, 3388
17324.16, 3387
17402.13, 3386
17454.4, 3385
17482.82, 3384
17532.85, 3383
17559.79, 3382
17600.78, 3381
17663.72, 3380
17682.7, 3379
17701.61, 3378
17721.72, 3377
17743.15, 3376
17759.34, 3375
17796.32, 3374
17815.3, 3373
17868.25, 3372
17890.8, 3371
17909.47, 3370
17966.47, 3369
17988.65, 3368
18026.41, 3367
18045.99, 3366
18072.17, 3365
18100.64, 3364
18157.0, 3363
18176.57, 3362
18195.58, 3361
18216.36, 3360
18261.57, 3359
18287.57, 3358
18332.55, 3357
18390.6, 3356
18412.58, 3355
18439.66, 3354
18485.37, 3353
18508.64, 3352
18559.71, 3351
18584.93, 3350
18612.45, 3349
18640.48, 3348
18682.71, 3347
18730.25, 3346
18786.47, 3345
18842.68, 3344
18865.96, 3343
18890.2, 3342
18923.37, 3341
18943.82, 3340
18996.85, 3339
19015.99, 3338
19037.23, 3337
19059.56, 3336
19098.41, 3335
19125.91, 3334
19136.65, 3333
19159.19, 3332
19217.72, 3331
19259.29, 3330
19293.33, 3329
19315.76, 3328
19337.92, 3327
19386.52, 3326
19410.5, 3325
19453.82, 3324
19475.79, 3323
19501.94, 3322
19542.7, 3321
19600.47, 3320
19643.99, 3319
19667.26, 3318
19696.27, 3317
19721.46, 3316
19803.38, 3315
19835.37, 3314
19875.32, 3313
19897.92, 3312
19962.8, 3311
20035.71, 3310
20037.66, 3309
20050.38, 3308
20085.2, 3307
20120.79, 3306
20147.99, 3305
20196.99, 3304
20204.44, 3303
20226.91, 3302
20257.57, 3301
20271.08, 3300
20316.19, 3299
20316.33, 3298
20342.91, 3297
20361.58, 3296
20388.34, 3295
20414.69, 3294
20464.32, 3293
20471.86, 3292
20496.99, 3291
20535.04, 3290
20570.89, 3289
20587.22, 3288
20593.43, 3287
20610.44, 3286
20628.97, 3285
20659.86, 3284
20667.21, 3283
20688.84, 3282
20709.41, 3281
20732.42, 3280
20758.64, 3279
20766.27, 3278
20784.65, 3277
20813.19, 3276
20834.32, 3275
20867.11, 3274
20882.17, 3273
20899.35, 3272
20918.09, 3271
20942.21, 3270
20966.23, 3269
20989.91, 3268
21015.26, 3267
21042.61, 3266
21073.17, 3265
21084.82, 3264
21109.56, 3263
21144.3, 3262
21155.3, 3261
21188.73, 3260
21209.11, 3259
21233.11, 3258
21270.3, 3257
21314.35, 3256
21338.06, 3255
21369.22, 3254
21429.12, 3253
21434.25, 3252
21500.72, 3251
21505.43, 3250
21525.99, 3249
21551.11, 3248
21585.61, 3247
21597.25, 3246
21608.96, 3245
21633.71, 3244
21676.32, 3243
21802.3, 3242
21815.97, 3241
21827.26, 3240
21834.19, 3239
21835.1, 3238
21836.04, 3237
21836.96, 3236
21859.66, 3235
21945.78, 3234
21952.16, 3233
22009.8, 3232
22018.68, 3231
22046.81, 3230
22070.67, 3229
22096.07, 3228
22118.38, 3227
22159.64, 3226
22209.13, 3225
22234.2, 3224
22265.88, 3223
22301.04, 3222
22346.87, 3221
22412.05, 3220
22434.44, 3219
22478.64, 3218
22517.09, 3217
22548.48, 3216
22594.71, 3215
22630.22, 3214
22669.76, 3213
22708.35, 3212
22755.07, 3211
22794.19, 3210
22844.51, 3209
22864.83, 3208
22893.16, 3207
22918.35, 3206
22966.15, 3205
22982.72, 3204
23003.66, 3203
23051.15, 3202
23068.98, 3201
23102.02, 3200
23151.84, 3199
23186.81, 3198
23203.63, 3197
23239.46, 3196
23264.03, 3195
23303.81, 3194
23330.38, 3193
23346.84, 3192
23384.36, 3191
23443.88, 3190
23451.17, 3189
23460.15, 3188
23482.5, 3187
23536.34, 3186
23554.98, 3185
23583.73, 3184
23625.86, 3183
23633.43, 3182
23654.03, 3181
23674.35, 3180
23705.29, 3179
23738.76, 3178
23760.98, 3177
23793.28, 3176
23816.45, 3175
23849.24, 3174
23897.85, 3173
23923.71, 3172
23950.57, 3171
23978.83, 3170
24013.2, 3169
24073.82, 3168
24088.48, 3167
24115.88, 3166
24160.39, 3165
24185.5, 3164
24212.29, 3163
24280.71, 3162
24306.36, 3161
24349.38, 3160
24376.78, 3159
24410.19, 3158
24434.78, 3157
24451.33, 3156
24508.91, 3155
24534.4, 3154
24562.5, 3153
24592.5, 3152
24626.24, 3151
24642.72, 3150
24663.89, 3149
24710.57, 3148
24737.46, 3147
24766.09, 3146
24783.72, 3145
24797.16, 3144
24815.84, 3143
24851.46, 3142
24907.81, 3141
24937.46, 3140
24979.57, 3139
25012.12, 3138
25036.36, 3137
25074.3, 3136
25101.86, 3135
25142.84, 3134
25185.41, 3133
25223.04, 3132
25253.86, 3131
25292.93, 3130
25348.08, 3129
25354.92, 3128
25399.16, 3127
25430.13, 3126
25460.39, 3125
25489.11, 3124
25523.44, 3123
25570.16, 3122
25581.47, 3121
25621.64, 3120
25677.11, 3119
25717.13, 3118
25778.94, 3117
25859.93, 3116
25902.19, 3115
25909.81, 3114
25925.27, 3113
25954.03, 3112
25976.82, 3111
26011.1, 3110
26042.41, 3109
26078.89, 3108
26094.6, 3107
26135.01, 3106
26143.09, 3105
26163.96, 3104
26184.47, 3103
26209.9, 3102
26253.13, 3101
26301.96, 3100
26314.9, 3099
26358.22, 3098
26384.39, 3097
26394.61, 3096
26437.15, 3095
26470.47, 3094
26501.65, 3093
26526.01, 3092
26559.26, 3091
26579.19, 3090
26615.03, 3089
26659.48, 3088
26680.19, 3087
26710.09, 3086
26746.37, 3085
26785.47, 3084
26800.47, 3083
26824.45, 3082
26854.2, 3081
26884.35, 3080
26917.65, 3079
26951.96, 3078
26988.51, 3077
27017.23, 3076
27047.13, 3075
27067.56, 3074
27099.02, 3073
27156.56, 3072
27177.11, 3071
27203.71, 3070
27255.59, 3069
27290.95, 3068
27328.5, 3067
27352.15, 3066
27371.58, 3065
27403.96, 3064
27430.77, 3063
27451.02, 3062
27492.34, 3061
27534.87, 3060
27549.57, 3059
27580.02, 3058
27616.75, 3057
27633.87, 3056
27655.27, 3055
27700.05, 3054
27731.33, 3053
27742.64, 3052
27767.42, 3051
27796.0, 3050
27816.65, 3049
27836.8, 3048
27884.98, 3047
27909.53, 3046
27963.54, 3045
28001.64, 3044
28086.44, 3043
28134.06, 3042
28167.79, 3041
28183.14, 3040
28185.39, 3039
28185.42, 3038
28443.09, 3037
28486.11, 3036
28486.26, 3035
28486.32, 3034
28486.34, 3033
28486.36, 3032
28660.89, 3031
28660.99, 3030
28661.01, 3029
28667.5, 3028
28667.61, 3027
28667.63, 3026
28863.72, 3025
28866.95, 3024
28870.38, 3023
28870.61, 3022
28870.63, 3021
28939.55, 3020
29074.7, 3019
29074.8, 3018
29074.83, 3017
29074.91, 3016
29074.93, 3015
29074.95, 3014
29099.73, 3013
29248.84, 3012
29282.69, 3011
29314.06, 3010
29315.04, 3009
29315.89, 3008
29317.23, 3007
29317.78, 3006
29349.69, 3005
29447.33, 3004
29482.79, 3003
29488.54, 3002
29490.33, 3001
29493.75, 3000
29493.83, 2999
29593.1, 2998
29685.78, 2997
29731.3, 2996
29737.22, 2995
29737.34, 2994
29737.36, 2993
29737.38, 2992
29737.39, 2991
29835.32, 2990
29866.81, 2989
29871.68, 2988
29872.64, 2987
30095.8, 2986
30096.2, 2985
30096.24, 2984
30096.26, 2983
30096.27, 2982
30137.38, 2981
30140.07, 2980
30188.36, 2979
30191.63, 2978
30229.83, 2977
30232.58, 2976
30397.3, 2975
30398.19, 2974
30403.69, 2973
30403.92, 2972
30403.95, 2971
30403.96, 2970
30580.27, 2969
30580.37, 2968
30580.39, 2967
30580.41, 2966
30580.43, 2965
30609.96, 2964
30610.02, 2963
30630.65, 2962
30866.25, 2961
30979.01, 2960
30979.14, 2959
31012.04, 2958
31012.26, 2957
31012.28, 2956
31012.3, 2955
31012.31, 2954
31198.19, 2953
31198.3, 2952
31198.32, 2951
31198.47, 2950
31198.56, 2949
31198.58, 2948
31226.98, 2947
31264.75, 2946
31302.0, 2945
31315.62, 2944
31361.73, 2943
31412.43, 2942
31525.19, 2941
31609.27, 2940
31737.49, 2939
31737.61, 2938
31737.63, 2937
31737.65, 2936
31737.66, 2935
31737.68, 2934
31815.76, 2933
31815.87, 2932
31815.88, 2931
31881.51, 2930
31987.82, 2929
32014.55, 2928
32091.51, 2927
32096.77, 2926
32102.95, 2925
32103.07, 2924
32184.85, 2923
32212.28, 2922
32242.31, 2921
32248.1, 2920
32249.01, 2919
32309.51, 2918
32334.46, 2917
32385.75, 2916
32407.11, 2915
32528.78, 2914
32537.2, 2913
32543.59, 2912
32553.54, 2911
32553.64, 2910
32555.15, 2909
32603.5, 2908
32609.1, 2907
32713.56, 2906
32837.56, 2905
32843.62, 2904
32844.91, 2903
32844.98, 2902
32845.92, 2901
32846.84, 2900
32848.09, 2899
32887.71, 2898
33033.55, 2897
33035.44, 2896
33035.46, 2895
33037.77, 2894
33065.7, 2893
33113.05, 2892
33134.85, 2891
33188.96, 2890
33261.84, 2889
33337.27, 2888
33429.92, 2887
33431.42, 2886
33432.22, 2885
33435.32, 2884
33437.42, 2883
33437.45, 2882
33566.12, 2881
33570.16, 2880
33570.27, 2879
33570.29, 2878
33577.02, 2877
33660.73, 2876
33660.77, 2875
33671.5, 2874
33729.08, 2873
33738.25, 2872
33780.11, 2871
33801.64, 2870
33866.2, 2869
33883.62, 2868
34078.52, 2867
34078.78, 2866
34078.8, 2865
34082.03, 2864
34082.14, 2863
34104.12, 2862
34128.55, 2861
34253.75, 2860
34254.42, 2859
34257.37, 2858
34257.78, 2857
34449.98, 2856
34450.16, 2855
34450.18, 2854
34450.19, 2853
34450.21, 2852
34509.06, 2851
34563.44, 2850
34626.66, 2849
34641.86, 2848
34674.92, 2847
34737.55, 2846
34800.96, 2845
34814.7, 2844
34879.56, 2843
34879.67, 2842
34879.68, 2841
34956.2, 2840
34981.58, 2839
35170.13, 2838
35174.99, 2837
35175.03, 2836
35175.04, 2835
35175.04, 2834
35199.46, 2833
35228.75, 2832
35368.17, 2831
35459.57, 2830
35459.62, 2829
35459.64, 2828
35459.94, 2827
35460.93, 2826
35461.72, 2825
35507.97, 2824
35508.22, 2823
35607.53, 2822
35624.4, 2821
35714.91, 2820
35768.57, 2819
35774.17, 2818
35774.22, 2817
35774.22, 2816
35774.23, 2815
35911.89, 2814
35912.11, 2813
35912.13, 2812
35912.15, 2811
35912.17, 2810
35954.02, 2809
35987.66, 2808
36094.88, 2807
36117.21, 2806
36212.39, 2805
36233.1, 2804
36235.97, 2803
36236.0, 2802
36236.01, 2801
36365.6, 2800
36412.41, 2799
36413.08, 2798
36413.1, 2797
36413.12, 2796
36413.14, 2795
36428.8, 2794
36458.41, 2793
36479.25, 2792
36493.88, 2791
36575.48, 2790
36598.63, 2789
36649.71, 2788
36654.71, 2787
36657.66, 2786
36657.78, 2785
36884.83, 2784
36968.1, 2783
36968.15, 2782
36968.17, 2781
36968.18, 2780
36980.67, 2779
36980.76, 2778
36980.78, 2777
37141.55, 2776
37220.5, 2775
37220.55, 2774
37224.05, 2773
37228.72, 2772
37228.82, 2771
37228.83, 2770
37228.85, 2769
37329.0, 2768
37329.85, 2767
37332.77, 2766
37411.09, 2765
37432.16, 2764
37508.4, 2763
37635.17, 2762
37636.78, 2761
37636.99, 2760
37638.34, 2759
37640.4, 2758
37803.65, 2757
37803.76, 2756
37820.28, 2755
37820.39, 2754
37846.81, 2753
37895.21, 2752
38054.05, 2751
38054.65, 2750
38054.71, 2749
38054.76, 2748
38112.69, 2747
38229.59, 2746
38230.36, 2745
38231.75, 2744
38311.0, 2743
38336.88, 2742
38349.97, 2741
38395.35, 2740
38477.19, 2739
38489.27, 2738
38670.5, 2737
38670.55, 2736
38684.72, 2735
38687.55, 2734
38707.06, 2733
38764.56, 2732
38769.44, 2731
38870.07, 2730
38938.17, 2729
38939.12, 2728
38940.23, 2727
38941.11, 2726
39007.8, 2725
39007.92, 2724
39065.62, 2723
39070.0, 2722
39108.74, 2721
39130.16, 2720
39168.84, 2719
39195.14, 2718
39230.3, 2717
39248.61, 2716
39280.16, 2715
39301.58, 2714
39331.71, 2713
39372.89, 2712
39410.02, 2711
39442.06, 2710
39482.78, 2709
39498.49, 2708
39513.68, 2707
39558.89, 2706
39584.93, 2705
39612.92, 2704
39637.53, 2703
39677.16, 2702
39709.75, 2701
39746.8, 2700
39781.83, 2699
39808.62, 2698
39829.64, 2697
39863.45, 2696
39882.43, 2695
39910.01, 2694
39947.42, 2693
39966.1, 2692
39993.2, 2691
40042.83, 2690
40067.18, 2689
40096.29, 2688
40160.03, 2687
40184.53, 2686
40224.58, 2685
40251.2, 2684
40268.3, 2683
40317.57, 2682
40365.01, 2681
40413.47, 2680
40421.62, 2679
40498.56, 2678
40502.23, 2677
40509.12, 2676
40551.67, 2675
40583.93, 2674
40617.41, 2673
40649.17, 2672
40750.97, 2671
40751.08, 2670
40799.75, 2669
40800.72, 2668
40837.4, 2667
40864.09, 2666
40910.47, 2665
40937.53, 2664
40963.37, 2663
41011.54, 2662
41035.13, 2661
41117.47, 2660
41151.36, 2659
41197.31, 2658
41234.66, 2657
41269.76, 2656
41311.99, 2655
41362.87, 2654
41412.86, 2653
41467.45, 2652
41499.5, 2651
41531.18, 2650
41568.76, 2649
41624.67, 2648
41686.9, 2647
41729.74, 2646
41782.29, 2645
41817.89, 2644
41861.66, 2643
41916.21, 2642
41965.6, 2641
42089.19, 2640
42089.42, 2639
42090.76, 2638
42132.88, 2637
42167.18, 2636
42182.5, 2635
42243.42, 2634
42247.0, 2633
42270.04, 2632
42301.16, 2631
42337.31, 2630
42387.68, 2629
42419.24, 2628
42462.48, 2627
42487.92, 2626
42541.7, 2625
42551.26, 2624
42582.63, 2623
42609.07, 2622
42638.35, 2621
42664.27, 2620
42715.71, 2619
42730.93, 2618
42762.45, 2617
42797.64, 2616
42831.21, 2615
42861.7, 2614
42900.22, 2613
42935.08, 2612
42966.4, 2611
42991.94, 2610
43019.71, 2609
43103.86, 2608
43104.17, 2607
43148.97, 2606
43184.29, 2605
43200.88, 2604
43234.3, 2603
43262.36, 2602
43300.61, 2601
43333.55, 2600
43376.17, 2599
43415.6, 2598
43433.57, 2597
43462.6, 2596
43487.96, 2595
43533.76, 2594
43564.83, 2593
43602.5, 2592
43663.42, 2591
43699.73, 2590
43726.64, 2589
43765.41, 2588
43801.65, 2587
43834.12, 2586
43870.2, 2585
43935.04, 2584
43950.52, 2583
43979.53, 2582
44004.33, 2581
44085.01, 2580
44115.76, 2579
44151.63, 2578
44186.56, 2577
44214.7, 2576
44261.9, 2575
44301.43, 2574
44342.6, 2573
44382.63, 2572
44420.45, 2571
44464.49, 2570
44482.64, 2569
44533.74, 2568
44566.3, 2567
44600.21, 2566
44626.63, 2565
44692.89, 2564
44733.67, 2563
44782.5, 2562
44834.82, 2561
44867.34, 2560
44914.46, 2559
44969.15, 2558
45009.18, 2557
45046.35, 2556
45076.38, 2555
45130.4, 2554
45191.62, 2553
45240.72, 2552
45283.63, 2551
45329.81, 2550
45368.23, 2549
45414.16, 2548
45462.94, 2547
45515.92, 2546
45597.18, 2545
45602.42, 2544
45632.51, 2543
45679.77, 2542
45718.88, 2541
45767.92, 2540
45809.79, 2539
45843.75, 2538
45880.51, 2537
45933.99, 2536
45966.6, 2535
46009.95, 2534
46045.65, 2533
46080.99, 2532
46121.63, 2531
46161.5, 2530
46199.75, 2529
46250.87, 2528
46294.01, 2527
46331.56, 2526
46375.92, 2525
46429.01, 2524
46483.36, 2523
46533.81, 2522
46571.1, 2521
46601.35, 2520
46659.94, 2519
46725.72, 2518
46789.07, 2517
46818.07, 2516
46896.02, 2515
46951.45, 2514
47014.75, 2513
47071.39, 2512
47082.22, 2511
47116.73, 2510
47148.74, 2509
47187.38, 2508
47229.46, 2507
47271.15, 2506
47299.94, 2505
47342.45, 2504
47386.96, 2503
47430.47, 2502
47486.83, 2501
47514.55, 2500
47566.21, 2499
47621.42, 2498
47634.57, 2497
47692.22, 2496
47734.86, 2495
47772.7, 2494
47829.07, 2493
47867.71, 2492
47897.1, 2491
47926.53, 2490
47990.18, 2489
48029.58, 2488
48061.98, 2487
48097.71, 2486
48146.82, 2485
48175.87, 2484
48221.09, 2483
48276.2, 2482
48315.85, 2481
48375.28, 2480
48424.47, 2479
48449.62, 2478
48496.11, 2477
48520.68, 2476
48603.99, 2475
48629.01, 2474
48668.15, 2473
48716.69, 2472
48781.61, 2471
48831.28, 2470
48869.75, 2469
48940.19, 2468
48994.16, 2467
49050.84, 2466
49124.93, 2465
49170.62, 2464
49207.43, 2463
49253.88, 2462
49288.09, 2461
49348.93, 2460
49374.11, 2459
49421.39, 2458
49483.67, 2457
49509.21, 2456
49542.79, 2455
49581.5, 2454
49632.4, 2453
49683.07, 2452
49730.47, 2451
49768.05, 2450
49809.51, 2449
49856.72, 2448
49883.49, 2447
49948.29, 2446
49999.67, 2445
50059.79, 2444
50132.76, 2443
50167.05, 2442
50208.28, 2441
50249.08, 2440
50314.96, 2439
50362.59, 2438
50412.05, 2437
50446.7, 2436
50487.34, 2435
50581.69, 2434
50604.34, 2433
50673.9, 2432
50749.91, 2431
50801.24, 2430
50832.89, 2429
50862.95, 2428
50932.33, 2427
50948.31, 2426
50972.08, 2425
51004.45, 2424
51080.92, 2423
51118.52, 2422
51183.2, 2421
51238.91, 2420
51263.15, 2419
51308.82, 2418
51364.87, 2417
51410.19, 2416
51443.03, 2415
51488.96, 2414
51533.29, 2413
51587.78, 2412
51632.36, 2411
51665.48, 2410
51740.87, 2409
51771.86, 2408
51816.09, 2407
51853.07, 2406
51941.55, 2405
51958.6, 2404
52011.17, 2403
52055.55, 2402
52125.53, 2401
52233.06, 2400
52241.76, 2399
52274.78, 2398
52344.7, 2397
52410.8, 2396
52431.69, 2395
52475.23, 2394
52507.33, 2393
52546.16, 2392
52577.58, 2391
52611.4, 2390
52681.84, 2389
52711.06, 2388
52739.26, 2387
52799.03, 2386
52859.3, 2385
52873.03, 2384
52917.7, 2383
52965.21, 2382
53009.16, 2381
53053.76, 2380
53109.44, 2379
53163.68, 2378
53207.37, 2377
53265.12, 2376
53304.44, 2375
53365.59, 2374
53400.98, 2373
53441.98, 2372
53498.87, 2371
53549.19, 2370
53597.29, 2369
53646.27, 2368
53702.74, 2367
53767.41, 2366
53825.45, 2365
53884.57, 2364
53931.23, 2363
53979.28, 2362
54009.72, 2361
54050.65, 2360
54099.96, 2359
54148.07, 2358
54201.88, 2357
54233.45, 2356
54295.91, 2355
54341.37, 2354
54395.39, 2353
54454.67, 2352
54482.18, 2351
54631.38, 2350
54697.65, 2349
54698.08, 2348
54698.18, 2347
54748.96, 2346
54849.09, 2345
54869.66, 2344
54911.82, 2343
54950.94, 2342
55065.13, 2341
55065.18, 2340
55111.26, 2339
55303.53, 2338
55303.65, 2337
55303.67, 2336
55326.06, 2335
55368.06, 2334
55498.0, 2333
55586.65, 2332
55586.77, 2331
55594.68, 2330
55628.29, 2329
55696.68, 2328
55761.64, 2327
55798.84, 2326
55841.25, 2325
55881.8, 2324
55944.98, 2323
56009.27, 2322
56028.4, 2321
56149.11, 2320
56153.33, 2319
56200.28, 2318
56246.7, 2317
56311.81, 2316
56349.63, 2315
56365.78, 2314
56423.22, 2313
56487.78, 2312
56549.7, 2311
56581.73, 2310
56679.11, 2309
56829.57, 2308
56829.68, 2307
56839.99, 2306
56934.29, 2305
56996.42, 2304
57044.99, 2303
57086.43, 2302
57129.2, 2301
57190.23, 2300
57254.44, 2299
57282.23, 2298
57416.7, 2297
57454.38, 2296
57457.92, 2295
57458.86, 2294
57506.88, 2293
57714.62, 2292
57714.69, 2291
57714.71, 2290
57714.72, 2289
57950.65, 2288
57950.73, 2287
57950.75, 2286
57950.76, 2285
57987.15, 2284
58045.08, 2283
58150.66, 2282
58208.93, 2281
58282.41, 2280
58387.39, 2279
58408.15, 2278
58462.07, 2277
58499.31, 2276
58587.4, 2275
58632.65, 2274
58720.12, 2273
58781.76, 2272
58841.26, 2271
58886.88, 2270
59005.39, 2269
59005.43, 2268
59019.55, 2267
59092.93, 2266
59161.4, 2265
59201.24, 2264
59248.07, 2263
59298.8, 2262
59382.95, 2261
59414.85, 2260
59464.64, 2259
59567.91, 2258
59648.89, 2257
59704.36, 2256
59731.83, 2255
59797.17, 2254
59917.62, 2253
59917.67, 2252
59927.92, 2251
59986.68, 2250
60032.17, 2249
60142.17, 2248
60191.97, 2247
60241.96, 2246
60297.31, 2245
60345.96, 2244
60413.57, 2243
60478.17, 2242
60545.7, 2241
60621.58, 2240
60651.03, 2239
60695.22, 2238
60737.58, 2237
60809.58, 2236
60863.86, 2235
60925.05, 2234
61003.27, 2233
61040.97, 2232
61082.43, 2231
61141.1, 2230
61215.35, 2229
