30772.94, 45150
30807.22, 45146
30862.93, 44850
30907.1, 44847
30966.69, 44846
31001.77, 44552
31048.28, 44551
31105.02, 44550
31135.46, 44549
31170.05, 44548
31195.79, 44547
31267.3, 44256
31322.74, 44254
31376.85, 44253
31422.65, 44252
31484.02, 44251
31520.22, 44250
31556.42, 44249
31606.63, 43962
31643.81, 43959
31706.11, 43958
31772.91, 43957
31823.7, 43956
31883.46, 43955
31933.44, 43954
31963.71, 43953
32031.51, 43952
32078.27, 43670
32121.2, 43666
32185.81, 43664
32257.61, 43663
32306.33, 43662
32350.38, 43661
32403.33, 43660
32457.11, 43659
32552.48, 43658
32615.4, 43657
32677.57, 43380
32755.49, 43375
32777.76, 43374
32829.11, 43372
32855.94, 43371
32916.79, 43369
32972.54, 43368
33033.37, 43367
33085.89, 43366
33122.32, 43365
33204.56, 43364
33288.21, 43363
33353.4, 43362
33439.45, 43361
33507.75, 43092
33567.01, 43086
33623.77, 43085
33674.47, 43082
33718.44, 43081
33783.22, 43080
33823.44, 43078
33863.58, 43077
33927.01, 43076
33969.85, 43075
34000.03, 43074
34031.95, 43073
34064.08, 43072
34111.35, 43071
34188.58, 43070
34220.87, 43069
34305.66, 43068
34358.27, 43067
34423.63, 42806
34468.6, 42799
34562.72, 42798
34597.87, 42794
34640.58, 42793
34706.39, 42791
34749.52, 42789
34824.48, 42788
34881.59, 42787
34928.83, 42786
34959.11, 42785
35012.91, 42784
35097.37, 42783
35149.9, 42782
35206.7, 42781
35283.94, 42780
35351.96, 42779
35376.03, 42778
35457.45, 42777
35494.53, 42776
35539.43, 42775
35571.25, 42774
35701.77, 42522
35735.46, 42514
35808.86, 42513
35865.33, 42508
35914.5, 42507
35986.43, 42504
36020.7, 42502
36048.21, 42501
36105.01, 42499
36154.07, 42498
36184.21, 42497
36223.01, 42496
36266.69, 42495
36322.15, 42494
36358.5, 42493
36388.15, 42492
36446.62, 42491
36475.38, 42490
36508.03, 42489
36563.59, 42488
36592.57, 42487
36646.48, 42486
36705.19, 42485
36747.09, 42484
36784.42, 42483
36814.29, 42482
36922.37, 42240
36970.01, 42231
37035.56, 42230
37071.59, 42224
37143.11, 42223
37281.18, 42219
37328.06, 42217
37349.55, 42216
37429.33, 42213
37474.86, 42212
37517.54, 42211
37541.9, 42210
37637.61, 42209
37677.4, 42208
37720.01, 42207
37760.74, 42206
37799.76, 42205
37843.37, 42204
37878.44, 42203
37934.93, 42202
37962.58, 42201
38013.6, 42200
38039.43, 42199
38097.87, 42198
38154.24, 42197
38234.18, 42196
38300.28, 42195
38382.32, 42194
38420.76, 42193
38459.76, 42192
38497.83, 42191
38580.69, 41960
38605.18, 41950
38652.96, 41949
38703.5, 41942
38726.57, 41941
38774.57, 41936
38796.2, 41934
38866.61, 41933
38914.32, 41932
38946.3, 41929
38975.6, 41928
39026.34, 41927
39056.4, 41926
39149.01, 41924
39178.96, 41923
39209.26, 41922
39258.6, 41921
39293.5, 41920
39339.61, 41919
39375.21, 41918
39403.26, 41917
39427.0, 41916
39503.86, 41915
39591.82, 41914
39632.48, 41913
39662.25, 41912
39722.97, 41911
39782.41, 41910
39809.83, 41909
39842.77, 41908
39901.54, 41907
39954.19, 41906
40038.04, 41905
40113.76, 41904
40191.46, 41903
40217.28, 41902
40279.24, 41682
40315.87, 41671
40409.03, 41670
40495.09, 41662
40540.62, 41661
40563.69, 41655
40604.84, 41653
40654.25, 41652
40707.33, 41650
40751.32, 41647
40815.67, 41646
40870.81, 41645
40938.1, 41644
41006.82, 41643
41055.53, 41641
41083.75, 41640
41137.9, 41639
41166.65, 41638
41242.21, 41637
41331.16, 41635
41394.33, 41634
41478.66, 41633
41513.75, 41632
41539.02, 41631
41595.62, 41630
41637.19, 41629
41710.98, 41628
41750.3, 41627
41790.12, 41626
41851.4, 41625
41889.25, 41624
41941.74, 41623
42011.47, 41622
42089.35, 41621
42144.34, 41620
42177.6, 41619
42239.52, 41618
42310.37, 41617
42366.03, 41616
42410.01, 41615
42460.45, 41614
42545.61, 41613
42610.34, 41612
42728.97, 41406
42755.41, 41394
42804.16, 41393
42874.09, 41384
42909.73, 41383
42980.7, 41376
43044.45, 41374
43095.19, 41373
43144.05, 41370
43234.83, 41367
43283.89, 41366
43350.15, 41365
43413.02, 41364
43490.18, 41362
43531.08, 41360
43558.69, 41359
43617.97, 41358
43650.58, 41357
43685.65, 41356
43742.73, 41355
43845.52, 41353
43869.83, 41352
43934.16, 41351
43961.24, 41350
43987.13, 41349
44023.63, 41348
44121.98, 41347
44163.07, 41346
44240.4, 41345
44270.07, 41344
44303.59, 41343
44464.9, 41342
44515.71, 41341
44598.09, 41340
44660.42, 41339
44749.35, 41338
44802.24, 41337
44849.85, 41336
44912.41, 41335
44955.09, 41334
45034.95, 41333
45067.63, 41332
45111.78, 41331
45172.04, 41330
45216.26, 41329
45324.19, 41328
45397.38, 41327
45459.53, 41326
45525.96, 41325
45560.34, 41324
45674.51, 41132
45733.85, 41119
45767.78, 41118
45833.54, 41108
45869.45, 41107
45912.57, 41099
45953.34, 41097
45990.02, 41096
46059.21, 41092
46093.47, 41089
46142.55, 41088
46243.94, 41087
46283.34, 41086
46367.22, 41083
46411.18, 41081
46451.9, 41080
46523.08, 41079
46546.44, 41078
46588.76, 41077
46731.79, 41076
46763.27, 41075
46808.5, 41073
46844.73, 41072
46918.86, 41071
46945.36, 41070
46987.21, 41069
47035.89, 41068
47138.91, 41067
47174.63, 41066
47225.92, 41065
47251.84, 41064
47284.28, 41063
47311.47, 41062
47452.09, 41061
47480.96, 41060
47513.19, 41059
47548.86, 41058
47575.83, 41057
47631.35, 41056
47729.11, 41055
47768.62, 41054
47821.69, 41053
47850.83, 41052
47880.16, 41051
47969.81, 41050
48033.99, 41049
48077.55, 41048
48101.44, 41047
48222.02, 41046
48281.77, 41045
48328.33, 41044
48394.54, 41043
48438.75, 41042
48491.4, 41041
48610.56, 41040
48646.24, 41039
48694.37, 41038
48762.78, 41037
48888.28, 40860
48942.3, 40846
48973.1, 40845
49008.97, 40834
49044.71, 40833
49089.7, 40824
49144.93, 40822
49190.92, 40821
49256.61, 40816
49302.07, 40813
49344.51, 40812
49376.92, 40811
49409.69, 40810
49473.13, 40806
49529.14, 40804
49605.98, 40803
49665.04, 40802
49701.95, 40801
49736.97, 40800
49831.35, 40798
49852.17, 40797
49903.03, 40795
49963.37, 40794
50009.54, 40793
50047.2, 40792
50073.14, 40791
50124.88, 40790
50177.64, 40789
50266.11, 40788
50295.38, 40787
50333.23, 40786
50438.38, 40785
50476.83, 40784
50523.73, 40783
50587.39, 40782
50694.92, 40781
50732.2, 40780
50755.14, 40779
50802.28, 40778
50834.08, 40777
50867.96, 40776
51038.08, 40775
51100.62, 40774
51167.8, 40773
51239.4, 40772
51305.8, 40771
51362.24, 40770
51485.43, 40769
51584.39, 40768
51652.54, 40767
51704.84, 40766
51733.41, 40765
51839.78, 40764
51905.86, 40763
51983.74, 40762
52041.8, 40761
52194.35, 40760
52255.54, 40759
52322.94, 40758
52396.75, 40757
52423.72, 40756
52473.49, 40755
52590.9, 40754
52637.51, 40753
52690.21, 40752
52874.19, 40590
52965.23, 40575
52991.96, 40574
53093.01, 40562
53133.89, 40561
53184.72, 40551
53226.56, 40549
53316.56, 40548
53369.64, 40542
53441.6, 40539
53514.03, 40538
53546.47, 40537
53636.6, 40536
57831.04, 40535
57869.23, 40531
57951.72, 40529
58006.46, 40528
58077.92, 40527
58135.73, 40526
58168.88, 40525
58244.52, 40524
58337.05, 40522
58423.8, 40521
58464.96, 40519
58527.56, 40518
58606.56, 40517
58680.8, 40516
58743.29, 40515
58799.48, 40514
58908.53, 40513
58948.56, 40512
59064.64, 40511
59128.89, 40510
59188.52, 40509
59247.05, 40508
59284.58, 40507
59321.21, 40506
59400.52, 40505
59437.14, 40504
59539.7, 40503
59581.44, 40502
59629.82, 40501
59683.46, 40500
59711.55, 40499
59747.05, 40498
59821.8, 40497
59882.31, 40496
59908.41, 40495
59942.02, 40494
59976.05, 40493
60020.79, 40492
60053.45, 40491
60141.04, 40490
60172.91, 40489
60194.32, 40488
60234.62, 40487
60260.7, 40486
60309.26, 40485
60365.25, 40484
60410.1, 40483
60442.31, 40482
60473.94, 40481
60508.77, 40480
60557.16, 40479
60608.75, 40478
60648.7, 40477
60689.32, 40476
60731.54, 40475
60799.43, 40474
60855.96, 40473
