2692.05, 4465
2695.42, 4461
2697.73, 4371
2700.52, 4368
2705.47, 4367
2707.83, 4279
2710.0, 4278
2714.28, 4277
2715.27, 4276
2717.27, 4275
2732.38, 4274
2739.06, 4189
2742.52, 4187
2744.09, 4186
2747.23, 4185
2749.92, 4184
2752.36, 4183
2754.94, 4182
2759.89, 4101
2761.75, 4098
2766.82, 4097
2768.21, 4096
2772.71, 4095
2775.03, 4094
2777.29, 4093
2803.02, 4092
2807.34, 4091
2811.91, 4015
2815.41, 4011
2820.31, 4009
2821.26, 4008
2824.81, 4007
2828.23, 4006
2831.28, 4005
2835.03, 4004
2852.27, 4003
2856.43, 4002
2874.53, 4001
2884.51, 3931
2892.63, 3926
2897.97, 3923
2900.8, 3922
2909.02, 3920
2911.1, 3919
2933.95, 3918
2934.96, 3917
2935.89, 3916
2946.34, 3915
2951.02, 3914
2954.77, 3913
2958.64, 3912
2964.8, 3849
2965.75, 3843
2970.82, 3839
2972.2, 3838
2976.16, 3837
2977.79, 3835
2981.48, 3834
2987.55, 3833
2988.96, 3832
2991.56, 3831
2998.02, 3830
2999.04, 3829
3003.89, 3828
3008.26, 3827
3010.37, 3826
3024.73, 3825
3044.06, 3824
3056.24, 3769
3056.28, 3762
3060.44, 3757
3061.89, 3756
3065.25, 3754
3069.67, 3752
3073.17, 3751
3077.25, 3750
3078.28, 3749
3080.62, 3748
3084.5, 3747
3090.39, 3746
3091.21, 3745
3100.98, 3744
3102.51, 3743
3102.98, 3742
3103.84, 3741
3116.01, 3740
3116.12, 3739
3117.87, 3738
3118.85, 3737
3124.4, 3691
3127.49, 3683
3128.63, 3677
3161.55, 3676
3168.36, 3673
3177.13, 3671
3191.23, 3670
3201.09, 3668
3219.2, 3667
3219.23, 3666
3223.97, 3665
3229.32, 3664
3233.17, 3663
3236.42, 3662
3237.44, 3661
3243.24, 3660
3244.22, 3659
3246.75, 3658
3253.26, 3657
3256.57, 3656
3259.15, 3655
3260.69, 3654
3265.74, 3653
3267.37, 3652
3301.23, 3615
3308.1, 3606
3309.49, 3599
3312.78, 3598
3318.3, 3594
3325.2, 3592
3326.8, 3591
3344.67, 3588
3351.11, 3587
3352.04, 3586
3355.18, 3585
3356.83, 3584
3361.32, 3583
3365.69, 3582
3367.71, 3581
3372.78, 3580
3374.91, 3579
3378.63, 3578
3383.09, 3577
3384.02, 3576
3401.86, 3575
3404.84, 3574
3407.67, 3573
3434.89, 3572
3437.31, 3571
3445.16, 3570
3455.15, 3569
3459.04, 3568
3468.79, 3567
3480.67, 3566
3492.06, 3541
3495.98, 3531
3497.84, 3523
3500.54, 3522
3506.6, 3517
3510.45, 3515
3512.18, 3514
3517.17, 3513
3525.27, 3510
3547.07, 3509
3552.98, 3508
3564.08, 3507
3570.33, 3506
3589.0, 3505
3591.86, 3504
3593.84, 3503
3595.88, 3502
3598.69, 3501
3604.28, 3500
3606.9, 3499
3611.05, 3498
3620.06, 3497
3624.74, 3496
3633.76, 3495
3638.51, 3494
3641.09, 3493
3642.08, 3492
3659.39, 3491
3663.61, 3490
3667.23, 3489
3671.72, 3488
3674.37, 3487
3676.4, 3486
3691.39, 3485
3695.8, 3484
3703.16, 3483
3719.12, 3482
3728.38, 3469
3739.67, 3458
3739.71, 3449
3745.83, 3448
3745.93, 3442
3745.96, 3440
3749.93, 3439
3751.2, 3437
3755.78, 3434
3757.23, 3433
3760.78, 3432
3762.97, 3431
3767.45, 3430
3772.8, 3428
3774.66, 3427
3796.65, 3426
3806.0, 3425
3807.97, 3424
3836.48, 3422
3844.86, 3421
3844.9, 3420
3845.69, 3419
3847.66, 3418
3862.62, 3417
3875.33, 3416
3881.32, 3415
3894.4, 3414
3900.58, 3413
3904.96, 3412
3910.11, 3411
3915.54, 3410
3916.47, 3409
3920.73, 3408
3924.14, 3407
3928.24, 3406
3936.01, 3405
3937.13, 3404
3938.02, 3403
3945.59, 3402
3949.66, 3401
3950.63, 3400
3958.15, 3399
3960.5, 3387
3963.65, 3377
3967.92, 3376
3968.86, 3375
3973.11, 3369
3978.19, 3367
3979.33, 3366
3983.81, 3363
3985.38, 3360
3989.91, 3359
3991.68, 3358
3994.13, 3357
3996.75, 3356
4030.35, 3355
4058.57, 3353
4067.81, 3352
4073.52, 3351
4075.08, 3350
4086.4, 3349
4088.44, 3348
4093.56, 3346
4101.16, 3345
4111.2, 3344
4111.24, 3343
4125.25, 3342
4141.88, 3341
4143.7, 3340
4144.9, 3339
4148.98, 3338
4151.08, 3337
4170.41, 3336
4185.83, 3335
4186.72, 3334
4191.67, 3333
4198.93, 3332
4212.14, 3331
4213.18, 3330
4224.68, 3329
4235.34, 3328
4247.64, 3327
4254.19, 3326
4260.49, 3325
4261.46, 3324
4263.93, 3323
4269.43, 3322
4271.93, 3321
4276.27, 3320
4278.29, 3319
4281.36, 3318
4291.96, 3307
4295.9, 3306
4299.0, 3305
4302.52, 3304
4306.41, 3298
4308.16, 3296
4311.89, 3295
4315.52, 3294
4317.83, 3291
4321.32, 3288
4325.16, 3287
4326.11, 3286
4330.52, 3285
4331.45, 3284
4339.11, 3282
4341.17, 3280
4343.67, 3279
4346.27, 3278
4350.89, 3277
4351.82, 3276
4358.57, 3275
4360.51, 3274
4364.95, 3272
4369.57, 3271
4375.04, 3270
4404.67, 3269
4414.11, 3268
4424.64, 3267
4429.92, 3266
4433.95, 3265
4437.22, 3264
4438.2, 3263
4443.73, 3262
4444.81, 3261
4456.72, 3260
4474.78, 3259
4503.84, 3258
4507.3, 3257
4512.94, 3256
4514.47, 3255
4528.37, 3254
4533.06, 3253
4541.24, 3252
4566.29, 3251
4567.28, 3250
4574.66, 3249
4577.61, 3248
4580.34, 3247
4584.48, 3246
4590.79, 3245
4594.34, 3244
4595.79, 3243
4603.18, 3242
4626.05, 3241
4629.56, 3240
4640.33, 3239
4641.71, 3238
4654.33, 3237
4662.84, 3236
4675.26, 3229
4676.69, 3227
4695.14, 3226
4701.66, 3225
4715.61, 3221
4718.32, 3218
4721.94, 3217
4724.51, 3216
4734.68, 3215
4736.09, 3214
4744.74, 3211
4745.99, 3209
4748.56, 3208
4753.99, 3207
4754.95, 3206
4758.31, 3205
4767.3, 3203
4768.48, 3202
4773.71, 3200
4774.39, 3199
4778.47, 3198
4783.26, 3197
4785.96, 3196
4808.39, 3195
4815.1, 3194
4822.86, 3193
4823.81, 3192
4830.98, 3191
4831.94, 3190
4832.88, 3189
4835.12, 3188
4846.15, 3187
4847.14, 3186
4850.7, 3185
4853.99, 3184
4857.4, 3183
4858.46, 3182
4861.19, 3181
4907.79, 3180
4914.54, 3179
4915.91, 3178
4920.94, 3177
4921.59, 3176
4924.26, 3175
4973.34, 3174
4981.57, 3173
4984.85, 3172
4989.48, 3171
4998.89, 3170
5010.2, 3169
5021.42, 3168
5027.2, 3167
5034.34, 3166
5041.69, 3165
5047.59, 3164
5049.54, 3163
5056.37, 3162
5065.29, 3161
5073.09, 3160
5079.05, 3159
5084.85, 3158
5086.7, 3157
5104.35, 3153
5110.25, 3150
5128.75, 3149
5135.23, 3148
5138.15, 3147
5139.61, 3146
5164.83, 3142
5167.51, 3140
5168.46, 3139
5173.09, 3138
5180.71, 3137
5184.91, 3136
5201.42, 3133
5202.36, 3132
5228.11, 3130
5234.6, 3129
5238.33, 3128
5243.57, 3127
5251.16, 3126
5260.95, 3124
5261.36, 3123
5270.37, 3122
5271.31, 3121
5272.25, 3120
5278.75, 3119
5279.76, 3118
5280.79, 3117
5301.52, 3116
5309.55, 3115
5312.74, 3114
5313.65, 3113
5318.38, 3112
5322.71, 3111
5323.68, 3110
5328.59, 3109
5333.19, 3108
5339.59, 3107
5341.58, 3106
5346.0, 3105
5350.17, 3104
5351.14, 3103
5353.57, 3102
5362.19, 3101
5401.02, 3100
5405.92, 3099
5408.36, 3098
5414.57, 3097
5415.51, 3096
5422.68, 3095
5424.71, 3094
5428.97, 3093
5433.91, 3092
5434.85, 3091
5451.74, 3090
5478.19, 3089
5489.53, 3088
5491.4, 3087
5497.43, 3086
5499.66, 3085
5504.04, 3084
5509.08, 3083
5511.06, 3082
5515.25, 3081
5519.48, 3080
5527.23, 3079
5532.21, 3078
5541.18, 3075
5543.76, 3073
5545.87, 3072
5549.19, 3071
5551.82, 3070
5554.57, 3069
5560.58, 3068
5563.98, 3065
5568.13, 3064
5570.81, 3062
5574.49, 3061
5582.2, 3060
5583.87, 3059
5584.81, 3058
5605.11, 3057
5627.1, 3055
5653.82, 3054
5661.46, 3053
5661.9, 3052
5668.65, 3051
5680.35, 3050
5693.83, 3049
5700.6, 3048
5715.28, 3047
5722.18, 3046
5727.96, 3045
5732.63, 3044
5743.73, 3043
5758.04, 3042
5762.7, 3041
5764.9, 3040
5767.58, 3039
5775.16, 3038
5778.3, 3037
5784.47, 3036
5792.96, 3035
5795.69, 3034
5801.9, 3033
5824.54, 3032
5824.58, 3031
5838.65, 3030
5855.2, 3029
5858.36, 3028
5867.64, 3027
5874.86, 3026
5879.95, 3025
5897.96, 3024
5920.46, 3023
5921.33, 3022
5934.85, 3021
5942.44, 3020
5944.96, 3019
5953.92, 3018
5972.72, 3017
5979.82, 3016
5985.42, 3015
5987.95, 3014
5991.29, 3013
6001.01, 3012
6006.68, 3011
6009.99, 3010
6012.13, 3009
6018.89, 3008
6024.92, 3007
6027.85, 3006
6030.99, 3005
6035.12, 3004
6040.71, 3003
6043.43, 3002
6044.96, 3001
6048.58, 3000
6054.5, 2999
6068.19, 2998
6069.78, 2996
6077.77, 2995
6081.61, 2994
6081.66, 2993
6086.04, 2992
6088.02, 2991
6091.9, 2990
6094.78, 2988
6097.89, 2987
6102.17, 2986
6106.08, 2985
6108.15, 2984
6115.51, 2983
6115.6, 2982
6117.23, 2981
6143.26, 2980
6174.5, 2979
6183.92, 2978
6196.53, 2977
6198.39, 2976
6201.08, 2975
6203.68, 2974
6224.71, 2973
6227.75, 2972
6233.93, 2971
6249.44, 2970
6261.2, 2969
6279.01, 2968
6288.1, 2967
6290.8, 2966
6291.6, 2965
6300.91, 2964
6320.34, 2963
6328.54, 2962
6361.88, 2961
6365.89, 2960
6372.27, 2959
6374.46, 2958
6375.39, 2957
6383.32, 2956
6384.36, 2955
6385.29, 2954
6391.9, 2953
6397.55, 2952
6401.88, 2951
6404.66, 2950
6412.62, 2949
6412.67, 2948
6414.71, 2947
6424.64, 2946
6430.26, 2945
6430.88, 2944
6438.62, 2943
6438.64, 2942
6440.34, 2941
6449.11, 2940
6452.33, 2939
6460.23, 2938
6460.47, 2937
6462.45, 2936
6468.94, 2935
6473.61, 2934
6479.13, 2933
6510.75, 2932
6535.98, 2931
6546.08, 2930
6551.08, 2929
6558.27, 2928
6559.07, 2927
6562.71, 2926
6567.89, 2925
6574.42, 2924
6578.23, 2923
6601.55, 2922
6654.56, 2921
6663.31, 2920
6667.05, 2919
6672.47, 2918
6675.29, 2917
6692.89, 2916
6716.22, 2915
6726.98, 2914
6744.25, 2913
6745.24, 2912
6747.34, 2911
6756.17, 2910
6762.34, 2909
6767.34, 2908
6769.73, 2907
6775.03, 2906
6781.79, 2905
6791.31, 2904
6796.45, 2903
6798.44, 2902
6800.76, 2901
6806.95, 2900
6810.12, 2899
6811.03, 2898
6814.52, 2897
6817.69, 2896
6824.33, 2895
6830.57, 2894
6834.88, 2893
6837.07, 2892
6848.23, 2891
6848.32, 2890
6848.89, 2889
6853.99, 2888
6854.98, 2887
6858.5, 2886
6867.53, 2885
6868.68, 2884
6892.74, 2883
6923.52, 2882
6938.07, 2881
6952.09, 2880
6952.57, 2879
6953.47, 2878
6954.4, 2877
7046.08, 2876
7046.91, 2875
7047.83, 2874
7048.74, 2873
7049.68, 2872
7050.59, 2871
7076.35, 2870
7077.35, 2869
7094.83, 2868
7104.54, 2867
7105.41, 2866
7106.34, 2865
7133.71, 2864
7134.66, 2863
7135.6, 2862
7143.31, 2861
7146.58, 2860
7150.75, 2859
7156.35, 2858
7159.05, 2857
7175.81, 2856
7197.11, 2855
7198.44, 2854
7215.58, 2853
7221.28, 2852
7228.37, 2851
7239.63, 2850
7240.57, 2849
7259.94, 2848
7260.82, 2847
7293.1, 2846
7297.13, 2845
7300.61, 2844
7308.11, 2843
7309.33, 2842
7313.42, 2841
7323.84, 2840
7329.04, 2839
7345.36, 2838
7346.28, 2837
7363.16, 2836
7374.44, 2835
7388.12, 2834
7388.9, 2833
7395.19, 2832
7403.18, 2831
7405.86, 2830
7415.27, 2829
7429.69, 2828
7433.83, 2827
7438.55, 2826
7451.63, 2825
7454.05, 2824
7456.68, 2823
7461.59, 2822
7466.05, 2821
7468.7, 2820
7478.75, 2819
7480.45, 2818
7485.35, 2817
7491.21, 2816
7492.83, 2815
7501.99, 2814
7502.97, 2813
7503.91, 2812
7507.68, 2811
7514.2, 2810
7517.12, 2809
7524.16, 2808
7527.16, 2807
7530.13, 2806
7534.96, 2805
7537.94, 2804
7543.59, 2803
7548.14, 2802
7554.61, 2801
7558.23, 2800
7561.61, 2799
7566.99, 2798
7584.02, 2797
7604.14, 2796
7646.74, 2795
7654.9, 2794
7657.65, 2793
7664.71, 2792
7666.03, 2791
7672.26, 2790
7676.99, 2789
7686.8, 2788
7692.42, 2787
7695.64, 2786
7696.45, 2785
7697.37, 2784
7703.88, 2783
7709.55, 2782
7717.85, 2781
7718.8, 2780
7764.95, 2779
7768.83, 2778
7778.1, 2777
7779.02, 2776
7789.3, 2775
7794.76, 2774
7799.84, 2773
7802.56, 2772
7835.72, 2771
7836.63, 2770
7845.1, 2769
7845.79, 2768
7846.39, 2767
7848.51, 2766
7859.74, 2765
7875.94, 2764
7878.55, 2763
7890.71, 2762
7908.35, 2761
7912.13, 2760
7920.92, 2759
7945.62, 2758
7949.73, 2757
7966.19, 2756
7974.22, 2755
7990.59, 2754
7998.66, 2753
7999.33, 2752
8007.5, 2751
8008.56, 2750
8010.77, 2749
8013.56, 2748
8019.7, 2747
8020.4, 2746
8030.43, 2745
8034.86, 2744
8040.44, 2743
8046.68, 2742
8047.43, 2741
8048.91, 2740
8053.71, 2739
8059.17, 2738
8060.5, 2737
8068.8, 2736
8070.84, 2735
8078.19, 2734
8084.99, 2733
8087.87, 2732
8088.83, 2731
8091.6, 2730
8094.58, 2729
8106.16, 2728
8182.93, 2727
8183.86, 2726
8186.35, 2725
8191.78, 2724
8205.44, 2723
8206.31, 2722
8230.61, 2721
8240.01, 2720
8246.28, 2719
8251.64, 2718
8258.1, 2717
8275.41, 2716
8283.81, 2715
8287.97, 2714
8291.38, 2713
8293.55, 2712
8297.4, 2711
8303.53, 2710
8308.41, 2709
8312.37, 2708
8318.28, 2707
8319.27, 2706
8326.04, 2705
8328.4, 2704
8332.64, 2703
8338.08, 2702
8343.64, 2701
8345.42, 2700
8350.04, 2699
8355.75, 2698
8357.89, 2697
8374.0, 2696
8380.04, 2695
8414.51, 2694
8431.21, 2693
8454.86, 2692
8455.79, 2691
8460.46, 2690
8461.42, 2689
8467.99, 2688
8472.66, 2687
8474.68, 2686
8481.01, 2685
8481.92, 2684
8486.12, 2683
8494.55, 2682
8498.83, 2681
8501.32, 2680
8505.48, 2679
8511.41, 2678
8519.54, 2677
8524.18, 2676
8529.77, 2675
8538.25, 2674
8544.61, 2673
8590.92, 2672
8591.88, 2671
8604.14, 2670
8620.65, 2669
8623.84, 2668
8637.72, 2667
8641.18, 2666
8646.54, 2665
8654.53, 2664
8669.48, 2663
8674.1, 2662
8679.41, 2661
8682.59, 2660
8685.61, 2659
8690.86, 2658
8693.59, 2657
8696.31, 2656
8703.23, 2655
8719.27, 2654
8720.52, 2653
8721.24, 2652
8724.24, 2651
8727.1, 2650
8731.84, 2649
8743.41, 2648
8748.02, 2647
8750.74, 2646
8753.36, 2645
8759.0, 2644
8759.98, 2643
8770.51, 2642
8772.11, 2641
8797.34, 2640
8809.62, 2639
8817.68, 2638
8829.5, 2637
8867.52, 2636
8883.16, 2635
8888.96, 2634
8899.42, 2633
8906.38, 2632
8912.99, 2631
8923.2, 2630
8924.79, 2629
8931.4, 2628
8955.67, 2627
8957.76, 2626
8968.55, 2625
8987.0, 2624
8987.94, 2623
8991.6, 2622
8999.34, 2621
9004.7, 2620
9009.46, 2619
9017.09, 2618
9017.5, 2617
9020.26, 2616
9028.0, 2615
9028.93, 2614
9033.31, 2613
9034.4, 2612
9039.95, 2611
9049.5, 2610
9055.28, 2609
9057.88, 2608
9058.78, 2607
9069.1, 2606
9071.95, 2605
9074.74, 2604
9080.97, 2603
9093.47, 2602
9098.39, 2601
9174.22, 2600
9182.27, 2599
9191.05, 2598
9200.45, 2597
9207.26, 2596
9213.96, 2595
9220.92, 2594
9224.4, 2593
9226.97, 2592
9276.63, 2591
9293.72, 2590
9311.17, 2589
9317.92, 2588
9324.67, 2587
9333.32, 2586
9339.74, 2585
9341.58, 2584
9351.7, 2583
9358.51, 2582
9361.89, 2581
9366.81, 2580
9369.62, 2579
9374.76, 2578
9377.13, 2577
9391.06, 2576
9392.92, 2575
9402.38, 2574
9403.46, 2573
9404.32, 2572
9414.89, 2571
9441.7, 2570
9451.65, 2569
9468.59, 2568
9471.13, 2567
9482.25, 2566
9492.9, 2565
9524.58, 2564
9526.14, 2563
9532.88, 2562
9542.34, 2561
9547.83, 2560
9548.04, 2559
9552.87, 2558
9557.12, 2557
9558.43, 2556
9569.16, 2555
9574.62, 2554
9582.48, 2553
9596.29, 2552
9605.48, 2551
9630.87, 2550
9636.04, 2549
9641.74, 2548
9644.06, 2547
9651.27, 2546
9656.44, 2545
9658.13, 2544
9663.73, 2543
9667.62, 2542
9672.65, 2541
9674.75, 2540
9683.7, 2539
9692.36, 2538
9693.33, 2537
9699.9, 2536
9703.07, 2535
9712.68, 2534
9751.32, 2533
9755.97, 2532
9757.11, 2531
9760.96, 2530
9777.38, 2529
9778.52, 2528
9781.68, 2527
9795.7, 2526
9796.59, 2525
9814.84, 2524
9833.93, 2523
9845.13, 2522
9860.61, 2521
9874.38, 2520
9879.98, 2519
9889.25, 2518
9894.31, 2517
9894.41, 2516
9896.46, 2515
9901.27, 2514
9903.77, 2513
9910.45, 2512
9920.25, 2511
9925.15, 2510
9926.93, 2509
9933.23, 2508
9935.07, 2507
9940.14, 2506
9941.77, 2505
9951.09, 2504
9957.9, 2503
9961.01, 2502
9963.65, 2501
9967.55, 2500
9971.8, 2499
9981.31, 2498
9987.44, 2497
9987.77, 2496
9997.21, 2495
9997.32, 2494
10006.29, 2493
10007.22, 2492
10042.69, 2491
10046.65, 2490
10064.15, 2489
10091.58, 2488
10112.06, 2487
10133.74, 2486
10147.42, 2485
10158.04, 2484
10167.28, 2483
10170.24, 2482
10176.37, 2481
10177.3, 2480
10217.65, 2479
10224.26, 2478
10233.76, 2477
10233.81, 2476
10237.18, 2475
10241.07, 2474
10243.66, 2473
10250.92, 2472
10251.81, 2471
10256.05, 2470
10264.6, 2469
10272.6, 2468
10273.53, 2467
10275.04, 2466
10283.88, 2465
10288.36, 2464
10289.48, 2463
10296.97, 2462
10297.95, 2461
10301.05, 2460
10316.81, 2459
10319.58, 2458
10339.5, 2457
10401.54, 2456
10405.02, 2455
10408.42, 2454
10425.01, 2453
10432.58, 2452
10438.19, 2451
10452.56, 2450
10457.72, 2449
10480.44, 2448
10500.01, 2447
10500.98, 2446
10513.32, 2445
10523.76, 2444
10535.82, 2443
10567.83, 2442
10588.17, 2441
10590.06, 2440
10597.77, 2439
10605.79, 2438
10617.43, 2437
10629.62, 2436
10635.43, 2435
10654.12, 2434
10659.81, 2433
10666.14, 2432
10669.5, 2431
10673.74, 2430
10683.62, 2429
10684.8, 2428
10690.56, 2427
10695.15, 2426
10697.49, 2425
10701.26, 2424
10712.78, 2423
10716.43, 2422
10719.91, 2421
10730.68, 2420
10731.49, 2419
10734.77, 2418
10740.96, 2417
10746.2, 2416
10749.7, 2415
10753.73, 2414
10758.26, 2413
10761.93, 2412
10768.11, 2411
10829.5, 2410
10832.42, 2409
10837.02, 2408
10839.84, 2407
10851.19, 2406
10852.28, 2405
10853.27, 2404
10857.16, 2403
10861.61, 2402
10865.45, 2401
10875.01, 2400
10883.55, 2399
10883.64, 2398
10890.5, 2397
10894.81, 2396
10900.99, 2395
10901.93, 2394
10905.63, 2393
10908.43, 2392
10912.41, 2391
10927.8, 2390
10932.24, 2389
10933.31, 2388
10945.76, 2387
10951.69, 2386
10997.66, 2385
11017.79, 2384
11022.28, 2383
11032.11, 2382
11041.2, 2381
11049.58, 2380
11057.73, 2379
11065.34, 2378
11075.13, 2377
11082.89, 2376
11089.15, 2375
11096.08, 2374
11108.37, 2373
11125.29, 2372
11126.9, 2371
11130.02, 2370
11137.44, 2369
11139.68, 2368
11143.8, 2367
11158.19, 2366
11160.14, 2365
11164.39, 2364
11168.39, 2363
11174.93, 2362
11175.83, 2361
11178.82, 2360
11186.58, 2359
11200.14, 2358
11200.16, 2357
11200.98, 2356
11208.6, 2355
11213.29, 2354
11219.9, 2353
11252.02, 2352
11289.19, 2351
11295.57, 2350
11296.23, 2349
11300.78, 2348
11306.68, 2347
11311.3, 2346
11314.58, 2345
11320.48, 2344
11340.94, 2343
11346.56, 2342
11350.93, 2341
11372.99, 2340
11389.93, 2339
11396.5, 2338
11400.6, 2337
11404.29, 2336
11408.12, 2335
11417.32, 2334
11418.35, 2333
11424.96, 2332
11431.84, 2331
11433.21, 2330
11438.37, 2329
11445.03, 2328
11455.15, 2327
11495.15, 2326
11537.55, 2325
11547.41, 2324
11550.16, 2323
11555.62, 2322
11574.43, 2321
11582.5, 2320
11593.67, 2319
11596.97, 2318
11609.85, 2317
11615.51, 2316
11622.76, 2315
11636.8, 2314
11641.2, 2313
11656.52, 2312
11667.29, 2311
11670.36, 2310
11681.97, 2309
11684.39, 2308
11685.26, 2307
11686.18, 2306
11695.42, 2305
11705.05, 2304
11708.46, 2303
11709.62, 2302
11728.21, 2301
11758.08, 2300
11770.85, 2299
11774.29, 2298
11787.8, 2297
11795.03, 2296
11803.72, 2295
11824.21, 2294
11836.09, 2293
11854.12, 2292
11864.78, 2291
11870.48, 2290
11872.14, 2289
11877.23, 2288
11891.24, 2287
11902.69, 2286
11906.61, 2285
11912.24, 2284
11915.07, 2283
11921.08, 2282
11926.18, 2281
11931.67, 2280
11937.55, 2279
11941.03, 2278
11961.69, 2277
11981.9, 2276
11981.93, 2275
11981.94, 2274
12000.95, 2273
12004.88, 2272
12011.72, 2271
12016.4, 2270
12018.89, 2269
12024.13, 2268
12026.6, 2267
12029.91, 2266
12034.29, 2265
12050.03, 2264
12051.18, 2263
12055.59, 2262
12063.64, 2261
12066.44, 2260
12070.25, 2259
12076.31, 2258
12079.23, 2257
12082.91, 2256
12114.95, 2255
12159.3, 2254
12162.31, 2253
12172.61, 2252
12174.88, 2251
12177.79, 2250
12186.81, 2249
12187.83, 2248
12193.01, 2247
12225.25, 2246
12241.62, 2245
12251.85, 2244
12253.99, 2243
12257.04, 2242
12262.16, 2241
12266.15, 2240
12271.34, 2239
12282.21, 2238
12283.19, 2237
12290.04, 2236
12298.47, 2235
12298.52, 2234
12306.95, 2233
12307.39, 2232
12332.09, 2231
12334.3, 2230
12338.78, 2229
12343.98, 2228
12349.22, 2227
12352.29, 2226
12434.37, 2225
12435.34, 2224
12436.27, 2223
12437.2, 2222
12438.12, 2221
12454.43, 2220
12473.17, 2219
12476.21, 2218
12491.68, 2217
12519.65, 2216
12537.92, 2215
12538.84, 2214
12545.15, 2213
12551.15, 2212
12557.04, 2211
12567.75, 2210
12585.42, 2209
12586.36, 2208
12647.43, 2207
12652.15, 2206
12667.08, 2205
12668.78, 2204
12674.05, 2203
12678.05, 2202
12683.89, 2201
12685.27, 2200
12691.63, 2199
12720.59, 2198
12724.58, 2197
12726.51, 2196
12749.94, 2195
12755.83, 2194
12758.08, 2193
12767.77, 2192
12771.37, 2191
12774.58, 2190
12789.78, 2189
12798.7, 2188
12799.25, 2187
12814.93, 2186
12819.67, 2185
12828.73, 2184
12845.46, 2183
12853.63, 2182
12856.04, 2181
12867.52, 2180
12895.31, 2179
12901.66, 2178
12907.78, 2177
12913.83, 2176
12922.61, 2175
12924.88, 2174
12934.85, 2173
12950.53, 2172
12956.01, 2171
12959.16, 2170
12963.26, 2169
12982.55, 2168
12984.92, 2167
12990.95, 2166
13037.11, 2165
13050.11, 2164
13063.09, 2163
13067.69, 2162
13079.81, 2161
13084.38, 2160
13089.9, 2159
13099.38, 2158
13108.47, 2157
13121.71, 2156
13126.73, 2155
13139.53, 2154
13146.63, 2153
13150.61, 2152
13167.75, 2151
13172.91, 2150
13178.18, 2149
13189.54, 2148
13199.03, 2147
13204.7, 2146
13207.24, 2145
13220.37, 2144
13223.07, 2143
13229.36, 2142
13231.98, 2141
13256.77, 2140
13260.35, 2139
13266.24, 2138
13271.43, 2137
13290.89, 2136
13307.5, 2135
13326.85, 2134
13332.67, 2133
13337.62, 2132
13340.28, 2131
13350.12, 2130
13352.89, 2129
13354.94, 2128
13360.25, 2127
13363.84, 2126
13367.82, 2125
13390.31, 2124
13406.09, 2123
13416.5, 2122
13421.67, 2121
13433.54, 2120
13442.6, 2119
13450.72, 2118
13473.06, 2117
13474.8, 2116
13506.1, 2115
13509.47, 2114
13539.28, 2113
13541.5, 2112
13554.02, 2111
13571.62, 2110
13579.26, 2109
13588.94, 2108
13608.06, 2107
13635.02, 2106
13638.2, 2105
13640.8, 2104
13647.0, 2103
13647.89, 2102
13652.98, 2101
13659.42, 2100
13667.02, 2099
13671.9, 2098
13677.7, 2097
13682.03, 2096
13685.1, 2095
13697.72, 2094
13698.65, 2093
13707.64, 2092
13712.61, 2091
13715.42, 2090
13722.37, 2089
13733.68, 2088
13733.73, 2087
13737.21, 2086
13748.85, 2085
13752.6, 2084
13754.19, 2083
13760.11, 2082
13763.79, 2081
13767.78, 2080
13819.76, 2079
13823.74, 2078
13830.86, 2077
13894.17, 2076
13899.66, 2075
13902.38, 2074
13906.75, 2073
13913.63, 2072
13926.19, 2071
13938.01, 2070
13987.66, 2069
13989.35, 2068
14000.6, 2067
14010.05, 2066
14030.96, 2065
14039.57, 2064
14054.83, 2063
14057.55, 2062
14060.02, 2061
14098.76, 2060
14108.28, 2059
14123.66, 2058
14135.07, 2057
14139.35, 2056
14145.02, 2055
14157.64, 2054
14161.84, 2053
14169.75, 2052
14186.13, 2051
14191.17, 2050
14210.16, 2049
14215.64, 2048
14219.56, 2047
14227.68, 2046
14238.99, 2045
14255.96, 2044
14265.07, 2043
14293.49, 2042
14300.28, 2041
14305.41, 2040
14308.31, 2039
14315.3, 2038
14317.94, 2037
14332.93, 2036
14335.48, 2035
14341.23, 2034
14347.77, 2033
14349.64, 2032
14353.07, 2031
14372.48, 2030
14382.91, 2029
14390.76, 2028
14391.73, 2027
14399.84, 2026
14436.49, 2025
14451.72, 2024
14463.7, 2023
14477.82, 2022
14498.07, 2021
14515.49, 2020
14519.48, 2019
14528.16, 2018
14530.09, 2017
14535.36, 2016
14544.36, 2015
14552.73, 2014
14561.36, 2013
14601.91, 2012
14605.99, 2011
14611.05, 2010
14612.62, 2009
14619.43, 2008
14626.26, 2007
14639.89, 2006
14640.83, 2005
14646.41, 2004
14679.53, 2003
14684.36, 2002
14685.95, 2001
14691.79, 2000
14698.28, 1999
14699.23, 1998
14748.75, 1997
14766.67, 1996
14774.06, 1995
14783.32, 1994
14787.24, 1993
14790.77, 1992
14794.26, 1991
14798.73, 1990
14801.37, 1989
14804.35, 1988
14817.42, 1987
14843.73, 1986
14860.99, 1985
14864.39, 1984
14878.51, 1983
14882.57, 1982
14887.39, 1981
14896.07, 1980
14915.28, 1979
14915.39, 1978
14915.41, 1977
14926.89, 1976
14936.66, 1975
14937.82, 1974
14971.36, 1973
14976.05, 1972
14987.05, 1971
15006.78, 1970
15011.49, 1969
15015.59, 1968
15030.61, 1967
15030.71, 1966
15039.36, 1965
15044.99, 1964
15046.05, 1963
15056.97, 1962
15060.12, 1961
15064.18, 1960
15070.01, 1959
15084.02, 1958
15084.97, 1957
15089.27, 1956
15118.84, 1955
15148.27, 1954
15164.12, 1953
15182.1, 1952
15185.95, 1951
15206.24, 1950
15233.5, 1949
15234.34, 1948
15241.57, 1947
15244.86, 1946
15257.71, 1945
15267.12, 1944
15270.32, 1943
15274.07, 1942
15298.84, 1941
15303.76, 1940
15322.05, 1939
15340.34, 1938
15372.13, 1937
15375.95, 1936
15390.91, 1935
15405.85, 1934
15407.46, 1933
15410.45, 1932
15417.51, 1931
15420.48, 1930
15427.23, 1929
15434.35, 1928
15435.33, 1927
15448.55, 1926
15449.88, 1925
15462.25, 1924
15467.72, 1923
15468.98, 1922
15479.29, 1921
15480.29, 1920
15482.84, 1919
15491.67, 1918
15502.56, 1917
15505.38, 1916
15507.34, 1915
15514.55, 1914
15515.52, 1913
15520.74, 1912
15530.01, 1911
15574.16, 1910
15581.04, 1909
15581.97, 1908
15615.47, 1907
15634.62, 1906
15660.41, 1905
15666.33, 1904
15679.7, 1903
15684.48, 1902
15697.58, 1901
15714.98, 1900
15746.43, 1899
15753.73, 1898
15757.95, 1897
15763.14, 1896
15768.99, 1895
15774.35, 1894
15780.27, 1893
15784.21, 1892
15786.87, 1891
15797.47, 1890
15798.44, 1889
15806.94, 1888
15808.22, 1887
15829.79, 1886
15832.26, 1885
15834.27, 1884
15907.02, 1883
15909.98, 1882
15914.82, 1881
15918.62, 1880
15924.12, 1879
15933.77, 1878
15942.79, 1877
15950.97, 1876
15962.75, 1875
15983.05, 1874
15985.67, 1873
15989.18, 1872
16033.97, 1871
16046.94, 1870
16063.67, 1869
16072.19, 1868
16077.07, 1867
16089.77, 1866
16106.31, 1865
16108.36, 1864
16117.52, 1863
16120.34, 1862
16128.5, 1861
16131.55, 1860
16134.38, 1859
16137.67, 1858
16146.6, 1857
16151.15, 1856
16157.95, 1855
16161.59, 1854
16171.41, 1853
16172.37, 1852
16180.2, 1851
16196.75, 1850
16197.79, 1849
16231.96, 1848
16256.69, 1847
16261.3, 1846
16265.25, 1845
16305.57, 1844
16321.81, 1843
16340.01, 1842
16352.9, 1841
16371.02, 1840
16384.8, 1839
16402.97, 1838
16424.76, 1837
16429.68, 1836
16440.64, 1835
16447.1, 1834
16450.79, 1833
16457.38, 1832
16461.53, 1831
16466.96, 1830
16472.8, 1829
16478.45, 1828
16483.61, 1827
16503.92, 1826
16507.04, 1825
16516.95, 1824
16539.26, 1823
16556.37, 1822
16561.43, 1821
16601.03, 1820
16610.37, 1819
16615.07, 1818
16625.2, 1817
16628.79, 1816
16640.49, 1815
16674.76, 1814
16688.1, 1813
16699.15, 1812
16707.36, 1811
16712.79, 1810
16713.28, 1809
16718.9, 1808
16723.31, 1807
16725.03, 1806
16730.35, 1805
16739.46, 1804
16744.8, 1803
16760.37, 1802
16778.94, 1801
16803.69, 1800
16806.79, 1799
16812.99, 1798
16820.52, 1797
16834.31, 1796
16840.41, 1795
16843.79, 1794
16851.34, 1793
16874.97, 1792
16882.35, 1791
16919.9, 1790
16924.92, 1789
16927.92, 1788
16947.23, 1787
16968.19, 1786
16972.53, 1785
16996.13, 1784
17018.65, 1783
17024.94, 1782
17031.35, 1781
17034.41, 1780
17041.62, 1779
17049.33, 1778
17055.15, 1777
17057.22, 1776
17068.12, 1775
17071.06, 1774
17075.19, 1773
17083.96, 1772
17086.67, 1771
17090.73, 1770
17098.76, 1769
17102.73, 1768
17108.38, 1767
17123.97, 1766
17142.28, 1765
17151.15, 1764
17152.16, 1763
17178.52, 1762
17197.67, 1761
17198.12, 1760
17199.06, 1759
17204.05, 1758
17205.7, 1757
17212.8, 1756
17213.76, 1755
17230.22, 1754
17254.83, 1753
17271.29, 1752
17303.87, 1751
17322.48, 1750
17327.97, 1749
17332.85, 1748
17338.04, 1747
17350.72, 1746
17358.21, 1745
17382.69, 1744
17394.75, 1743
17404.19, 1742
17409.31, 1741
17411.86, 1740
17417.46, 1739
17426.24, 1738
17440.8, 1737
17447.62, 1736
17448.05, 1735
17452.09, 1734
17455.96, 1733
17460.02, 1732
17463.46, 1731
17476.83, 1730
17481.27, 1729
17511.74, 1728
17551.89, 1727
17564.28, 1726
17617.8, 1725
17618.62, 1724
17622.51, 1723
17634.33, 1722
17635.15, 1721
17639.32, 1720
17648.02, 1719
17650.86, 1718
17652.32, 1717
17666.59, 1716
17669.71, 1715
17689.57, 1714
17700.67, 1713
17701.46, 1712
17702.42, 1711
17703.32, 1710
17704.24, 1709
17713.15, 1708
17790.75, 1707
17869.69, 1706
17895.68, 1705
17898.83, 1704
17904.16, 1703
17912.72, 1702
17913.65, 1701
17920.62, 1700
17924.36, 1699
17934.44, 1698
17961.15, 1697
17961.29, 1696
17961.32, 1695
17970.28, 1694
17971.94, 1693
17979.59, 1692
17981.29, 1691
17990.26, 1690
17991.27, 1689
18006.27, 1688
18007.9, 1687
18018.98, 1686
18022.97, 1685
18027.72, 1684
18060.88, 1683
18108.17, 1682
18111.81, 1681
18117.81, 1680
18140.44, 1679
18153.55, 1678
18153.82, 1677
18154.75, 1676
18155.73, 1675
18163.7, 1674
18168.55, 1673
18195.01, 1672
18207.16, 1671
18289.69, 1670
18305.29, 1669
18337.9, 1668
18365.33, 1667
18374.15, 1666
18382.82, 1665
18407.51, 1664
18417.8, 1663
18435.06, 1662
18447.67, 1661
18452.15, 1660
18457.7, 1659
18501.48, 1658
18505.76, 1657
18513.33, 1656
18519.18, 1655
18524.43, 1654
18532.36, 1653
18553.51, 1652
18559.51, 1651
18634.88, 1650
18646.74, 1649
18652.39, 1648
18656.0, 1647
18668.4, 1646
18672.46, 1645
18679.21, 1644
18683.38, 1643
18689.29, 1642
18691.21, 1641
18717.48, 1640
18718.36, 1639
18719.6, 1638
18736.2, 1637
18737.06, 1636
18737.99, 1635
18775.22, 1634
18804.94, 1633
18812.66, 1632
18832.16, 1631
18848.99, 1630
18933.56, 1629
18934.36, 1628
18938.08, 1627
18953.25, 1626
18960.11, 1625
18965.32, 1624
18967.96, 1623
19017.22, 1622
19023.78, 1621
19030.69, 1620
19039.25, 1619
19051.47, 1618
19061.74, 1617
19117.81, 1616
19118.95, 1615
19119.85, 1614
19120.77, 1613
19129.52, 1612
19130.49, 1611
19135.91, 1610
19145.68, 1609
19152.95, 1608
19155.55, 1607
19165.75, 1606
19170.67, 1605
19190.29, 1604
19235.51, 1603
19237.29, 1602
19252.37, 1601
19253.28, 1600
19256.98, 1599
19262.32, 1598
19269.72, 1597
19272.09, 1596
19285.03, 1595
19434.19, 1594
19440.9, 1593
19446.32, 1592
19448.96, 1591
19457.44, 1590
19463.65, 1589
19466.22, 1588
19472.57, 1587
19478.16, 1586
19482.29, 1585
19486.07, 1584
19501.0, 1583
19504.63, 1582
19517.55, 1581
19522.09, 1580
19532.42, 1579
19535.66, 1578
19536.69, 1577
19541.38, 1576
19549.96, 1575
19630.65, 1574
19631.6, 1573
19632.54, 1572
19633.46, 1571
19634.36, 1570
19653.22, 1569
19671.36, 1568
19676.93, 1567
19696.95, 1566
19700.76, 1565
19708.24, 1564
19713.85, 1563
19713.97, 1562
19713.99, 1561
19721.13, 1560
19740.81, 1559
19741.79, 1558
19755.31, 1557
19766.17, 1556
19767.12, 1555
19792.14, 1554
19793.01, 1553
19795.31, 1552
19795.42, 1551
19795.77, 1550
19834.38, 1549
19861.6, 1548
19861.65, 1547
19861.66, 1546
19881.92, 1545
19884.85, 1544
19906.83, 1543
19918.21, 1542
19918.29, 1541
19918.31, 1540
19918.33, 1539
19918.35, 1538
19920.11, 1537
19987.91, 1536
20051.11, 1535
20068.8, 1534
20083.1, 1533
20088.75, 1532
20093.41, 1531
20098.34, 1530
20103.55, 1529
20120.7, 1528
20125.87, 1527
20139.18, 1526
20145.19, 1525
20148.3, 1524
20161.48, 1523
20166.42, 1522
20167.48, 1521
20222.06, 1520
20223.04, 1519
20232.43, 1518
20234.66, 1517
20239.17, 1516
20250.31, 1515
20251.19, 1514
20252.1, 1513
20256.31, 1512
20269.59, 1511
20274.96, 1510
20283.79, 1509
20290.06, 1508
20330.64, 1507
20344.15, 1506
20464.67, 1505
20468.1, 1504
20494.98, 1503
20507.3, 1502
20508.04, 1501
20536.37, 1500
20566.1, 1499
20568.8, 1498
20589.76, 1497
20593.02, 1496
20607.83, 1495
20623.5, 1494
20636.01, 1493
20638.36, 1492
20656.76, 1491
20673.19, 1490
20677.09, 1489
20685.13, 1488
20690.89, 1487
20698.21, 1486
20699.19, 1485
20706.2, 1484
20712.88, 1483
20739.24, 1482
20754.23, 1481
20762.83, 1480
20765.57, 1479
20768.24, 1478
20774.21, 1477
20781.46, 1476
20799.54, 1475
20808.35, 1474
20825.05, 1473
20933.92, 1472
20947.73, 1471
20950.57, 1470
20954.99, 1469
20960.25, 1468
20975.76, 1467
20988.07, 1466
21005.9, 1465
21033.63, 1464
21047.8, 1463
21057.41, 1462
21066.37, 1461
21074.04, 1460
21103.51, 1459
21117.7, 1458
21148.3, 1457
21155.85, 1456
21157.85, 1455
21167.1, 1454
21173.37, 1453
21199.96, 1452
21234.9, 1451
21239.83, 1450
21251.28, 1449
21265.92, 1448
21272.87, 1447
21292.72, 1446
21304.83, 1445
21307.89, 1444
21317.13, 1443
21320.91, 1442
21331.54, 1441
21335.85, 1440
21346.37, 1439
21350.23, 1438
21355.7, 1437
21386.46, 1436
21401.2, 1435
21411.67, 1434
21452.95, 1433
21459.45, 1432
21489.24, 1431
21508.24, 1430
21524.09, 1429
21533.4, 1428
21571.67, 1427
21577.6, 1426
21578.76, 1425
21584.25, 1424
21586.4, 1423
21592.75, 1422
21613.5, 1421
21614.49, 1420
21620.95, 1419
21631.55, 1418
21632.09, 1417
21640.78, 1416
21643.09, 1415
21646.55, 1414
21674.94, 1413
21691.1, 1412
21733.35, 1411
21737.6, 1410
21743.62, 1409
21750.02, 1408
21752.36, 1407
21759.29, 1406
21771.38, 1405
21780.42, 1404
21786.72, 1403
21791.2, 1402
21805.99, 1401
21832.85, 1400
21841.69, 1399
21923.77, 1398
21928.51, 1397
21950.83, 1396
21957.74, 1395
21981.36, 1394
21997.25, 1393
22013.78, 1392
22016.73, 1391
22018.06, 1390
22025.51, 1389
22034.26, 1388
22038.75, 1387
22050.76, 1386
22063.3, 1385
22080.54, 1384
22167.89, 1383
22187.06, 1382
22199.49, 1381
22201.74, 1380
22212.0, 1379
22212.85, 1378
22221.34, 1377
22228.0, 1376
22289.18, 1375
22297.81, 1374
22324.35, 1373
22331.96, 1372
22352.3, 1371
22369.88, 1370
22380.3, 1369
22381.23, 1368
22396.71, 1367
22397.38, 1366
22405.81, 1365
22416.36, 1364
22417.29, 1363
22436.93, 1362
22460.09, 1361
22460.21, 1360
22483.27, 1359
22484.28, 1358
22495.65, 1357
22508.16, 1356
22513.17, 1355
22513.87, 1354
22524.08, 1353
22549.81, 1352
22565.44, 1351
22584.52, 1350
22600.19, 1349
22601.07, 1348
22602.19, 1347
22633.94, 1346
22638.57, 1345
22655.89, 1344
22656.88, 1343
22666.97, 1342
22672.98, 1341
22702.84, 1340
22702.94, 1339
22717.63, 1338
22718.55, 1337
22733.5, 1336
22738.96, 1335
22754.09, 1334
22755.05, 1333
22763.24, 1332
22774.68, 1331
22786.89, 1330
22791.56, 1329
22802.17, 1328
22806.48, 1327
22816.98, 1326
22820.98, 1325
22832.75, 1324
22835.02, 1323
22900.11, 1322
22902.08, 1321
22908.37, 1320
22957.06, 1319
22957.96, 1318
22964.8, 1317
22984.05, 1316
22985.12, 1315
22985.82, 1314
22994.66, 1313
22995.98, 1312
22999.28, 1311
23016.6, 1310
23020.32, 1309
23057.42, 1308
23066.67, 1307
23067.69, 1306
23079.99, 1305
23080.82, 1304
23085.88, 1303
23099.22, 1302
23116.4, 1301
23117.48, 1300
23123.21, 1299
23134.7, 1298
23138.47, 1297
23142.92, 1296
23167.65, 1295
23170.54, 1294
23181.22, 1293
23187.67, 1292
23188.57, 1291
23201.02, 1290
23221.88, 1289
23221.94, 1288
23222.42, 1287
23231.78, 1286
23232.8, 1285
23254.36, 1284
23254.42, 1283
23262.55, 1282
23263.71, 1281
23307.68, 1280
23317.09, 1279
23333.85, 1278
23351.48, 1277
23354.43, 1276
23360.57, 1275
23388.88, 1274
23400.41, 1273
23454.33, 1272
23454.46, 1271
23520.08, 1270
23520.15, 1269
23520.16, 1268
23530.3, 1267
23546.89, 1266
23547.76, 1265
23552.3, 1264
23560.61, 1263
23567.52, 1262
23580.54, 1261
23605.99, 1260
23606.95, 1259
23617.71, 1258
23639.58, 1257
23639.69, 1256
23639.71, 1255
23641.32, 1254
23649.23, 1253
23658.28, 1252
23688.51, 1251
23694.98, 1250
23704.67, 1249
23714.57, 1248
23737.76, 1247
23738.7, 1246
23804.8, 1245
23810.71, 1244
23814.74, 1243
23816.27, 1242
23820.71, 1241
23821.65, 1240
23833.11, 1239
23838.35, 1238
23847.33, 1237
23854.59, 1236
23856.33, 1235
23866.57, 1234
23877.16, 1233
23901.57, 1232
23918.03, 1231
23939.97, 1230
23950.33, 1229
23970.37, 1228
23971.31, 1227
23987.46, 1226
24006.95, 1225
24018.35, 1224
24034.53, 1223
24035.45, 1222
24058.6, 1221
24107.95, 1220
24116.62, 1219
24130.31, 1218
24173.13, 1217
24184.17, 1216
24207.47, 1215
24214.99, 1214
24216.53, 1213
24228.83, 1212
24252.77, 1211
24253.77, 1210
24262.9, 1209
24290.05, 1208
24296.16, 1207
24308.26, 1206
24338.9, 1205
24339.32, 1204
24345.81, 1203
24382.9, 1202
24384.27, 1201
24384.66, 1200
24391.28, 1199
24396.79, 1198
24404.91, 1197
24449.1, 1196
24462.19, 1195
24467.31, 1194
24492.63, 1193
24508.48, 1192
24519.49, 1191
24526.99, 1190
24532.93, 1189
24541.57, 1188
24557.23, 1187
24561.9, 1186
24570.57, 1185
24584.34, 1184
24601.12, 1183
24606.19, 1182
24624.53, 1181
24629.99, 1180
24635.99, 1179
24651.31, 1178
24674.59, 1177
24680.79, 1176
24689.1, 1175
24700.7, 1174
24731.2, 1173
24767.37, 1172
24773.67, 1171
24787.93, 1170
24837.3, 1169
24837.41, 1168
24837.43, 1167
24865.05, 1166
24865.15, 1165
24865.34, 1164
24888.62, 1163
24911.71, 1162
24922.72, 1161
24932.37, 1160
24937.22, 1159
24951.67, 1158
24963.56, 1157
24970.02, 1156
24989.34, 1155
25011.92, 1154
25048.94, 1153
25051.67, 1152
25054.73, 1151
25055.43, 1150
25056.83, 1149
25073.49, 1148
25078.92, 1147
25083.23, 1146
25098.86, 1145
25099.75, 1144
25102.76, 1143
25164.12, 1142
25164.92, 1141
25188.45, 1140
25201.95, 1139
25202.07, 1138
25223.28, 1137
25241.42, 1136
25244.38, 1135
25250.1, 1134
25263.9, 1133
25269.05, 1132
25274.73, 1131
25284.97, 1130
25302.58, 1129
25303.98, 1128
25304.55, 1127
25683.67, 1126
25769.0, 1125
25801.31, 1124
25801.43, 1123
25803.4, 1122
25804.31, 1121
25805.25, 1120
25821.93, 1119
25829.38, 1118
25837.71, 1117
25895.27, 1116
25895.37, 1115
25902.33, 1114
25904.81, 1113
25905.71, 1112
25915.16, 1111
25922.34, 1110
25925.38, 1109
25949.95, 1108
25955.17, 1107
25961.5, 1106
25962.91, 1105
25979.06, 1104
25981.58, 1103
25984.39, 1102
26049.55, 1101
26053.37, 1100
26066.82, 1099
26084.13, 1098
26085.1, 1097
26088.36, 1096
26146.81, 1095
26155.6, 1094
26182.36, 1093
26189.79, 1092
26194.71, 1091
26211.82, 1090
26212.8, 1089
26213.64, 1088
26230.66, 1087
26233.71, 1086
26255.43, 1085
26255.72, 1084
26256.7, 1083
26265.71, 1082
