5739.45, 9591
5745.28, 9587
5751.13, 9453
5758.36, 9450
5766.65, 9449
5769.42, 9317
5777.53, 9316
5783.94, 9315
5790.51, 9314
5793.5, 9313
5799.06, 9312
5806.46, 9183
5811.95, 9181
5819.86, 9180
5875.82, 9179
5910.16, 9178
5922.0, 9177
5928.36, 9176
5934.65, 9051
5940.03, 9048
5946.18, 9047
5952.68, 9046
5960.73, 9045
5965.17, 9044
5971.69, 9043
5978.82, 9042
5983.0, 9041
6000.13, 8921
6028.52, 8917
6055.93, 8915
6067.63, 8914
6084.37, 8913
6092.37, 8912
6105.01, 8911
6117.37, 8910
6135.17, 8909
6145.51, 8908
6154.61, 8907
6182.99, 8793
6189.65, 8788
6197.88, 8785
6199.58, 8784
6211.16, 8782
6213.23, 8781
6219.75, 8780
6229.6, 8779
6231.7, 8778
6253.43, 8777
6262.6, 8776
6288.16, 8775
6300.27, 8774
6315.14, 8667
6323.13, 8661
6333.43, 8657
6335.51, 8656
6351.97, 8655
6371.77, 8653
6389.48, 8652
6407.65, 8651
6419.7, 8650
6436.0, 8649
6457.25, 8648
6472.54, 8647
6477.48, 8646
6497.75, 8645
6513.12, 8644
6532.3, 8643
6532.32, 8642
6542.59, 8543
6548.02, 8536
6555.69, 8531
6560.91, 8530
6567.91, 8528
6578.17, 8526
6579.75, 8525
6587.54, 8524
6619.83, 8523
6625.66, 8522
6631.36, 8521
6643.48, 8520
6646.98, 8519
6682.1, 8518
6698.63, 8517
6705.19, 8516
6715.96, 8515
6729.86, 8514
6744.87, 8513
6766.9, 8512
6768.95, 8511
6784.9, 8421
6788.71, 8413
6797.82, 8407
6804.89, 8406
6813.07, 8403
6815.31, 8401
6819.79, 8400
6836.35, 8398
6838.7, 8397
6878.8, 8396
6888.38, 8395
6901.4, 8394
6917.38, 8393
6919.45, 8392
6927.98, 8391
6936.81, 8390
6942.1, 8389
6947.85, 8388
6956.91, 8387
6961.73, 8386
6966.81, 8385
7018.15, 8384
7036.92, 8383
7051.35, 8382
7059.93, 8381
7095.19, 8301
7106.44, 8292
7116.42, 8285
7125.52, 8284
7139.66, 8280
7152.35, 8278
7165.75, 8277
7186.89, 8274
7196.97, 8273
7209.35, 8272
7213.13, 8271
7229.77, 8270
7245.58, 8269
7268.69, 8268
7270.72, 8267
7289.43, 8266
7315.64, 8265
7334.11, 8264
7340.62, 8263
7350.38, 8262
7359.26, 8261
7362.47, 8260
7367.76, 8259
7376.29, 8258
7379.11, 8257
7579.34, 8256
7606.26, 8255
7616.88, 8254
7621.12, 8253
7623.16, 8183
7629.21, 8173
7639.67, 8165
7649.67, 8164
7653.81, 8159
7666.82, 8157
7674.0, 8156
7689.82, 8155
7692.25, 8152
7694.41, 8151
7697.95, 8150
7709.22, 8149
7717.32, 8148
7727.16, 8147
7741.17, 8146
7749.97, 8145
7755.35, 8144
7763.17, 8143
7772.12, 8142
7785.14, 8141
7785.2, 8140
7820.34, 8139
7823.71, 8138
7838.33, 8137
7852.52, 8136
7854.26, 8135
7862.47, 8134
7894.04, 8133
7907.94, 8132
7924.3, 8131
7954.25, 8130
7970.78, 8129
7980.59, 8128
7992.62, 8127
8011.47, 8126
8032.56, 8125
8044.3, 8124
8064.7, 8067
8066.65, 8056
8072.1, 8047
8080.87, 8046
8084.35, 8040
8093.48, 8038
8095.84, 8037
8105.37, 8035
8113.08, 8032
8118.57, 8031
8122.72, 8030
8132.22, 8029
8134.18, 8028
8148.17, 8026
8151.93, 8025
8158.93, 8024
8183.54, 8023
8195.65, 8022
8230.94, 8020
8249.13, 8019
8276.34, 8018
8303.88, 8017
8313.1, 8016
8342.63, 8015
8362.1, 8014
8377.23, 8013
8387.29, 8012
8404.88, 8011
8425.15, 8010
8448.29, 8009
8461.15, 8008
8470.55, 8007
8501.78, 8006
8511.98, 8005
8517.72, 8004
8525.54, 8003
8532.54, 8002
8538.62, 8001
8548.18, 8000
8556.61, 7999
8560.43, 7998
8579.51, 7953
8583.12, 7941
8589.51, 7931
8597.28, 7930
8612.74, 7923
8621.9, 7921
8637.54, 7920
8669.6, 7917
8672.14, 7914
8681.35, 7913
8698.29, 7912
8700.21, 7911
8714.63, 7910
8716.47, 7909
8728.31, 7907
8729.93, 7906
8737.79, 7905
8741.21, 7904
8747.81, 7903
8757.39, 7902
8765.41, 7900
8785.59, 7899
8819.51, 7898
8844.65, 7897
8873.11, 7896
8895.9, 7895
8921.99, 7894
8937.3, 7893
8949.27, 7892
8951.17, 7891
8958.18, 7890
8967.07, 7889
8979.15, 7888
9006.68, 7887
9014.62, 7886
9037.48, 7885
9049.92, 7884
9062.26, 7883
9072.01, 7882
9076.89, 7881
9098.55, 7880
9115.66, 7879
9143.83, 7878
9145.78, 7877
9153.57, 7876
9161.8, 7875
9184.23, 7874
9188.73, 7873
9203.87, 7872
9220.71, 7871
9241.26, 7841
9255.21, 7828
9266.42, 7817
9280.68, 7816
9295.97, 7808
9307.65, 7806
9325.29, 7805
9329.52, 7801
9343.73, 7798
9345.93, 7797
9347.85, 7796
9358.27, 7795
9363.52, 7794
9371.64, 7792
9379.17, 7790
9386.92, 7789
9392.31, 7788
9397.86, 7787
9405.02, 7786
9461.2, 7785
9472.02, 7784
9494.46, 7782
9505.4, 7781
9519.41, 7780
9530.91, 7779
9542.97, 7778
9577.66, 7777
9594.87, 7776
9605.21, 7775
9619.57, 7774
9632.34, 7773
9663.32, 7772
9672.13, 7771
9691.97, 7770
9697.8, 7769
9709.1, 7768
9721.6, 7767
9733.89, 7766
9741.74, 7765
9756.82, 7764
9761.83, 7763
9767.56, 7762
9777.91, 7761
9780.28, 7760
9785.47, 7759
9797.71, 7758
9806.07, 7757
9819.44, 7756
9822.46, 7755
9834.36, 7754
9836.29, 7753
9845.21, 7752
9896.12, 7751
9897.96, 7750
9909.74, 7749
9921.71, 7748
9923.48, 7747
9929.61, 7746
9955.51, 7731
9957.62, 7717
9959.61, 7705
9969.42, 7704
9976.34, 7695
9980.45, 7693
9984.21, 7692
9996.28, 7687
10023.46, 7684
10067.02, 7683
10079.61, 7682
10096.36, 7681
10121.23, 7680
10148.15, 7677
10162.47, 7675
10183.05, 7674
10210.07, 7673
10215.62, 7672
10238.31, 7671
10260.01, 7669
10289.01, 7668
10295.89, 7666
10305.42, 7665
10312.78, 7664
10321.84, 7663
10341.69, 7662
10351.58, 7661
10361.58, 7660
10370.45, 7659
10376.11, 7658
10388.69, 7657
10396.19, 7656
10407.86, 7655
10409.01, 7654
10421.91, 7653
10471.1, 7652
10472.02, 7651
10484.74, 7650
10485.81, 7649
10495.38, 7648
10497.38, 7647
10527.65, 7646
10554.45, 7645
10564.46, 7644
10579.85, 7643
10595.47, 7642
10605.37, 7641
10621.19, 7640
10626.39, 7639
10636.59, 7638
10638.51, 7637
10662.91, 7636
10685.07, 7635
10693.38, 7634
10699.7, 7633
10709.41, 7632
10720.31, 7631
10745.54, 7630
10773.96, 7629
10790.86, 7628
10796.51, 7627
10815.92, 7626
10868.27, 7625
10883.7, 7624
10896.74, 7623
10943.53, 7608
10948.72, 7595
10959.32, 7594
10969.79, 7584
10976.03, 7582
10999.04, 7581
11023.31, 7575
11039.97, 7572
11057.75, 7571
11069.17, 7570
11071.26, 7569
11078.62, 7568
11087.97, 7564
11097.28, 7562
11100.15, 7561
11106.73, 7560
11114.89, 7559
11118.03, 7558
11132.19, 7555
11160.86, 7554
11192.1, 7552
11213.98, 7551
11228.78, 7550
11245.8, 7549
11260.5, 7548
11281.49, 7546
11293.33, 7545
11317.8, 7544
11323.46, 7543
11331.39, 7542
11341.86, 7541
11349.69, 7540
11357.92, 7539
11389.55, 7538
11396.0, 7537
11419.09, 7536
11444.82, 7535
11468.14, 7534
11485.08, 7533
11500.24, 7532
11502.25, 7531
11512.68, 7530
11527.5, 7529
11534.47, 7528
11535.89, 7527
11544.8, 7526
11551.25, 7525
11555.49, 7524
11561.58, 7523
11581.45, 7522
11587.56, 7521
11589.57, 7520
11597.06, 7519
11603.3, 7518
11629.33, 7517
11650.99, 7516
11678.62, 7515
11700.91, 7514
11708.72, 7513
11721.13, 7512
11733.15, 7511
11735.14, 7510
11744.27, 7509
11756.82, 7508
11760.39, 7507
11767.92, 7506
11776.1, 7505
11783.06, 7504
11818.74, 7503
11850.46, 7502
11864.58, 7501
11866.1, 7500
11872.1, 7499
11900.05, 7487
11901.84, 7486
11928.71, 7475
11954.05, 7473
11962.37, 7472
11980.26, 7465
11992.3, 7462
11997.29, 7461
12009.13, 7460
12013.69, 7459
12019.18, 7458
12026.95, 7457
12031.15, 7453
12036.95, 7451
12042.63, 7450
12065.69, 7449
12072.8, 7448
12087.49, 7447
12098.11, 7446
12123.53, 7443
12140.81, 7442
12159.93, 7440
12169.72, 7439
12171.75, 7438
12173.76, 7437
12184.52, 7436
12199.24, 7435
12202.04, 7433
12204.07, 7432
12213.6, 7431
12218.39, 7430
12239.02, 7429
12275.03, 7428
12300.38, 7427
12312.92, 7426
12349.51, 7425
12361.49, 7424
12370.76, 7423
12385.89, 7422
12389.85, 7421
12396.07, 7420
12404.17, 7419
12409.1, 7418
12414.89, 7417
12444.86, 7416
12466.74, 7415
12479.15, 7414
12487.79, 7413
12502.11, 7412
12505.19, 7411
12507.96, 7410
12521.44, 7409
12542.47, 7408
12594.47, 7407
12607.3, 7406
12609.35, 7405
12621.68, 7404
12623.68, 7403
12629.62, 7402
12647.71, 7401
12654.83, 7400
12658.16, 7399
12681.9, 7398
12692.01, 7397
12700.96, 7396
12733.28, 7395
12758.83, 7394
12779.89, 7393
12785.56, 7392
12794.82, 7391
12805.65, 7390
12814.59, 7389
12822.26, 7388
12824.24, 7387
12836.7, 7386
12845.98, 7385
12861.7, 7384
12882.6, 7383
12892.4, 7382
12910.8, 7381
12918.78, 7380
12929.09, 7379
12933.12, 7378
12941.5, 7377
12964.23, 7368
12973.0, 7366
13017.02, 7365
13027.85, 7357
13052.34, 7354
13054.21, 7353
13056.23, 7352
13074.16, 7351
13079.5, 7350
13081.06, 7348
13083.32, 7344
13088.83, 7342
13097.94, 7341
13116.83, 7340
13142.3, 7339
13144.33, 7338
13161.76, 7336
13167.72, 7333
13172.17, 7332
13180.15, 7330
13187.27, 7329
13201.06, 7328
13203.76, 7327
13205.79, 7326
13213.17, 7325
13222.62, 7324
13232.95, 7322
13280.8, 7321
13304.81, 7320
13306.79, 7319
13314.01, 7318
13319.45, 7317
13326.64, 7316
13331.09, 7315
13348.81, 7314
13354.84, 7313
13363.53, 7312
13365.46, 7311
13380.91, 7310
13392.38, 7309
13394.42, 7308
13401.95, 7307
13407.7, 7306
13449.9, 7305
13474.3, 7304
13476.32, 7303
13486.82, 7302
13495.53, 7301
13499.07, 7300
13506.99, 7299
13512.67, 7298
13521.6, 7297
13526.32, 7296
13538.66, 7295
13542.13, 7294
13558.32, 7293
13596.25, 7292
13607.49, 7291
13641.51, 7290
13649.15, 7289
13680.93, 7288
13698.62, 7287
13706.76, 7286
13712.12, 7285
13737.76, 7284
13747.8, 7283
13753.71, 7282
13761.7, 7281
13778.46, 7280
13819.4, 7279
13823.05, 7278
13832.35, 7277
13838.29, 7276
13848.93, 7275
13878.29, 7274
13900.07, 7273
13912.44, 7272
13920.61, 7271
13923.58, 7270
13938.1, 7269
13947.34, 7268
13951.36, 7267
13961.35, 7266
13963.4, 7265
13974.9, 7264
13981.73, 7263
13996.51, 7262
14019.5, 7261
14061.38, 7260
14090.2, 7259
14099.46, 7258
14108.82, 7257
14147.91, 7251
14150.93, 7248
14161.48, 7247
14163.61, 7246
14169.98, 7245
14179.58, 7244
14185.96, 7241
14196.0, 7237
14203.25, 7235
14207.59, 7234
14215.53, 7233
14224.05, 7232
14226.03, 7231
14245.81, 7228
14254.01, 7225
14256.0, 7224
14266.42, 7222
14275.38, 7221
14287.85, 7220
14290.69, 7219
14303.37, 7218
14329.04, 7217
14339.16, 7216
14344.13, 7215
14348.05, 7213
14348.09, 7212
14370.4, 7211
14375.95, 7210
14383.02, 7209
14393.51, 7208
14405.09, 7207
14407.09, 7206
14419.81, 7205
14433.76, 7204
14448.03, 7203
14463.64, 7202
14465.7, 7201
14473.77, 7200
14493.58, 7199
14499.54, 7198
14514.84, 7197
14518.78, 7196
14533.79, 7195
14540.29, 7194
14549.39, 7193
14557.21, 7192
14559.35, 7191
14584.09, 7190
14586.11, 7189
14588.07, 7188
14598.02, 7187
14615.66, 7186
14617.68, 7185
14622.27, 7184
14638.3, 7183
14648.4, 7182
14670.56, 7181
14685.79, 7180
14685.84, 7179
14709.24, 7178
14711.54, 7177
14714.15, 7176
14738.74, 7175
14753.56, 7174
14767.77, 7173
14769.65, 7172
14778.31, 7171
14784.75, 7170
14790.05, 7169
14798.92, 7168
14807.47, 7167
14823.5, 7166
14829.6, 7165
14850.43, 7164
14861.89, 7163
14880.77, 7162
14892.41, 7161
14905.21, 7160
14914.65, 7159
14927.81, 7158
14939.53, 7157
14951.46, 7156
14956.17, 7155
14974.65, 7154
14977.72, 7153
14990.94, 7152
14999.37, 7151
15009.95, 7150
15014.48, 7149
15032.64, 7148
15034.4, 7147
15042.04, 7146
15070.58, 7145
15082.2, 7144
15099.27, 7143
15109.99, 7142
15126.92, 7141
15135.73, 7140
15157.67, 7139
15169.9, 7138
15178.49, 7137
15190.12, 7136
15232.4, 7132
15242.21, 7130
15256.77, 7129
15258.81, 7128
15266.91, 7127
15269.14, 7126
15282.37, 7122
15288.46, 7119
15316.88, 7118
15333.57, 7116
15334.89, 7115
15350.2, 7114
15355.01, 7113
15375.56, 7112
15377.45, 7110
15382.28, 7109
15387.42, 7108
15396.08, 7106
15407.31, 7105
15420.42, 7104
15423.8, 7103
15429.63, 7102
15449.37, 7101
15451.0, 7100
15458.24, 7099
15492.68, 7098
15623.42, 7097
15632.77, 7096
15634.8, 7095
15639.27, 7094
15641.29, 7093
15649.58, 7092
15655.42, 7091
15661.71, 7090
15672.21, 7089
15677.83, 7088
15682.57, 7087
15695.98, 7086
15704.33, 7085
15710.58, 7084
15714.76, 7083
15723.68, 7082
15733.48, 7081
15739.47, 7080
15746.98, 7079
15761.86, 7078
15767.77, 7077
15769.79, 7076
15782.34, 7075
15795.93, 7074
15799.71, 7073
15804.76, 7072
15820.66, 7071
15829.5, 7070
15831.7, 7069
15853.69, 7068
15855.72, 7067
15882.25, 7066
15905.13, 7065
15907.1, 7064
15918.77, 7063
15923.9, 7062
15931.16, 7061
15936.24, 7060
15948.62, 7059
15954.14, 7058
15966.06, 7057
15970.77, 7056
15983.98, 7055
16000.34, 7054
16023.85, 7053
16025.79, 7052
16031.26, 7051
16040.42, 7050
16050.36, 7049
16083.95, 7048
16087.76, 7047
16103.2, 7046
16108.76, 7045
16121.94, 7044
16131.85, 7043
16135.05, 7042
16171.49, 7041
16173.48, 7040
16186.53, 7039
16207.06, 7038
16235.54, 7037
16240.35, 7036
16255.59, 7035
16255.7, 7034
16275.84, 7033
16286.99, 7032
16291.08, 7031
16316.15, 7030
16316.2, 7029
16317.9, 7028
16333.72, 7027
16346.53, 7026
16360.0, 7025
16362.06, 7024
16373.83, 7023
16387.96, 7022
16401.55, 7021
16416.5, 7020
16421.97, 7019
16432.53, 7018
16472.31, 7015
16484.1, 7014
16498.5, 7012
16500.52, 7011
16511.9, 7010
16527.58, 7009
16529.6, 7008
16543.56, 7005
16550.33, 7004
16565.69, 7003
16567.67, 7001
16575.07, 7000
16583.43, 6999
16588.69, 6998
16597.82, 6997
16608.37, 6996
16618.37, 6995
16625.51, 6994
16650.0, 6992
16659.7, 6991
16678.01, 6990
16691.08, 6989
16693.08, 6988
16698.0, 6987
16718.54, 6986
16723.38, 6985
16732.99, 6984
16740.36, 6983
16751.11, 6982
16773.1, 6981
16789.66, 6980
16811.13, 6979
16820.74, 6978
16831.1, 6977
16833.16, 6976
16848.03, 6975
16858.56, 6974
16865.37, 6973
16871.38, 6972
16883.77, 6971
16891.72, 6970
16893.71, 6969
16906.0, 6968
16926.61, 6967
16936.3, 6966
16943.7, 6965
16951.95, 6964
16969.36, 6963
16973.23, 6962
16982.78, 6961
16989.23, 6960
16992.01, 6959
16997.91, 6958
17035.42, 6957
17055.46, 6956
17059.01, 6955
17070.38, 6954
17078.08, 6953
17085.1, 6952
17093.19, 6951
17099.01, 6950
17102.62, 6949
17127.47, 6948
17135.92, 6947
17143.97, 6946
17151.84, 6945
17171.69, 6944
17184.17, 6943
17188.57, 6942
17206.53, 6941
17221.91, 6940
17236.97, 6939
17258.16, 6938
17270.42, 6937
17289.89, 6936
17297.51, 6935
17300.03, 6934
17306.19, 6933
17312.86, 6932
17324.21, 6931
17331.77, 6930
17355.5, 6929
17357.61, 6928
17359.6, 6927
17378.92, 6926
17393.07, 6925
17405.29, 6924
17413.08, 6923
17433.01, 6922
17435.22, 6921
17456.37, 6920
17458.16, 6919
17467.16, 6918
17497.65, 6917
17506.3, 6916
17525.25, 6915
17531.92, 6914
17542.89, 6913
17549.21, 6912
17561.8, 6911
17568.48, 6910
17583.67, 6909
17607.69, 6908
17625.62, 6907
17632.96, 6906
17639.88, 6905
17654.72, 6904
17656.82, 6903
17673.19, 6902
17682.87, 6901
17705.92, 6900
17759.89, 6898
17767.19, 6897
17774.16, 6896
17779.48, 6895
17788.27, 6894
17796.08, 6893
17809.52, 6892
17818.01, 6891
17843.01, 6890
17851.68, 6888
17861.24, 6887
17877.15, 6886
17893.06, 6885
17904.27, 6884
17914.55, 6883
17934.87, 6882
17936.83, 6881
17949.17, 6880
17955.4, 6879
17962.47, 6878
17972.23, 6877
17987.18, 6876
17995.36, 6875
17999.11, 6874
18008.32, 6873
18025.22, 6872
18036.34, 6871
18038.41, 6870
18051.3, 6869
18054.02, 6868
18060.09, 6867
18075.27, 6866
18093.47, 6865
18100.85, 6864
18107.78, 6863
18118.99, 6862
18137.68, 6861
18138.74, 6860
18144.35, 6859
18153.38, 6858
18165.45, 6857
18176.3, 6856
18177.67, 6855
18195.5, 6854
18201.31, 6853
18223.79, 6852
18252.23, 6851
18263.22, 6850
18271.69, 6849
18277.0, 6848
18282.2, 6847
18298.13, 6846
18300.17, 6845
18321.49, 6844
18324.31, 6843
18335.56, 6842
18348.79, 6841
18355.03, 6840
18394.29, 6839
18396.31, 6838
18398.36, 6837
18409.7, 6836
18416.13, 6835
18427.25, 6834
18435.82, 6833
18451.68, 6832
18453.7, 6831
18487.28, 6830
18489.29, 6829
18499.68, 6828
18515.77, 6827
18517.8, 6826
18528.21, 6825
18559.0, 6824
18560.98, 6823
18585.2, 6822
18608.31, 6821
18622.97, 6820
18638.15, 6819
18640.12, 6818
18649.35, 6817
18651.91, 6816
18661.95, 6815
18687.67, 6814
18689.56, 6813
18704.92, 6812
18728.54, 6811
18738.67, 6810
18744.37, 6809
18759.57, 6808
18762.93, 6807
18777.31, 6806
18791.7, 6805
18804.82, 6804
18810.85, 6803
18826.84, 6802
18851.52, 6801
18872.87, 6800
18896.7, 6799
18912.33, 6798
18918.22, 6797
18920.31, 6796
18922.22, 6795
18953.88, 6794
18958.28, 6793
18971.74, 6792
18983.42, 6791
18991.73, 6790
19008.17, 6789
19019.72, 6788
19039.66, 6787
19040.69, 6786
19053.51, 6785
19069.5, 6784
19079.37, 6783
19091.17, 6782
19151.15, 6781
19152.88, 6780
19154.91, 6779
19162.42, 6778
19196.43, 6777
19197.67, 6776
19204.46, 6775
19221.34, 6774
19233.9, 6773
19235.91, 6772
19246.23, 6771
19259.26, 6770
19263.06, 6769
19268.66, 6768
19287.03, 6767
19306.29, 6766
19320.23, 6765
19321.91, 6764
19337.62, 6763
19339.65, 6762
19351.0, 6761
19370.74, 6760
19384.18, 6759
19392.98, 6758
19407.19, 6757
19423.08, 6756
19424.94, 6755
19434.23, 6754
19458.04, 6753
19468.6, 6752
19470.44, 6751
19487.21, 6750
19488.64, 6749
19498.11, 6748
19530.91, 6747
19531.52, 6746
19540.74, 6745
19552.09, 6744
19558.72, 6743
19573.4, 6742
19586.52, 6741
19594.27, 6740
19596.29, 6739
19618.67, 6738
19624.27, 6737
19639.67, 6736
19657.81, 6735
19698.5, 6734
19704.99, 6733
19707.04, 6732
19709.05, 6731
19724.42, 6730
19738.06, 6729
19740.01, 6728
19756.18, 6727
19762.64, 6726
19777.94, 6725
19811.31, 6724
19824.57, 6723
19826.63, 6722
19828.65, 6721
19831.94, 6720
19859.05, 6719
19870.37, 6718
19876.74, 6717
19878.69, 6716
19880.69, 6715
19921.82, 6714
19932.46, 6713
19937.81, 6712
19955.68, 6711
19957.64, 6710
19977.91, 6709
19989.86, 6708
19990.86, 6707
19997.31, 6706
20007.19, 6705
20015.97, 6704
20035.76, 6703
20037.7, 6702
20056.64, 6701
20058.6, 6700
20070.03, 6699
20078.11, 6698
20089.19, 6697
20118.28, 6696
20118.32, 6695
20129.48, 6694
20137.21, 6693
20139.21, 6692
20148.62, 6691
20192.54, 6690
20200.8, 6689
20213.15, 6688
20224.54, 6687
20226.24, 6686
20241.24, 6685
20261.25, 6684
20287.46, 6683
20289.45, 6682
20291.47, 6681
20323.21, 6680
20326.91, 6679
20344.46, 6678
20353.67, 6677
20355.65, 6676
20375.0, 6675
20380.99, 6674
20387.48, 6673
20404.49, 6672
20440.7, 6671
20442.69, 6670
20444.72, 6669
20468.84, 6668
20470.29, 6667
20487.96, 6666
20543.05, 6665
20545.05, 6664
20553.14, 6663
20563.28, 6662
20572.57, 6661
20574.57, 6660
20586.39, 6659
20607.52, 6658
20609.46, 6657
20612.83, 6656
20621.94, 6655
20638.13, 6654
20645.06, 6653
20647.07, 6652
20671.44, 6651
20692.09, 6650
20694.15, 6649
20698.07, 6648
20703.73, 6647
20727.84, 6646
20741.8, 6645
20743.83, 6644
20754.86, 6643
20773.02, 6642
20792.82, 6641
20801.07, 6640
20808.62, 6639
20820.93, 6638
20829.82, 6637
20845.14, 6636
20854.95, 6635
20855.05, 6634
20875.58, 6633
20886.38, 6632
20888.4, 6631
20890.51, 6630
20905.67, 6629
20926.77, 6628
20940.45, 6627
20952.76, 6626
20958.95, 6625
20961.6, 6624
20972.15, 6623
20998.55, 6622
21000.51, 6621
21017.09, 6620
21034.08, 6619
21069.45, 6618
21069.51, 6617
21082.37, 6616
21084.34, 6615
21104.81, 6614
21107.06, 6613
21108.85, 6612
21121.58, 6611
21123.58, 6610
21162.91, 6609
21191.22, 6608
21199.42, 6607
21204.21, 6606
21209.81, 6605
21220.04, 6604
21224.21, 6603
21252.26, 6602
21256.61, 6601
21271.93, 6600
21280.94, 6599
21282.46, 6598
21293.19, 6597
21312.79, 6596
21324.97, 6595
21330.03, 6594
21343.4, 6593
21347.48, 6592
21357.58, 6591
21377.32, 6590
21395.63, 6589
21423.29, 6588
21425.25, 6587
21433.39, 6586
21446.83, 6585
21475.82, 6584
21477.84, 6583
21479.99, 6582
21505.46, 6581
21509.58, 6580
21515.81, 6579
21520.62, 6578
21553.17, 6577
21556.4, 6576
21600.43, 6575
21602.52, 6574
21624.31, 6573
21637.66, 6572
21644.83, 6571
21652.94, 6570
21654.96, 6569
21674.7, 6568
21676.03, 6567
21690.01, 6566
21708.04, 6565
21720.61, 6564
21735.35, 6563
21738.97, 6562
21756.28, 6561
21775.58, 6560
21788.76, 6559
21805.43, 6558
21823.27, 6557
21839.62, 6556
21844.78, 6555
21861.61, 6554
21865.7, 6553
21868.74, 6552
21921.62, 6551
21929.81, 6550
21934.23, 6549
21954.65, 6548
21962.48, 6547
21971.44, 6546
21986.51, 6545
22005.45, 6544
22019.71, 6543
22020.73, 6542
22035.3, 6541
22051.19, 6540
22061.41, 6539
22069.06, 6538
22090.95, 6537
22103.03, 6536
22105.22, 6535
22124.08, 6534
22130.11, 6533
22139.77, 6532
22142.6, 6531
22169.4, 6530
22177.42, 6529
22191.36, 6528
22206.62, 6527
22208.17, 6526
22222.06, 6525
22245.43, 6524
22252.67, 6523
22256.72, 6522
22261.75, 6521
22266.55, 6520
22272.06, 6519
22305.62, 6518
22307.33, 6517
22326.62, 6516
22341.34, 6515
22349.49, 6514
22369.35, 6513
22374.34, 6512
22376.28, 6511
22384.99, 6510
22409.86, 6509
22422.52, 6508
22439.02, 6507
22455.05, 6506
22462.23, 6505
22487.32, 6504
22493.7, 6503
22496.67, 6502
22516.52, 6501
22518.47, 6500
22529.87, 6499
22538.78, 6498
22552.79, 6497
22559.9, 6496
22568.39, 6495
22582.14, 6494
22601.91, 6493
22619.7, 6492
22639.92, 6491
22641.96, 6490
22656.83, 6489
22674.34, 6488
22690.49, 6487
22699.3, 6486
22708.7, 6485
22741.04, 6484
22743.05, 6483
22757.06, 6482
22765.93, 6481
22772.01, 6480
22782.58, 6479
22805.63, 6478
22807.52, 6477
22835.31, 6476
22854.2, 6475
22877.86, 6474
22879.58, 6473
22888.47, 6472
22902.72, 6471
22926.31, 6470
22934.15, 6469
22950.16, 6468
22954.05, 6467
22965.62, 6466
22975.84, 6465
22991.8, 6464
22993.83, 6463
23005.56, 6462
23007.35, 6461
23040.34, 6460
23059.63, 6459
23082.9, 6458
23094.14, 6457
23259.5, 6456
23263.0, 6455
23264.45, 6454
23266.84, 6453
23272.74, 6452
23281.36, 6451
23300.42, 6450
23305.77, 6449
23321.52, 6448
23323.53, 6447
23335.11, 6446
23354.37, 6445
23356.34, 6444
23358.32, 6443
23374.34, 6442
23376.31, 6441
23399.4, 6440
23401.27, 6439
23403.27, 6438
23454.76, 6437
23456.38, 6436
23491.94, 6435
23504.82, 6434
23506.77, 6433
23510.19, 6432
23559.53, 6431
23565.88, 6430
23565.92, 6429
23565.94, 6428
23589.31, 6427
23589.35, 6426
23590.29, 6425
23606.98, 6424
23632.79, 6423
23632.83, 6422
23641.5, 6421
23647.61, 6420
23673.86, 6419
23695.64, 6418
23722.92, 6417
23724.73, 6416
23733.32, 6415
23750.92, 6414
23756.95, 6413
23774.87, 6412
23789.06, 6411
23800.08, 6410
23822.13, 6409
23833.76, 6408
23857.9, 6407
23864.54, 6406
23868.14, 6405
23873.68, 6404
23875.74, 6403
23900.36, 6402
23913.83, 6401
23913.94, 6400
23956.01, 6399
23957.96, 6398
23988.22, 6397
23999.94, 6396
24014.08, 6395
24014.45, 6394
24019.79, 6393
24024.48, 6392
24085.4, 6391
24087.43, 6390
24103.57, 6389
24109.99, 6388
24111.95, 6387
24121.15, 6386
24138.68, 6385
24141.43, 6384
24169.56, 6383
24171.47, 6382
24236.86, 6381
24238.83, 6380
24240.83, 6379
24247.73, 6378
24259.4, 6377
24259.69, 6376
24272.22, 6375
24288.96, 6374
24293.04, 6373
24310.21, 6372
24310.88, 6371
24322.69, 6370
24343.51, 6369
24349.12, 6368
24372.04, 6367
24372.1, 6366
24391.39, 6365
24432.15, 6364
24432.21, 6363
24432.23, 6362
24470.3, 6361
24479.22, 6360
24479.35, 6359
24490.03, 6358
24505.64, 6357
24507.04, 6356
24509.04, 6355
24553.11, 6354
24553.23, 6353
24556.19, 6352
24557.8, 6351
24597.91, 6350
24599.98, 6349
24641.9, 6348
24644.39, 6347
24653.98, 6346
24672.03, 6345
24688.7, 6344
24704.17, 6343
24763.89, 6342
24763.98, 6341
24776.47, 6340
24784.44, 6339
24800.29, 6338
24817.81, 6337
24838.33, 6336
24871.45, 6335
24873.75, 6334
24903.89, 6333
24903.94, 6332
24917.64, 6331
24918.73, 6330
24927.19, 6329
24944.33, 6328
24972.17, 6327
24996.21, 6326
25017.86, 6325
25038.65, 6324
25076.05, 6323
25114.17, 6322
25137.96, 6321
25143.82, 6320
25152.0, 6319
25157.02, 6318
25158.71, 6317
25165.83, 6316
25174.92, 6315
25175.22, 6314
25202.73, 6313
25204.6, 6312
25206.59, 6311
25235.0, 6310
25242.1, 6309
25248.4, 6308
25251.16, 6307
25283.45, 6306
25286.66, 6305
25299.02, 6304
25303.25, 6303
25354.68, 6302
25369.44, 6301
25382.23, 6300
25391.94, 6299
25406.88, 6298
25425.23, 6297
25458.65, 6296
25458.7, 6295
25458.72, 6294
25473.66, 6293
25486.19, 6292
25501.36, 6291
25520.26, 6290
25522.22, 6289
25540.0, 6288
25562.7, 6287
25569.77, 6286
25582.73, 6285
25601.44, 6284
25630.32, 6283
25631.63, 6282
25653.09, 6281
25667.93, 6280
25679.1, 6279
25687.98, 6278
25690.4, 6277
25703.98, 6276
25712.57, 6275
25718.83, 6274
25741.99, 6273
25753.47, 6272
25802.64, 6271
25821.64, 6270
25829.22, 6269
25837.73, 6268
25843.24, 6267
25873.53, 6266
25873.58, 6265
25873.6, 6264
25877.69, 6263
25886.88, 6262
25891.27, 6261
25936.88, 6260
25940.54, 6259
25993.47, 6258
26005.41, 6257
26007.37, 6256
26017.05, 6255
26038.25, 6254
26050.38, 6253
26059.04, 6252
26072.91, 6251
26104.16, 6250
26119.72, 6249
26141.27, 6248
26150.21, 6247
26153.09, 6246
26183.26, 6245
26190.24, 6244
26218.26, 6243
26241.56, 6242
26257.36, 6241
26260.14, 6240
26293.94, 6239
26294.14, 6238
26294.18, 6237
26374.06, 6236
26374.1, 6235
26388.01, 6234
26388.06, 6233
26404.79, 6232
26415.25, 6231
26443.56, 6230
26453.56, 6229
26462.33, 6228
26469.2, 6227
26492.87, 6226
26504.46, 6225
26506.91, 6224
26522.45, 6223
26524.46, 6222
26535.26, 6221
26553.27, 6220
26553.33, 6219
26574.08, 6218
26574.14, 6217
26575.49, 6216
26593.07, 6215
26600.34, 6214
26603.87, 6213
26622.07, 6212
26668.32, 6211
26700.57, 6210
26740.26, 6209
26740.31, 6208
26740.33, 6207
26766.74, 6206
26786.24, 6205
26833.62, 6204
26833.68, 6203
26833.71, 6202
26849.68, 6201
26882.28, 6200
26882.41, 6199
26882.43, 6198
26892.78, 6197
26894.79, 6196
26901.93, 6195
26916.25, 6194
26950.98, 6193
26967.22, 6192
26972.2, 6191
26994.06, 6190
27004.87, 6189
27023.92, 6188
27026.05, 6187
27054.95, 6186
27055.55, 6185
27085.36, 6184
27087.39, 6183
27089.35, 6182
27095.69, 6181
27109.65, 6180
27125.04, 6179
27126.63, 6178
27143.75, 6177
27150.75, 6176
27152.71, 6175
27172.47, 6174
27218.4, 6173
27240.73, 6172
27242.45, 6171
27286.4, 6170
27292.92, 6169
27322.2, 6168
27332.69, 6167
27332.81, 6166
27351.24, 6165
27353.26, 6164
27365.1, 6163
27373.56, 6162
27389.95, 6161
27393.6, 6160
27456.88, 6159
27467.78, 6158
27469.78, 6157
27492.59, 6156
27495.25, 6155
27500.12, 6154
27518.64, 6153
27525.85, 6152
27534.3, 6151
27553.43, 6150
27565.52, 6149
27581.85, 6148
27590.35, 6147
27610.71, 6146
27619.18, 6145
27636.2, 6144
27638.69, 6143
27659.99, 6142
27664.97, 6141
27676.21, 6140
27679.89, 6139
27701.78, 6138
27701.82, 6137
27755.83, 6136
27774.82, 6135
27778.34, 6134
27786.37, 6133
27788.37, 6132
27838.2, 6131
27838.3, 6130
27843.88, 6129
27854.62, 6128
27860.8, 6127
27868.56, 6126
27875.83, 6125
27891.91, 6124
27893.91, 6123
27905.47, 6122
27917.47, 6121
27919.5, 6120
27948.5, 6119
27948.53, 6118
27955.74, 6117
27987.82, 6116
27989.07, 6115
27999.66, 6114
28017.9, 6113
28065.47, 6112
28103.05, 6111
28116.93, 6110
28118.78, 6109
28140.62, 6108
28140.67, 6107
28155.1, 6106
28183.75, 6105
28185.74, 6104
28197.2, 6103
28199.17, 6102
28204.84, 6101
28237.44, 6100
28251.97, 6099
28253.03, 6098
28275.91, 6097
28295.1, 6096
28305.9, 6095
28331.16, 6094
28332.47, 6093
28340.87, 6092
28362.18, 6091
28378.48, 6090
28391.52, 6089
28412.38, 6088
28427.0, 6087
28433.53, 6086
28469.41, 6085
28472.92, 6084
28473.57, 6083
28484.29, 6082
28502.88, 6081
28522.04, 6080
28523.61, 6079
28553.84, 6078
28553.91, 6077
28554.49, 6076
28556.05, 6075
28563.74, 6074
28593.33, 6073
28626.99, 6072
28630.71, 6071
28651.16, 6070
28684.06, 6069
28690.58, 6068
28701.59, 6067
28716.13, 6066
28730.58, 6065
28739.77, 6064
28742.62, 6063
28788.53, 6062
28789.27, 6061
28808.12, 6060
28818.13, 6059
28834.6, 6058
28838.42, 6057
28869.37, 6056
28871.25, 6055
28893.35, 6054
28901.6, 6053
28920.97, 6052
28922.69, 6051
28960.29, 6050
28962.28, 6049
28993.89, 6048
28995.97, 6047
29006.04, 6046
29022.45, 6045
29024.47, 6044
29039.87, 6043
29041.81, 6042
29050.05, 6041
29056.59, 6040
29096.72, 6039
29107.81, 6038
29115.69, 6037
29147.03, 6036
29157.04, 6035
29185.32, 6034
29199.2, 6033
29212.43, 6032
29229.62, 6031
29271.88, 6030
29273.8, 6029
29305.55, 6028
29319.06, 6027
29321.87, 6026
29358.2, 6025
29358.28, 6024
29384.52, 6023
29395.65, 6022
29406.86, 6021
29420.38, 6020
29426.53, 6019
29454.67, 6018
29468.57, 6017
29476.53, 6016
29504.95, 6015
29521.07, 6014
29538.2, 6013
29558.26, 6012
29589.15, 6011
29589.2, 6010
29604.87, 6009
29618.17, 6008
29626.84, 6007
29642.98, 6006
29643.65, 6005
29652.95, 6004
29684.49, 6003
29686.46, 6002
29709.95, 6001
29758.6, 6000
29760.53, 5999
29767.45, 5998
29797.3, 5997
29799.39, 5996
29807.63, 5995
29822.08, 5994
29856.02, 5993
29861.74, 5992
29876.84, 5991
29903.3, 5990
29913.76, 5989
29916.87, 5988
29931.99, 5987
29954.21, 5986
29970.89, 5985
29972.87, 5984
29976.35, 5983
30003.9, 5982
30021.38, 5981
30030.52, 5980
30047.89, 5979
30068.61, 5978
30083.08, 5977
30123.03, 5976
30134.92, 5975
30138.89, 5974
30147.18, 5973
30161.95, 5972
30176.07, 5971
30193.72, 5970
30204.67, 5969
30206.67, 5968
30214.96, 5967
30235.97, 5966
30269.6, 5965
30272.7, 5964
30308.73, 5963
30321.19, 5962
30331.95, 5961
30343.41, 5960
30373.37, 5959
30373.47, 5958
30373.49, 5957
30376.07, 5956
30384.05, 5955
30401.22, 5954
30405.84, 5953
30418.83, 5952
30440.6, 5951
30468.51, 5950
30486.7, 5949
30504.46, 5948
30506.09, 5947
30526.77, 5946
30529.35, 5945
30535.68, 5944
30543.39, 5943
30555.31, 5942
30588.91, 5941
30590.93, 5940
30630.4, 5939
30646.43, 5938
30655.62, 5937
30675.14, 5936
30685.4, 5935
30701.82, 5934
30703.8, 5933
30717.94, 5932
30721.78, 5931
30782.77, 5930
30785.23, 5929
30792.43, 5928
30836.31, 5927
30836.44, 5926
30838.48, 5925
30859.08, 5924
30859.8, 5923
30888.52, 5922
30910.31, 5921
30926.94, 5920
30936.31, 5919
30953.94, 5918
30960.04, 5917
30971.63, 5916
30978.94, 5915
30988.7, 5914
31020.68, 5913
31054.3, 5912
31072.16, 5911
31095.96, 5910
31099.46, 5909
31101.39, 5908
31105.58, 5907
31155.13, 5906
31174.61, 5905
31176.64, 5904
31190.42, 5903
31199.85, 5902
31215.76, 5901
31244.42, 5900
31259.59, 5899
31271.01, 5898
31281.36, 5897
31288.82, 5896
31304.94, 5895
31320.74, 5894
31337.55, 5893
31342.61, 5892
31354.55, 5891
31362.17, 5890
31404.05, 5889
31425.98, 5888
31428.02, 5887
31430.36, 5886
31468.07, 5885
31475.59, 5884
31484.84, 5883
31543.43, 5882
31552.07, 5881
31557.2, 5880
31567.52, 5879
31600.49, 5878
31637.67, 5877
31643.61, 5876
31652.13, 5875
31663.96, 5874
31697.11, 5873
31698.64, 5872
31700.62, 5871
31707.39, 5870
31721.93, 5869
31766.3, 5868
31788.09, 5867
31790.06, 5866
31806.62, 5865
31818.72, 5864
31833.55, 5863
31853.31, 5862
31863.85, 5861
31863.95, 5860
31876.37, 5859
31921.25, 5858
31932.9, 5857
31934.91, 5856
31975.42, 5855
31977.49, 5854
31988.46, 5853
32012.32, 5852
32022.62, 5851
32039.19, 5850
32073.71, 5849
32075.83, 5848
32079.36, 5847
32100.68, 5846
32111.62, 5845
32121.99, 5844
32142.15, 5843
32171.97, 5842
32186.53, 5841
32188.36, 5840
32196.11, 5839
32208.22, 5838
32213.41, 5837
32225.36, 5836
32244.2, 5835
32270.68, 5834
32272.27, 5833
32312.85, 5832
32319.24, 5831
32328.99, 5830
32334.28, 5829
32353.22, 5828
32358.29, 5827
32387.48, 5826
32403.25, 5825
32648.71, 5824
32653.57, 5823
32691.35, 5822
32693.31, 5821
32695.93, 5820
32716.15, 5819
32721.59, 5818
32735.39, 5817
32738.46, 5816
32771.39, 5815
32773.44, 5814
32775.35, 5813
32788.62, 5812
32808.24, 5811
32810.23, 5810
32818.48, 5809
32886.67, 5808
32886.78, 5807
32886.78, 5806
32886.79, 5805
32896.19, 5804
32913.78, 5803
32913.97, 5802
32926.72, 5801
32936.1, 5800
32954.32, 5799
32974.71, 5798
32977.18, 5797
32990.72, 5796
33005.22, 5795
33005.78, 5794
33034.18, 5793
33092.56, 5792
33107.15, 5791
33116.4, 5790
33129.71, 5789
33140.57, 5788
33151.05, 5787
33152.43, 5786
33166.96, 5785
33180.61, 5784
33197.92, 5783
33216.48, 5782
33236.14, 5781
33256.78, 5780
33268.04, 5779
33281.66, 5778
33289.1, 5777
33300.94, 5776
33309.01, 5775
33438.69, 5774
33444.73, 5773
33452.22, 5772
33462.51, 5771
33472.44, 5770
33478.81, 5769
33488.27, 5768
33493.04, 5767
33504.01, 5766
33509.83, 5765
33531.3, 5764
33545.46, 5763
33566.92, 5762
33568.91, 5761
33579.12, 5760
33596.98, 5759
33635.13, 5758
33655.07, 5757
33667.69, 5756
33675.68, 5755
33690.97, 5754
33704.88, 5753
33706.88, 5752
33716.8, 5751
33723.58, 5750
33742.51, 5749
33753.92, 5748
33774.19, 5747
33798.97, 5746
33809.89, 5745
33819.01, 5744
33825.42, 5743
33861.24, 5742
33869.98, 5741
33892.76, 5740
33906.48, 5739
33913.99, 5738
33923.62, 5737
33951.31, 5736
33962.47, 5735
33975.55, 5734
33985.24, 5733
34006.15, 5732
34036.78, 5731
34038.74, 5730
34044.85, 5729
34051.44, 5728
34070.26, 5727
34089.56, 5726
34137.01, 5725
34139.15, 5724
34168.8, 5723
34174.47, 5722
34188.53, 5721
34201.01, 5720
34208.5, 5719
34219.0, 5718
34231.92, 5717
34234.9, 5716
34292.73, 5715
34299.83, 5714
34315.64, 5713
34344.05, 5712
34354.01, 5711
34358.89, 5710
34384.35, 5709
34392.84, 5708
34399.97, 5707
34434.22, 5706
34451.92, 5705
34463.91, 5704
34482.63, 5703
34487.26, 5702
34515.19, 5701
34521.23, 5700
34528.58, 5699
34543.12, 5698
34576.59, 5697
34601.92, 5696
34603.42, 5695
34612.43, 5694
34633.21, 5693
34661.23, 5692
34706.47, 5691
34721.76, 5690
34740.43, 5689
34757.75, 5688
34769.15, 5687
34783.67, 5686
34817.95, 5685
34833.4, 5684
34840.79, 5683
34850.54, 5682
34858.66, 5681
34874.37, 5680
34886.25, 5679
34901.9, 5678
34920.11, 5677
34948.1, 5676
34968.31, 5675
35000.71, 5674
35005.99, 5673
35022.69, 5672
35028.72, 5671
35055.89, 5670
35059.38, 5669
35101.43, 5668
35138.27, 5667
35140.08, 5666
35168.58, 5665
35198.15, 5664
35198.21, 5663
35201.89, 5662
35231.72, 5661
35232.54, 5660
35232.56, 5659
35236.28, 5658
35243.81, 5657
35258.5, 5656
35274.13, 5655
35305.06, 5654
35319.53, 5653
35334.19, 5652
35358.94, 5651
35370.62, 5650
35379.12, 5649
35399.11, 5648
35405.25, 5647
35417.06, 5646
35433.25, 5645
35448.41, 5644
35453.59, 5643
35470.32, 5642
35476.91, 5641
35488.21, 5640
35503.88, 5639
35523.15, 5638
35529.45, 5637
35551.09, 5636
35557.61, 5635
35571.43, 5634
35573.42, 5633
35588.86, 5632
35591.77, 5631
35610.08, 5630
35628.13, 5629
35687.53, 5628
35687.63, 5627
35688.16, 5626
35691.43, 5625
35715.29, 5624
35737.22, 5623
35744.53, 5622
35772.8, 5621
35773.73, 5620
35811.45, 5619
35833.07, 5618
35838.66, 5617
35860.4, 5616
35863.78, 5615
35867.9, 5614
35874.79, 5613
35900.63, 5612
35903.1, 5611
35918.41, 5610
35920.57, 5609
35944.62, 5608
35975.25, 5607
35975.35, 5606
35975.37, 5605
35983.65, 5604
36006.82, 5603
36022.14, 5602
36034.09, 5601
36071.88, 5600
36091.33, 5599
36121.63, 5598
36128.83, 5597
36136.97, 5596
36157.93, 5595
36170.68, 5594
36185.55, 5593
36204.91, 5592
36228.21, 5591
36244.43, 5590
36254.23, 5589
36276.4, 5588
36290.29, 5587
36307.77, 5586
36334.77, 5585
36349.93, 5584
36350.05, 5583
36368.85, 5582
36376.13, 5581
36385.41, 5580
36402.0, 5579
36408.06, 5578
36419.69, 5577
36428.98, 5576
36438.63, 5575
36473.89, 5574
36495.44, 5573
36496.44, 5572
36498.47, 5571
36539.46, 5570
36540.2, 5569
36553.03, 5568
36577.55, 5567
36594.87, 5566
36625.82, 5565
36635.93, 5564
36666.44, 5563
36669.6, 5562
36685.76, 5561
36751.06, 5560
36762.43, 5559
36769.7, 5558
36775.86, 5557
36789.99, 5556
36798.4, 5555
36813.81, 5554
36824.44, 5553
36844.68, 5552
36864.94, 5551
36920.27, 5550
36940.35, 5549
36941.02, 5548
36971.5, 5547
36972.63, 5546
36974.63, 5545
36987.32, 5544
37002.86, 5543
37004.58, 5542
37018.03, 5541
37050.36, 5540
37068.05, 5539
37068.16, 5538
37105.18, 5537
37124.05, 5536
37151.07, 5535
37170.77, 5534
37181.98, 5533
37192.97, 5532
37201.05, 5531
37216.06, 5530
37224.58, 5529
37249.47, 5528
37263.96, 5527
37271.29, 5526
37315.16, 5525
37318.52, 5524
37357.54, 5523
37363.82, 5522
37380.65, 5521
37420.78, 5520
37422.76, 5519
37438.73, 5518
37447.23, 5517
37471.81, 5516
37473.64, 5515
37486.94, 5514
37538.75, 5513
37552.04, 5512
37552.16, 5511
37576.26, 5510
37576.3, 5509
37585.71, 5508
37599.55, 5507
37610.8, 5506
37638.09, 5505
37684.91, 5504
37688.86, 5503
37689.98, 5502
37711.81, 5501
37720.63, 5500
37722.61, 5499
37744.47, 5498
37771.86, 5497
37772.87, 5496
37821.34, 5495
37833.53, 5494
37876.69, 5493
37887.1, 5492
37887.21, 5491
37919.09, 5490
37919.14, 5489
37937.11, 5488
37951.7, 5487
37999.18, 5486
38004.37, 5485
38008.73, 5484
38020.43, 5483
38027.05, 5482
38037.57, 5481
38100.26, 5480
38102.21, 5479
38109.34, 5478
38142.45, 5477
38153.75, 5476
38162.78, 5475
38173.92, 5474
38204.08, 5473
38211.53, 5472
38227.36, 5471
38252.62, 5470
38269.51, 5469
38291.65, 5468
38300.35, 5467
38308.18, 5466
38343.33, 5465
38343.42, 5464
38375.74, 5463
38381.67, 5462
38391.15, 5461
38403.64, 5460
38426.24, 5459
38444.03, 5458
38454.96, 5457
38469.98, 5456
38566.82, 5455
38568.82, 5454
38588.7, 5453
38635.68, 5452
38640.9, 5451
38651.0, 5450
38658.11, 5449
38661.75, 5448
38673.02, 5447
38709.0, 5446
38714.56, 5445
38718.23, 5444
38740.09, 5443
38758.33, 5442
38758.7, 5441
38777.11, 5440
38781.98, 5439
38787.47, 5438
38798.9, 5437
38801.68, 5436
38810.86, 5435
38854.41, 5434
38889.65, 5433
38924.81, 5432
38926.83, 5431
38950.56, 5430
38952.51, 5429
38961.93, 5428
39007.15, 5427
39007.68, 5426
39019.7, 5425
39031.08, 5424
39034.77, 5423
39045.42, 5422
39051.3, 5421
39081.53, 5420
39091.67, 5419
39101.24, 5418
39129.56, 5417
39141.28, 5416
39155.11, 5415
39157.03, 5414
39168.99, 5413
39175.31, 5412
39182.73, 5411
39245.03, 5410
39253.92, 5409
39265.98, 5408
39270.47, 5407
39299.93, 5406
39303.73, 5405
39320.54, 5404
39336.89, 5403
39339.33, 5402
39355.01, 5401
39426.47, 5400
39438.41, 5399
39440.47, 5398
39459.49, 5397
39471.51, 5396
39473.46, 5395
39487.62, 5394
39494.4, 5393
39507.87, 5392
39545.46, 5391
39554.3, 5390
39574.55, 5389
39576.82, 5388
39595.18, 5387
39607.66, 5386
39609.68, 5385
39611.67, 5384
39638.06, 5383
39671.85, 5382
39673.79, 5381
39688.93, 5380
39704.07, 5379
39706.06, 5378
39710.01, 5377
39725.46, 5376
39757.47, 5375
39772.81, 5374
39785.37, 5373
39806.41, 5372
39814.69, 5371
39838.66, 5370
39893.04, 5369
39896.03, 5368
39900.82, 5367
39964.91, 5366
39971.61, 5365
40009.29, 5364
40011.24, 5363
40020.88, 5362
40058.67, 5361
40069.63, 5360
40076.98, 5359
40091.54, 5358
40103.28, 5357
40127.31, 5356
40139.58, 5355
40149.6, 5354
40158.2, 5353
40257.84, 5352
40269.64, 5351
40271.55, 5350
40292.6, 5349
40295.42, 5348
40301.67, 5347
40326.1, 5346
40335.27, 5345
40335.39, 5344
40372.18, 5343
40374.16, 5342
40392.64, 5341
40403.78, 5340
40409.74, 5339
40425.45, 5338
40427.49, 5337
40454.57, 5336
40475.44, 5335
40479.24, 5334
40499.42, 5333
40505.34, 5332
40522.41, 5331
40526.78, 5330
40573.25, 5329
40591.52, 5328
40611.01, 5327
40615.7, 5326
40624.64, 5325
40638.55, 5324
40646.53, 5323
40654.7, 5322
40677.14, 5321
40696.46, 5320
40698.73, 5319
40721.26, 5318
40735.21, 5317
40768.04, 5316
40782.69, 5315
40789.12, 5314
40806.98, 5313
40811.26, 5312
40821.25, 5311
40823.65, 5310
40839.09, 5309
40842.31, 5308
40924.32, 5307
40926.36, 5306
40928.33, 5305
40934.93, 5304
40962.51, 5303
40989.18, 5302
40989.24, 5301
41017.82, 5300
41023.31, 5299
41035.19, 5298
41085.16, 5297
41087.21, 5296
41088.99, 5295
41110.67, 5294
41119.54, 5293
41135.26, 5292
41142.73, 5291
41156.07, 5290
41158.16, 5289
41192.2, 5288
41207.32, 5287
41237.26, 5286
41239.29, 5285
41241.25, 5284
41268.16, 5283
41268.21, 5282
41268.22, 5281
41283.71, 5280
41287.33, 5279
41319.48, 5278
41325.85, 5277
41327.87, 5276
41350.13, 5275
41350.25, 5274
41374.43, 5273
41376.41, 5272
41391.53, 5271
41407.03, 5270
41418.59, 5269
41423.05, 5268
41454.75, 5267
41456.75, 5266
41471.91, 5265
41505.13, 5264
41520.8, 5263
41557.53, 5262
41575.66, 5261
41577.66, 5260
41606.33, 5259
41641.84, 5258
41666.02, 5257
41684.22, 5256
41690.03, 5255
41699.27, 5254
41719.37, 5253
41721.47, 5252
41738.71, 5251
41756.9, 5250
41812.53, 5249
41832.42, 5248
41855.88, 5247
41857.84, 5246
41876.15, 5245
41890.65, 5244
41909.73, 5243
41919.57, 5242
41921.85, 5241
41953.66, 5240
41970.11, 5239
41993.25, 5238
42012.49, 5237
42022.97, 5236
42030.73, 5235
42054.14, 5234
42056.92, 5233
42058.1, 5232
42073.02, 5231
42085.28, 5230
42085.61, 5229
42111.83, 5228
42138.31, 5227
42138.44, 5226
42148.51, 5225
42148.57, 5224
42168.58, 5223
42170.56, 5222
42190.54, 5221
42192.49, 5220
42199.41, 5219
42212.53, 5218
42221.36, 5217
42271.04, 5216
42271.09, 5215
42300.37, 5214
42302.92, 5213
42315.08, 5212
42340.96, 5211
42342.97, 5210
42349.33, 5209
42360.25, 5208
42371.6, 5207
42381.95, 5206
42410.52, 5205
42418.93, 5204
42423.64, 5203
42475.58, 5202
42501.05, 5201
42523.7, 5200
42540.32, 5199
42542.28, 5198
42553.12, 5197
42569.76, 5196
42639.8, 5195
42646.68, 5194
42648.39, 5193
42886.96, 5192
42923.67, 5191
42937.18, 5190
42939.35, 5189
42943.54, 5188
42959.71, 5187
42970.17, 5186
42972.16, 5185
43004.08, 5184
43005.35, 5183
43007.34, 5182
43021.9, 5181
43073.68, 5180
43087.27, 5179
43087.32, 5178
43099.36, 5177
43099.41, 5176
43101.23, 5175
43111.94, 5174
43124.68, 5173
43131.57, 5172
43188.34, 5171
43188.46, 5170
43209.73, 5169
43209.92, 5168
43211.93, 5167
43220.84, 5166
43265.0, 5165
43291.42, 5164
43293.4, 5163
43334.2, 5162
43334.25, 5161
43342.12, 5160
43366.0, 5159
43380.57, 5158
43389.7, 5157
43440.55, 5156
43440.62, 5155
43454.91, 5154
43476.47, 5153
43502.92, 5152
43505.08, 5151
43517.17, 5150
43541.01, 5149
43542.96, 5148
43593.92, 5147
43606.1, 5146
43616.46, 5145
43616.51, 5144
43642.13, 5143
43651.8, 5142
43651.86, 5141
43704.15, 5140
43706.14, 5139
43724.54, 5138
43742.83, 5137
43750.52, 5136
43770.72, 5135
43775.74, 5134
43791.87, 5133
43821.85, 5132
43823.89, 5131
43853.84, 5130
43859.5, 5129
43861.57, 5128
43908.35, 5127
43910.3, 5126
43969.41, 5125
43972.97, 5124
43974.94, 5123
43984.17, 5122
44014.85, 5121
44023.31, 5120
44042.1, 5119
44056.4, 5118
44056.45, 5117
44067.14, 5116
44077.47, 5115
44094.7, 5114
44108.22, 5113
44111.85, 5112
44121.5, 5111
44159.34, 5110
44172.15, 5109
44174.22, 5108
44203.79, 5107
44205.75, 5106
44207.76, 5105
44262.03, 5104
44268.46, 5103
44273.79, 5102
44304.45, 5101
44338.2, 5100
44344.46, 5099
44359.99, 5098
44387.71, 5097
44410.01, 5096
44412.01, 5095
44416.28, 5094
44440.95, 5093
44456.5, 5092
44482.52, 5091
44492.52, 5090
44522.03, 5089
44524.02, 5088
44543.07, 5087
44559.22, 5086
44567.03, 5085
44588.38, 5084
44622.46, 5083
44640.41, 5082
44654.95, 5081
44676.74, 5080
44691.96, 5079
44694.0, 5078
44720.93, 5077
44754.72, 5076
44756.69, 5075
44773.82, 5074
44795.37, 5073
44799.47, 5072
44805.48, 5071
44837.79, 5070
44858.72, 5069
44887.02, 5068
44903.71, 5067
44905.68, 5066
44916.89, 5065
44957.28, 5064
44959.12, 5063
44971.15, 5062
44994.96, 5061
45007.75, 5060
45009.78, 5059
45032.25, 5058
45038.57, 5057
45045.43, 5056
45072.84, 5055
45078.25, 5054
45090.77, 5053
45098.79, 5052
45109.33, 5051
45122.88, 5050
45125.07, 5049
45139.45, 5048
45184.89, 5047
45219.88, 5046
45232.7, 5045
45235.1, 5044
45250.96, 5043
45272.25, 5042
45301.24, 5041
45370.53, 5040
45376.57, 5039
45398.31, 5038
45404.78, 5037
45419.66, 5036
45426.78, 5035
45435.46, 5034
45456.94, 5033
45458.88, 5032
45487.93, 5031
45487.95, 5030
45495.76, 5029
45499.15, 5028
45553.07, 5027
45568.43, 5026
45602.72, 5025
45622.66, 5024
45641.62, 5023
45643.65, 5022
45671.57, 5021
45675.63, 5020
45675.72, 5019
45692.74, 5018
45695.05, 5017
45701.33, 5016
45742.84, 5015
45786.79, 5014
45855.33, 5013
45855.38, 5012
45855.39, 5011
45875.89, 5010
45882.76, 5009
45882.81, 5008
45901.93, 5007
45916.17, 5006
45922.0, 5005
45950.2, 5004
45950.24, 5003
45976.54, 5002
45994.28, 5001
46021.82, 5000
46034.41, 4999
46042.53, 4998
46083.8, 4997
46085.78, 4996
46087.93, 4995
46099.17, 4994
46122.8, 4993
46140.92, 4992
46164.75, 4991
46179.27, 4990
46188.61, 4989
46191.56, 4988
46219.87, 4987
46238.64, 4986
46285.7, 4985
46285.81, 4984
46324.01, 4983
46325.99, 4982
46337.29, 4981
46356.56, 4980
46371.75, 4979
46372.91, 4978
46417.84, 4977
46464.53, 4976
46478.44, 4975
46480.94, 4974
46495.35, 4973
46517.03, 4972
46517.5, 4971
46559.65, 4970
46579.99, 4969
46582.04, 4968
46615.7, 4967
46640.41, 4966
46640.45, 4965
46657.37, 4964
46673.06, 4963
46701.02, 4962
46711.11, 4961
46724.22, 4960
46738.92, 4959
46765.2, 4958
46774.25, 4957
46793.18, 4956
46826.75, 4955
46829.46, 4954
46831.81, 4953
46855.74, 4952
46868.12, 4951
46891.85, 4950
46933.15, 4949
46934.68, 4948
46954.8, 4947
47004.76, 4946
47020.97, 4945
47028.77, 4944
47042.6, 4943
47049.84, 4942
47134.2, 4941
47136.16, 4940
47151.13, 4939
47200.99, 4938
47201.03, 4937
47201.05, 4936
47220.83, 4935
47244.94, 4934
47256.99, 4933
47268.61, 4932
47301.05, 4931
47305.18, 4930
47321.61, 4929
47352.68, 4928
47360.62, 4927
47374.12, 4926
47385.03, 4925
47394.64, 4924
47404.2, 4923
47417.63, 4922
47437.45, 4921
47439.5, 4920
47458.98, 4919
47461.82, 4918
47471.97, 4917
47488.07, 4916
47505.85, 4915
47561.91, 4914
47564.55, 4913
47593.85, 4912
47610.47, 4911
47621.08, 4910
47636.93, 4909
47654.99, 4908
47690.95, 4907
47698.47, 4906
47713.62, 4905
47747.35, 4904
47764.43, 4903
47764.59, 4902
47789.03, 4901
47806.39, 4900
47811.58, 4899
47831.84, 4898
47843.43, 4897
47846.88, 4896
47875.56, 4895
47887.94, 4894
47900.33, 4893
47938.78, 4892
47938.83, 4891
47950.03, 4890
47976.75, 4889
47998.84, 4888
48009.96, 4887
48076.83, 4886
48084.77, 4885
48099.11, 4884
48116.64, 4883
48116.68, 4882
48138.52, 4881
48155.05, 4880
48182.28, 4879
48202.93, 4878
48239.93, 4877
48242.19, 4876
48266.85, 4875
48272.93, 4874
48296.85, 4873
48299.07, 4872
48300.89, 4871
48345.97, 4870
48366.45, 4869
48387.99, 4868
48400.8, 4867
48424.06, 4866
48458.09, 4865
48464.37, 4864
48500.59, 4863
48500.68, 4862
48506.89, 4861
48553.49, 4860
48561.26, 4859
48587.43, 4858
48594.95, 4857
48621.72, 4856
48654.48, 4855
48654.52, 4854
48654.86, 4853
48656.89, 4852
48670.62, 4851
48684.57, 4850
48711.33, 4849
48726.77, 4848
48741.07, 4847
48834.15, 4846
48834.62, 4845
48838.18, 4844
48906.56, 4843
48932.35, 4842
48939.8, 4841
48950.18, 4840
48968.47, 4839
48978.21, 4838
48987.03, 4837
49049.19, 4836
49053.33, 4835
49068.87, 4834
49073.06, 4833
49095.61, 4832
49097.35, 4831
49101.53, 4830
49115.0, 4829
49151.87, 4828
49169.35, 4827
49190.19, 4826
49199.5, 4825
49238.56, 4824
49240.38, 4823
49255.55, 4822
49273.77, 4821
49299.59, 4820
49299.69, 4819
49307.96, 4818
49337.57, 4817
49350.98, 4816
49353.73, 4815
49370.22, 4814
49426.1, 4813
49436.7, 4812
49436.76, 4811
49469.93, 4810
49471.89, 4809
49473.95, 4808
49530.84, 4807
49534.58, 4806
49559.41, 4805
49561.59, 4804
49583.95, 4803
49603.85, 4802
49605.92, 4801
49635.79, 4800
49638.2, 4799
49648.26, 4798
49709.69, 4797
49726.77, 4796
49737.24, 4795
49767.95, 4794
49769.66, 4793
49773.49, 4792
49790.09, 4791
49805.93, 4790
49808.52, 4789
49857.1, 4788
49858.58, 4787
49906.06, 4786
49919.3, 4785
49924.7, 4784
49934.13, 4783
49942.21, 4782
49951.32, 4781
49961.17, 4780
50007.13, 4779
50009.08, 4778
50017.39, 4777
50039.78, 4776
50040.5, 4775
50080.14, 4774
50085.84, 4773
50095.12, 4772
50118.96, 4771
50127.0, 4770
50134.86, 4769
50134.96, 4768
50210.43, 4767
50236.02, 4766
50237.98, 4765
50254.69, 4764
50256.45, 4763
50279.43, 4762
50305.97, 4761
50307.97, 4760
50326.86, 4759
50358.66, 4758
50374.5, 4757
50388.08, 4756
50410.67, 4755
50416.3, 4754
50428.57, 4753
50459.12, 4752
50467.18, 4751
50479.85, 4750
50498.02, 4749
50549.48, 4748
50551.5, 4747
50558.66, 4746
50567.06, 4745
50590.98, 4744
50602.73, 4743
50637.54, 4742
50658.46, 4741
50663.3, 4740
50690.57, 4739
50736.17, 4738
50753.3, 4737
50753.35, 4736
50753.35, 4735
50764.6, 4734
50774.32, 4733
50794.63, 4732
50816.43, 4731
50838.05, 4730
50866.01, 4729
50868.83, 4728
50928.29, 4727
50933.23, 4726
50936.65, 4725
50959.16, 4724
50973.75, 4723
50975.38, 4722
51020.08, 4721
51024.5, 4720
51055.31, 4719
51070.58, 4718
51081.29, 4717
51105.32, 4716
51107.61, 4715
51109.6, 4714
51127.57, 4713
51133.05, 4712
51139.1, 4711
51186.72, 4710
51188.59, 4709
51190.63, 4708
51199.1, 4707
51225.26, 4706
51230.11, 4705
51254.64, 4704
51274.19, 4703
51287.79, 4702
51290.21, 4701
51350.03, 4700
51352.35, 4699
51366.75, 4698
51388.36, 4697
51390.33, 4696
51408.52, 4695
51425.49, 4694
51438.68, 4693
51440.68, 4692
51442.65, 4691
51477.81, 4690
51498.68, 4689
51499.02, 4688
51509.43, 4687
51520.68, 4686
51556.73, 4685
51601.42, 4684
51650.97, 4683
51670.31, 4682
51684.27, 4681
51700.66, 4680
51710.85, 4679
51720.03, 4678
51727.68, 4677
51797.12, 4676
51823.46, 4675
51823.58, 4674
51843.5, 4673
51879.82, 4672
51884.8, 4671
51908.22, 4670
51920.34, 4669
51947.78, 4668
51948.94, 4667
51959.86, 4666
51977.62, 4665
51982.05, 4664
51992.0, 4663
52008.22, 4662
52015.86, 4661
52056.67, 4660
52075.3, 4659
52084.6, 4658
52102.95, 4657
52118.49, 4656
52160.08, 4655
52190.78, 4654
52201.2, 4653
52286.45, 4652
52286.87, 4651
52298.61, 4650
52336.75, 4649
52338.72, 4648
52368.52, 4647
52387.1, 4646
52405.32, 4645
52407.3, 4644
52439.18, 4643
52459.03, 4642
52473.93, 4641
52494.75, 4640
52500.94, 4639
52510.44, 4638
52537.1, 4637
52547.76, 4636
52571.09, 4635
52581.02, 4634
52588.0, 4633
52599.86, 4632
52635.49, 4631
52635.52, 4630
52635.52, 4629
52656.08, 4628
52658.03, 4627
52694.47, 4626
52731.38, 4625
52791.35, 4624
52802.31, 4623
52814.39, 4622
52827.94, 4621
52870.91, 4620
52888.07, 4619
52904.75, 4618
52921.56, 4617
52938.03, 4616
52951.36, 4615
52975.74, 4614
53009.09, 4613
53011.18, 4612
53019.66, 4611
53064.51, 4610
53078.61, 4609
53095.73, 4608
53099.38, 4607
53108.38, 4606
53116.62, 4605
53135.96, 4604
53150.74, 4603
53168.0, 4602
53196.97, 4601
53203.63, 4600
53244.45, 4599
53278.96, 4598
53283.66, 4597
53296.05, 4596
53322.33, 4595
53351.51, 4594
53395.71, 4593
53400.95, 4592
53430.42, 4591
53432.13, 4590
53447.04, 4589
53452.41, 4588
53499.97, 4587
53543.31, 4586
53566.87, 4585
53568.91, 4584
53586.79, 4583
53588.74, 4582
53604.9, 4581
53671.28, 4580
53686.94, 4579
53700.0, 4578
53735.71, 4577
53753.02, 4576
53760.63, 4575
53800.93, 4574
53812.27, 4573
53830.71, 4572
53845.26, 4571
53860.42, 4570
53867.58, 4569
53887.53, 4568
53900.13, 4567
53909.52, 4566
53932.19, 4565
53940.96, 4564
53971.45, 4563
54014.12, 4562
54053.28, 4561
54335.96, 4560
54342.26, 4559
54353.55, 4558
54353.58, 4557
54401.07, 4556
54454.35, 4555
54455.33, 4554
54466.72, 4553
54486.4, 4552
54501.41, 4551
54502.71, 4550
54516.03, 4549
54548.81, 4548
54552.99, 4547
54560.01, 4546
54565.14, 4545
54568.12, 4544
54596.56, 4543
54618.35, 4542
54633.45, 4541
54634.96, 4540
54659.83, 4539
54680.58, 4538
54690.77, 4537
54725.19, 4536
54737.22, 4535
54740.06, 4534
54763.92, 4533
54768.12, 4532
54785.1, 4531
54826.02, 4530
54838.75, 4529
54887.47, 4528
54889.18, 4527
54900.9, 4526
54935.27, 4525
54935.39, 4524
54937.92, 4523
54951.07, 4522
54959.03, 4521
54996.98, 4520
55018.65, 4519
55031.34, 4518
55073.44, 4517
55092.33, 4516
55132.17, 4515
55141.62, 4514
55150.32, 4513
55178.12, 4512
55187.15, 4511
55199.77, 4510
55214.86, 4509
55248.1, 4508
55274.06, 4507
55303.19, 4506
55316.8, 4505
55340.03, 4504
55353.98, 4503
55366.69, 4502
55381.88, 4501
55436.38, 4500
55448.98, 4499
55476.1, 4498
55492.55, 4497
55499.35, 4496
55520.1, 4495
55534.34, 4494
55553.58, 4493
55592.48, 4492
55604.28, 4491
55621.03, 4490
55632.32, 4489
55656.64, 4488
55672.92, 4487
55687.0, 4486
55762.38, 4485
55769.99, 4484
55785.96, 4483
55808.07, 4482
55810.76, 4481
55825.85, 4480
55837.19, 4479
55851.55, 4478
55870.73, 4477
55872.68, 4476
55882.56, 4475
55945.62, 4474
55953.68, 4473
55966.87, 4472
55990.4, 4471
56025.06, 4470
56030.73, 4469
56033.22, 4468
56057.6, 4467
56081.32, 4466
56094.25, 4465
56117.87, 4464
56128.81, 4463
56134.01, 4462
56219.04, 4461
56231.77, 4460
56233.88, 4459
56300.47, 4458
56312.36, 4457
56323.14, 4456
56331.45, 4455
56365.09, 4454
56371.27, 4453
56396.97, 4452
56424.86, 4451
56437.86, 4450
56454.56, 4449
56521.06, 4448
56530.92, 4447
56539.47, 4446
56570.92, 4445
56576.96, 4444
56591.34, 4443
56643.32, 4442
56643.38, 4441
56657.58, 4440
56674.63, 4439
56681.3, 4438
56689.22, 4437
56705.18, 4436
56722.27, 4435
56789.88, 4434
56799.78, 4433
56811.5, 4432
56847.73, 4431
56871.46, 4430
56876.09, 4429
56903.75, 4428
56935.91, 4427
56936.01, 4426
56955.89, 4425
56985.14, 4424
57010.09, 4423
57019.22, 4422
57071.39, 4421
57092.48, 4420
57103.28, 4419
57130.16, 4418
57132.4, 4417
57142.78, 4416
57210.73, 4415
57224.85, 4414
57232.35, 4413
57261.8, 4412
57266.49, 4411
57272.83, 4410
57286.0, 4409
57322.21, 4408
57323.04, 4407
57359.88, 4406
57383.09, 4405
57422.3, 4404
57437.99, 4403
57457.4, 4402
57480.29, 4401
57497.99, 4400
57502.41, 4399
57533.1, 4398
57571.44, 4397
57584.03, 4396
57598.97, 4395
57621.47, 4394
57638.84, 4393
57652.25, 4392
57672.82, 4391
57713.56, 4390
57721.24, 4389
57742.48, 4388
57749.58, 4387
57763.13, 4386
57807.94, 4385
57821.25, 4384
57855.18, 4383
57864.02, 4382
57875.21, 4381
57921.57, 4380
57938.92, 4379
57941.85, 4378
57951.46, 4377
57991.31, 4376
57992.92, 4375
58006.42, 4374
58020.22, 4373
58022.21, 4372
58034.15, 4371
58054.46, 4370
58068.64, 4369
58070.73, 4368
58081.15, 4367
58185.33, 4366
58200.86, 4365
58238.6, 4364
58258.26, 4363
58265.88, 4362
58286.69, 4361
58304.6, 4360
58304.64, 4359
58321.32, 4358
58338.45, 4357
58344.31, 4356
58373.28, 4355
58384.09, 4354
58425.38, 4353
58436.35, 4352
58454.97, 4351
58456.41, 4350
58487.86, 4349
58502.99, 4348
58517.2, 4347
58537.48, 4346
58539.81, 4345
58557.11, 4344
58588.57, 4343
58609.58, 4342
58631.51, 4341
58633.85, 4340
58636.93, 4339
58667.66, 4338
58669.74, 4337
58684.79, 4336
58691.01, 4335
58701.55, 4334
58721.37, 4333
58765.0, 4332
58794.82, 4331
58819.37, 4330
58821.46, 4329
58869.97, 4328
58878.64, 4327
58900.26, 4326
58919.92, 4325
58941.98, 4324
58942.07, 4323
59000.42, 4322
59009.96, 4321
59034.69, 4320
59052.55, 4319
59074.88, 4318
59084.49, 4317
59084.59, 4316
59112.24, 4315
59118.93, 4314
59145.58, 4313
59170.68, 4312
59223.35, 4311
59226.26, 4310
59231.57, 4309
59251.74, 4308
59261.99, 4307
59285.28, 4306
59299.31, 4305
59366.3, 4304
59368.26, 4303
59381.68, 4302
59404.73, 4301
59406.82, 4300
59418.99, 4299
59459.96, 4298
59466.56, 4297
59491.91, 4296
59542.2, 4295
59548.44, 4294
59550.49, 4293
59587.95, 4292
59616.32, 4291
59621.96, 4290
59642.09, 4289
59656.08, 4288
59692.88, 4287
59711.31, 4286
59717.24, 4285
59729.67, 4284
59766.53, 4283
59773.9, 4282
59801.79, 4281
59808.84, 4280
59810.86, 4279
59823.36, 4278
59842.5, 4277
59870.74, 4276
59884.23, 4275
59976.17, 4274
59996.61, 4273
60022.45, 4272
60023.09, 4271
60037.4, 4270
60071.38, 4269
60073.31, 4268
60089.86, 4267
60098.55, 4266
60116.82, 4265
60122.14, 4264
60141.1, 4263
60150.67, 4262
60171.25, 4261
60191.47, 4260
60197.67, 4259
60221.86, 4258
60254.93, 4257
60256.75, 4256
60276.04, 4255
60300.11, 4254
60308.07, 4253
60314.39, 4252
60374.01, 4251
60387.32, 4250
60404.64, 4249
60417.27, 4248
60420.53, 4247
60464.91, 4246
60465.02, 4245
60477.7, 4244
60509.51, 4243
60521.74, 4242
60538.54, 4241
60605.25, 4240
60630.95, 4239
60634.18, 4238
60669.24, 4237
60682.0, 4236
60688.28, 4235
60710.99, 4234
60731.88, 4233
60750.84, 4232
60751.86, 4231
60795.43, 4230
60808.09, 4229
60821.39, 4228
60841.25, 4227
60851.85, 4226
60865.87, 4225
60888.16, 4224
60910.04, 4223
60920.96, 4222
60921.06, 4221
60975.52, 4220
61004.0, 4219
61011.33, 4218
61023.58, 4217
61035.68, 4216
61043.33, 4215
61051.03, 4214
61083.75, 4213
61152.41, 4212
61170.9, 4211
61186.06, 4210
61205.78, 4209
61220.4, 4208
61222.45, 4207
61268.16, 4206
61271.19, 4205
61287.76, 4204
61289.66, 4203
61305.16, 4202
61321.32, 4201
