33524.95, 46971
33580.42, 46967
33627.06, 46665
33664.03, 46662
33696.08, 46661
33746.65, 46361
33792.79, 46360
33863.33, 46359
33900.75, 46358
33935.54, 46357
34000.3, 46356
34044.62, 46059
34078.85, 46057
34109.47, 46056
34144.57, 46055
34191.91, 46054
34223.04, 46053
34245.46, 46052
34317.76, 45759
34348.72, 45756
34386.58, 45755
34429.35, 45754
34459.74, 45753
34529.07, 45752
34568.84, 45751
34600.38, 45750
34631.15, 45749
34674.48, 45461
34707.21, 45457
34771.91, 45455
34821.78, 45454
34882.76, 45453
34934.1, 45452
34990.89, 45451
35055.47, 45450
35106.37, 45449
35174.9, 45448
35255.49, 45447
35332.78, 45165
35403.84, 45160
35453.39, 45157
35490.77, 45156
35536.84, 45154
35571.92, 45153
35641.19, 45152
35716.93, 45151
35777.44, 45150
35856.62, 45149
35893.37, 45148
35929.86, 45147
35955.88, 45146
36037.77, 44871
36084.78, 44865
36147.76, 44861
36224.25, 44860
36269.95, 44859
36312.05, 44857
36363.78, 44856
36448.27, 44855
36497.51, 44854
36524.81, 44853
36591.5, 44852
36662.3, 44851
36685.37, 44850
36812.28, 44849
36906.45, 44848
36971.29, 44847
37008.37, 44846
37070.56, 44579
37113.14, 44572
37199.83, 44567
37269.08, 44566
37326.96, 44564
37360.7, 44562
37426.06, 44561
37462.12, 44560
37499.18, 44559
37537.95, 44558
37569.1, 44557
37621.59, 44556
37657.12, 44555
37731.1, 44554
37769.99, 44553
37792.09, 44552
37830.41, 44551
37943.94, 44550
37974.59, 44549
38002.73, 44548
38028.89, 44547
38105.31, 44289
38146.44, 44281
38182.39, 44275
38209.08, 44274
38262.31, 44271
38331.22, 44269
38372.14, 44268
38409.91, 44266
38478.11, 44265
38508.77, 44264
38545.06, 44263
38615.34, 44262
38642.72, 44261
38707.46, 44260
38746.57, 44259
38804.42, 44258
38833.83, 44257
38888.92, 44256
38935.66, 44255
38975.36, 44254
39028.2, 44253
39069.92, 44252
39103.91, 44251
39137.62, 44250
39159.99, 44249
39231.92, 44001
39256.74, 43992
39298.17, 43985
39382.64, 43984
39424.93, 43980
39503.0, 43978
39554.99, 43977
39632.38, 43974
39676.33, 43973
39734.34, 43972
39759.44, 43971
39866.89, 43970
39900.72, 43969
39930.3, 43968
40022.29, 43967
40069.71, 43966
40098.74, 43965
40148.31, 43964
40190.39, 43963
40242.8, 43962
40350.11, 43961
40395.72, 43960
40434.37, 43959
40516.65, 43958
40560.6, 43957
40602.2, 43956
40726.09, 43955
40760.72, 43954
40794.47, 43953
40851.82, 43952
40974.14, 43715
41029.6, 43705
41060.38, 43697
41118.77, 43696
41174.66, 43691
41222.0, 43689
41285.55, 43688
41377.62, 43687
41406.43, 43684
41463.94, 43683
41490.57, 43682
41556.68, 43681
41633.88, 43679
41663.25, 43678
41729.5, 43677
41754.91, 43676
41782.35, 43675
41835.12, 43674
41887.87, 43673
41930.83, 43672
42004.27, 43671
42039.61, 43670
42120.64, 43669
42154.66, 43668
42235.84, 43667
42289.79, 43666
42340.32, 43665
42378.14, 43664
42429.38, 43663
42464.08, 43662
42559.79, 43661
42633.62, 43660
42675.92, 43659
42748.51, 43658
42856.47, 43657
42912.8, 43656
43012.18, 43431
43088.29, 43420
43145.6, 43411
43190.92, 43410
43240.72, 43404
43296.82, 43402
43357.05, 43401
43422.02, 43399
43469.37, 43396
43527.64, 43395
43563.96, 43394
43597.62, 43393
43700.9, 43392
43776.21, 43390
43818.96, 43389
43865.98, 43388
43915.65, 43387
43985.74, 43386
44042.74, 43384
44105.34, 43383
44175.55, 43382
44217.5, 43381
44303.7, 43380
44393.91, 43379
44448.49, 43378
44486.32, 43377
44513.4, 43376
44621.95, 43375
44698.11, 43374
44762.88, 43373
44869.23, 43372
44912.9, 43371
45007.53, 43370
45035.15, 43369
45114.71, 43368
45194.64, 43367
45285.29, 43366
45337.85, 43365
45472.95, 43364
45508.63, 43363
45560.0, 43362
45594.96, 43361
45710.43, 43149
45828.57, 43137
45884.24, 43127
45923.52, 43126
46031.03, 43119
46071.43, 43117
46140.86, 43116
46187.06, 43113
46220.06, 43110
46288.14, 43109
46321.68, 43108
46392.22, 43107
46473.16, 43105
46571.98, 43103
46625.14, 43102
46694.43, 43101
46738.05, 43100
46782.81, 43099
46891.74, 43098
47003.2, 43096
47058.85, 43095
47144.86, 43094
47232.19, 43093
47286.63, 43092
47455.08, 43091
47501.04, 43090
47568.19, 43089
47620.46, 43088
47704.7, 43087
47756.16, 43086
47906.63, 43085
47950.13, 43084
48016.08, 43083
48076.25, 43082
48162.13, 43081
48224.31, 43080
48325.77, 43079
48361.38, 43078
48417.6, 43077
48508.27, 43076
48539.25, 43075
48610.92, 43074
48689.64, 43073
48777.74, 43072
48833.14, 43071
48879.16, 43070
48918.35, 43069
48990.45, 43068
49028.51, 43067
49111.05, 42869
49175.83, 42856
49214.08, 42845
49259.58, 42844
49294.1, 42836
49335.8, 42834
49403.63, 42833
49459.18, 42829
49497.64, 42826
49530.63, 42825
49606.29, 42824
49648.37, 42823
49679.85, 42820
49770.46, 42818
49820.93, 42817
49860.03, 42816
49886.16, 42815
49909.42, 42814
49967.06, 42813
50004.14, 42812
50169.68, 42810
50227.29, 42809
50273.46, 42808
50320.61, 42807
50346.8, 42806
50406.98, 42805
50500.01, 42804
50559.04, 42803
50636.09, 42802
50685.6, 42801
50727.25, 42800
50797.91, 42799
50867.7, 42798
50907.91, 42797
50965.6, 42796
50988.7, 42795
51028.27, 42794
51075.91, 42793
51140.73, 42792
51206.28, 42791
51242.15, 42790
51273.7, 42789
51347.23, 42788
51419.14, 42787
51481.26, 42786
51542.19, 42785
51573.66, 42784
51633.11, 42783
51674.15, 42782
51712.03, 42781
51770.84, 42780
51811.93, 42779
51847.28, 42778
51923.13, 42777
51950.86, 42776
51994.69, 42775
52100.54, 42774
52190.06, 42591
52231.47, 42577
52262.17, 42565
52306.09, 42564
52357.32, 42555
52421.21, 42553
52452.29, 42552
52521.33, 42547
52567.28, 42544
52606.79, 42543
52665.14, 42542
52710.37, 42541
52818.25, 42537
52850.36, 42535
52882.16, 42534
52924.08, 42533
52965.77, 42532
52995.18, 42531
53054.93, 42529
53105.32, 42528
53166.95, 42526
53220.98, 42525
53329.56, 42524
53357.91, 42523
53391.33, 42522
53470.69, 42521
53530.23, 42520
53602.89, 42519
53679.11, 42518
53707.2, 42517
53757.4, 42516
53790.6, 42515
53844.77, 42514
53905.87, 42513
53979.83, 42512
56729.97, 42511
56775.07, 42510
56900.86, 42509
56967.54, 42508
57068.04, 42507
57260.91, 42506
57323.05, 42505
57357.8, 42504
57441.79, 42503
57494.74, 42502
57596.32, 42501
57718.81, 42500
57744.66, 42499
57876.93, 42498
57911.45, 42497
57951.36, 42496
58060.23, 42495
58125.16, 42494
58221.86, 42493
58287.73, 42492
58457.47, 42491
58500.42, 42490
58573.38, 42489
58615.9, 42488
58669.94, 42487
58713.58, 42486
58893.68, 42485
58941.38, 42484
59109.56, 42483
59150.03, 42482
59363.06, 42315
59428.59, 42300
59488.25, 42287
59581.03, 42286
59632.76, 42276
59681.04, 42274
59751.85, 42273
59791.02, 42267
59939.61, 42264
59970.72, 42263
59997.49, 42262
60162.03, 42261
60214.64, 42260
60294.56, 42256
60324.43, 42254
60412.02, 42253
60477.62, 42252
60545.26, 42251
60623.48, 42250
60775.65, 42247
60814.15, 42246
60859.55, 42244
60903.76, 42243
60976.72, 42242
61025.3, 42241
61070.28, 42240
