1713.66, 3570
1714.53, 3566
1715.39, 3486
1718.61, 3483
1719.41, 3482
1721.8, 3404
1725.95, 3403
1726.56, 3402
1732.96, 3401
1733.6, 3400
1735.12, 3399
1737.95, 3324
1739.44, 3322
1742.27, 3321
1744.89, 3320
1747.61, 3319
1749.8, 3318
1750.66, 3317
1756.24, 3246
1760.08, 3243
1762.41, 3242
1767.51, 3241
1768.19, 3240
1771.42, 3239
1772.76, 3238
1778.33, 3237
1783.46, 3236
1783.85, 3170
1789.07, 3166
1799.97, 3164
1800.73, 3163
1803.29, 3162
1806.41, 3161
1809.57, 3160
1814.75, 3159
1815.18, 3158
1822.08, 3157
1824.33, 3156
1826.24, 3096
1828.71, 3091
1830.72, 3088
1837.46, 3087
1839.79, 3085
1842.77, 3084
1845.11, 3083
1847.59, 3082
1849.87, 3081
1851.44, 3080
1855.49, 3079
1856.41, 3078
1861.8, 3077
1866.41, 3024
1869.83, 3018
1877.65, 3014
1881.85, 3013
1883.61, 3012
1886.44, 3010
1887.23, 3009
1904.18, 3008
1905.08, 3007
1908.53, 3006
1911.42, 3005
1913.84, 3004
1916.19, 3003
1917.26, 3002
1920.11, 3001
1922.89, 3000
1927.11, 2999
1932.32, 2954
1934.03, 2947
1934.63, 2942
1939.8, 2941
1944.68, 2939
1948.1, 2937
1948.75, 2936
1953.75, 2935
1958.86, 2934
1961.1, 2933
1964.2, 2932
1971.77, 2931
1983.82, 2930
1988.69, 2929
1993.02, 2928
1993.71, 2927
1997.33, 2926
2000.91, 2925
2005.9, 2924
2006.61, 2923
2016.65, 2886
2016.97, 2885
2018.65, 2878
2023.27, 2872
2029.79, 2871
2034.57, 2868
2039.19, 2866
2044.05, 2865
2049.1, 2863
2053.54, 2862
2053.99, 2861
2056.54, 2860
2061.88, 2859
2064.57, 2858
2067.7, 2857
2068.5, 2856
2075.79, 2855
2080.54, 2854
2083.24, 2853
2084.13, 2852
2084.8, 2851
2087.47, 2850
2093.5, 2849
2099.82, 2848
2099.87, 2847
2102.23, 2846
2129.24, 2820
2132.63, 2819
2133.61, 2811
2136.29, 2804
2139.8, 2803
2142.45, 2799
2145.03, 2797
2146.99, 2796
2157.64, 2793
2160.7, 2792
2163.09, 2791
2170.26, 2790
2176.94, 2789
2177.85, 2788
2185.35, 2787
2250.77, 2786
2251.48, 2785
2252.32, 2784
2252.93, 2783
2253.71, 2782
2254.47, 2781
2255.2, 2780
2255.99, 2779
2256.76, 2778
2261.34, 2777
2264.95, 2776
2265.13, 2775
2268.88, 2774
2271.86, 2773
2272.61, 2772
2279.69, 2756
2284.82, 2755
2285.57, 2746
2289.13, 2738
2289.86, 2737
2293.59, 2732
2295.8, 2730
2298.4, 2729
2300.81, 2728
2301.8, 2725
2305.86, 2724
2308.79, 2723
2312.04, 2722
2317.67, 2720
2318.46, 2719
2321.79, 2718
2323.55, 2717
2328.39, 2716
2330.58, 2715
2335.28, 2714
2338.57, 2713
2344.46, 2712
2349.8, 2711
2351.29, 2710
2358.03, 2709
2363.29, 2708
2373.07, 2707
2379.32, 2706
2380.06, 2705
2384.23, 2704
2387.47, 2703
2389.53, 2702
2391.27, 2701
2396.27, 2700
2400.06, 2699
2403.12, 2698
2406.25, 2697
2421.53, 2694
2422.32, 2693
2428.47, 2683
2432.04, 2674
2438.85, 2673
2443.6, 2667
2445.96, 2665
2449.57, 2664
2450.32, 2662
2454.9, 2659
2456.12, 2658
2458.65, 2657
2463.13, 2656
2466.9, 2655
2472.95, 2653
2478.61, 2652
2481.6, 2651
2482.36, 2650
2487.57, 2649
2493.64, 2647
2495.97, 2646
2500.83, 2645
2503.74, 2644
2506.78, 2643
2513.84, 2642
2521.28, 2641
2526.78, 2640
2528.18, 2639
2530.06, 2638
2532.23, 2637
2544.05, 2636
2544.81, 2635
2547.11, 2634
2552.07, 2633
2566.09, 2632
2569.59, 2631
2572.31, 2630
2572.35, 2629
2578.87, 2628
2585.03, 2627
2589.17, 2626
2591.59, 2625
2602.84, 2624
2621.94, 2622
2623.26, 2612
2627.05, 2611
2629.56, 2604
2632.09, 2602
2634.46, 2601
2638.39, 2598
2639.64, 2595
2642.41, 2594
2644.57, 2593
2648.17, 2592
2654.04, 2590
2656.7, 2588
2660.88, 2587
2663.04, 2586
2666.83, 2585
2667.22, 2584
2669.96, 2583
2678.08, 2581
2680.56, 2580
2683.16, 2579
2687.88, 2578
2689.42, 2577
2697.27, 2576
2703.81, 2575
2705.94, 2574
2707.83, 2573
2710.19, 2572
2714.06, 2571
2732.0, 2570
2738.75, 2569
2744.91, 2568
2749.84, 2567
2752.31, 2566
2761.0, 2565
2777.8, 2564
2778.73, 2563
2792.77, 2562
2799.3, 2561
2809.18, 2560
2817.94, 2559
2818.0, 2558
2820.5, 2557
2823.18, 2556
2829.04, 2555
2831.49, 2554
2834.14, 2553
2838.3, 2552
2844.87, 2551
2850.95, 2543
2851.79, 2541
2856.65, 2540
2863.71, 2536
2873.06, 2533
2875.08, 2532
2879.35, 2531
2880.91, 2530
2889.84, 2527
2896.89, 2525
2897.59, 2524
2902.84, 2523
2903.63, 2522
2907.72, 2521
2910.34, 2520
2912.73, 2519
2916.78, 2517
2919.02, 2516
2920.78, 2515
2924.42, 2514
2926.62, 2513
2930.73, 2512
2935.51, 2511
2937.68, 2510
2939.83, 2509
2942.86, 2508
2945.12, 2507
2947.06, 2506
2952.36, 2505
2956.07, 2504
2956.86, 2503
2961.43, 2502
2964.23, 2501
2965.21, 2500
2994.28, 2499
2996.5, 2498
3005.43, 2497
3006.99, 2496
3044.33, 2495
3047.49, 2494
3054.47, 2493
3059.18, 2492
3069.39, 2491
3070.41, 2490
3070.88, 2489
3073.75, 2488
3076.5, 2487
3078.03, 2486
3082.32, 2485
3086.9, 2484
3087.87, 2483
3090.29, 2482
3092.94, 2481
3104.92, 2476
3119.92, 2473
3130.69, 2472
3134.51, 2471
3154.09, 2470
3159.39, 2466
3162.39, 2464
3164.86, 2463
3170.81, 2462
3172.68, 2461
3174.07, 2460
3199.36, 2458
3204.22, 2457
3210.07, 2455
3210.83, 2454
3213.53, 2453
3219.59, 2452
3221.54, 2451
3232.31, 2450
3236.21, 2449
3239.73, 2448
3251.98, 2447
3260.64, 2446
3265.08, 2445
3266.7, 2444
3270.11, 2443
3274.15, 2442
3290.03, 2441
3293.51, 2440
3297.07, 2439
3306.46, 2438
3310.49, 2437
3313.77, 2436
3324.51, 2435
3327.73, 2434
3333.93, 2433
3334.8, 2432
3335.78, 2431
3336.93, 2430
3339.68, 2429
3344.77, 2428
3351.9, 2427
3352.7, 2426
3353.53, 2425
3358.82, 2424
3361.6, 2423
3364.19, 2422
3368.86, 2421
3382.43, 2420
3385.68, 2419
3389.34, 2418
3393.16, 2417
3393.93, 2416
3396.19, 2415
3414.18, 2414
3416.87, 2413
3423.18, 2412
3427.4, 2411
3441.77, 2407
3450.05, 2405
3453.61, 2404
3456.31, 2403
3468.33, 2402
3471.77, 2401
3476.56, 2398
3488.57, 2397
3489.73, 2395
3490.5, 2394
3493.6, 2393
3497.94, 2392
3498.72, 2391
3507.97, 2389
3511.69, 2388
3514.18, 2387
3518.52, 2386
3521.72, 2385
3525.69, 2384
3528.99, 2383
3530.83, 2382
3535.49, 2381
3539.37, 2380
3542.1, 2379
3545.68, 2378
3547.76, 2377
3551.02, 2376
3556.53, 2375
3561.55, 2374
3569.26, 2373
3574.11, 2372
3576.64, 2371
3581.8, 2370
3584.35, 2369
3597.75, 2368
3602.42, 2367
3607.58, 2366
3614.78, 2365
3616.9, 2364
3628.32, 2363
3632.9, 2362
3636.8, 2361
3643.0, 2360
3646.86, 2359
3654.94, 2358
3673.04, 2357
3674.43, 2356
3680.36, 2355
3681.78, 2354
3687.65, 2353
3689.87, 2352
3703.27, 2351
3709.82, 2350
3710.33, 2349
3716.71, 2348
3724.44, 2347
3726.92, 2346
3729.88, 2345
3733.1, 2344
3750.03, 2343
3753.82, 2342
3767.11, 2340
3771.1, 2339
3778.78, 2337
3780.57, 2336
3784.87, 2335
3799.54, 2334
3802.11, 2333
3823.62, 2332
3832.86, 2330
3836.8, 2329
3843.17, 2328
3845.27, 2327
3847.39, 2326
3852.76, 2325
3857.15, 2324
3858.58, 2323
3869.99, 2322
3876.86, 2321
3881.0, 2320
3883.87, 2319
3892.55, 2318
3893.36, 2317
3897.21, 2316
3899.6, 2315
3906.3, 2314
3914.07, 2313
3916.21, 2312
3921.43, 2311
3927.1, 2310
3927.8, 2309
3933.91, 2308
3933.97, 2307
3938.21, 2306
3950.35, 2305
3969.81, 2304
3970.51, 2303
3973.87, 2302
3977.07, 2301
3979.9, 2300
3980.71, 2299
4000.04, 2298
4002.92, 2297
4005.97, 2296
4006.76, 2295
4009.79, 2294
4012.08, 2293
4018.91, 2292
4020.13, 2291
4023.02, 2290
4026.57, 2289
4027.76, 2288
4033.86, 2287
4038.0, 2286
4039.27, 2285
4043.43, 2284
4056.09, 2283
4058.36, 2282
4061.18, 2281
4062.8, 2280
4067.77, 2279
4078.27, 2278
4083.91, 2277
4084.56, 2276
4094.77, 2275
4123.54, 2273
4132.24, 2272
4132.27, 2271
4132.28, 2270
4133.97, 2269
4142.24, 2268
4143.29, 2267
4143.76, 2266
4150.69, 2265
4151.3, 2264
4155.84, 2263
4156.6, 2262
4162.08, 2261
4164.56, 2260
4168.53, 2259
4169.3, 2258
4170.04, 2257
4172.73, 2256
4208.46, 2255
4210.4, 2254
4215.91, 2253
4218.07, 2252
4222.75, 2251
4223.6, 2250
4240.43, 2249
4241.57, 2248
4244.39, 2247
4250.98, 2246
4256.81, 2245
4264.03, 2244
4266.9, 2243
4269.13, 2242
4271.97, 2241
4273.14, 2240
4287.32, 2239
4287.36, 2238
4287.93, 2237
4309.56, 2236
4312.97, 2235
4315.94, 2234
4320.17, 2233
4325.93, 2232
4339.92, 2231
4343.17, 2230
4347.55, 2229
4357.94, 2228
4360.17, 2227
4362.72, 2226
4370.96, 2225
4371.69, 2224
4378.54, 2223
4380.03, 2222
4380.86, 2221
4387.46, 2220
4389.75, 2219
4392.17, 2218
4394.88, 2217
4431.97, 2216
4432.61, 2215
4435.44, 2214
4437.88, 2213
4442.09, 2212
4443.51, 2211
4449.88, 2210
4450.79, 2209
4455.43, 2208
4456.21, 2207
4493.9, 2206
4499.24, 2205
4500.7, 2204
4502.74, 2203
4507.51, 2202
4508.27, 2201
4511.61, 2200
4516.71, 2199
4520.41, 2198
4524.38, 2197
4526.57, 2196
4532.57, 2195
4544.78, 2194
4551.0, 2193
4553.3, 2192
4556.0, 2191
4559.65, 2190
4562.26, 2189
4576.31, 2188
4580.15, 2187
4589.57, 2186
4590.33, 2185
4594.58, 2184
4600.97, 2183
4605.05, 2182
4606.29, 2181
4616.91, 2180
4617.69, 2179
4623.63, 2178
4629.85, 2177
4633.84, 2176
4646.08, 2175
4654.59, 2174
4656.18, 2173
4665.29, 2172
4669.98, 2171
4672.11, 2170
4673.1, 2169
4679.07, 2168
4682.1, 2167
4683.85, 2166
4687.86, 2165
4689.68, 2164
4693.95, 2163
4697.22, 2162
4698.23, 2161
4703.1, 2160
4708.27, 2159
4711.79, 2158
4715.48, 2157
4717.4, 2156
4718.86, 2155
4724.99, 2154
4729.74, 2153
4733.32, 2152
4734.05, 2151
4739.75, 2150
4743.37, 2149
4744.96, 2148
4748.36, 2147
4752.03, 2146
4755.71, 2145
4760.51, 2144
4761.7, 2143
4765.56, 2142
4778.54, 2141
4784.54, 2140
4786.69, 2139
4789.19, 2138
4790.02, 2137
4794.21, 2136
4796.43, 2135
4797.5, 2134
4820.38, 2133
4828.44, 2132
4832.16, 2131
4834.57, 2130
4847.93, 2129
4851.08, 2128
4856.34, 2127
4867.26, 2126
4869.58, 2125
4889.76, 2124
4896.93, 2123
4899.72, 2122
4906.31, 2121
4907.04, 2120
4907.76, 2119
4910.04, 2118
4914.72, 2117
4917.29, 2116
4930.8, 2115
4931.25, 2114
4938.12, 2113
4939.57, 2112
4941.15, 2111
4945.4, 2110
4947.62, 2109
4949.88, 2108
4960.41, 2107
4962.82, 2106
4967.63, 2105
4968.73, 2104
4972.64, 2103
4977.74, 2102
4978.79, 2101
4994.32, 2100
4998.41, 2099
5002.49, 2098
5003.24, 2097
5003.97, 2096
5004.79, 2095
5012.73, 2094
5014.34, 2093
5018.26, 2092
5021.93, 2091
5024.73, 2090
5029.58, 2089
5037.94, 2088
5038.4, 2087
5039.22, 2086
5045.92, 2085
5048.52, 2084
5051.38, 2083
5057.92, 2082
5060.47, 2081
5062.87, 2080
5070.7, 2079
5072.41, 2078
5073.21, 2077
5073.97, 2076
5092.45, 2075
5111.14, 2074
5120.27, 2073
5126.12, 2072
5126.86, 2071
5145.28, 2070
5152.34, 2069
5156.25, 2068
5161.08, 2067
5165.65, 2066
5167.56, 2065
5168.35, 2064
5170.71, 2063
5170.78, 2062
5170.79, 2061
5183.95, 2060
5186.46, 2059
5189.54, 2058
5194.05, 2057
5195.21, 2056
5196.04, 2055
5196.76, 2054
5220.75, 2053
5221.75, 2052
5234.86, 2051
5241.34, 2050
5248.56, 2049
5249.32, 2048
5256.34, 2047
5265.71, 2046
5268.43, 2045
5276.01, 2044
5282.47, 2043
5293.53, 2042
5294.25, 2041
5296.2, 2040
5302.26, 2039
5305.34, 2038
5306.38, 2037
5316.28, 2036
5318.71, 2035
5320.95, 2034
5323.03, 2033
5328.27, 2032
5330.32, 2031
5343.43, 2030
5347.97, 2029
5352.47, 2028
5354.58, 2027
5356.47, 2026
5361.54, 2025
5367.62, 2024
5376.49, 2023
5377.97, 2022
5386.02, 2021
5404.99, 2020
5417.77, 2019
5420.69, 2018
5423.39, 2017
5428.67, 2016
5429.45, 2015
5440.28, 2014
5443.3, 2013
5479.95, 2012
5485.14, 2011
5487.47, 2010
5490.39, 2009
5491.78, 2008
5501.0, 2007
5501.82, 2006
5502.54, 2005
5505.96, 2004
5512.13, 2003
5516.63, 2002
5521.76, 2001
5524.72, 2000
5526.12, 1999
5526.81, 1998
5535.11, 1997
5537.62, 1996
5543.22, 1995
5545.55, 1994
5546.97, 1993
5547.77, 1992
5551.5, 1991
5554.9, 1990
5557.52, 1989
5564.52, 1988
5568.05, 1987
5573.52, 1986
5577.23, 1985
5579.41, 1984
5582.96, 1983
5584.37, 1982
5585.56, 1981
5593.5, 1980
5633.93, 1979
5640.92, 1978
5648.35, 1977
5649.67, 1976
5650.17, 1975
5650.74, 1974
5652.28, 1973
5666.63, 1972
5669.81, 1971
5678.02, 1970
5682.11, 1969
5685.39, 1968
5690.71, 1967
5696.04, 1966
5700.72, 1965
5700.8, 1964
5700.82, 1963
5703.95, 1962
5709.27, 1961
5717.01, 1960
5717.7, 1959
5745.36, 1958
5758.71, 1957
5761.5, 1956
5768.97, 1955
5771.99, 1954
5773.06, 1953
5773.84, 1952
5777.93, 1951
5782.29, 1950
5784.66, 1949
5795.7, 1948
5801.7, 1947
5804.35, 1946
5809.24, 1945
5813.02, 1944
5817.22, 1943
5820.14, 1942
5823.92, 1941
5839.64, 1940
5843.54, 1939
5851.0, 1938
5856.52, 1937
5860.5, 1936
5863.08, 1935
5865.82, 1934
5866.58, 1933
5874.68, 1932
5881.68, 1931
5884.3, 1930
5886.44, 1929
5887.79, 1928
5888.58, 1927
5895.61, 1926
5899.78, 1925
5906.57, 1924
5909.04, 1923
5910.78, 1922
5911.58, 1921
5924.21, 1920
5936.06, 1919
5936.84, 1918
5973.85, 1917
5976.86, 1916
5986.7, 1915
5989.24, 1914
6024.53, 1913
6024.85, 1912
6025.59, 1911
6026.32, 1910
6027.05, 1909
6027.79, 1908
6028.52, 1907
6029.24, 1906
6037.3, 1905
6041.67, 1904
6046.09, 1903
6050.73, 1902
6053.29, 1901
6057.18, 1900
6062.06, 1899
6066.56, 1898
6067.28, 1897
6098.24, 1896
6110.44, 1895
6115.5, 1894
6123.11, 1893
6129.1, 1892
6131.44, 1891
6133.73, 1890
6139.59, 1889
6146.22, 1888
6176.31, 1887
6183.35, 1886
6184.21, 1885
6186.91, 1884
6199.87, 1883
6204.27, 1882
6204.28, 1881
6223.28, 1880
6229.32, 1879
6232.3, 1878
6233.08, 1877
6239.84, 1876
6245.17, 1875
6261.97, 1874
6266.73, 1873
6266.78, 1872
6278.26, 1871
6280.28, 1870
6283.41, 1869
6288.75, 1868
6305.48, 1867
6311.03, 1866
6319.0, 1865
6332.44, 1864
6339.83, 1863
6344.66, 1862
6346.74, 1861
6351.54, 1860
6358.78, 1859
6376.49, 1858
6386.11, 1857
6392.92, 1856
6394.26, 1855
6402.59, 1854
6412.46, 1853
6428.98, 1852
6433.97, 1851
6445.75, 1850
6449.34, 1849
6451.56, 1848
6462.43, 1847
6468.57, 1846
6475.65, 1845
6492.52, 1844
6498.63, 1843
6503.95, 1842
6506.56, 1841
6509.56, 1840
6518.83, 1839
6519.91, 1838
6522.61, 1837
6526.09, 1836
6534.45, 1835
6536.1, 1834
6539.55, 1833
6571.37, 1832
6577.12, 1831
6579.51, 1830
6592.29, 1829
6600.19, 1828
6604.74, 1827
6621.69, 1826
6625.1, 1825
6655.35, 1824
6665.22, 1823
6669.21, 1822
6669.64, 1821
6676.78, 1820
6679.02, 1819
6688.42, 1818
6692.78, 1817
6693.81, 1816
6700.33, 1815
6703.34, 1814
6725.91, 1813
6735.18, 1812
6752.4, 1811
6767.7, 1810
6770.14, 1809
6771.05, 1808
6772.94, 1807
6779.88, 1806
6815.97, 1805
6828.95, 1804
6861.2, 1803
6865.77, 1802
6869.57, 1801
6877.29, 1800
6884.66, 1799
6888.4, 1798
6897.44, 1797
6908.8, 1796
6909.59, 1795
6916.37, 1794
6918.65, 1793
6921.75, 1792
6924.89, 1791
6940.47, 1790
6944.8, 1789
6948.36, 1788
6967.0, 1787
6977.13, 1786
6992.75, 1785
7022.06, 1784
7028.18, 1783
7039.08, 1782
7043.81, 1781
7048.99, 1780
7063.85, 1779
7073.46, 1778
7084.54, 1777
7086.95, 1776
7098.2, 1775
7098.38, 1774
7108.12, 1773
7114.78, 1772
7120.07, 1771
7128.47, 1770
7135.34, 1769
7144.7, 1768
7146.01, 1767
7150.45, 1766
7168.18, 1765
7185.26, 1764
7193.84, 1763
7196.37, 1762
7222.87, 1761
7225.93, 1760
7229.84, 1759
7233.55, 1758
7236.41, 1757
7237.19, 1756
7249.01, 1755
7255.37, 1754
7256.22, 1753
7273.06, 1752
7278.21, 1751
7280.77, 1750
7286.43, 1749
7292.06, 1748
7299.61, 1747
7319.9, 1746
7325.35, 1745
7335.72, 1744
7347.17, 1743
7355.75, 1742
7361.95, 1741
7365.75, 1740
7368.08, 1739
7380.65, 1738
7395.79, 1737
7396.59, 1736
7402.57, 1735
7411.66, 1734
7419.05, 1733
7423.66, 1732
7445.01, 1731
7446.25, 1730
7451.84, 1729
7456.46, 1728
7460.14, 1727
7463.59, 1726
7480.18, 1725
7484.28, 1724
7496.9, 1723
7498.42, 1722
7504.07, 1721
7509.7, 1720
7519.61, 1719
7527.63, 1718
7529.84, 1717
7544.53, 1716
7554.72, 1715
7558.94, 1714
7564.16, 1713
7576.75, 1712
7582.44, 1711
7588.35, 1710
7599.58, 1709
7603.17, 1708
7632.41, 1707
7647.01, 1706
7650.34, 1705
7651.01, 1704
7670.99, 1703
7674.35, 1702
7681.8, 1701
7687.73, 1700
7694.32, 1699
7698.89, 1698
7715.2, 1697
7724.47, 1696
7728.92, 1695
7739.71, 1694
7745.75, 1693
7754.46, 1692
7758.74, 1691
7761.22, 1690
7764.1, 1689
7773.18, 1688
7775.95, 1687
7784.91, 1686
7786.83, 1685
7789.26, 1684
7793.62, 1683
7797.39, 1682
7806.72, 1681
7828.28, 1680
7845.22, 1679
7850.99, 1678
7851.83, 1677
7871.35, 1676
7885.94, 1675
7888.37, 1674
7915.45, 1673
7921.42, 1672
7925.92, 1671
7932.37, 1670
7934.21, 1669
7937.05, 1668
7959.21, 1667
7963.58, 1666
7971.29, 1665
7974.34, 1664
7978.52, 1663
7997.03, 1662
8003.06, 1661
8006.05, 1660
8010.45, 1659
8017.27, 1658
8020.76, 1657
8024.1, 1656
8029.88, 1655
8034.7, 1654
8034.99, 1653
8042.6, 1652
8045.67, 1651
8050.8, 1650
8092.17, 1649
8095.64, 1648
8102.06, 1647
8116.62, 1646
8118.12, 1645
8118.88, 1644
8122.95, 1643
8125.92, 1642
8128.59, 1641
8144.75, 1640
8147.38, 1639
8149.61, 1638
8167.02, 1637
8171.46, 1636
8178.17, 1635
8195.08, 1634
8199.81, 1633
8204.33, 1632
8220.79, 1631
8227.5, 1630
8237.89, 1629
8246.99, 1628
8251.1, 1627
8255.19, 1626
8258.04, 1625
8266.4, 1624
8276.77, 1623
8286.09, 1622
8289.01, 1621
8305.04, 1620
8313.95, 1619
8316.94, 1618
8320.52, 1617
8322.86, 1616
8334.38, 1615
8335.42, 1614
8339.33, 1613
8342.56, 1612
8348.76, 1611
8391.14, 1610
8398.73, 1609
8416.87, 1608
8424.43, 1607
8439.83, 1606
8457.33, 1605
8464.73, 1604
8466.49, 1603
8468.73, 1602
8478.1, 1601
8480.17, 1600
8482.99, 1599
8489.23, 1598
8490.42, 1597
8493.87, 1596
8521.39, 1595
8532.11, 1594
8542.54, 1593
8560.63, 1592
8562.76, 1591
8572.27, 1590
8575.15, 1589
8576.06, 1588
8591.52, 1587
8595.52, 1586
8609.7, 1585
8633.65, 1584
8637.5, 1583
8642.73, 1582
8651.74, 1581
8656.15, 1580
8663.35, 1579
8670.61, 1578
8671.93, 1577
8682.24, 1576
8705.15, 1575
8708.22, 1574
8715.82, 1573
8720.1, 1572
8721.59, 1571
8727.45, 1570
8730.24, 1569
8735.62, 1568
8739.09, 1567
8763.58, 1566
8766.66, 1565
8778.0, 1564
8787.26, 1563
8789.16, 1562
8792.61, 1561
8806.7, 1560
8809.13, 1559
8813.36, 1558
8818.81, 1557
8819.52, 1556
8823.85, 1555
8847.28, 1554
8851.8, 1553
8879.18, 1552
8880.56, 1551
8891.99, 1550
8899.06, 1549
8909.15, 1548
8912.74, 1547
8914.11, 1546
8926.6, 1545
8928.22, 1544
8931.91, 1543
8936.37, 1542
8939.78, 1541
8944.58, 1540
8950.04, 1539
8954.9, 1538
8956.44, 1537
8973.1, 1536
9006.38, 1535
9010.15, 1534
9016.92, 1533
9022.23, 1532
9023.92, 1531
9027.09, 1530
9039.93, 1529
9042.72, 1528
9046.23, 1527
9054.13, 1526
9056.49, 1525
9059.98, 1524
9063.76, 1523
9067.8, 1522
9071.47, 1521
9072.88, 1520
9093.86, 1519
9113.61, 1518
9121.62, 1517
9128.13, 1516
9132.53, 1515
9141.14, 1514
9143.9, 1513
9154.1, 1512
9166.42, 1511
9170.81, 1510
9174.18, 1509
9188.42, 1508
9191.08, 1507
9192.62, 1506
9216.01, 1505
9219.36, 1504
9229.41, 1503
9233.1, 1502
9237.91, 1501
9241.89, 1500
9262.15, 1499
9267.05, 1498
9278.16, 1497
9280.54, 1496
9283.46, 1495
9289.98, 1494
9300.19, 1493
9301.82, 1492
9305.19, 1491
9315.88, 1490
9317.5, 1489
9322.28, 1488
9329.82, 1487
9335.12, 1486
9339.97, 1485
9347.13, 1484
9357.98, 1483
9361.38, 1482
9364.87, 1481
9396.9, 1480
9401.51, 1479
9408.74, 1478
9413.93, 1477
9417.64, 1476
9424.42, 1475
9442.34, 1474
9447.36, 1473
9456.31, 1472
9458.69, 1471
9463.85, 1470
9470.89, 1469
9472.44, 1468
9480.28, 1467
9494.3, 1466
9497.27, 1465
9510.78, 1464
9516.49, 1463
9522.31, 1462
9539.56, 1461
9544.32, 1460
9546.63, 1459
9556.36, 1458
9579.4, 1457
9583.16, 1456
9594.42, 1455
9601.3, 1454
9610.11, 1453
9613.2, 1452
9638.88, 1451
9651.7, 1450
9655.03, 1449
9659.42, 1448
9662.14, 1447
9667.18, 1446
9679.16, 1445
9683.69, 1444
9693.88, 1443
9699.48, 1442
9706.6, 1441
9716.37, 1440
9726.15, 1439
9728.48, 1438
9738.85, 1437
9766.69, 1436
9767.65, 1435
9772.68, 1434
9777.14, 1433
9780.59, 1432
9784.88, 1431
9793.85, 1430
9800.38, 1429
9804.54, 1428
9833.65, 1427
9836.4, 1426
9839.98, 1425
9842.65, 1424
9846.47, 1423
9873.08, 1422
9877.35, 1421
9880.07, 1420
9895.32, 1419
9903.73, 1418
9905.52, 1417
9914.98, 1416
9922.52, 1415
9928.92, 1414
9952.94, 1413
9956.01, 1412
9970.64, 1411
9977.03, 1410
9989.9, 1409
9996.4, 1408
10005.75, 1407
10008.48, 1406
10018.36, 1405
10040.62, 1404
10047.59, 1403
10057.09, 1402
10060.83, 1401
10064.04, 1400
10071.16, 1399
10089.15, 1398
10091.8, 1397
10093.73, 1396
10108.09, 1395
10110.84, 1394
10115.13, 1393
10142.67, 1392
10149.91, 1391
10154.75, 1390
10157.67, 1389
10166.41, 1388
10176.35, 1387
10187.29, 1386
10189.37, 1385
10194.17, 1384
10202.59, 1383
10206.23, 1382
10210.89, 1381
10231.9, 1380
10241.76, 1379
10243.35, 1378
10259.33, 1377
10262.92, 1376
10265.86, 1375
10285.52, 1374
10288.11, 1373
10291.44, 1372
10293.9, 1371
10333.52, 1370
10337.55, 1369
10341.2, 1368
10364.06, 1367
10371.78, 1366
10380.35, 1365
10389.5, 1364
10392.18, 1363
10402.88, 1362
10421.3, 1361
10425.97, 1360
10437.64, 1359
10440.91, 1358
10442.47, 1357
10447.29, 1356
10453.45, 1355
10454.88, 1354
10476.57, 1353
10491.4, 1352
10493.52, 1351
10497.76, 1350
10502.36, 1349
10513.65, 1348
10518.49, 1347
10538.87, 1346
10542.24, 1345
10546.2, 1344
10550.2, 1343
10556.12, 1342
10562.12, 1341
10577.65, 1340
10585.26, 1339
10591.37, 1338
10597.86, 1337
10605.96, 1336
10614.24, 1335
10626.01, 1334
10629.54, 1333
10633.53, 1332
10647.54, 1331
10658.15, 1330
10659.47, 1329
10678.14, 1328
10689.79, 1327
10700.07, 1326
10708.71, 1325
10711.63, 1324
10719.58, 1323
10741.28, 1322
10745.13, 1321
10747.29, 1320
10762.29, 1319
10765.52, 1318
10769.21, 1317
10779.91, 1316
10780.62, 1315
10784.44, 1314
10789.87, 1313
10792.1, 1312
10796.22, 1311
10807.03, 1310
10821.02, 1309
10833.24, 1308
10839.85, 1307
10840.68, 1306
10853.12, 1305
10854.8, 1304
10858.78, 1303
10867.33, 1302
10878.97, 1301
10889.59, 1300
10894.7, 1299
10907.77, 1298
10910.83, 1297
10919.71, 1296
10951.02, 1295
10956.17, 1294
10959.96, 1293
10965.33, 1292
10969.91, 1291
10973.73, 1290
10998.37, 1289
11003.33, 1288
11009.37, 1287
11012.42, 1286
11013.97, 1285
11023.1, 1284
11030.07, 1283
11039.13, 1282
11043.41, 1281
11056.11, 1280
11059.59, 1279
11063.07, 1278
11071.21, 1277
11073.09, 1276
11082.48, 1275
11089.9, 1274
11094.95, 1273
11103.14, 1272
11122.95, 1271
11132.42, 1270
11157.17, 1269
11160.14, 1268
11164.01, 1267
11179.82, 1266
11181.94, 1265
11187.59, 1264
11193.04, 1263
11197.1, 1262
11197.93, 1261
11213.24, 1260
11218.6, 1259
11238.16, 1258
11239.34, 1257
11244.24, 1256
11256.76, 1255
11258.19, 1254
11264.75, 1253
11275.48, 1252
11297.46, 1251
11300.51, 1250
11304.4, 1249
11311.4, 1248
11316.05, 1247
11354.66, 1246
11355.52, 1245
11356.36, 1244
11357.08, 1243
11361.13, 1242
11363.79, 1241
11368.15, 1240
11380.41, 1239
11383.2, 1238
11391.64, 1237
11397.38, 1236
11405.33, 1235
11419.33, 1234
11428.25, 1233
11430.22, 1232
11435.93, 1231
11438.06, 1230
11447.21, 1229
11456.7, 1228
11462.17, 1227
11464.75, 1226
11472.51, 1225
11488.43, 1224
11495.65, 1223
11519.2, 1222
11523.86, 1221
11539.68, 1220
11544.17, 1219
11544.77, 1218
11559.09, 1217
11561.21, 1216
11563.93, 1215
11570.1, 1214
11572.97, 1213
11577.93, 1212
11590.6, 1211
11594.68, 1210
11618.44, 1209
11627.0, 1208
11636.17, 1207
11646.06, 1206
11654.29, 1205
11657.21, 1204
11685.51, 1203
11697.16, 1202
11699.85, 1201
11704.61, 1200
11708.96, 1199
11713.41, 1198
11716.06, 1197
11736.84, 1196
11739.57, 1195
11744.62, 1194
11748.66, 1193
11752.33, 1192
11755.25, 1191
11767.03, 1190
11771.38, 1189
11776.83, 1188
11780.24, 1187
11789.64, 1186
11806.72, 1185
11829.49, 1184
11832.9, 1183
11838.79, 1182
11853.19, 1181
11857.02, 1180
11863.52, 1179
11870.88, 1178
11877.85, 1177
11880.13, 1176
11884.64, 1175
11904.52, 1174
11910.19, 1173
11926.11, 1172
11930.45, 1171
11936.98, 1170
11961.65, 1169
11968.23, 1168
11973.33, 1167
11980.65, 1166
11986.11, 1165
11989.71, 1164
12006.51, 1163
12008.91, 1162
12021.44, 1161
12024.73, 1160
12029.77, 1159
12042.64, 1158
12046.67, 1157
12054.55, 1156
12073.03, 1155
12085.65, 1154
12089.02, 1153
12093.18, 1152
12100.63, 1151
12105.59, 1150
12110.25, 1149
12128.06, 1148
12141.68, 1147
12144.6, 1146
12159.94, 1145
12164.93, 1144
12168.04, 1143
12172.47, 1142
12180.41, 1141
12186.04, 1140
12189.77, 1139
12193.6, 1138
12205.2, 1137
12219.98, 1136
12223.6, 1135
12229.2, 1134
12232.73, 1133
12238.9, 1132
12241.25, 1131
12246.85, 1130
12251.72, 1129
12255.36, 1128
12264.66, 1127
12266.48, 1126
12269.93, 1125
12299.61, 1124
12321.65, 1123
12334.63, 1122
12336.94, 1121
12339.38, 1120
12345.24, 1119
12347.15, 1118
12356.57, 1117
12373.01, 1116
12379.48, 1115
12394.41, 1114
12400.97, 1113
12405.88, 1112
12413.57, 1111
12415.93, 1110
12420.44, 1109
12437.22, 1108
12450.13, 1107
12456.6, 1106
12459.91, 1105
12469.62, 1104
12473.09, 1103
12479.5, 1102
12480.52, 1101
12504.52, 1100
12506.66, 1099
12517.01, 1098
12523.15, 1097
12530.49, 1096
12580.28, 1095
12586.19, 1094
12594.14, 1093
12597.23, 1092
12601.05, 1091
12605.99, 1090
12620.75, 1089
12626.15, 1088
12634.56, 1087
12650.0, 1086
12651.69, 1085
12656.42, 1084
12662.57, 1083
12668.97, 1082
12674.3, 1081
12681.62, 1080
12689.83, 1079
12722.09, 1078
12727.16, 1077
12743.52, 1076
12747.12, 1075
12753.28, 1074
12759.16, 1073
12762.42, 1072
12766.69, 1071
12783.24, 1070
12787.71, 1069
12800.7, 1068
12805.12, 1067
12815.7, 1066
12827.6, 1065
12833.02, 1064
12836.53, 1063
12840.81, 1062
12859.43, 1061
12860.72, 1060
12867.56, 1059
12871.84, 1058
12875.14, 1057
12880.4, 1056
12922.76, 1055
12930.09, 1054
12934.9, 1053
12942.61, 1052
12952.27, 1051
12957.78, 1050
12963.83, 1049
12975.42, 1048
12995.58, 1047
12999.89, 1046
13004.84, 1045
13017.23, 1044
13025.61, 1043
13031.81, 1042
13037.65, 1041
13052.41, 1040
13059.28, 1039
13071.89, 1038
13080.57, 1037
13086.19, 1036
13090.05, 1035
13096.39, 1034
13099.65, 1033
13104.91, 1032
13146.89, 1031
13149.63, 1030
13160.82, 1029
13174.19, 1028
13179.92, 1027
13181.93, 1026
13192.43, 1025
13206.57, 1024
13218.16, 1023
13221.81, 1022
13225.19, 1021
13232.7, 1020
13238.51, 1019
13243.17, 1018
13263.88, 1017
13294.66, 1016
13299.82, 1015
13305.13, 1014
13311.73, 1013
13317.16, 1012
13321.29, 1011
13327.77, 1010
13344.66, 1009
13352.12, 1008
13358.24, 1007
13361.98, 1006
13368.5, 1005
13380.19, 1004
13382.97, 1003
13389.81, 1002
13396.63, 1001
13400.46, 1000
13413.8, 999
13428.78, 998
13435.11, 997
13446.16, 996
13462.73, 995
13472.61, 994
13478.44, 993
13490.2, 992
13497.26, 991
13503.83, 990
13513.08, 989
13515.41, 988
13522.25, 987
13544.79, 986
13547.13, 985
13553.84, 984
13556.69, 983
13563.54, 982
13579.01, 981
13600.62, 980
13627.87, 979
13634.09, 978
13638.21, 977
13645.2, 976
13647.24, 975
13655.79, 974
13658.83, 973
13684.41, 972
13689.65, 971
13694.12, 970
13699.21, 969
13704.76, 968
13713.82, 967
13722.96, 966
13729.99, 965
13733.09, 964
13739.57, 963
13743.57, 962
13746.63, 961
13761.45, 960
13762.25, 959
13767.16, 958
13772.08, 957
13775.4, 956
13782.43, 955
13789.63, 954
13794.93, 953
13797.24, 952
13809.91, 951
13813.8, 950
13816.3, 949
13822.9, 948
13827.75, 947
13830.61, 946
13839.25, 945
13856.0, 944
13863.77, 943
13923.82, 942
13933.56, 941
13939.64, 940
13944.29, 939
13949.91, 938
13965.52, 937
13981.75, 936
13990.25, 935
13994.84, 934
14011.65, 933
14013.76, 932
14026.48, 931
14042.66, 930
14046.41, 929
14062.23, 928
14063.71, 927
14073.2, 926
14080.77, 925
14082.29, 924
14135.33, 923
14144.63, 922
14147.29, 921
14166.62, 920
14175.4, 919
14183.47, 918
14206.33, 917
14213.48, 916
14222.28, 915
14229.42, 914
14236.19, 913
14254.89, 912
14261.93, 911
14266.68, 910
14271.21, 909
14282.65, 908
14285.09, 907
14288.95, 906
14295.87, 905
14308.29, 904
14312.76, 903
14328.43, 902
14332.97, 901
14336.58, 900
14364.02, 899
14373.03, 898
14378.74, 897
14406.42, 896
14411.88, 895
14419.89, 894
14433.66, 893
14442.82, 892
14451.42, 891
14461.19, 890
14463.75, 889
14496.07, 888
14510.08, 887
14513.83, 886
14520.88, 885
14523.08, 884
14529.3, 883
14536.87, 882
14552.37, 881
14563.79, 880
14567.46, 879
14580.62, 878
14586.49, 877
14591.62, 876
14607.55, 875
14613.96, 874
14623.24, 873
14626.97, 872
14633.57, 871
14640.91, 870
14646.89, 869
14652.29, 868
14656.74, 867
14667.0, 866
14673.26, 865
14679.92, 864
14684.24, 863
14689.98, 862
14994.47, 861
15007.45, 860
15330.37, 859
