3564.16, 7021
3571.25, 7017
3577.3, 6903
3579.09, 6900
3584.42, 6899
3586.15, 6787
3590.99, 6786
3598.47, 6785
3602.73, 6784
3604.27, 6783
3610.76, 6782
3612.42, 6673
3629.23, 6671
3631.15, 6670
3639.31, 6669
3651.78, 6668
3659.06, 6667
3669.04, 6666
3674.93, 6561
3681.72, 6558
3692.03, 6557
3697.98, 6556
3703.06, 6555
3717.8, 6554
3722.61, 6553
3725.28, 6552
3736.71, 6451
3741.25, 6447
3754.67, 6446
3761.79, 6445
3763.54, 6444
3774.15, 6443
3776.71, 6442
3783.03, 6441
3789.77, 6440
3796.06, 6439
3814.02, 6438
3818.18, 6437
3843.07, 6343
3847.21, 6338
3848.54, 6337
3849.97, 6335
3859.24, 6334
3868.09, 6332
3878.21, 6331
3884.04, 6330
3895.29, 6329
3896.68, 6328
3906.82, 6327
3908.31, 6326
3912.41, 6325
3917.31, 6324
3926.34, 6237
3929.46, 6231
3939.35, 6230
3941.67, 6227
3950.93, 6226
3963.19, 6225
3965.3, 6223
3966.75, 6222
3973.14, 6221
3977.34, 6220
3981.86, 6219
3986.76, 6218
3991.37, 6217
3995.83, 6216
4001.61, 6215
4006.87, 6214
4011.13, 6213
4017.47, 6212
4023.73, 6133
4027.65, 6126
4032.37, 6125
4040.99, 6121
4043.11, 6120
4067.69, 6118
4074.17, 6116
4078.83, 6115
4091.87, 6114
4096.63, 6113
4103.16, 6112
4107.9, 6111
4125.62, 6110
4132.43, 6109
4134.37, 6108
4141.43, 6107
4145.13, 6106
4155.11, 6105
4161.14, 6104
4166.49, 6103
4172.96, 6102
4183.18, 6031
4194.95, 6023
4197.87, 6022
4203.1, 6017
4218.31, 6016
4229.35, 6013
4237.6, 6011
4243.36, 6010
4256.04, 6008
4258.87, 6007
4264.08, 6006
4268.73, 6005
4282.85, 6004
4299.5, 6003
4308.67, 6002
4321.64, 6001
4332.85, 6000
4336.07, 5999
4342.23, 5998
4345.77, 5997
4351.16, 5996
4356.06, 5995
4363.54, 5994
4367.0, 5993
4375.66, 5992
4377.42, 5991
4398.13, 5931
4404.53, 5922
4409.95, 5921
4411.71, 5915
4416.48, 5914
4424.04, 5910
4427.31, 5908
4429.88, 5907
4441.33, 5904
4453.55, 5903
4460.63, 5902
4464.18, 5901
4474.91, 5900
4479.8, 5899
4489.79, 5898
4496.09, 5897
4501.59, 5896
4510.48, 5895
4517.17, 5894
4524.17, 5893
4525.82, 5892
4531.02, 5891
4541.23, 5890
4544.09, 5889
4550.34, 5888
4557.3, 5887
4573.13, 5886
4585.52, 5885
4590.0, 5884
4605.9, 5883
4624.61, 5833
4627.15, 5823
4633.85, 5822
4638.21, 5815
4644.23, 5814
4655.45, 5809
4656.92, 5807
4663.38, 5806
4672.76, 5805
4676.73, 5802
4692.69, 5801
4700.7, 5800
4717.3, 5799
4725.4, 5798
4735.08, 5797
4736.98, 5796
4746.33, 5795
4753.53, 5794
4758.35, 5793
4766.6, 5792
4774.27, 5791
4785.27, 5790
4792.51, 5789
4797.7, 5788
4803.53, 5787
4811.64, 5786
4816.03, 5785
4822.6, 5784
4828.41, 5783
4834.51, 5782
4841.25, 5781
4843.73, 5780
4858.06, 5779
4862.12, 5778
4874.88, 5777
4884.94, 5776
4892.4, 5775
4897.46, 5774
4913.32, 5737
4919.42, 5726
4926.44, 5725
4928.98, 5717
4933.64, 5716
4941.61, 5710
4948.44, 5708
4952.39, 5707
4958.6, 5705
4962.13, 5702
4969.16, 5701
4973.27, 5700
4975.78, 5699
4981.77, 5698
4986.96, 5697
4993.53, 5696
5001.59, 5695
5027.34, 5694
5034.14, 5693
5041.4, 5692
5048.93, 5690
5054.56, 5689
5067.97, 5688
5079.71, 5687
5089.62, 5686
5092.57, 5685
5108.84, 5684
5118.16, 5683
5122.26, 5682
5130.76, 5681
5141.04, 5680
5146.71, 5679
5159.36, 5678
5171.81, 5677
5184.33, 5676
5189.27, 5675
5193.95, 5674
5200.24, 5673
5207.07, 5672
5214.44, 5671
5224.72, 5670
5230.22, 5669
5234.69, 5668
5251.46, 5643
5258.56, 5631
5263.8, 5630
5276.28, 5621
5284.51, 5620
5296.6, 5613
5297.69, 5611
5301.2, 5610
5312.31, 5607
5316.58, 5604
5318.3, 5603
5326.32, 5602
5329.33, 5601
5336.42, 5600
5345.52, 5599
5356.9, 5598
5360.47, 5597
5367.88, 5596
5376.27, 5595
5377.37, 5594
5389.04, 5593
5396.31, 5592
5409.77, 5590
5424.1, 5589
5427.42, 5588
5433.01, 5587
5434.84, 5586
5441.78, 5585
5458.42, 5584
5465.17, 5583
5469.51, 5582
5472.53, 5581
5484.4, 5580
5495.12, 5579
5500.77, 5578
5505.17, 5577
5512.65, 5576
5516.78, 5575
5528.31, 5574
5534.53, 5573
5545.09, 5572
5555.56, 5571
5566.97, 5570
5574.04, 5569
5583.21, 5568
5584.65, 5567
5590.78, 5566
5603.05, 5565
5619.4, 5564
5626.07, 5563
5628.78, 5562
5644.8, 5551
5651.06, 5538
5660.02, 5537
5661.52, 5527
5674.14, 5526
5681.83, 5518
5691.76, 5516
5701.63, 5515
5709.69, 5511
5716.74, 5508
5718.4, 5507
5722.12, 5506
5727.81, 5505
5734.64, 5504
5741.0, 5502
5744.34, 5501
5751.92, 5500
5756.37, 5499
5760.73, 5498
5764.57, 5497
5767.32, 5496
5774.02, 5495
5778.9, 5494
5789.87, 5492
5792.05, 5491
5807.38, 5490
5810.02, 5489
5824.51, 5488
5827.83, 5487
5841.72, 5486
5854.19, 5485
5858.39, 5484
5872.84, 5483
5876.64, 5482
5888.29, 5481
5899.94, 5480
5914.36, 5479
5915.98, 5478
5917.33, 5477
5922.79, 5476
5931.31, 5475
5946.16, 5474
5951.37, 5473
5958.27, 5472
5959.73, 5471
5974.24, 5470
5983.58, 5469
5988.08, 5468
5999.09, 5467
6001.03, 5466
6026.17, 5465
6028.19, 5464
6034.69, 5463
6045.33, 5462
6046.77, 5461
6055.45, 5460
6065.01, 5459
6068.3, 5458
6080.46, 5457
6087.3, 5456
6100.83, 5447
6109.87, 5446
6111.88, 5435
6116.66, 5434
6139.61, 5425
6148.71, 5423
6150.4, 5422
6151.83, 5417
6161.97, 5414
6163.77, 5413
6165.19, 5412
6172.84, 5411
6175.59, 5410
6181.4, 5407
6184.87, 5406
6190.45, 5405
6198.57, 5404
6202.88, 5403
6204.31, 5402
6213.2, 5401
6217.61, 5400
6225.09, 5399
6231.29, 5398
6232.66, 5396
6239.1, 5395
6246.6, 5394
6249.65, 5393
6251.11, 5392
6257.11, 5391
6264.6, 5390
6284.69, 5389
6292.12, 5388
6294.04, 5387
6300.69, 5386
6308.47, 5385
6314.97, 5384
6323.01, 5383
6334.58, 5382
6338.12, 5381
6358.35, 5380
6382.2, 5379
6383.62, 5378
6385.03, 5377
6399.8, 5376
6401.46, 5375
6406.66, 5374
6410.01, 5373
6417.46, 5372
6423.89, 5371
6429.76, 5370
6442.06, 5369
6451.22, 5368
6457.33, 5367
6465.54, 5366
6467.04, 5365
6484.75, 5364
6497.81, 5363
6500.47, 5362
6511.76, 5361
6513.89, 5360
6516.44, 5359
6526.48, 5358
6542.27, 5357
6548.85, 5356
6557.19, 5355
6567.25, 5354
6568.7, 5353
6570.12, 5352
6590.48, 5345
6595.38, 5344
6598.39, 5334
6620.26, 5332
6630.93, 5331
6636.87, 5325
6644.54, 5322
6647.58, 5321
6648.99, 5320
6655.37, 5319
6659.95, 5318
6667.77, 5314
6672.74, 5313
6676.52, 5312
6677.98, 5311
6685.02, 5310
6691.8, 5309
6695.62, 5308
6697.05, 5307
6731.0, 5305
6732.39, 5304
6747.28, 5302
6748.68, 5301
6750.1, 5300
6756.31, 5299
6757.8, 5298
6768.11, 5297
6784.21, 5296
6785.63, 5295
6798.93, 5294
6800.08, 5293
6817.82, 5292
6825.91, 5291
6831.88, 5290
6833.35, 5289
6850.7, 5288
6882.19, 5287
6898.08, 5286
6904.51, 5285
6905.94, 5284
6911.61, 5283
6912.39, 5282
6917.87, 5281
6929.33, 5280
6940.61, 5279
6945.66, 5278
6946.97, 5277
6952.94, 5276
6960.21, 5275
6963.48, 5274
6964.96, 5273
6980.64, 5272
6982.11, 5271
6991.71, 5270
6993.68, 5269
7001.2, 5268
7025.28, 5267
7032.07, 5266
7035.26, 5265
7041.57, 5264
7050.03, 5263
7062.33, 5262
7066.69, 5261
7068.13, 5260
7074.07, 5259
7084.11, 5258
7088.43, 5257
7090.73, 5256
7115.46, 5255
7118.12, 5254
7128.16, 5253
7136.68, 5252
7136.72, 5251
7141.81, 5250
7161.72, 5245
7163.18, 5243
7178.57, 5242
7193.22, 5235
7197.72, 5232
7199.15, 5231
7206.44, 5230
7213.56, 5229
7214.96, 5228
7235.53, 5227
7240.77, 5223
7246.08, 5222
7247.49, 5221
7248.93, 5220
7256.13, 5219
7261.15, 5218
7273.15, 5217
7282.36, 5216
7292.88, 5215
7297.14, 5213
7299.78, 5212
7305.95, 5210
7312.3, 5209
7315.07, 5208
7320.07, 5207
7325.87, 5206
7328.74, 5205
7356.78, 5203
7361.85, 5202
7369.06, 5201
7373.75, 5200
7377.25, 5199
7378.69, 5198
7386.65, 5197
7391.36, 5196
7422.32, 5195
7428.35, 5194
7430.81, 5193
7438.49, 5192
7443.12, 5191
7445.79, 5190
7469.04, 5189
7474.97, 5188
7479.89, 5187
7490.56, 5186
7497.29, 5185
7502.37, 5184
7507.07, 5183
7510.53, 5182
7515.39, 5181
7519.92, 5180
7532.18, 5179
7546.02, 5178
7554.91, 5177
7563.25, 5176
7567.83, 5175
7570.22, 5174
7576.38, 5173
7580.63, 5172
7612.5, 5171
7616.82, 5170
7619.74, 5169
7627.41, 5168
7631.74, 5167
7634.94, 5166
7662.97, 5165
7667.69, 5164
7670.03, 5163
7679.4, 5162
7684.03, 5161
7686.64, 5160
7696.93, 5159
7701.36, 5158
7704.19, 5157
7715.32, 5156
7719.83, 5155
7722.93, 5154
7732.0, 5153
7745.75, 5152
7757.02, 5151
7764.89, 5150
7771.75, 5149
7776.95, 5148
7779.3, 5147
7825.79, 5144
7831.9, 5143
7836.7, 5142
7839.6, 5141
7845.2, 5140
7851.74, 5138
7856.19, 5134
7860.84, 5133
7863.53, 5132
7869.67, 5131
7874.47, 5130
7879.23, 5129
7881.97, 5128
7890.56, 5127
7912.86, 5126
7917.43, 5125
7919.96, 5123
7925.16, 5122
7931.69, 5120
7936.14, 5119
7942.86, 5118
7947.59, 5117
7950.24, 5116
7951.7, 5115
7964.39, 5114
7981.6, 5112
7990.67, 5111
7998.27, 5110
8002.91, 5109
8005.76, 5108
8012.25, 5107
8016.53, 5106
8020.9, 5105
8030.91, 5104
8036.7, 5103
8042.67, 5102
8060.03, 5101
8074.94, 5100
8083.29, 5099
8088.59, 5098
8095.18, 5097
8099.51, 5096
8102.65, 5095
8143.43, 5094
8149.79, 5093
8153.12, 5092
8160.23, 5091
8165.42, 5090
8168.62, 5089
8170.07, 5088
8175.85, 5087
8181.42, 5086
8184.12, 5085
8196.19, 5084
8202.39, 5083
8205.65, 5082
8207.37, 5081
8214.56, 5080
8219.54, 5079
8222.4, 5078
8232.27, 5077
8243.52, 5076
8247.7, 5075
8250.12, 5074
8256.41, 5073
8263.82, 5072
8266.46, 5071
8299.01, 5070
8304.26, 5069
8306.28, 5068
8328.57, 5067
8338.3, 5066
8343.24, 5065
8354.22, 5064
8359.62, 5063
8473.08, 5062
8482.37, 5061
8487.96, 5060
8490.54, 5059
8492.54, 5058
8493.38, 5057
8494.79, 5056
8506.1, 5055
8513.75, 5054
8533.54, 5053
8540.94, 5052
8546.03, 5051
8548.63, 5050
8560.99, 5049
8565.97, 5048
8568.78, 5047
8590.01, 5046
8595.49, 5045
8599.96, 5044
8610.28, 5043
8618.18, 5042
8622.77, 5041
8625.81, 5040
8634.35, 5038
8640.01, 5037
8642.04, 5035
8646.38, 5034
8656.22, 5032
8661.81, 5031
8665.0, 5030
8676.56, 5029
8698.86, 5028
8701.39, 5027
8726.09, 5026
8738.21, 5025
8745.49, 5023
8749.63, 5022
8756.13, 5021
8760.5, 5020
8763.04, 5019
8767.86, 5018
8773.92, 5017
8783.89, 5016
8793.02, 5015
8800.33, 5014
8809.99, 5013
8815.73, 5012
8817.93, 5011
8834.27, 5010
8839.13, 5009
8843.61, 5008
8850.76, 5007
8857.17, 5006
8863.05, 5005
8875.98, 5004
8884.0, 5003
8895.97, 5002
8900.06, 5001
8908.43, 5000
8913.9, 4999
8916.39, 4998
8921.66, 4997
8927.18, 4996
8930.03, 4995
8936.05, 4994
8946.27, 4993
8950.71, 4992
8953.24, 4991
8971.08, 4990
8980.66, 4989
8983.36, 4988
8984.72, 4987
8990.78, 4986
8997.27, 4985
9014.53, 4984
9033.11, 4983
9038.36, 4982
9040.61, 4981
9046.89, 4980
9051.47, 4979
9053.96, 4978
9064.5, 4977
9073.93, 4976
9089.76, 4975
9098.0, 4974
9103.36, 4973
9106.46, 4972
9122.6, 4971
9135.45, 4970
9144.95, 4969
9149.41, 4968
9156.19, 4967
9163.26, 4966
9167.73, 4965
9179.23, 4964
9183.98, 4963
9202.49, 4962
9213.49, 4961
9220.27, 4960
9226.11, 4959
9245.4, 4958
9264.33, 4957
9268.72, 4956
9279.01, 4955
9284.34, 4954
9286.66, 4953
9296.39, 4952
9301.07, 4951
9303.51, 4950
9312.39, 4949
9318.8, 4948
9324.16, 4947
9330.07, 4946
9349.27, 4945
9356.16, 4944
9361.04, 4943
9363.7, 4942
9365.16, 4941
9386.74, 4940
9409.11, 4939
9414.81, 4938
9417.31, 4936
9424.16, 4935
9430.9, 4934
9434.98, 4933
9448.81, 4932
9462.82, 4931
9467.4, 4930
9470.01, 4929
9480.6, 4928
9485.29, 4927
9495.39, 4926
9516.06, 4925
9522.11, 4924
9525.06, 4923
9540.17, 4922
9553.22, 4921
9559.32, 4920
9562.46, 4919
9569.62, 4918
9574.54, 4917
9583.9, 4916
9590.64, 4915
9594.85, 4914
9596.27, 4913
9605.38, 4912
9614.93, 4911
9619.72, 4910
9622.57, 4909
9623.79, 4908
9625.18, 4907
9632.27, 4906
9638.18, 4905
9651.73, 4904
9656.87, 4903
9659.38, 4902
9664.6, 4901
9689.71, 4900
9698.2, 4899
9704.0, 4898
9706.43, 4897
9712.6, 4896
9717.88, 4895
9727.57, 4894
9731.93, 4893
9742.69, 4892
9746.22, 4891
9748.95, 4890
9759.03, 4889
9763.94, 4888
9766.6, 4887
9779.14, 4886
9783.7, 4885
9807.96, 4884
9813.08, 4883
9815.75, 4882
9821.4, 4881
9828.57, 4880
9831.43, 4879
9867.39, 4878
9874.13, 4877
9880.58, 4876
9886.31, 4875
9889.0, 4874
9899.0, 4873
9904.24, 4872
9917.31, 4871
9918.73, 4870
9933.73, 4869
9943.28, 4868
9949.04, 4867
9952.53, 4866
9963.72, 4865
9968.45, 4864
9975.98, 4863
9980.95, 4862
9983.73, 4861
10018.98, 4860
10027.29, 4859
10031.65, 4858
10036.61, 4857
10047.82, 4856
10053.57, 4855
10058.23, 4854
10065.38, 4853
10069.96, 4852
10075.64, 4851
10082.6, 4850
10089.56, 4849
10095.34, 4848
10109.82, 4847
10147.26, 4846
10152.9, 4845
10155.23, 4844
10167.48, 4842
10172.24, 4841
10195.62, 4840
10200.82, 4839
10203.01, 4838
10204.45, 4837
10215.67, 4836
10221.87, 4835
10224.15, 4834
10230.35, 4833
10236.24, 4832
10238.76, 4831
10270.12, 4830
10278.49, 4829
10296.44, 4828
10304.26, 4827
10312.25, 4826
10314.94, 4825
10317.19, 4824
10325.32, 4823
10330.23, 4822
10333.04, 4821
10334.44, 4820
10341.93, 4819
10349.2, 4818
10359.68, 4817
10365.22, 4816
10370.79, 4815
10373.49, 4814
10380.02, 4813
10385.99, 4812
10393.01, 4811
10396.05, 4810
10397.5, 4809
10405.88, 4808
10413.01, 4807
10435.65, 4806
10445.87, 4805
10450.59, 4804
10456.32, 4803
10461.26, 4802
10463.81, 4801
10471.0, 4800
10476.53, 4799
10500.07, 4798
10521.01, 4797
10526.63, 4796
10532.15, 4795
10539.17, 4794
10544.13, 4793
10547.41, 4792
10548.79, 4791
10555.19, 4790
10574.24, 4789
10586.91, 4788
10592.67, 4787
10595.47, 4786
10606.14, 4785
10611.31, 4784
10618.87, 4783
10625.62, 4782
10628.49, 4781
10638.11, 4780
10651.14, 4779
10657.08, 4778
10660.75, 4777
10662.14, 4776
10667.46, 4775
10672.48, 4774
10702.78, 4773
10708.51, 4772
10725.34, 4771
10747.39, 4770
10758.23, 4769
10770.5, 4768
10791.26, 4767
10797.44, 4766
10807.96, 4765
10815.67, 4764
10825.73, 4763
10834.96, 4762
10847.11, 4761
10849.23, 4760
10854.2, 4759
10865.0, 4758
10871.67, 4757
10878.15, 4756
10882.74, 4755
10890.98, 4754
10893.89, 4753
10903.01, 4752
10909.44, 4751
10915.11, 4750
10918.0, 4749
10939.64, 4748
10944.24, 4747
10993.28, 4746
10996.24, 4745
11001.25, 4744
11011.53, 4743
11021.58, 4742
11026.23, 4741
11029.1, 4740
11040.78, 4739
11047.85, 4738
11050.55, 4737
11056.61, 4736
11061.64, 4735
11066.89, 4734
11072.91, 4733
11087.04, 4732
11107.61, 4731
11114.29, 4730
11118.51, 4729
11127.47, 4728
11130.22, 4727
11134.58, 4726
11137.52, 4725
11144.98, 4724
11149.54, 4723
11153.28, 4722
11158.55, 4721
11182.72, 4720
11202.95, 4719
11211.41, 4718
11218.36, 4717
11228.22, 4716
11232.68, 4715
11237.13, 4714
11242.53, 4713
11248.16, 4712
11251.71, 4711
11276.22, 4710
11279.66, 4709
11297.4, 4708
11299.32, 4707
11317.78, 4706
11329.72, 4705
11334.73, 4704
11350.37, 4703
11356.23, 4702
11360.32, 4701
11374.85, 4700
11376.91, 4699
11383.14, 4698
11394.29, 4697
11411.31, 4696
11418.09, 4695
11429.2, 4694
11434.85, 4693
11449.42, 4692
11465.76, 4691
11474.81, 4690
11483.05, 4689
11490.5, 4688
11501.14, 4687
11511.39, 4686
11516.29, 4685
11524.69, 4684
11530.04, 4683
11550.36, 4682
11559.02, 4681
11563.0, 4680
11575.52, 4679
11578.99, 4678
11586.28, 4677
11609.35, 4676
11617.54, 4675
11623.5, 4674
11631.26, 4673
11641.71, 4672
11646.58, 4671
11657.71, 4670
11664.14, 4669
11673.71, 4668
11679.36, 4667
11682.14, 4666
11697.47, 4665
11704.17, 4664
11713.56, 4663
11717.47, 4662
11734.74, 4661
11741.57, 4660
11748.19, 4659
11759.09, 4658
11767.68, 4657
11774.52, 4656
11783.58, 4655
11789.6, 4654
11797.62, 4653
11839.54, 4652
11844.3, 4651
11849.21, 4650
11861.98, 4649
11863.43, 4648
11875.1, 4647
11890.32, 4646
11900.42, 4645
11901.84, 4644
11912.78, 4643
11914.31, 4642
11920.02, 4641
11928.01, 4640
11932.83, 4639
11935.71, 4638
11937.29, 4637
11950.14, 4636
11956.31, 4635
11981.94, 4634
11985.01, 4633
11987.51, 4632
11994.91, 4631
12000.8, 4630
12014.96, 4629
12016.54, 4628
12020.7, 4627
12026.48, 4626
12051.18, 4625
12065.03, 4624
12083.02, 4623
12096.66, 4622
12098.15, 4621
12108.0, 4620
12110.93, 4619
12121.6, 4618
12129.02, 4617
12144.27, 4616
12148.93, 4615
12154.68, 4614
12168.24, 4613
12174.96, 4612
12177.38, 4611
12184.75, 4610
12202.15, 4609
12211.76, 4608
12221.38, 4607
12225.45, 4606
12234.87, 4605
12278.48, 4604
12282.39, 4603
12290.77, 4602
12308.47, 4601
12309.93, 4600
12318.63, 4599
12323.44, 4598
12327.91, 4597
12334.25, 4596
12345.73, 4595
12350.76, 4594
12364.63, 4593
12368.11, 4592
12379.01, 4591
12384.73, 4590
12392.74, 4589
12401.5, 4588
12416.32, 4587
12434.49, 4586
12441.9, 4585
12446.55, 4584
12456.29, 4583
12457.73, 4582
12462.86, 4581
12491.21, 4580
12496.01, 4579
12508.81, 4578
12515.94, 4577
12522.56, 4576
12528.51, 4575
12554.06, 4574
12562.92, 4573
12576.34, 4572
12580.59, 4571
12584.56, 4570
12596.18, 4569
12611.26, 4568
12621.52, 4567
12631.04, 4566
12649.7, 4565
12661.9, 4564
12667.08, 4563
12675.51, 4562
12684.83, 4561
12693.91, 4560
12725.44, 4559
12730.21, 4558
12734.86, 4557
12739.6, 4556
12761.21, 4555
12777.12, 4554
12783.23, 4553
12792.56, 4552
12812.99, 4551
12821.55, 4550
12828.02, 4549
12839.77, 4548
12841.21, 4547
12845.95, 4546
12851.6, 4545
12861.48, 4544
12868.08, 4543
12891.86, 4542
12897.02, 4541
12906.79, 4540
12912.95, 4539
12918.83, 4538
12928.81, 4537
12945.42, 4536
12957.09, 4535
12961.93, 4534
12973.52, 4533
12985.0, 4532
12995.0, 4531
12996.15, 4530
13026.62, 4529
13033.78, 4528
13042.21, 4527
13043.67, 4526
13050.69, 4525
13068.17, 4524
13076.29, 4523
13080.85, 4522
13087.79, 4521
13099.19, 4520
13112.48, 4519
13124.64, 4518
13126.11, 4517
13133.87, 4516
13144.33, 4515
13145.79, 4514
13150.75, 4513
13162.64, 4512
13163.48, 4511
13167.29, 4510
13194.41, 4509
13205.09, 4508
13217.14, 4507
13226.54, 4506
13228.08, 4505
13233.9, 4504
13244.2, 4503
13249.55, 4502
13271.31, 4501
13289.37, 4500
13294.97, 4499
13316.11, 4498
13318.16, 4497
13326.48, 4496
13337.21, 4495
13343.59, 4494
13348.64, 4493
13368.33, 4492
13378.43, 4491
13384.68, 4490
13392.9, 4489
13403.08, 4488
13412.17, 4487
13425.98, 4486
13442.92, 4485
13448.16, 4484
13457.34, 4483
13463.11, 4482
13478.36, 4481
13496.85, 4480
13518.0, 4479
13527.34, 4478
13537.7, 4477
13549.92, 4476
13558.4, 4475
13565.94, 4474
13576.28, 4473
13578.87, 4472
13588.31, 4471
13598.89, 4470
13610.56, 4469
13617.05, 4468
13632.19, 4467
13642.35, 4466
13646.54, 4465
13668.03, 4464
13677.36, 4463
13680.56, 4462
13697.13, 4461
13733.22, 4460
13741.1, 4459
13748.4, 4458
13767.39, 4457
13772.99, 4456
13777.04, 4455
13784.12, 4454
13789.74, 4453
13794.37, 4452
13795.98, 4451
13801.34, 4450
13808.18, 4449
13812.51, 4448
13827.27, 4447
13829.43, 4446
13834.66, 4445
13842.12, 4444
13843.6, 4443
13850.86, 4442
13856.73, 4441
13863.37, 4440
13867.87, 4439
13873.86, 4438
13878.55, 4437
13910.51, 4436
13912.29, 4435
13927.73, 4434
13934.18, 4433
13937.62, 4432
13949.52, 4431
13968.13, 4430
13980.98, 4429
13982.91, 4428
13993.51, 4427
14000.52, 4426
14017.75, 4425
14033.64, 4424
14039.61, 4423
14045.02, 4422
14050.65, 4421
14059.15, 4420
14064.58, 4419
14080.06, 4418
14156.52, 4417
14160.48, 4416
14162.03, 4415
14163.47, 4414
14164.91, 4413
14178.79, 4412
14180.17, 4411
14184.8, 4410
14194.95, 4409
14196.8, 4408
14202.91, 4407
14218.06, 4406
14226.39, 4405
14245.06, 4404
14257.25, 4403
14262.58, 4402
14272.14, 4401
14278.46, 4400
14283.27, 4399
14296.09, 4398
14310.95, 4397
14312.33, 4396
14324.11, 4395
14334.35, 4394
14346.04, 4393
14354.93, 4392
14384.72, 4391
14395.84, 4390
14397.25, 4389
14411.36, 4388
14417.68, 4387
14422.83, 4386
14439.51, 4385
14443.52, 4384
14462.04, 4383
14472.98, 4382
14484.68, 4381
14494.19, 4380
14515.83, 4379
14518.01, 4378
14531.95, 4377
14549.45, 4376
14558.65, 4375
14567.51, 4374
14577.44, 4373
14583.76, 4372
14594.95, 4371
14599.96, 4370
14607.47, 4369
14624.13, 4368
14629.97, 4367
14675.23, 4366
14714.4, 4365
14728.05, 4364
14734.76, 4363
14742.15, 4362
14746.26, 4361
14755.64, 4360
14760.84, 4359
14766.97, 4358
14773.29, 4357
14778.18, 4356
14793.69, 4355
14796.14, 4354
14800.45, 4353
14810.33, 4352
14819.95, 4351
14824.37, 4350
14839.77, 4349
14842.92, 4348
14845.83, 4347
14857.24, 4346
14859.62, 4345
14867.99, 4344
14882.04, 4343
14901.11, 4342
14922.97, 4341
14926.07, 4340
14932.48, 4339
14945.43, 4338
14951.59, 4337
14959.73, 4336
14966.38, 4335
14971.43, 4334
14976.22, 4333
15002.95, 4332
15009.73, 4331
15011.16, 4330
15017.09, 4329
15029.2, 4328
15038.02, 4327
15043.78, 4326
15051.24, 4325
15057.82, 4324
15063.02, 4323
15090.15, 4322
15092.51, 4321
15101.42, 4320
15122.87, 4319
15131.91, 4318
15134.67, 4317
15147.64, 4316
15149.09, 4315
15156.72, 4314
15201.42, 4313
15206.8, 4312
15218.17, 4311
15226.6, 4310
15228.46, 4309
15234.96, 4308
15240.92, 4307
15245.73, 4306
15260.73, 4305
15277.6, 4304
15288.86, 4303
15291.52, 4302
15303.92, 4301
15310.6, 4300
15323.32, 4299
15348.05, 4298
15355.44, 4297
15361.39, 4296
15376.06, 4295
15384.81, 4294
15388.93, 4293
15417.33, 4292
15428.31, 4291
15441.87, 4290
15448.34, 4289
15461.16, 4288
15468.19, 4287
15479.45, 4286
15493.7, 4285
15496.98, 4284
15510.59, 4283
15522.21, 4282
15530.3, 4281
15538.01, 4280
15549.0, 4279
15556.58, 4278
15565.12, 4277
15587.37, 4276
15594.23, 4275
15642.71, 4274
15646.12, 4273
15661.31, 4272
15664.32, 4271
15674.39, 4270
15690.92, 4269
15693.98, 4268
15703.57, 4267
15710.4, 4266
15716.98, 4265
15722.78, 4264
15736.25, 4263
15742.47, 4262
15750.59, 4261
15763.92, 4260
15766.49, 4259
15766.54, 4258
15775.62, 4257
15779.75, 4256
15784.23, 4255
15812.62, 4254
15817.66, 4253
15825.16, 4252
15841.14, 4251
15850.9, 4250
15860.77, 4249
15863.27, 4248
15864.72, 4247
15878.18, 4246
15901.35, 4245
15909.45, 4244
15912.64, 4243
15917.95, 4242
15925.17, 4241
15947.51, 4240
15955.02, 4239
15960.82, 4238
15962.23, 4237
15995.8, 4236
16001.88, 4235
16016.51, 4234
16027.58, 4233
16028.89, 4232
16034.33, 4231
16059.44, 4230
16063.3, 4229
16067.83, 4228
16084.68, 4227
16091.88, 4226
16096.09, 4225
16111.06, 4224
16112.26, 4223
16125.44, 4222
16132.48, 4221
16146.25, 4220
16161.61, 4219
16168.08, 4218
16177.07, 4217
16183.42, 4216
16188.16, 4215
16193.02, 4214
16210.54, 4213
16229.78, 4212
16232.25, 4211
16238.42, 4210
16251.65, 4209
16257.84, 4208
16259.43, 4207
16291.88, 4206
16296.18, 4205
16318.59, 4204
16327.57, 4203
16332.34, 4202
16334.72, 4201
16354.73, 4200
16361.1, 4199
16376.31, 4198
16379.64, 4197
16381.23, 4196
16400.45, 4195
16423.32, 4194
16427.04, 4193
16435.45, 4192
16451.6, 4191
16460.53, 4190
16463.27, 4189
16478.12, 4188
16486.36, 4187
16492.61, 4186
16510.08, 4185
16518.28, 4184
16527.18, 4183
16534.72, 4182
16601.22, 4181
16609.04, 4180
16610.51, 4179
16629.12, 4178
16633.55, 4177
16636.14, 4176
16644.54, 4175
16650.8, 4174
16656.31, 4173
16680.3, 4172
16683.51, 4171
16695.79, 4170
16701.53, 4169
16711.67, 4168
16723.67, 4167
16747.42, 4166
16751.23, 4165
16759.99, 4164
16765.14, 4163
16771.65, 4162
16777.6, 4161
16792.6, 4160
16809.97, 4159
16826.05, 4158
16828.31, 4157
16836.14, 4156
16851.43, 4155
16863.5, 4154
16873.47, 4153
16883.89, 4152
16891.13, 4151
16895.36, 4150
16913.84, 4149
16939.87, 4148
16944.77, 4147
16945.96, 4146
16967.6, 4145
16981.01, 4144
16983.65, 4143
16984.38, 4142
16996.46, 4141
17001.67, 4140
17010.15, 4139
17040.46, 4138
17050.86, 4137
17067.62, 4136
17075.03, 4135
17079.2, 4134
17084.88, 4133
17093.91, 4132
17096.27, 4131
17134.46, 4130
17138.22, 4129
17152.93, 4128
17158.1, 4127
17162.7, 4126
17177.98, 4125
17184.16, 4124
17191.64, 4123
17201.6, 4122
17226.88, 4121
17227.23, 4120
17234.09, 4119
17242.84, 4118
17253.53, 4117
17261.3, 4116
17281.27, 4115
17290.68, 4114
17294.76, 4113
17310.57, 4112
17324.96, 4111
17328.31, 4110
17356.28, 4109
17367.7, 4108
17382.49, 4107
17387.55, 4106
17392.38, 4105
17406.82, 4104
17413.48, 4103
17428.59, 4102
17440.18, 4101
17466.89, 4100
17476.31, 4099
17483.44, 4098
17500.0, 4097
17517.76, 4096
17527.39, 4095
17541.19, 4094
17545.1, 4093
17563.17, 4092
17604.08, 4091
17609.45, 4090
17615.93, 4089
17629.14, 4088
17642.97, 4087
17644.46, 4086
17665.55, 4085
17673.65, 4084
17677.22, 4083
17705.36, 4082
17708.93, 4081
17713.84, 4080
17724.98, 4079
17729.65, 4078
17731.75, 4077
17744.45, 4076
17750.48, 4075
17756.68, 4074
17762.66, 4073
17783.66, 4072
17794.18, 4071
17827.28, 4070
17852.43, 4069
17861.93, 4068
17871.13, 4067
17876.75, 4066
17889.07, 4065
17893.68, 4064
17897.19, 4063
17905.13, 4062
17912.55, 4061
17913.63, 4060
17922.22, 4059
17945.55, 4058
17952.9, 4057
17965.28, 4056
17995.53, 4055
18009.61, 4054
18014.52, 4053
18023.25, 4052
18028.05, 4051
18034.26, 4050
18064.19, 4049
18068.01, 4048
18078.5, 4047
18089.8, 4046
18092.48, 4045
18108.19, 4044
18117.07, 4043
18122.83, 4042
18126.44, 4041
18158.18, 4040
18175.64, 4039
18196.06, 4038
18201.42, 4037
18209.34, 4036
18217.13, 4035
18223.68, 4034
18230.06, 4033
18257.95, 4032
18275.25, 4031
18278.88, 4030
18292.51, 4029
18301.62, 4028
18311.55, 4027
18319.73, 4026
18360.14, 4025
18364.93, 4024
18375.77, 4023
18379.08, 4022
18384.53, 4021
18392.64, 4020
18413.47, 4019
18414.7, 4018
18426.38, 4017
18427.75, 4016
18434.25, 4015
18445.54, 4014
18473.21, 4013
18476.28, 4012
18485.84, 4011
18497.63, 4010
18509.12, 4009
18517.89, 4008
18528.87, 4007
18531.22, 4006
18537.91, 4005
18548.42, 4004
18567.96, 4003
18578.3, 4002
18631.72, 4001
18633.15, 4000
18658.12, 3999
18662.36, 3998
18667.76, 3997
18676.54, 3996
18679.95, 3995
18689.84, 3994
18705.13, 3993
18715.92, 3992
18724.49, 3991
18731.68, 3990
18738.25, 3989
18743.15, 3988
18763.38, 3987
18771.82, 3986
18777.09, 3985
18784.88, 3984
18794.59, 3983
18806.21, 3982
18811.07, 3981
18834.48, 3980
18845.55, 3979
18846.98, 3978
18857.33, 3977
18880.29, 3976
18888.66, 3975
18892.98, 3974
18900.74, 3973
18906.51, 3972
18911.52, 3971
18934.32, 3970
18945.51, 3969
18959.6, 3968
18967.71, 3967
18977.87, 3966
18986.2, 3965
18997.22, 3964
19008.84, 3963
19011.97, 3962
19023.04, 3961
19059.53, 3960
19067.25, 3959
19079.03, 3958
19094.11, 3957
19099.93, 3956
19104.84, 3955
19111.03, 3954
19117.44, 3953
19133.6, 3952
19147.22, 3951
19162.35, 3950
19178.24, 3949
19184.53, 3948
19193.05, 3947
19210.45, 3946
19215.99, 3945
19222.28, 3944
19233.74, 3943
19246.21, 3942
19251.48, 3941
19273.65, 3940
19280.36, 3939
19307.35, 3938
19309.19, 3937
19338.98, 3936
19346.52, 3935
19356.37, 3934
19363.58, 3933
19371.81, 3932
19376.57, 3931
19397.09, 3930
19406.87, 3929
19416.97, 3928
19431.23, 3927
19443.56, 3926
19457.7, 3925
19470.94, 3924
19471.04, 3923
19483.04, 3922
19497.35, 3921
19504.59, 3920
19516.79, 3919
19519.28, 3918
19526.92, 3917
19536.55, 3916
19550.81, 3915
19560.6, 3914
19561.81, 3913
19611.47, 3912
19623.55, 3911
19628.73, 3910
19635.87, 3909
19643.66, 3908
19648.78, 3907
19658.07, 3906
19661.66, 3905
19685.27, 3904
19695.53, 3903
19703.92, 3902
19710.53, 3901
19713.03, 3900
19729.43, 3899
19733.96, 3898
19741.74, 3897
19749.04, 3896
19753.5, 3895
19766.46, 3894
19780.76, 3893
19794.23, 3892
19813.87, 3891
19813.97, 3890
19817.89, 3889
19835.25, 3888
19845.09, 3887
19849.23, 3886
19864.5, 3885
19864.61, 3884
19881.5, 3883
19906.79, 3882
19912.23, 3881
19917.53, 3880
19925.86, 3879
19939.09, 3878
19945.41, 3877
19946.85, 3876
19960.59, 3875
19960.96, 3874
19966.0, 3873
19995.37, 3872
20000.83, 3871
20011.42, 3870
20031.56, 3869
20038.23, 3868
20047.74, 3867
20059.66, 3866
20063.11, 3865
20073.09, 3864
20091.54, 3863
20095.56, 3862
20117.66, 3861
20125.12, 3860
20128.48, 3859
20144.54, 3858
20156.06, 3857
20169.22, 3856
20187.54, 3855
20214.99, 3854
20215.09, 3853
20227.93, 3852
20246.91, 3851
20261.57, 3850
20272.49, 3849
20286.59, 3848
20295.49, 3847
20296.82, 3846
20311.3, 3845
20317.35, 3844
20323.9, 3843
20337.59, 3842
20344.71, 3841
20351.31, 3840
20358.93, 3839
20373.03, 3838
20396.27, 3837
20411.39, 3836
20418.02, 3835
20427.76, 3834
20440.38, 3833
20446.1, 3832
20452.14, 3831
20459.44, 3830
20466.43, 3829
20474.88, 3828
20487.21, 3827
20493.7, 3826
20509.54, 3825
20578.2, 3824
20590.43, 3823
20596.66, 3822
20607.81, 3821
20616.98, 3820
20623.05, 3819
20650.67, 3818
20650.77, 3817
20677.12, 3816
20692.1, 3815
20700.42, 3814
20706.42, 3813
20728.69, 3812
20734.05, 3811
20738.05, 3810
20749.95, 3809
20757.22, 3808
20761.0, 3807
20778.36, 3806
20793.68, 3805
20800.25, 3804
20806.47, 3803
20810.2, 3802
20836.22, 3801
20850.83, 3800
20858.85, 3799
20869.58, 3798
20876.36, 3797
20878.97, 3796
20889.26, 3795
20927.85, 3794
20928.66, 3793
20942.29, 3792
20965.41, 3791
20980.01, 3790
20995.55, 3789
21009.87, 3788
21011.43, 3787
21017.68, 3786
21041.35, 3785
21045.21, 3784
21056.69, 3783
21069.55, 3782
21082.9, 3781
21092.57, 3780
21096.4, 3779
21173.56, 3778
21177.24, 3777
21177.34, 3776
21177.81, 3775
21183.34, 3774
21189.79, 3773
21193.19, 3772
21203.16, 3771
21211.96, 3770
21213.38, 3769
21234.09, 3768
21257.78, 3767
21261.67, 3766
21272.92, 3765
21281.03, 3764
21289.69, 3763
21293.79, 3762
21334.25, 3761
21344.02, 3760
21345.32, 3759
21358.04, 3758
21364.09, 3757
21376.91, 3756
21400.92, 3755
21409.84, 3754
21421.04, 3753
21425.57, 3752
21428.65, 3751
21442.82, 3750
21463.19, 3749
21466.3, 3748
21481.38, 3747
21496.96, 3746
21510.83, 3745
21533.86, 3744
21542.51, 3743
21554.8, 3742
21561.67, 3741
21584.69, 3740
21595.42, 3739
21641.3, 3738
21646.28, 3737
21656.36, 3736
21664.31, 3735
21678.18, 3734
21685.66, 3733
21712.51, 3732
21729.62, 3731
21751.31, 3730
21761.6, 3729
21767.67, 3728
21777.87, 3727
21789.64, 3726
21793.77, 3725
21805.56, 3724
21814.66, 3723
21816.09, 3722
21827.66, 3721
21834.42, 3720
21855.63, 3719
21862.08, 3718
21884.55, 3717
21894.35, 3716
21910.36, 3715
21911.83, 3714
21917.98, 3713
21943.08, 3712
21946.25, 3711
21961.73, 3710
22006.63, 3709
22011.82, 3708
22021.83, 3707
22027.03, 3706
22039.77, 3705
22043.41, 3704
22056.8, 3703
22073.97, 3702
22077.14, 3701
22080.89, 3700
22092.21, 3699
22118.16, 3698
22127.12, 3697
22149.31, 3696
22166.33, 3695
22170.59, 3694
22182.37, 3693
22191.91, 3692
22196.65, 3691
22228.64, 3690
22230.18, 3689
22247.97, 3688
22256.92, 3687
22262.19, 3686
22267.17, 3685
22277.79, 3684
22278.17, 3683
22291.38, 3682
22325.88, 3681
22331.94, 3680
22348.07, 3679
22360.05, 3678
22382.69, 3677
22387.58, 3676
22412.09, 3675
22417.19, 3674
22424.38, 3673
22434.17, 3672
22441.51, 3671
22448.47, 3670
22459.18, 3669
22478.02, 3668
22496.76, 3667
22506.07, 3666
22518.21, 3665
22539.67, 3664
22566.27, 3663
22573.85, 3662
22589.21, 3661
22636.18, 3660
22643.86, 3659
22649.56, 3658
22659.59, 3657
22664.51, 3656
22674.22, 3655
22680.96, 3654
22691.21, 3653
22698.32, 3652
22740.8, 3651
22748.36, 3650
22754.54, 3649
22773.61, 3648
22782.62, 3647
22814.42, 3646
22824.11, 3645
22834.37, 3644
22840.69, 3643
22846.64, 3642
22867.95, 3641
22875.06, 3640
22879.76, 3639
22890.31, 3638
22897.26, 3637
22914.41, 3636
22930.2, 3635
22939.49, 3634
22951.1, 3633
22954.74, 3632
22969.52, 3631
22984.51, 3630
22989.24, 3629
22995.56, 3628
23003.01, 3627
23009.49, 3626
23013.62, 3625
23024.22, 3624
23065.45, 3623
23085.57, 3622
23104.98, 3621
23129.01, 3620
23132.51, 3619
23134.41, 3618
23162.34, 3617
23163.46, 3616
23170.0, 3615
23202.87, 3614
23205.82, 3613
23214.73, 3612
23243.3, 3611
23248.85, 3610
23256.64, 3609
23272.15, 3608
23311.61, 3607
23320.92, 3606
23342.74, 3605
23345.2, 3604
23364.26, 3603
23382.0, 3602
23391.44, 3601
23401.64, 3600
23407.68, 3599
23424.66, 3598
23442.0, 3597
23467.47, 3596
23477.48, 3595
23482.25, 3594
23494.76, 3593
23500.38, 3592
23538.24, 3591
23555.55, 3590
23601.61, 3589
23620.98, 3588
23642.48, 3587
23651.05, 3586
23659.8, 3585
23683.44, 3584
23686.9, 3583
23715.5, 3582
23720.17, 3581
23739.14, 3580
23771.7, 3579
23782.39, 3578
23790.9, 3577
23797.88, 3576
23809.93, 3575
23817.86, 3574
23827.07, 3573
23848.97, 3572
23863.13, 3571
23873.12, 3570
23901.17, 3569
23909.18, 3568
23918.82, 3567
23965.56, 3566
23977.92, 3565
23984.6, 3564
23994.39, 3563
24008.44, 3562
24041.94, 3561
24050.76, 3560
24056.59, 3559
24065.2, 3558
24096.67, 3557
24109.11, 3556
24111.18, 3555
24134.17, 3554
24158.05, 3553
24160.43, 3552
24167.71, 3551
24222.07, 3550
24234.56, 3549
24242.53, 3548
24256.58, 3547
24296.46, 3546
24300.44, 3545
24304.35, 3544
24319.1, 3543
24320.88, 3542
24325.9, 3541
24345.43, 3540
24362.64, 3539
24368.16, 3538
24399.78, 3537
24432.3, 3536
24455.36, 3535
24455.49, 3534
24464.38, 3533
24476.33, 3532
24490.05, 3531
24534.68, 3530
24550.46, 3529
24562.78, 3528
24580.65, 3527
24590.26, 3526
24590.58, 3525
24603.83, 3524
24623.15, 3523
24625.36, 3522
24666.6, 3521
24678.86, 3520
24692.4, 3519
24696.29, 3518
24715.82, 3517
24738.06, 3516
24764.03, 3515
24779.9, 3514
24781.57, 3513
24811.77, 3512
24817.55, 3511
24834.72, 3510
24851.78, 3509
24870.87, 3508
24883.57, 3507
24938.75, 3506
24949.3, 3505
24955.93, 3504
24970.99, 3503
24979.27, 3502
24984.15, 3501
25001.12, 3500
25008.92, 3499
25023.93, 3498
25027.47, 3497
25039.62, 3496
25057.43, 3495
25080.57, 3494
25091.66, 3493
25096.52, 3492
25131.67, 3491
25138.2, 3490
25145.76, 3489
25152.59, 3488
25160.09, 3487
25168.26, 3486
25177.75, 3485
25184.03, 3484
25244.3, 3483
25249.53, 3482
25267.77, 3481
25274.44, 3480
25297.89, 3479
25316.68, 3478
25322.92, 3477
25328.52, 3476
25334.28, 3475
25365.26, 3474
25368.08, 3473
25378.09, 3472
25390.68, 3471
25394.83, 3470
25401.36, 3469
25424.73, 3468
25434.63, 3467
25458.52, 3466
25464.89, 3465
25467.6, 3464
25505.73, 3463
25508.56, 3462
25516.92, 3461
25533.19, 3460
25534.66, 3459
25565.4, 3458
25593.27, 3457
25603.07, 3456
25610.66, 3455
25613.0, 3454
25639.97, 3453
25648.58, 3452
25654.73, 3451
25661.71, 3450
25665.72, 3449
25673.69, 3448
25702.03, 3447
25707.11, 3446
25723.13, 3445
25739.75, 3444
25742.95, 3443
25760.76, 3442
25784.08, 3441
25788.11, 3440
25796.51, 3439
25801.13, 3438
25832.32, 3437
25850.77, 3436
25859.05, 3435
25867.01, 3434
25893.3, 3433
25900.87, 3432
25902.57, 3431
25919.32, 3430
25933.85, 3429
25951.1, 3428
25960.96, 3427
25970.84, 3426
25975.55, 3425
25981.49, 3424
26007.55, 3423
26015.21, 3422
26020.31, 3421
26030.37, 3420
26035.59, 3419
26040.73, 3418
26045.83, 3417
26059.1, 3416
26100.82, 3415
26107.19, 3414
26114.22, 3413
26125.18, 3412
26138.45, 3411
26152.61, 3410
26160.25, 3409
26171.93, 3408
26181.31, 3407
26195.44, 3406
26214.02, 3405
26223.05, 3404
26231.45, 3403
26242.82, 3402
26249.25, 3401
26257.2, 3400
26265.27, 3399
26323.84, 3398
26342.68, 3397
26353.16, 3396
26361.69, 3395
26369.67, 3394
26376.56, 3393
26390.2, 3392
26398.06, 3391
26403.23, 3390
26415.87, 3389
26418.66, 3388
26422.34, 3387
26453.46, 3386
26467.73, 3385
26479.79, 3384
26481.24, 3383
26482.79, 3382
26497.66, 3381
26503.24, 3380
26508.91, 3379
26565.76, 3378
26574.76, 3377
26582.9, 3376
26603.85, 3375
26608.96, 3374
26613.97, 3373
26621.74, 3372
26642.95, 3371
26670.79, 3370
26677.78, 3369
26696.96, 3368
26701.49, 3367
26721.7, 3366
26728.42, 3365
26779.25, 3364
26785.74, 3363
26815.95, 3362
26824.82, 3361
26836.06, 3360
26858.74, 3359
26867.86, 3358
26886.43, 3357
26930.67, 3356
26940.28, 3355
26969.23, 3354
26983.76, 3353
26991.12, 3352
27003.54, 3351
27012.94, 3350
27014.89, 3349
27046.18, 3348
27095.95, 3347
27110.14, 3346
27118.76, 3345
27137.72, 3344
27140.5, 3343
27168.11, 3342
27183.9, 3341
27212.45, 3340
27218.18, 3339
27230.23, 3338
27234.73, 3337
27271.15, 3336
27301.23, 3335
27307.56, 3334
27371.62, 3333
27382.75, 3332
27389.42, 3331
27394.4, 3330
27431.75, 3329
27446.98, 3328
27453.0, 3327
27490.26, 3326
27526.65, 3325
27534.49, 3324
27561.35, 3323
27568.3, 3322
27585.59, 3321
27597.96, 3320
27603.81, 3319
27611.07, 3318
27689.71, 3317
27703.82, 3316
27714.15, 3315
27732.56, 3314
27742.47, 3313
27756.29, 3312
27773.53, 3311
27786.99, 3310
27801.59, 3309
27815.36, 3308
27822.4, 3307
27827.41, 3306
27843.38, 3305
27857.2, 3304
27871.68, 3303
27877.04, 3302
27883.28, 3301
27932.89, 3300
27942.41, 3299
27955.91, 3298
27974.84, 3297
27980.09, 3296
27991.82, 3295
28004.53, 3294
28040.88, 3293
28047.04, 3292
28050.57, 3291
28068.15, 3290
28088.89, 3289
28099.15, 3288
28116.22, 3287
28127.01, 3286
28135.57, 3285
28197.37, 3284
28208.62, 3283
28214.14, 3282
28231.44, 3281
28237.19, 3280
28244.2, 3279
28252.26, 3278
28259.96, 3277
28264.76, 3276
28284.36, 3275
28291.89, 3274
28337.47, 3273
28355.46, 3272
28370.97, 3271
28400.3, 3270
28416.29, 3269
28425.69, 3268
28437.73, 3267
28464.68, 3266
28467.96, 3265
28474.15, 3264
28486.06, 3263
28490.98, 3262
28496.38, 3261
28534.61, 3260
28549.97, 3259
28560.51, 3258
28573.45, 3257
28579.74, 3256
28589.09, 3255
28592.31, 3254
28621.9, 3253
28640.71, 3252
28657.01, 3251
28668.83, 3250
28688.47, 3249
28707.66, 3248
28725.03, 3247
28735.75, 3246
28752.39, 3245
28768.87, 3244
28775.41, 3243
28800.29, 3242
28819.49, 3241
28836.08, 3240
28861.78, 3239
28888.71, 3238
28899.98, 3237
28973.05, 3236
28989.55, 3235
29001.36, 3234
29013.4, 3233
29017.04, 3232
29064.98, 3231
29081.61, 3230
29085.29, 3229
29095.81, 3228
29102.9, 3227
29122.64, 3226
29133.42, 3225
29161.48, 3224
29174.22, 3223
29177.31, 3222
29184.07, 3221
29215.84, 3220
29225.35, 3219
29240.22, 3218
29248.55, 3217
29256.62, 3216
29265.39, 3215
29298.18, 3214
29307.53, 3213
29313.66, 3212
29321.35, 3211
29368.57, 3210
29382.41, 3209
29406.09, 3208
29414.49, 3207
29421.68, 3206
29427.88, 3205
29456.44, 3204
29464.34, 3203
29467.95, 3202
29517.59, 3201
29522.51, 3200
29530.17, 3199
29554.81, 3198
29563.19, 3197
29570.3, 3196
29576.77, 3195
29607.49, 3194
29642.5, 3193
29649.97, 3192
29656.34, 3191
29673.67, 3190
29685.52, 3189
29691.75, 3188
29713.19, 3187
29738.03, 3186
29741.82, 3185
29748.91, 3184
29766.96, 3183
29773.89, 3182
29779.49, 3181
29790.06, 3180
29817.17, 3179
29829.93, 3178
29846.1, 3177
29855.59, 3176
29864.48, 3175
29905.54, 3174
29915.67, 3173
29925.52, 3172
29941.97, 3171
29951.01, 3170
29974.09, 3169
29990.94, 3168
30001.12, 3167
30008.2, 3166
30027.94, 3165
30039.93, 3164
30050.43, 3163
30067.27, 3162
30076.29, 3161
30095.85, 3160
30108.26, 3159
30119.06, 3158
30177.5, 3157
30201.21, 3156
30215.66, 3155
30220.68, 3154
30225.55, 3153
30242.18, 3152
30250.02, 3151
30258.01, 3150
30294.72, 3149
30300.96, 3148
30309.16, 3147
30350.97, 3146
30374.47, 3145
30386.87, 3144
30394.76, 3143
30407.23, 3142
30444.52, 3141
30450.84, 3140
30548.97, 3139
30550.59, 3138
30552.1, 3137
30554.23, 3136
30558.24, 3135
30579.58, 3134
30592.38, 3133
30600.46, 3132
30637.56, 3131
30644.18, 3130
30658.34, 3129
30674.0, 3128
30677.89, 3127
30692.41, 3126
30700.5, 3125
30727.83, 3124
30732.2, 3123
30751.67, 3122
30769.59, 3121
30775.27, 3120
30784.98, 3119
30790.15, 3118
30796.48, 3117
30832.95, 3116
30847.21, 3115
30875.05, 3114
30889.48, 3113
30903.89, 3112
30925.03, 3111
30931.18, 3110
30937.52, 3109
30944.43, 3108
30991.5, 3107
31007.24, 3106
31014.22, 3105
31035.75, 3104
31050.9, 3103
31058.34, 3102
31072.45, 3101
31092.61, 3100
31094.94, 3099
31108.51, 3098
31118.31, 3097
31130.87, 3096
31168.09, 3095
31177.34, 3094
31191.68, 3093
31201.08, 3092
31213.82, 3091
31233.27, 3090
31254.89, 3089
31267.82, 3088
31285.0, 3087
31318.18, 3086
31323.08, 3085
31334.98, 3084
31354.38, 3083
31367.4, 3082
31373.83, 3081
31381.73, 3080
31390.3, 3079
31395.86, 3078
31484.95, 3077
31491.72, 3076
31504.14, 3075
31541.23, 3074
31545.62, 3073
31554.88, 3072
31567.0, 3071
31570.17, 3070
31578.49, 3069
31604.95, 3068
31620.2, 3067
31632.16, 3066
31637.95, 3065
31652.52, 3064
31683.51, 3063
31691.88, 3062
31696.56, 3061
31713.51, 3060
31724.89, 3059
31731.7, 3058
31745.61, 3057
31775.5, 3056
31792.7, 3055
31798.35, 3054
31829.35, 3053
31840.94, 3052
31847.76, 3051
31862.13, 3050
31868.91, 3049
31880.41, 3048
31919.33, 3047
31924.74, 3046
31931.81, 3045
31953.47, 3044
31973.29, 3043
31980.12, 3042
31990.84, 3041
31995.75, 3040
32004.83, 3039
32014.62, 3038
32042.01, 3037
32065.74, 3036
32075.67, 3035
32091.61, 3034
32107.62, 3033
32110.01, 3032
32120.37, 3031
32132.65, 3030
32164.45, 3029
32172.77, 3028
32176.14, 3027
32187.68, 3026
32193.51, 3025
32207.8, 3024
32282.27, 3023
32286.62, 3022
32293.53, 3021
32304.23, 3020
32309.01, 3019
32325.33, 3018
32371.9, 3017
32377.37, 3016
32391.07, 3015
32395.89, 3014
32402.04, 3013
32417.22, 3012
32432.42, 3011
32438.29, 3010
32451.61, 3009
32483.37, 3008
32491.7, 3007
32500.01, 3006
32511.75, 3005
32525.39, 3004
32536.14, 3003
32557.9, 3002
32567.84, 3001
32577.73, 3000
32625.41, 2999
32631.88, 2998
32650.51, 2997
32658.55, 2996
32674.06, 2995
32698.91, 2994
32707.93, 2993
32712.09, 2992
32724.95, 2991
32775.41, 2990
32787.36, 2989
32793.93, 2988
32800.96, 2987
32821.64, 2986
32827.78, 2985
32834.39, 2984
32845.15, 2983
32854.95, 2982
32858.55, 2981
32897.61, 2980
32908.7, 2979
32916.42, 2978
32923.17, 2977
32956.38, 2976
32966.54, 2975
32977.91, 2974
32991.32, 2973
32998.27, 2972
33004.06, 2971
33017.64, 2970
33068.93, 2969
33081.81, 2968
33112.22, 2967
33124.0, 2966
33128.71, 2965
33143.02, 2964
33148.15, 2963
33157.24, 2962
33161.98, 2961
33183.23, 2960
33216.4, 2959
33226.58, 2958
33238.72, 2957
33252.5, 2956
33270.28, 2955
33276.8, 2954
33303.46, 2953
33335.26, 2952
33345.16, 2951
33361.65, 2950
33375.28, 2949
33387.08, 2948
33393.69, 2947
33413.32, 2946
33425.07, 2945
33433.6, 2944
33455.21, 2943
33468.83, 2942
33477.96, 2941
33510.56, 2940
33517.77, 2939
33528.72, 2938
33538.66, 2937
33543.31, 2936
33557.49, 2935
33568.77, 2934
33591.41, 2933
33604.77, 2932
33641.0, 2931
33644.62, 2930
33652.92, 2929
33661.24, 2928
33667.96, 2927
33675.37, 2926
33685.8, 2925
33701.79, 2924
33760.53, 2923
33772.52, 2922
33810.5, 2921
33817.91, 2920
33824.77, 2919
33842.03, 2918
33866.77, 2917
33875.13, 2916
33884.58, 2915
33910.41, 2914
33922.25, 2913
33928.03, 2912
33936.11, 2911
33955.71, 2910
33959.32, 2909
33965.47, 2908
33974.2, 2907
33986.15, 2906
34001.12, 2905
34022.73, 2904
34074.62, 2903
34080.5, 2902
34087.1, 2901
34105.52, 2900
34117.84, 2899
34126.77, 2898
34146.56, 2897
34156.2, 2896
34161.04, 2895
34167.92, 2894
34216.81, 2893
34221.98, 2892
34249.86, 2891
34268.15, 2890
34273.33, 2889
34291.66, 2888
34298.56, 2887
34321.71, 2886
34353.62, 2885
34360.93, 2884
34383.01, 2883
34387.09, 2882
34394.57, 2881
34410.8, 2880
34428.2, 2879
34437.74, 2878
34465.38, 2877
34484.53, 2876
34500.35, 2875
34508.26, 2874
34525.82, 2873
34538.2, 2872
34558.56, 2871
34620.97, 2870
34633.71, 2869
34672.64, 2868
34691.99, 2867
34708.74, 2866
34718.25, 2865
34740.35, 2864
34748.87, 2863
34766.29, 2862
34776.05, 2861
34796.54, 2860
34816.16, 2859
34833.38, 2858
34842.0, 2857
34854.0, 2856
34878.59, 2855
34891.79, 2854
34901.49, 2853
34917.19, 2852
34923.38, 2851
34939.67, 2850
34952.91, 2849
34964.54, 2848
34974.93, 2847
34987.89, 2846
35039.63, 2845
35046.87, 2844
35060.52, 2843
35071.58, 2842
35089.16, 2841
35101.58, 2840
35137.49, 2839
35158.4, 2838
35167.85, 2837
35174.35, 2836
35197.83, 2835
35204.03, 2834
35210.24, 2833
35221.27, 2832
35228.06, 2831
35233.22, 2830
35241.87, 2829
35301.17, 2828
35305.07, 2827
35311.23, 2826
35344.62, 2825
35356.06, 2824
35360.44, 2823
35371.16, 2822
35376.78, 2821
35384.86, 2820
35416.19, 2819
35424.08, 2818
35428.15, 2817
35452.81, 2816
35459.31, 2815
35469.15, 2814
35477.44, 2813
35482.38, 2812
35490.65, 2811
35513.29, 2810
35518.07, 2809
35520.89, 2808
35532.61, 2807
35547.68, 2806
35554.48, 2805
35556.96, 2804
35562.25, 2803
35584.51, 2802
35608.68, 2801
35621.4, 2800
35629.4, 2799
35639.06, 2798
35652.01, 2797
35658.55, 2796
35704.13, 2795
35717.74, 2794
35723.54, 2793
35733.26, 2792
35745.52, 2791
35753.19, 2790
35770.73, 2789
35781.98, 2788
35798.6, 2787
35804.68, 2786
35813.04, 2785
35839.15, 2784
35850.52, 2783
35859.5, 2782
35873.68, 2781
35898.64, 2780
35906.33, 2779
35925.01, 2778
35953.28, 2777
35962.2, 2776
35965.76, 2775
35983.25, 2774
35994.14, 2773
36003.06, 2772
36065.52, 2771
36074.07, 2770
36081.92, 2769
36085.81, 2768
36095.67, 2767
36099.41, 2766
36128.67, 2765
36138.88, 2764
36159.67, 2763
36159.73, 2762
36180.01, 2761
36185.99, 2760
36191.23, 2759
36204.53, 2758
36207.89, 2757
36216.08, 2756
36260.07, 2755
36274.75, 2754
36286.02, 2753
36294.68, 2752
36320.07, 2751
36327.56, 2750
36334.35, 2749
36342.16, 2748
36345.13, 2747
36352.51, 2746
36383.37, 2745
36391.22, 2744
36398.29, 2743
36404.68, 2742
36441.64, 2741
36458.74, 2740
36489.54, 2739
36493.86, 2738
36502.4, 2737
36530.81, 2736
36541.37, 2735
36575.28, 2734
36594.42, 2733
36603.68, 2732
36618.93, 2731
36627.02, 2730
36635.4, 2729
36663.81, 2728
36685.55, 2727
36691.51, 2726
36697.65, 2725
36710.77, 2724
36718.3, 2723
36734.66, 2722
36791.66, 2721
36796.87, 2720
36806.28, 2719
36816.57, 2718
36825.22, 2717
36841.38, 2716
36883.29, 2715
36898.93, 2714
36917.94, 2713
36926.72, 2712
36936.99, 2711
36951.56, 2710
36972.75, 2709
36984.44, 2708
36993.75, 2707
37021.36, 2706
37034.4, 2705
37041.55, 2704
37054.14, 2703
37061.77, 2702
37073.39, 2701
37085.18, 2700
37107.94, 2699
37134.55, 2698
37141.4, 2697
37200.62, 2696
37208.26, 2695
37215.69, 2694
37231.04, 2693
37247.74, 2692
37260.33, 2691
37267.64, 2690
37272.5, 2689
37318.72, 2688
37324.69, 2687
37332.75, 2686
37340.73, 2685
37344.68, 2684
37352.11, 2683
37391.93, 2682
37407.68, 2681
37421.68, 2680
37423.11, 2679
37440.9, 2678
37459.81, 2677
37466.69, 2676
37485.56, 2675
37494.51, 2674
37504.07, 2673
37551.14, 2672
37563.26, 2671
37573.03, 2670
37611.83, 2669
37618.13, 2668
37625.29, 2667
37639.72, 2666
37658.92, 2665
37668.38, 2664
37693.83, 2663
37705.06, 2662
37725.21, 2661
37733.34, 2660
37741.95, 2659
37756.48, 2658
37770.07, 2657
37785.2, 2656
37808.78, 2655
37841.87, 2654
37851.16, 2653
37863.11, 2652
37874.84, 2651
37883.29, 2650
37890.92, 2649
37948.25, 2648
37959.62, 2647
37975.06, 2646
37993.44, 2645
38008.51, 2644
38016.38, 2643
38043.32, 2642
38051.91, 2641
38081.7, 2640
38090.88, 2639
38096.8, 2638
38110.93, 2637
38143.35, 2636
38150.57, 2635
38158.39, 2634
38178.15, 2633
38194.86, 2632
38205.09, 2631
38213.63, 2630
38224.14, 2629
38233.6, 2628
38250.49, 2627
38261.14, 2626
38277.92, 2625
38343.5, 2624
38349.76, 2623
38360.27, 2622
38394.26, 2621
38422.43, 2620
38438.98, 2619
38452.71, 2618
38460.1, 2617
38473.74, 2616
38486.45, 2615
38491.97, 2614
38503.18, 2613
38512.4, 2612
38517.6, 2611
38549.75, 2610
38590.77, 2609
38594.93, 2608
38610.46, 2607
38635.58, 2606
38644.01, 2605
38655.14, 2604
38667.69, 2603
38675.36, 2602
38689.33, 2601
38727.41, 2600
38732.14, 2599
38739.84, 2598
38755.13, 2597
38779.6, 2596
38790.22, 2595
38800.19, 2594
38816.53, 2593
38824.44, 2592
38865.82, 2591
38878.34, 2590
38908.58, 2589
38921.12, 2588
38926.98, 2587
38943.25, 2586
38957.41, 2585
38965.23, 2584
38995.58, 2583
39045.17, 2582
39057.67, 2581
39065.85, 2580
39078.74, 2579
39090.63, 2578
39094.81, 2577
39152.39, 2576
39158.54, 2575
39165.26, 2574
39177.2, 2573
39192.04, 2572
39204.93, 2571
39239.83, 2570
39244.98, 2569
39258.1, 2568
39264.41, 2567
39274.89, 2566
39290.67, 2565
39301.61, 2564
39308.39, 2563
39317.52, 2562
39362.83, 2561
39375.35, 2560
39388.66, 2559
39401.44, 2558
39410.72, 2557
39424.19, 2556
39450.62, 2555
39460.44, 2554
39468.99, 2553
39511.47, 2552
39517.97, 2551
39551.55, 2550
39581.39, 2549
39598.68, 2548
39608.84, 2547
39608.88, 2546
39636.15, 2545
39643.86, 2544
39663.21, 2543
39674.04, 2542
39684.72, 2541
39689.8, 2540
39718.41, 2539
39734.58, 2538
39748.97, 2537
39762.13, 2536
39782.79, 2535
39793.59, 2534
39801.26, 2533
39818.51, 2532
39832.79, 2531
39840.65, 2530
39879.39, 2529
39887.36, 2528
39895.4, 2527
39919.92, 2526
39930.22, 2525
39942.16, 2524
39955.01, 2523
39963.45, 2522
39969.98, 2521
39996.59, 2520
39998.5, 2519
40025.67, 2518
40031.53, 2517
40040.75, 2516
40060.06, 2515
40071.24, 2514
40078.31, 2513
40107.6, 2512
40141.72, 2511
40152.72, 2510
40160.26, 2509
40177.33, 2508
40184.45, 2507
40196.51, 2506
40232.34, 2505
40235.38, 2504
40238.61, 2503
40259.23, 2502
40263.5, 2501
40362.72, 2500
40364.5, 2499
40366.62, 2498
40367.06, 2497
40368.48, 2496
40377.16, 2495
40394.34, 2494
40408.21, 2493
40417.51, 2492
40426.81, 2491
40466.34, 2490
40484.1, 2489
40498.52, 2488
40522.13, 2487
40530.97, 2486
40536.1, 2485
40551.42, 2484
40557.35, 2483
40593.36, 2482
40600.98, 2481
40622.11, 2480
40640.23, 2479
40681.35, 2478
40692.17, 2477
40700.52, 2476
40731.27, 2475
40737.37, 2474
40746.92, 2473
40767.09, 2472
40774.79, 2471
40785.37, 2470
40834.57, 2469
40842.01, 2468
40850.95, 2467
40866.62, 2466
40899.22, 2465
40912.28, 2464
40917.79, 2463
40940.92, 2462
40954.06, 2461
40960.7, 2460
41021.74, 2459
41030.36, 2458
41039.88, 2457
41071.06, 2456
41077.43, 2455
41083.81, 2454
41095.08, 2453
41113.1, 2452
41129.76, 2451
41161.93, 2450
41172.64, 2449
41202.61, 2448
41208.27, 2447
41233.68, 2446
41251.97, 2445
41260.3, 2444
41268.0, 2443
41295.26, 2442
41334.26, 2441
41339.15, 2440
41348.89, 2439
41358.47, 2438
41365.02, 2437
41374.15, 2436
41407.88, 2435
41412.22, 2434
41419.77, 2433
41436.28, 2432
41441.6, 2431
41460.33, 2430
41490.01, 2429
41508.54, 2428
41522.61, 2427
41552.18, 2426
41564.94, 2425
41577.53, 2424
41601.0, 2423
41608.42, 2422
41615.8, 2421
41636.83, 2420
41644.96, 2419
41652.6, 2418
41666.28, 2417
41673.99, 2416
41681.01, 2415
41694.06, 2414
41701.85, 2413
41717.03, 2412
41718.44, 2411
41810.49, 2410
41822.31, 2409
41830.6, 2408
41835.61, 2407
41869.13, 2406
41890.41, 2405
41893.34, 2404
41908.47, 2403
41914.27, 2402
41925.41, 2401
41974.17, 2400
41987.54, 2399
41994.05, 2398
42007.36, 2397
42034.48, 2396
42041.85, 2395
42050.56, 2394
42065.91, 2393
42075.3, 2392
42086.04, 2391
42156.26, 2390
42160.88, 2389
42172.62, 2388
42205.77, 2387
42217.68, 2386
42225.27, 2385
42243.64, 2384
42257.09, 2383
42261.0, 2382
42290.65, 2381
42295.02, 2380
42324.89, 2379
42333.74, 2378
42340.18, 2377
42352.09, 2376
42361.16, 2375
42378.29, 2374
42410.61, 2373
42434.47, 2372
42442.03, 2371
42458.4, 2370
42478.18, 2369
42492.04, 2368
42508.26, 2367
42519.23, 2366
42556.37, 2365
42567.33, 2364
42587.66, 2363
42593.56, 2362
42611.13, 2361
42638.32, 2360
42653.32, 2359
42670.16, 2358
42677.3, 2357
42691.02, 2356
42716.85, 2355
42741.63, 2354
42758.36, 2353
42767.83, 2352
42792.02, 2351
42808.51, 2350
42817.24, 2349
42834.36, 2348
42846.64, 2347
42855.88, 2346
42870.96, 2345
42879.41, 2344
42907.92, 2343
42988.36, 2342
43008.77, 2341
43019.68, 2340
43034.62, 2339
43076.36, 2338
43081.74, 2337
43089.62, 2336
43103.35, 2335
43108.44, 2334
43119.32, 2333
43167.93, 2332
43184.33, 2331
43199.25, 2330
43208.2, 2329
43258.34, 2328
43266.55, 2327
43271.17, 2326
43288.06, 2325
43296.8, 2324
43306.79, 2323
43368.7, 2322
43375.21, 2321
43391.36, 2320
43417.69, 2319
43424.71, 2318
43434.37, 2317
43451.34, 2316
43458.19, 2315
43471.48, 2314
43501.26, 2313
43519.23, 2312
43562.26, 2311
43572.55, 2310
43581.05, 2309
43601.6, 2308
43609.91, 2307
43625.21, 2306
43640.29, 2305
43691.84, 2304
43696.1, 2303
43704.58, 2302
43721.69, 2301
43730.0, 2300
43746.2, 2299
43788.37, 2298
43798.38, 2297
43804.84, 2296
43827.46, 2295
43841.97, 2294
43858.25, 2293
43912.18, 2292
43922.87, 2291
43940.26, 2290
43949.37, 2289
43957.01, 2288
43976.61, 2287
43996.26, 2286
44004.42, 2285
44024.13, 2284
44063.33, 2283
44071.41, 2282
44084.23, 2281
44104.24, 2280
44112.69, 2279
44123.44, 2278
44138.87, 2277
44159.91, 2276
44173.91, 2275
44258.37, 2274
44269.5, 2273
44275.16, 2272
44301.95, 2271
44305.78, 2270
44325.33, 2269
44359.48, 2268
44367.7, 2267
44381.85, 2266
44410.6, 2265
44425.14, 2264
44431.33, 2263
44438.19, 2262
44460.95, 2261
44467.64, 2260
44475.18, 2259
44487.98, 2258
44520.4, 2257
44528.8, 2256
44578.91, 2255
44591.39, 2254
44608.1, 2253
44635.34, 2252
44638.55, 2251
44647.55, 2250
44675.02, 2249
44690.86, 2248
44699.62, 2247
44708.51, 2246
44734.37, 2245
44766.77, 2244
44775.03, 2243
44789.02, 2242
44800.93, 2241
44816.64, 2240
44823.99, 2239
44853.7, 2238
44901.39, 2237
44910.29, 2236
44924.52, 2235
44944.04, 2234
44953.81, 2233
44972.1, 2232
45017.59, 2231
45027.35, 2230
45040.92, 2229
45063.85, 2228
45081.09, 2227
45090.4, 2226
45137.54, 2225
45146.2, 2224
45160.45, 2223
45169.16, 2222
45178.21, 2221
45193.56, 2220
45208.73, 2219
45216.9, 2218
45225.19, 2217
45248.16, 2216
45269.0, 2215
45283.84, 2214
45304.43, 2213
45317.29, 2212
45339.93, 2211
45350.06, 2210
45361.14, 2209
45368.29, 2208
45376.61, 2207
45468.48, 2206
45515.02, 2205
45526.02, 2204
45533.25, 2203
45553.34, 2202
45566.5, 2201
45574.94, 2200
45619.77, 2199
45636.87, 2198
45645.46, 2197
45661.38, 2196
45701.02, 2195
45708.37, 2194
45718.85, 2193
45741.98, 2192
45758.1, 2191
45773.26, 2190
45784.19, 2189
45819.73, 2188
45824.84, 2187
45863.89, 2186
45874.47, 2185
45881.44, 2184
45901.35, 2183
45918.01, 2182
45937.85, 2181
45975.14, 2180
45981.1, 2179
46009.74, 2178
46023.93, 2177
46033.26, 2176
46047.08, 2175
46057.57, 2174
46062.32, 2173
46080.51, 2172
46107.69, 2171
46123.62, 2170
46128.39, 2169
46141.84, 2168
46149.55, 2167
46156.98, 2166
46200.48, 2165
46211.94, 2164
46223.76, 2163
46266.17, 2162
46275.25, 2161
46282.5, 2160
46310.41, 2159
46320.17, 2158
46332.61, 2157
46341.58, 2156
46350.16, 2155
46366.74, 2154
46407.07, 2153
46417.06, 2152
46425.16, 2151
46458.68, 2150
46475.19, 2149
46486.77, 2148
46505.62, 2147
46514.68, 2146
46524.92, 2145
46548.73, 2144
46563.7, 2143
46573.86, 2142
46637.61, 2141
46682.85, 2140
46691.96, 2139
46701.18, 2138
46716.55, 2137
46720.3, 2136
46727.52, 2135
46735.99, 2134
46803.25, 2133
46813.1, 2132
46822.58, 2131
46858.53, 2130
46866.36, 2129
46874.84, 2128
46905.74, 2127
46919.7, 2126
46928.53, 2125
46974.91, 2124
46987.41, 2123
46997.99, 2122
47026.54, 2121
47039.96, 2120
47056.33, 2119
47074.53, 2118
47083.06, 2117
47088.94, 2116
47116.18, 2115
47124.44, 2114
47187.98, 2113
47202.52, 2112
47208.24, 2111
47221.18, 2110
47236.99, 2109
47244.71, 2108
47268.05, 2107
47300.93, 2106
47312.96, 2105
47322.73, 2104
47344.5, 2103
47358.1, 2102
47366.91, 2101
47423.55, 2100
47435.83, 2099
47451.54, 2098
47473.34, 2097
47481.83, 2096
47491.91, 2095
47535.99, 2094
47541.97, 2093
47558.22, 2092
47568.25, 2091
47574.12, 2090
47591.45, 2089
47607.83, 2088
47630.53, 2087
47640.83, 2086
47660.69, 2085
47671.91, 2084
47688.79, 2083
47704.95, 2082
47725.48, 2081
47735.86, 2080
47777.52, 2079
47791.19, 2078
47804.3, 2077
47906.58, 2076
47911.21, 2075
47923.46, 2074
47941.44, 2073
47962.55, 2072
47968.0, 2071
48011.9, 2070
48033.19, 2069
48045.67, 2068
48058.54, 2067
48098.19, 2066
48109.1, 2065
48117.51, 2064
48139.86, 2063
48158.32, 2062
48164.3, 2061
48230.74, 2060
48240.93, 2059
48262.53, 2058
48295.14, 2057
48306.25, 2056
48319.16, 2055
48337.78, 2054
48350.14, 2053
48362.57, 2052
48409.12, 2051
48415.2, 2050
48444.73, 2049
48459.26, 2048
48474.36, 2047
48491.74, 2046
48516.73, 2045
48529.34, 2044
48551.08, 2043
48602.18, 2042
48614.22, 2041
48625.34, 2040
48643.17, 2039
48653.21, 2038
48667.51, 2037
48723.49, 2036
48735.9, 2035
48743.27, 2034
48756.71, 2033
48764.59, 2032
48786.76, 2031
48829.29, 2030
48840.23, 2029
48871.47, 2028
48888.8, 2027
48895.04, 2026
48930.82, 2025
48955.23, 2024
48964.24, 2023
48974.22, 2022
48998.06, 2021
49006.11, 2020
49016.13, 2019
49041.76, 2018
49056.9, 2017
49073.98, 2016
49090.53, 2015
49105.99, 2014
49215.4, 2013
49234.0, 2012
49248.83, 2011
49270.85, 2010
49285.61, 2009
49292.14, 2008
49335.42, 2007
49354.77, 2006
49362.37, 2005
49374.04, 2004
49407.7, 2003
49422.12, 2002
49435.0, 2001
49443.81, 2000
49451.38, 1999
49469.61, 1998
49531.0, 1997
49547.71, 1996
49554.05, 1995
49591.82, 1994
49603.79, 1993
49616.44, 1992
49638.12, 1991
49644.93, 1990
49656.71, 1989
49695.3, 1988
49723.04, 1987
49769.1, 1986
49781.78, 1985
49798.59, 1984
49831.89, 1983
49844.92, 1982
49865.84, 1981
49898.81, 1980
49934.51, 1979
49950.28, 1978
49956.68, 1977
49973.58, 1976
49989.09, 1975
49993.58, 1974
50062.39, 1973
50075.08, 1972
50084.77, 1971
50098.68, 1970
50106.93, 1969
50115.6, 1968
50169.77, 1967
50193.06, 1966
50211.59, 1965
50232.01, 1964
50242.07, 1963
50262.53, 1962
50279.29, 1961
50301.22, 1960
50314.92, 1959
50334.4, 1958
50357.12, 1957
50375.93, 1956
50395.04, 1955
50419.66, 1954
50425.93, 1953
50440.75, 1952
50454.95, 1951
50525.36, 1950
50539.01, 1949
50564.09, 1948
50575.12, 1947
50586.31, 1946
50638.23, 1945
50670.92, 1944
50684.5, 1943
50698.58, 1942
50738.42, 1941
50750.27, 1940
50765.29, 1939
50786.06, 1938
50798.57, 1937
50808.31, 1936
50875.24, 1935
50887.76, 1934
50901.92, 1933
50953.66, 1932
50963.11, 1931
50975.21, 1930
50994.48, 1929
51000.94, 1928
51014.22, 1927
51055.49, 1926
51056.57, 1925
51078.65, 1924
51089.7, 1923
51119.32, 1922
51131.33, 1921
51138.08, 1920
51162.43, 1919
51206.05, 1918
51234.92, 1917
51246.51, 1916
51269.05, 1915
51288.87, 1914
51294.46, 1913
51303.02, 1912
51344.01, 1911
51354.77, 1910
51371.6, 1909
51400.75, 1908
51416.67, 1907
51426.37, 1906
51481.52, 1905
51492.79, 1904
51511.14, 1903
51521.64, 1902
51535.33, 1901
51555.44, 1900
51584.33, 1899
51594.25, 1898
51603.29, 1897
51658.77, 1896
51675.24, 1895
51685.72, 1894
51697.53, 1893
51711.08, 1892
51723.1, 1891
51746.57, 1890
51758.55, 1889
51775.09, 1888
51842.15, 1887
51852.59, 1886
51861.33, 1885
51900.32, 1884
51926.27, 1883
51952.82, 1882
51964.56, 1881
51999.4, 1880
52008.13, 1879
52015.21, 1878
52037.9, 1877
52049.59, 1876
52075.22, 1875
52141.85, 1874
52153.25, 1873
52163.02, 1872
52203.05, 1871
52209.94, 1870
52215.65, 1869
52231.12, 1868
52240.28, 1867
52251.07, 1866
52290.56, 1865
52300.91, 1864
52349.69, 1863
52443.6, 1862
52445.09, 1861
52446.5, 1860
52449.04, 1859
52452.49, 1858
52473.76, 1857
52516.5, 1856
52523.19, 1855
52531.13, 1854
52544.77, 1853
52556.29, 1852
52564.36, 1851
52634.47, 1850
52648.64, 1849
52655.87, 1848
52677.79, 1847
52690.08, 1846
52708.4, 1845
52767.7, 1844
52784.3, 1843
52808.36, 1842
52817.6, 1841
52828.71, 1840
52853.82, 1839
52882.24, 1838
52893.13, 1837
52902.98, 1836
52938.57, 1835
52954.74, 1834
52966.34, 1833
52997.05, 1832
53011.46, 1831
53028.17, 1830
53063.44, 1829
53082.36, 1828
53092.36, 1827
53165.06, 1826
53173.01, 1825
53226.75, 1824
53251.05, 1823
53258.43, 1822
53269.05, 1821
53305.11, 1820
53312.77, 1819
53320.98, 1818
53334.47, 1817
53349.69, 1816
53361.44, 1815
53434.18, 1814
53441.67, 1813
53449.66, 1812
53476.29, 1811
53491.04, 1810
53505.62, 1809
53523.81, 1808
53541.3, 1807
53550.45, 1806
53591.74, 1805
53607.93, 1804
53638.23, 1803
53653.87, 1802
53669.65, 1801
53690.58, 1800
53699.15, 1799
53706.2, 1798
53743.4, 1797
53797.9, 1796
53816.85, 1795
53824.61, 1794
53839.94, 1793
53845.31, 1792
53855.99, 1791
53917.66, 1790
53929.62, 1789
53942.19, 1788
53972.41, 1787
53988.3, 1786
53994.91, 1785
54032.52, 1784
54048.86, 1783
54072.65, 1782
54093.91, 1781
54104.95, 1780
54135.28, 1779
54160.22, 1778
54174.51, 1777
54182.75, 1776
54208.52, 1775
54217.56, 1774
54234.49, 1773
54256.48, 1772
54267.52, 1771
54274.8, 1770
54290.7, 1769
54323.48, 1768
54378.69, 1767
54387.46, 1766
54421.81, 1765
54487.87, 1764
54507.73, 1763
54520.13, 1762
54548.38, 1761
54559.22, 1760
54569.7, 1759
54582.38, 1758
54591.07, 1757
54597.55, 1756
54669.53, 1755
54678.52, 1754
54701.04, 1753
54732.55, 1752
54741.05, 1751
54747.17, 1750
54767.77, 1749
54791.6, 1748
54805.41, 1747
54852.77, 1746
54860.17, 1745
54913.2, 1744
54922.49, 1743
54936.39, 1742
54967.77, 1741
54974.72, 1740
54984.23, 1739
55003.71, 1738
55056.65, 1737
55063.78, 1736
55073.77, 1735
55089.51, 1734
55097.72, 1733
55107.52, 1732
55160.65, 1731
55178.17, 1730
55191.29, 1729
55206.03, 1728
55215.16, 1727
55224.59, 1726
55266.77, 1725
55284.51, 1724
55312.67, 1723
55324.68, 1722
55344.73, 1721
55375.02, 1720
55405.11, 1719
55421.91, 1718
55434.42, 1717
55462.43, 1716
55478.29, 1715
55491.7, 1714
55507.23, 1713
55518.71, 1712
55534.18, 1711
55562.65, 1710
55574.85, 1709
55584.29, 1708
55692.87, 1707
55714.46, 1706
55721.33, 1705
55730.97, 1704
55761.75, 1703
55771.3, 1702
55781.21, 1701
55803.53, 1700
55809.93, 1699
55823.82, 1698
55891.01, 1697
55897.75, 1696
55910.07, 1695
55957.27, 1694
55964.27, 1693
55972.63, 1692
55993.95, 1691
56002.13, 1690
56017.65, 1689
56054.72, 1688
56064.94, 1687
56108.57, 1686
56118.59, 1685
56128.26, 1684
56145.41, 1683
56154.04, 1682
56164.03, 1681
56191.32, 1680
56234.49, 1679
56243.46, 1678
56254.66, 1677
56266.49, 1676
56278.22, 1675
56290.21, 1674
56355.28, 1673
56364.86, 1672
56374.66, 1671
56391.42, 1670
56400.8, 1669
56413.41, 1668
56461.54, 1667
56472.93, 1666
56486.98, 1665
56501.65, 1664
56510.39, 1663
56532.26, 1662
56550.57, 1661
56560.73, 1660
56568.12, 1659
56581.91, 1658
56603.47, 1657
56614.3, 1656
56632.94, 1655
56649.54, 1654
56661.79, 1653
56674.96, 1652
56693.81, 1651
56739.32, 1650
56801.55, 1649
56823.6, 1648
56829.43, 1647
56860.8, 1646
56871.03, 1645
56884.3, 1644
56907.39, 1643
56916.05, 1642
56925.63, 1641
56991.13, 1640
56999.14, 1639
57008.31, 1638
57043.45, 1637
57054.8, 1636
57065.28, 1635
57090.97, 1634
57102.45, 1633
57116.29, 1632
57157.75, 1631
57172.51, 1630
57217.32, 1629
57230.4, 1628
57240.63, 1627
57256.42, 1626
57271.55, 1625
57277.67, 1624
57308.06, 1623
57354.63, 1622
57360.35, 1621
57370.14, 1620
57391.64, 1619
57402.32, 1618
57415.31, 1617
57467.9, 1616
57481.37, 1615
57491.7, 1614
57511.41, 1613
57522.71, 1612
57528.28, 1611
57561.54, 1610
57574.56, 1609
57593.27, 1608
57607.46, 1607
57617.28, 1606
57635.58, 1605
57652.52, 1604
57673.93, 1603
57684.4, 1602
57697.69, 1601
57723.5, 1600
57732.86, 1599
57749.84, 1598
57766.62, 1597
57967.28, 1596
58179.68, 1595
