9859.57, 12246
9865.53, 12242
9873.71, 12090
9880.49, 12087
9891.71, 12086
9895.89, 11936
9927.41, 11935
9946.12, 11934
9962.24, 11933
9964.48, 11932
9980.37, 11931
9983.09, 11784
10007.1, 11782
10011.94, 11781
10036.02, 11780
10049.75, 11779
10064.25, 11778
10075.54, 11777
10080.82, 11634
10090.38, 11631
10096.7, 11630
10104.02, 11629
10112.35, 11628
10150.44, 11627
10161.86, 11626
10190.73, 11625
10201.68, 11624
10213.02, 11486
10226.01, 11482
10228.66, 11480
10248.79, 11479
10261.18, 11478
10277.16, 11477
10287.88, 11476
10304.97, 11475
10341.73, 11474
10344.35, 11473
10346.83, 11472
10379.86, 11340
10381.7, 11335
10397.0, 11332
10404.83, 11331
10414.35, 11329
10423.62, 11328
10437.99, 11327
10452.62, 11326
10465.9, 11325
10478.67, 11324
10489.03, 11323
10492.01, 11322
10506.35, 11321
10530.49, 11196
10536.21, 11190
10556.48, 11186
10566.57, 11185
10597.15, 11184
10599.8, 11182
10611.07, 11181
10618.39, 11180
10632.08, 11179
10654.22, 11178
10669.28, 11177
10681.0, 11176
10697.51, 11175
10700.31, 11174
10709.0, 11173
10716.41, 11172
10736.56, 11054
10762.83, 11053
10765.11, 11047
10791.89, 11042
10793.49, 11041
10823.9, 11039
10835.09, 11037
10836.83, 11036
10845.82, 11035
10880.72, 11034
10889.6, 11033
10892.08, 11032
10904.41, 11031
10918.04, 11030
10927.94, 11029
10967.58, 11028
10976.37, 11027
10976.43, 11026
10993.28, 11025
11010.7, 11024
11029.66, 11023
11032.22, 11022
11069.17, 10914
11074.69, 10913
11077.63, 10906
11107.11, 10900
11109.78, 10899
11112.35, 10896
11128.78, 10894
11143.27, 10893
11145.2, 10891
11156.0, 10890
11158.8, 10889
11169.68, 10888
11178.86, 10887
11189.42, 10886
11192.19, 10885
11203.18, 10884
11211.71, 10883
11218.76, 10882
11226.21, 10881
11235.41, 10880
11245.97, 10879
11262.77, 10878
11274.18, 10877
11290.84, 10876
11290.95, 10875
11297.53, 10874
11350.19, 10776
11365.58, 10775
11366.39, 10767
11395.59, 10760
11395.93, 10759
11399.76, 10755
11416.67, 10753
11418.95, 10752
11444.39, 10749
11444.52, 10748
11445.72, 10747
11448.91, 10746
11478.41, 10745
11497.96, 10744
11500.65, 10743
11503.39, 10742
11539.64, 10741
11562.35, 10740
11572.34, 10739
11574.44, 10738
11580.77, 10737
11608.88, 10736
11613.03, 10735
11616.22, 10734
11626.28, 10733
11650.0, 10732
11678.14, 10731
11694.15, 10730
11704.44, 10729
11724.14, 10728
11745.88, 10727
11794.68, 10640
11794.78, 10639
11810.85, 10630
11813.48, 10622
11833.78, 10621
11849.48, 10616
11858.57, 10614
11879.68, 10613
11880.75, 10612
11901.33, 10609
11906.98, 10608
11909.66, 10607
11918.02, 10606
11947.03, 10604
11996.15, 10603
11998.72, 10602
12036.13, 10601
12048.05, 10600
12048.13, 10599
12059.78, 10598
12075.17, 10597
12081.14, 10596
12097.1, 10595
12099.6, 10594
12126.57, 10593
12135.17, 10592
12160.89, 10591
12164.42, 10590
12165.62, 10589
12177.32, 10588
12215.35, 10587
12230.32, 10586
12256.47, 10585
12261.12, 10584
12270.17, 10583
12278.96, 10582
12286.62, 10581
12307.56, 10506
12312.08, 10505
12323.87, 10495
12346.77, 10486
12361.34, 10485
12369.67, 10479
12382.7, 10477
12401.93, 10476
12416.43, 10474
12429.03, 10471
12449.54, 10470
12459.8, 10469
12481.44, 10468
12488.26, 10467
12498.59, 10465
12507.2, 10464
12515.05, 10463
12529.98, 10462
12535.26, 10461
12576.3, 10459
12590.87, 10458
12605.95, 10457
12616.11, 10456
12617.97, 10455
12655.5, 10454
12675.15, 10453
12687.38, 10452
12699.15, 10451
12719.08, 10450
12737.39, 10449
12746.23, 10448
12770.27, 10447
12770.29, 10446
12792.89, 10445
12795.43, 10444
12810.61, 10443
12823.16, 10442
12834.19, 10441
12859.42, 10440
12887.52, 10439
12901.25, 10438
12916.98, 10437
12927.26, 10436
12970.27, 10374
12981.09, 10373
12988.66, 10362
12998.46, 10352
13006.25, 10351
13016.1, 10344
13031.75, 10342
13034.68, 10341
13066.31, 10338
13068.6, 10335
13073.78, 10334
13079.31, 10333
13085.83, 10332
13101.3, 10330
13129.32, 10328
13137.41, 10327
13169.64, 10326
13184.4, 10325
13216.49, 10324
13223.35, 10323
13226.04, 10321
13228.67, 10320
13240.62, 10319
13244.22, 10318
13283.54, 10317
13293.33, 10316
13303.87, 10315
13327.82, 10314
13356.46, 10313
13368.28, 10312
13379.07, 10311
13393.27, 10310
13399.38, 10309
13410.25, 10308
13429.72, 10307
13431.77, 10306
13437.0, 10305
13454.98, 10304
13456.55, 10303
13463.59, 10302
13496.04, 10301
13501.71, 10300
13527.88, 10299
13547.52, 10298
13550.01, 10297
13572.04, 10296
13575.35, 10295
13595.8, 10294
13615.18, 10293
13644.17, 10292
13659.9, 10244
13671.13, 10243
13706.86, 10231
13710.09, 10220
13712.87, 10219
13726.55, 10211
13745.4, 10209
13747.94, 10208
13764.41, 10204
13766.03, 10201
13806.97, 10200
13810.61, 10199
13822.6, 10198
13834.16, 10195
13846.95, 10193
13861.31, 10192
13864.3, 10191
13867.86, 10190
13882.98, 10189
13908.53, 10188
13911.34, 10187
13911.86, 10185
13964.15, 10184
13964.19, 10183
13966.11, 10182
13982.15, 10181
13998.09, 10180
14026.77, 10179
14034.19, 10178
14057.54, 10177
14077.01, 10176
14080.75, 10175
14106.42, 10174
14139.8, 10173
14139.84, 10172
14159.92, 10171
14160.03, 10170
14163.78, 10169
14179.3, 10168
14184.08, 10167
14194.53, 10166
14208.52, 10165
14211.02, 10164
14225.05, 10163
14230.53, 10162
14248.27, 10161
14262.28, 10160
14280.77, 10159
14297.8, 10158
14329.38, 10157
14332.48, 10156
14342.12, 10155
14364.08, 10154
14366.7, 10153
14397.3, 10152
14408.34, 10151
14418.57, 10150
14430.12, 10149
14458.84, 10116
14479.48, 10115
14481.99, 10102
14510.67, 10090
14512.59, 10089
14530.1, 10080
14544.14, 10078
14546.67, 10077
14574.32, 10072
14574.36, 10069
14577.04, 10068
14586.44, 10067
14591.4, 10066
14608.4, 10062
14612.45, 10060
14617.87, 10059
14626.88, 10058
14634.14, 10057
14642.53, 10056
14676.56, 10054
14680.93, 10053
14691.99, 10051
14696.18, 10050
14707.5, 10049
14734.01, 10048
14756.34, 10047
14775.02, 10046
14777.28, 10045
14789.86, 10044
14796.45, 10043
14802.86, 10042
14812.37, 10041
14860.37, 10040
14860.49, 10039
14895.33, 10038
14902.89, 10037
14907.01, 10036
14909.63, 10035
14924.52, 10034
14932.64, 10033
14941.31, 10032
14962.5, 10031
14983.47, 10030
14993.24, 10029
15005.41, 10028
15020.22, 10027
15026.11, 10026
15047.8, 10025
15061.91, 10024
15064.93, 10023
15081.37, 10022
15083.88, 10021
15096.19, 10020
15105.25, 10019
15112.62, 10018
15136.42, 10017
15160.01, 10016
15176.83, 10015
15179.39, 10014
15195.63, 10013
15200.71, 10012
15227.1, 10011
15235.85, 10010
15267.37, 10009
15302.39, 10008
15335.87, 9990
15338.69, 9989
15358.36, 9975
15363.15, 9962
15381.94, 9961
15406.34, 9951
15408.9, 9949
15411.44, 9948
15427.14, 9942
15451.55, 9939
15463.06, 9938
15465.3, 9937
15490.49, 9936
15505.35, 9935
15509.15, 9931
15541.2, 9929
15546.83, 9928
15565.43, 9927
15578.39, 9926
15595.7, 9925
15598.84, 9924
15610.77, 9922
15618.27, 9921
15633.0, 9919
15638.36, 9918
15647.12, 9917
15657.94, 9916
15661.77, 9915
15692.06, 9913
15704.36, 9912
15734.8, 9911
15741.48, 9910
15750.34, 9909
15762.26, 9908
15779.07, 9907
15797.09, 9906
15810.41, 9905
15816.73, 9904
15830.43, 9903
15850.09, 9902
15875.03, 9901
15880.09, 9900
15882.63, 9899
15895.34, 9898
15924.77, 9897
15948.95, 9896
15954.39, 9895
15966.98, 9894
15983.81, 9893
16009.88, 9892
16013.52, 9891
16034.55, 9890
16046.74, 9889
16049.23, 9888
16067.61, 9887
16094.9, 9886
16111.05, 9885
16135.89, 9884
16159.63, 9883
16161.4, 9882
16176.02, 9881
16178.56, 9880
16197.0, 9879
16210.48, 9878
16229.32, 9877
16230.5, 9876
16253.0, 9875
16273.96, 9874
16290.96, 9873
16296.18, 9872
16309.87, 9871
16319.74, 9870
16355.86, 9869
16358.72, 9868
16731.26, 9867
16741.66, 9866
16743.88, 9865
16829.93, 9850
16832.47, 9836
16835.13, 9835
16862.47, 9824
16865.14, 9822
16880.41, 9821
16890.36, 9814
16907.8, 9811
16915.06, 9810
16925.03, 9809
16932.54, 9808
16949.99, 9806
16968.6, 9802
16976.53, 9800
16979.82, 9799
16989.85, 9798
16992.57, 9797
17000.72, 9796
17009.69, 9795
17024.05, 9792
17029.31, 9791
17048.45, 9789
17049.56, 9788
17064.45, 9787
17067.07, 9786
17074.56, 9785
17098.36, 9784
17100.23, 9782
17119.77, 9781
17140.51, 9780
17140.54, 9779
17147.01, 9778
17166.11, 9777
17181.59, 9776
17219.85, 9775
17223.09, 9774
17226.56, 9773
17268.28, 9772
17279.71, 9771
17279.81, 9770
17287.56, 9769
17295.29, 9768
17309.67, 9767
17327.79, 9766
17359.87, 9765
17362.08, 9764
17395.28, 9763
17403.96, 9762
17417.41, 9761
17455.75, 9760
17458.57, 9759
17478.41, 9758
17481.06, 9757
17509.33, 9756
17513.36, 9755
17569.44, 9754
17577.93, 9753
17578.04, 9752
17622.21, 9751
17622.31, 9750
17627.12, 9749
17656.74, 9748
17669.95, 9747
17672.32, 9746
17690.19, 9745
17696.79, 9744
17711.39, 9743
17725.07, 9742
17730.82, 9741
17747.85, 9740
17763.55, 9739
17778.69, 9738
17798.32, 9737
17800.57, 9736
17860.63, 9735
17877.96, 9734
17880.77, 9733
17891.63, 9732
17896.6, 9731
17907.89, 9730
17926.53, 9729
17929.34, 9728
17942.06, 9727
17949.81, 9726
17959.38, 9725
18013.41, 9712
18015.12, 9711
18051.3, 9699
18068.75, 9697
18074.67, 9696
18081.0, 9688
18093.19, 9685
18096.56, 9684
18104.49, 9683
18127.08, 9682
18146.35, 9679
18163.3, 9675
18187.29, 9673
18192.32, 9672
18205.93, 9671
18215.28, 9670
18233.3, 9669
18251.53, 9668
18267.02, 9667
18293.61, 9664
18333.91, 9663
18345.78, 9661
18357.71, 9660
18393.46, 9659
18399.07, 9658
18427.22, 9657
18429.86, 9656
18432.4, 9655
18446.23, 9653
18462.66, 9652
18480.53, 9651
18528.91, 9650
18531.26, 9649
18543.89, 9648
18557.45, 9647
18557.55, 9646
18581.07, 9645
18583.54, 9644
18586.02, 9643
18619.63, 9642
18650.28, 9641
18667.28, 9640
18669.78, 9639
18686.06, 9638
18694.63, 9637
18718.28, 9636
18731.7, 9635
18744.15, 9634
18746.56, 9633
18790.76, 9632
18808.01, 9631
18826.77, 9630
18838.29, 9629
18896.72, 9628
18896.83, 9627
18920.46, 9626
18974.54, 9625
18974.64, 9624
19012.75, 9623
19019.69, 9622
19045.99, 9621
19075.81, 9620
19104.53, 9619
19131.79, 9618
19147.86, 9617
19150.39, 9616
19228.06, 9615
19230.59, 9614
19249.42, 9613
19264.86, 9612
19267.4, 9611
19284.83, 9610
19287.35, 9609
19296.91, 9608
19299.39, 9607
19312.26, 9606
19365.49, 9605
19387.14, 9604
19392.53, 9603
19427.89, 9602
19448.44, 9601
19544.2, 9600
19580.3, 9599
19604.81, 9598
19617.87, 9597
19665.4, 9596
19671.07, 9595
19730.11, 9594
19863.61, 9593
19890.72, 9592
19910.52, 9591
19945.44, 9590
19984.51, 9589
19995.09, 9588
20022.75, 9587
20132.3, 9576
20140.36, 9574
20140.47, 9573
20169.8, 9564
20176.61, 9561
20185.59, 9560
20248.12, 9559
20266.17, 9558
20329.92, 9554
20379.16, 9550
20380.58, 9548
20383.07, 9547
20409.9, 9546
20414.47, 9545
20419.7, 9544
20426.19, 9543
20449.08, 9541
20464.45, 9538
20500.07, 9537
20513.9, 9535
20535.59, 9534
20543.13, 9533
20563.72, 9532
20575.99, 9531
20600.48, 9530
20607.16, 9529
20615.04, 9528
20628.87, 9526
20634.38, 9525
20646.55, 9524
20649.03, 9523
20669.69, 9522
20674.18, 9521
20679.31, 9520
20728.63, 9519
20728.74, 9518
20745.55, 9517
20748.3, 9516
20750.63, 9515
20830.01, 9514
20860.66, 9513
20869.19, 9512
20878.35, 9511
20902.35, 9510
20919.06, 9509
20921.96, 9508
20970.44, 9507
20997.41, 9506
21008.52, 9505
21013.93, 9504
21064.94, 9503
21077.04, 9502
21099.98, 9501
21119.43, 9500
21150.33, 9499
21168.13, 9498
21221.57, 9497
21226.5, 9496
21234.58, 9495
21278.92, 9494
21311.79, 9493
21329.5, 9492
21333.23, 9491
21347.18, 9490
21380.12, 9489
21383.72, 9488
21415.71, 9487
21446.42, 9486
21469.75, 9485
21509.98, 9484
21552.64, 9483
21585.57, 9482
21599.52, 9481
21602.11, 9480
21616.57, 9479
21630.0, 9478
21634.77, 9477
21648.73, 9476
21666.43, 9475
21666.47, 9474
21697.65, 9473
21717.23, 9472
21720.35, 9471
21736.12, 9470
21748.61, 9469
21751.19, 9468
21768.71, 9467
21771.56, 9466
21800.43, 9465
21816.66, 9464
21820.78, 9463
21830.31, 9462
21847.32, 9461
21941.82, 9460
22013.47, 9459
22078.09, 9458
22081.98, 9457
22111.34, 9456
22129.25, 9455
22197.92, 9454
22242.07, 9453
22268.29, 9452
22306.89, 9451
22315.58, 9450
22384.06, 9449
22410.89, 9442
22415.59, 9439
22447.09, 9438
22449.58, 9437
22465.54, 9436
22503.11, 9431
22508.25, 9427
22533.1, 9425
22539.31, 9424
22581.18, 9423
22583.67, 9422
22596.78, 9421
22659.42, 9420
22717.37, 9417
22732.69, 9414
22742.99, 9413
22745.57, 9411
22780.26, 9410
22903.52, 9409
22916.17, 9408
22923.93, 9407
22945.79, 9405
22974.93, 9404
22996.25, 9403
22998.71, 9401
23044.12, 9400
23046.68, 9399
23098.23, 9398
23100.3, 9397
23127.5, 9396
23168.59, 9395
23170.84, 9394
23215.06, 9393
23219.67, 9392
23224.1, 9391
23255.64, 9390
23260.06, 9389
23295.66, 9388
23315.08, 9387
23329.25, 9386
23331.59, 9385
23347.15, 9384
23349.58, 9383
23363.43, 9382
23384.67, 9381
23390.9, 9380
23390.93, 9379
23407.55, 9378
23407.66, 9377
23433.57, 9376
23452.92, 9375
23456.54, 9374
23498.47, 9373
23534.32, 9372
23573.89, 9371
23615.22, 9370
23647.29, 9369
23649.82, 9368
23663.67, 9367
23695.09, 9366
23763.28, 9365
23765.7, 9364
23794.87, 9363
23827.48, 9362
23839.36, 9361
23868.08, 9360
23875.87, 9359
23879.96, 9358
23940.19, 9357
23946.89, 9356
23974.16, 9355
24013.05, 9354
24028.97, 9353
24046.67, 9352
24094.14, 9351
24096.66, 9350
24134.79, 9349
24136.5, 9348
24157.08, 9347
24159.47, 9346
24192.85, 9345
24207.81, 9344
24232.07, 9343
24253.39, 9342
24262.69, 9341
24278.78, 9340
24284.29, 9339
24301.62, 9338
24352.68, 9337
24416.78, 9336
24424.67, 9335
24430.64, 9334
24432.64, 9333
24457.31, 9332
24508.92, 9331
24566.21, 9330
24595.58, 9329
24595.63, 9328
24596.65, 9327
24627.36, 9326
24666.38, 9325
24679.66, 9324
24679.76, 9323
24682.71, 9322
24763.27, 9321
24777.39, 9320
24795.1, 9319
24900.05, 9318
24914.33, 9317
24929.9, 9316
24984.8, 9315
24984.84, 9314
25002.21, 9313
25127.71, 9310
25160.64, 9306
25164.95, 9304
25167.58, 9303
25193.89, 9302
25248.24, 9301
25250.67, 9300
25297.31, 9299
25325.42, 9295
25352.81, 9292
25367.83, 9291
25375.25, 9289
25386.38, 9288
25409.9, 9287
25418.32, 9286
25490.06, 9285
25520.2, 9282
25548.52, 9281
25558.76, 9280
25578.3, 9278
25598.58, 9277
25647.37, 9276
25661.92, 9275
25667.56, 9274
25687.31, 9273
25717.22, 9272
25740.29, 9271
25765.45, 9269
25781.53, 9268
25790.53, 9267
25800.7, 9266
25800.79, 9265
25806.06, 9264
25826.13, 9263
25842.2, 9262
25844.81, 9261
25863.48, 9260
25880.3, 9259
25894.92, 9258
25939.75, 9257
25946.28, 9256
25964.92, 9255
25976.5, 9254
25985.94, 9253
25994.85, 9252
26039.54, 9251
26061.08, 9250
26079.25, 9249
26109.1, 9248
26113.25, 9247
26115.42, 9246
26158.77, 9245
26212.7, 9244
26256.51, 9243
26281.92, 9242
26295.07, 9241
26364.72, 9240
26367.22, 9239
26402.28, 9238
26421.18, 9237
26450.4, 9236
26468.83, 9235
26499.92, 9234
26502.46, 9233
26520.23, 9232
26539.12, 9231
26580.75, 9230
26607.17, 9229
26607.25, 9228
26621.08, 9227
26629.83, 9226
26651.98, 9225
26696.33, 9224
26718.82, 9223
26750.06, 9222
26793.24, 9221
26838.7, 9220
26854.78, 9219
26875.98, 9218
26884.1, 9217
26909.82, 9216
26930.97, 9215
26950.94, 9214
27010.22, 9213
27023.89, 9212
27062.52, 9211
27064.56, 9210
27094.04, 9209
27096.7, 9208
27114.6, 9207
27131.19, 9206
27148.04, 9205
27150.53, 9204
27164.86, 9203
27166.11, 9202
27183.74, 9201
27199.35, 9200
27208.38, 9199
27243.08, 9198
27255.24, 9197
27269.61, 9196
27292.09, 9195
27331.96, 9194
27341.63, 9193
27345.72, 9192
27359.79, 9191
27386.52, 9190
27426.84, 9189
27469.48, 9188
27480.47, 9187
27497.89, 9186
27515.56, 9185
27546.14, 9184
27576.67, 9183
27630.12, 9182
27632.65, 9181
27651.26, 9180
27674.58, 9179
27683.41, 9178
27713.47, 9177
27742.71, 9175
27746.11, 9172
27759.73, 9171
27768.0, 9169
27778.22, 9168
27792.58, 9167
27806.35, 9166
27810.03, 9165
27848.98, 9161
27851.6, 9160
27858.94, 9159
27869.97, 9157
27878.69, 9156
27890.54, 9155
27908.21, 9154
27918.59, 9153
27932.76, 9152
27952.34, 9151
27960.35, 9150
27980.74, 9149
28014.79, 9147
28023.3, 9146
28029.25, 9145
28044.0, 9144
28050.22, 9143
28063.51, 9142
28078.26, 9141
28102.92, 9140
28111.85, 9139
28148.27, 9138
28151.53, 9137
28165.48, 9136
28185.23, 9135
28201.3, 9134
28212.46, 9133
28218.53, 9132
28226.35, 9131
28240.34, 9130
28242.32, 9129
28275.49, 9128
28275.59, 9127
28275.93, 9126
28301.41, 9125
28305.11, 9124
28312.96, 9123
28327.97, 9122
28358.34, 9121
28375.03, 9120
28391.86, 9119
28394.36, 9118
28402.81, 9117
28415.14, 9116
28444.02, 9115
28446.3, 9114
28448.9, 9113
28458.83, 9112
28469.47, 9111
28480.96, 9110
28529.66, 9109
28546.95, 9108
28551.38, 9107
28556.27, 9106
28591.45, 9105
28593.95, 9104
28596.75, 9103
28625.0, 9102
28625.05, 9101
28641.23, 9100
28654.33, 9099
28676.0, 9098
28678.94, 9097
28681.63, 9096
28699.97, 9095
28713.03, 9094
28731.62, 9093
28767.57, 9092
28781.56, 9091
28783.23, 9090
28803.83, 9089
28827.47, 9088
28827.64, 9087
28877.43, 9086
29126.41, 9085
29126.46, 9084
29218.84, 9083
29250.48, 9082
29267.82, 9081
29279.22, 9080
29279.26, 9079
29329.47, 9078
29345.17, 9077
29357.91, 9076
29374.2, 9075
29376.7, 9074
29381.4, 9073
29405.18, 9072
29443.51, 9071
29443.61, 9070
29452.6, 9069
29475.0, 9068
29498.93, 9067
29525.95, 9066
29533.44, 9065
29542.05, 9064
29546.61, 9063
29559.45, 9062
29576.02, 9061
29580.12, 9060
29674.97, 9059
29693.31, 9058
29696.08, 9057
29698.58, 9056
29708.53, 9055
29743.5, 9054
29750.26, 9053
29752.76, 9052
29782.0, 9051
29784.49, 9050
29795.29, 9049
29809.52, 9048
29845.73, 9047
29847.87, 9046
29850.44, 9045
29886.9, 9044
29897.5, 9043
29900.07, 9042
29930.4, 9041
29982.56, 9040
29984.06, 9038
29992.03, 9037
30041.03, 9036
30045.59, 9035
30047.38, 9034
30061.72, 9033
30069.81, 9032
30089.18, 9031
30107.15, 9029
30117.69, 9027
30135.81, 9026
30148.6, 9025
30162.91, 9024
30165.46, 9023
30198.27, 9022
30200.19, 9021
30217.86, 9020
30230.94, 9019
30245.93, 9018
30248.43, 9017
30261.9, 9016
30297.26, 9015
30299.81, 9014
30306.23, 9013
30309.96, 9012
30333.71, 9011
30336.2, 9010
30340.44, 9009
30365.78, 9008
30394.59, 9007
30394.65, 9006
30407.11, 9005
30442.95, 9004
30445.54, 9003
30463.41, 9002
30484.44, 9001
30505.0, 9000
30508.76, 8999
30527.47, 8998
30562.61, 8997
30565.15, 8996
30579.67, 8995
30593.75, 8994
30595.88, 8993
30612.68, 8992
30623.73, 8991
30659.73, 8990
30659.83, 8989
30672.09, 8988
30705.22, 8987
30707.81, 8986
30739.99, 8985
30741.09, 8984
30759.17, 8983
30788.51, 8982
30796.23, 8981
30825.82, 8980
30826.28, 8979
30834.23, 8978
30855.84, 8977
30879.28, 8976
30889.63, 8975
30891.68, 8974
30908.14, 8973
30908.23, 8972
30922.35, 8971
30926.0, 8970
30996.03, 8969
31001.6, 8968
31006.53, 8967
31026.67, 8966
31030.47, 8965
31074.85, 8964
31074.98, 8963
31077.49, 8962
31104.49, 8961
31107.95, 8960
31139.67, 8959
31141.94, 8958
31146.0, 8957
31159.67, 8956
31200.85, 8955
31206.87, 8954
31227.09, 8953
31246.48, 8952
31249.02, 8951
31262.85, 8950
31301.89, 8949
31318.05, 8948
31325.75, 8947
31348.28, 8946
31350.8, 8945
31383.11, 8944
31391.15, 8943
31411.89, 8942
31425.7, 8941
31455.58, 8940
31458.71, 8939
31465.77, 8938
31492.99, 8937
31512.42, 8936
31528.71, 8935
31550.59, 8934
31576.08, 8933
31577.73, 8932
31610.12, 8931
31628.13, 8930
31639.71, 8929
31659.7, 8928
31700.52, 8927
31700.61, 8926
31700.63, 8925
31708.37, 8924
31765.59, 8923
31773.2, 8922
31798.46, 8921
31820.47, 8920
31838.95, 8919
31854.83, 8918
31857.33, 8917
31903.83, 8916
31909.72, 8915
31913.89, 8914
31931.62, 8913
31942.63, 8912
31961.03, 8911
31974.07, 8910
32008.73, 8909
32010.85, 8908
32083.29, 8907
32099.36, 8906
32111.56, 8905
32139.71, 8904
32146.5, 8903
32151.4, 8902
32165.87, 8901
32173.55, 8900
32189.82, 8899
32191.99, 8898
32213.24, 8896
32230.43, 8895
32232.86, 8894
32261.32, 8893
32263.87, 8892
32277.02, 8891
32281.41, 8890
32299.16, 8889
32300.75, 8888
32310.82, 8887
32313.34, 8886
32336.65, 8885
32362.82, 8884
32380.14, 8883
32425.66, 8882
32444.01, 8881
32447.16, 8880
32453.03, 8879
32463.53, 8878
32479.55, 8877
32497.99, 8876
32500.47, 8875
32514.66, 8874
32520.84, 8873
32528.34, 8872
32544.39, 8871
32546.82, 8870
32560.89, 8869
32616.87, 8868
32675.48, 8867
32678.53, 8866
32681.03, 8865
32703.82, 8864
32709.65, 8863
32719.67, 8862
32732.86, 8861
32741.26, 8860
32748.41, 8859
32776.09, 8858
32783.9, 8857
32785.17, 8856
32813.27, 8855
32821.41, 8854
32861.09, 8853
32865.51, 8852
32880.71, 8851
32883.72, 8850
32896.53, 8849
32904.36, 8848
32913.02, 8847
32932.43, 8846
32988.97, 8845
32999.33, 8844
33001.7, 8843
33049.02, 8842
33061.93, 8841
33075.4, 8840
33093.48, 8839
33096.56, 8838
33127.91, 8837
33141.4, 8836
33144.03, 8835
33167.09, 8834
33179.97, 8833
33193.41, 8832
33210.44, 8831
33213.57, 8830
33225.16, 8829
33277.35, 8828
33277.38, 8827
33277.39, 8826
33299.03, 8825
33301.53, 8824
33306.91, 8823
33348.18, 8822
33374.57, 8821
33402.88, 8820
33413.08, 8819
33430.28, 8818
33449.05, 8817
33451.58, 8816
33459.28, 8815
33467.35, 8814
33477.91, 8813
33500.58, 8812
33534.4, 8811
33548.73, 8810
33567.87, 8809
33597.71, 8808
33608.13, 8807
33624.72, 8806
33645.93, 8805
33664.04, 8804
33677.89, 8803
33692.12, 8802
33721.63, 8801
33731.83, 8800
33738.96, 8799
33774.11, 8798
33795.62, 8797
33798.31, 8796
33813.6, 8795
33824.67, 8794
33850.67, 8793
33881.11, 8792
33897.24, 8791
33912.23, 8790
33936.62, 8789
33941.87, 8788
33960.43, 8787
33981.56, 8786
34008.76, 8785
34010.35, 8784
34029.74, 8783
34046.49, 8782
34048.5, 8781
34060.46, 8780
34066.88, 8779
34093.05, 8778
34093.77, 8777
34123.93, 8776
34140.48, 8775
34155.14, 8774
34232.0, 8773
34243.29, 8772
34258.74, 8771
34260.68, 8770
34274.09, 8769
34281.71, 8768
34292.68, 8767
34301.45, 8766
34345.45, 8765
34359.44, 8764
34394.28, 8763
34394.32, 8762
34402.25, 8761
34413.74, 8760
34430.34, 8759
34432.77, 8758
34449.5, 8757
34469.83, 8756
34480.18, 8755
34504.43, 8754
34505.37, 8753
34509.32, 8752
34525.58, 8751
34540.82, 8750
34565.55, 8749
34583.42, 8748
34590.74, 8747
34593.29, 8746
34604.17, 8745
34623.15, 8744
34646.18, 8743
34661.13, 8742
34680.77, 8741
34694.8, 8740
34700.44, 8739
34725.46, 8738
34725.96, 8737
34748.89, 8736
34786.3, 8735
34792.97, 8734
34812.75, 8733
34840.49, 8732
34847.2, 8731
34847.24, 8730
34876.31, 8729
34878.31, 8728
34907.68, 8727
34940.03, 8726
34942.57, 8725
34945.05, 8724
34968.85, 8723
34978.85, 8722
34999.85, 8721
35005.47, 8720
35008.2, 8719
35015.97, 8718
35043.74, 8717
35046.38, 8716
35051.06, 8715
35092.23, 8714
35105.24, 8713
35112.78, 8712
35151.31, 8711
35157.41, 8710
35162.36, 8709
35179.21, 8708
35194.02, 8707
35212.11, 8706
35242.45, 8705
35244.95, 8704
35254.97, 8703
35258.58, 8702
35279.92, 8701
35329.55, 8700
35333.91, 8699
35342.18, 8698
35365.94, 8697
35397.52, 8696
35400.03, 8695
35408.41, 8694
35429.41, 8693
35450.98, 8692
35463.13, 8691
35487.03, 8690
35513.66, 8689
35528.97, 8688
35575.16, 8687
35591.09, 8686
35593.67, 8685
35605.26, 8684
35615.74, 8683
35632.71, 8682
35658.65, 8681
35663.08, 8680
35682.38, 8679
35694.05, 8678
35705.54, 8677
35715.81, 8676
35726.33, 8675
35732.17, 8674
35781.41, 8673
35813.9, 8672
35820.82, 8671
35843.65, 8670
35847.09, 8669
35849.59, 8668
35867.48, 8667
35904.2, 8666
35920.42, 8665
35930.65, 8664
35959.94, 8663
35964.85, 8662
35980.08, 8661
36027.32, 8660
36029.84, 8659
36043.07, 8658
36053.16, 8657
36063.97, 8656
36074.61, 8655
36096.38, 8654
36098.79, 8653
36127.91, 8652
36162.14, 8651
36179.03, 8650
36181.52, 8649
36205.78, 8648
36237.01, 8647
36260.59, 8646
36277.66, 8645
36284.35, 8644
36309.67, 8643
36362.28, 8642
36362.34, 8641
36370.53, 8640
36378.9, 8639
36391.84, 8638
36431.61, 8637
36433.95, 8636
36447.2, 8635
36460.69, 8634
36490.43, 8633
36509.97, 8632
36512.49, 8631
36540.79, 8630
36560.35, 8629
36563.17, 8628
36566.73, 8627
36582.27, 8626
36611.77, 8625
36634.75, 8624
36640.92, 8623
36667.92, 8622
36675.93, 8621
36696.68, 8620
36727.28, 8619
36763.85, 8618
36772.6, 8617
36775.26, 8616
36786.31, 8615
36814.16, 8614
36830.43, 8613
36832.91, 8612
36850.34, 8611
36865.18, 8610
36894.57, 8609
36902.48, 8608
36925.47, 8607
36941.52, 8606
36944.39, 8605
36966.24, 8604
36975.97, 8603
36990.78, 8602
37009.05, 8601
37028.06, 8600
37031.28, 8599
37062.61, 8598
37065.11, 8597
37067.95, 8596
37093.49, 8595
37095.93, 8594
37109.81, 8593
37147.97, 8592
37150.46, 8591
37176.21, 8590
37195.69, 8589
37212.41, 8588
37212.52, 8587
37231.42, 8586
37257.73, 8585
37261.9, 8584
37267.89, 8583
37281.33, 8582
37302.76, 8581
37307.54, 8580
37325.61, 8579
37345.72, 8578
37359.65, 8577
37363.51, 8576
37379.04, 8575
37394.35, 8574
37406.75, 8573
37425.36, 8572
37425.41, 8571
37446.39, 8570
37448.85, 8569
37493.35, 8568
37513.37, 8567
37516.0, 8566
37527.08, 8565
37576.46, 8564
37592.17, 8563
37595.65, 8562
37596.48, 8561
37610.53, 8560
37657.3, 8559
37670.49, 8558
37675.69, 8557
37699.71, 8556
37703.67, 8555
37727.45, 8554
37740.66, 8553
37740.72, 8552
37754.08, 8551
37800.74, 8550
37800.78, 8549
37829.66, 8548
37832.21, 8547
37840.37, 8546
37884.44, 8545
37894.35, 8544
37909.38, 8543
37961.19, 8542
37969.45, 8541
37977.84, 8540
37995.66, 8539
37998.18, 8538
38000.69, 8537
38016.3, 8536
38044.94, 8535
38052.97, 8534
38059.35, 8533
38079.17, 8532
38081.67, 8531
38118.43, 8530
38124.96, 8529
38131.39, 8528
38139.73, 8527
38149.21, 8526
38159.99, 8525
38170.97, 8524
38208.72, 8523
38224.49, 8522
38243.56, 8521
38271.73, 8520
38276.38, 8519
38278.9, 8518
38295.62, 8517
38315.66, 8516
38323.1, 8515
38371.69, 8514
38386.67, 8513
38396.41, 8512
38450.5, 8511
38450.54, 8510
38459.47, 8509
38475.29, 8508
38481.74, 8507
38484.26, 8506
38513.71, 8505
38577.34, 8504
38579.85, 8503
38598.1, 8502
38598.51, 8501
38625.39, 8500
38640.98, 8499
38676.76, 8498
38682.52, 8497
38685.41, 8496
38706.97, 8495
38707.07, 8494
38729.06, 8493
38732.09, 8492
38734.01, 8491
38757.64, 8490
38768.07, 8489
38793.32, 8488
38795.86, 8487
38809.47, 8486
38827.52, 8485
38846.32, 8484
38858.16, 8483
38877.99, 8482
38886.97, 8481
38906.89, 8480
38915.27, 8479
39116.61, 8478
39124.38, 8477
39130.02, 8476
39177.01, 8475
39187.4, 8474
39192.7, 8473
39212.34, 8472
39224.14, 8471
39232.73, 8470
39238.99, 8469
39255.82, 8468
39262.93, 8467
39265.04, 8466
39283.81, 8465
39290.93, 8464
39311.17, 8463
39331.02, 8462
39359.02, 8461
39373.11, 8460
39389.58, 8459
39394.8, 8458
39399.56, 8457
39429.36, 8456
39430.91, 8455
39433.41, 8454
39461.1, 8453
39465.3, 8452
39482.93, 8451
39494.94, 8450
39539.18, 8449
39549.03, 8448
39580.47, 8447
39581.75, 8446
39599.48, 8445
39619.8, 8444
39632.2, 8443
39646.44, 8442
39663.78, 8441
39675.74, 8440
39707.13, 8439
39729.5, 8438
39731.85, 8437
39734.33, 8436
39778.68, 8435
39801.26, 8434
39803.54, 8433
39845.46, 8432
39845.51, 8431
39845.55, 8430
39892.61, 8429
39894.24, 8428
39899.08, 8427
39932.83, 8426
39951.16, 8425
39953.43, 8424
39962.68, 8423
39989.11, 8422
39994.83, 8421
40007.99, 8420
40023.23, 8419
40044.14, 8418
40048.14, 8417
40063.85, 8416
40075.88, 8415
40081.32, 8414
40095.37, 8413
40111.09, 8412
40161.41, 8411
40176.26, 8410
40197.4, 8409
40204.23, 8408
40216.57, 8407
40231.94, 8406
40281.09, 8405
40283.42, 8404
40307.57, 8403
40317.54, 8402
40325.52, 8401
40341.91, 8400
40345.47, 8399
40360.42, 8398
40379.14, 8397
40383.93, 8396
40394.05, 8395
40410.4, 8394
40424.21, 8393
40433.01, 8392
40442.95, 8391
40463.56, 8390
40473.06, 8389
40481.77, 8388
40494.54, 8387
40507.16, 8386
40515.05, 8385
40530.03, 8384
40542.34, 8383
40552.39, 8382
40562.46, 8381
40611.65, 8380
40619.96, 8379
40631.64, 8378
40640.14, 8377
40647.94, 8376
40656.13, 8375
40679.69, 8374
40689.9, 8373
40698.87, 8372
40704.66, 8371
40716.89, 8370
40728.49, 8369
40735.89, 8368
40743.86, 8367
40759.69, 8366
40767.54, 8365
40775.54, 8364
40786.28, 8363
40794.36, 8362
40802.26, 8361
40825.53, 8360
40836.33, 8359
40843.85, 8358
40851.57, 8357
40866.12, 8356
40878.4, 8355
40884.13, 8354
40893.22, 8353
40909.02, 8352
40916.83, 8351
40925.58, 8350
40936.01, 8349
40946.19, 8348
40952.24, 8347
40980.59, 8346
40991.35, 8345
40996.56, 8344
41011.63, 8343
41026.15, 8342
41031.78, 8341
41040.09, 8340
41059.63, 8339
41066.87, 8338
41077.31, 8337
41087.52, 8336
41095.78, 8335
41104.51, 8334
41111.98, 8333
41131.09, 8332
41145.73, 8331
41158.18, 8330
41166.71, 8329
41176.16, 8328
41193.25, 8327
41201.24, 8326
41208.98, 8325
41222.43, 8324
41229.92, 8323
41238.7, 8322
41256.74, 8321
41273.44, 8320
41285.67, 8319
41292.35, 8318
41300.67, 8317
41319.01, 8316
41327.07, 8315
41335.56, 8314
41347.37, 8313
41358.17, 8312
41364.73, 8311
41389.47, 8310
41401.37, 8309
41409.71, 8308
41417.79, 8307
41439.14, 8306
41446.33, 8305
41455.15, 8304
41468.09, 8303
41479.04, 8302
41489.12, 8301
41518.14, 8300
41527.13, 8299
41536.29, 8298
41557.34, 8297
41565.3, 8296
41572.63, 8295
41585.95, 8294
41594.19, 8293
41605.98, 8292
41629.4, 8291
41637.5, 8290
41657.79, 8289
41669.51, 8288
41678.82, 8287
41688.43, 8286
41697.28, 8285
41708.94, 8284
41725.57, 8283
41751.21, 8282
41760.51, 8281
41769.58, 8280
41777.35, 8279
41794.43, 8278
41796.93, 8277
41808.23, 8276
41829.16, 8275
41846.79, 8274
41863.06, 8273
41874.75, 8272
41882.8, 8271
41907.89, 8270
41920.55, 8269
41931.54, 8268
41945.93, 8267
41958.89, 8266
41977.8, 8265
41987.52, 8264
42001.4, 8263
42006.57, 8262
42028.33, 8261
42042.44, 8260
42053.45, 8259
42067.33, 8258
42074.48, 8257
42081.8, 8256
42109.99, 8255
42118.48, 8254
42127.59, 8253
42138.06, 8252
42186.1, 8251
42200.49, 8250
42218.69, 8249
42228.16, 8248
42262.23, 8247
42268.88, 8246
42284.26, 8245
42288.66, 8244
42299.08, 8243
42314.13, 8242
42327.7, 8241
42339.53, 8240
42355.05, 8239
42398.4, 8238
42400.87, 8237
42413.21, 8236
42421.67, 8235
42430.05, 8234
42438.67, 8233
42466.85, 8232
42483.67, 8231
42483.73, 8230
42495.61, 8229
42508.35, 8228
42517.91, 8227
42530.04, 8226
42538.69, 8225
42561.7, 8224
42561.74, 8223
42571.79, 8222
42589.61, 8221
42598.15, 8220
42607.56, 8219
42633.16, 8218
42660.18, 8217
42670.22, 8216
42687.61, 8215
42705.76, 8214
42712.87, 8213
42722.82, 8212
42740.7, 8211
42756.64, 8210
42772.61, 8209
42777.83, 8208
42807.23, 8207
42819.49, 8206
42854.05, 8205
42864.29, 8204
42888.66, 8203
42906.09, 8202
42916.48, 8201
42929.83, 8200
42959.69, 8199
42961.12, 8198
42978.99, 8197
42999.97, 8196
43003.75, 8195
43018.32, 8194
43040.55, 8193
43057.08, 8192
43085.9, 8191
43093.87, 8190
43100.68, 8189
43122.54, 8188
43131.15, 8187
43153.85, 8186
43163.29, 8185
43179.06, 8184
43199.76, 8183
43229.25, 8182
43242.96, 8181
43252.91, 8180
43275.73, 8179
43285.17, 8178
43300.37, 8177
43308.35, 8176
43326.27, 8175
43348.2, 8174
43350.75, 8173
43404.88, 8172
43409.85, 8171
43420.38, 8170
43444.94, 8169
43457.61, 8168
43470.17, 8167
43482.41, 8166
43502.17, 8165
43505.28, 8164
43561.71, 8163
43564.39, 8162
43597.09, 8161
43605.12, 8160
43612.01, 8159
43635.41, 8158
43648.31, 8157
43655.38, 8156
43669.11, 8155
43707.88, 8154
43720.22, 8153
43732.97, 8152
43746.32, 8151
43786.68, 8150
43789.61, 8149
43822.32, 8148
43835.33, 8147
43861.35, 8146
43874.74, 8145
43887.27, 8144
43902.36, 8143
43931.67, 8142
43940.37, 8141
43968.54, 8140
43976.81, 8139
43998.85, 8138
44011.15, 8137
44028.32, 8136
44039.32, 8135
44051.91, 8134
44070.08, 8133
44078.02, 8132
44087.98, 8131
44102.82, 8130
44115.14, 8129
44123.86, 8128
44148.44, 8127
44170.89, 8126
44182.16, 8125
44193.53, 8124
44258.09, 8123
44275.88, 8122
44288.9, 8121
44342.79, 8120
44352.86, 8119
44361.6, 8118
44375.83, 8117
44379.57, 8116
44399.52, 8115
44402.35, 8114
44413.39, 8113
44439.9, 8112
44480.65, 8111
44495.17, 8110
44502.83, 8109
44511.39, 8108
44524.35, 8107
44536.1, 8106
44553.26, 8105
44595.74, 8104
44610.55, 8103
44615.82, 8102
44631.07, 8101
44642.64, 8100
44657.57, 8099
44666.63, 8098
44689.76, 8097
44702.72, 8096
44711.95, 8095
44728.76, 8094
44735.72, 8093
44758.98, 8092
44809.09, 8091
44812.0, 8090
44820.96, 8089
44837.33, 8088
44848.73, 8087
44866.57, 8086
44870.72, 8085
44900.78, 8084
44913.23, 8083
44925.3, 8082
44944.98, 8081
44953.15, 8080
44967.13, 8079
44996.53, 8078
45000.38, 8077
45024.98, 8076
45044.08, 8075
45046.24, 8074
45061.48, 8073
45078.2, 8072
45084.12, 8071
45098.62, 8070
45114.26, 8069
45116.65, 8068
45120.59, 8067
45167.86, 8066
45192.08, 8065
45202.55, 8064
45212.97, 8063
45225.98, 8062
45272.43, 8061
45281.13, 8060
45293.08, 8059
45313.11, 8058
45335.36, 8057
45344.57, 8056
45374.08, 8055
45392.93, 8054
45404.22, 8053
45426.42, 8052
45452.61, 8051
45462.93, 8050
45474.89, 8049
45498.82, 8048
45501.4, 8047
45515.95, 8046
45562.96, 8045
45569.61, 8044
45579.81, 8043
45607.92, 8042
45617.19, 8041
45626.64, 8040
45663.34, 8039
45674.5, 8038
45685.03, 8037
45702.56, 8036
45722.27, 8035
45748.66, 8034
45761.83, 8033
45767.34, 8032
45778.88, 8031
45794.33, 8030
45822.47, 8029
45839.35, 8028
45879.24, 8027
45894.1, 8026
45923.49, 8025
45934.17, 8024
45946.4, 8023
45953.52, 8022
45996.76, 8021
46016.07, 8020
46020.49, 8019
46033.68, 8018
46045.01, 8017
46050.66, 8016
46083.11, 8015
46101.9, 8014
46131.87, 8013
46139.17, 8012
46149.07, 8011
46164.92, 8010
46187.14, 8009
46190.97, 8008
46206.18, 8007
46232.19, 8006
46234.66, 8005
46247.29, 8004
46260.32, 8003
46278.1, 8002
46283.02, 8001
46294.33, 8000
46306.87, 7999
46318.86, 7998
46328.43, 7997
46394.28, 7996
46408.63, 7995
46411.15, 7994
46441.83, 7993
46453.51, 7992
46464.94, 7991
46469.68, 7990
46484.66, 7989
46496.28, 7988
46501.51, 7987
46517.69, 7986
46553.63, 7985
46558.67, 7984
46572.61, 7983
46580.46, 7982
46593.17, 7981
46607.9, 7980
46632.2, 7979
46656.07, 7978
46668.12, 7977
46680.0, 7976
46705.49, 7975
46708.03, 7974
46714.95, 7973
46736.64, 7972
46750.61, 7971
46754.88, 7970
46767.66, 7969
46783.25, 7968
46791.8, 7967
46810.13, 7966
46863.45, 7965
46865.96, 7964
46875.03, 7963
46910.95, 7962
46913.41, 7961
46929.17, 7960
46932.02, 7959
46949.12, 7958
46970.42, 7957
46981.44, 7956
46984.01, 7955
46994.7, 7954
46997.38, 7953
47031.46, 7952
47038.19, 7951
47052.96, 7950
47067.03, 7949
47073.15, 7948
47082.49, 7947
47100.19, 7946
47112.98, 7945
47133.86, 7944
47136.27, 7943
47152.08, 7942
47174.65, 7941
47180.02, 7940
47207.77, 7939
47216.3, 7938
47228.87, 7937
47241.98, 7936
47274.95, 7935
47277.41, 7934
47292.59, 7933
47311.74, 7932
47318.48, 7931
47321.73, 7930
47359.84, 7929
47372.8, 7928
47377.78, 7927
47388.88, 7926
47414.5, 7925
47425.19, 7924
47433.41, 7923
47445.05, 7922
47462.68, 7921
47479.29, 7920
47480.46, 7919
47520.5, 7918
47534.9, 7917
47568.53, 7916
47570.99, 7915
47573.48, 7914
47594.85, 7913
47609.43, 7912
47612.04, 7911
47636.45, 7910
47642.98, 7909
47671.27, 7908
47688.95, 7907
47708.42, 7906
47735.97, 7905
47740.21, 7904
47756.11, 7903
47770.92, 7902
47803.76, 7901
47811.6, 7900
47825.91, 7899
47846.48, 7898
47849.01, 7897
47861.8, 7896
47933.93, 7895
47936.43, 7894
47950.41, 7893
47977.45, 7892
47990.4, 7891
47995.03, 7890
48024.21, 7889
48039.39, 7888
48053.24, 7887
48061.82, 7886
48071.95, 7885
48085.53, 7884
48099.44, 7883
48113.34, 7882
48126.73, 7881
48143.73, 7880
48154.93, 7879
48169.92, 7878
48186.91, 7877
48189.39, 7876
48367.08, 7875
48369.66, 7874
48380.97, 7873
48383.49, 7872
48437.68, 7871
48442.07, 7870
48474.45, 7869
48497.65, 7868
48500.09, 7867
48510.08, 7866
48521.93, 7865
48536.56, 7864
48544.29, 7863
48555.9, 7862
48564.18, 7861
48582.05, 7860
48589.19, 7859
48595.17, 7858
48623.46, 7857
48625.95, 7856
48647.21, 7855
48677.89, 7854
48684.05, 7853
48690.68, 7852
48702.83, 7851
48721.84, 7850
48731.5, 7849
48743.32, 7848
48745.81, 7847
48776.06, 7846
48780.39, 7845
48792.74, 7844
48805.67, 7843
48808.1, 7842
48823.08, 7841
48856.35, 7840
48865.7, 7839
48871.78, 7838
48892.11, 7837
48902.68, 7836
48922.78, 7835
48938.86, 7834
48958.66, 7833
48961.24, 7832
48978.5, 7831
48979.77, 7830
49009.58, 7829
49026.53, 7828
49029.03, 7827
49031.54, 7826
49056.53, 7825
49082.32, 7824
49084.79, 7823
49100.22, 7822
49112.06, 7821
49126.01, 7820
49155.38, 7819
49160.1, 7818
49168.96, 7817
49183.21, 7816
49228.75, 7815
49243.11, 7814
49271.38, 7813
49277.67, 7812
49280.19, 7811
49312.54, 7810
49324.89, 7809
49343.46, 7808
49357.39, 7807
49367.05, 7806
49375.88, 7805
49388.84, 7804
49439.87, 7803
49465.26, 7802
49476.87, 7801
49504.51, 7800
49518.17, 7799
49526.4, 7798
49551.99, 7797
49569.39, 7796
49574.05, 7795
49622.37, 7794
49632.62, 7793
49641.75, 7792
49663.89, 7791
49669.3, 7790
49682.57, 7789
49695.3, 7788
49705.21, 7787
49709.82, 7786
49738.77, 7785
49762.35, 7784
49783.28, 7783
49786.64, 7782
49793.94, 7781
49827.41, 7780
49827.62, 7779
49831.82, 7778
49868.53, 7777
49904.1, 7776
49927.8, 7775
49947.87, 7774
49961.45, 7773
49965.07, 7772
49986.97, 7771
50018.19, 7770
50026.96, 7769
50040.04, 7768
50058.36, 7767
50065.06, 7766
50074.18, 7765
50107.85, 7764
50115.48, 7763
50150.38, 7762
50156.99, 7761
50161.22, 7760
50186.85, 7759
50197.18, 7758
50212.1, 7757
50226.96, 7756
50256.74, 7755
50280.44, 7754
50290.62, 7753
50293.2, 7752
50309.01, 7751
50312.94, 7750
50341.88, 7749
50346.65, 7748
50353.86, 7747
50368.04, 7746
50465.92, 7745
50482.7, 7744
50516.51, 7743
50534.03, 7742
50539.92, 7741
50548.99, 7740
50564.75, 7739
50578.76, 7738
50581.24, 7737
50606.09, 7736
50611.18, 7735
50629.98, 7734
50636.36, 7733
50644.2, 7732
50652.84, 7731
50720.36, 7730
50746.45, 7729
50746.49, 7728
50749.42, 7727
50767.9, 7726
50781.7, 7725
50793.06, 7724
50810.04, 7723
50841.96, 7722
50849.43, 7721
50862.11, 7720
50878.1, 7719
50890.92, 7718
50907.59, 7717
50938.26, 7716
50948.07, 7715
50963.56, 7714
50982.8, 7713
50999.46, 7712
51005.86, 7711
51018.43, 7710
51071.88, 7709
51093.49, 7708
51104.44, 7707
51115.88, 7706
51127.15, 7705
51143.41, 7704
51180.66, 7703
51190.17, 7702
51207.9, 7701
51220.44, 7700
51233.85, 7699
51242.19, 7698
51266.8, 7697
51273.23, 7696
51295.95, 7695
51313.1, 7694
51331.92, 7693
51344.8, 7692
51360.46, 7691
51408.66, 7690
51420.31, 7689
51435.26, 7688
51445.99, 7687
51478.92, 7686
51509.66, 7685
51512.11, 7684
51546.22, 7683
51553.17, 7682
51585.69, 7681
51618.01, 7680
51627.06, 7679
51632.4, 7678
51642.89, 7677
51673.88, 7676
51676.48, 7675
51684.87, 7674
51701.17, 7673
51715.09, 7672
51720.53, 7671
51761.91, 7670
51765.14, 7669
51778.63, 7668
51816.24, 7667
51831.46, 7666
51835.99, 7665
51849.99, 7664
51866.47, 7663
51876.91, 7662
51911.19, 7661
51919.88, 7660
51942.48, 7659
51965.01, 7658
51981.7, 7657
51990.17, 7656
51997.95, 7655
52013.28, 7654
52029.78, 7653
52056.77, 7652
52073.97, 7651
52080.18, 7650
52092.55, 7649
52109.61, 7648
52111.1, 7647
52148.63, 7646
52155.0, 7645
52167.9, 7644
52183.4, 7643
52188.61, 7642
52204.85, 7641
52227.56, 7640
52230.05, 7639
52248.32, 7638
52270.44, 7637
52275.46, 7636
52293.89, 7635
52305.89, 7634
52309.47, 7633
52325.39, 7632
52348.26, 7631
52357.23, 7630
52377.36, 7629
52379.89, 7628
52390.14, 7627
52407.65, 7626
52436.14, 7625
52455.31, 7624
52470.95, 7623
52527.94, 7622
52612.77, 7621
52627.21, 7620
52629.68, 7619
52643.59, 7618
52658.88, 7617
52682.7, 7616
52693.23, 7615
52698.01, 7614
52726.79, 7613
52730.03, 7612
52753.76, 7611
52775.76, 7610
52781.79, 7609
52790.7, 7608
52827.61, 7607
52842.69, 7606
52845.12, 7605
52856.98, 7604
52883.26, 7603
52898.96, 7602
52914.78, 7601
52918.85, 7600
52945.08, 7599
52949.49, 7598
52951.99, 7597
52981.22, 7596
52983.76, 7595
53001.33, 7594
53048.35, 7593
53053.64, 7592
53068.57, 7591
53087.71, 7590
53103.82, 7589
53125.15, 7588
53145.47, 7587
53183.54, 7586
53191.55, 7585
53208.87, 7584
53214.15, 7583
53228.92, 7582
53245.97, 7581
53262.23, 7580
53276.22, 7579
53293.27, 7578
53318.72, 7577
53324.43, 7576
53326.94, 7575
53346.68, 7574
53359.89, 7573
53364.45, 7572
53385.07, 7571
53397.88, 7570
53413.2, 7569
53430.44, 7568
53448.43, 7567
53463.66, 7566
53476.39, 7565
53478.91, 7564
53513.49, 7563
53524.1, 7562
53544.96, 7561
53550.72, 7560
53588.2, 7559
53590.72, 7558
53593.27, 7557
53616.77, 7556
53619.81, 7555
53639.65, 7554
53655.71, 7553
53658.2, 7552
53675.37, 7551
53677.86, 7550
53696.33, 7549
53712.55, 7548
53749.0, 7547
53758.04, 7546
53776.78, 7545
53820.72, 7544
53835.36, 7543
53853.84, 7542
53908.2, 7541
53908.25, 7540
53916.32, 7539
53952.77, 7538
53955.67, 7537
53986.74, 7536
53998.64, 7535
54002.55, 7534
54016.58, 7533
54028.35, 7532
54036.01, 7531
54062.42, 7530
54121.36, 7529
54126.31, 7528
54155.56, 7527
54182.55, 7526
54186.35, 7525
54211.35, 7524
54272.73, 7523
54280.77, 7522
54295.39, 7521
54305.17, 7520
54322.32, 7519
54338.51, 7518
54364.64, 7517
54382.19, 7516
54414.16, 7515
54423.98, 7514
54436.85, 7513
54460.28, 7512
54470.44, 7511
54483.77, 7510
54487.71, 7509
54522.85, 7508
54535.55, 7507
54538.94, 7506
54580.96, 7505
54603.0, 7504
54607.34, 7503
54649.28, 7502
54661.3, 7501
54673.14, 7500
54682.21, 7499
54779.16, 7498
54789.89, 7497
54792.63, 7496
54818.12, 7495
54840.13, 7494
54846.9, 7493
54849.22, 7492
54886.44, 7491
54903.62, 7490
54916.35, 7489
54933.52, 7488
54950.93, 7487
54964.31, 7486
55018.26, 7485
55030.77, 7484
55042.61, 7483
55045.13, 7482
55061.33, 7481
55095.57, 7480
55110.81, 7479
55115.35, 7478
55139.56, 7477
55150.14, 7476
55156.03, 7475
55174.72, 7474
55182.81, 7473
55204.42, 7472
55231.38, 7471
55277.33, 7470
55279.86, 7469
55314.75, 7468
55338.56, 7467
55348.33, 7466
55355.94, 7465
55391.85, 7464
55404.15, 7463
55412.56, 7462
55426.0, 7461
55435.97, 7460
55445.5, 7459
55474.77, 7458
55482.9, 7457
55501.98, 7456
55515.05, 7455
55519.61, 7454
55541.47, 7453
55558.64, 7452
55570.06, 7451
55575.15, 7450
55589.9, 7449
55604.74, 7448
55610.66, 7447
55648.93, 7446
55685.93, 7445
55719.45, 7444
55719.5, 7443
55719.51, 7442
55749.57, 7441
55762.57, 7440
55775.47, 7439
55791.83, 7438
55798.72, 7437
55810.23, 7436
55843.25, 7435
55859.92, 7434
55867.63, 7433
55888.44, 7432
55898.56, 7431
55908.61, 7430
55919.93, 7429
55949.59, 7428
55955.74, 7427
55958.2, 7426
56061.38, 7425
56079.14, 7424
56087.15, 7423
56098.24, 7422
56114.92, 7421
56129.59, 7420
56134.24, 7419
56142.71, 7418
56162.3, 7417
56183.83, 7416
56195.31, 7415
56216.7, 7414
56248.46, 7413
56250.95, 7412
56253.45, 7411
56277.71, 7410
56292.18, 7409
56313.78, 7408
56353.58, 7407
56367.74, 7406
56380.27, 7405
56391.22, 7404
56399.28, 7403
56461.4, 7402
56463.89, 7401
56479.85, 7400
56485.11, 7399
56503.05, 7398
56505.14, 7397
56517.65, 7396
56545.66, 7395
56556.43, 7394
56575.43, 7393
56580.69, 7392
56615.11, 7391
56619.63, 7390
56647.72, 7389
56663.64, 7388
56676.7, 7387
56731.37, 7386
56746.36, 7385
56758.44, 7384
56781.18, 7383
56795.02, 7382
56809.81, 7381
56829.4, 7380
56857.62, 7379
56857.66, 7378
56956.7, 7377
56975.51, 7376
56983.78, 7375
57001.53, 7374
57003.96, 7373
57016.79, 7372
57024.94, 7371
57045.64, 7370
57054.04, 7369
57065.3, 7368
57081.26, 7367
57085.8, 7366
57102.09, 7365
57110.89, 7364
57172.07, 7363
57177.23, 7362
57198.96, 7361
57231.14, 7360
57243.64, 7359
57257.07, 7358
57262.12, 7357
57278.79, 7356
57287.2, 7355
57297.25, 7354
57311.38, 7353
57316.75, 7352
57332.99, 7351
57400.22, 7350
57423.35, 7349
57425.67, 7348
57514.0, 7347
57516.51, 7346
57519.06, 7345
57531.64, 7344
57559.46, 7343
57559.88, 7342
57578.02, 7341
57590.71, 7340
57596.19, 7339
57616.12, 7338
57647.37, 7337
57649.73, 7336
57660.43, 7335
57681.68, 7334
57692.52, 7333
57697.86, 7332
57731.96, 7331
57740.46, 7330
57741.34, 7329
57765.88, 7328
57771.9, 7327
57774.41, 7326
57821.4, 7325
57843.34, 7324
57858.79, 7323
57867.3, 7322
57878.73, 7321
57908.95, 7320
57917.4, 7319
57933.0, 7318
57944.27, 7317
57958.99, 7316
57959.36, 7315
58013.44, 7314
58018.85, 7313
58020.68, 7312
58028.43, 7311
58056.78, 7310
58065.35, 7309
58078.3, 7308
58091.53, 7307
58096.22, 7306
58181.17, 7305
58183.74, 7304
58198.72, 7303
58201.2, 7302
58229.07, 7301
58234.92, 7300
58269.31, 7299
58276.1, 7298
58291.0, 7297
58295.66, 7296
58332.67, 7295
58341.76, 7294
58380.58, 7293
58387.39, 7292
58405.51, 7291
58426.91, 7290
58439.43, 7289
58449.07, 7288
58466.32, 7287
58495.45, 7286
58507.83, 7285
58524.23, 7284
58548.64, 7283
58559.85, 7282
58575.52, 7281
58628.21, 7280
58632.82, 7279
58636.52, 7278
58672.39, 7277
58678.1, 7276
58680.84, 7275
58724.29, 7274
58996.39, 7273
58996.49, 7272
59063.42, 7271
59093.69, 7270
59098.59, 7269
59101.09, 7268
59140.48, 7267
59151.74, 7266
59156.08, 7265
59156.84, 7264
59179.31, 7263
59183.71, 7262
59230.17, 7261
59232.76, 7260
59281.97, 7259
59284.82, 7258
59292.04, 7257
59300.55, 7256
59381.58, 7255
59398.51, 7254
59430.5, 7253
59430.53, 7252
59430.54, 7251
59473.12, 7250
59475.57, 7249
59478.62, 7248
59499.15, 7247
59503.28, 7246
59533.81, 7245
59562.39, 7244
59569.86, 7243
59572.35, 7242
59583.69, 7241
59608.2, 7240
59653.39, 7239
59653.42, 7238
59703.85, 7237
59713.31, 7236
59715.11, 7235
59736.05, 7234
59751.42, 7233
59754.56, 7232
59773.99, 7231
59811.59, 7230
59818.86, 7229
59835.46, 7228
59866.9, 7227
59877.68, 7226
59892.84, 7225
59907.38, 7224
59933.86, 7223
59941.12, 7222
59959.39, 7221
59973.54, 7220
59990.39, 7219
59994.95, 7218
60046.69, 7217
60050.81, 7216
60053.29, 7215
60067.87, 7214
60079.22, 7213
60092.5, 7212
60120.04, 7211
60134.5, 7210
60158.71, 7209
60181.28, 7208
60188.86, 7207
60203.31, 7206
60225.24, 7205
60256.42, 7204
60289.06, 7203
60294.46, 7202
60307.18, 7201
60328.11, 7200
60349.14, 7199
60366.2, 7198
60380.46, 7197
60393.68, 7196
60396.26, 7195
60444.05, 7194
60454.39, 7193
60488.42, 7192
60512.95, 7191
60559.83, 7190
60562.34, 7189
60564.9, 7188
60589.62, 7187
60591.44, 7186
60613.08, 7185
60649.97, 7184
60654.58, 7183
60664.19, 7182
60692.02, 7181
60703.19, 7180
60709.43, 7179
60729.95, 7178
60796.5, 7177
60796.62, 7176
60847.78, 7175
60889.66, 7174
60918.66, 7173
60931.67, 7172
60967.0, 7171
60985.89, 7170
60985.94, 7169
61036.88, 7168
61037.0, 7167
61076.19, 7166
61116.97, 7165
61125.49, 7164
61151.47, 7163
61151.52, 7162
61179.13, 7161
61215.93, 7160
61222.62, 7159
61257.21, 7158
61298.36, 7157
61315.34, 7156
61331.22, 7155
61379.8, 7154
61382.64, 7153
61398.56, 7152
61416.23, 7151
61423.08, 7150
61460.01, 7149
61480.49, 7148
61491.43, 7147
61505.96, 7146
61528.02, 7145
61544.49, 7144
61548.17, 7143
61564.08, 7142
61579.96, 7141
61592.48, 7140
61615.48, 7139
