9042.04, 13203
9044.71, 13199
9064.61, 13041
9066.43, 13038
9077.25, 13037
9083.94, 12881
9094.12, 12880
9097.31, 12879
9111.62, 12878
9114.44, 12877
9122.13, 12876
9142.8, 12723
9158.69, 12721
9178.86, 12720
9201.2, 12719
9215.39, 12718
9216.95, 12717
9225.13, 12716
9248.47, 12567
9273.89, 12564
9276.68, 12563
9279.35, 12562
9291.1, 12561
9301.79, 12560
9312.47, 12559
9344.44, 12558
9347.15, 12557
9381.93, 12413
9381.99, 12409
9383.63, 12407
9422.56, 12406
9422.61, 12405
9439.38, 12404
9453.21, 12403
9455.88, 12402
9510.18, 12401
9510.24, 12400
9578.63, 12399
9589.8, 12261
9589.9, 12256
9606.5, 12253
9606.71, 12252
9628.12, 12250
9629.8, 12249
9648.63, 12248
9651.13, 12247
9675.72, 12246
9691.44, 12245
9699.25, 12244
9714.71, 12243
9721.88, 12242
9722.0, 12111
9728.76, 12105
9753.83, 12101
9760.89, 12100
9780.79, 12099
9783.49, 12097
9811.89, 12096
9814.77, 12095
9823.63, 12094
9843.48, 12093
9849.27, 12092
9880.99, 12091
9881.16, 12090
9904.32, 12089
9904.36, 12088
9904.37, 12087
9943.45, 12086
9959.14, 11963
9984.35, 11956
9995.74, 11951
10015.08, 11950
10020.53, 11948
10032.38, 11946
10035.46, 11945
10050.48, 11944
10053.26, 11943
10066.53, 11942
10069.29, 11941
10078.9, 11940
10096.96, 11939
10099.65, 11938
10126.47, 11937
10126.52, 11936
10141.96, 11935
10144.8, 11934
10147.48, 11933
10178.59, 11932
10183.22, 11817
10188.21, 11816
10208.63, 11809
10220.72, 11803
10230.39, 11802
10252.71, 11799
10273.35, 11797
10273.46, 11796
10294.85, 11794
10311.25, 11793
10338.43, 11792
10340.64, 11791
10364.14, 11790
10384.09, 11789
10395.51, 11788
10414.62, 11787
10434.31, 11786
10443.34, 11785
10447.23, 11784
10473.83, 11783
10476.42, 11782
10492.71, 11781
10506.0, 11780
10517.7, 11779
10533.43, 11778
10547.79, 11777
10573.81, 11673
10576.63, 11672
10597.81, 11664
10620.64, 11657
10642.3, 11656
10645.04, 11652
10662.61, 11650
10665.36, 11649
10689.71, 11646
10699.34, 11645
10718.86, 11644
10721.42, 11643
10731.59, 11642
10749.39, 11641
10758.32, 11640
10767.08, 11639
10775.09, 11638
10794.7, 11637
10823.35, 11636
10859.06, 11635
10863.37, 11634
10880.57, 11633
10897.54, 11632
10928.94, 11631
10931.49, 11630
10945.9, 11629
10948.73, 11628
10960.44, 11627
10973.55, 11626
10992.24, 11625
11007.75, 11531
11022.42, 11530
11029.63, 11521
11041.96, 11513
11079.74, 11512
11098.74, 11507
11128.77, 11505
11136.3, 11504
11141.68, 11503
11162.86, 11500
11185.49, 11499
11189.52, 11498
11213.74, 11497
11223.73, 11495
11226.56, 11494
11246.16, 11493
11246.22, 11492
11270.64, 11491
11273.35, 11490
11291.52, 11489
11294.37, 11488
11324.85, 11487
11324.9, 11486
11343.39, 11485
11349.87, 11484
11355.67, 11483
11378.12, 11482
11380.61, 11481
11383.33, 11480
11398.46, 11479
11406.44, 11478
11423.35, 11477
11437.73, 11476
11460.64, 11475
11498.09, 11474
11511.31, 11473
11528.7, 11472
11551.67, 11391
11589.18, 11390
11590.79, 11380
11600.27, 11371
11608.92, 11370
11624.32, 11364
11630.51, 11362
11633.74, 11361
11644.23, 11360
11662.43, 11359
11675.09, 11356
11677.2, 11355
11680.0, 11354
11697.1, 11353
11713.84, 11352
11728.84, 11350
11739.63, 11349
11748.33, 11348
11761.38, 11347
11808.59, 11346
11809.83, 11344
11814.45, 11343
11833.61, 11342
11854.84, 11341
11862.19, 11340
11864.13, 11339
11882.28, 11338
11888.68, 11337
11906.21, 11336
11908.95, 11335
11932.78, 11334
11950.02, 11333
11976.22, 11332
11980.69, 11331
12025.76, 11330
12035.72, 11329
12047.03, 11328
12074.91, 11327
12077.37, 11326
12093.22, 11325
12102.33, 11324
12121.71, 11323
12124.4, 11322
12157.08, 11321
12166.92, 11253
12188.49, 11252
12211.46, 11241
12211.51, 11231
12225.27, 11230
12225.52, 11223
12237.21, 11221
12243.69, 11220
12257.25, 11219
12306.26, 11217
12309.03, 11214
12311.76, 11213
12332.22, 11212
12347.0, 11211
12387.96, 11209
12399.62, 11207
12402.82, 11206
12405.08, 11205
12451.57, 11204
12459.97, 11203
12470.7, 11202
12490.19, 11200
12508.43, 11199
12526.89, 11198
12529.71, 11197
12544.96, 11196
12575.46, 11195
12578.39, 11194
12592.1, 11193
12609.06, 11192
12612.49, 11191
12628.01, 11190
12646.29, 11189
12652.81, 11188
12692.36, 11187
12695.8, 11186
12698.99, 11185
12708.53, 11184
12727.48, 11183
12730.36, 11182
12738.91, 11181
12764.48, 11180
12767.23, 11179
12788.13, 11178
12859.07, 11177
12879.5, 11176
12883.29, 11175
12885.5, 11174
12898.48, 11173
12912.85, 11172
12938.72, 11117
12957.46, 11116
12957.85, 11104
12983.2, 11093
12999.86, 11092
13013.93, 11084
13020.36, 11082
13024.77, 11081
13040.02, 11080
13063.17, 11077
13082.86, 11074
13091.19, 11073
13095.68, 11072
13098.72, 11071
13115.99, 11068
13133.42, 11066
13142.05, 11065
13156.29, 11064
13174.01, 11063
13190.69, 11062
13216.94, 11061
13217.03, 11060
13254.53, 11058
13256.84, 11057
13259.31, 11056
13265.45, 11055
13274.4, 11054
13296.26, 11053
13309.4, 11052
13312.92, 11051
13327.16, 11050
13348.09, 11049
13348.69, 11048
13369.79, 11047
13407.75, 11046
13426.76, 11045
13428.13, 11044
13440.67, 11043
13457.57, 11042
13471.98, 11041
13493.13, 11040
13494.8, 11039
13514.77, 11038
13532.97, 11037
13561.28, 11036
13563.68, 11035
13593.32, 11034
13593.37, 11033
13597.7, 11032
13621.64, 11031
13636.32, 11030
13636.46, 11029
13655.56, 11028
13684.93, 11027
13711.4, 11026
13714.14, 11025
13738.89, 11024
13748.82, 11023
13759.44, 11022
13780.86, 10983
13805.11, 10982
13807.8, 10969
13810.5, 10957
13842.81, 10956
13842.86, 10947
13861.73, 10945
13874.46, 10944
13874.72, 10943
13898.8, 10939
13912.52, 10936
13912.57, 10935
13957.63, 10934
13960.38, 10933
14003.15, 10929
14012.35, 10927
14015.34, 10926
14041.7, 10925
14041.81, 10924
14041.83, 10923
14065.12, 10921
14081.53, 10920
14110.28, 10918
14113.1, 10917
14115.72, 10916
14139.62, 10915
14139.75, 10914
14160.18, 10913
14173.23, 10912
14185.46, 10911
14210.0, 10910
14210.05, 10909
14230.23, 10908
14230.32, 10907
14251.87, 10906
14277.92, 10905
14304.86, 10904
14316.25, 10903
14322.12, 10902
14340.81, 10901
14344.09, 10900
14346.37, 10899
14358.7, 10898
14390.21, 10897
14394.67, 10896
14412.03, 10895
14414.68, 10894
14428.42, 10893
14444.7, 10892
14447.36, 10891
14465.49, 10890
14480.04, 10889
14490.18, 10888
14495.45, 10887
14529.0, 10886
14594.9, 10885
14624.87, 10884
14624.97, 10883
14656.58, 10882
14680.25, 10881
14682.21, 10880
14695.3, 10879
14725.61, 10878
14725.72, 10877
14725.74, 10876
15048.92, 10875
15051.69, 10874
15058.27, 10851
15076.04, 10850
15092.01, 10836
15114.29, 10823
15149.77, 10822
15231.61, 10812
15245.24, 10810
15247.97, 10809
15262.11, 10808
15264.76, 10803
15292.72, 10800
15308.55, 10799
15326.22, 10798
15327.76, 10797
15348.67, 10796
15362.1, 10792
15378.41, 10790
15381.1, 10789
15409.46, 10788
15424.14, 10787
15426.78, 10786
15442.8, 10783
15453.9, 10782
15457.75, 10780
15466.82, 10779
15479.46, 10778
15483.23, 10777
15495.75, 10776
15522.89, 10774
15524.71, 10773
15560.42, 10772
15563.36, 10771
15575.21, 10770
15616.41, 10769
15644.93, 10768
15647.65, 10767
15655.17, 10766
15695.4, 10765
15695.45, 10764
15696.2, 10763
15707.13, 10762
15720.0, 10761
15741.81, 10760
15744.35, 10759
15749.74, 10758
15814.23, 10757
15816.31, 10756
15827.54, 10755
15838.08, 10754
15846.01, 10753
15911.26, 10752
15911.37, 10751
15927.53, 10750
15945.41, 10749
15957.5, 10748
15975.34, 10747
15978.83, 10746
15996.01, 10745
16020.82, 10744
16028.75, 10743
16056.7, 10742
16056.77, 10741
16064.62, 10740
16092.39, 10739
16128.95, 10738
16131.6, 10737
16162.01, 10736
16163.51, 10735
16187.76, 10734
16190.7, 10733
16202.1, 10732
16221.65, 10731
16241.55, 10730
16273.46, 10729
16281.43, 10728
16310.86, 10721
16313.61, 10720
16325.44, 10705
16339.2, 10691
16362.94, 10690
16365.57, 10679
16393.3, 10677
16393.32, 10676
16412.39, 10675
16419.68, 10669
16434.02, 10666
16440.09, 10665
16448.26, 10664
16465.94, 10663
16483.56, 10661
16511.33, 10657
16511.41, 10655
16515.28, 10654
16530.45, 10653
16540.84, 10652
16546.03, 10651
16563.64, 10650
16575.72, 10647
16597.03, 10646
16598.94, 10644
16609.96, 10643
16614.45, 10642
16630.6, 10641
16631.88, 10640
16666.89, 10639
16671.99, 10637
16703.11, 10636
16743.27, 10635
16748.23, 10634
16759.83, 10633
16769.61, 10632
16789.53, 10631
16792.79, 10630
16827.72, 10629
16837.23, 10628
16845.35, 10627
16875.22, 10626
16877.46, 10625
16885.19, 10624
16899.82, 10623
16905.28, 10622
16929.03, 10621
16946.03, 10620
16976.5, 10619
16977.75, 10618
16994.02, 10617
17007.43, 10616
17019.48, 10615
17023.84, 10614
17042.01, 10613
17048.72, 10612
17061.79, 10611
17085.29, 10610
17114.91, 10609
17128.92, 10608
17148.43, 10607
17165.21, 10606
17197.48, 10605
17213.03, 10604
17222.2, 10603
17242.61, 10602
17261.19, 10601
17279.18, 10600
17312.54, 10599
17323.62, 10598
17352.71, 10597
17364.89, 10596
17389.13, 10595
17411.98, 10594
17422.7, 10593
17434.87, 10592
17453.49, 10591
17476.59, 10590
17487.96, 10589
17490.82, 10588
17512.12, 10587
17527.78, 10586
17533.5, 10585
17549.14, 10584
17588.17, 10583
17590.27, 10582
17606.91, 10581
17653.65, 10576
17656.24, 10561
17662.54, 10560
17678.97, 10548
17682.81, 10546
17691.94, 10545
17712.4, 10544
17728.66, 10537
17745.38, 10534
17795.35, 10533
17795.4, 10532
17809.08, 10531
17818.99, 10528
17838.6, 10524
17856.41, 10522
17859.56, 10521
17862.3, 10520
17867.8, 10519
17881.27, 10518
17904.7, 10516
17925.15, 10513
17925.25, 10512
17946.12, 10510
17953.21, 10509
17974.08, 10508
17994.54, 10507
17994.65, 10506
18013.59, 10505
18043.29, 10504
18046.92, 10502
18057.22, 10501
18069.69, 10500
18100.31, 10499
18108.41, 10498
18120.85, 10497
18123.04, 10496
18143.91, 10495
18178.8, 10494
18180.5, 10493
18190.19, 10492
18192.23, 10491
18224.26, 10490
18226.86, 10489
18234.12, 10488
18247.93, 10487
18276.28, 10486
18279.06, 10485
18298.26, 10484
18322.8, 10483
18328.78, 10482
18356.47, 10481
18358.99, 10480
18367.02, 10479
18391.09, 10478
18416.89, 10477
18420.72, 10476
18428.26, 10475
18441.6, 10474
18486.91, 10473
18493.43, 10472
18497.82, 10471
18516.68, 10470
18531.56, 10469
18544.52, 10468
18566.09, 10467
18593.74, 10466
18606.62, 10465
18619.18, 10464
18631.27, 10463
18664.56, 10462
18668.18, 10461
18705.69, 10460
18723.4, 10459
18743.17, 10458
18745.8, 10457
18760.36, 10456
18797.89, 10455
18800.61, 10454
18820.74, 10453
18861.16, 10452
18863.09, 10451
18876.66, 10450
18906.75, 10449
18918.56, 10448
18927.83, 10447
18939.93, 10446
18959.8, 10445
18962.9, 10444
18979.39, 10443
19008.33, 10442
19019.62, 10441
19034.42, 10440
19066.54, 10439
19075.46, 10438
19083.71, 10437
19143.65, 10433
19150.67, 10432
19164.41, 10419
19178.99, 10417
19208.59, 10416
19208.69, 10415
19222.58, 10407
19229.06, 10404
19245.49, 10403
19248.14, 10402
19259.39, 10401
19264.41, 10400
19291.85, 10397
19294.96, 10393
19298.77, 10391
19320.96, 10390
19335.77, 10389
19342.92, 10388
19355.84, 10387
19372.22, 10384
19378.27, 10381
19406.89, 10380
19425.49, 10378
19443.49, 10377
19464.2, 10376
19465.61, 10375
19483.18, 10374
19498.22, 10373
19507.36, 10372
19522.63, 10371
19538.04, 10369
19556.59, 10368
19562.38, 10367
19578.49, 10366
19607.45, 10365
19610.13, 10364
19628.37, 10363
19630.95, 10362
19672.56, 10361
19672.66, 10360
19677.83, 10359
19690.42, 10358
19693.4, 10357
19722.74, 10356
19725.41, 10355
19745.59, 10354
19757.28, 10353
19783.51, 10352
19792.56, 10351
19804.4, 10350
19846.81, 10349
19856.39, 10348
19862.24, 10347
19893.0, 10346
19894.18, 10345
19907.17, 10344
19922.79, 10343
19957.8, 10342
19960.76, 10341
19984.48, 10340
20009.32, 10339
20009.36, 10338
20029.02, 10337
20037.72, 10336
20041.66, 10335
20050.7, 10334
20074.04, 10333
20078.21, 10332
20108.79, 10331
20116.69, 10330
20121.44, 10329
20129.92, 10328
20154.32, 10327
20166.96, 10326
20184.23, 10325
20195.77, 10324
20216.06, 10323
20246.06, 10322
20262.96, 10321
20275.57, 10320
20298.53, 10319
20301.29, 10318
20327.97, 10317
20353.48, 10316
20366.13, 10315
20377.15, 10314
20380.11, 10313
20389.25, 10312
20409.59, 10311
20442.81, 10310
20449.81, 10309
20474.46, 10308
20495.5, 10307
20509.98, 10306
20519.64, 10305
20558.73, 10304
20567.12, 10303
20569.1, 10302
20598.39, 10301
20611.23, 10300
20628.67, 10299
20662.38, 10298
20665.06, 10297
20682.33, 10296
20698.62, 10295
20698.69, 10294
20719.62, 10293
20744.2, 10292
20795.75, 10290
20819.88, 10289
20822.16, 10288
20833.53, 10279
20842.12, 10276
20856.63, 10275
20859.25, 10274
20878.91, 10273
20881.6, 10272
20894.64, 10268
20927.85, 10264
20940.66, 10262
20956.56, 10261
20959.98, 10260
20991.58, 10259
20994.31, 10258
21010.05, 10254
21020.15, 10251
21033.19, 10250
21049.28, 10248
21063.99, 10247
21076.99, 10246
21093.17, 10245
21101.89, 10244
21126.57, 10242
21136.05, 10241
21148.44, 10240
21159.44, 10238
21182.27, 10237
21207.37, 10236
21258.6, 10235
21261.79, 10234
21266.84, 10233
21275.24, 10232
21294.8, 10231
21308.43, 10230
21312.37, 10229
21325.13, 10228
21343.2, 10227
21357.54, 10226
21367.12, 10225
21368.33, 10224
21375.83, 10223
21400.64, 10222
21413.72, 10221
21428.1, 10220
21460.63, 10219
21460.92, 10218
21492.84, 10217
21505.66, 10216
21510.31, 10215
21519.75, 10214
21545.67, 10213
21562.4, 10212
21576.84, 10211
21591.55, 10210
21593.76, 10209
21601.54, 10208
21633.39, 10207
21671.73, 10206
21677.83, 10205
21697.35, 10204
21739.12, 10203
21739.24, 10202
21771.62, 10201
21781.62, 10200
21807.95, 10199
21810.97, 10198
21825.57, 10197
21840.53, 10196
21843.28, 10195
21857.97, 10194
21878.77, 10193
21892.66, 10192
21892.7, 10191
21921.46, 10190
21921.55, 10189
21953.25, 10188
21959.09, 10187
21998.26, 10186
22012.85, 10185
22031.49, 10184
22038.62, 10183
22048.03, 10182
22055.68, 10181
22079.29, 10180
22097.92, 10179
22103.56, 10178
22107.59, 10177
22123.58, 10176
22128.04, 10175
22148.49, 10174
22182.45, 10173
22184.47, 10172
22194.49, 10171
22211.01, 10170
22241.01, 10169
22261.91, 10168
22281.48, 10167
22314.84, 10166
22322.05, 10165
22322.16, 10164
22331.63, 10163
22364.61, 10162
22375.21, 10161
22381.28, 10160
22383.94, 10159
22416.47, 10158
22425.08, 10157
22459.31, 10156
22459.42, 10155
22473.64, 10154
22486.1, 10153
22510.59, 10152
22513.38, 10151
22522.79, 10150
22559.0, 10149
22575.74, 10148
22609.8, 10147
22616.12, 10146
22622.89, 10141
22644.45, 10137
22665.67, 10135
22665.71, 10134
22666.44, 10133
22679.72, 10132
22744.64, 10131
22747.39, 10126
22828.85, 10123
22829.77, 10122
22842.27, 10120
22842.38, 10119
22856.69, 10118
22872.99, 10117
22875.69, 10116
22894.87, 10113
22897.56, 10112
22955.82, 10111
22959.46, 10109
22963.07, 10108
22978.86, 10107
23009.79, 10106
23009.83, 10105
23024.44, 10104
23024.49, 10103
23035.25, 10102
23062.36, 10100
23087.06, 10099
23091.17, 10098
23100.15, 10097
23108.05, 10096
23130.23, 10095
23132.84, 10094
23161.91, 10093
23162.01, 10092
23175.34, 10091
23175.39, 10090
23185.8, 10089
23211.75, 10088
23223.8, 10087
23229.15, 10086
23276.07, 10085
23278.93, 10084
23281.7, 10083
23329.83, 10082
23332.39, 10081
23348.28, 10080
23361.08, 10079
23377.31, 10078
23397.55, 10077
23405.25, 10076
23413.9, 10075
23458.11, 10074
23498.52, 10073
23545.16, 10072
23562.92, 10071
23565.75, 10070
23581.98, 10069
23594.89, 10068
23597.0, 10067
23609.01, 10066
23649.16, 10065
23649.27, 10064
23649.3, 10063
23673.5, 10062
23693.59, 10061
23705.65, 10060
23717.3, 10059
23721.56, 10058
23733.27, 10057
23744.68, 10056
23776.66, 10055
23816.61, 10054
23828.11, 10053
23830.79, 10052
23851.56, 10051
23874.45, 10050
23874.5, 10049
23895.22, 10048
23897.97, 10047
23929.4, 10046
23940.82, 10045
23964.82, 10044
23968.81, 10043
23990.39, 10042
23995.5, 10041
24001.58, 10040
24012.1, 10039
24047.01, 10038
24078.97, 10037
24097.76, 10036
24100.29, 10035
24322.84, 10034
24364.43, 10033
24378.41, 10032
24417.31, 10031
24439.12, 10030
24442.29, 10029
24449.92, 10028
24462.28, 10027
24482.31, 10026
24495.88, 10025
24532.83, 10024
24546.75, 10023
24549.21, 10022
24575.24, 10021
24575.29, 10020
24592.14, 10019
24603.06, 10018
24624.67, 10017
24644.67, 10016
24644.72, 10015
24662.45, 10014
24671.89, 10013
24671.95, 10012
24698.52, 10011
24714.77, 10010
24720.6, 10009
24728.62, 10008
24743.14, 10007
24778.86, 10006
24807.66, 10005
24816.32, 10000
24821.48, 9997
24838.59, 9996
24862.64, 9994
24863.74, 9993
24882.14, 9992
24916.59, 9991
24926.98, 9990
24964.35, 9986
24965.81, 9985
24980.56, 9984
24991.91, 9982
24997.58, 9981
25015.65, 9980
25023.43, 9979
25045.14, 9978
25049.58, 9977
25069.07, 9976
25074.24, 9975
25113.72, 9974
25116.37, 9972
25134.54, 9971
25143.09, 9970
25157.57, 9969
25165.41, 9968
25172.62, 9967
25189.61, 9966
25196.3, 9965
25202.78, 9964
25213.44, 9963
25221.78, 9962
25230.99, 9961
25241.5, 9960
25260.69, 9959
25267.58, 9958
25280.74, 9957
25292.17, 9956
25305.01, 9955
25312.92, 9954
25327.69, 9953
25336.34, 9952
25344.59, 9951
25356.81, 9950
25363.21, 9949
25374.2, 9948
25380.05, 9947
25397.41, 9946
25410.12, 9945
25421.42, 9944
25429.48, 9943
25438.9, 9942
25452.41, 9941
25460.42, 9940
25468.85, 9939
25479.48, 9938
25488.37, 9937
25497.09, 9936
25512.64, 9935
25525.79, 9934
25537.53, 9933
25545.98, 9932
25553.61, 9931
25569.64, 9930
25577.88, 9929
25586.36, 9928
25596.82, 9927
25605.53, 9926
25613.94, 9925
25635.58, 9924
25646.9, 9923
25655.07, 9922
25663.03, 9921
25684.38, 9920
25691.22, 9919
25696.88, 9918
25710.92, 9917
25717.65, 9916
25726.63, 9915
25757.54, 9914
25761.78, 9913
25771.43, 9912
25789.07, 9911
25798.26, 9910
25806.43, 9909
25816.69, 9908
25826.34, 9907
25839.08, 9906
25863.35, 9905
25872.4, 9904
25890.97, 9903
25899.66, 9902
25909.61, 9901
25921.76, 9900
25929.9, 9899
25938.67, 9898
25955.67, 9897
25976.65, 9896
25985.33, 9895
25994.58, 9894
26010.38, 9893
26018.42, 9892
26032.22, 9891
26059.91, 9890
26068.91, 9889
26079.05, 9888
26091.11, 9887
26099.9, 9886
26109.97, 9885
26129.42, 9884
26138.58, 9883
26154.18, 9882
26161.02, 9881
26173.17, 9880
26185.8, 9879
26200.39, 9878
26209.93, 9877
26220.04, 9876
26241.53, 9875
26250.71, 9874
26261.34, 9873
26275.09, 9872
26286.94, 9871
26298.2, 9870
26316.77, 9869
26326.35, 9868
26337.23, 9867
26349.89, 9866
26399.6, 9865
26412.05, 9861
26421.5, 9860
26432.07, 9859
26442.44, 9857
26455.23, 9856
26468.44, 9855
26480.66, 9854
26490.18, 9853
26498.32, 9852
26511.13, 9851
26523.2, 9850
26550.9, 9848
26556.36, 9846
26568.45, 9845
26585.47, 9844
26601.87, 9843
26606.08, 9842
26619.43, 9841
26635.59, 9840
26646.94, 9839
26662.46, 9838
26670.18, 9837
26676.91, 9836
26683.29, 9835
26692.71, 9834
26724.12, 9833
26735.47, 9832
26743.65, 9831
26762.24, 9830
26769.69, 9829
26778.37, 9828
26788.31, 9827
26806.9, 9826
26813.24, 9825
26819.67, 9824
26836.43, 9823
26840.41, 9822
26849.44, 9821
26860.99, 9820
26880.54, 9819
26890.46, 9818
26914.98, 9817
26926.66, 9816
26937.79, 9815
26945.51, 9814
26962.45, 9813
26978.52, 9812
26996.52, 9811
27003.27, 9810
27018.16, 9809
27024.82, 9808
27050.14, 9807
27061.13, 9806
27072.96, 9805
27087.53, 9804
27100.44, 9803
27106.5, 9802
27130.58, 9801
27133.26, 9800
27141.51, 9799
27156.89, 9798
27172.54, 9797
27174.73, 9796
27196.67, 9795
27218.22, 9794
27225.1, 9793
27225.58, 9792
27239.3, 9791
27258.69, 9790
27281.79, 9789
27282.73, 9788
27309.39, 9787
27309.43, 9786
27312.1, 9785
27335.7, 9784
27354.66, 9783
27364.89, 9782
27379.07, 9781
27401.46, 9780
27404.2, 9779
27424.94, 9778
27428.11, 9777
27443.89, 9776
27461.74, 9775
27517.16, 9774
27523.94, 9773
27526.86, 9772
27560.07, 9771
27575.3, 9770
27590.89, 9769
27601.21, 9768
27611.94, 9767
27627.31, 9766
27651.48, 9765
27657.41, 9764
27682.93, 9763
27695.91, 9762
27706.02, 9761
27724.1, 9760
27729.63, 9759
27746.79, 9758
27771.88, 9757
27793.61, 9756
27798.25, 9755
27812.22, 9754
27835.96, 9753
27851.91, 9752
27870.1, 9751
27905.12, 9750
27917.85, 9749
27924.8, 9748
27938.2, 9747
27946.49, 9746
27960.68, 9745
27995.07, 9744
28007.67, 9743
28020.78, 9742
28028.97, 9741
28048.65, 9740
28068.66, 9739
28085.15, 9738
28100.69, 9737
28112.23, 9736
28136.62, 9735
28151.77, 9734
28170.03, 9733
28181.89, 9732
28198.85, 9731
28209.95, 9730
28223.05, 9729
28244.89, 9728
28262.38, 9727
28268.78, 9726
28349.32, 9724
28354.06, 9722
28368.04, 9721
28381.62, 9720
28393.61, 9719
28405.5, 9718
28408.18, 9717
28427.53, 9716
28436.28, 9715
28440.65, 9714
28452.47, 9713
28474.59, 9712
28478.71, 9711
28481.48, 9710
28517.59, 9709
28526.13, 9708
28537.13, 9707
28551.07, 9706
28563.93, 9705
28582.62, 9704
28607.8, 9703
28612.11, 9702
28632.74, 9701
28645.57, 9700
28650.52, 9699
28666.68, 9698
28673.85, 9697
28687.43, 9696
28697.63, 9695
28752.64, 9694
28763.15, 9693
28777.33, 9692
28780.0, 9691
28790.46, 9690
28806.15, 9689
28821.83, 9688
28831.72, 9687
28838.05, 9686
28846.35, 9685
28858.05, 9684
28876.23, 9683
28885.86, 9682
28927.64, 9681
28941.49, 9680
28949.68, 9679
28966.62, 9678
28986.59, 9677
28995.48, 9676
29002.29, 9675
29023.55, 9674
29029.88, 9673
29040.54, 9672
29056.98, 9671
29063.48, 9670
29073.92, 9669
29113.71, 9668
29126.14, 9667
29150.57, 9666
29162.41, 9665
29171.47, 9664
29183.06, 9663
29199.55, 9662
29217.21, 9661
29232.76, 9660
29245.6, 9659
29258.25, 9658
29262.23, 9657
29297.72, 9656
29328.3, 9655
29341.35, 9654
29357.36, 9653
29357.48, 9652
29386.15, 9651
29392.34, 9650
29395.74, 9649
29413.71, 9648
29425.36, 9647
29436.2, 9646
29466.14, 9645
29481.2, 9644
29501.06, 9643
29510.6, 9642
29544.93, 9641
29552.72, 9640
29561.04, 9639
29577.14, 9638
29580.9, 9637
29594.66, 9636
29630.45, 9635
29643.72, 9634
29655.29, 9633
29682.07, 9632
29685.09, 9631
29695.21, 9630
29721.89, 9629
29729.03, 9628
29739.95, 9627
29761.44, 9626
29781.71, 9625
29810.07, 9624
29828.61, 9623
29846.31, 9622
29861.78, 9621
29877.47, 9620
29894.93, 9619
29924.76, 9618
29961.55, 9617
29972.8, 9616
29980.26, 9615
29997.2, 9614
30011.0, 9613
30026.22, 9612
30068.86, 9611
30080.08, 9610
30085.63, 9609
30108.51, 9608
30115.36, 9607
30130.9, 9606
30153.11, 9605
30162.86, 9604
30178.95, 9603
30198.29, 9602
30218.66, 9601
30249.95, 9600
30267.6, 9599
30275.61, 9598
30289.7, 9597
30312.4, 9596
30321.54, 9595
30337.64, 9594
30347.59, 9593
30367.17, 9592
30375.13, 9591
30398.42, 9590
30404.51, 9589
30421.0, 9588
30480.53, 9586
30492.46, 9585
30504.15, 9584
30507.73, 9583
30527.63, 9582
30537.22, 9581
30555.8, 9580
30564.91, 9579
30585.96, 9578
30591.78, 9577
30605.07, 9576
30619.84, 9575
30638.98, 9574
30647.84, 9573
30663.44, 9572
30668.6, 9571
30703.31, 9570
30714.19, 9569
30728.1, 9568
30740.04, 9567
30754.27, 9566
30763.25, 9565
30778.52, 9564
30809.74, 9563
30815.69, 9562
30831.47, 9561
30836.63, 9560
30851.49, 9559
30856.76, 9558
30872.76, 9557
30921.15, 9556
30926.76, 9555
30928.84, 9554
30963.98, 9553
30972.11, 9552
30980.42, 9551
30983.08, 9550
31017.6, 9549
31023.65, 9548
31030.49, 9547
31046.48, 9546
31064.47, 9545
31067.12, 9544
31102.39, 9543
31104.55, 9542
31107.22, 9541
31131.8, 9540
31145.22, 9539
31153.22, 9538
31165.33, 9537
31186.74, 9536
31189.78, 9535
31205.94, 9534
31211.04, 9533
31225.93, 9532
31228.55, 9531
31256.79, 9530
31259.49, 9529
31273.43, 9528
31299.39, 9527
31304.08, 9526
31306.72, 9525
31327.54, 9524
31355.12, 9523
31371.94, 9522
31390.35, 9521
31393.2, 9520
31395.67, 9519
31432.88, 9518
31449.69, 9517
31469.35, 9516
31472.02, 9515
31491.88, 9514
31507.88, 9513
31511.45, 9512
31525.79, 9511
31537.81, 9510
31542.41, 9509
31554.69, 9508
31574.11, 9507
31603.12, 9506
31611.64, 9505
31632.34, 9504
31643.96, 9503
31649.11, 9502
31660.92, 9501
31674.88, 9500
31682.58, 9499
31691.59, 9498
31727.09, 9497
31748.88, 9496
31751.57, 9495
31766.14, 9494
31768.78, 9493
31796.48, 9492
31799.25, 9491
31832.17, 9490
31834.88, 9489
31851.89, 9488
31851.99, 9487
31880.37, 9486
31893.46, 9485
31894.82, 9484
31916.16, 9483
31931.6, 9482
31950.88, 9481
31953.55, 9480
31971.36, 9479
31974.06, 9478
31996.37, 9477
32001.15, 9476
32003.83, 9475
32024.73, 9474
32046.94, 9473
32064.67, 9472
32089.34, 9471
32092.13, 9470
32101.23, 9469
32127.51, 9468
32158.37, 9467
32163.34, 9466
32184.95, 9465
32189.62, 9464
32202.31, 9463
32223.51, 9462
32234.54, 9461
32244.8, 9460
32258.05, 9459
32278.83, 9458
32304.18, 9457
32319.1, 9456
32328.58, 9455
32348.88, 9454
32353.02, 9453
32363.42, 9452
32377.31, 9451
32383.31, 9450
32439.5, 9449
32457.91, 9448
32459.62, 9447
32469.21, 9446
32490.59, 9445
32513.55, 9444
32521.8, 9443
32534.01, 9442
32555.81, 9441
32558.4, 9440
32561.06, 9439
32574.25, 9438
32589.49, 9437
32593.58, 9436
32615.69, 9435
32782.37, 9434
32785.08, 9433
32796.52, 9432
32799.2, 9431
32824.89, 9430
32829.73, 9429
32832.26, 9428
32846.59, 9427
32859.46, 9426
32864.8, 9425
32873.91, 9424
32886.52, 9423
32894.34, 9422
32913.17, 9421
32934.41, 9420
32936.91, 9419
32941.69, 9418
32956.67, 9417
32971.74, 9416
32974.4, 9415
32990.21, 9414
32992.83, 9413
33028.7, 9412
33031.46, 9411
33045.19, 9410
33058.58, 9409
33061.3, 9408
33072.68, 9407
33128.07, 9406
33130.85, 9405
33136.41, 9404
33168.59, 9403
33180.64, 9402
33183.38, 9401
33202.43, 9400
33221.66, 9399
33226.15, 9398
33252.96, 9397
33255.66, 9396
33268.08, 9395
33289.33, 9394
33311.31, 9393
33339.84, 9392
33361.07, 9391
33385.79, 9390
33391.09, 9389
33401.92, 9388
33416.88, 9387
33429.35, 9386
33437.49, 9385
33461.54, 9384
33465.42, 9383
33477.9, 9382
33523.66, 9381
33544.72, 9380
33557.96, 9379
33567.56, 9378
33577.75, 9377
33620.65, 9376
33632.8, 9375
33641.95, 9374
33651.2, 9373
33663.09, 9372
33684.67, 9371
33723.65, 9370
33736.7, 9369
33741.33, 9368
33754.92, 9367
33779.52, 9366
33791.45, 9365
33818.13, 9364
33820.83, 9363
33833.2, 9362
33839.31, 9361
33876.42, 9360
33890.52, 9359
33898.49, 9358
33927.28, 9357
33930.0, 9356
33944.18, 9355
33955.46, 9354
33958.11, 9353
33979.73, 9352
33996.73, 9351
34005.47, 9350
34056.38, 9349
34059.01, 9348
34077.93, 9347
34082.44, 9346
34096.88, 9345
34107.79, 9344
34138.75, 9343
34165.42, 9342
34180.72, 9341
34200.71, 9340
34211.67, 9339
34233.93, 9338
34236.65, 9337
34279.32, 9336
34293.25, 9335
34318.73, 9334
34341.58, 9333
34351.24, 9332
34362.07, 9331
34394.77, 9330
34399.8, 9329
34418.63, 9328
34438.62, 9327
34446.78, 9326
34481.61, 9325
34501.06, 9324
34510.64, 9323
34525.33, 9322
34548.77, 9321
34576.73, 9320
34579.86, 9319
34585.89, 9318
34605.11, 9317
34610.53, 9316
34635.6, 9315
34643.01, 9314
34660.58, 9313
34667.0, 9312
34745.28, 9311
34750.27, 9310
34769.13, 9309
34773.43, 9308
34790.24, 9307
34797.25, 9306
34816.07, 9305
34822.17, 9304
34844.12, 9303
34845.93, 9302
34848.56, 9301
34863.92, 9300
34892.71, 9299
34904.26, 9298
34927.27, 9297
34937.89, 9296
34974.66, 9295
34979.44, 9294
34982.09, 9293
35027.27, 9292
35029.95, 9291
35032.64, 9290
35060.67, 9289
35065.8, 9288
35068.58, 9287
35102.57, 9286
35105.25, 9285
35150.44, 9284
35160.18, 9283
35169.53, 9282
35179.55, 9281
35199.39, 9280
35212.37, 9279
35221.71, 9278
35233.61, 9277
35263.74, 9276
35266.39, 9275
35276.82, 9274
35303.32, 9273
35307.33, 9272
35307.41, 9271
35358.89, 9270
35360.8, 9269
35363.6, 9268
35382.44, 9267
35402.09, 9266
35405.3, 9265
35434.62, 9264
35440.94, 9263
35443.61, 9262
35458.53, 9261
35474.6, 9260
35477.28, 9259
35490.18, 9258
35519.88, 9257
35562.83, 9256
35565.4, 9255
35569.89, 9254
35585.08, 9253
35595.41, 9252
35628.0, 9251
35630.66, 9250
35646.43, 9249
35682.96, 9248
35702.71, 9247
35707.26, 9246
35729.19, 9245
35748.09, 9244
35766.49, 9243
35779.55, 9242
35782.23, 9241
35818.5, 9240
35826.69, 9239
35835.56, 9238
35850.46, 9237
35868.32, 9236
35884.12, 9235
35930.53, 9234
35954.27, 9233
35961.38, 9232
35966.5, 9231
35998.31, 9230
36002.03, 9229
36003.67, 9228
36021.95, 9227
36026.53, 9226
36041.96, 9225
36087.88, 9224
36090.77, 9223
36105.59, 9222
36138.47, 9221
36151.03, 9220
36155.11, 9219
36176.29, 9218
36178.84, 9217
36197.32, 9216
36224.24, 9215
36235.11, 9214
36263.62, 9213
36266.32, 9212
36281.79, 9211
36295.98, 9210
36298.52, 9209
36313.79, 9208
36326.45, 9207
36359.5, 9206
36365.16, 9205
36367.89, 9204
36400.63, 9203
36413.01, 9202
36415.02, 9201
36448.07, 9200
36467.16, 9199
36474.72, 9198
36492.89, 9197
36511.19, 9196
36524.58, 9195
36559.79, 9194
36583.37, 9193
36616.53, 9192
36634.18, 9191
36638.21, 9190
36666.83, 9189
36681.49, 9188
36706.84, 9187
36713.51, 9186
36741.35, 9185
36761.24, 9184
36763.95, 9183
36792.01, 9182
36796.55, 9181
36816.85, 9180
36834.7, 9179
36880.05, 9178
36884.47, 9177
36897.78, 9176
36951.94, 9175
36970.36, 9174
37002.32, 9173
37003.85, 9172
37017.58, 9171
37041.1, 9170
37065.78, 9169
37078.86, 9168
37087.52, 9167
37094.45, 9166
37110.64, 9165
37146.06, 9164
37152.08, 9163
37169.43, 9162
37189.14, 9161
37200.67, 9160
37223.07, 9159
37238.24, 9158
37247.27, 9157
37260.96, 9156
37284.33, 9155
37294.19, 9154
37311.78, 9153
37316.14, 9152
37347.94, 9151
37352.86, 9150
37387.89, 9149
37414.06, 9148
37418.66, 9147
37428.6, 9146
37445.25, 9145
37457.49, 9144
37463.58, 9143
37477.14, 9142
37499.62, 9141
37505.8, 9140
37533.49, 9139
37549.43, 9138
37552.08, 9137
37571.95, 9136
37596.0, 9135
37605.87, 9134
37615.65, 9133
37655.61, 9132
37671.01, 9131
37690.22, 9130
37713.48, 9129
37745.44, 9128
37750.3, 9127
37752.96, 9126
37766.48, 9125
37788.35, 9124
37788.39, 9123
37811.68, 9122
37823.26, 9121
37846.46, 9120
37863.91, 9119
37873.59, 9118
37876.89, 9117
37909.14, 9116
37924.67, 9115
37949.26, 9114
37974.55, 9113
37989.9, 9112
38003.41, 9111
38031.41, 9110
38061.49, 9109
38066.24, 9108
38069.43, 9107
38097.94, 9106
38105.89, 9105
38106.08, 9104
38147.33, 9103
38150.08, 9102
38166.57, 9101
38174.99, 9100
38200.98, 9099
38216.17, 9098
38229.95, 9097
38232.57, 9096
38258.09, 9095
38272.98, 9094
38275.64, 9093
38316.05, 9092
38343.26, 9091
38348.56, 9090
38413.9, 9089
38421.39, 9088
38430.94, 9087
38452.98, 9086
38470.13, 9085
38483.22, 9084
38491.19, 9083
38523.64, 9082
38540.18, 9081
38566.9, 9080
38570.29, 9079
38600.86, 9078
38603.62, 9077
38612.97, 9076
38631.5, 9075
38634.13, 9074
38645.18, 9073
38668.59, 9072
38716.13, 9071
38716.23, 9070
38729.38, 9069
38768.87, 9068
38771.54, 9067
38781.85, 9066
38815.47, 9065
38825.28, 9064
38842.98, 9063
38868.62, 9062
38873.43, 9061
38891.78, 9060
38939.45, 9059
38944.35, 9058
38963.63, 9057
38970.41, 9056
38983.78, 9055
39002.65, 9054
39018.3, 9053
39021.04, 9052
39034.57, 9051
39057.77, 9050
39065.09, 9049
39078.35, 9048
39099.63, 9047
39102.45, 9046
39123.47, 9045
39126.61, 9044
39147.3, 9043
39163.93, 9042
39238.71, 9041
39252.52, 9040
39287.64, 9039
39290.32, 9038
39293.05, 9037
39319.57, 9036
39350.42, 9035
39357.79, 9034
39360.48, 9033
39372.97, 9032
39388.05, 9031
39411.04, 9030
39428.21, 9029
39449.52, 9028
39455.62, 9027
39477.95, 9026
39510.07, 9025
39523.01, 9024
39538.8, 9023
39548.05, 9022
39566.87, 9021
39580.37, 9020
39605.94, 9019
39617.2, 9018
39619.91, 9017
39642.01, 9016
39660.53, 9015
39674.38, 9014
39677.03, 9013
39686.29, 9012
39704.66, 9011
39721.48, 9010
39724.09, 9009
39735.23, 9008
39754.94, 9007
39759.61, 9006
39769.45, 9005
39782.32, 9004
39791.55, 9003
39800.08, 9002
39838.88, 9001
39852.58, 9000
39871.44, 8999
39878.38, 8998
39890.47, 8997
39899.77, 8996
39932.86, 8995
39945.21, 8994
39958.12, 8993
40002.33, 8992
40010.76, 8991
40027.85, 8990
40032.4, 8989
40073.9, 8988
40085.96, 8987
40100.92, 8986
40152.08, 8985
40173.88, 8984
40174.85, 8983
40202.53, 8982
40213.38, 8981
40217.93, 8980
40245.03, 8979
40249.75, 8978
40260.48, 8977
40280.08, 8976
40305.81, 8975
40309.21, 8974
40324.72, 8973
40329.48, 8972
40364.94, 8971
40369.02, 8970
40371.64, 8969
40394.39, 8968
40399.06, 8967
40412.34, 8966
40437.98, 8965
40455.61, 8964
40474.67, 8963
40496.21, 8962
40521.18, 8961
40521.59, 8960
40538.06, 8959
40544.58, 8958
40561.36, 8957
40572.47, 8956
40610.55, 8955
40621.76, 8954
40637.16, 8953
40674.07, 8952
40693.09, 8951
40697.88, 8950
40719.71, 8949
40722.4, 8948
40741.62, 8947
40766.05, 8946
40777.7, 8945
40799.94, 8944
40816.66, 8943
40832.02, 8942
40846.51, 8941
40848.27, 8940
40919.2, 8939
40925.86, 8938
40972.15, 8937
40972.26, 8936
40973.6, 8935
41009.58, 8934
41012.25, 8933
41044.1, 8932
41050.8, 8931
41053.51, 8930
41075.52, 8929
41078.22, 8928
41095.3, 8927
41110.32, 8926
41135.15, 8925
41144.13, 8924
41169.34, 8923
41174.76, 8922
41222.43, 8921
41228.27, 8920
41230.6, 8919
41248.28, 8918
41255.78, 8917
41276.34, 8916
41317.61, 8915
41322.09, 8914
41326.2, 8913
41345.48, 8912
41354.21, 8911
41370.06, 8910
41388.37, 8909
41397.76, 8908
41481.86, 8907
41502.22, 8906
41511.03, 8905
41523.33, 8904
41542.6, 8903
41548.25, 8902
41562.73, 8901
41582.36, 8900
41593.72, 8899
41603.33, 8898
41665.15, 8897
41665.29, 8896
41680.75, 8895
41710.42, 8894
41710.78, 8893
41732.82, 8892
41756.51, 8891
41760.47, 8890
41763.17, 8889
41786.32, 8888
41828.66, 8887
41836.31, 8886
41839.01, 8885
41857.88, 8884
41868.52, 8883
41889.13, 8882
41905.69, 8881
41910.0, 8880
41930.73, 8879
41944.24, 8878
41994.61, 8877
42000.44, 8876
42003.15, 8875
42040.41, 8874
42043.82, 8873
42068.42, 8872
42071.86, 8871
42074.55, 8870
42091.59, 8869
42141.02, 8868
42141.12, 8867
42142.84, 8866
42173.9, 8865
42181.1, 8864
42189.73, 8863
42227.85, 8862
42245.18, 8861
42261.47, 8860
42330.99, 8859
42341.86, 8858
42344.49, 8857
42349.44, 8856
42542.28, 8855
42544.97, 8854
42648.32, 8853
42651.8, 8852
42653.66, 8851
42690.49, 8850
42693.16, 8849
42716.86, 8848
42723.2, 8847
42725.83, 8846
42789.79, 8845
42794.21, 8844
42797.12, 8843
42831.47, 8842
42835.64, 8841
42838.39, 8840
42854.05, 8839
42872.19, 8838
42910.32, 8837
42930.32, 8836
42932.98, 8835
42935.65, 8834
42959.67, 8833
42993.14, 8832
42997.02, 8831
43008.96, 8830
43011.59, 8829
43048.29, 8828
43081.57, 8827
43082.03, 8826
43091.66, 8825
43102.68, 8824
43105.38, 8823
43164.01, 8822
43168.91, 8821
43178.21, 8820
43205.43, 8819
43209.95, 8818
43228.72, 8817
43254.79, 8816
43254.88, 8815
43279.13, 8814
43344.68, 8813
43350.42, 8812
43383.3, 8811
43386.08, 8810
43408.12, 8809
43414.03, 8808
43420.55, 8807
43439.05, 8806
43441.6, 8805
43489.47, 8804
43494.08, 8803
43531.0, 8802
43533.7, 8801
43572.6, 8800
43575.35, 8799
43601.93, 8798
43623.73, 8797
43630.64, 8796
43663.04, 8795
43665.75, 8794
43697.43, 8793
43698.77, 8792
43715.66, 8791
43731.15, 8790
43742.97, 8789
43747.35, 8788
43766.67, 8787
43782.81, 8786
43818.82, 8785
43822.23, 8784
43868.63, 8783
43876.26, 8782
43927.06, 8781
43929.7, 8780
43932.43, 8779
43966.2, 8778
43971.44, 8777
43978.08, 8776
43997.49, 8775
44070.6, 8774
44082.37, 8773
44090.36, 8772
44133.57, 8771
44138.32, 8770
44149.78, 8769
44165.6, 8768
44227.72, 8767
44231.03, 8766
44259.3, 8765
44259.41, 8764
44263.63, 8763
44283.17, 8762
44286.04, 8761
44308.63, 8760
44340.42, 8759
44346.47, 8758
44348.27, 8757
44405.72, 8756
44405.85, 8755
44429.9, 8754
44432.66, 8753
44449.26, 8752
44468.9, 8751
44497.2, 8750
44516.94, 8749
44529.57, 8748
44532.49, 8747
44576.9, 8746
44594.84, 8745
44607.37, 8744
44610.18, 8743
44629.68, 8742
44641.01, 8741
44662.82, 8740
44671.69, 8739
44698.55, 8738
44704.47, 8737
44737.79, 8736
44754.47, 8735
44757.22, 8734
44776.41, 8733
44796.07, 8732
44802.25, 8731
44813.82, 8730
44846.54, 8729
44862.87, 8728
44871.86, 8727
44897.05, 8726
44899.75, 8725
44911.63, 8724
44942.57, 8723
44973.51, 8722
44981.82, 8721
45041.93, 8720
45065.28, 8719
45067.98, 8718
45076.92, 8717
45098.39, 8716
45104.06, 8715
45106.79, 8714
45123.49, 8713
45127.32, 8712
45155.58, 8711
45166.51, 8710
45190.3, 8709
45215.52, 8708
45218.23, 8707
45272.6, 8706
45284.63, 8705
45299.96, 8704
45317.58, 8703
45328.54, 8702
45331.39, 8701
45397.43, 8700
45400.11, 8699
45403.12, 8698
45426.59, 8697
45435.25, 8696
45461.03, 8695
45470.01, 8694
45470.05, 8693
45480.19, 8692
45496.89, 8691
45543.53, 8690
45558.47, 8689
45612.0, 8688
45649.93, 8687
45663.44, 8686
45705.01, 8685
45719.8, 8684
45723.48, 8683
45723.49, 8682
45734.35, 8681
45776.71, 8680
45802.66, 8679
45847.36, 8678
45847.55, 8677
45871.54, 8676
45871.65, 8675
45881.66, 8674
45892.11, 8673
45930.1, 8672
45941.04, 8671
46037.96, 8670
46038.06, 8669
46070.62, 8668
46070.73, 8667
46131.04, 8666
46131.09, 8665
46131.11, 8664
46159.35, 8663
46159.41, 8662
46195.32, 8661
46209.91, 8660
46221.02, 8659
46244.16, 8658
46261.42, 8657
46264.26, 8656
46302.99, 8655
46346.0, 8654
46380.29, 8653
46391.26, 8652
46415.81, 8651
46438.57, 8650
46449.95, 8649
46487.07, 8648
46497.05, 8647
46511.65, 8646
46531.48, 8645
46542.64, 8644
46554.1, 8643
46632.04, 8642
46643.97, 8641
46663.08, 8640
46679.17, 8639
46683.7, 8638
46696.63, 8637
46714.04, 8636
46733.77, 8635
46776.41, 8634
46795.35, 8633
46813.71, 8632
46820.97, 8631
46834.97, 8630
46849.51, 8629
46861.09, 8628
46877.09, 8627
46885.16, 8626
46926.52, 8625
46940.0, 8624
46942.67, 8623
46968.43, 8622
46976.69, 8621
46988.32, 8620
47046.83, 8619
47049.62, 8618
47064.97, 8617
47073.06, 8616
47101.72, 8615
47131.07, 8614
47146.81, 8613
47151.13, 8612
47197.42, 8611
47212.72, 8610
47242.13, 8609
47244.85, 8608
47247.58, 8607
47266.33, 8606
47316.27, 8605
47331.36, 8604
47352.67, 8603
47358.27, 8602
47379.18, 8601
47402.07, 8600
47415.64, 8599
47439.67, 8598
47446.73, 8597
47473.63, 8596
47477.66, 8595
47489.83, 8594
47499.91, 8593
47549.6, 8592
47560.27, 8591
47583.97, 8590
47605.83, 8589
47629.08, 8588
47643.05, 8587
47678.76, 8586
47687.94, 8585
47704.52, 8584
47717.07, 8583
47733.68, 8582
47747.23, 8581
47779.56, 8580
47814.31, 8579
47828.25, 8578
47851.0, 8577
47865.57, 8576
47909.11, 8575
47927.83, 8574
47931.38, 8573
47948.04, 8572
47961.18, 8571
47973.99, 8570
48013.29, 8569
48029.59, 8568
48042.83, 8567
48052.84, 8566
48095.78, 8565
48100.71, 8564
48111.53, 8563
48129.53, 8562
48147.59, 8561
48168.78, 8560
48180.98, 8559
48208.31, 8558
48225.12, 8557
48242.35, 8556
48251.94, 8555
48271.17, 8554
48296.72, 8553
48313.27, 8552
48330.43, 8551
48340.08, 8550
48378.35, 8549
48411.02, 8548
48422.18, 8547
48426.62, 8546
48448.78, 8545
48474.17, 8544
48492.78, 8543
48519.56, 8542
48548.65, 8541
48583.3, 8540
48597.07, 8539
48598.74, 8538
48627.15, 8537
48629.83, 8536
48677.09, 8535
48701.92, 8534
48708.6, 8533
48725.89, 8532
48769.01, 8531
48772.5, 8530
48841.62, 8529
48860.39, 8528
48875.75, 8527
48882.69, 8526
48896.68, 8525
48912.45, 8524
48946.47, 8523
48974.86, 8522
49019.17, 8521
49046.6, 8520
49065.65, 8519
49067.9, 8518
49083.16, 8517
49101.34, 8516
49109.7, 8515
49129.47, 8514
49140.62, 8513
49152.88, 8512
49181.15, 8511
49267.82, 8510
49295.67, 8509
49298.37, 8508
49321.11, 8507
49345.09, 8506
49354.18, 8505
49414.56, 8504
49429.95, 8503
49456.73, 8502
49468.38, 8501
49484.35, 8500
49510.8, 8499
49534.5, 8498
49546.09, 8497
49565.93, 8496
49595.3, 8495
49605.04, 8494
49614.07, 8493
49649.84, 8492
49652.6, 8491
49676.54, 8490
49703.44, 8489
49732.17, 8488
49740.92, 8487
49775.75, 8486
49782.62, 8485
49800.69, 8484
49811.87, 8483
49829.18, 8482
49871.43, 8481
49873.41, 8480
49884.6, 8479
49928.93, 8478
49952.67, 8477
49954.34, 8476
49995.54, 8475
50028.24, 8474
50031.48, 8473
50053.25, 8472
50089.76, 8471
50096.64, 8470
50099.3, 8469
50125.62, 8468
50147.0, 8467
50149.69, 8466
50179.92, 8465
50181.37, 8464
50193.64, 8463
50226.44, 8462
50235.71, 8461
50271.11, 8460
50312.69, 8459
50318.77, 8458
50364.39, 8457
50369.67, 8456
50376.49, 8455
50379.28, 8454
50417.02, 8453
50424.43, 8452
50429.14, 8451
50479.79, 8450
50510.22, 8449
50532.49, 8448
50535.19, 8447
50537.96, 8446
50598.56, 8445
50611.28, 8444
50646.99, 8443
50657.69, 8442
50657.78, 8441
50677.43, 8440
50685.55, 8439
50740.76, 8438
50760.27, 8437
50762.93, 8436
50800.81, 8435
50809.31, 8434
50832.14, 8433
50855.25, 8432
50888.6, 8431
50910.77, 8430
50911.91, 8429
50942.38, 8428
50952.38, 8427
50995.98, 8426
51012.5, 8425
51035.39, 8424
51058.18, 8423
51066.58, 8422
51094.6, 8421
51128.32, 8420
51149.95, 8419
51180.03, 8418
51195.1, 8417
51210.64, 8416
51230.28, 8415
51248.0, 8414
51262.83, 8413
51299.92, 8412
51328.59, 8411
51347.53, 8410
51371.45, 8409
51375.67, 8408
51391.75, 8407
51411.62, 8406
51493.71, 8405
51515.39, 8404
51520.57, 8403
51546.66, 8402
51549.36, 8401
51560.78, 8400
51594.62, 8399
51609.33, 8398
51631.61, 8397
51653.25, 8396
51676.98, 8395
51701.0, 8394
51734.94, 8393
51743.5, 8392
51745.49, 8391
51789.63, 8390
51813.98, 8389
51832.32, 8388
51845.35, 8387
51864.93, 8386
51877.94, 8385
51902.43, 8384
51928.21, 8383
51958.86, 8382
52057.47, 8381
52061.63, 8380
52083.95, 8379
52088.29, 8378
52102.47, 8377
52115.64, 8376
52164.38, 8375
52193.25, 8374
52219.98, 8373
52224.32, 8372
52247.0, 8371
52252.18, 8370
52276.46, 8369
52279.27, 8368
52296.12, 8367
52332.05, 8366
52358.03, 8365
52365.01, 8364
52404.88, 8363
52409.21, 8362
52413.25, 8361
52467.5, 8360
52474.16, 8359
52496.1, 8358
52501.59, 8357
52534.95, 8356
52549.07, 8355
52562.94, 8354
52580.24, 8353
52629.61, 8352
52632.38, 8351
52656.59, 8350
52689.74, 8349
52692.39, 8348
52708.69, 8347
52762.01, 8346
52783.79, 8345
52796.55, 8344
52815.02, 8343
52835.75, 8342
52843.43, 8341
52875.79, 8340
52899.64, 8339
52922.16, 8338
52930.03, 8337
52957.46, 8336
52963.92, 8335
52977.03, 8334
53016.8, 8333
53045.23, 8332
53070.29, 8331
53089.87, 8330
53114.08, 8329
53118.57, 8328
53149.48, 8327
53152.31, 8326
53181.61, 8325
53201.35, 8324
53213.43, 8323
53247.92, 8322
53269.22, 8321
53311.09, 8320
53315.87, 8319
53328.64, 8318
53338.6, 8317
53365.94, 8316
53368.61, 8315
53381.56, 8314
53430.48, 8313
53446.98, 8312
53462.61, 8311
53477.4, 8310
53551.01, 8309
53562.41, 8308
53574.51, 8307
53597.11, 8306
53617.31, 8305
53650.96, 8304
53662.01, 8303
53679.02, 8302
53694.25, 8301
53771.09, 8300
53785.21, 8299
53812.52, 8298
53824.24, 8297
53849.9, 8296
53863.48, 8295
53883.72, 8294
53912.87, 8293
53927.61, 8292
53964.71, 8291
53974.26, 8290
54004.99, 8289
54016.39, 8288
54033.86, 8287
54056.02, 8286
54064.04, 8285
54103.07, 8284
54125.06, 8283
54175.43, 8282
54198.9, 8281
54213.11, 8280
54237.16, 8279
54254.16, 8278
54264.42, 8277
54666.93, 8276
54713.76, 8275
54721.33, 8274
54725.49, 8273
54733.75, 8272
54779.53, 8271
54782.84, 8270
54814.08, 8269
54816.82, 8268
54825.97, 8267
54833.97, 8266
54856.9, 8265
54869.0, 8264
54880.22, 8263
54897.4, 8262
54928.86, 8261
54933.86, 8260
54950.69, 8259
54961.0, 8258
54975.0, 8257
54989.93, 8256
55024.11, 8255
55024.16, 8254
55042.72, 8253
55127.62, 8252
55138.75, 8251
55171.86, 8250
55190.74, 8249
55201.75, 8248
55261.12, 8247
55270.58, 8246
55309.45, 8245
55312.5, 8244
55326.57, 8243
55359.77, 8242
55369.03, 8241
55391.13, 8240
55414.51, 8239
55441.02, 8238
55452.51, 8237
55464.04, 8236
55482.96, 8235
55508.66, 8234
55522.77, 8233
55566.36, 8232
55589.52, 8231
55604.54, 8230
55628.54, 8229
55665.56, 8228
55682.74, 8227
55694.11, 8226
55700.9, 8225
55739.91, 8224
55752.02, 8223
55761.83, 8222
55773.78, 8221
55796.11, 8220
55797.57, 8219
55868.53, 8218
55882.58, 8217
55885.25, 8216
55918.65, 8215
55955.16, 8214
55989.81, 8213
55997.42, 8212
56019.67, 8211
56035.2, 8210
56035.31, 8209
56054.84, 8208
56072.71, 8207
56095.5, 8206
56144.42, 8205
56170.71, 8204
56180.31, 8203
56197.82, 8202
56233.01, 8201
56237.43, 8200
56272.52, 8199
56276.91, 8198
56311.57, 8197
56327.76, 8196
56345.78, 8195
56404.06, 8194
56411.75, 8193
56422.79, 8192
56439.29, 8191
56462.4, 8190
56488.25, 8189
56525.81, 8188
56550.01, 8187
56597.25, 8186
56605.0, 8185
56607.58, 8184
56613.16, 8183
56647.21, 8182
56664.41, 8181
56694.76, 8180
56695.32, 8179
56715.44, 8178
56737.01, 8177
56744.36, 8176
56778.36, 8175
56808.43, 8174
56828.7, 8173
56877.21, 8172
56894.36, 8171
56906.68, 8170
56958.15, 8169
56967.8, 8168
56994.89, 8167
57001.93, 8166
57017.35, 8165
57033.81, 8164
57060.16, 8163
57074.88, 8162
57103.0, 8161
57134.06, 8160
57138.0, 8159
57160.2, 8158
57162.28, 8157
57201.15, 8156
57246.64, 8155
57279.48, 8154
57285.85, 8153
57298.06, 8152
57325.58, 8151
57328.25, 8150
57343.98, 8149
57414.42, 8148
57433.45, 8147
57440.2, 8146
57454.88, 8145
57462.03, 8144
57478.58, 8143
57490.46, 8142
57513.07, 8141
57557.79, 8140
57598.14, 8139
57615.96, 8138
57643.04, 8137
57665.52, 8136
57678.13, 8135
57682.15, 8134
57733.65, 8133
57756.8, 8132
57766.24, 8131
57784.19, 8130
57800.67, 8129
57819.3, 8128
57865.67, 8127
57877.26, 8126
57882.06, 8125
57960.93, 8124
57994.64, 8123
57994.69, 8122
57997.99, 8121
58052.66, 8120
58058.35, 8119
58081.81, 8118
58101.94, 8117
58111.11, 8116
58147.43, 8115
58176.49, 8114
58179.18, 8113
58195.1, 8112
58244.65, 8111
58252.3, 8110
58266.77, 8109
58293.34, 8108
58296.2, 8107
58311.28, 8106
58366.73, 8105
58390.88, 8104
58400.88, 8103
58416.18, 8102
58443.61, 8101
58465.23, 8100
58491.83, 8099
58491.95, 8098
58517.95, 8097
58537.16, 8096
58540.93, 8095
58548.1, 8094
58578.28, 8093
58588.89, 8092
58606.9, 8091
58617.61, 8090
58657.54, 8089
58680.89, 8088
58698.75, 8087
58714.53, 8086
58721.3, 8085
58745.29, 8084
58770.64, 8083
58804.44, 8082
58842.91, 8081
58858.8, 8080
58905.74, 8079
58911.64, 8078
58924.44, 8077
58964.96, 8076
58972.38, 8075
59024.52, 8074
59048.48, 8073
59052.62, 8072
59060.71, 8071
59092.8, 8070
59111.06, 8069
59128.12, 8068
59145.29, 8067
59182.8, 8066
59199.19, 8065
59218.36, 8064
59228.43, 8063
59242.16, 8062
59277.26, 8061
59294.56, 8060
59325.18, 8059
59333.18, 8058
59340.55, 8057
59354.06, 8056
59409.1, 8055
59427.62, 8054
59445.6, 8053
59447.37, 8052
59496.5, 8051
59506.55, 8050
59529.34, 8049
59545.82, 8048
59556.36, 8047
59569.22, 8046
59631.33, 8045
59652.48, 8044
59672.36, 8043
59730.71, 8042
59732.97, 8041
59747.91, 8040
59776.9, 8039
59796.42, 8038
59809.85, 8037
59862.73, 8036
59881.57, 8035
59924.0, 8034
59959.82, 8033
59963.15, 8032
59971.62, 8031
59989.69, 8030
59999.4, 8029
60072.05, 8028
60107.52, 8027
60116.16, 8026
60127.76, 8025
60158.83, 8024
60172.45, 8023
60177.13, 8022
60197.04, 8021
60250.56, 8020
60265.71, 8019
60299.05, 8018
60305.45, 8017
60308.27, 8016
60374.66, 8015
60382.1, 8014
60402.68, 8013
60434.53, 8012
60450.59, 8011
60467.95, 8010
60488.9, 8009
60502.37, 8008
60516.24, 8007
60557.96, 8006
60582.28, 8005
60632.15, 8004
60658.53, 8003
60665.53, 8002
60667.9, 8001
60689.18, 8000
60703.49, 7999
60724.34, 7998
60776.05, 7997
