9934.35, 13861
9944.05, 13857
9997.1, 13695
10004.48, 13692
10013.12, 13691
10024.72, 13531
10033.4, 13530
10046.1, 13529
10083.09, 13528
10098.5, 13527
10112.93, 13526
10128.91, 13369
10138.14, 13367
10164.6, 13366
10224.8, 13365
10235.5, 13364
10246.46, 13363
10262.21, 13362
10288.56, 13209
10297.65, 13206
10329.97, 13205
10336.9, 13204
10350.5, 13203
10375.02, 13202
10386.0, 13201
10392.39, 13200
10405.74, 13199
10424.41, 13051
10434.42, 13047
10444.67, 13045
10450.58, 13044
10459.8, 13043
10503.35, 13042
10510.34, 13041
10518.41, 13040
10530.73, 13039
10540.73, 13038
10584.77, 13037
10622.74, 12895
10634.03, 12890
10640.09, 12887
10663.17, 12886
10706.15, 12884
10710.35, 12883
10720.71, 12882
10726.08, 12881
10733.67, 12880
10749.77, 12879
10770.56, 12878
10773.57, 12877
10785.67, 12876
10819.58, 12741
10828.82, 12735
10840.51, 12731
10849.22, 12730
10858.52, 12729
10868.03, 12727
10881.12, 12726
10896.25, 12725
10900.96, 12724
10903.96, 12723
10960.39, 12722
10963.11, 12721
10966.31, 12720
11004.43, 12719
11019.02, 12718
11030.81, 12717
11035.46, 12716
11053.94, 12589
11060.29, 12582
11075.78, 12577
11079.84, 12576
11093.79, 12574
11123.89, 12572
11142.9, 12571
11145.85, 12570
11187.92, 12569
11190.85, 12568
11193.85, 12567
11218.9, 12566
11227.95, 12565
11242.83, 12564
11246.08, 12563
11262.71, 12562
11283.23, 12561
11286.18, 12560
11308.39, 12559
11311.38, 12558
11314.28, 12557
11343.82, 12439
11351.07, 12431
11353.99, 12425
11385.78, 12424
11386.94, 12421
11405.19, 12419
11420.15, 12418
11448.52, 12416
11454.02, 12415
11468.91, 12414
11483.56, 12413
11539.94, 12412
11544.76, 12411
11551.69, 12410
11558.09, 12409
11574.75, 12408
11582.95, 12407
11604.7, 12406
11607.58, 12405
11620.26, 12404
11629.96, 12403
11638.69, 12402
11650.13, 12401
11674.04, 12400
11678.35, 12399
11707.72, 12291
11712.7, 12282
11724.99, 12275
11736.55, 12274
11748.14, 12270
11769.48, 12268
11772.05, 12267
11774.95, 12264
11789.98, 12263
11799.98, 12262
11802.8, 12261
11822.84, 12260
11828.08, 12259
11843.6, 12258
11847.39, 12257
11855.61, 12256
11866.54, 12255
11913.32, 12254
11936.08, 12253
11939.81, 12252
11977.11, 12251
11980.35, 12250
11998.29, 12249
12003.49, 12248
12006.28, 12247
12018.06, 12246
12036.84, 12245
12039.12, 12244
12085.16, 12243
12088.34, 12242
12114.02, 12145
12116.6, 12135
12140.89, 12127
12147.12, 12126
12149.0, 12121
12187.22, 12119
12190.22, 12118
12193.28, 12117
12222.79, 12114
12225.65, 12113
12240.44, 12112
12244.74, 12111
12263.91, 12109
12266.7, 12108
12283.12, 12107
12286.07, 12106
12288.91, 12105
12308.67, 12104
12330.14, 12103
12340.52, 12102
12343.36, 12101
12355.55, 12100
12375.01, 12099
12391.09, 12098
12396.53, 12097
12399.31, 12096
12427.88, 12095
12430.83, 12094
12448.17, 12093
12490.69, 12092
12494.74, 12091
12551.02, 12090
12560.25, 12089
12563.23, 12088
12575.16, 12087
12584.47, 12086
12634.03, 12001
12646.07, 11990
12652.72, 11981
12663.47, 11980
12673.66, 11974
12682.89, 11972
12698.75, 11971
12726.79, 11969
12734.04, 11966
12750.52, 11965
12761.15, 11964
12777.93, 11963
12793.4, 11962
12798.9, 11960
12810.56, 11959
12839.06, 11958
12846.69, 11957
12856.52, 11956
12885.91, 11954
12907.56, 11953
12931.62, 11952
12934.72, 11951
12942.83, 11950
12958.36, 11949
12966.56, 11948
12979.46, 11947
12985.5, 11946
12994.59, 11945
13022.74, 11944
13035.26, 11943
13052.11, 11942
13072.04, 11941
13092.99, 11940
13101.02, 11939
13115.58, 11938
13144.66, 11937
13149.37, 11936
13158.06, 11935
13179.88, 11934
13192.27, 11933
13203.36, 11932
13222.64, 11931
13255.86, 11859
13279.95, 11847
13284.42, 11837
13289.36, 11836
13305.66, 11829
13311.2, 11827
13323.95, 11826
13360.03, 11823
13364.47, 11820
13383.67, 11819
13386.6, 11818
13414.1, 11817
13445.88, 11815
13460.43, 11813
13471.94, 11812
13486.85, 11811
13489.6, 11810
13503.37, 11809
13528.92, 11808
13532.94, 11806
13548.94, 11805
13568.76, 11804
13591.27, 11803
13594.26, 11802
13614.36, 11801
13626.7, 11800
13644.29, 11799
13662.89, 11798
13671.45, 11797
13685.94, 11796
13712.31, 11795
13719.57, 11794
13741.84, 11793
13743.36, 11792
13764.12, 11791
13781.52, 11790
13791.25, 11789
13816.32, 11788
13840.46, 11787
13845.46, 11786
13875.69, 11785
13878.85, 11784
13881.78, 11783
13892.4, 11782
13905.36, 11781
13935.54, 11780
13939.69, 11779
13957.86, 11778
13996.69, 11719
14010.34, 11706
14018.31, 11695
14026.14, 11694
14036.5, 11686
14052.62, 11684
14053.55, 11683
14074.57, 11679
14086.38, 11676
14103.45, 11675
14135.13, 11674
14140.56, 11673
14171.61, 11670
14179.34, 11668
14195.79, 11667
14201.53, 11666
14206.77, 11665
14224.28, 11664
14227.51, 11663
14243.78, 11662
14260.59, 11660
14275.55, 11659
14288.75, 11658
14294.61, 11657
14325.4, 11656
14328.24, 11655
14365.08, 11654
14391.05, 11653
14394.11, 11652
14426.59, 11651
14444.68, 11650
14447.78, 11649
14465.09, 11648
14474.99, 11647
15180.72, 11646
15183.52, 11645
15211.41, 11644
15216.9, 11643
15220.45, 11642
15240.34, 11641
15243.67, 11640
15252.71, 11639
15255.62, 11638
15270.42, 11637
15290.84, 11636
15296.59, 11635
15305.51, 11634
15322.76, 11633
15336.91, 11632
15347.38, 11631
15364.51, 11630
15379.1, 11629
15390.64, 11628
15405.57, 11627
15423.89, 11626
15453.68, 11581
15463.48, 11567
15475.81, 11555
15494.63, 11554
15508.12, 11545
15515.21, 11543
15524.92, 11542
15552.1, 11537
15558.21, 11534
15567.67, 11533
15594.18, 11532
15613.08, 11531
15642.18, 11527
15655.7, 11525
15657.83, 11524
15686.05, 11523
15695.46, 11522
15712.41, 11521
15740.33, 11520
15784.22, 11519
15787.21, 11518
15794.39, 11516
15814.44, 11515
15817.65, 11514
15832.2, 11513
15852.36, 11512
15869.38, 11511
15892.25, 11510
15906.4, 11509
15923.97, 11508
15938.57, 11507
15950.32, 11506
15953.27, 11505
15965.21, 11504
15973.43, 11503
16007.7, 11502
16012.32, 11501
16045.0, 11500
16054.27, 11499
16057.18, 11498
16080.99, 11497
16106.04, 11496
16115.16, 11495
16135.69, 11494
16138.21, 11493
16141.44, 11492
16155.48, 11491
16181.09, 11490
16200.23, 11489
16221.64, 11488
16236.71, 11487
16262.88, 11486
16276.61, 11485
16298.3, 11484
16319.89, 11483
16355.3, 11482
16358.02, 11481
16374.75, 11480
16378.77, 11479
16397.09, 11478
16421.54, 11477
16429.76, 11476
16472.1, 11475
16472.35, 11474
16481.01, 11473
16489.41, 11472
16548.04, 11445
16551.11, 11430
16569.68, 11417
16578.79, 11416
16588.98, 11406
16605.63, 11404
16638.73, 11403
16664.73, 11397
16669.59, 11394
16677.43, 11393
16680.51, 11392
16685.78, 11391
16711.34, 11390
16739.16, 11386
16817.27, 11384
16826.07, 11383
16834.82, 11382
16844.73, 11381
16850.94, 11380
16857.18, 11379
16887.19, 11377
16891.53, 11376
16916.6, 11374
16934.44, 11373
16964.03, 11372
16971.35, 11371
16993.57, 11370
17023.68, 11368
17053.4, 11367
17090.49, 11366
17093.59, 11365
17104.72, 11364
17116.62, 11363
17124.75, 11362
17138.52, 11361
17148.41, 11360
17160.59, 11359
17190.48, 11358
17223.38, 11357
17232.91, 11356
17236.85, 11355
17243.78, 11354
17286.83, 11353
17312.03, 11352
17340.56, 11351
17340.66, 11350
17349.65, 11349
17356.61, 11348
17365.24, 11347
17376.24, 11346
17394.75, 11345
17402.33, 11344
17410.75, 11343
17433.15, 11342
17470.39, 11341
17486.4, 11340
17502.8, 11339
17517.89, 11338
17530.25, 11337
17551.46, 11336
17565.27, 11335
17592.38, 11334
17619.76, 11333
17648.92, 11332
17664.47, 11331
17684.66, 11330
17692.2, 11329
17702.64, 11328
17720.93, 11327
17725.53, 11326
17737.57, 11325
17754.34, 11324
17775.48, 11323
17786.58, 11322
17810.98, 11321
17845.29, 11311
17886.45, 11295
17894.2, 11281
17909.83, 11280
17934.44, 11269
17946.35, 11267
17952.42, 11266
17970.16, 11259
17988.6, 11256
18004.77, 11255
18009.39, 11254
18013.61, 11253
18041.44, 11251
18041.55, 11247
18054.05, 11245
18086.98, 11244
18087.04, 11243
18098.91, 11242
18114.88, 11241
18121.71, 11240
18163.68, 11237
18182.26, 11236
18188.37, 11234
18211.09, 11233
18214.86, 11232
18217.88, 11231
18243.79, 11230
18296.61, 11229
18306.13, 11227
18319.08, 11226
18330.84, 11225
18342.12, 11224
18361.68, 11223
18363.15, 11222
18374.13, 11221
18400.11, 11220
18414.89, 11219
18452.1, 11218
18470.69, 11217
18493.54, 11216
18505.59, 11215
18511.73, 11214
18532.41, 11213
18555.95, 11212
18567.29, 11211
18590.45, 11210
18597.87, 11209
18641.09, 11208
18649.41, 11207
18656.35, 11206
18677.3, 11205
18686.37, 11204
18719.16, 11203
18731.26, 11202
18763.58, 11201
18774.63, 11200
18790.75, 11199
18805.31, 11198
18816.6, 11197
18831.67, 11196
18885.05, 11195
18903.04, 11194
18906.35, 11193
18925.59, 11192
18948.36, 11191
18956.56, 11190
18989.52, 11189
18992.53, 11188
19016.6, 11187
19033.75, 11186
19039.37, 11185
19061.74, 11184
19090.98, 11183
19099.62, 11182
19113.43, 11181
19136.31, 11180
19143.14, 11179
19166.14, 11178
19169.32, 11177
19199.21, 11176
19210.61, 11175
19233.5, 11174
19247.54, 11173
19264.67, 11172
19276.4, 11171
19333.42, 11162
19348.41, 11147
19348.43, 11146
19371.39, 11134
19374.32, 11132
19378.24, 11131
19398.04, 11123
19398.07, 11120
19413.37, 11119
19422.31, 11118
19432.35, 11117
19446.39, 11114
19449.55, 11110
19459.87, 11108
19477.06, 11107
19482.01, 11106
19487.15, 11105
19497.31, 11104
19514.3, 11103
19530.76, 11102
19545.0, 11099
19563.73, 11098
19574.51, 11096
19575.03, 11095
19590.29, 11094
19612.36, 11093
19615.64, 11092
19668.24, 11091
19685.06, 11090
19700.8, 11088
19705.81, 11087
19718.54, 11086
19744.13, 11085
19748.1, 11084
19778.81, 11083
19798.53, 11082
19798.57, 11081
19804.3, 11080
19836.71, 11079
19850.69, 11078
19871.55, 11077
19894.7, 11076
19894.79, 11075
19898.58, 11074
19908.33, 11073
19925.74, 11072
19933.0, 11071
19955.86, 11070
19964.32, 11069
19987.92, 11068
20022.4, 11067
20028.34, 11066
20055.06, 11065
20091.96, 11064
20095.82, 11063
20099.18, 11062
20111.23, 11061
20127.1, 11060
20145.27, 11059
20168.6, 11058
20183.68, 11057
20209.82, 11056
20218.98, 11055
20226.56, 11054
20235.66, 11053
20261.27, 11052
20262.26, 11051
20278.23, 11050
20289.03, 11049
20302.7, 11048
20307.35, 11047
20334.75, 11046
20342.38, 11045
20360.62, 11044
20367.37, 11043
20383.75, 11042
20386.85, 11041
20409.54, 11040
20457.78, 11039
20462.89, 11038
20516.15, 11037
20522.34, 11036
20535.26, 11035
20550.96, 11034
20568.1, 11033
20584.91, 11032
20651.18, 11031
20652.52, 11030
20667.02, 11029
20670.07, 11028
20679.55, 11027
20695.11, 11026
20718.63, 11025
20723.61, 11024
20727.19, 11023
20739.44, 11022
20833.17, 11015
20839.27, 11014
20853.27, 11001
20859.22, 10999
20863.1, 10998
20886.39, 10989
20891.38, 10986
20906.73, 10985
20912.11, 10984
20914.86, 10983
20964.96, 10979
20976.39, 10975
20992.22, 10973
20995.04, 10972
21023.72, 10971
21035.91, 10970
21035.95, 10969
21052.42, 10968
21067.72, 10966
21097.92, 10963
21102.74, 10962
21120.61, 10960
21125.06, 10959
21149.71, 10958
21152.94, 10957
21187.66, 10956
21214.32, 10955
21232.49, 10954
21249.43, 10953
21249.55, 10951
21263.23, 10950
21268.21, 10949
21284.79, 10948
21287.82, 10947
21305.37, 10946
21311.2, 10945
21314.51, 10944
21329.25, 10943
21384.83, 10942
21391.63, 10941
21415.83, 10940
21421.54, 10939
21446.47, 10938
21455.06, 10937
21476.19, 10936
21491.07, 10935
21495.32, 10934
21505.62, 10933
21532.78, 10932
21549.16, 10931
21567.44, 10930
21570.02, 10929
21605.41, 10928
21623.1, 10927
21626.03, 10926
21669.71, 10925
21680.42, 10924
21685.13, 10923
21701.24, 10922
21716.93, 10921
21734.65, 10920
21751.74, 10919
21757.74, 10918
21772.45, 10917
21777.44, 10916
21785.77, 10915
21800.54, 10914
21821.8, 10913
21832.21, 10912
21842.74, 10911
21853.48, 10910
21895.87, 10909
21946.92, 10908
21957.63, 10907
21964.42, 10906
21981.34, 10905
22011.14, 10904
22025.69, 10903
22029.02, 10902
22043.46, 10901
22052.81, 10900
22064.19, 10899
22106.31, 10898
22120.21, 10897
22125.03, 10896
22149.64, 10895
22159.2, 10894
22165.92, 10893
22190.88, 10892
22202.58, 10891
22245.49, 10890
22255.09, 10889
22261.53, 10888
22294.87, 10887
22312.43, 10886
22316.79, 10885
22338.9, 10884
22378.14, 10883
22394.64, 10882
22399.77, 10881
22426.67, 10880
22489.52, 10879
22489.54, 10878
22493.41, 10877
22531.18, 10876
22539.45, 10875
22598.19, 10870
22613.05, 10868
22618.62, 10867
22635.12, 10857
22637.34, 10854
22652.68, 10853
22666.36, 10852
22686.29, 10851
22693.15, 10846
22702.16, 10842
22771.98, 10840
22779.24, 10839
22786.93, 10838
22794.44, 10837
22810.29, 10836
22822.01, 10835
22834.96, 10832
22845.1, 10829
22856.13, 10828
22872.11, 10826
22894.93, 10825
22894.95, 10824
22911.14, 10823
22920.35, 10822
22941.55, 10820
22957.2, 10819
22981.69, 10818
22984.31, 10816
22997.25, 10815
23025.77, 10814
23040.2, 10813
23067.82, 10812
23106.97, 10811
23114.97, 10810
23115.0, 10809
23126.89, 10808
23169.11, 10807
23185.48, 10806
23219.23, 10805
23222.43, 10804
23227.71, 10803
23259.61, 10802
23259.64, 10801
23266.37, 10800
23276.57, 10799
23285.83, 10798
23293.58, 10797
23318.43, 10796
23364.91, 10795
23374.88, 10794
23392.7, 10793
23401.82, 10792
23442.87, 10791
23448.69, 10790
23473.87, 10789
23493.49, 10788
23505.37, 10787
23506.88, 10786
23524.9, 10785
23539.46, 10784
23590.61, 10783
23596.62, 10782
23612.36, 10781
23625.66, 10780
23638.52, 10779
23638.61, 10778
23656.04, 10777
23659.2, 10776
23672.03, 10775
23692.8, 10774
23696.11, 10773
23721.39, 10772
23734.06, 10771
23746.69, 10770
23756.69, 10769
23766.06, 10768
23775.71, 10767
23907.12, 10766
23923.2, 10765
23942.95, 10764
23952.16, 10763
23961.04, 10762
23973.49, 10761
23982.7, 10760
23991.85, 10759
24007.85, 10758
24027.76, 10757
24036.79, 10756
24045.98, 10755
24058.06, 10754
24067.32, 10753
24076.76, 10752
24104.08, 10751
24113.6, 10750
24122.65, 10749
24135.34, 10748
24144.79, 10747
24153.98, 10746
24175.95, 10745
24185.7, 10744
24198.84, 10743
24208.3, 10742
24218.05, 10741
24233.62, 10740
24247.82, 10739
24257.25, 10738
24266.94, 10737
24285.45, 10736
24294.97, 10735
24304.73, 10734
24317.3, 10733
24327.53, 10732
24337.58, 10731
24354.15, 10730
24364.55, 10729
24375.16, 10728
24385.06, 10727
24428.84, 10724
24439.0, 10723
24447.25, 10722
24455.21, 10721
24469.06, 10715
24477.46, 10711
24487.19, 10709
24495.29, 10708
24505.97, 10707
24513.6, 10706
24521.53, 10705
24529.8, 10704
24547.75, 10700
24558.07, 10697
24566.36, 10696
24578.19, 10694
24586.3, 10693
24596.45, 10692
24604.46, 10691
24612.49, 10690
24630.49, 10687
24638.24, 10686
24649.51, 10685
24870.34, 10683
24873.52, 10682
24878.72, 10681
24883.13, 10680
24891.58, 10679
24903.36, 10678
24910.93, 10677
24920.86, 10676
24930.25, 10675
24955.4, 10674
24967.54, 10673
24975.37, 10672
24988.02, 10671
25000.84, 10670
25005.63, 10669
25022.8, 10668
25033.1, 10667
25040.06, 10666
25052.72, 10665
25060.42, 10664
25068.95, 10663
25089.01, 10662
25100.79, 10661
25109.78, 10660
25121.0, 10659
25131.94, 10658
25137.52, 10657
25153.68, 10656
25162.49, 10655
25170.55, 10654
25184.59, 10653
25190.53, 10652
25200.21, 10651
25210.45, 10650
25219.3, 10649
25243.27, 10648
25251.84, 10647
25261.07, 10646
25277.61, 10645
25285.49, 10644
25293.95, 10643
25306.5, 10642
25316.54, 10641
25322.63, 10640
25336.64, 10639
25359.2, 10638
25364.45, 10637
25372.9, 10636
25391.88, 10635
25397.7, 10634
25410.63, 10633
25418.24, 10632
25426.38, 10631
25436.82, 10630
25464.43, 10629
25469.75, 10628
25485.93, 10627
25499.06, 10626
25508.54, 10625
25518.25, 10624
25529.82, 10623
25538.51, 10622
25544.58, 10621
25569.41, 10620
25579.15, 10619
25595.84, 10618
25614.65, 10617
25622.6, 10616
25636.85, 10615
25644.27, 10614
25656.31, 10613
25670.95, 10612
25690.04, 10611
25704.05, 10610
25709.73, 10609
25721.01, 10608
25739.28, 10607
25742.07, 10606
25775.17, 10605
25780.1, 10604
25790.55, 10603
25813.6, 10602
25815.84, 10601
25829.38, 10600
25857.31, 10599
25866.09, 10598
25882.64, 10597
25901.61, 10596
25904.6, 10595
25922.32, 10594
25946.46, 10593
25961.01, 10592
25972.56, 10591
25992.36, 10590
26001.24, 10589
26019.16, 10588
26024.78, 10587
26042.81, 10586
26055.16, 10585
26071.51, 10584
26088.84, 10583
26105.66, 10582
26150.36, 10580
26162.98, 10579
26174.89, 10578
26195.12, 10577
26199.41, 10576
26205.57, 10575
26237.24, 10570
26255.43, 10567
26265.96, 10566
26287.15, 10564
26291.06, 10563
26299.48, 10562
26313.25, 10561
26323.17, 10560
26355.7, 10556
26360.08, 10555
26380.5, 10554
26390.85, 10552
26401.22, 10551
26420.03, 10550
26438.03, 10549
26446.57, 10548
26456.3, 10547
26469.26, 10546
26480.54, 10545
26496.47, 10544
26519.24, 10542
26532.33, 10541
26548.84, 10540
26567.43, 10539
26582.76, 10538
26590.03, 10537
26614.87, 10536
26624.29, 10535
26631.22, 10534
26649.59, 10533
26657.14, 10532
26670.9, 10531
26706.25, 10530
26719.84, 10529
26726.6, 10528
26741.63, 10527
26750.75, 10526
26762.36, 10525
26769.96, 10524
26809.47, 10523
26815.42, 10522
26822.29, 10521
26839.61, 10520
26846.51, 10519
26857.49, 10518
26868.71, 10517
26878.47, 10516
26905.31, 10515
26921.13, 10514
26929.5, 10513
26936.64, 10512
26953.22, 10511
26963.46, 10510
26975.24, 10509
27006.38, 10508
27016.59, 10507
27031.63, 10506
27047.66, 10505
27069.17, 10504
27091.41, 10503
27096.04, 10502
27113.28, 10501
27131.89, 10500
27138.55, 10499
27149.14, 10498
27158.89, 10497
27179.39, 10496
27188.79, 10495
27217.95, 10494
27230.16, 10493
27240.94, 10492
27252.81, 10491
27274.14, 10490
27299.07, 10489
27310.01, 10488
27327.39, 10487
27334.94, 10486
27354.01, 10485
27363.54, 10484
27395.04, 10483
27398.31, 10482
27417.77, 10481
27436.41, 10480
27446.08, 10479
27461.34, 10478
27478.53, 10477
27484.92, 10476
27511.71, 10475
27539.57, 10474
27565.71, 10473
27573.53, 10472
27587.04, 10471
27599.84, 10470
27612.45, 10469
27623.43, 10468
27647.25, 10467
27670.1, 10466
27689.26, 10465
27692.16, 10464
27714.17, 10463
27724.3, 10462
27732.38, 10461
27766.64, 10460
27775.58, 10459
27788.29, 10458
27805.24, 10457
27835.42, 10456
27851.1, 10455
27873.68, 10454
27889.62, 10453
27898.74, 10452
27915.17, 10451
27925.82, 10450
27945.17, 10449
27968.96, 10448
27976.68, 10447
27993.87, 10446
28016.94, 10445
28020.39, 10444
28029.0, 10443
28077.72, 10442
28080.67, 10441
28094.03, 10440
28123.02, 10439
28126.32, 10438
28155.82, 10437
28158.68, 10436
28199.23, 10435
28211.84, 10434
28222.9, 10433
28234.07, 10432
28246.82, 10431
28256.49, 10427
28275.32, 10426
28290.73, 10425
28320.22, 10423
28325.6, 10422
28328.76, 10421
28342.92, 10420
28350.6, 10419
28354.06, 10418
28372.42, 10417
28376.82, 10416
28404.74, 10415
28409.93, 10414
28432.18, 10412
28435.14, 10411
28456.26, 10410
28459.17, 10409
28479.96, 10408
28513.83, 10407
28522.48, 10406
28525.41, 10405
28540.06, 10404
28552.53, 10403
28555.4, 10402
28577.88, 10401
28587.85, 10400
28607.11, 10399
28618.12, 10398
28633.45, 10397
28658.71, 10396
28672.63, 10395
28677.16, 10394
28691.17, 10393
28705.95, 10392
28709.37, 10391
28727.4, 10390
28737.32, 10389
28740.29, 10388
28767.24, 10387
28770.21, 10386
28811.15, 10385
28814.9, 10384
28824.54, 10383
28844.16, 10382
28852.78, 10381
28867.04, 10380
28891.21, 10379
28895.82, 10378
28918.77, 10377
28921.75, 10376
28947.39, 10375
28950.3, 10374
28972.95, 10373
28979.46, 10372
28999.67, 10371
29002.59, 10370
29016.39, 10369
29020.13, 10368
29043.41, 10367
29067.31, 10366
29071.39, 10365
29078.88, 10364
29093.01, 10363
29097.85, 10362
29124.92, 10361
29146.16, 10360
29167.54, 10359
29173.29, 10358
29176.82, 10357
29201.68, 10356
29204.58, 10355
29224.81, 10354
29251.92, 10353
29263.31, 10352
29275.94, 10351
29289.86, 10350
29328.19, 10349
29337.09, 10348
29348.09, 10347
29361.19, 10346
29375.66, 10345
29383.71, 10344
29399.91, 10343
29404.47, 10342
29418.94, 10341
29455.45, 10340
29458.3, 10339
29492.62, 10338
29497.02, 10337
29499.88, 10336
29519.35, 10335
29522.22, 10334
29542.93, 10333
29547.02, 10332
29573.06, 10331
29577.33, 10330
29598.86, 10329
29601.75, 10328
29623.36, 10327
29626.32, 10326
29644.27, 10325
29647.21, 10324
29669.86, 10323
29697.09, 10322
29704.12, 10321
29714.69, 10320
29732.77, 10319
29742.34, 10318
29765.08, 10317
29806.8, 10316
29811.09, 10315
29822.56, 10314
29850.34, 10313
29856.02, 10312
29858.85, 10311
29890.57, 10310
29893.48, 10309
29907.19, 10308
29924.06, 10307
29928.19, 10306
29947.95, 10305
29964.06, 10304
29976.09, 10303
29983.33, 10302
30011.28, 10301
30019.02, 10300
30038.78, 10299
30043.89, 10298
30073.63, 10297
30076.59, 10296
30091.73, 10295
30096.77, 10294
30113.14, 10293
30125.39, 10292
30172.69, 10291
30183.56, 10290
30186.52, 10289
30196.73, 10288
30230.95, 10286
30253.74, 10284
30255.68, 10283
30277.32, 10282
30281.97, 10281
30283.17, 10280
30308.07, 10279
30314.02, 10278
30316.11, 10277
30333.84, 10276
30338.16, 10275
30354.38, 10274
30359.85, 10273
30412.65, 10271
30415.63, 10270
30418.53, 10269
30433.65, 10268
30445.61, 10267
30459.54, 10266
30466.32, 10265
30469.27, 10264
30495.88, 10263
30500.08, 10262
30523.34, 10261
30526.28, 10260
30540.69, 10259
30557.65, 10258
30593.67, 10257
30597.92, 10256
30620.69, 10255
30631.83, 10254
30652.19, 10253
30661.64, 10252
30664.49, 10251
30681.02, 10250
30701.55, 10249
30706.76, 10248
30720.95, 10247
30731.95, 10246
30734.84, 10245
30749.41, 10244
30764.67, 10243
30787.6, 10242
30793.41, 10241
30820.22, 10240
30850.62, 10239
30856.38, 10238
30883.13, 10237
30884.99, 10236
30896.68, 10235
30899.58, 10234
30927.08, 10233
30930.09, 10232
30941.24, 10231
30999.88, 10230
31002.68, 10229
31005.55, 10228
31025.75, 10227
31043.37, 10226
31046.34, 10225
31051.24, 10224
31062.94, 10223
31073.66, 10222
31108.91, 10221
31113.27, 10220
31146.25, 10219
31149.2, 10218
31168.25, 10217
31189.5, 10216
31194.68, 10215
31203.13, 10214
31223.34, 10213
31235.01, 10212
31256.85, 10211
31260.84, 10210
31268.39, 10209
31284.79, 10208
31316.62, 10207
31321.27, 10206
31340.29, 10205
31347.66, 10204
31381.85, 10203
31384.51, 10202
31396.01, 10201
31409.55, 10200
31415.07, 10199
31440.69, 10198
31453.4, 10197
31460.99, 10196
31478.7, 10195
31493.26, 10194
31500.08, 10193
31517.17, 10192
31520.13, 10191
31553.42, 10190
31558.93, 10189
31577.86, 10188
31580.73, 10187
31610.28, 10186
31620.58, 10185
31644.18, 10184
31674.38, 10183
31700.45, 10182
31705.78, 10181
31728.0, 10180
31758.06, 10179
31765.11, 10178
31780.71, 10177
31786.26, 10176
31809.18, 10175
31814.98, 10174
31876.34, 10173
31879.21, 10172
31896.58, 10171
31906.2, 10170
31922.2, 10169
31941.24, 10168
31971.49, 10167
31975.45, 10166
31999.11, 10165
32019.66, 10164
32037.27, 10163
32044.73, 10162
32071.06, 10161
32082.84, 10160
32097.06, 10159
32132.39, 10158
32135.34, 10157
32149.58, 10156
32175.42, 10155
32196.67, 10154
32222.28, 10153
32241.18, 10152
32261.63, 10151
32264.71, 10150
32267.61, 10149
32331.64, 10148
32340.44, 10147
32362.21, 10146
32388.89, 10144
32394.42, 10143
32411.73, 10142
32417.19, 10141
32426.65, 10140
32450.01, 10139
32452.89, 10138
32455.75, 10137
32477.24, 10136
32492.51, 10135
32498.96, 10134
32518.96, 10133
32522.03, 10132
32535.37, 10131
32538.23, 10130
32559.34, 10129
32584.19, 10128
32587.33, 10127
32613.91, 10126
32618.55, 10125
32636.76, 10124
32639.72, 10123
32648.71, 10122
32666.45, 10121
32684.95, 10120
32687.82, 10119
32712.18, 10118
32716.96, 10117
32729.5, 10116
32754.82, 10115
32792.09, 10114
32797.72, 10113
32804.8, 10112
32819.02, 10111
32836.3, 10110
32859.94, 10109
32864.45, 10108
32887.87, 10107
32907.16, 10106
32916.47, 10105
32919.42, 10104
32926.93, 10103
32957.35, 10102
33007.12, 10101
33014.67, 10100
33023.95, 10099
33039.68, 10098
33062.72, 10097
33070.04, 10096
33074.12, 10095
33113.28, 10094
33124.21, 10093
33140.98, 10092
33155.24, 10091
33158.14, 10090
33173.22, 10089
33191.8, 10088
33221.0, 10087
33226.78, 10086
33242.41, 10085
33259.09, 10084
33279.39, 10083
33298.49, 10082
33308.47, 10081
33318.78, 10080
33342.85, 10079
33353.01, 10078
33355.92, 10077
33388.58, 10076
33417.56, 10075
33427.03, 10074
33438.6, 10073
33628.67, 10072
33633.29, 10071
33634.56, 10070
33646.39, 10069
33657.71, 10068
33677.86, 10067
33687.85, 10066
33710.6, 10065
33739.87, 10064
33754.85, 10063
33757.78, 10062
33770.42, 10061
33779.39, 10060
33789.78, 10059
33806.61, 10058
33823.39, 10057
33828.09, 10056
33870.25, 10055
33873.18, 10054
33887.7, 10053
33914.5, 10052
33920.05, 10051
33945.42, 10050
33949.91, 10049
33972.06, 10048
33983.4, 10047
34021.77, 10046
34034.82, 10045
34073.29, 10044
34082.15, 10043
34113.46, 10042
34119.3, 10041
34142.66, 10040
34154.3, 10039
34169.48, 10038
34185.54, 10037
34196.72, 10036
34199.74, 10035
34229.77, 10034
34235.96, 10033
34247.94, 10032
34281.43, 10031
34286.22, 10030
34300.83, 10029
34313.81, 10028
34329.53, 10027
34334.09, 10026
34382.54, 10025
34394.25, 10024
34419.39, 10023
34438.41, 10022
34453.5, 10021
34494.87, 10020
34520.9, 10019
34540.02, 10018
34546.62, 10017
34580.52, 10016
34585.85, 10015
34588.72, 10014
34600.69, 10013
34621.52, 10012
34625.15, 10011
34640.6, 10010
34664.77, 10009
34666.76, 10008
34679.36, 10007
34807.87, 10006
34816.73, 10005
34826.23, 10004
34839.59, 10003
34848.9, 10002
34876.62, 10001
34896.01, 10000
34916.39, 9999
34921.4, 9998
34933.13, 9997
34953.51, 9996
34973.6, 9995
34993.08, 9994
35002.94, 9993
35009.11, 9992
35043.63, 9991
35047.4, 9990
35061.19, 9989
35079.32, 9988
35091.1, 9987
35102.56, 9986
35112.94, 9985
35125.76, 9984
35148.07, 9983
35154.49, 9982
35201.7, 9981
35211.12, 9980
35224.32, 9979
35225.48, 9978
35258.47, 9977
35260.76, 9976
35269.48, 9975
35296.51, 9974
35320.03, 9973
35328.27, 9972
35328.59, 9971
35353.89, 9970
35374.27, 9969
35393.98, 9968
35406.82, 9967
35436.17, 9966
35439.14, 9965
35446.16, 9964
35473.7, 9963
35478.87, 9962
35497.01, 9961
35507.86, 9960
35541.94, 9959
35556.12, 9958
35569.58, 9957
35599.99, 9956
35617.76, 9955
35620.93, 9954
35642.12, 9953
35652.42, 9952
35662.79, 9951
35669.97, 9950
35684.0, 9949
35688.99, 9948
35723.47, 9947
35726.37, 9946
35747.56, 9945
35752.46, 9944
35766.83, 9943
35771.58, 9942
35815.09, 9941
35831.64, 9940
35846.22, 9939
35870.23, 9938
35870.27, 9937
35878.07, 9936
35905.21, 9935
35923.2, 9934
35939.96, 9933
35940.16, 9932
35951.28, 9931
35971.63, 9930
35976.91, 9929
35984.92, 9928
36009.45, 9927
36031.73, 9926
36039.56, 9925
36084.63, 9924
36106.74, 9923
36119.38, 9922
36140.0, 9921
36167.2, 9920
36170.88, 9919
36194.6, 9918
36199.49, 9917
36205.5, 9916
36216.45, 9915
36259.24, 9914
36271.09, 9913
36285.99, 9912
36320.76, 9911
36339.94, 9910
36342.81, 9909
36375.5, 9908
36378.43, 9907
36394.43, 9906
36437.8, 9905
36443.23, 9904
36467.87, 9903
36492.56, 9902
36507.54, 9901
36518.29, 9900
36525.95, 9899
36541.5, 9898
36573.2, 9897
36593.5, 9896
36601.05, 9895
36618.34, 9894
36628.09, 9893
36656.03, 9892
36660.72, 9891
36708.0, 9890
36710.93, 9889
36723.22, 9888
36754.06, 9887
36759.48, 9886
36772.02, 9885
36819.04, 9884
36824.02, 9883
36841.42, 9882
36866.12, 9881
36894.13, 9880
36917.13, 9879
36929.94, 9878
36943.4, 9877
36949.89, 9876
36961.34, 9875
36974.69, 9874
36989.32, 9873
37019.89, 9872
37036.87, 9871
37045.43, 9870
37075.73, 9869
37104.34, 9868
37128.52, 9867
37155.9, 9866
37202.47, 9865
37231.68, 9864
37244.33, 9863
37272.75, 9862
37282.63, 9861
37289.39, 9860
37307.99, 9859
37324.7, 9858
37337.26, 9857
37356.16, 9856
37364.26, 9855
37374.77, 9854
37397.62, 9853
37402.01, 9852
37410.16, 9851
37431.15, 9850
37487.04, 9849
37503.28, 9848
37509.14, 9847
37526.16, 9846
37544.64, 9845
37555.3, 9844
37573.44, 9843
37595.46, 9842
37598.55, 9841
37607.27, 9840
37626.49, 9839
37636.51, 9838
37639.56, 9837
37652.17, 9836
37674.52, 9835
37677.37, 9834
37722.67, 9833
37734.5, 9832
37737.47, 9831
37750.26, 9830
37781.9, 9829
37785.55, 9828
37800.4, 9827
37819.35, 9826
37822.14, 9825
37831.78, 9824
37841.03, 9823
37864.4, 9822
37867.66, 9821
37911.13, 9820
37926.35, 9819
37935.69, 9818
37956.6, 9817
37967.33, 9816
37993.4, 9815
38011.64, 9814
38052.22, 9813
38063.95, 9812
38080.82, 9811
38091.69, 9810
38109.92, 9809
38114.27, 9808
38155.71, 9807
38165.27, 9806
38186.3, 9805
38205.38, 9804
38208.15, 9803
38217.85, 9802
38250.2, 9801
38252.24, 9800
38272.91, 9799
38299.33, 9798
38315.73, 9797
38319.93, 9796
38350.26, 9795
38375.15, 9794
38401.47, 9793
38406.0, 9792
38426.41, 9791
38443.51, 9790
38461.16, 9789
38464.07, 9788
38483.47, 9787
38487.74, 9786
38490.42, 9785
38525.62, 9784
38540.92, 9783
38546.72, 9782
38560.44, 9781
38583.35, 9780
38594.42, 9779
38597.9, 9778
38613.3, 9777
38622.12, 9776
38639.68, 9775
38661.86, 9774
38682.58, 9773
38690.0, 9772
38713.41, 9771
38743.35, 9770
38746.28, 9769
38759.26, 9768
38804.52, 9767
38834.72, 9766
38890.69, 9765
38894.91, 9764
38925.43, 9763
38943.22, 9762
38965.51, 9761
38974.64, 9760
38995.0, 9759
39008.68, 9758
39047.7, 9757
39083.4, 9756
39094.96, 9755
39100.78, 9754
39122.97, 9753
39126.89, 9752
39144.55, 9751
39169.71, 9750
39184.84, 9749
39189.44, 9748
39213.41, 9747
39216.27, 9746
39219.29, 9745
39252.97, 9744
39258.17, 9743
39290.48, 9742
39323.49, 9741
39342.46, 9740
39355.35, 9739
39382.43, 9738
39385.45, 9737
39394.73, 9736
39437.08, 9735
39468.84, 9734
39484.86, 9733
39501.64, 9732
39504.47, 9731
39519.62, 9730
39549.4, 9729
39552.25, 9728
39571.97, 9727
39574.58, 9726
39658.67, 9725
39662.76, 9724
39670.87, 9723
39684.59, 9722
39711.93, 9721
39731.64, 9720
39737.03, 9719
39754.95, 9718
39757.78, 9717
39771.13, 9716
39790.29, 9715
39793.13, 9714
39799.77, 9713
39823.71, 9712
39844.56, 9711
39847.28, 9710
39871.54, 9709
39884.72, 9708
39897.65, 9707
39919.74, 9706
39924.88, 9705
39942.96, 9704
39946.73, 9703
39963.06, 9702
39989.19, 9701
39993.43, 9700
39996.29, 9699
40064.97, 9698
40084.78, 9697
40098.8, 9696
40122.19, 9695
40144.85, 9694
40147.52, 9693
40167.58, 9692
40170.47, 9691
40181.31, 9690
40194.42, 9689
40206.69, 9688
40259.27, 9687
40264.12, 9686
40266.55, 9685
40303.16, 9684
40306.05, 9683
40327.78, 9682
40368.66, 9681
40379.73, 9680
40406.8, 9679
40428.14, 9678
40441.56, 9677
40493.5, 9676
40497.03, 9675
40516.58, 9674
40528.03, 9673
40539.66, 9672
40553.64, 9671
40566.67, 9670
40575.94, 9669
40609.05, 9668
40618.73, 9667
40640.16, 9666
40669.73, 9665
40674.37, 9664
40701.76, 9663
40751.65, 9662
40760.22, 9661
40763.8, 9660
40792.9, 9659
40825.55, 9658
40826.93, 9657
40834.69, 9656
40857.58, 9655
40870.18, 9654
40872.27, 9653
40895.0, 9652
40916.25, 9651
40941.17, 9650
40959.93, 9649
40994.7, 9648
41000.73, 9647
41021.22, 9646
41050.53, 9645
41082.59, 9644
41091.76, 9643
41102.29, 9642
41132.75, 9641
41153.46, 9640
41167.73, 9639
41198.21, 9638
41207.38, 9637
41217.36, 9636
41255.65, 9635
41258.48, 9634
41302.31, 9633
41323.2, 9632
41326.08, 9631
41340.06, 9630
41349.4, 9629
41383.42, 9628
41386.61, 9627
41404.86, 9626
41426.52, 9625
41443.61, 9624
41456.24, 9623
41471.05, 9622
41479.47, 9621
41489.29, 9620
41499.5, 9619
41539.99, 9618
41546.09, 9617
41567.52, 9616
41571.54, 9615
41624.47, 9614
41627.19, 9613
41642.57, 9612
41691.79, 9611
41709.98, 9610
41714.28, 9609
41736.52, 9608
41740.5, 9607
41767.26, 9606
41770.16, 9605
41802.6, 9604
41815.92, 9603
41833.35, 9602
41860.15, 9601
41879.88, 9600
41900.15, 9599
41910.04, 9598
41924.56, 9597
41956.43, 9596
41973.04, 9595
41995.86, 9594
42006.75, 9593
42023.42, 9592
42040.33, 9591
42059.03, 9590
42062.76, 9589
42081.93, 9588
42089.8, 9587
42166.11, 9586
42168.33, 9585
42176.62, 9584
42187.84, 9583
42199.25, 9582
42212.05, 9581
42225.63, 9580
42228.46, 9579
42261.05, 9578
42263.83, 9577
42277.61, 9576
42290.7, 9575
42306.66, 9574
42332.12, 9573
42380.1, 9572
42382.93, 9571
42392.61, 9570
42414.42, 9569
42418.1, 9568
42452.88, 9567
42458.0, 9566
42465.04, 9565
42484.24, 9564
42499.44, 9563
42528.74, 9562
42546.65, 9561
42562.58, 9560
42586.58, 9559
42601.23, 9558
42641.49, 9557
42646.21, 9556
42662.04, 9555
42664.88, 9554
42689.9, 9553
42694.39, 9552
42722.65, 9551
42725.24, 9550
42764.77, 9549
42775.02, 9548
42798.53, 9547
42800.8, 9546
42818.95, 9545
42830.67, 9544
42866.79, 9543
42885.36, 9542
42919.39, 9541
42922.17, 9540
42939.83, 9539
42956.04, 9538
42984.16, 9537
42987.05, 9536
43005.98, 9535
43008.85, 9534
43027.41, 9533
43037.99, 9532
43052.79, 9531
43081.36, 9530
43097.63, 9529
43119.33, 9528
43135.71, 9527
43162.73, 9526
43173.04, 9525
43196.78, 9524
43212.35, 9523
43226.27, 9522
43253.82, 9521
43267.45, 9520
43270.97, 9519
43321.41, 9518
43324.15, 9517
43360.95, 9516
43377.68, 9515
43388.22, 9514
43403.76, 9513
43413.89, 9512
43427.6, 9511
43437.18, 9510
43449.24, 9509
43458.73, 9508
43491.31, 9507
43510.86, 9506
43523.14, 9505
43548.25, 9504
43564.1, 9503
43573.84, 9502
43584.97, 9501
43604.14, 9500
43624.21, 9499
43637.8, 9498
43700.04, 9497
43710.46, 9496
43727.22, 9495
43787.51, 9494
43800.18, 9493
43810.67, 9492
43825.11, 9491
43838.32, 9490
43854.97, 9489
43880.51, 9488
43893.44, 9487
43937.95, 9486
43955.18, 9485
43979.75, 9484
44396.03, 9483
44424.77, 9482
44427.57, 9481
44430.56, 9480
44472.46, 9479
44480.74, 9478
44497.36, 9477
44501.27, 9476
44504.77, 9475
44531.11, 9474
44533.66, 9473
44570.55, 9472
44572.26, 9471
44590.81, 9470
44607.92, 9469
44610.9, 9468
44644.26, 9467
44649.35, 9466
44669.52, 9465
44672.42, 9464
44685.73, 9463
44741.33, 9462
44744.23, 9461
44751.04, 9460
44767.73, 9459
44787.27, 9458
44824.85, 9457
44827.7, 9456
44856.92, 9455
44877.9, 9454
44894.9, 9453
44913.59, 9452
44928.84, 9451
44950.87, 9450
44964.03, 9449
45055.66, 9448
45067.32, 9447
45086.14, 9446
45106.23, 9445
45139.99, 9444
45145.89, 9443
45159.52, 9442
45178.14, 9441
45195.27, 9440
45210.39, 9439
45245.15, 9438
45248.07, 9437
45269.29, 9436
45297.54, 9435
45314.17, 9434
45335.82, 9433
45362.45, 9432
45369.5, 9431
45370.74, 9430
45385.86, 9429
45401.93, 9428
45429.54, 9427
45445.83, 9426
45459.3, 9425
45476.06, 9424
45499.14, 9423
45507.87, 9422
45540.84, 9421
45594.21, 9420
45624.96, 9419
45630.47, 9418
45646.73, 9417
45658.42, 9416
45678.84, 9415
45689.28, 9414
45697.16, 9413
45729.01, 9412
45744.52, 9411
45757.01, 9410
45782.46, 9409
45785.97, 9408
45809.28, 9407
45852.2, 9406
45873.22, 9405
45886.15, 9404
45889.17, 9403
45910.59, 9402
45913.46, 9401
45939.49, 9400
45966.64, 9399
45968.18, 9398
45983.82, 9397
46005.38, 9396
46037.59, 9395
46058.22, 9394
46078.04, 9393
46108.99, 9392
46111.17, 9391
46140.47, 9390
46149.13, 9389
46157.2, 9388
46191.56, 9387
46207.74, 9386
46225.72, 9385
46291.34, 9384
46291.43, 9383
46291.83, 9382
46300.59, 9381
46325.59, 9380
46373.27, 9379
46397.85, 9378
46458.58, 9377
46470.91, 9376
46473.77, 9375
46504.52, 9374
46532.14, 9373
46540.67, 9372
46555.24, 9371
46599.37, 9370
46601.62, 9369
46621.67, 9368
46636.26, 9367
46685.3, 9366
46685.75, 9365
46695.56, 9364
46708.46, 9363
46732.56, 9362
46746.8, 9361
46794.91, 9360
46799.31, 9359
46812.69, 9358
46833.33, 9357
46854.05, 9356
46875.38, 9355
46891.12, 9354
46910.76, 9353
46926.85, 9352
46959.87, 9351
46980.89, 9350
47017.08, 9349
47025.74, 9348
47045.94, 9347
47048.99, 9346
47059.53, 9345
47079.83, 9344
47110.32, 9343
47151.65, 9342
47156.79, 9341
47167.87, 9340
47192.93, 9339
47195.83, 9338
47210.36, 9337
47286.86, 9336
47320.93, 9335
47335.57, 9334
47368.97, 9333
47374.84, 9332
47405.31, 9331
47438.75, 9330
47448.95, 9329
47468.69, 9328
47482.98, 9327
47490.08, 9326
47511.01, 9325
47560.07, 9324
47571.89, 9323
47574.7, 9322
47603.0, 9321
47611.05, 9320
47635.69, 9319
47665.34, 9318
47688.71, 9317
47691.34, 9316
47721.94, 9315
47740.3, 9314
47746.53, 9313
47757.34, 9312
47886.54, 9311
47897.08, 9310
47911.0, 9309
47929.01, 9308
47939.48, 9307
47951.48, 9306
47967.09, 9305
47994.34, 9304
48004.98, 9303
48018.16, 9302
48049.5, 9301
48078.53, 9300
48117.85, 9299
48131.4, 9298
48158.06, 9297
48160.82, 9296
48176.34, 9295
48187.99, 9294
48201.27, 9293
48217.43, 9292
48225.34, 9291
48246.72, 9290
48314.27, 9289
48314.38, 9288
48334.95, 9287
48361.68, 9286
48367.54, 9285
48405.33, 9284
48436.83, 9283
48447.66, 9282
48461.15, 9281
48487.93, 9280
48506.77, 9279
48524.95, 9278
48531.51, 9277
48558.55, 9276
48590.85, 9275
48603.37, 9274
48631.29, 9273
48631.31, 9272
48642.98, 9271
48706.48, 9270
48723.57, 9269
48737.65, 9268
48761.27, 9267
48776.0, 9266
48796.94, 9265
48805.12, 9264
48858.06, 9263
48863.37, 9262
48889.11, 9261
48891.42, 9260
48904.41, 9259
48907.54, 9258
48935.02, 9257
48947.92, 9256
48962.17, 9255
49001.1, 9254
49005.55, 9253
49046.83, 9252
49069.88, 9251
49073.91, 9250
49087.68, 9249
49106.11, 9248
49116.98, 9247
49130.68, 9246
49170.85, 9245
49200.93, 9244
49211.38, 9243
49218.04, 9242
49220.81, 9241
49291.57, 9240
49313.28, 9239
49326.1, 9238
49336.93, 9237
49349.61, 9236
49366.14, 9235
49415.75, 9234
49428.77, 9233
49448.47, 9232
49469.03, 9231
49498.46, 9230
49502.85, 9229
49516.11, 9228
49529.87, 9227
49548.83, 9226
49559.39, 9225
49609.33, 9224
49619.92, 9223
49635.83, 9222
49651.94, 9221
49668.77, 9220
49673.08, 9219
49697.8, 9218
49700.65, 9217
49732.73, 9216
49735.57, 9215
49749.42, 9214
49778.71, 9213
49781.48, 9212
49797.59, 9211
49802.8, 9210
49823.58, 9209
49827.31, 9208
49899.35, 9207
49956.59, 9206
49961.01, 9205
49963.84, 9204
49999.05, 9203
49999.35, 9202
50040.82, 9201
50079.45, 9200
50094.99, 9199
50109.95, 9198
50146.12, 9197
50164.71, 9196
50166.15, 9195
50216.56, 9194
50219.02, 9193
50246.32, 9192
50249.54, 9191
50270.88, 9190
50281.64, 9189
50308.96, 9188
50313.59, 9187
50353.38, 9186
50368.69, 9185
50373.06, 9184
50389.46, 9183
50430.48, 9182
50451.05, 9181
50484.07, 9180
50501.73, 9179
50531.85, 9178
50551.26, 9177
50614.32, 9176
50631.46, 9175
50645.27, 9174
50656.0, 9173
50686.01, 9172
50690.42, 9171
50699.07, 9170
50712.89, 9169
50770.03, 9168
50801.39, 9167
50804.18, 9166
50825.28, 9165
50859.13, 9164
50873.63, 9163
50874.72, 9162
50892.77, 9161
50895.67, 9160
50916.26, 9159
50926.15, 9158
50940.05, 9157
50945.44, 9156
50983.83, 9155
50985.22, 9154
50998.8, 9153
51007.69, 9152
51043.91, 9151
51060.95, 9150
51135.49, 9149
51164.25, 9148
51168.09, 9147
51194.63, 9146
51216.36, 9145
51241.33, 9144
51244.1, 9143
51282.68, 9142
51310.4, 9141
51316.73, 9140
51319.49, 9139
51334.32, 9138
51346.93, 9137
51365.79, 9136
51420.2, 9135
51443.36, 9134
51467.66, 9133
51470.7, 9132
51487.52, 9131
51491.87, 9130
51507.69, 9129
51541.0, 9128
51543.87, 9127
51553.3, 9126
51570.45, 9125
51583.66, 9124
51610.49, 9123
51647.94, 9122
51678.19, 9121
51696.88, 9120
51713.62, 9119
51728.73, 9118
51737.91, 9117
51767.18, 9116
51770.01, 9115
51782.83, 9114
51808.84, 9113
51812.7, 9112
51839.4, 9111
51887.04, 9110
51905.31, 9109
51947.52, 9108
51951.9, 9107
51967.4, 9106
51983.98, 9105
51997.82, 9104
52014.21, 9103
52035.75, 9102
52037.49, 9101
52049.97, 9100
52091.92, 9099
52094.96, 9098
52121.97, 9097
52124.77, 9096
52166.58, 9095
52169.46, 9094
52182.76, 9093
52197.53, 9092
52207.23, 9091
52217.62, 9090
52248.6, 9089
52269.32, 9088
52294.03, 9087
52296.96, 9086
52312.89, 9085
52323.7, 9084
52356.7, 9083
52368.95, 9082
52395.53, 9081
52427.83, 9080
52460.62, 9079
52520.27, 9078
52535.26, 9077
52547.56, 9076
52572.9, 9075
52578.5, 9074
52596.49, 9073
52653.83, 9072
52690.06, 9071
52723.92, 9070
52726.74, 9069
52744.02, 9068
52767.82, 9067
52779.62, 9066
52807.49, 9065
52834.09, 9064
52856.69, 9063
52879.64, 9062
52882.49, 9061
52892.18, 9060
52929.05, 9059
52933.19, 9058
52970.84, 9057
52980.77, 9056
53022.94, 9055
53056.56, 9054
53061.43, 9053
53072.3, 9052
53096.23, 9051
53153.61, 9050
53172.69, 9049
53190.41, 9048
53219.93, 9047
53230.38, 9046
53238.3, 9045
53267.02, 9044
53298.4, 9043
53316.43, 9042
53319.27, 9041
53447.15, 9040
53457.26, 9039
53469.86, 9038
53485.1, 9037
53533.7, 9036
53537.8, 9035
53566.6, 9034
53573.52, 9033
53586.79, 9032
53596.72, 9031
53672.18, 9030
53688.94, 9029
53699.71, 9028
53705.34, 9027
53716.61, 9026
53733.66, 9025
53746.73, 9024
53759.17, 9023
53766.97, 9022
53812.79, 9021
53839.7, 9020
53846.13, 9019
53860.61, 9018
53869.32, 9017
53882.15, 9016
53958.15, 9015
53961.32, 9014
53980.26, 9013
54004.76, 9012
54048.98, 9011
54059.26, 9010
54074.29, 9009
54087.67, 9008
54118.3, 9007
54148.18, 9006
54167.1, 9005
54184.62, 9004
54193.42, 9003
54197.42, 9002
54258.93, 9001
54275.44, 9000
54281.23, 8999
54290.81, 8998
54338.91, 8997
54362.94, 8996
54390.57, 8995
54415.53, 8994
54426.3, 8993
54433.84, 8992
54452.63, 8991
54465.54, 8990
54473.05, 8989
54502.47, 8988
54511.11, 8987
54527.6, 8986
54566.21, 8985
54566.26, 8984
54579.02, 8983
54640.49, 8982
54650.98, 8981
54657.08, 8980
54675.98, 8979
54689.58, 8978
54692.47, 8977
54727.87, 8976
54788.07, 8975
54796.68, 8974
54800.15, 8973
54816.99, 8972
54860.48, 8971
54871.57, 8970
54890.58, 8969
54918.05, 8968
54936.89, 8967
54954.89, 8966
54973.91, 8965
55054.1, 8964
55081.12, 8963
55082.93, 8962
55099.38, 8961
55107.7, 8960
55133.08, 8959
55151.13, 8958
55185.86, 8957
55206.42, 8956
55274.24, 8955
55288.72, 8954
55304.24, 8953
55337.97, 8952
55339.88, 8951
55355.96, 8950
55368.28, 8949
55383.03, 8948
55386.06, 8947
55419.25, 8946
55436.73, 8945
55473.58, 8944
55506.66, 8943
55524.11, 8942
55539.89, 8941
55557.49, 8940
55592.81, 8939
55607.57, 8938
55620.95, 8937
55640.85, 8936
55656.89, 8935
55664.14, 8934
55675.79, 8933
55693.95, 8932
55724.22, 8931
55756.57, 8930
55781.11, 8929
55793.69, 8928
55828.64, 8927
55863.07, 8926
55907.67, 8925
55909.99, 8924
55934.55, 8923
55938.47, 8922
55956.92, 8921
55988.52, 8920
56032.49, 8919
56040.28, 8918
56047.46, 8917
56132.77, 8916
56143.29, 8915
56161.8, 8914
56190.13, 8913
56193.35, 8912
56203.19, 8911
56223.34, 8910
56234.24, 8909
56255.28, 8908
56344.48, 8907
56359.23, 8906
56370.9, 8905
56379.79, 8904
56417.31, 8903
56420.35, 8902
56430.17, 8901
56484.87, 8900
56491.73, 8899
56497.2, 8898
56563.74, 8897
56571.09, 8896
56591.61, 8895
56815.81, 8894
56816.44, 8893
56824.35, 8892
56852.73, 8891
56872.29, 8890
56875.0, 8889
56887.36, 8888
56943.26, 8887
56943.34, 8886
56956.07, 8885
56958.95, 8884
56990.23, 8883
57014.15, 8882
57027.8, 8881
57052.03, 8880
57069.24, 8879
57087.24, 8878
57109.28, 8877
57138.1, 8876
57138.15, 8875
57170.5, 8874
57188.58, 8873
57191.36, 8872
57224.15, 8871
57224.2, 8870
57251.01, 8869
57321.67, 8868
57370.53, 8867
57374.47, 8866
57382.6, 8865
57409.17, 8864
57418.03, 8863
57470.04, 8862
57487.86, 8861
57490.71, 8860
57497.49, 8859
57513.95, 8858
57522.03, 8857
57536.63, 8856
57574.22, 8855
57576.89, 8854
57597.06, 8853
57613.07, 8852
57625.27, 8851
57638.62, 8850
57656.64, 8849
57687.64, 8848
57708.16, 8847
57713.67, 8846
57724.63, 8845
57734.95, 8844
57751.59, 8843
57835.69, 8842
57864.21, 8841
57885.23, 8840
57888.88, 8839
57937.64, 8838
57948.85, 8837
57951.89, 8836
57969.83, 8835
57991.31, 8834
57997.92, 8833
58059.66, 8832
58102.71, 8831
58107.44, 8830
58120.3, 8829
58139.5, 8828
58147.88, 8827
58160.79, 8826
58207.59, 8825
58233.33, 8824
58249.68, 8823
58299.7, 8822
58318.81, 8821
58321.77, 8820
58355.87, 8819
58363.43, 8818
58372.17, 8817
58397.28, 8816
58417.65, 8815
58431.57, 8814
58471.62, 8813
58481.74, 8812
58496.86, 8811
58532.69, 8810
58556.09, 8809
58568.57, 8808
58575.95, 8807
58588.1, 8806
58608.51, 8805
58651.95, 8804
58654.89, 8803
58718.28, 8802
58720.62, 8801
58737.16, 8800
58739.92, 8799
58825.04, 8798
58846.62, 8797
58863.86, 8796
58874.76, 8795
58881.54, 8794
58890.76, 8793
58932.12, 8792
58947.7, 8791
58980.48, 8790
58994.88, 8789
59003.81, 8788
59049.12, 8787
59072.9, 8786
59075.28, 8785
59100.43, 8784
59135.97, 8783
59153.14, 8782
59160.55, 8781
59185.73, 8780
59193.66, 8779
59213.32, 8778
59233.51, 8777
59263.69, 8776
59380.82, 8775
59398.0, 8774
59435.64, 8773
59435.73, 8772
59457.47, 8771
59460.5, 8770
59481.58, 8769
59486.07, 8768
59501.92, 8767
59532.28, 8766
59628.89, 8765
59632.33, 8764
59643.43, 8763
59648.32, 8762
59665.93, 8761
59684.13, 8760
59711.97, 8759
59711.99, 8758
59726.38, 8757
59744.44, 8756
59760.92, 8755
59763.59, 8754
59819.89, 8753
59869.97, 8752
59875.04, 8751
59877.89, 8750
59897.42, 8749
59916.18, 8748
59922.44, 8747
59944.27, 8746
59976.61, 8745
59979.59, 8744
60036.88, 8743
60084.77, 8742
60089.09, 8741
60105.56, 8740
60131.88, 8739
60140.34, 8738
60147.02, 8737
60219.33, 8736
60241.96, 8735
60244.65, 8734
60294.63, 8733
60302.33, 8732
60336.54, 8731
60336.6, 8730
60355.38, 8729
60358.18, 8728
60381.57, 8727
60416.34, 8726
60419.34, 8725
60489.72, 8724
60492.63, 8723
60500.47, 8722
60516.91, 8721
60536.81, 8720
60546.88, 8719
60560.8, 8718
60597.5, 8717
60614.51, 8716
60637.0, 8715
60641.43, 8714
60659.96, 8713
60674.18, 8712
60721.03, 8711
60747.54, 8710
60780.13, 8709
60784.03, 8708
60796.26, 8707
60831.94, 8706
60838.09, 8705
60852.59, 8704
60865.88, 8703
60873.51, 8702
60900.93, 8701
60927.24, 8700
60955.43, 8699
60968.83, 8698
60973.45, 8697
61007.65, 8696
61036.66, 8695
61039.42, 8694
61085.05, 8693
61089.59, 8692
61126.14, 8691
61161.36, 8690
61166.67, 8689
61192.43, 8688
61208.54, 8687
61225.66, 8686
61246.34, 8685
61269.86, 8684
61272.73, 8683
61275.56, 8682
61341.76, 8681
61347.44, 8680
